
Local   <-->  Central with FullDuplex channel

+----------------------------------------------------------------------------------------------+
|TASK     ACTION        FROM    TO      DATA    SIZE      SEQUENCE NUMBER       TIME STAMP     |
+----------------------------------------------------------------------------------------------+
[Local]   SENDING 		To 2	Data "	Size 24	  Sequence Number 1	(50 us)
[Local]   SENDING 		To 2	Data %	Size 24	  Sequence Number 2	(192100 us)
LOG 218050 us Sab1 ORIGINAL Packet: 0
LOG 218050 us Sab1 000011101001101111010110101111001000000000000000000000000000000010000000000000000000000000000000010000000000000000000000000000001000000000000000000000000000000001000100000000000000000000000000
LOG 218050 us Sab1 CORRUPTED Packet: 0
LOG 218050 us Sab1 000011101001101111010110101111001000000000000000000000000000000010000000000000000000000000000000010000000000000000000000000000001000000000000000000000000000000001000100000000000000000000000000
[Central]  RECEIVED 	From 1		Data "	Size 24	  Sequence Number 1	(218050 us)
[Central]  SENDING 		To 1	ACK 	Size 24	  Sequence Number 1	(218050 us)
LOG 410100 us Sab1 ORIGINAL Packet: 1
LOG 410100 us Sab1 000011101001101111010110101111001000000000000000000000000000000010000000000000000000000000000000010000000000000000000000000000000100000000000000000000000000000010100100000000000000000000000000
LOG 410100 us Sab1 CORRUPTED Packet: 1
LOG 410100 us Sab1 000011101001101111010110101111001000000000000000000000000000000010000000000000000000000000000000010000000000000000000000000000000100000000000000000000000000000010100100000000000000000000000000
[Central]  RECEIVED 	From 1		Data %	Size 24	  Sequence Number 2	(410100 us)
[Central]  SENDING 		To 1	ACK 	Size 24	  Sequence Number 2	(410100 us)
[Local]   RECEIVED 	From 2		ACK 	Size 24	  Sequence Number 1	(411050 us)

		RTT of packet with SN 1 : 411050 us
		BASE : 2	NEXTSN : 3


		@@@@ timeout 1@@@@
		nextSNTemp : 5, nextSN : 1

[Local]   RECEIVED 	From 2		ACK 	Size 24	  Sequence Number 2	(603100 us)

		RTT of packet with SN 2 : 411 ms
		BASE : 3	NEXTSN : 3


		@@@@ timeout 3@@@@
		nextSNTemp : 7, nextSN : 3

[Local]   SENDING 		To 2	Data *	Size 24	  Sequence Number 3	(603100 us)
[Local]   SENDING 		To 2	Data &	Size 24	  Sequence Number 4	(795150 us)
LOG 821100 us Sab1 ORIGINAL Packet: 4
LOG 821100 us Sab1 000011101001101111010110101111001000000000000000000000000000000010000000000000000000000000000000010000000000000000000000000000001100000000000000000000000000000001010100000000000000000000000000
LOG 821100 us Sab1 CORRUPTED Packet: 4
LOG 821100 us Sab1 000011101001101111010110101111001000000000000000000000000000000010000000000000000000000000000000010000000000000000000000000000001100000000000000000000000000000001010100000000000000000000000000
[Central]  RECEIVED 	From 1		Data *	Size 24	  Sequence Number 3	(821100 us)
[Central]  SENDING 		To 1	ACK 	Size 24	  Sequence Number 3	(821100 us)
[Local]   SENDING 		To 2	Data "	Size 24	  Sequence Number 5	(987200 us)
LOG 1013150 us Sab1 ORIGINAL Packet: 5
LOG 1013150 us Sab1 000011101001101111010110101111001000000000000000000000000000000010000000000000000000000000000000010000000000000000000000000000000010000000000000000000000000000001100100000000000000000000000000
LOG 1013150 us Sab1 CORRUPTED Packet: 5
LOG 1013150 us Sab1 000011101001101111010110101111001000000000000000000000000000000010000000000000000000000000000000010000000000000000000000000000000010000000000000000000000000000001100100000000000000000000000000
[Central]  RECEIVED 	From 1		Data &	Size 24	  Sequence Number 4	(1013150 us)
[Central]  SENDING 		To 1	ACK 	Size 24	  Sequence Number 4	(1013150 us)
[Local]   RECEIVED 	From 2		ACK 	Size 24	  Sequence Number 3	(1014100 us)

		RTT of packet with SN 3 : 411 ms
		BASE : 4	NEXTSN : 6

[Local]   SENDING 		To 2	Data #	Size 24	  Sequence Number 6	(1179250 us)
LOG 1205200 us Sab1 ORIGINAL Packet: 7
LOG 1205200 us Sab1 000011101001101111010110101111001000000000000000000000000000000010000000000000000000000000000000010000000000000000000000000000001010000000000000000000000000000001000100000000000000000000000000
LOG 1205200 us Sab1 CORRUPTED Packet: 7
LOG 1205200 us Sab1 000011101001101111010110101111001000000000000000000000000000000010000000000000000000000000000000010000000000000000000000000000001010000000000000000000000000000001000100000000000000000000000000
[Central]  RECEIVED 	From 1		Data "	Size 24	  Sequence Number 5	(1205200 us)
[Central]  SENDING 		To 1	ACK 	Size 24	  Sequence Number 5	(1205200 us)
[Local]   RECEIVED 	From 2		ACK 	Size 24	  Sequence Number 4	(1206150 us)

		RTT of packet with SN 4 : 411 ms
		BASE : 5	NEXTSN : 7

[Local]   SENDING 		To 2	Data "	Size 24	  Sequence Number 7	(1371300 us)
LOG 1397250 us Sab1 ORIGINAL Packet: 9
LOG 1397250 us Sab1 000011101001101111010110101111001000000000000000000000000000000010000000000000000000000000000000010000000000000000000000000000000110000000000000000000000000000011000100000000000000000000000000
LOG 1397250 us Sab1 CORRUPTED Packet: 9
LOG 1397250 us Sab1 000011101001101111010110101111001000000000000000000000000000000010000000000000000000000000000000010000000000000000000000000000000110000000000000000000000000000011000100000000000000000000000000
[Central]  RECEIVED 	From 1		Data #	Size 24	  Sequence Number 6	(1397250 us)
[Central]  SENDING 		To 1	ACK 	Size 24	  Sequence Number 6	(1397250 us)
[Local]   RECEIVED 	From 2		ACK 	Size 24	  Sequence Number 5	(1398200 us)

		RTT of packet with SN 5 : 411 ms
		BASE : 6	NEXTSN : 8

[Local]   SENDING 		To 2	Data $	Size 24	  Sequence Number 8	(1563350 us)
LOG 1589300 us Sab1 ORIGINAL Packet: 11
LOG 1589300 us Sab1 000011101001101111010110101111001000000000000000000000000000000010000000000000000000000000000000010000000000000000000000000000001110000000000000000000000000000001000100000000000000000000000000
LOG 1589300 us Sab1 CORRUPTED Packet: 11
LOG 1589300 us Sab1 000011101001101111010110101111001000000000000000000000000000000010000000000000000000000000000000010000000000000000000000000000001110000000000000000000000000000001000100000000000000000000000000
[Central]  RECEIVED 	From 1		Data "	Size 24	  Sequence Number 7	(1589300 us)
[Central]  SENDING 		To 1	ACK 	Size 24	  Sequence Number 7	(1589300 us)
[Local]   RECEIVED 	From 2		ACK 	Size 24	  Sequence Number 6	(1590250 us)

		RTT of packet with SN 6 : 411 ms
		BASE : 7	NEXTSN : 9

LOG 1781350 us Sab1 ORIGINAL Packet: 13
LOG 1781350 us Sab1 000011101001101111010110101111001000000000000000000000000000000010000000000000000000000000000000010000000000000000000000000000000001000000000000000000000000000000100100000000000000000000000000
LOG 1781350 us Sab1 CORRUPTED Packet: 13
LOG 1781350 us Sab1 000011101001101111010110101111001000000000000000000000000000000010000000000000000000000000000000010000000000000000000000000000000001000000000000000000000000000000100100000000000000000000000000
[Central]  RECEIVED 	From 1		Data $	Size 24	  Sequence Number 8	(1781350 us)
[Central]  SENDING 		To 1	ACK 	Size 24	  Sequence Number 8	(1781350 us)
[Local]   RECEIVED 	From 2		ACK 	Size 24	  Sequence Number 7	(1782300 us)

		RTT of packet with SN 7 : 411 ms
		BASE : 8	NEXTSN : 9


		@@@@ timeout 1@@@@
		nextSNTemp : 5, nextSN : 1

[Local]   RECEIVED 	From 2		ACK 	Size 24	  Sequence Number 8	(1974350 us)

		RTT of packet with SN 8 : 411 ms
		BASE : 9	NEXTSN : 9


		@@@@ timeout 9@@@@
		nextSNTemp : 13, nextSN : 9

[Local]   SENDING 		To 2	Data #	Size 24	  Sequence Number 9	(1974350 us)
[Local]   SENDING 		To 2	Data '	Size 24	  Sequence Number 10	(2166400 us)
LOG 2192350 us Sab1 ORIGINAL Packet: 16
LOG 2192350 us Sab1 000011101001101111010110101111001000000000000000000000000000000010000000000000000000000000000000010000000000000000000000000000001001000000000000000000000000000011000100000000000000000000000000
LOG 2192350 us Sab1 CORRUPTED Packet: 16
LOG 2192350 us Sab1 000011101001101111010110101111001000000000000000000000000000000010000000000000000000000000000000010000000000000000000000000000001001000000000000000000000000000011000100000000000000000000000000
[Central]  RECEIVED 	From 1		Data #	Size 24	  Sequence Number 9	(2192350 us)
[Central]  SENDING 		To 1	ACK 	Size 24	  Sequence Number 9	(2192350 us)
[Local]   SENDING 		To 2	Data ,	Size 24	  Sequence Number 11	(2358450 us)
LOG 2384400 us Sab1 ORIGINAL Packet: 17
LOG 2384400 us Sab1 000011101001101111010110101111001000000000000000000000000000000010000000000000000000000000000000010000000000000000000000000000000101000000000000000000000000000011100100000000000000000000000000
LOG 2384400 us Sab1 CORRUPTED Packet: 17
LOG 2384400 us Sab1 000011101001101111010110101111001000000000000000000000000000000010000000000000000000000000000000010000000000000000000000000000000101000000000000000000000000000011100100000000000000000000000000
[Central]  RECEIVED 	From 1		Data '	Size 24	  Sequence Number 10	(2384400 us)
[Central]  SENDING 		To 1	ACK 	Size 24	  Sequence Number 10	(2384400 us)
[Local]   RECEIVED 	From 2		ACK 	Size 24	  Sequence Number 9	(2385350 us)

		RTT of packet with SN 9 : 411 ms
		BASE : 10	NEXTSN : 12

[Local]   SENDING 		To 2	Data .	Size 24	  Sequence Number 12	(2550500 us)
LOG 2576450 us Sab1 ORIGINAL Packet: 19
LOG 2576450 us Sab1 000011101001101111010110101111001000000000000000000000000000000010000000000000000000000000000000010000000000000000000000000000001101000000000000000000000000000000110100000000000000000000000000
LOG 2576450 us Sab1 CORRUPTED Packet: 19
LOG 2576450 us Sab1 000011101001101111010110101111001000000000000000000000000000000010000000000000000000000000000000010000000000000000000000000000001101000000000000000000000000000000110100000000000000000000000000
[Central]  RECEIVED 	From 1		Data ,	Size 24	  Sequence Number 11	(2576450 us)
[Central]  SENDING 		To 1	ACK 	Size 24	  Sequence Number 11	(2576450 us)
[Local]   RECEIVED 	From 2		ACK 	Size 24	  Sequence Number 10	(2577400 us)

		RTT of packet with SN 10 : 411 ms
		BASE : 11	NEXTSN : 13

[Local]   SENDING 		To 2	Data !	Size 24	  Sequence Number 13	(2742550 us)
LOG 2768500 us Sab1 ORIGINAL Packet: 21
LOG 2768500 us Sab1 000011101001101111010110101111001000000000000000000000000000000010000000000000000000000000000000010000000000000000000000000000000011000000000000000000000000000001110100000000000000000000000000
LOG 2768500 us Sab1 CORRUPTED Packet: 21
LOG 2768500 us Sab1 000011101001101111010110101111001000000000000000000000000000000010000000000000000000000000000000010000000000000000000000000000000011000000000000000000000000000001110100000000000000000000000000
[Central]  RECEIVED 	From 1		Data .	Size 24	  Sequence Number 12	(2768500 us)
[Central]  SENDING 		To 1	ACK 	Size 24	  Sequence Number 12	(2768500 us)
[Local]   RECEIVED 	From 2		ACK 	Size 24	  Sequence Number 11	(2769450 us)

		RTT of packet with SN 11 : 411 ms
		BASE : 12	NEXTSN : 14

[Local]   SENDING 		To 2	Data +	Size 24	  Sequence Number 14	(2934600 us)
LOG 2960550 us Sab1 ORIGINAL Packet: 23
LOG 2960550 us Sab1 000011101001101111010110101111001000000000000000000000000000000010000000000000000000000000000000010000000000000000000000000000001011000000000000000000000000000010000100000000000000000000000000
LOG 2960550 us Sab1 CORRUPTED Packet: 23
LOG 2960550 us Sab1 000011101001101111010110101111001000000000000000000000000000000010000000000000000000000000000000010000000000000000000000000000001011000000000000000000000000000010000100000000000000000000000000
[Central]  RECEIVED 	From 1		Data !	Size 24	  Sequence Number 13	(2960550 us)
[Central]  SENDING 		To 1	ACK 	Size 24	  Sequence Number 13	(2960550 us)
[Local]   RECEIVED 	From 2		ACK 	Size 24	  Sequence Number 12	(2961500 us)

		RTT of packet with SN 12 : 411 ms
		BASE : 13	NEXTSN : 15

LOG 3152600 us Sab1 ORIGINAL Packet: 25
LOG 3152600 us Sab1 000011101001101111010110101111001000000000000000000000000000000010000000000000000000000000000000010000000000000000000000000000000111000000000000000000000000000011010100000000000000000000000000
LOG 3152600 us Sab1 CORRUPTED Packet: 25
LOG 3152600 us Sab1 000011101001101111010110101111001000000000000000000000000000000010000000000000000000000000000000010000000000000000000000000000000111000000000000000000000000000011010100000000000000000000000000
[Central]  RECEIVED 	From 1		Data +	Size 24	  Sequence Number 14	(3152600 us)
[Central]  SENDING 		To 1	ACK 	Size 24	  Sequence Number 14	(3152600 us)
[Local]   RECEIVED 	From 2		ACK 	Size 24	  Sequence Number 13	(3153550 us)

		RTT of packet with SN 13 : 411 ms
		BASE : 14	NEXTSN : 15


		@@@@ timeout 1@@@@
		nextSNTemp : 5, nextSN : 1

[Local]   RECEIVED 	From 2		ACK 	Size 24	  Sequence Number 14	(3345600 us)

		RTT of packet with SN 14 : 411 ms
		BASE : 15	NEXTSN : 15


		@@@@ timeout 15@@@@
		nextSNTemp : 19, nextSN : 15

[Local]   SENDING 		To 2	Data )	Size 24	  Sequence Number 15	(3345600 us)
[Local]   SENDING 		To 2	Data #	Size 24	  Sequence Number 16	(3537650 us)
LOG 3563600 us Sab1 ORIGINAL Packet: 28
LOG 3563600 us Sab1 000011101001101111010110101111001000000000000000000000000000000010000000000000000000000000000000010000000000000000000000000000001111000000000000000000000000000010010100000000000000000000000000
LOG 3563600 us Sab1 CORRUPTED Packet: 28
LOG 3563600 us Sab1 000011101001101111010110101111001000000000000000000000000000000010000000000000000000000000000000010000000000000000000000000000001111000000000000000000000000000010010100000000000000000000000000
[Central]  RECEIVED 	From 1		Data )	Size 24	  Sequence Number 15	(3563600 us)
[Central]  SENDING 		To 1	ACK 	Size 24	  Sequence Number 15	(3563600 us)
[Local]   SENDING 		To 2	Data #	Size 24	  Sequence Number 17	(3729700 us)
LOG 3755650 us Sab1 ORIGINAL Packet: 29
LOG 3755650 us Sab1 000011101001101111010110101111001000000000000000000000000000000010000000000000000000000000000000010000000000000000000000000000000000100000000000000000000000000011000100000000000000000000000000
LOG 3755650 us Sab1 CORRUPTED Packet: 29
LOG 3755650 us Sab1 000011101001101111010110101111001000000000000000000000000000000010000000000000000000000000000000010000000000000000000000000000000000100000000000000000000000000011000100000000000000000000000000
[Central]  RECEIVED 	From 1		Data #	Size 24	  Sequence Number 16	(3755650 us)
[Central]  SENDING 		To 1	ACK 	Size 24	  Sequence Number 16	(3755650 us)
[Local]   RECEIVED 	From 2		ACK 	Size 24	  Sequence Number 15	(3756600 us)

		RTT of packet with SN 15 : 411 ms
		BASE : 16	NEXTSN : 18

[Local]   SENDING 		To 2	Data !	Size 24	  Sequence Number 18	(3921750 us)
LOG 3947700 us Sab1 ORIGINAL Packet: 31
LOG 3947700 us Sab1 000011101001101111010110101111001000000000000000000000000000000010000000000000000000000000000000010000000000000000000000000000001000100000000000000000000000000011000100000000000000000000000000
LOG 3947700 us Sab1 CORRUPTED Packet: 31
LOG 3947700 us Sab1 000011101001101111010110101111001000000000000000000000000000000010000000000000000000000000000000010000000000000000000000000000001000100000000000000000000000000011000100000000000000000000000000
[Central]  RECEIVED 	From 1		Data #	Size 24	  Sequence Number 17	(3947700 us)
[Central]  SENDING 		To 1	ACK 	Size 24	  Sequence Number 17	(3947700 us)
[Local]   RECEIVED 	From 2		ACK 	Size 24	  Sequence Number 16	(3948650 us)

		RTT of packet with SN 16 : 411 ms
		BASE : 17	NEXTSN : 19

[Local]   SENDING 		To 2	Data &	Size 24	  Sequence Number 19	(4113800 us)
LOG 4139750 us Sab1 ORIGINAL Packet: 33
LOG 4139750 us Sab1 000011101001101111010110101111001000000000000000000000000000000010000000000000000000000000000000010000000000000000000000000000000100100000000000000000000000000010000100000000000000000000000000
LOG 4139750 us Sab1 CORRUPTED Packet: 33
LOG 4139750 us Sab1 000011101001101111010110101111001000000000000000000000000000000010000000000000000000000000000000010000000000000000000000000000000100100000000000000000000000000010000100000000000000000000000000
[Central]  RECEIVED 	From 1		Data !	Size 24	  Sequence Number 18	(4139750 us)
[Central]  SENDING 		To 1	ACK 	Size 24	  Sequence Number 18	(4139750 us)
[Local]   RECEIVED 	From 2		ACK 	Size 24	  Sequence Number 17	(4140700 us)

		RTT of packet with SN 17 : 411 ms
		BASE : 18	NEXTSN : 20

[Local]   SENDING 		To 2	Data *	Size 24	  Sequence Number 20	(4305850 us)
LOG 4331800 us Sab1 ORIGINAL Packet: 35
LOG 4331800 us Sab1 000011101001101111010110101111001000000000000000000000000000000010000000000000000000000000000000010000000000000000000000000000001100100000000000000000000000000001100100000000000000000000000000
LOG 4331800 us Sab1 CORRUPTED Packet: 35
LOG 4331800 us Sab1 000011101001101111010110101111001000000000000000000000000000000010000000000000000000000000000000010000000000000000000000000000001100100000000000000000000000000001100100000000000000000000000000
[Central]  RECEIVED 	From 1		Data &	Size 24	  Sequence Number 19	(4331800 us)
[Central]  SENDING 		To 1	ACK 	Size 24	  Sequence Number 19	(4331800 us)
[Local]   RECEIVED 	From 2		ACK 	Size 24	  Sequence Number 18	(4332750 us)

		RTT of packet with SN 18 : 411 ms
		BASE : 19	NEXTSN : 21

LOG 4523850 us Sab1 ORIGINAL Packet: 37
LOG 4523850 us Sab1 000011101001101111010110101111001000000000000000000000000000000010000000000000000000000000000000010000000000000000000000000000000010100000000000000000000000000001010100000000000000000000000000
LOG 4523850 us Sab1 CORRUPTED Packet: 37
LOG 4523850 us Sab1 000011101001101111010110101111001000000000000000000000000000000010000000000000000000000000000000010000000000000000000000000000000010100000000000000000000000000001010100000000000000000000000000
[Central]  RECEIVED 	From 1		Data *	Size 24	  Sequence Number 20	(4523850 us)
[Central]  SENDING 		To 1	ACK 	Size 24	  Sequence Number 20	(4523850 us)
[Local]   RECEIVED 	From 2		ACK 	Size 24	  Sequence Number 19	(4524800 us)

		RTT of packet with SN 19 : 411 ms
		BASE : 20	NEXTSN : 21


		@@@@ timeout 1@@@@
		nextSNTemp : 5, nextSN : 1

[Local]   RECEIVED 	From 2		ACK 	Size 24	  Sequence Number 20	(4716850 us)

		RTT of packet with SN 20 : 411 ms
		BASE : 21	NEXTSN : 21


		@@@@ timeout 21@@@@
		nextSNTemp : 25, nextSN : 21

[Local]   SENDING 		To 2	Data #	Size 24	  Sequence Number 21	(4716850 us)
[Local]   SENDING 		To 2	Data -	Size 24	  Sequence Number 22	(4908900 us)
LOG 4934850 us Sab1 ORIGINAL Packet: 40
LOG 4934850 us Sab1 000011101001101111010110101111001000000000000000000000000000000010000000000000000000000000000000010000000000000000000000000000001010100000000000000000000000000011000100000000000000000000000000
LOG 4934850 us Sab1 CORRUPTED Packet: 40
LOG 4934850 us Sab1 000011101001101111010110101111001000000000000000000000000000000010000000000000000000000000000000010000000000000000000000000000001010100000000000000000000000000011000100000000000000000000000000
[Central]  RECEIVED 	From 1		Data #	Size 24	  Sequence Number 21	(4934850 us)
[Central]  SENDING 		To 1	ACK 	Size 24	  Sequence Number 21	(4934850 us)
[Local]   SENDING 		To 2	Data .	Size 24	  Sequence Number 23	(5100950 us)
LOG 5126900 us Sab1 ORIGINAL Packet: 41
LOG 5126900 us Sab1 000011101001101111010110101111001000000000000000000000000000000010000000000000000000000000000000010000000000000000000000000000000110100000000000000000000000000010110100000000000000000000000000
LOG 5126900 us Sab1 CORRUPTED Packet: 41
LOG 5126900 us Sab1 000011101001101111010110101111001000000000000000000000000000000010000000000000000000000000000000010000000000000000000000000000000110100000000000000000000000000010110100000000000000000000000000
[Central]  RECEIVED 	From 1		Data -	Size 24	  Sequence Number 22	(5126900 us)
[Central]  SENDING 		To 1	ACK 	Size 24	  Sequence Number 22	(5126900 us)
[Local]   RECEIVED 	From 2		ACK 	Size 24	  Sequence Number 21	(5127850 us)

		RTT of packet with SN 21 : 411 ms
		BASE : 22	NEXTSN : 24

[Local]   SENDING 		To 2	Data "	Size 24	  Sequence Number 24	(5293 ms)
LOG 5318950 us Sab1 ORIGINAL Packet: 43
LOG 5318950 us Sab1 000011101001101111010110101111001000000000000000000000000000000010000000000000000000000000000000010000000000000000000000000000001110100000000000000000000000000001110100000000000000000000000000
LOG 5318950 us Sab1 CORRUPTED Packet: 43
LOG 5318950 us Sab1 000011101001101111010110101111001000000000000000000000000000000010000000000000000000000000000000010000000000000000000000000000001110100000000000000000000000000001110100000000000000000000000000
[Central]  RECEIVED 	From 1		Data .	Size 24	  Sequence Number 23	(5318950 us)
[Central]  SENDING 		To 1	ACK 	Size 24	  Sequence Number 23	(5318950 us)
[Local]   RECEIVED 	From 2		ACK 	Size 24	  Sequence Number 22	(5319900 us)

		RTT of packet with SN 22 : 411 ms
		BASE : 23	NEXTSN : 25

[Local]   SENDING 		To 2	Data &	Size 24	  Sequence Number 25	(5485050 us)
LOG 5511 ms Sab1 ORIGINAL Packet: 45
LOG 5511 ms Sab1 000011101001101111010110101111001000000000000000000000000000000010000000000000000000000000000000010000000000000000000000000000000001100000000000000000000000000001000100000000000000000000000000
LOG 5511 ms Sab1 CORRUPTED Packet: 45
LOG 5511 ms Sab1 000011101001101111010110101111001000000000000000000000000000000010000000000000000000000000000000010000000000000000000000000000000001100000000000000000000000000001000100000000000000000000000000
[Central]  RECEIVED 	From 1		Data "	Size 24	  Sequence Number 24	(5511 ms)
[Central]  SENDING 		To 1	ACK 	Size 24	  Sequence Number 24	(5511 ms)
[Local]   RECEIVED 	From 2		ACK 	Size 24	  Sequence Number 23	(5511950 us)

		RTT of packet with SN 23 : 411 ms
		BASE : 24	NEXTSN : 26

[Local]   SENDING 		To 2	Data !	Size 24	  Sequence Number 26	(5677100 us)
LOG 5703050 us Sab1 ORIGINAL Packet: 47
LOG 5703050 us Sab1 000011101001101111010110101111001000000000000000000000000000000010000000000000000000000000000000010000000000000000000000000000001001100000000000000000000000000001100100000000000000000000000000
LOG 5703050 us Sab1 CORRUPTED Packet: 47
LOG 5703050 us Sab1 000011101001101111010110101111001000000000000000000000000000000010000000000000000000000000000000010000000000000000000000000000001001100000000000000000000000000001100100000000000000000000000000
[Central]  RECEIVED 	From 1		Data &	Size 24	  Sequence Number 25	(5703050 us)
[Central]  SENDING 		To 1	ACK 	Size 24	  Sequence Number 25	(5703050 us)
[Local]   RECEIVED 	From 2		ACK 	Size 24	  Sequence Number 24	(5704 ms)

		RTT of packet with SN 24 : 411 ms
		BASE : 25	NEXTSN : 27

LOG 5895100 us Sab1 ORIGINAL Packet: 49
LOG 5895100 us Sab1 000011101001101111010110101111001000000000000000000000000000000010000000000000000000000000000000010000000000000000000000000000000101100000000000000000000000000010000100000000000000000000000000
LOG 5895100 us Sab1 CORRUPTED Packet: 49
LOG 5895100 us Sab1 000011101001101111010110101111001000000000000000000000000000000010000000000000000000000000000000010000000000000000000000000000000101100000000000000000000000000010000100000000000000000000000000
[Central]  RECEIVED 	From 1		Data !	Size 24	  Sequence Number 26	(5895100 us)
[Central]  SENDING 		To 1	ACK 	Size 24	  Sequence Number 26	(5895100 us)
[Local]   RECEIVED 	From 2		ACK 	Size 24	  Sequence Number 25	(5896050 us)

		RTT of packet with SN 25 : 411 ms
		BASE : 26	NEXTSN : 27


		@@@@ timeout 1@@@@
		nextSNTemp : 5, nextSN : 1

[Local]   RECEIVED 	From 2		ACK 	Size 24	  Sequence Number 26	(6088100 us)

		RTT of packet with SN 26 : 411 ms
		BASE : 27	NEXTSN : 27


		@@@@ timeout 27@@@@
		nextSNTemp : 31, nextSN : 27

[Local]   SENDING 		To 2	Data +	Size 24	  Sequence Number 27	(6088100 us)
[Local]   SENDING 		To 2	Data -	Size 24	  Sequence Number 28	(6280150 us)
LOG 6306100 us Sab1 ORIGINAL Packet: 52
LOG 6306100 us Sab1 000011101001101111010110101111001000000000000000000000000000000010000000000000000000000000000000010000000000000000000000000000001101100000000000000000000000000011010100000000000000000000000000
LOG 6306100 us Sab1 CORRUPTED Packet: 52
LOG 6306100 us Sab1 000011101001101111010110101111001000000000000000000000000000000010000000000000000000000000000000010000000000000000000000000000001101100000000000000000000000000011010100000000000000000000000000
[Central]  RECEIVED 	From 1		Data +	Size 24	  Sequence Number 27	(6306100 us)
[Central]  SENDING 		To 1	ACK 	Size 24	  Sequence Number 27	(6306100 us)
[Local]   SENDING 		To 2	Data *	Size 24	  Sequence Number 29	(6472200 us)
LOG 6498150 us Sab1 ORIGINAL Packet: 53
LOG 6498150 us Sab1 000011101001101111010110101111001000000000000000000000000000000010000000000000000000000000000000010000000000000000000000000000000011100000000000000000000000000010110100000000000000000000000000
LOG 6498150 us Sab1 CORRUPTED Packet: 53
LOG 6498150 us Sab1 000011101001101111010110101111001000000000000000000000000000000010000000000000000000000000000000010000000000000000000000000000000011100000000000000000000000000010110100000000000000000000000000
[Central]  RECEIVED 	From 1		Data -	Size 24	  Sequence Number 28	(6498150 us)
[Central]  SENDING 		To 1	ACK 	Size 24	  Sequence Number 28	(6498150 us)
[Local]   RECEIVED 	From 2		ACK 	Size 24	  Sequence Number 27	(6499100 us)

		RTT of packet with SN 27 : 411 ms
		BASE : 28	NEXTSN : 30

[Local]   SENDING 		To 2	Data "	Size 24	  Sequence Number 30	(6664250 us)
LOG 6690200 us Sab1 ORIGINAL Packet: 55
LOG 6690200 us Sab1 000011101001101111010110101111001000000000000000000000000000000010000000000000000000000000000000010000000000000000000000000000001011100000000000000000000000000001010100000000000000000000000000
LOG 6690200 us Sab1 CORRUPTED Packet: 55
LOG 6690200 us Sab1 000011101001101111010110101111001000000000000000000000000000000010000000000000000000000000000000010000000000000000000000000000001011100000000000000000000000000001010100000000000000000000000000
[Central]  RECEIVED 	From 1		Data *	Size 24	  Sequence Number 29	(6690200 us)
[Central]  SENDING 		To 1	ACK 	Size 24	  Sequence Number 29	(6690200 us)
[Local]   RECEIVED 	From 2		ACK 	Size 24	  Sequence Number 28	(6691150 us)

		RTT of packet with SN 28 : 411 ms
		BASE : 29	NEXTSN : 31

[Local]   SENDING 		To 2	Data !	Size 24	  Sequence Number 31	(6856300 us)
LOG 6882250 us Sab1 ORIGINAL Packet: 57
LOG 6882250 us Sab1 000011101001101111010110101111001000000000000000000000000000000010000000000000000000000000000000010000000000000000000000000000000111100000000000000000000000000001000100000000000000000000000000
LOG 6882250 us Sab1 CORRUPTED Packet: 57
LOG 6882250 us Sab1 000011101001101111010110101111001000000000000000000000000000000010000000000000000000000000000000010000000000000000000000000000000111100000000000000000000000000001000100000000000000000000000000
[Central]  RECEIVED 	From 1		Data "	Size 24	  Sequence Number 30	(6882250 us)
[Central]  SENDING 		To 1	ACK 	Size 24	  Sequence Number 30	(6882250 us)
[Local]   RECEIVED 	From 2		ACK 	Size 24	  Sequence Number 29	(6883200 us)

		RTT of packet with SN 29 : 411 ms
		BASE : 30	NEXTSN : 32

[Local]   SENDING 		To 2	Data *	Size 24	  Sequence Number 32	(7048350 us)
LOG 7074300 us Sab1 ORIGINAL Packet: 59
LOG 7074300 us Sab1 000011101001101111010110101111001000000000000000000000000000000010000000000000000000000000000000010000000000000000000000000000001111100000000000000000000000000010000100000000000000000000000000
LOG 7074300 us Sab1 CORRUPTED Packet: 59
LOG 7074300 us Sab1 000011101001101111010110101111001000000000000000000000000000000010000000000000000000000000000000010000000000000000000000000000001111100000000000000000000000000010000100000000000000000000000000
[Central]  RECEIVED 	From 1		Data !	Size 24	  Sequence Number 31	(7074300 us)
[Central]  SENDING 		To 1	ACK 	Size 24	  Sequence Number 31	(7074300 us)
[Local]   RECEIVED 	From 2		ACK 	Size 24	  Sequence Number 30	(7075250 us)

		RTT of packet with SN 30 : 411 ms
		BASE : 31	NEXTSN : 33

LOG 7266350 us Sab1 ORIGINAL Packet: 61
LOG 7266350 us Sab1 000011101001101111010110101111001000000000000000000000000000000010000000000000000000000000000000010000000000000000000000000000000000010000000000000000000000000001010100000000000000000000000000
LOG 7266350 us Sab1 CORRUPTED Packet: 61
LOG 7266350 us Sab1 000011101001101111010110101111001000000000000000000000000000000010000000000000000000000000000000010000000000000000000000000000000000010000000000000000000000000001010100000000000000000000000000
[Central]  RECEIVED 	From 1		Data *	Size 24	  Sequence Number 32	(7266350 us)
[Central]  SENDING 		To 1	ACK 	Size 24	  Sequence Number 32	(7266350 us)
[Local]   RECEIVED 	From 2		ACK 	Size 24	  Sequence Number 31	(7267300 us)

		RTT of packet with SN 31 : 411 ms
		BASE : 32	NEXTSN : 33


		@@@@ timeout 1@@@@
		nextSNTemp : 5, nextSN : 1

[Local]   RECEIVED 	From 2		ACK 	Size 24	  Sequence Number 32	(7459350 us)

		RTT of packet with SN 32 : 411 ms
		BASE : 33	NEXTSN : 33


		@@@@ timeout 33@@@@
		nextSNTemp : 37, nextSN : 33

[Local]   SENDING 		To 2	Data "	Size 24	  Sequence Number 33	(7459350 us)
[Local]   SENDING 		To 2	Data ,	Size 24	  Sequence Number 34	(7651400 us)
LOG 7677350 us Sab1 ORIGINAL Packet: 64
LOG 7677350 us Sab1 000011101001101111010110101111001000000000000000000000000000000010000000000000000000000000000000010000000000000000000000000000001000010000000000000000000000000001000100000000000000000000000000
LOG 7677350 us Sab1 CORRUPTED Packet: 64
LOG 7677350 us Sab1 000011101001101111010110101111001000000000000000000000000000000010000000000000000000000000000000010000000000000000000000000000001000010000000000000000000000000001000100000000000000000000000000
[Central]  RECEIVED 	From 1		Data "	Size 24	  Sequence Number 33	(7677350 us)
[Central]  SENDING 		To 1	ACK 	Size 24	  Sequence Number 33	(7677350 us)
[Local]   SENDING 		To 2	Data &	Size 24	  Sequence Number 35	(7843450 us)
LOG 7869400 us Sab1 ORIGINAL Packet: 65
LOG 7869400 us Sab1 000011101001101111010110101111001000000000000000000000000000000010000000000000000000000000000000010000000000000000000000000000000100010000000000000000000000000000110100000000000000000000000000
LOG 7869400 us Sab1 CORRUPTED Packet: 65
LOG 7869400 us Sab1 000011101001101111010110101111001000000000000000000000000000000010000000000000000000000000000000010000000000000000000000000000000100010000000000000000000000000000110100000000000000000000000000
[Central]  RECEIVED 	From 1		Data ,	Size 24	  Sequence Number 34	(7869400 us)
[Central]  SENDING 		To 1	ACK 	Size 24	  Sequence Number 34	(7869400 us)
[Local]   RECEIVED 	From 2		ACK 	Size 24	  Sequence Number 33	(7870350 us)

		RTT of packet with SN 33 : 411 ms
		BASE : 34	NEXTSN : 36


Info: /OSCI/SystemC: Simulation stopped by user.
