
Local   <-->  Central with FullDuplex channel

+----------------------------------------------------------------------------------------------+
|TASK     ACTION        FROM    TO      DATA    SIZE      SEQUENCE NUMBER       TIME STAMP     |
+----------------------------------------------------------------------------------------------+
[Local]   SENDING 		To 2	Data "	Size 24	  Sequence Number 1	(50 us)
[Local]   SENDING 		To 2	Data %	Size 24	  Sequence Number 2	(192100 us)
LOG 233050 us Sab1 ORIGINAL Packet: 0
LOG 233050 us Sab1 000011101001011111011111011000111000000000000000000000000000000010000000000000000000000000000000010000000000000000000000000000001000000000000000000000000000000001000100000000000000000000000000
LOG 233050 us Sab1 CORRUPTED Packet: 0
LOG 233050 us Sab1 000011101001011111011111011000111000000000000000000000000000000010000000000000000000000000000000010000000000000000000000000000001000000000000000000000000000000001000100000000000000000000000000
[Central]  RECEIVED 	From 1		Data "	Size 24	  Sequence Number 1	(233050 us)
[Central]  SENDING 		To 1	ACK 	Size 24	  Sequence Number 1	(233050 us)
LOG 425100 us Sab1 ORIGINAL Packet: 1
LOG 425100 us Sab1 000011101001011111011111011000111000000000000000000000000000000010000000000000000000000000000000010000000000000000000000000000000100000000000000000000000000000010100100000000000000000000000000
LOG 425100 us Sab1 CORRUPTED Packet: 1
LOG 425100 us Sab1 000011101001011111011111011000111000000000000000000000000000000010000000000000000000000000000000010000000000000000000000000000000100000000000000000000000000000010100100000000000000000000000000
[Central]  RECEIVED 	From 1		Data %	Size 24	  Sequence Number 2	(425100 us)
[Central]  SENDING 		To 1	ACK 	Size 24	  Sequence Number 2	(425100 us)
[Local]   RECEIVED 	From 2		ACK 	Size 24	  Sequence Number 1	(426050 us)

		RTT of packet with SN 1 : 426050 us
		BASE : 2	NEXTSN : 3


		@@@@ timeout 1@@@@
		nextSNTemp : 5, nextSN : 1

[Local]   RECEIVED 	From 2		ACK 	Size 24	  Sequence Number 2	(618100 us)

		RTT of packet with SN 2 : 426 ms
		BASE : 3	NEXTSN : 3


		@@@@ timeout 3@@@@
		nextSNTemp : 7, nextSN : 3

[Local]   SENDING 		To 2	Data *	Size 24	  Sequence Number 3	(618100 us)
[Local]   SENDING 		To 2	Data &	Size 24	  Sequence Number 4	(810150 us)
LOG 851100 us Sab1 ORIGINAL Packet: 4
LOG 851100 us Sab1 000011101001011111011111011000111000000000000000000000000000000010000000000000000000000000000000010000000000000000000000000000001100000000000000000000000000000001010100000000000000000000000000
LOG 851100 us Sab1 CORRUPTED Packet: 4
LOG 851100 us Sab1 000011101001011111011111011000111000000000000000000000000000000010000000000000000000000000000000010000000000000000000000000000001100000000000000000000000000000001010100000000000000000000000000
[Central]  RECEIVED 	From 1		Data *	Size 24	  Sequence Number 3	(851100 us)
[Central]  SENDING 		To 1	ACK 	Size 24	  Sequence Number 3	(851100 us)
[Local]   SENDING 		To 2	Data "	Size 24	  Sequence Number 5	(1002200 us)
LOG 1043150 us Sab1 ORIGINAL Packet: 5
LOG 1043150 us Sab1 000011101001011111011111011000111000000000000000000000000000000010000000000000000000000000000000010000000000000000000000000000000010000000000000000000000000000001100100000000000000000000000000
LOG 1043150 us Sab1 CORRUPTED Packet: 5
LOG 1043150 us Sab1 000011101001011111011111011000111000000000000000000000000000000010000000000000000000000000000000010000000000000000000000000000000010000000000000000000000000000001100100000000000000000000000000
[Central]  RECEIVED 	From 1		Data &	Size 24	  Sequence Number 4	(1043150 us)
[Central]  SENDING 		To 1	ACK 	Size 24	  Sequence Number 4	(1043150 us)
[Local]   RECEIVED 	From 2		ACK 	Size 24	  Sequence Number 3	(1044100 us)

		RTT of packet with SN 3 : 426 ms
		BASE : 4	NEXTSN : 6

[Local]   SENDING 		To 2	Data #	Size 24	  Sequence Number 6	(1194250 us)
LOG 1235200 us Sab1 ORIGINAL Packet: 7
LOG 1235200 us Sab1 000011101001011111011111011000111000000000000000000000000000000010000000000000000000000000000000010000000000000000000000000000001010000000000000000000000000000001000100000000000000000000000000
LOG 1235200 us Sab1 CORRUPTED Packet: 7
LOG 1235200 us Sab1 000011101001011111011111011000111000000000000000000000000000000010000000000000000000000000000000010000000000000000000000000000001010000000000000000000000000000001000100000000000000000000000000
[Central]  RECEIVED 	From 1		Data "	Size 24	  Sequence Number 5	(1235200 us)
[Central]  SENDING 		To 1	ACK 	Size 24	  Sequence Number 5	(1235200 us)
[Local]   RECEIVED 	From 2		ACK 	Size 24	  Sequence Number 4	(1236150 us)

		RTT of packet with SN 4 : 426 ms
		BASE : 5	NEXTSN : 7

[Local]   SENDING 		To 2	Data "	Size 24	  Sequence Number 7	(1386300 us)
LOG 1427250 us Sab1 ORIGINAL Packet: 9
LOG 1427250 us Sab1 000011101001011111011111011000111000000000000000000000000000000010000000000000000000000000000000010000000000000000000000000000000110000000000000000000000000000011000100000000000000000000000000
LOG 1427250 us Sab1 CORRUPTED Packet: 9
LOG 1427250 us Sab1 000011101001011111011111011000111000000000000000000000000000000010000000000000000000000000000000010000000000000000000000000000000110000000000000000000000000000011000100000000000000000000000000
[Central]  RECEIVED 	From 1		Data #	Size 24	  Sequence Number 6	(1427250 us)
[Central]  SENDING 		To 1	ACK 	Size 24	  Sequence Number 6	(1427250 us)
[Local]   RECEIVED 	From 2		ACK 	Size 24	  Sequence Number 5	(1428200 us)

		RTT of packet with SN 5 : 426 ms
		BASE : 6	NEXTSN : 8

[Local]   SENDING 		To 2	Data $	Size 24	  Sequence Number 8	(1578350 us)
LOG 1619300 us Sab1 ORIGINAL Packet: 11
LOG 1619300 us Sab1 000011101001011111011111011000111000000000000000000000000000000010000000000000000000000000000000010000000000000000000000000000001110000000000000000000000000000001000100000000000000000000000000
LOG 1619300 us Sab1 CORRUPTED Packet: 11
LOG 1619300 us Sab1 000011101001011111011111011000111000000000000000000000000000000010000000000000000000000000000000010000000000000000000000000000001110000000000000000000000000000001000100000000000000000000000000
[Central]  RECEIVED 	From 1		Data "	Size 24	  Sequence Number 7	(1619300 us)
[Central]  SENDING 		To 1	ACK 	Size 24	  Sequence Number 7	(1619300 us)
[Local]   RECEIVED 	From 2		ACK 	Size 24	  Sequence Number 6	(1620250 us)

		RTT of packet with SN 6 : 426 ms
		BASE : 7	NEXTSN : 9

LOG 1811350 us Sab1 ORIGINAL Packet: 13
LOG 1811350 us Sab1 000011101001011111011111011000111000000000000000000000000000000010000000000000000000000000000000010000000000000000000000000000000001000000000000000000000000000000100100000000000000000000000000
LOG 1811350 us Sab1 CORRUPTED Packet: 13
LOG 1811350 us Sab1 000011101001011111011111011000111000000000000000000000000000000010000000000000000000000000000000010000000000000000000000000000000001000000000000000000000000000000100100000000000000000000000000
[Central]  RECEIVED 	From 1		Data $	Size 24	  Sequence Number 8	(1811350 us)
[Central]  SENDING 		To 1	ACK 	Size 24	  Sequence Number 8	(1811350 us)
[Local]   RECEIVED 	From 2		ACK 	Size 24	  Sequence Number 7	(1812300 us)

		RTT of packet with SN 7 : 426 ms
		BASE : 8	NEXTSN : 9


		@@@@ timeout 1@@@@
		nextSNTemp : 5, nextSN : 1

[Local]   RECEIVED 	From 2		ACK 	Size 24	  Sequence Number 8	(2004350 us)

		RTT of packet with SN 8 : 426 ms
		BASE : 9	NEXTSN : 9


		@@@@ timeout 9@@@@
		nextSNTemp : 13, nextSN : 9

[Local]   SENDING 		To 2	Data #	Size 24	  Sequence Number 9	(2004350 us)
[Local]   SENDING 		To 2	Data '	Size 24	  Sequence Number 10	(2196400 us)
LOG 2237350 us Sab1 ORIGINAL Packet: 16
LOG 2237350 us Sab1 000011101001011111011111011000111000000000000000000000000000000010000000000000000000000000000000010000000000000000000000000000001001000000000000000000000000000011000100000000000000000000000000
LOG 2237350 us Sab1 CORRUPTED Packet: 16
LOG 2237350 us Sab1 000011101001011111011111011000111000000000000000000000000000000010000000000000000000000000000000010000000000000000000000000000001001000000000000000000000000000011000100000000000000000000000000
[Central]  RECEIVED 	From 1		Data #	Size 24	  Sequence Number 9	(2237350 us)
[Central]  SENDING 		To 1	ACK 	Size 24	  Sequence Number 9	(2237350 us)
[Local]   SENDING 		To 2	Data ,	Size 24	  Sequence Number 11	(2388450 us)
LOG 2429400 us Sab1 ORIGINAL Packet: 17
LOG 2429400 us Sab1 000011101001011111011111011000111000000000000000000000000000000010000000000000000000000000000000010000000000000000000000000000000101000000000000000000000000000011100100000000000000000000000000
LOG 2429400 us Sab1 CORRUPTED Packet: 17
LOG 2429400 us Sab1 000011101001011111011111011000111000000000000000000000000000000010000000000000000000000000000000010000000000000000000000000000000101000000000000000000000000000011100100000000000000000000000000
[Central]  RECEIVED 	From 1		Data '	Size 24	  Sequence Number 10	(2429400 us)
[Central]  SENDING 		To 1	ACK 	Size 24	  Sequence Number 10	(2429400 us)
[Local]   RECEIVED 	From 2		ACK 	Size 24	  Sequence Number 9	(2430350 us)

		RTT of packet with SN 9 : 426 ms
		BASE : 10	NEXTSN : 12

[Local]   SENDING 		To 2	Data .	Size 24	  Sequence Number 12	(2580500 us)
LOG 2621450 us Sab1 ORIGINAL Packet: 19
LOG 2621450 us Sab1 000011101001011111011111011000111000000000000000000000000000000010000000000000000000000000000000010000000000000000000000000000001101000000000000000000000000000000110100000000000000000000000000
LOG 2621450 us Sab1 CORRUPTED Packet: 19
LOG 2621450 us Sab1 000011101001011111011111011000111000000000000000000000000000000010000000000000000000000000000000010000000000000000000000000000001101000000000000000000000000000000110100000000000000000000000000
[Central]  RECEIVED 	From 1		Data ,	Size 24	  Sequence Number 11	(2621450 us)
[Central]  SENDING 		To 1	ACK 	Size 24	  Sequence Number 11	(2621450 us)
[Local]   RECEIVED 	From 2		ACK 	Size 24	  Sequence Number 10	(2622400 us)

		RTT of packet with SN 10 : 426 ms
		BASE : 11	NEXTSN : 13

[Local]   SENDING 		To 2	Data !	Size 24	  Sequence Number 13	(2772550 us)
LOG 2813500 us Sab1 ORIGINAL Packet: 21
LOG 2813500 us Sab1 000011101001011111011111011000111000000000000000000000000000000010000000000000000000000000000000010000000000000000000000000000000011000000000000000000000000000001110100000000000000000000000000
LOG 2813500 us Sab1 CORRUPTED Packet: 21
LOG 2813500 us Sab1 000011101001011111011111011000111000000000000000000000000000000010000000000000000000000000000000010000000000000000000000000000000011000000000000000000000000000001110100000000000000000000000000
[Central]  RECEIVED 	From 1		Data .	Size 24	  Sequence Number 12	(2813500 us)
[Central]  SENDING 		To 1	ACK 	Size 24	  Sequence Number 12	(2813500 us)
[Local]   RECEIVED 	From 2		ACK 	Size 24	  Sequence Number 11	(2814450 us)

		RTT of packet with SN 11 : 426 ms
		BASE : 12	NEXTSN : 14

[Local]   SENDING 		To 2	Data +	Size 24	  Sequence Number 14	(2964600 us)
LOG 3005550 us Sab1 ORIGINAL Packet: 23
LOG 3005550 us Sab1 000011101001011111011111011000111000000000000000000000000000000010000000000000000000000000000000010000000000000000000000000000001011000000000000000000000000000010000100000000000000000000000000
LOG 3005550 us Sab1 CORRUPTED Packet: 23
LOG 3005550 us Sab1 000011101001011111011111011000111000000000000000000000000000000010000000000000000000000000000000010000000000000000000000000000001011000000000000000000000000000010000100000000000000000000000000
[Central]  RECEIVED 	From 1		Data !	Size 24	  Sequence Number 13	(3005550 us)
[Central]  SENDING 		To 1	ACK 	Size 24	  Sequence Number 13	(3005550 us)
[Local]   RECEIVED 	From 2		ACK 	Size 24	  Sequence Number 12	(3006500 us)

		RTT of packet with SN 12 : 426 ms
		BASE : 13	NEXTSN : 15

LOG 3197600 us Sab1 ORIGINAL Packet: 25
LOG 3197600 us Sab1 000011101001011111011111011000111000000000000000000000000000000010000000000000000000000000000000010000000000000000000000000000000111000000000000000000000000000011010100000000000000000000000000
LOG 3197600 us Sab1 CORRUPTED Packet: 25
LOG 3197600 us Sab1 000011101001011111011111011000111000000000000000000000000000000010000000000000000000000000000000010000000000000000000000000000000111000000000000000000000000000011010100000000000000000000000000
[Central]  RECEIVED 	From 1		Data +	Size 24	  Sequence Number 14	(3197600 us)
[Central]  SENDING 		To 1	ACK 	Size 24	  Sequence Number 14	(3197600 us)
[Local]   RECEIVED 	From 2		ACK 	Size 24	  Sequence Number 13	(3198550 us)

		RTT of packet with SN 13 : 426 ms
		BASE : 14	NEXTSN : 15


		@@@@ timeout 1@@@@
		nextSNTemp : 5, nextSN : 1

[Local]   RECEIVED 	From 2		ACK 	Size 24	  Sequence Number 14	(3390600 us)

		RTT of packet with SN 14 : 426 ms
		BASE : 15	NEXTSN : 15


		@@@@ timeout 15@@@@
		nextSNTemp : 19, nextSN : 15

[Local]   SENDING 		To 2	Data )	Size 24	  Sequence Number 15	(3390600 us)
[Local]   SENDING 		To 2	Data #	Size 24	  Sequence Number 16	(3582650 us)
LOG 3623600 us Sab1 ORIGINAL Packet: 28
LOG 3623600 us Sab1 000011101001011111011111011000111000000000000000000000000000000010000000000000000000000000000000010000000000000000000000000000001111000000000000000000000000000010010100000000000000000000000000
LOG 3623600 us Sab1 CORRUPTED Packet: 28
LOG 3623600 us Sab1 000011101001011111011111011000111000000000000000000000000000000010000000000000000000000000000000010000000000000000000000000000001111000000000000000000000000000010010100000000000000000000000000
[Central]  RECEIVED 	From 1		Data )	Size 24	  Sequence Number 15	(3623600 us)
[Central]  SENDING 		To 1	ACK 	Size 24	  Sequence Number 15	(3623600 us)
[Local]   SENDING 		To 2	Data #	Size 24	  Sequence Number 17	(3774700 us)
LOG 3815650 us Sab1 ORIGINAL Packet: 29
LOG 3815650 us Sab1 000011101001011111011111011000111000000000000000000000000000000010000000000000000000000000000000010000000000000000000000000000000000100000000000000000000000000011000100000000000000000000000000
LOG 3815650 us Sab1 CORRUPTED Packet: 29
LOG 3815650 us Sab1 000011101001011111011111011000111000000000000000000000000000000010000000000000000000000000000000010000000000000000000000000000000000100000000000000000000000000011000100000000000000000000000000
[Central]  RECEIVED 	From 1		Data #	Size 24	  Sequence Number 16	(3815650 us)
[Central]  SENDING 		To 1	ACK 	Size 24	  Sequence Number 16	(3815650 us)
[Local]   RECEIVED 	From 2		ACK 	Size 24	  Sequence Number 15	(3816600 us)

		RTT of packet with SN 15 : 426 ms
		BASE : 16	NEXTSN : 18

[Local]   SENDING 		To 2	Data $	Size 24	  Sequence Number 18	(3966750 us)
LOG 4007700 us Sab1 ORIGINAL Packet: 31
LOG 4007700 us Sab1 000011101001011111011111011000111000000000000000000000000000000010000000000000000000000000000000010000000000000000000000000000001000100000000000000000000000000011000100000000000000000000000000
LOG 4007700 us Sab1 CORRUPTED Packet: 31
LOG 4007700 us Sab1 000011101001011111011111011000111000000000000000000000000000000010000000000000000000000000000000010000000000000000000000000000001000100000000000000000000000000011000100000000000000000000000000
[Central]  RECEIVED 	From 1		Data #	Size 24	  Sequence Number 17	(4007700 us)
[Central]  SENDING 		To 1	ACK 	Size 24	  Sequence Number 17	(4007700 us)
[Local]   RECEIVED 	From 2		ACK 	Size 24	  Sequence Number 16	(4008650 us)

		RTT of packet with SN 16 : 426 ms
		BASE : 17	NEXTSN : 19

[Local]   SENDING 		To 2	Data &	Size 24	  Sequence Number 19	(4158800 us)
LOG 4199750 us Sab1 ORIGINAL Packet: 33
LOG 4199750 us Sab1 000011101001011111011111011000111000000000000000000000000000000010000000000000000000000000000000010000000000000000000000000000000100100000000000000000000000000000100100000000000000000000000000
LOG 4199750 us Sab1 CORRUPTED Packet: 33
LOG 4199750 us Sab1 000011101001011111011111011000111000000000000000000000000000000010000000000000000000000000000000010000000000000000000000000000000100100000000000000000000000000000100100000000000000000000000000
[Central]  RECEIVED 	From 1		Data $	Size 24	  Sequence Number 18	(4199750 us)
[Central]  SENDING 		To 1	ACK 	Size 24	  Sequence Number 18	(4199750 us)
[Local]   RECEIVED 	From 2		ACK 	Size 24	  Sequence Number 17	(4200700 us)

		RTT of packet with SN 17 : 426 ms
		BASE : 18	NEXTSN : 20

[Local]   SENDING 		To 2	Data *	Size 24	  Sequence Number 20	(4350850 us)
LOG 4391800 us Sab1 ORIGINAL Packet: 35
LOG 4391800 us Sab1 000011101001011111011111011000111000000000000000000000000000000010000000000000000000000000000000010000000000000000000000000000001100100000000000000000000000000001100100000000000000000000000000
LOG 4391800 us Sab1 CORRUPTED Packet: 35
LOG 4391800 us Sab1 000011101001011111011111011000111000000000000000000000000000000010000000000000000000000000000000010000000000000000000000000000001100100000000000000000000000000001100100000000000000000000000000
[Central]  RECEIVED 	From 1		Data &	Size 24	  Sequence Number 19	(4391800 us)
[Central]  SENDING 		To 1	ACK 	Size 24	  Sequence Number 19	(4391800 us)
[Local]   RECEIVED 	From 2		ACK 	Size 24	  Sequence Number 18	(4392750 us)

		RTT of packet with SN 18 : 426 ms
		BASE : 19	NEXTSN : 21

LOG 4583850 us Sab1 ORIGINAL Packet: 37
LOG 4583850 us Sab1 000011101001011111011111011000111000000000000000000000000000000010000000000000000000000000000000010000000000000000000000000000000010100000000000000000000000000001010100000000000000000000000000
LOG 4583850 us Sab1 CORRUPTED Packet: 37
LOG 4583850 us Sab1 000011101001011111011111011000111000000000000000000000000000000010000000000000000000000000000000010000000000000000000000000000000010100000000000000000000000000001010100000000000000000000000000
[Central]  RECEIVED 	From 1		Data *	Size 24	  Sequence Number 20	(4583850 us)
[Central]  SENDING 		To 1	ACK 	Size 24	  Sequence Number 20	(4583850 us)
[Local]   RECEIVED 	From 2		ACK 	Size 24	  Sequence Number 19	(4584800 us)

		RTT of packet with SN 19 : 426 ms
		BASE : 20	NEXTSN : 21


		@@@@ timeout 1@@@@
		nextSNTemp : 5, nextSN : 1

[Local]   RECEIVED 	From 2		ACK 	Size 24	  Sequence Number 20	(4776850 us)

		RTT of packet with SN 20 : 426 ms
		BASE : 21	NEXTSN : 21


		@@@@ timeout 21@@@@
		nextSNTemp : 25, nextSN : 21

[Local]   SENDING 		To 2	Data #	Size 24	  Sequence Number 21	(4776850 us)
[Local]   SENDING 		To 2	Data -	Size 24	  Sequence Number 22	(4968900 us)
LOG 5009850 us Sab1 ORIGINAL Packet: 40
LOG 5009850 us Sab1 000011101001011111011111011000111000000000000000000000000000000010000000000000000000000000000000010000000000000000000000000000001010100000000000000000000000000011000100000000000000000000000000
LOG 5009850 us Sab1 CORRUPTED Packet: 40
LOG 5009850 us Sab1 000011101001011111011111011000111000000000000000000000000000000010000000000000000000000000000000010000000000000000000000000000001010100000000000000000000000000011000100000000000000000000000000
[Central]  RECEIVED 	From 1		Data #	Size 24	  Sequence Number 21	(5009850 us)
[Central]  SENDING 		To 1	ACK 	Size 24	  Sequence Number 21	(5009850 us)
[Local]   SENDING 		To 2	Data .	Size 24	  Sequence Number 23	(5160950 us)
LOG 5201900 us Sab1 ORIGINAL Packet: 41
LOG 5201900 us Sab1 000011101001011111011111011000111000000000000000000000000000000010000000000000000000000000000000010000000000000000000000000000000110100000000000000000000000000010110100000000000000000000000000
LOG 5201900 us Sab1 CORRUPTED Packet: 41
LOG 5201900 us Sab1 000011101001011111011111011000111000000000000000000000000000000010000000000000000000000000000000010000000000000000000000000000000110100000000000000000000000000010110100000000000000000000000000
[Central]  RECEIVED 	From 1		Data -	Size 24	  Sequence Number 22	(5201900 us)
[Central]  SENDING 		To 1	ACK 	Size 24	  Sequence Number 22	(5201900 us)
[Local]   RECEIVED 	From 2		ACK 	Size 24	  Sequence Number 21	(5202850 us)

		RTT of packet with SN 21 : 426 ms
		BASE : 22	NEXTSN : 24

[Local]   SENDING 		To 2	Data "	Size 24	  Sequence Number 24	(5353 ms)
LOG 5393950 us Sab1 ORIGINAL Packet: 43
LOG 5393950 us Sab1 000011101001011111011111011000111000000000000000000000000000000010000000000000000000000000000000010000000000000000000000000000001110100000000000000000000000000001110100000000000000000000000000
LOG 5393950 us Sab1 CORRUPTED Packet: 43
LOG 5393950 us Sab1 000011101001011111011111011000111000000000000000000000000000000010000000000000000000000000000000010000000000000000000000000000001110100000000000000000000000000001110100000000000000000000000000
[Central]  RECEIVED 	From 1		Data .	Size 24	  Sequence Number 23	(5393950 us)
[Central]  SENDING 		To 1	ACK 	Size 24	  Sequence Number 23	(5393950 us)
[Local]   RECEIVED 	From 2		ACK 	Size 24	  Sequence Number 22	(5394900 us)

		RTT of packet with SN 22 : 426 ms
		BASE : 23	NEXTSN : 25

[Local]   SENDING 		To 2	Data &	Size 24	  Sequence Number 25	(5545050 us)
LOG 5586 ms Sab1 ORIGINAL Packet: 45
LOG 5586 ms Sab1 000011101001011111011111011000111000000000000000000000000000000010000000000000000000000000000000010000000000000000000000000000000001100000000000000000000000000001000100000000000000000000000000
LOG 5586 ms Sab1 CORRUPTED Packet: 45
LOG 5586 ms Sab1 000011101001011111011111011000111000000000000000000000000000000010000000000000000000000000000000010000000000000000000000000000000001100000000000000000000000000001000100000000000000000000000000
[Central]  RECEIVED 	From 1		Data "	Size 24	  Sequence Number 24	(5586 ms)
[Central]  SENDING 		To 1	ACK 	Size 24	  Sequence Number 24	(5586 ms)
[Local]   RECEIVED 	From 2		ACK 	Size 24	  Sequence Number 23	(5586950 us)

		RTT of packet with SN 23 : 426 ms
		BASE : 24	NEXTSN : 26

[Local]   SENDING 		To 2	Data !	Size 24	  Sequence Number 26	(5737100 us)
LOG 5778050 us Sab1 ORIGINAL Packet: 47
LOG 5778050 us Sab1 000011101001011111011111011000111000000000000000000000000000000010000000000000000000000000000000010000000000000000000000000000001001100000000000000000000000000001100100000000000000000000000000
LOG 5778050 us Sab1 CORRUPTED Packet: 47
LOG 5778050 us Sab1 000011101001011111011111011000111000000000000000000000000000000010000000000000000000000000000000010000000000000000000000000000001001100000000000000000000000000001100100000000000000000000000000
[Central]  RECEIVED 	From 1		Data &	Size 24	  Sequence Number 25	(5778050 us)
[Central]  SENDING 		To 1	ACK 	Size 24	  Sequence Number 25	(5778050 us)
[Local]   RECEIVED 	From 2		ACK 	Size 24	  Sequence Number 24	(5779 ms)

		RTT of packet with SN 24 : 426 ms
		BASE : 25	NEXTSN : 27

LOG 5970100 us Sab1 ORIGINAL Packet: 49
LOG 5970100 us Sab1 000011101001011111011111011000111000000000000000000000000000000010000000000000000000000000000000010000000000000000000000000000000101100000000000000000000000000010000100000000000000000000000000
LOG 5970100 us Sab1 CORRUPTED Packet: 49
LOG 5970100 us Sab1 000011101001011111011111011000111000000000000000000000000000000010000000000000000000000000000000010000000000000000000000000000000101100000000000000000000000000010000100000000000000000000000000
[Central]  RECEIVED 	From 1		Data !	Size 24	  Sequence Number 26	(5970100 us)
[Central]  SENDING 		To 1	ACK 	Size 24	  Sequence Number 26	(5970100 us)
[Local]   RECEIVED 	From 2		ACK 	Size 24	  Sequence Number 25	(5971050 us)

		RTT of packet with SN 25 : 426 ms
		BASE : 26	NEXTSN : 27


		@@@@ timeout 1@@@@
		nextSNTemp : 5, nextSN : 1

[Local]   RECEIVED 	From 2		ACK 	Size 24	  Sequence Number 26	(6163100 us)

		RTT of packet with SN 26 : 426 ms
		BASE : 27	NEXTSN : 27


		@@@@ timeout 27@@@@
		nextSNTemp : 31, nextSN : 27

[Local]   SENDING 		To 2	Data +	Size 24	  Sequence Number 27	(6163100 us)
[Local]   SENDING 		To 2	Data -	Size 24	  Sequence Number 28	(6355150 us)
LOG 6396100 us Sab1 ORIGINAL Packet: 52
LOG 6396100 us Sab1 000011101001011111011111011000111000000000000000000000000000000010000000000000000000000000000000010000000000000000000000000000001101100000000000000000000000000011010100000000000000000000000000
LOG 6396100 us Sab1 CORRUPTED Packet: 52
LOG 6396100 us Sab1 000011101001011111011111011000111000000000000000000000000000000010000000000000000000000000000000010000000000000000000000000000001101100000000000000000000000000011010100000000000000000000000000
[Central]  RECEIVED 	From 1		Data +	Size 24	  Sequence Number 27	(6396100 us)
[Central]  SENDING 		To 1	ACK 	Size 24	  Sequence Number 27	(6396100 us)
[Local]   SENDING 		To 2	Data $	Size 24	  Sequence Number 29	(6547200 us)
LOG 6588150 us Sab1 ORIGINAL Packet: 53
LOG 6588150 us Sab1 000011101001011111011111011000111000000000000000000000000000000010000000000000000000000000000000010000000000000000000000000000000011100000000000000000000000000010110100000000000000000000000000
LOG 6588150 us Sab1 CORRUPTED Packet: 53
LOG 6588150 us Sab1 000011101001011111011111011000111000000000000000000000000000000010000000000000000000000000000000010000000000000000000000000000000011100000000000000000000000000010110100000000000000000000000000
[Central]  RECEIVED 	From 1		Data -	Size 24	  Sequence Number 28	(6588150 us)
[Central]  SENDING 		To 1	ACK 	Size 24	  Sequence Number 28	(6588150 us)
[Local]   RECEIVED 	From 2		ACK 	Size 24	  Sequence Number 27	(6589100 us)

		RTT of packet with SN 27 : 426 ms
		BASE : 28	NEXTSN : 30

[Local]   SENDING 		To 2	Data "	Size 24	  Sequence Number 30	(6739250 us)
LOG 6780200 us Sab1 ORIGINAL Packet: 55
LOG 6780200 us Sab1 000011101001011111011111011000111000000000000000000000000000000010000000000000000000000000000000010000000000000000000000000000001011100000000000000000000000000000100100000000000000000000000000
LOG 6780200 us Sab1 CORRUPTED Packet: 55
LOG 6780200 us Sab1 000011101001011111011111011000111000000000000000000000000000000010000000000000000000000000000000010000000000000000000000000000001011100000000000000000000000000000100100000000000000000000000000
[Central]  RECEIVED 	From 1		Data $	Size 24	  Sequence Number 29	(6780200 us)
[Central]  SENDING 		To 1	ACK 	Size 24	  Sequence Number 29	(6780200 us)
[Local]   RECEIVED 	From 2		ACK 	Size 24	  Sequence Number 28	(6781150 us)

		RTT of packet with SN 28 : 426 ms
		BASE : 29	NEXTSN : 31

[Local]   SENDING 		To 2	Data !	Size 24	  Sequence Number 31	(6931300 us)
LOG 6972250 us Sab1 ORIGINAL Packet: 57
LOG 6972250 us Sab1 000011101001011111011111011000111000000000000000000000000000000010000000000000000000000000000000010000000000000000000000000000000111100000000000000000000000000001000100000000000000000000000000
LOG 6972250 us Sab1 CORRUPTED Packet: 57
LOG 6972250 us Sab1 000011101001011111011111011000111000000000000000000000000000000010000000000000000000000000000000010000000000000000000000000000000111100000000000000000000000000001000100000000000000000000000000
[Central]  RECEIVED 	From 1		Data "	Size 24	  Sequence Number 30	(6972250 us)
[Central]  SENDING 		To 1	ACK 	Size 24	  Sequence Number 30	(6972250 us)
[Local]   RECEIVED 	From 2		ACK 	Size 24	  Sequence Number 29	(6973200 us)

		RTT of packet with SN 29 : 426 ms
		BASE : 30	NEXTSN : 32

[Local]   SENDING 		To 2	Data *	Size 24	  Sequence Number 32	(7123350 us)
LOG 7164300 us Sab1 ORIGINAL Packet: 59
LOG 7164300 us Sab1 000011101001011111011111011000111000000000000000000000000000000010000000000000000000000000000000010000000000000000000000000000001111100000000000000000000000000010000100000000000000000000000000
LOG 7164300 us Sab1 CORRUPTED Packet: 59
LOG 7164300 us Sab1 000011101001011111011111011000111000000000000000000000000000000010000000000000000000000000000000010000000000000000000000000000001111100000000000000000000000000010000100000000000000000000000000
[Central]  RECEIVED 	From 1		Data !	Size 24	  Sequence Number 31	(7164300 us)
[Central]  SENDING 		To 1	ACK 	Size 24	  Sequence Number 31	(7164300 us)
[Local]   RECEIVED 	From 2		ACK 	Size 24	  Sequence Number 30	(7165250 us)

		RTT of packet with SN 30 : 426 ms
		BASE : 31	NEXTSN : 33

LOG 7356350 us Sab1 ORIGINAL Packet: 61
LOG 7356350 us Sab1 000011101001011111011111011000111000000000000000000000000000000010000000000000000000000000000000010000000000000000000000000000000000010000000000000000000000000001010100000000000000000000000000
LOG 7356350 us Sab1 CORRUPTED Packet: 61
LOG 7356350 us Sab1 000011101001011111011111011000111000000000000000000000000000000010000000000000000000000000000000010000000000000000000000000000000000010000000000000000000000000001010100000000000000000000000000
[Central]  RECEIVED 	From 1		Data *	Size 24	  Sequence Number 32	(7356350 us)
[Central]  SENDING 		To 1	ACK 	Size 24	  Sequence Number 32	(7356350 us)
[Local]   RECEIVED 	From 2		ACK 	Size 24	  Sequence Number 31	(7357300 us)

		RTT of packet with SN 31 : 426 ms
		BASE : 32	NEXTSN : 33


		@@@@ timeout 1@@@@
		nextSNTemp : 5, nextSN : 1

[Local]   RECEIVED 	From 2		ACK 	Size 24	  Sequence Number 32	(7549350 us)

		RTT of packet with SN 32 : 426 ms
		BASE : 33	NEXTSN : 33


		@@@@ timeout 33@@@@
		nextSNTemp : 37, nextSN : 33

[Local]   SENDING 		To 2	Data #	Size 24	  Sequence Number 33	(7549350 us)
[Local]   SENDING 		To 2	Data ,	Size 24	  Sequence Number 34	(7741400 us)
LOG 7782350 us Sab1 ORIGINAL Packet: 64
LOG 7782350 us Sab1 000011101001011111011111011000111000000000000000000000000000000010000000000000000000000000000000010000000000000000000000000000001000010000000000000000000000000011000100000000000000000000000000
LOG 7782350 us Sab1 CORRUPTED Packet: 64
LOG 7782350 us Sab1 000011101001011111011111011000111000000000000000000000000000000010000000000000000000000000000000010000000000000000000000000000001000010000000000000000000000000011000100000000000000000000000000
[Central]  RECEIVED 	From 1		Data #	Size 24	  Sequence Number 33	(7782350 us)
[Central]  SENDING 		To 1	ACK 	Size 24	  Sequence Number 33	(7782350 us)
[Local]   SENDING 		To 2	Data &	Size 24	  Sequence Number 35	(7933450 us)
LOG 7974400 us Sab1 ORIGINAL Packet: 65
LOG 7974400 us Sab1 000011101001011111011111011000111000000000000000000000000000000010000000000000000000000000000000010000000000000000000000000000000100010000000000000000000000000000110100000000000000000000000000
LOG 7974400 us Sab1 CORRUPTED Packet: 65
LOG 7974400 us Sab1 000011101001011111011111011000111000000000000000000000000000000010000000000000000000000000000000010000000000000000000000000000000100010000000000000000000000000000110100000000000000000000000000
[Central]  RECEIVED 	From 1		Data ,	Size 24	  Sequence Number 34	(7974400 us)
[Central]  SENDING 		To 1	ACK 	Size 24	  Sequence Number 34	(7974400 us)
[Local]   RECEIVED 	From 2		ACK 	Size 24	  Sequence Number 33	(7975350 us)

		RTT of packet with SN 33 : 426 ms
		BASE : 34	NEXTSN : 36


Info: /OSCI/SystemC: Simulation stopped by user.
