
Local   <-->  Central with FullDuplex channel

+----------------------------------------------------------------------------------------------+
|TASK     ACTION        FROM    TO      DATA    SIZE      SEQUENCE NUMBER       TIME STAMP     |
+----------------------------------------------------------------------------------------------+
[Local]   SENDING 		To 2	Data "	Size 24	  Sequence Number 1	(50 us)
[Local]   SENDING 		To 2	Data %	Size 24	  Sequence Number 2	(192100 us)
LOG 193050 us Sab1 ORIGINAL Packet: 0
LOG 193050 us Sab1 000011101001100101001100110110001000000000000000000000000000000010000000000000000000000000000000010000000000000000000000000000001000000000000000000000000000000001000100000000000000000000000000
LOG 193050 us Sab1 CORRUPTED Packet: 0
LOG 193050 us Sab1 000011101001100101001100110110001000000000000000000000000000000010000000000000000000000000000000010000000000000000000000000000001000000000000000000000000000000001000100000000000000000000000000
[Central]  RECEIVED 	From 1		Data "	Size 24	  Sequence Number 1	(193050 us)
[Central]  SENDING 		To 1	ACK 	Size 24	  Sequence Number 1	(193050 us)
LOG 385100 us Sab1 ORIGINAL Packet: 1
LOG 385100 us Sab1 000011101001100101001100110110001000000000000000000000000000000010000000000000000000000000000000010000000000000000000000000000000100000000000000000000000000000010100100000000000000000000000000
LOG 385100 us Sab1 CORRUPTED Packet: 1
LOG 385100 us Sab1 000011101001100101001100110110001000000000000000000000000000000010000000000000000000000000000000010000000000000000000000000000000100000000000000000000000000000010100100000000000000000000000000
[Central]  RECEIVED 	From 1		Data %	Size 24	  Sequence Number 2	(385100 us)
[Central]  SENDING 		To 1	ACK 	Size 24	  Sequence Number 2	(385100 us)
[Local]   RECEIVED 	From 2		ACK 	Size 24	  Sequence Number 1	(386050 us)

		RTT of packet with SN 1 : 386050 us
		BASE : 2	NEXTSN : 3

[Local]   RECEIVED 	From 2		ACK 	Size 24	  Sequence Number 2	(578100 us)

		RTT of packet with SN 2 : 386 ms
		BASE : 3	NEXTSN : 3


		@@@@ timeout 1@@@@
		nextSNTemp : 5, nextSN : 1


		@@@@ timeout 3@@@@
		nextSNTemp : 7, nextSN : 3

[Local]   SENDING 		To 2	Data *	Size 24	  Sequence Number 3	(600050 us)
[Local]   SENDING 		To 2	Data &	Size 24	  Sequence Number 4	(792100 us)
LOG 793050 us Sab1 ORIGINAL Packet: 4
LOG 793050 us Sab1 000011101001100101001100110110001000000000000000000000000000000010000000000000000000000000000000010000000000000000000000000000001100000000000000000000000000000001010100000000000000000000000000
LOG 793050 us Sab1 CORRUPTED Packet: 4
LOG 793050 us Sab1 000011101001100101001100110110001000000000000000000000000000000010000000000000000000000000000000010000000000000000000000000000001100000000000000000000000000000001010100000000000000000000000000
[Central]  RECEIVED 	From 1		Data *	Size 24	  Sequence Number 3	(793050 us)
[Central]  SENDING 		To 1	ACK 	Size 24	  Sequence Number 3	(793050 us)
[Local]   SENDING 		To 2	Data +	Size 24	  Sequence Number 5	(984150 us)
LOG 985100 us Sab1 ORIGINAL Packet: 5
LOG 985100 us Sab1 000011101001100101001100110110001000000000000000000000000000000010000000000000000000000000000000010000000000000000000000000000000010000000000000000000000000000001100100000000000000000000000000
LOG 985100 us Sab1 CORRUPTED Packet: 5
LOG 985100 us Sab1 000011101001100101001100110110001000000000000000000000000000000010000000000000000000000000000000010000000000000000000000000000000010000000000000000000000000000001100100000000000000000000000000
[Central]  RECEIVED 	From 1		Data &	Size 24	  Sequence Number 4	(985100 us)
[Central]  SENDING 		To 1	ACK 	Size 24	  Sequence Number 4	(985100 us)
[Local]   RECEIVED 	From 2		ACK 	Size 24	  Sequence Number 3	(986050 us)

		RTT of packet with SN 3 : 386 ms
		BASE : 4	NEXTSN : 6

[Local]   SENDING 		To 2	Data #	Size 24	  Sequence Number 6	(1176200 us)
LOG 1177150 us Sab1 ORIGINAL Packet: 7
LOG 1177150 us Sab1 000011101001100101001100110110001000000000000000000000000000000010000000000000000000000000000000010000000000000000000000000000001010000000000000000000000000000011010100000000000000000000000000
LOG 1177150 us Sab1 CORRUPTING bit: 65 of Packet: 7 with ERROR_BIT: 0.0018
LOG 1177150 us Sab1 CORRUPTING bit: 151 of Packet: 7 with ERROR_BIT: 0.0018
LOG 1177150 us Sab1 CORRUPTED Packet: 7
LOG 1177150 us Sab1 000011101001100101001100110110001000000000000000000000000000000011000000000000000000000000000000010000000000000000000000000000001010000000000000000000010000000011010100000000000000000000000000
[Central]  RECEIVED 	From 1		Data +	Size 24	  Sequence Number 8388613	(1177150 us)
[Central]  SENDING 		To 3	ACK 	Size 24	  Sequence Number 4	(1177150 us)
[Local]   RECEIVED 	From 2		ACK 	Size 24	  Sequence Number 4	(1178100 us)

		RTT of packet with SN 4 : 386 ms
		BASE : 5	NEXTSN : 7

[Local]   SENDING 		To 2	Data "	Size 24	  Sequence Number 7	(1368250 us)
LOG 1369200 us Sab1 ORIGINAL Packet: 9
LOG 1369200 us Sab1 000011101001100101001100110110001000000000000000000000000000000010000000000000000000000000000000010000000000000000000000000000000110000000000000000000000000000011000100000000000000000000000000
LOG 1369200 us Sab1 CORRUPTED Packet: 9
LOG 1369200 us Sab1 000011101001100101001100110110001000000000000000000000000000000010000000000000000000000000000000010000000000000000000000000000000110000000000000000000000000000011000100000000000000000000000000
[Central]  RECEIVED 	From 1		Data #	Size 24	  Sequence Number 6	(1369200 us)
[Central]  SENDING 		To 1	ACK 	Size 24	  Sequence Number 4	(1369200 us)

		Error - Wrong ACK --- Expected : 5, Actual : 4 -- the ACK will be discarded

[Local]   SENDING 		To 2	Data $	Size 24	  Sequence Number 8	(1560300 us)
LOG 1561250 us Sab1 ORIGINAL Packet: 11
LOG 1561250 us Sab1 000011101001100101001100110110001000000000000000000000000000000010000000000000000000000000000000010000000000000000000000000000001110000000000000000000000000000001000100000000000000000000000000
LOG 1561250 us Sab1 CORRUPTED Packet: 11
LOG 1561250 us Sab1 000011101001100101001100110110001000000000000000000000000000000010000000000000000000000000000000010000000000000000000000000000001110000000000000000000000000000001000100000000000000000000000000
[Central]  RECEIVED 	From 1		Data "	Size 24	  Sequence Number 7	(1561250 us)
[Central]  SENDING 		To 1	ACK 	Size 24	  Sequence Number 4	(1561250 us)

		Error - Wrong ACK --- Expected : 5, Actual : 4 -- the ACK will be discarded


		@@@@ timeout 5@@@@
		nextSNTemp : 9, nextSN : 5

[Local]   SENDING 		To 2	Data +	Size 24	  Sequence Number 5	(1752350 us)
LOG 1753300 us Sab1 ORIGINAL Packet: 13
LOG 1753300 us Sab1 000011101001100101001100110110001000000000000000000000000000000010000000000000000000000000000000010000000000000000000000000000000001000000000000000000000000000000100100000000000000000000000000
LOG 1753300 us Sab1 CORRUPTED Packet: 13
LOG 1753300 us Sab1 000011101001100101001100110110001000000000000000000000000000000010000000000000000000000000000000010000000000000000000000000000000001000000000000000000000000000000100100000000000000000000000000
[Central]  RECEIVED 	From 1		Data $	Size 24	  Sequence Number 8	(1753300 us)
[Central]  SENDING 		To 1	ACK 	Size 24	  Sequence Number 4	(1753300 us)

		Error - Wrong ACK --- Expected : 5, Actual : 4 -- the ACK will be discarded

[Local]   SENDING 		To 2	Data #	Size 24	  Sequence Number 6	(1944400 us)
LOG 1945350 us Sab1 ORIGINAL Packet: 15
LOG 1945350 us Sab1 000011101001100101001100110110001000000000000000000000000000000010000000000000000000000000000000010000000000000000000000000000001010000000000000000000000000000011010100000000000000000000000000
LOG 1945350 us Sab1 CORRUPTED Packet: 15
LOG 1945350 us Sab1 000011101001100101001100110110001000000000000000000000000000000010000000000000000000000000000000010000000000000000000000000000001010000000000000000000000000000011010100000000000000000000000000
[Central]  RECEIVED 	From 1		Data +	Size 24	  Sequence Number 5	(1945350 us)
[Central]  SENDING 		To 1	ACK 	Size 24	  Sequence Number 5	(1945350 us)

		Error - Wrong ACK --- Expected : 5, Actual : 4 -- the ACK will be discarded

[Local]   SENDING 		To 2	Data "	Size 24	  Sequence Number 7	(2136450 us)
LOG 2137400 us Sab1 ORIGINAL Packet: 17
LOG 2137400 us Sab1 000011101001100101001100110110001000000000000000000000000000000010000000000000000000000000000000010000000000000000000000000000000110000000000000000000000000000011000100000000000000000000000000
LOG 2137400 us Sab1 CORRUPTING bit: 181 of Packet: 17 with ERROR_BIT: 0.0018
LOG 2137400 us Sab1 CORRUPTED Packet: 17
LOG 2137400 us Sab1 000011101001100101001100110110001000000000000000000000000000000010000000000000000000000000000000010000000000000000000000000000000110000000000000000000000000000011000100000000000000010000000000
[Central]  RECEIVED 	From 1		Data #	Size 24	  Sequence Number 6	(2137400 us)
[Central]  SENDING 		To 1	ACK 	Size 24	  Sequence Number 6	(2137400 us)
[Local]   RECEIVED 	From 2		ACK 	Size 24	  Sequence Number 5	(2138350 us)

		RTT of packet with SN 5 : 386 ms
		BASE : 6	NEXTSN : 8

[Local]   SENDING 		To 2	Data $	Size 24	  Sequence Number 8	(2328500 us)
LOG 2329450 us Sab1 ORIGINAL Packet: 19
LOG 2329450 us Sab1 000011101001100101001100110110001000000000000000000000000000000010000000000000000000000000000000010000000000000000000000000000001110000000000000000000000000000001000100000000000000000000000000
LOG 2329450 us Sab1 CORRUPTED Packet: 19
LOG 2329450 us Sab1 000011101001100101001100110110001000000000000000000000000000000010000000000000000000000000000000010000000000000000000000000000001110000000000000000000000000000001000100000000000000000000000000
[Central]  RECEIVED 	From 1		Data "	Size 24	  Sequence Number 7	(2329450 us)
[Central]  SENDING 		To 1	ACK 	Size 24	  Sequence Number 7	(2329450 us)
[Local]   RECEIVED 	From 2		ACK 	Size 24	  Sequence Number 6	(2330400 us)

		RTT of packet with SN 6 : 386 ms
		BASE : 7	NEXTSN : 9

[Local]   SENDING 		To 2	Data &	Size 24	  Sequence Number 9	(2520550 us)
LOG 2521500 us Sab1 ORIGINAL Packet: 21
LOG 2521500 us Sab1 000011101001100101001100110110001000000000000000000000000000000010000000000000000000000000000000010000000000000000000000000000000001000000000000000000000000000000100100000000000000000000000000
LOG 2521500 us Sab1 CORRUPTED Packet: 21
LOG 2521500 us Sab1 000011101001100101001100110110001000000000000000000000000000000010000000000000000000000000000000010000000000000000000000000000000001000000000000000000000000000000100100000000000000000000000000
[Central]  RECEIVED 	From 1		Data $	Size 24	  Sequence Number 8	(2521500 us)
[Central]  SENDING 		To 1	ACK 	Size 24	  Sequence Number 8	(2521500 us)
[Local]   RECEIVED 	From 2		ACK 	Size 24	  Sequence Number 7	(2522450 us)

		RTT of packet with SN 7 : 386 ms
		BASE : 8	NEXTSN : 10

[Local]   SENDING 		To 2	Data '	Size 24	  Sequence Number 10	(2712600 us)
LOG 2713550 us Sab1 ORIGINAL Packet: 23
LOG 2713550 us Sab1 000011101001100101001100110110001000000000000000000000000000000010000000000000000000000000000000010000000000000000000000000000001001000000000000000000000000000001100100000000000000000000000000
LOG 2713550 us Sab1 CORRUPTED Packet: 23
LOG 2713550 us Sab1 000011101001100101001100110110001000000000000000000000000000000010000000000000000000000000000000010000000000000000000000000000001001000000000000000000000000000001100100000000000000000000000000
[Central]  RECEIVED 	From 1		Data &	Size 24	  Sequence Number 9	(2713550 us)
[Central]  SENDING 		To 1	ACK 	Size 24	  Sequence Number 9	(2713550 us)
[Local]   RECEIVED 	From 2		ACK 	Size 24	  Sequence Number 8	(2714500 us)

		RTT of packet with SN 8 : 386 ms
		BASE : 9	NEXTSN : 11

LOG 2905600 us Sab1 ORIGINAL Packet: 25
LOG 2905600 us Sab1 000011101001100101001100110110001000000000000000000000000000000010000000000000000000000000000000010000000000000000000000000000000101000000000000000000000000000011100100000000000000000000000000
LOG 2905600 us Sab1 CORRUPTING bit: 167 of Packet: 25 with ERROR_BIT: 0.0018
LOG 2905600 us Sab1 CORRUPTED Packet: 25
LOG 2905600 us Sab1 000011101001100101001100110110001000000000000000000000000000000010000000000000000000000000000000010000000000000000000000000000000101000000000000000000000000000011100101000000000000000000000000
[Central]  RECEIVED 	From 1		Data §	Size 24	  Sequence Number 10	(2905600 us)
[Central]  SENDING 		To 1	ACK 	Size 24	  Sequence Number 10	(2905600 us)
[Local]   RECEIVED 	From 2		ACK 	Size 24	  Sequence Number 9	(2906550 us)

		RTT of packet with SN 9 : 386 ms
		BASE : 10	NEXTSN : 11


		@@@@ timeout 1@@@@
		nextSNTemp : 5, nextSN : 1

[Local]   RECEIVED 	From 2		ACK 	Size 24	  Sequence Number 10	(3098600 us)

		RTT of packet with SN 10 : 386 ms
		BASE : 11	NEXTSN : 11


		@@@@ timeout 11@@@@
		nextSNTemp : 15, nextSN : 11

[Local]   SENDING 		To 2	Data ,	Size 24	  Sequence Number 11	(3098600 us)
[Local]   SENDING 		To 2	Data .	Size 24	  Sequence Number 12	(3290650 us)
LOG 3291600 us Sab1 ORIGINAL Packet: 28
LOG 3291600 us Sab1 000011101001100101001100110110001000000000000000000000000000000010000000000000000000000000000000010000000000000000000000000000001101000000000000000000000000000000110100000000000000000000000000
LOG 3291600 us Sab1 CORRUPTED Packet: 28
LOG 3291600 us Sab1 000011101001100101001100110110001000000000000000000000000000000010000000000000000000000000000000010000000000000000000000000000001101000000000000000000000000000000110100000000000000000000000000
[Central]  RECEIVED 	From 1		Data ,	Size 24	  Sequence Number 11	(3291600 us)
[Central]  SENDING 		To 1	ACK 	Size 24	  Sequence Number 11	(3291600 us)
[Local]   SENDING 		To 2	Data !	Size 24	  Sequence Number 13	(3482700 us)
LOG 3483650 us Sab1 ORIGINAL Packet: 29
LOG 3483650 us Sab1 000011101001100101001100110110001000000000000000000000000000000010000000000000000000000000000000010000000000000000000000000000000011000000000000000000000000000001110100000000000000000000000000
LOG 3483650 us Sab1 CORRUPTED Packet: 29
LOG 3483650 us Sab1 000011101001100101001100110110001000000000000000000000000000000010000000000000000000000000000000010000000000000000000000000000000011000000000000000000000000000001110100000000000000000000000000
[Central]  RECEIVED 	From 1		Data .	Size 24	  Sequence Number 12	(3483650 us)
[Central]  SENDING 		To 1	ACK 	Size 24	  Sequence Number 12	(3483650 us)
[Local]   RECEIVED 	From 2		ACK 	Size 24	  Sequence Number 11	(3484600 us)

		RTT of packet with SN 11 : 386 ms
		BASE : 12	NEXTSN : 14

[Local]   SENDING 		To 2	Data +	Size 24	  Sequence Number 14	(3674750 us)
LOG 3675700 us Sab1 ORIGINAL Packet: 31
LOG 3675700 us Sab1 000011101001100101001100110110001000000000000000000000000000000010000000000000000000000000000000010000000000000000000000000000001011000000000000000000000000000010000100000000000000000000000000
LOG 3675700 us Sab1 CORRUPTED Packet: 31
LOG 3675700 us Sab1 000011101001100101001100110110001000000000000000000000000000000010000000000000000000000000000000010000000000000000000000000000001011000000000000000000000000000010000100000000000000000000000000
[Central]  RECEIVED 	From 1		Data !	Size 24	  Sequence Number 13	(3675700 us)
[Central]  SENDING 		To 1	ACK 	Size 24	  Sequence Number 13	(3675700 us)
[Local]   RECEIVED 	From 2		ACK 	Size 24	  Sequence Number 12	(3676650 us)

		RTT of packet with SN 12 : 386 ms
		BASE : 13	NEXTSN : 15

[Local]   SENDING 		To 2	Data )	Size 24	  Sequence Number 15	(3866800 us)
LOG 3867750 us Sab1 ORIGINAL Packet: 33
LOG 3867750 us Sab1 000011101001100101001100110110001000000000000000000000000000000010000000000000000000000000000000010000000000000000000000000000000111000000000000000000000000000011010100000000000000000000000000
LOG 3867750 us Sab1 CORRUPTED Packet: 33
LOG 3867750 us Sab1 000011101001100101001100110110001000000000000000000000000000000010000000000000000000000000000000010000000000000000000000000000000111000000000000000000000000000011010100000000000000000000000000
[Central]  RECEIVED 	From 1		Data +	Size 24	  Sequence Number 14	(3867750 us)
[Central]  SENDING 		To 1	ACK 	Size 24	  Sequence Number 14	(3867750 us)
[Local]   RECEIVED 	From 2		ACK 	Size 24	  Sequence Number 13	(3868700 us)

		RTT of packet with SN 13 : 386 ms
		BASE : 14	NEXTSN : 16

[Local]   SENDING 		To 2	Data #	Size 24	  Sequence Number 16	(4058850 us)
LOG 4059800 us Sab1 ORIGINAL Packet: 35
LOG 4059800 us Sab1 000011101001100101001100110110001000000000000000000000000000000010000000000000000000000000000000010000000000000000000000000000001111000000000000000000000000000010010100000000000000000000000000
LOG 4059800 us Sab1 CORRUPTED Packet: 35
LOG 4059800 us Sab1 000011101001100101001100110110001000000000000000000000000000000010000000000000000000000000000000010000000000000000000000000000001111000000000000000000000000000010010100000000000000000000000000
[Central]  RECEIVED 	From 1		Data )	Size 24	  Sequence Number 15	(4059800 us)
[Central]  SENDING 		To 1	ACK 	Size 24	  Sequence Number 15	(4059800 us)
[Local]   RECEIVED 	From 2		ACK 	Size 24	  Sequence Number 14	(4060750 us)

		RTT of packet with SN 14 : 386 ms
		BASE : 15	NEXTSN : 17

LOG 4251850 us Sab1 ORIGINAL Packet: 37
LOG 4251850 us Sab1 000011101001100101001100110110001000000000000000000000000000000010000000000000000000000000000000010000000000000000000000000000000000100000000000000000000000000011000100000000000000000000000000
LOG 4251850 us Sab1 CORRUPTING bit: 20 of Packet: 37 with ERROR_BIT: 0.0018
LOG 4251850 us Sab1 CORRUPTED Packet: 37
LOG 4251850 us Sab1 000011101001100101000100110110001000000000000000000000000000000010000000000000000000000000000000010000000000000000000000000000000000100000000000000000000000000011000100000000000000000000000000
[Central]  RECEIVED 	From 1		Data #	Size 24	  Sequence Number 16	(4251850 us)
[Central]  SENDING 		To 1	ACK 	Size 24	  Sequence Number 16	(4251850 us)
[Local]   RECEIVED 	From 2		ACK 	Size 24	  Sequence Number 15	(4252800 us)

		RTT of packet with SN 15 : 386 ms
		BASE : 16	NEXTSN : 17


		@@@@ timeout 1@@@@
		nextSNTemp : 5, nextSN : 1

[Local]   RECEIVED 	From 2		ACK 	Size 24	  Sequence Number 16	(4444850 us)

		RTT of packet with SN 16 : 386 ms
		BASE : 17	NEXTSN : 17


		@@@@ timeout 17@@@@
		nextSNTemp : 21, nextSN : 17

[Local]   SENDING 		To 2	Data $	Size 24	  Sequence Number 17	(4444850 us)
[Local]   SENDING 		To 2	Data !	Size 24	  Sequence Number 18	(4636900 us)
LOG 4637850 us Sab1 ORIGINAL Packet: 40
LOG 4637850 us Sab1 000011101001100101001100110110001000000000000000000000000000000010000000000000000000000000000000010000000000000000000000000000001000100000000000000000000000000000100100000000000000000000000000
LOG 4637850 us Sab1 CORRUPTED Packet: 40
LOG 4637850 us Sab1 000011101001100101001100110110001000000000000000000000000000000010000000000000000000000000000000010000000000000000000000000000001000100000000000000000000000000000100100000000000000000000000000
[Central]  RECEIVED 	From 1		Data $	Size 24	  Sequence Number 17	(4637850 us)
[Central]  SENDING 		To 1	ACK 	Size 24	  Sequence Number 17	(4637850 us)
[Local]   SENDING 		To 2	Data &	Size 24	  Sequence Number 19	(4828950 us)
LOG 4829900 us Sab1 ORIGINAL Packet: 41
LOG 4829900 us Sab1 000011101001100101001100110110001000000000000000000000000000000010000000000000000000000000000000010000000000000000000000000000000100100000000000000000000000000010000100000000000000000000000000
LOG 4829900 us Sab1 CORRUPTED Packet: 41
LOG 4829900 us Sab1 000011101001100101001100110110001000000000000000000000000000000010000000000000000000000000000000010000000000000000000000000000000100100000000000000000000000000010000100000000000000000000000000
[Central]  RECEIVED 	From 1		Data !	Size 24	  Sequence Number 18	(4829900 us)
[Central]  SENDING 		To 1	ACK 	Size 24	  Sequence Number 18	(4829900 us)
[Local]   RECEIVED 	From 2		ACK 	Size 24	  Sequence Number 17	(4830850 us)

		RTT of packet with SN 17 : 386 ms
		BASE : 18	NEXTSN : 20

[Local]   SENDING 		To 2	Data *	Size 24	  Sequence Number 20	(5021 ms)
LOG 5021950 us Sab1 ORIGINAL Packet: 43
LOG 5021950 us Sab1 000011101001100101001100110110001000000000000000000000000000000010000000000000000000000000000000010000000000000000000000000000001100100000000000000000000000000001100100000000000000000000000000
LOG 5021950 us Sab1 CORRUPTING bit: 157 of Packet: 43 with ERROR_BIT: 0.0018
LOG 5021950 us Sab1 CORRUPTED Packet: 43
LOG 5021950 us Sab1 000011101001100101001100110110001000000000000000000000000000000010000000000000000000000000000000010000000000000000000000000000001100100000000000000000000000010001100100000000000000000000000000
[Central]  RECEIVED 	From 1		Data &	Size 24	  Sequence Number 536870931	(5021950 us)
[Central]  SENDING 		To 1	ACK 	Size 24	  Sequence Number 18	(5021950 us)
[Local]   RECEIVED 	From 2		ACK 	Size 24	  Sequence Number 18	(5022900 us)

		RTT of packet with SN 18 : 386 ms
		BASE : 19	NEXTSN : 21

[Local]   SENDING 		To 2	Data -	Size 24	  Sequence Number 21	(5213050 us)
LOG 5214 ms Sab1 ORIGINAL Packet: 45
LOG 5214 ms Sab1 000011101001100101001100110110001000000000000000000000000000000010000000000000000000000000000000010000000000000000000000000000000010100000000000000000000000000001010100000000000000000000000000
LOG 5214 ms Sab1 CORRUPTED Packet: 45
LOG 5214 ms Sab1 000011101001100101001100110110001000000000000000000000000000000010000000000000000000000000000000010000000000000000000000000000000010100000000000000000000000000001010100000000000000000000000000
[Central]  RECEIVED 	From 1		Data *	Size 24	  Sequence Number 20	(5214 ms)
[Central]  SENDING 		To 1	ACK 	Size 24	  Sequence Number 18	(5214 ms)

		Error - Wrong ACK --- Expected : 19, Actual : 18 -- the ACK will be discarded

[Local]   SENDING 		To 2	Data -	Size 24	  Sequence Number 22	(5405100 us)
LOG 5406050 us Sab1 ORIGINAL Packet: 47
LOG 5406050 us Sab1 000011101001100101001100110110001000000000000000000000000000000010000000000000000000000000000000010000000000000000000000000000001010100000000000000000000000000010110100000000000000000000000000
LOG 5406050 us Sab1 CORRUPTING bit: 81 of Packet: 47 with ERROR_BIT: 0.0018
LOG 5406050 us Sab1 CORRUPTED Packet: 47
LOG 5406050 us Sab1 000011101001100101001100110110001000000000000000000000000000000010000000000000000100000000000000010000000000000000000000000000001010100000000000000000000000000010110100000000000000000000000000
[Central]  RECEIVED 	From 1		Data -	Size 24	  Sequence Number 21	(5406050 us)
[Central]  SENDING 		To 131073	ACK 	Size 24	  Sequence Number 18	(5406050 us)

		Error - Wrong ACK --- Expected : 19, Actual : 18 -- the ACK will be discarded


		@@@@ timeout 19@@@@
		nextSNTemp : 23, nextSN : 19

[Local]   SENDING 		To 2	Data &	Size 24	  Sequence Number 19	(5597150 us)
LOG 5598100 us Sab1 ORIGINAL Packet: 49
LOG 5598100 us Sab1 000011101001100101001100110110001000000000000000000000000000000010000000000000000000000000000000010000000000000000000000000000000110100000000000000000000000000010110100000000000000000000000000
LOG 5598100 us Sab1 CORRUPTED Packet: 49
LOG 5598100 us Sab1 000011101001100101001100110110001000000000000000000000000000000010000000000000000000000000000000010000000000000000000000000000000110100000000000000000000000000010110100000000000000000000000000
[Central]  RECEIVED 	From 1		Data -	Size 24	  Sequence Number 22	(5598100 us)
[Central]  SENDING 		To 1	ACK 	Size 24	  Sequence Number 18	(5598100 us)

		Error - Wrong ACK --- Expected : 19, Actual : 18 -- the ACK will be discarded

[Local]   SENDING 		To 2	Data *	Size 24	  Sequence Number 20	(5789200 us)
LOG 5790150 us Sab1 ORIGINAL Packet: 51
LOG 5790150 us Sab1 000011101001100101001100110110001000000000000000000000000000000010000000000000000000000000000000010000000000000000000000000000001100100000000000000000000000000001100100000000000000000000000000
LOG 5790150 us Sab1 CORRUPTED Packet: 51
LOG 5790150 us Sab1 000011101001100101001100110110001000000000000000000000000000000010000000000000000000000000000000010000000000000000000000000000001100100000000000000000000000000001100100000000000000000000000000
[Central]  RECEIVED 	From 1		Data &	Size 24	  Sequence Number 19	(5790150 us)
[Central]  SENDING 		To 1	ACK 	Size 24	  Sequence Number 19	(5790150 us)

		Error - Wrong ACK --- Expected : 19, Actual : 18 -- the ACK will be discarded

[Local]   SENDING 		To 2	Data -	Size 24	  Sequence Number 21	(5981250 us)
LOG 5982200 us Sab1 ORIGINAL Packet: 53
LOG 5982200 us Sab1 000011101001100101001100110110001000000000000000000000000000000010000000000000000000000000000000010000000000000000000000000000000010100000000000000000000000000001010100000000000000000000000000
LOG 5982200 us Sab1 CORRUPTING bit: 134 of Packet: 53 with ERROR_BIT: 0.0018
LOG 5982200 us Sab1 CORRUPTED Packet: 53
LOG 5982200 us Sab1 000011101001100101001100110110001000000000000000000000000000000010000000000000000000000000000000010000000000000000000000000000000010101000000000000000000000000001010100000000000000000000000000
[Central]  RECEIVED 	From 1		Data *	Size 24	  Sequence Number 84	(5982200 us)
[Central]  SENDING 		To 1	ACK 	Size 24	  Sequence Number 19	(5982200 us)
[Local]   RECEIVED 	From 2		ACK 	Size 24	  Sequence Number 19	(5983150 us)

		RTT of packet with SN 19 : 386 ms
		BASE : 20	NEXTSN : 22

[Local]   SENDING 		To 2	Data -	Size 24	  Sequence Number 22	(6173300 us)
LOG 6174250 us Sab1 ORIGINAL Packet: 55
LOG 6174250 us Sab1 000011101001100101001100110110001000000000000000000000000000000010000000000000000000000000000000010000000000000000000000000000001010100000000000000000000000000010110100000000000000000000000000
LOG 6174250 us Sab1 CORRUPTED Packet: 55
LOG 6174250 us Sab1 000011101001100101001100110110001000000000000000000000000000000010000000000000000000000000000000010000000000000000000000000000001010100000000000000000000000000010110100000000000000000000000000
[Central]  RECEIVED 	From 1		Data -	Size 24	  Sequence Number 21	(6174250 us)
[Central]  SENDING 		To 1	ACK 	Size 24	  Sequence Number 19	(6174250 us)

		Error - Wrong ACK --- Expected : 20, Actual : 19 -- the ACK will be discarded

[Local]   SENDING 		To 2	Data .	Size 24	  Sequence Number 23	(6365350 us)
LOG 6366300 us Sab1 ORIGINAL Packet: 57
LOG 6366300 us Sab1 000011101001100101001100110110001000000000000000000000000000000010000000000000000000000000000000010000000000000000000000000000000110100000000000000000000000000010110100000000000000000000000000
LOG 6366300 us Sab1 CORRUPTING bit: 166 of Packet: 57 with ERROR_BIT: 0.0018
LOG 6366300 us Sab1 CORRUPTED Packet: 57
LOG 6366300 us Sab1 000011101001100101001100110110001000000000000000000000000000000010000000000000000000000000000000010000000000000000000000000000000110100000000000000000000000000010110110000000000000000000000000
[Central]  RECEIVED 	From 1		Data m	Size 24	  Sequence Number 22	(6366300 us)
[Central]  SENDING 		To 1	ACK 	Size 24	  Sequence Number 19	(6366300 us)

		Error - Wrong ACK --- Expected : 20, Actual : 19 -- the ACK will be discarded


		@@@@ timeout 20@@@@
		nextSNTemp : 24, nextSN : 20

[Local]   SENDING 		To 2	Data *	Size 24	  Sequence Number 20	(6557400 us)
LOG 6558350 us Sab1 ORIGINAL Packet: 59
LOG 6558350 us Sab1 000011101001100101001100110110001000000000000000000000000000000010000000000000000000000000000000010000000000000000000000000000001110100000000000000000000000000001110100000000000000000000000000
LOG 6558350 us Sab1 CORRUPTED Packet: 59
LOG 6558350 us Sab1 000011101001100101001100110110001000000000000000000000000000000010000000000000000000000000000000010000000000000000000000000000001110100000000000000000000000000001110100000000000000000000000000
[Central]  RECEIVED 	From 1		Data .	Size 24	  Sequence Number 23	(6558350 us)
[Central]  SENDING 		To 1	ACK 	Size 24	  Sequence Number 19	(6558350 us)

		Error - Wrong ACK --- Expected : 20, Actual : 19 -- the ACK will be discarded

[Local]   SENDING 		To 2	Data -	Size 24	  Sequence Number 21	(6749450 us)
LOG 6750400 us Sab1 ORIGINAL Packet: 61
LOG 6750400 us Sab1 000011101001100101001100110110001000000000000000000000000000000010000000000000000000000000000000010000000000000000000000000000000010100000000000000000000000000001010100000000000000000000000000
LOG 6750400 us Sab1 CORRUPTED Packet: 61
LOG 6750400 us Sab1 000011101001100101001100110110001000000000000000000000000000000010000000000000000000000000000000010000000000000000000000000000000010100000000000000000000000000001010100000000000000000000000000
[Central]  RECEIVED 	From 1		Data *	Size 24	  Sequence Number 20	(6750400 us)
[Central]  SENDING 		To 1	ACK 	Size 24	  Sequence Number 20	(6750400 us)

		Error - Wrong ACK --- Expected : 20, Actual : 19 -- the ACK will be discarded

[Local]   SENDING 		To 2	Data -	Size 24	  Sequence Number 22	(6941500 us)
LOG 6942450 us Sab1 ORIGINAL Packet: 63
LOG 6942450 us Sab1 000011101001100101001100110110001000000000000000000000000000000010000000000000000000000000000000010000000000000000000000000000001010100000000000000000000000000010110100000000000000000000000000
LOG 6942450 us Sab1 CORRUPTING bit: 84 of Packet: 63 with ERROR_BIT: 0.0018
LOG 6942450 us Sab1 CORRUPTED Packet: 63
LOG 6942450 us Sab1 000011101001100101001100110110001000000000000000000000000000000010000000000000000000100000000000010000000000000000000000000000001010100000000000000000000000000010110100000000000000000000000000
[Central]  RECEIVED 	From 1		Data -	Size 24	  Sequence Number 21	(6942450 us)
[Central]  SENDING 		To 1048577	ACK 	Size 24	  Sequence Number 21	(6942450 us)
[Local]   RECEIVED 	From 2		ACK 	Size 24	  Sequence Number 20	(6943400 us)

		RTT of packet with SN 20 : 386 ms
		BASE : 21	NEXTSN : 23

[Local]   SENDING 		To 2	Data .	Size 24	  Sequence Number 23	(7133550 us)
LOG 7134500 us Sab1 ORIGINAL Packet: 65
LOG 7134500 us Sab1 000011101001100101001100110110001000000000000000000000000000000010000000000000000000000000000000010000000000000000000000000000000110100000000000000000000000000010110100000000000000000000000000
LOG 7134500 us Sab1 CORRUPTING bit: 84 of Packet: 65 with ERROR_BIT: 0.0018
LOG 7134500 us Sab1 CORRUPTED Packet: 65
LOG 7134500 us Sab1 000011101001100101001100110110001000000000000000000000000000000010000000000000000000100000000000010000000000000000000000000000000110100000000000000000000000000010110100000000000000000000000000
[Central]  RECEIVED 	From 1		Data -	Size 24	  Sequence Number 22	(7134500 us)
[Central]  SENDING 		To 1048577	ACK 	Size 24	  Sequence Number 22	(7134500 us)
[Local]   RECEIVED 	From 2		ACK 	Size 24	  Sequence Number 21	(7135450 us)

		RTT of packet with SN 21 : 386 ms
		BASE : 22	NEXTSN : 24

[Local]   SENDING 		To 2	Data "	Size 24	  Sequence Number 24	(7325600 us)
LOG 7326550 us Sab1 ORIGINAL Packet: 67
LOG 7326550 us Sab1 000011101001100101001100110110001000000000000000000000000000000010000000000000000000000000000000010000000000000000000000000000001110100000000000000000000000000001110100000000000000000000000000
LOG 7326550 us Sab1 CORRUPTED Packet: 67
LOG 7326550 us Sab1 000011101001100101001100110110001000000000000000000000000000000010000000000000000000000000000000010000000000000000000000000000001110100000000000000000000000000001110100000000000000000000000000
[Central]  RECEIVED 	From 1		Data .	Size 24	  Sequence Number 23	(7326550 us)
[Central]  SENDING 		To 1	ACK 	Size 24	  Sequence Number 23	(7326550 us)
[Local]   RECEIVED 	From 2		ACK 	Size 24	  Sequence Number 22	(7327500 us)

		RTT of packet with SN 22 : 386 ms
		BASE : 23	NEXTSN : 25

[Local]   SENDING 		To 2	Data +	Size 24	  Sequence Number 25	(7517650 us)
LOG 7518600 us Sab1 ORIGINAL Packet: 69
LOG 7518600 us Sab1 000011101001100101001100110110001000000000000000000000000000000010000000000000000000000000000000010000000000000000000000000000000001100000000000000000000000000001000100000000000000000000000000
LOG 7518600 us Sab1 CORRUPTED Packet: 69
LOG 7518600 us Sab1 000011101001100101001100110110001000000000000000000000000000000010000000000000000000000000000000010000000000000000000000000000000001100000000000000000000000000001000100000000000000000000000000
[Central]  RECEIVED 	From 1		Data "	Size 24	  Sequence Number 24	(7518600 us)
[Central]  SENDING 		To 1	ACK 	Size 24	  Sequence Number 24	(7518600 us)
[Local]   RECEIVED 	From 2		ACK 	Size 24	  Sequence Number 23	(7519550 us)

		RTT of packet with SN 23 : 386 ms
		BASE : 24	NEXTSN : 26

LOG 7710650 us Sab1 ORIGINAL Packet: 71
LOG 7710650 us Sab1 000011101001100101001100110110001000000000000000000000000000000010000000000000000000000000000000010000000000000000000000000000001001100000000000000000000000000011010100000000000000000000000000
LOG 7710650 us Sab1 CORRUPTED Packet: 71
LOG 7710650 us Sab1 000011101001100101001100110110001000000000000000000000000000000010000000000000000000000000000000010000000000000000000000000000001001100000000000000000000000000011010100000000000000000000000000
[Central]  RECEIVED 	From 1		Data +	Size 24	  Sequence Number 25	(7710650 us)
[Central]  SENDING 		To 1	ACK 	Size 24	  Sequence Number 25	(7710650 us)
[Local]   RECEIVED 	From 2		ACK 	Size 24	  Sequence Number 24	(7711600 us)

		RTT of packet with SN 24 : 386 ms
		BASE : 25	NEXTSN : 26


		@@@@ timeout 1@@@@
		nextSNTemp : 5, nextSN : 1

[Local]   RECEIVED 	From 2		ACK 	Size 24	  Sequence Number 25	(7903650 us)

		RTT of packet with SN 25 : 386 ms
		BASE : 26	NEXTSN : 26


		@@@@ timeout 26@@@@
		nextSNTemp : 30, nextSN : 26

[Local]   SENDING 		To 2	Data -	Size 24	  Sequence Number 26	(7903650 us)

Info: /OSCI/SystemC: Simulation stopped by user.
