
Local   <-->  Central with FullDuplex channel

+----------------------------------------------------------------------------------------------+
|TASK     ACTION        FROM    TO      DATA    SIZE      SEQUENCE NUMBER       TIME STAMP     |
+----------------------------------------------------------------------------------------------+
[Local]   SENDING 		To 2	Data "	Size 24	  Sequence Number 1	(50 us)
[Local]   SENDING 		To 2	Data %	Size 24	  Sequence Number 2	(192100 us)
LOG 343050 us Sab1 ORIGINAL Packet: 0
LOG 343050 us Sab1 000011101001001100010110001011001000000000000000000000000000000010000000000000000000000000000000010000000000000000000000000000001000000000000000000000000000000001000100000000000000000000000000
LOG 343050 us Sab1 CORRUPTED Packet: 0
LOG 343050 us Sab1 000011101001001100010110001011001000000000000000000000000000000010000000000000000000000000000000010000000000000000000000000000001000000000000000000000000000000001000100000000000000000000000000
[Central]  RECEIVED 	From 1		Data "	Size 24	  Sequence Number 1	(343050 us)
[Central]  SENDING 		To 1	ACK 	Size 24	  Sequence Number 1	(343050 us)
LOG 535100 us Sab1 ORIGINAL Packet: 1
LOG 535100 us Sab1 000011101001001100010110001011001000000000000000000000000000000010000000000000000000000000000000010000000000000000000000000000000100000000000000000000000000000010100100000000000000000000000000
LOG 535100 us Sab1 CORRUPTED Packet: 1
LOG 535100 us Sab1 000011101001001100010110001011001000000000000000000000000000000010000000000000000000000000000000010000000000000000000000000000000100000000000000000000000000000010100100000000000000000000000000
[Central]  RECEIVED 	From 1		Data %	Size 24	  Sequence Number 2	(535100 us)
[Central]  SENDING 		To 1	ACK 	Size 24	  Sequence Number 2	(535100 us)
[Local]   RECEIVED 	From 2		ACK 	Size 24	  Sequence Number 1	(536050 us)

		RTT of packet with SN 1 : 536050 us
		BASE : 2	NEXTSN : 3


		@@@@ timeout 1@@@@
		nextSNTemp : 5, nextSN : 1

[Local]   RECEIVED 	From 2		ACK 	Size 24	  Sequence Number 2	(728100 us)

		RTT of packet with SN 2 : 536 ms
		BASE : 3	NEXTSN : 3


		@@@@ timeout 3@@@@
		nextSNTemp : 7, nextSN : 3

[Local]   SENDING 		To 2	Data *	Size 24	  Sequence Number 3	(728100 us)
[Local]   SENDING 		To 2	Data &	Size 24	  Sequence Number 4	(920150 us)
LOG 1071100 us Sab1 ORIGINAL Packet: 4
LOG 1071100 us Sab1 000011101001001100010110001011001000000000000000000000000000000010000000000000000000000000000000010000000000000000000000000000001100000000000000000000000000000001010100000000000000000000000000
LOG 1071100 us Sab1 CORRUPTED Packet: 4
LOG 1071100 us Sab1 000011101001001100010110001011001000000000000000000000000000000010000000000000000000000000000000010000000000000000000000000000001100000000000000000000000000000001010100000000000000000000000000
[Central]  RECEIVED 	From 1		Data *	Size 24	  Sequence Number 3	(1071100 us)
[Central]  SENDING 		To 1	ACK 	Size 24	  Sequence Number 3	(1071100 us)
[Local]   SENDING 		To 2	Data "	Size 24	  Sequence Number 5	(1112200 us)
LOG 1263150 us Sab1 ORIGINAL Packet: 5
LOG 1263150 us Sab1 000011101001001100010110001011001000000000000000000000000000000010000000000000000000000000000000010000000000000000000000000000000010000000000000000000000000000001100100000000000000000000000000
LOG 1263150 us Sab1 CORRUPTED Packet: 5
LOG 1263150 us Sab1 000011101001001100010110001011001000000000000000000000000000000010000000000000000000000000000000010000000000000000000000000000000010000000000000000000000000000001100100000000000000000000000000
[Central]  RECEIVED 	From 1		Data &	Size 24	  Sequence Number 4	(1263150 us)
[Central]  SENDING 		To 1	ACK 	Size 24	  Sequence Number 4	(1263150 us)
[Local]   RECEIVED 	From 2		ACK 	Size 24	  Sequence Number 3	(1264100 us)

		RTT of packet with SN 3 : 536 ms
		BASE : 4	NEXTSN : 6

[Local]   SENDING 		To 2	Data $	Size 24	  Sequence Number 6	(1304250 us)
LOG 1455200 us Sab1 ORIGINAL Packet: 7
LOG 1455200 us Sab1 000011101001001100010110001011001000000000000000000000000000000010000000000000000000000000000000010000000000000000000000000000001010000000000000000000000000000001000100000000000000000000000000
LOG 1455200 us Sab1 CORRUPTED Packet: 7
LOG 1455200 us Sab1 000011101001001100010110001011001000000000000000000000000000000010000000000000000000000000000000010000000000000000000000000000001010000000000000000000000000000001000100000000000000000000000000
[Central]  RECEIVED 	From 1		Data "	Size 24	  Sequence Number 5	(1455200 us)
[Central]  SENDING 		To 1	ACK 	Size 24	  Sequence Number 5	(1455200 us)
[Local]   RECEIVED 	From 2		ACK 	Size 24	  Sequence Number 4	(1456150 us)

		RTT of packet with SN 4 : 536 ms
		BASE : 5	NEXTSN : 7

[Local]   SENDING 		To 2	Data +	Size 24	  Sequence Number 7	(1496300 us)
LOG 1647250 us Sab1 ORIGINAL Packet: 9
LOG 1647250 us Sab1 000011101001001100010110001011001000000000000000000000000000000010000000000000000000000000000000010000000000000000000000000000000110000000000000000000000000000000100100000000000000000000000000
LOG 1647250 us Sab1 CORRUPTED Packet: 9
LOG 1647250 us Sab1 000011101001001100010110001011001000000000000000000000000000000010000000000000000000000000000000010000000000000000000000000000000110000000000000000000000000000000100100000000000000000000000000
[Central]  RECEIVED 	From 1		Data $	Size 24	  Sequence Number 6	(1647250 us)
[Central]  SENDING 		To 1	ACK 	Size 24	  Sequence Number 6	(1647250 us)
[Local]   RECEIVED 	From 2		ACK 	Size 24	  Sequence Number 5	(1648200 us)

		RTT of packet with SN 5 : 536 ms
		BASE : 6	NEXTSN : 8

[Local]   SENDING 		To 2	Data $	Size 24	  Sequence Number 8	(1688350 us)
LOG 1839300 us Sab1 ORIGINAL Packet: 11
LOG 1839300 us Sab1 000011101001001100010110001011001000000000000000000000000000000010000000000000000000000000000000010000000000000000000000000000001110000000000000000000000000000011010100000000000000000000000000
LOG 1839300 us Sab1 CORRUPTED Packet: 11
LOG 1839300 us Sab1 000011101001001100010110001011001000000000000000000000000000000010000000000000000000000000000000010000000000000000000000000000001110000000000000000000000000000011010100000000000000000000000000
[Central]  RECEIVED 	From 1		Data +	Size 24	  Sequence Number 7	(1839300 us)
[Central]  SENDING 		To 1	ACK 	Size 24	  Sequence Number 7	(1839300 us)
[Local]   RECEIVED 	From 2		ACK 	Size 24	  Sequence Number 6	(1840250 us)

		RTT of packet with SN 6 : 536 ms
		BASE : 7	NEXTSN : 9

LOG 2031350 us Sab1 ORIGINAL Packet: 13
LOG 2031350 us Sab1 000011101001001100010110001011001000000000000000000000000000000010000000000000000000000000000000010000000000000000000000000000000001000000000000000000000000000000100100000000000000000000000000
LOG 2031350 us Sab1 CORRUPTED Packet: 13
LOG 2031350 us Sab1 000011101001001100010110001011001000000000000000000000000000000010000000000000000000000000000000010000000000000000000000000000000001000000000000000000000000000000100100000000000000000000000000
[Central]  RECEIVED 	From 1		Data $	Size 24	  Sequence Number 8	(2031350 us)
[Central]  SENDING 		To 1	ACK 	Size 24	  Sequence Number 8	(2031350 us)
[Local]   RECEIVED 	From 2		ACK 	Size 24	  Sequence Number 7	(2032300 us)

		RTT of packet with SN 7 : 536 ms
		BASE : 8	NEXTSN : 9


		@@@@ timeout 1@@@@
		nextSNTemp : 5, nextSN : 1

[Local]   RECEIVED 	From 2		ACK 	Size 24	  Sequence Number 8	(2224350 us)

		RTT of packet with SN 8 : 536 ms
		BASE : 9	NEXTSN : 9


		@@@@ timeout 9@@@@
		nextSNTemp : 13, nextSN : 9

[Local]   SENDING 		To 2	Data #	Size 24	  Sequence Number 9	(2224350 us)
[Local]   SENDING 		To 2	Data &	Size 24	  Sequence Number 10	(2416400 us)
LOG 2567350 us Sab1 ORIGINAL Packet: 16
LOG 2567350 us Sab1 000011101001001100010110001011001000000000000000000000000000000010000000000000000000000000000000010000000000000000000000000000001001000000000000000000000000000011000100000000000000000000000000
LOG 2567350 us Sab1 CORRUPTED Packet: 16
LOG 2567350 us Sab1 000011101001001100010110001011001000000000000000000000000000000010000000000000000000000000000000010000000000000000000000000000001001000000000000000000000000000011000100000000000000000000000000
[Central]  RECEIVED 	From 1		Data #	Size 24	  Sequence Number 9	(2567350 us)
[Central]  SENDING 		To 1	ACK 	Size 24	  Sequence Number 9	(2567350 us)
[Local]   SENDING 		To 2	Data '	Size 24	  Sequence Number 11	(2608450 us)
LOG 2759400 us Sab1 ORIGINAL Packet: 17
LOG 2759400 us Sab1 000011101001001100010110001011001000000000000000000000000000000010000000000000000000000000000000010000000000000000000000000000000101000000000000000000000000000001100100000000000000000000000000
LOG 2759400 us Sab1 CORRUPTED Packet: 17
LOG 2759400 us Sab1 000011101001001100010110001011001000000000000000000000000000000010000000000000000000000000000000010000000000000000000000000000000101000000000000000000000000000001100100000000000000000000000000
[Central]  RECEIVED 	From 1		Data &	Size 24	  Sequence Number 10	(2759400 us)
[Central]  SENDING 		To 1	ACK 	Size 24	  Sequence Number 10	(2759400 us)
[Local]   RECEIVED 	From 2		ACK 	Size 24	  Sequence Number 9	(2760350 us)

		RTT of packet with SN 9 : 536 ms
		BASE : 10	NEXTSN : 12

[Local]   SENDING 		To 2	Data .	Size 24	  Sequence Number 12	(2800500 us)
LOG 2951450 us Sab1 ORIGINAL Packet: 19
LOG 2951450 us Sab1 000011101001001100010110001011001000000000000000000000000000000010000000000000000000000000000000010000000000000000000000000000001101000000000000000000000000000011100100000000000000000000000000
LOG 2951450 us Sab1 CORRUPTED Packet: 19
LOG 2951450 us Sab1 000011101001001100010110001011001000000000000000000000000000000010000000000000000000000000000000010000000000000000000000000000001101000000000000000000000000000011100100000000000000000000000000
[Central]  RECEIVED 	From 1		Data '	Size 24	  Sequence Number 11	(2951450 us)
[Central]  SENDING 		To 1	ACK 	Size 24	  Sequence Number 11	(2951450 us)
[Local]   RECEIVED 	From 2		ACK 	Size 24	  Sequence Number 10	(2952400 us)

		RTT of packet with SN 10 : 536 ms
		BASE : 11	NEXTSN : 13

[Local]   SENDING 		To 2	Data !	Size 24	  Sequence Number 13	(2992550 us)
LOG 3143500 us Sab1 ORIGINAL Packet: 21
LOG 3143500 us Sab1 000011101001001100010110001011001000000000000000000000000000000010000000000000000000000000000000010000000000000000000000000000000011000000000000000000000000000001110100000000000000000000000000
LOG 3143500 us Sab1 CORRUPTED Packet: 21
LOG 3143500 us Sab1 000011101001001100010110001011001000000000000000000000000000000010000000000000000000000000000000010000000000000000000000000000000011000000000000000000000000000001110100000000000000000000000000
[Central]  RECEIVED 	From 1		Data .	Size 24	  Sequence Number 12	(3143500 us)
[Central]  SENDING 		To 1	ACK 	Size 24	  Sequence Number 12	(3143500 us)
[Local]   RECEIVED 	From 2		ACK 	Size 24	  Sequence Number 11	(3144450 us)

		RTT of packet with SN 11 : 536 ms
		BASE : 12	NEXTSN : 14

[Local]   SENDING 		To 2	Data +	Size 24	  Sequence Number 14	(3184600 us)
LOG 3335550 us Sab1 ORIGINAL Packet: 23
LOG 3335550 us Sab1 000011101001001100010110001011001000000000000000000000000000000010000000000000000000000000000000010000000000000000000000000000001011000000000000000000000000000010000100000000000000000000000000
LOG 3335550 us Sab1 CORRUPTED Packet: 23
LOG 3335550 us Sab1 000011101001001100010110001011001000000000000000000000000000000010000000000000000000000000000000010000000000000000000000000000001011000000000000000000000000000010000100000000000000000000000000
[Central]  RECEIVED 	From 1		Data !	Size 24	  Sequence Number 13	(3335550 us)
[Central]  SENDING 		To 1	ACK 	Size 24	  Sequence Number 13	(3335550 us)
[Local]   RECEIVED 	From 2		ACK 	Size 24	  Sequence Number 12	(3336500 us)

		RTT of packet with SN 12 : 536 ms
		BASE : 13	NEXTSN : 15

LOG 3527600 us Sab1 ORIGINAL Packet: 25
LOG 3527600 us Sab1 000011101001001100010110001011001000000000000000000000000000000010000000000000000000000000000000010000000000000000000000000000000111000000000000000000000000000011010100000000000000000000000000
LOG 3527600 us Sab1 CORRUPTED Packet: 25
LOG 3527600 us Sab1 000011101001001100010110001011001000000000000000000000000000000010000000000000000000000000000000010000000000000000000000000000000111000000000000000000000000000011010100000000000000000000000000
[Central]  RECEIVED 	From 1		Data +	Size 24	  Sequence Number 14	(3527600 us)
[Central]  SENDING 		To 1	ACK 	Size 24	  Sequence Number 14	(3527600 us)
[Local]   RECEIVED 	From 2		ACK 	Size 24	  Sequence Number 13	(3528550 us)

		RTT of packet with SN 13 : 536 ms
		BASE : 14	NEXTSN : 15


		@@@@ timeout 1@@@@
		nextSNTemp : 5, nextSN : 1

[Local]   RECEIVED 	From 2		ACK 	Size 24	  Sequence Number 14	(3720600 us)

		RTT of packet with SN 14 : 536 ms
		BASE : 15	NEXTSN : 15


		@@@@ timeout 15@@@@
		nextSNTemp : 19, nextSN : 15

[Local]   SENDING 		To 2	Data )	Size 24	  Sequence Number 15	(3720600 us)
[Local]   SENDING 		To 2	Data #	Size 24	  Sequence Number 16	(3912650 us)
LOG 4063600 us Sab1 ORIGINAL Packet: 28
LOG 4063600 us Sab1 000011101001001100010110001011001000000000000000000000000000000010000000000000000000000000000000010000000000000000000000000000001111000000000000000000000000000010010100000000000000000000000000
LOG 4063600 us Sab1 CORRUPTED Packet: 28
LOG 4063600 us Sab1 000011101001001100010110001011001000000000000000000000000000000010000000000000000000000000000000010000000000000000000000000000001111000000000000000000000000000010010100000000000000000000000000
[Central]  RECEIVED 	From 1		Data )	Size 24	  Sequence Number 15	(4063600 us)
[Central]  SENDING 		To 1	ACK 	Size 24	  Sequence Number 15	(4063600 us)
[Local]   SENDING 		To 2	Data #	Size 24	  Sequence Number 17	(4104700 us)
LOG 4255650 us Sab1 ORIGINAL Packet: 29
LOG 4255650 us Sab1 000011101001001100010110001011001000000000000000000000000000000010000000000000000000000000000000010000000000000000000000000000000000100000000000000000000000000011000100000000000000000000000000
LOG 4255650 us Sab1 CORRUPTED Packet: 29
LOG 4255650 us Sab1 000011101001001100010110001011001000000000000000000000000000000010000000000000000000000000000000010000000000000000000000000000000000100000000000000000000000000011000100000000000000000000000000
[Central]  RECEIVED 	From 1		Data #	Size 24	  Sequence Number 16	(4255650 us)
[Central]  SENDING 		To 1	ACK 	Size 24	  Sequence Number 16	(4255650 us)
[Local]   RECEIVED 	From 2		ACK 	Size 24	  Sequence Number 15	(4256600 us)

		RTT of packet with SN 15 : 536 ms
		BASE : 16	NEXTSN : 18

[Local]   SENDING 		To 2	Data $	Size 24	  Sequence Number 18	(4296750 us)
LOG 4447700 us Sab1 ORIGINAL Packet: 31
LOG 4447700 us Sab1 000011101001001100010110001011001000000000000000000000000000000010000000000000000000000000000000010000000000000000000000000000001000100000000000000000000000000011000100000000000000000000000000
LOG 4447700 us Sab1 CORRUPTED Packet: 31
LOG 4447700 us Sab1 000011101001001100010110001011001000000000000000000000000000000010000000000000000000000000000000010000000000000000000000000000001000100000000000000000000000000011000100000000000000000000000000
[Central]  RECEIVED 	From 1		Data #	Size 24	  Sequence Number 17	(4447700 us)
[Central]  SENDING 		To 1	ACK 	Size 24	  Sequence Number 17	(4447700 us)
[Local]   RECEIVED 	From 2		ACK 	Size 24	  Sequence Number 16	(4448650 us)

		RTT of packet with SN 16 : 536 ms
		BASE : 17	NEXTSN : 19

[Local]   SENDING 		To 2	Data !	Size 24	  Sequence Number 19	(4488800 us)
LOG 4639750 us Sab1 ORIGINAL Packet: 33
LOG 4639750 us Sab1 000011101001001100010110001011001000000000000000000000000000000010000000000000000000000000000000010000000000000000000000000000000100100000000000000000000000000000100100000000000000000000000000
LOG 4639750 us Sab1 CORRUPTED Packet: 33
LOG 4639750 us Sab1 000011101001001100010110001011001000000000000000000000000000000010000000000000000000000000000000010000000000000000000000000000000100100000000000000000000000000000100100000000000000000000000000
[Central]  RECEIVED 	From 1		Data $	Size 24	  Sequence Number 18	(4639750 us)
[Central]  SENDING 		To 1	ACK 	Size 24	  Sequence Number 18	(4639750 us)
[Local]   RECEIVED 	From 2		ACK 	Size 24	  Sequence Number 17	(4640700 us)

		RTT of packet with SN 17 : 536 ms
		BASE : 18	NEXTSN : 20

[Local]   SENDING 		To 2	Data &	Size 24	  Sequence Number 20	(4680850 us)
LOG 4831800 us Sab1 ORIGINAL Packet: 35
LOG 4831800 us Sab1 000011101001001100010110001011001000000000000000000000000000000010000000000000000000000000000000010000000000000000000000000000001100100000000000000000000000000010000100000000000000000000000000
LOG 4831800 us Sab1 CORRUPTED Packet: 35
LOG 4831800 us Sab1 000011101001001100010110001011001000000000000000000000000000000010000000000000000000000000000000010000000000000000000000000000001100100000000000000000000000000010000100000000000000000000000000
[Central]  RECEIVED 	From 1		Data !	Size 24	  Sequence Number 19	(4831800 us)
[Central]  SENDING 		To 1	ACK 	Size 24	  Sequence Number 19	(4831800 us)
[Local]   RECEIVED 	From 2		ACK 	Size 24	  Sequence Number 18	(4832750 us)

		RTT of packet with SN 18 : 536 ms
		BASE : 19	NEXTSN : 21

LOG 5023850 us Sab1 ORIGINAL Packet: 37
LOG 5023850 us Sab1 000011101001001100010110001011001000000000000000000000000000000010000000000000000000000000000000010000000000000000000000000000000010100000000000000000000000000001100100000000000000000000000000
LOG 5023850 us Sab1 CORRUPTED Packet: 37
LOG 5023850 us Sab1 000011101001001100010110001011001000000000000000000000000000000010000000000000000000000000000000010000000000000000000000000000000010100000000000000000000000000001100100000000000000000000000000
[Central]  RECEIVED 	From 1		Data &	Size 24	  Sequence Number 20	(5023850 us)
[Central]  SENDING 		To 1	ACK 	Size 24	  Sequence Number 20	(5023850 us)
[Local]   RECEIVED 	From 2		ACK 	Size 24	  Sequence Number 19	(5024800 us)

		RTT of packet with SN 19 : 536 ms
		BASE : 20	NEXTSN : 21


		@@@@ timeout 1@@@@
		nextSNTemp : 5, nextSN : 1

[Local]   RECEIVED 	From 2		ACK 	Size 24	  Sequence Number 20	(5216850 us)

		RTT of packet with SN 20 : 536 ms
		BASE : 21	NEXTSN : 21


		@@@@ timeout 21@@@@
		nextSNTemp : 25, nextSN : 21

[Local]   SENDING 		To 2	Data *	Size 24	  Sequence Number 21	(5216850 us)
[Local]   SENDING 		To 2	Data #	Size 24	  Sequence Number 22	(5408900 us)
LOG 5559850 us Sab1 ORIGINAL Packet: 40
LOG 5559850 us Sab1 000011101001001100010110001011001000000000000000000000000000000010000000000000000000000000000000010000000000000000000000000000001010100000000000000000000000000001010100000000000000000000000000
LOG 5559850 us Sab1 CORRUPTED Packet: 40
LOG 5559850 us Sab1 000011101001001100010110001011001000000000000000000000000000000010000000000000000000000000000000010000000000000000000000000000001010100000000000000000000000000001010100000000000000000000000000
[Central]  RECEIVED 	From 1		Data *	Size 24	  Sequence Number 21	(5559850 us)
[Central]  SENDING 		To 1	ACK 	Size 24	  Sequence Number 21	(5559850 us)
[Local]   SENDING 		To 2	Data -	Size 24	  Sequence Number 23	(5600950 us)
LOG 5751900 us Sab1 ORIGINAL Packet: 41
LOG 5751900 us Sab1 000011101001001100010110001011001000000000000000000000000000000010000000000000000000000000000000010000000000000000000000000000000110100000000000000000000000000011000100000000000000000000000000
LOG 5751900 us Sab1 CORRUPTED Packet: 41
LOG 5751900 us Sab1 000011101001001100010110001011001000000000000000000000000000000010000000000000000000000000000000010000000000000000000000000000000110100000000000000000000000000011000100000000000000000000000000
[Central]  RECEIVED 	From 1		Data #	Size 24	  Sequence Number 22	(5751900 us)
[Central]  SENDING 		To 1	ACK 	Size 24	  Sequence Number 22	(5751900 us)
[Local]   RECEIVED 	From 2		ACK 	Size 24	  Sequence Number 21	(5752850 us)

		RTT of packet with SN 21 : 536 ms
		BASE : 22	NEXTSN : 24

[Local]   SENDING 		To 2	Data .	Size 24	  Sequence Number 24	(5793 ms)
LOG 5943950 us Sab1 ORIGINAL Packet: 43
LOG 5943950 us Sab1 000011101001001100010110001011001000000000000000000000000000000010000000000000000000000000000000010000000000000000000000000000001110100000000000000000000000000010110100000000000000000000000000
LOG 5943950 us Sab1 CORRUPTED Packet: 43
LOG 5943950 us Sab1 000011101001001100010110001011001000000000000000000000000000000010000000000000000000000000000000010000000000000000000000000000001110100000000000000000000000000010110100000000000000000000000000
[Central]  RECEIVED 	From 1		Data -	Size 24	  Sequence Number 23	(5943950 us)
[Central]  SENDING 		To 1	ACK 	Size 24	  Sequence Number 23	(5943950 us)
[Local]   RECEIVED 	From 2		ACK 	Size 24	  Sequence Number 22	(5944900 us)

		RTT of packet with SN 22 : 536 ms
		BASE : 23	NEXTSN : 25

[Local]   SENDING 		To 2	Data "	Size 24	  Sequence Number 25	(5985050 us)
LOG 6136 ms Sab1 ORIGINAL Packet: 45
LOG 6136 ms Sab1 000011101001001100010110001011001000000000000000000000000000000010000000000000000000000000000000010000000000000000000000000000000001100000000000000000000000000001110100000000000000000000000000
LOG 6136 ms Sab1 CORRUPTED Packet: 45
LOG 6136 ms Sab1 000011101001001100010110001011001000000000000000000000000000000010000000000000000000000000000000010000000000000000000000000000000001100000000000000000000000000001110100000000000000000000000000
[Central]  RECEIVED 	From 1		Data .	Size 24	  Sequence Number 24	(6136 ms)
[Central]  SENDING 		To 1	ACK 	Size 24	  Sequence Number 24	(6136 ms)
[Local]   RECEIVED 	From 2		ACK 	Size 24	  Sequence Number 23	(6136950 us)

		RTT of packet with SN 23 : 536 ms
		BASE : 24	NEXTSN : 26

[Local]   SENDING 		To 2	Data &	Size 24	  Sequence Number 26	(6177100 us)
LOG 6328050 us Sab1 ORIGINAL Packet: 47
LOG 6328050 us Sab1 000011101001001100010110001011001000000000000000000000000000000010000000000000000000000000000000010000000000000000000000000000001001100000000000000000000000000001000100000000000000000000000000
LOG 6328050 us Sab1 CORRUPTED Packet: 47
LOG 6328050 us Sab1 000011101001001100010110001011001000000000000000000000000000000010000000000000000000000000000000010000000000000000000000000000001001100000000000000000000000000001000100000000000000000000000000
[Central]  RECEIVED 	From 1		Data "	Size 24	  Sequence Number 25	(6328050 us)
[Central]  SENDING 		To 1	ACK 	Size 24	  Sequence Number 25	(6328050 us)
[Local]   RECEIVED 	From 2		ACK 	Size 24	  Sequence Number 24	(6329 ms)

		RTT of packet with SN 24 : 536 ms
		BASE : 25	NEXTSN : 27

LOG 6520100 us Sab1 ORIGINAL Packet: 49
LOG 6520100 us Sab1 000011101001001100010110001011001000000000000000000000000000000010000000000000000000000000000000010000000000000000000000000000000101100000000000000000000000000001100100000000000000000000000000
LOG 6520100 us Sab1 CORRUPTED Packet: 49
LOG 6520100 us Sab1 000011101001001100010110001011001000000000000000000000000000000010000000000000000000000000000000010000000000000000000000000000000101100000000000000000000000000001100100000000000000000000000000
[Central]  RECEIVED 	From 1		Data &	Size 24	  Sequence Number 26	(6520100 us)
[Central]  SENDING 		To 1	ACK 	Size 24	  Sequence Number 26	(6520100 us)
[Local]   RECEIVED 	From 2		ACK 	Size 24	  Sequence Number 25	(6521050 us)

		RTT of packet with SN 25 : 536 ms
		BASE : 26	NEXTSN : 27


		@@@@ timeout 1@@@@
		nextSNTemp : 5, nextSN : 1

[Local]   RECEIVED 	From 2		ACK 	Size 24	  Sequence Number 26	(6713100 us)

		RTT of packet with SN 26 : 536 ms
		BASE : 27	NEXTSN : 27


		@@@@ timeout 27@@@@
		nextSNTemp : 31, nextSN : 27

[Local]   SENDING 		To 2	Data !	Size 24	  Sequence Number 27	(6713100 us)
[Local]   SENDING 		To 2	Data +	Size 24	  Sequence Number 28	(6905150 us)
LOG 7056100 us Sab1 ORIGINAL Packet: 52
LOG 7056100 us Sab1 000011101001001100010110001011001000000000000000000000000000000010000000000000000000000000000000010000000000000000000000000000001101100000000000000000000000000010000100000000000000000000000000
LOG 7056100 us Sab1 CORRUPTED Packet: 52
LOG 7056100 us Sab1 000011101001001100010110001011001000000000000000000000000000000010000000000000000000000000000000010000000000000000000000000000001101100000000000000000000000000010000100000000000000000000000000
[Central]  RECEIVED 	From 1		Data !	Size 24	  Sequence Number 27	(7056100 us)
[Central]  SENDING 		To 1	ACK 	Size 24	  Sequence Number 27	(7056100 us)
[Local]   SENDING 		To 2	Data -	Size 24	  Sequence Number 29	(7097200 us)
LOG 7248150 us Sab1 ORIGINAL Packet: 53
LOG 7248150 us Sab1 000011101001001100010110001011001000000000000000000000000000000010000000000000000000000000000000010000000000000000000000000000000011100000000000000000000000000011010100000000000000000000000000
LOG 7248150 us Sab1 CORRUPTED Packet: 53
LOG 7248150 us Sab1 000011101001001100010110001011001000000000000000000000000000000010000000000000000000000000000000010000000000000000000000000000000011100000000000000000000000000011010100000000000000000000000000
[Central]  RECEIVED 	From 1		Data +	Size 24	  Sequence Number 28	(7248150 us)
[Central]  SENDING 		To 1	ACK 	Size 24	  Sequence Number 28	(7248150 us)
[Local]   RECEIVED 	From 2		ACK 	Size 24	  Sequence Number 27	(7249100 us)

		RTT of packet with SN 27 : 536 ms
		BASE : 28	NEXTSN : 30

[Local]   SENDING 		To 2	Data $	Size 24	  Sequence Number 30	(7289250 us)
LOG 7440200 us Sab1 ORIGINAL Packet: 55
LOG 7440200 us Sab1 000011101001001100010110001011001000000000000000000000000000000010000000000000000000000000000000010000000000000000000000000000001011100000000000000000000000000010110100000000000000000000000000
LOG 7440200 us Sab1 CORRUPTED Packet: 55
LOG 7440200 us Sab1 000011101001001100010110001011001000000000000000000000000000000010000000000000000000000000000000010000000000000000000000000000001011100000000000000000000000000010110100000000000000000000000000
[Central]  RECEIVED 	From 1		Data -	Size 24	  Sequence Number 29	(7440200 us)
[Central]  SENDING 		To 1	ACK 	Size 24	  Sequence Number 29	(7440200 us)
[Local]   RECEIVED 	From 2		ACK 	Size 24	  Sequence Number 28	(7441150 us)

		RTT of packet with SN 28 : 536 ms
		BASE : 29	NEXTSN : 31

[Local]   SENDING 		To 2	Data "	Size 24	  Sequence Number 31	(7481300 us)
LOG 7632250 us Sab1 ORIGINAL Packet: 57
LOG 7632250 us Sab1 000011101001001100010110001011001000000000000000000000000000000010000000000000000000000000000000010000000000000000000000000000000111100000000000000000000000000000100100000000000000000000000000
LOG 7632250 us Sab1 CORRUPTED Packet: 57
LOG 7632250 us Sab1 000011101001001100010110001011001000000000000000000000000000000010000000000000000000000000000000010000000000000000000000000000000111100000000000000000000000000000100100000000000000000000000000
[Central]  RECEIVED 	From 1		Data $	Size 24	  Sequence Number 30	(7632250 us)
[Central]  SENDING 		To 1	ACK 	Size 24	  Sequence Number 30	(7632250 us)
[Local]   RECEIVED 	From 2		ACK 	Size 24	  Sequence Number 29	(7633200 us)

		RTT of packet with SN 29 : 536 ms
		BASE : 30	NEXTSN : 32

[Local]   SENDING 		To 2	Data !	Size 24	  Sequence Number 32	(7673350 us)
LOG 7824300 us Sab1 ORIGINAL Packet: 59
LOG 7824300 us Sab1 000011101001001100010110001011001000000000000000000000000000000010000000000000000000000000000000010000000000000000000000000000001111100000000000000000000000000001000100000000000000000000000000
LOG 7824300 us Sab1 CORRUPTED Packet: 59
LOG 7824300 us Sab1 000011101001001100010110001011001000000000000000000000000000000010000000000000000000000000000000010000000000000000000000000000001111100000000000000000000000000001000100000000000000000000000000
[Central]  RECEIVED 	From 1		Data "	Size 24	  Sequence Number 31	(7824300 us)
[Central]  SENDING 		To 1	ACK 	Size 24	  Sequence Number 31	(7824300 us)
[Local]   RECEIVED 	From 2		ACK 	Size 24	  Sequence Number 30	(7825250 us)

		RTT of packet with SN 30 : 536 ms
		BASE : 31	NEXTSN : 33


Info: /OSCI/SystemC: Simulation stopped by user.
