
Local   <-->  Central with FullDuplex channel

+----------------------------------------------------------------------------------------------+
|TASK     ACTION        FROM    TO      DATA    SIZE      SEQUENCE NUMBER       TIME STAMP     |
+----------------------------------------------------------------------------------------------+
[Local]   SENDING 		To 2	Data "	Size 24	  Sequence Number 1	(50 us)
[Local]   SENDING 		To 2	Data %	Size 24	  Sequence Number 2	(240100 us)
LOG 241050 us Sab1 ORIGINAL Packet: 0
LOG 241050 us Sab1 000011101001001100001100010110011000000000000000000000000000000010000000000000000000000000000000010000000000000000000000000000001000000000000000000000000000000001000100000000000000000000000000
LOG 241050 us Sab1 CORRUPTED Packet: 0
LOG 241050 us Sab1 000011101001001100001100010110011000000000000000000000000000000010000000000000000000000000000000010000000000000000000000000000001000000000000000000000000000000001000100000000000000000000000000
[Central]  RECEIVED 	From 1		Data "	Size 24	  Sequence Number 1	(241050 us)
[Central]  SENDING 		To 1	ACK 	Size 24	  Sequence Number 1	(241050 us)
LOG 481100 us Sab1 ORIGINAL Packet: 1
LOG 481100 us Sab1 000011101001001100001100010110011000000000000000000000000000000010000000000000000000000000000000010000000000000000000000000000000100000000000000000000000000000010100100000000000000000000000000
LOG 481100 us Sab1 CORRUPTED Packet: 1
LOG 481100 us Sab1 000011101001001100001100010110011000000000000000000000000000000010000000000000000000000000000000010000000000000000000000000000000100000000000000000000000000000010100100000000000000000000000000
[Central]  RECEIVED 	From 1		Data %	Size 24	  Sequence Number 2	(481100 us)
[Central]  SENDING 		To 1	ACK 	Size 24	  Sequence Number 2	(481100 us)
LOG 482050 us Sab2 ORIGINAL Packet: 2
LOG 482050 us Sab2 100001101110001100001100010110010100000000000000000000000000000001000000000000000000000000000000100000000000000000000000000000001000000000000000000000000000000000000000000000000000000000000000
LOG 482050 us Sab2 CORRUPTED Packet: 2
LOG 482050 us Sab2 100001101110001100001100010110010100000000000000000000000000000001000000000000000000000000000000100000000000000000000000000000001000000000000000000000000000000000000000000000000000000000000000
[Local]   RECEIVED 	From 2		ACK 	Size 24	  Sequence Number 1	(482050 us)

		RTT of packet with SN 1 : 482050 us
		BASE : 2	NEXTSN : 3


		@@@@ timeout 1@@@@
		nextSNTemp : 5, nextSN : 1

LOG 722100 us Sab2 ORIGINAL Packet: 3
LOG 722100 us Sab2 100001101110001100001100010110010100000000000000000000000000000001000000000000000000000000000000100000000000000000000000000000000100000000000000000000000000000000000000000000000000000000000000
LOG 722100 us Sab2 CORRUPTED Packet: 3
LOG 722100 us Sab2 100001101110001100001100010110010100000000000000000000000000000001000000000000000000000000000000100000000000000000000000000000000100000000000000000000000000000000000000000000000000000000000000
[Local]   RECEIVED 	From 2		ACK 	Size 24	  Sequence Number 2	(722100 us)

		RTT of packet with SN 2 : 482 ms
		BASE : 3	NEXTSN : 3


		@@@@ timeout 3@@@@
		nextSNTemp : 7, nextSN : 3

[Local]   SENDING 		To 2	Data *	Size 24	  Sequence Number 3	(722100 us)
[Local]   SENDING 		To 2	Data &	Size 24	  Sequence Number 4	(962150 us)
LOG 963100 us Sab1 ORIGINAL Packet: 4
LOG 963100 us Sab1 000011101001001100001100010110011000000000000000000000000000000010000000000000000000000000000000010000000000000000000000000000001100000000000000000000000000000001010100000000000000000000000000
LOG 963100 us Sab1 CORRUPTED Packet: 4
LOG 963100 us Sab1 000011101001001100001100010110011000000000000000000000000000000010000000000000000000000000000000010000000000000000000000000000001100000000000000000000000000000001010100000000000000000000000000
[Central]  RECEIVED 	From 1		Data *	Size 24	  Sequence Number 3	(963100 us)
[Central]  SENDING 		To 1	ACK 	Size 24	  Sequence Number 3	(963100 us)
[Local]   SENDING 		To 2	Data "	Size 24	  Sequence Number 5	(1202200 us)
LOG 1203150 us Sab1 ORIGINAL Packet: 5
LOG 1203150 us Sab1 000011101001001100001100010110011000000000000000000000000000000010000000000000000000000000000000010000000000000000000000000000000010000000000000000000000000000001100100000000000000000000000000
LOG 1203150 us Sab1 CORRUPTED Packet: 5
LOG 1203150 us Sab1 000011101001001100001100010110011000000000000000000000000000000010000000000000000000000000000000010000000000000000000000000000000010000000000000000000000000000001100100000000000000000000000000
[Central]  RECEIVED 	From 1		Data &	Size 24	  Sequence Number 4	(1203150 us)
[Central]  SENDING 		To 1	ACK 	Size 24	  Sequence Number 4	(1203150 us)
LOG 1204100 us Sab2 ORIGINAL Packet: 6
LOG 1204100 us Sab2 100001101110001100001100010110010100000000000000000000000000000001000000000000000000000000000000100000000000000000000000000000001100000000000000000000000000000000000000000000000000000000000000
LOG 1204100 us Sab2 CORRUPTED Packet: 6
LOG 1204100 us Sab2 100001101110001100001100010110010100000000000000000000000000000001000000000000000000000000000000100000000000000000000000000000001100000000000000000000000000000000000000000000000000000000000000
[Local]   RECEIVED 	From 2		ACK 	Size 24	  Sequence Number 3	(1204100 us)

		RTT of packet with SN 3 : 482 ms
		BASE : 4	NEXTSN : 6

[Local]   SENDING 		To 2	Data #	Size 24	  Sequence Number 6	(1442250 us)
LOG 1443200 us Sab1 ORIGINAL Packet: 7
LOG 1443200 us Sab1 000011101001001100001100010110011000000000000000000000000000000010000000000000000000000000000000010000000000000000000000000000001010000000000000000000000000000001000100000000000000000000000000
LOG 1443200 us Sab1 CORRUPTED Packet: 7
LOG 1443200 us Sab1 000011101001001100001100010110011000000000000000000000000000000010000000000000000000000000000000010000000000000000000000000000001010000000000000000000000000000001000100000000000000000000000000
[Central]  RECEIVED 	From 1		Data "	Size 24	  Sequence Number 5	(1443200 us)
[Central]  SENDING 		To 1	ACK 	Size 24	  Sequence Number 5	(1443200 us)
LOG 1444150 us Sab2 ORIGINAL Packet: 8
LOG 1444150 us Sab2 100001101110001100001100010110010100000000000000000000000000000001000000000000000000000000000000100000000000000000000000000000000010000000000000000000000000000000000000000000000000000000000000
LOG 1444150 us Sab2 CORRUPTED Packet: 8
LOG 1444150 us Sab2 100001101110001100001100010110010100000000000000000000000000000001000000000000000000000000000000100000000000000000000000000000000010000000000000000000000000000000000000000000000000000000000000
[Local]   RECEIVED 	From 2		ACK 	Size 24	  Sequence Number 4	(1444150 us)

		RTT of packet with SN 4 : 482 ms
		BASE : 5	NEXTSN : 7

[Local]   SENDING 		To 2	Data "	Size 24	  Sequence Number 7	(1682300 us)
LOG 1683250 us Sab1 ORIGINAL Packet: 9
LOG 1683250 us Sab1 000011101001001100001100010110011000000000000000000000000000000010000000000000000000000000000000010000000000000000000000000000000110000000000000000000000000000011000100000000000000000000000000
LOG 1683250 us Sab1 CORRUPTED Packet: 9
LOG 1683250 us Sab1 000011101001001100001100010110011000000000000000000000000000000010000000000000000000000000000000010000000000000000000000000000000110000000000000000000000000000011000100000000000000000000000000
[Central]  RECEIVED 	From 1		Data #	Size 24	  Sequence Number 6	(1683250 us)
[Central]  SENDING 		To 1	ACK 	Size 24	  Sequence Number 6	(1683250 us)
LOG 1684200 us Sab2 ORIGINAL Packet: 10
LOG 1684200 us Sab2 100001101110001100001100010110010100000000000000000000000000000001000000000000000000000000000000100000000000000000000000000000001010000000000000000000000000000000000000000000000000000000000000
LOG 1684200 us Sab2 CORRUPTED Packet: 10
LOG 1684200 us Sab2 100001101110001100001100010110010100000000000000000000000000000001000000000000000000000000000000100000000000000000000000000000001010000000000000000000000000000000000000000000000000000000000000
[Local]   RECEIVED 	From 2		ACK 	Size 24	  Sequence Number 5	(1684200 us)

		RTT of packet with SN 5 : 482 ms
		BASE : 6	NEXTSN : 8

[Local]   SENDING 		To 2	Data $	Size 24	  Sequence Number 8	(1922350 us)
LOG 1923300 us Sab1 ORIGINAL Packet: 11
LOG 1923300 us Sab1 000011101001001100001100010110011000000000000000000000000000000010000000000000000000000000000000010000000000000000000000000000001110000000000000000000000000000001000100000000000000000000000000
LOG 1923300 us Sab1 CORRUPTED Packet: 11
LOG 1923300 us Sab1 000011101001001100001100010110011000000000000000000000000000000010000000000000000000000000000000010000000000000000000000000000001110000000000000000000000000000001000100000000000000000000000000
[Central]  RECEIVED 	From 1		Data "	Size 24	  Sequence Number 7	(1923300 us)
[Central]  SENDING 		To 1	ACK 	Size 24	  Sequence Number 7	(1923300 us)
LOG 1924250 us Sab2 ORIGINAL Packet: 12
LOG 1924250 us Sab2 100001101110001100001100010110010100000000000000000000000000000001000000000000000000000000000000100000000000000000000000000000000110000000000000000000000000000000000000000000000000000000000000
LOG 1924250 us Sab2 CORRUPTED Packet: 12
LOG 1924250 us Sab2 100001101110001100001100010110010100000000000000000000000000000001000000000000000000000000000000100000000000000000000000000000000110000000000000000000000000000000000000000000000000000000000000
[Local]   RECEIVED 	From 2		ACK 	Size 24	  Sequence Number 6	(1924250 us)

		RTT of packet with SN 6 : 482 ms
		BASE : 7	NEXTSN : 9

LOG 2163350 us Sab1 ORIGINAL Packet: 13
LOG 2163350 us Sab1 000011101001001100001100010110011000000000000000000000000000000010000000000000000000000000000000010000000000000000000000000000000001000000000000000000000000000000100100000000000000000000000000
LOG 2163350 us Sab1 CORRUPTED Packet: 13
LOG 2163350 us Sab1 000011101001001100001100010110011000000000000000000000000000000010000000000000000000000000000000010000000000000000000000000000000001000000000000000000000000000000100100000000000000000000000000
[Central]  RECEIVED 	From 1		Data $	Size 24	  Sequence Number 8	(2163350 us)
[Central]  SENDING 		To 1	ACK 	Size 24	  Sequence Number 8	(2163350 us)
LOG 2164300 us Sab2 ORIGINAL Packet: 14
LOG 2164300 us Sab2 100001101110001100001100010110010100000000000000000000000000000001000000000000000000000000000000100000000000000000000000000000001110000000000000000000000000000000000000000000000000000000000000
LOG 2164300 us Sab2 CORRUPTED Packet: 14
LOG 2164300 us Sab2 100001101110001100001100010110010100000000000000000000000000000001000000000000000000000000000000100000000000000000000000000000001110000000000000000000000000000000000000000000000000000000000000
[Local]   RECEIVED 	From 2		ACK 	Size 24	  Sequence Number 7	(2164300 us)

		RTT of packet with SN 7 : 482 ms
		BASE : 8	NEXTSN : 9


		@@@@ timeout 1@@@@
		nextSNTemp : 5, nextSN : 1

LOG 2404350 us Sab2 ORIGINAL Packet: 15
LOG 2404350 us Sab2 100001101110001100001100010110010100000000000000000000000000000001000000000000000000000000000000100000000000000000000000000000000001000000000000000000000000000000000000000000000000000000000000
LOG 2404350 us Sab2 CORRUPTED Packet: 15
LOG 2404350 us Sab2 100001101110001100001100010110010100000000000000000000000000000001000000000000000000000000000000100000000000000000000000000000000001000000000000000000000000000000000000000000000000000000000000
[Local]   RECEIVED 	From 2		ACK 	Size 24	  Sequence Number 8	(2404350 us)

		RTT of packet with SN 8 : 482 ms
		BASE : 9	NEXTSN : 9


		@@@@ timeout 9@@@@
		nextSNTemp : 13, nextSN : 9

[Local]   SENDING 		To 2	Data #	Size 24	  Sequence Number 9	(2404350 us)
[Local]   SENDING 		To 2	Data &	Size 24	  Sequence Number 10	(2644400 us)
LOG 2645350 us Sab1 ORIGINAL Packet: 16
LOG 2645350 us Sab1 000011101001001100001100010110011000000000000000000000000000000010000000000000000000000000000000010000000000000000000000000000001001000000000000000000000000000011000100000000000000000000000000
LOG 2645350 us Sab1 CORRUPTED Packet: 16
LOG 2645350 us Sab1 000011101001001100001100010110011000000000000000000000000000000010000000000000000000000000000000010000000000000000000000000000001001000000000000000000000000000011000100000000000000000000000000
[Central]  RECEIVED 	From 1		Data #	Size 24	  Sequence Number 9	(2645350 us)
[Central]  SENDING 		To 1	ACK 	Size 24	  Sequence Number 9	(2645350 us)
[Local]   SENDING 		To 2	Data !	Size 24	  Sequence Number 11	(2884450 us)
LOG 2885400 us Sab1 ORIGINAL Packet: 17
LOG 2885400 us Sab1 000011101001001100001100010110011000000000000000000000000000000010000000000000000000000000000000010000000000000000000000000000000101000000000000000000000000000001100100000000000000000000000000
LOG 2885400 us Sab1 CORRUPTED Packet: 17
LOG 2885400 us Sab1 000011101001001100001100010110011000000000000000000000000000000010000000000000000000000000000000010000000000000000000000000000000101000000000000000000000000000001100100000000000000000000000000
[Central]  RECEIVED 	From 1		Data &	Size 24	  Sequence Number 10	(2885400 us)
[Central]  SENDING 		To 1	ACK 	Size 24	  Sequence Number 10	(2885400 us)
LOG 2886350 us Sab2 ORIGINAL Packet: 18
LOG 2886350 us Sab2 100001101110001100001100010110010100000000000000000000000000000001000000000000000000000000000000100000000000000000000000000000001001000000000000000000000000000000000000000000000000000000000000
LOG 2886350 us Sab2 CORRUPTED Packet: 18
LOG 2886350 us Sab2 100001101110001100001100010110010100000000000000000000000000000001000000000000000000000000000000100000000000000000000000000000001001000000000000000000000000000000000000000000000000000000000000
[Local]   RECEIVED 	From 2		ACK 	Size 24	  Sequence Number 9	(2886350 us)

		RTT of packet with SN 9 : 482 ms
		BASE : 10	NEXTSN : 12

[Local]   SENDING 		To 2	Data +	Size 24	  Sequence Number 12	(3124500 us)
LOG 3125450 us Sab1 ORIGINAL Packet: 19
LOG 3125450 us Sab1 000011101001001100001100010110011000000000000000000000000000000010000000000000000000000000000000010000000000000000000000000000001101000000000000000000000000000010000100000000000000000000000000
LOG 3125450 us Sab1 CORRUPTED Packet: 19
LOG 3125450 us Sab1 000011101001001100001100010110011000000000000000000000000000000010000000000000000000000000000000010000000000000000000000000000001101000000000000000000000000000010000100000000000000000000000000
[Central]  RECEIVED 	From 1		Data !	Size 24	  Sequence Number 11	(3125450 us)
[Central]  SENDING 		To 1	ACK 	Size 24	  Sequence Number 11	(3125450 us)
LOG 3126400 us Sab2 ORIGINAL Packet: 20
LOG 3126400 us Sab2 100001101110001100001100010110010100000000000000000000000000000001000000000000000000000000000000100000000000000000000000000000000101000000000000000000000000000000000000000000000000000000000000
LOG 3126400 us Sab2 CORRUPTED Packet: 20
LOG 3126400 us Sab2 100001101110001100001100010110010100000000000000000000000000000001000000000000000000000000000000100000000000000000000000000000000101000000000000000000000000000000000000000000000000000000000000
[Local]   RECEIVED 	From 2		ACK 	Size 24	  Sequence Number 10	(3126400 us)

		RTT of packet with SN 10 : 482 ms
		BASE : 11	NEXTSN : 13

[Local]   SENDING 		To 2	Data )	Size 24	  Sequence Number 13	(3364550 us)
LOG 3365500 us Sab1 ORIGINAL Packet: 21
LOG 3365500 us Sab1 000011101001001100001100010110011000000000000000000000000000000010000000000000000000000000000000010000000000000000000000000000000011000000000000000000000000000011010100000000000000000000000000
LOG 3365500 us Sab1 CORRUPTED Packet: 21
LOG 3365500 us Sab1 000011101001001100001100010110011000000000000000000000000000000010000000000000000000000000000000010000000000000000000000000000000011000000000000000000000000000011010100000000000000000000000000
[Central]  RECEIVED 	From 1		Data +	Size 24	  Sequence Number 12	(3365500 us)
[Central]  SENDING 		To 1	ACK 	Size 24	  Sequence Number 12	(3365500 us)
LOG 3366450 us Sab2 ORIGINAL Packet: 22
LOG 3366450 us Sab2 100001101110001100001100010110010100000000000000000000000000000001000000000000000000000000000000100000000000000000000000000000001101000000000000000000000000000000000000000000000000000000000000
LOG 3366450 us Sab2 CORRUPTED Packet: 22
LOG 3366450 us Sab2 100001101110001100001100010110010100000000000000000000000000000001000000000000000000000000000000100000000000000000000000000000001101000000000000000000000000000000000000000000000000000000000000
[Local]   RECEIVED 	From 2		ACK 	Size 24	  Sequence Number 11	(3366450 us)

		RTT of packet with SN 11 : 482 ms
		BASE : 12	NEXTSN : 14

[Local]   SENDING 		To 2	Data #	Size 24	  Sequence Number 14	(3604600 us)
LOG 3605550 us Sab1 ORIGINAL Packet: 23
LOG 3605550 us Sab1 000011101001001100001100010110011000000000000000000000000000000010000000000000000000000000000000010000000000000000000000000000001011000000000000000000000000000010010100000000000000000000000000
LOG 3605550 us Sab1 CORRUPTED Packet: 23
LOG 3605550 us Sab1 000011101001001100001100010110011000000000000000000000000000000010000000000000000000000000000000010000000000000000000000000000001011000000000000000000000000000010010100000000000000000000000000
[Central]  RECEIVED 	From 1		Data )	Size 24	  Sequence Number 13	(3605550 us)
[Central]  SENDING 		To 1	ACK 	Size 24	  Sequence Number 13	(3605550 us)
LOG 3606500 us Sab2 ORIGINAL Packet: 24
LOG 3606500 us Sab2 100001101110001100001100010110010100000000000000000000000000000001000000000000000000000000000000100000000000000000000000000000000011000000000000000000000000000000000000000000000000000000000000
LOG 3606500 us Sab2 CORRUPTED Packet: 24
LOG 3606500 us Sab2 100001101110001100001100010110010100000000000000000000000000000001000000000000000000000000000000100000000000000000000000000000000011000000000000000000000000000000000000000000000000000000000000
[Local]   RECEIVED 	From 2		ACK 	Size 24	  Sequence Number 12	(3606500 us)

		RTT of packet with SN 12 : 482 ms
		BASE : 13	NEXTSN : 15

LOG 3845600 us Sab1 ORIGINAL Packet: 25
LOG 3845600 us Sab1 000011101001001100001100010110011000000000000000000000000000000010000000000000000000000000000000010000000000000000000000000000000111000000000000000000000000000011000100000000000000000000000000
LOG 3845600 us Sab1 CORRUPTED Packet: 25
LOG 3845600 us Sab1 000011101001001100001100010110011000000000000000000000000000000010000000000000000000000000000000010000000000000000000000000000000111000000000000000000000000000011000100000000000000000000000000
[Central]  RECEIVED 	From 1		Data #	Size 24	  Sequence Number 14	(3845600 us)
[Central]  SENDING 		To 1	ACK 	Size 24	  Sequence Number 14	(3845600 us)
LOG 3846550 us Sab2 ORIGINAL Packet: 26
LOG 3846550 us Sab2 100001101110001100001100010110010100000000000000000000000000000001000000000000000000000000000000100000000000000000000000000000001011000000000000000000000000000000000000000000000000000000000000
LOG 3846550 us Sab2 CORRUPTED Packet: 26
LOG 3846550 us Sab2 100001101110001100001100010110010100000000000000000000000000000001000000000000000000000000000000100000000000000000000000000000001011000000000000000000000000000000000000000000000000000000000000
[Local]   RECEIVED 	From 2		ACK 	Size 24	  Sequence Number 13	(3846550 us)

		RTT of packet with SN 13 : 482 ms
		BASE : 14	NEXTSN : 15


		@@@@ timeout 1@@@@
		nextSNTemp : 5, nextSN : 1

LOG 4086600 us Sab2 ORIGINAL Packet: 27
LOG 4086600 us Sab2 100001101110001100001100010110010100000000000000000000000000000001000000000000000000000000000000100000000000000000000000000000000111000000000000000000000000000000000000000000000000000000000000
LOG 4086600 us Sab2 CORRUPTED Packet: 27
LOG 4086600 us Sab2 100001101110001100001100010110010100000000000000000000000000000001000000000000000000000000000000100000000000000000000000000000000111000000000000000000000000000000000000000000000000000000000000
[Local]   RECEIVED 	From 2		ACK 	Size 24	  Sequence Number 14	(4086600 us)

		RTT of packet with SN 14 : 482 ms
		BASE : 15	NEXTSN : 15


		@@@@ timeout 15@@@@
		nextSNTemp : 19, nextSN : 15

[Local]   SENDING 		To 2	Data #	Size 24	  Sequence Number 15	(4086600 us)
[Local]   SENDING 		To 2	Data !	Size 24	  Sequence Number 16	(4326650 us)
LOG 4327600 us Sab1 ORIGINAL Packet: 28
LOG 4327600 us Sab1 000011101001001100001100010110011000000000000000000000000000000010000000000000000000000000000000010000000000000000000000000000001111000000000000000000000000000011000100000000000000000000000000
LOG 4327600 us Sab1 CORRUPTED Packet: 28
LOG 4327600 us Sab1 000011101001001100001100010110011000000000000000000000000000000010000000000000000000000000000000010000000000000000000000000000001111000000000000000000000000000011000100000000000000000000000000
[Central]  RECEIVED 	From 1		Data #	Size 24	  Sequence Number 15	(4327600 us)
[Central]  SENDING 		To 1	ACK 	Size 24	  Sequence Number 15	(4327600 us)
[Local]   SENDING 		To 2	Data &	Size 24	  Sequence Number 17	(4566700 us)
LOG 4567650 us Sab1 ORIGINAL Packet: 29
LOG 4567650 us Sab1 000011101001001100001100010110011000000000000000000000000000000010000000000000000000000000000000010000000000000000000000000000000000100000000000000000000000000010000100000000000000000000000000
LOG 4567650 us Sab1 CORRUPTED Packet: 29
LOG 4567650 us Sab1 000011101001001100001100010110011000000000000000000000000000000010000000000000000000000000000000010000000000000000000000000000000000100000000000000000000000000010000100000000000000000000000000
[Central]  RECEIVED 	From 1		Data !	Size 24	  Sequence Number 16	(4567650 us)
[Central]  SENDING 		To 1	ACK 	Size 24	  Sequence Number 16	(4567650 us)
LOG 4568600 us Sab2 ORIGINAL Packet: 30
LOG 4568600 us Sab2 100001101110001100001100010110010100000000000000000000000000000001000000000000000000000000000000100000000000000000000000000000001111000000000000000000000000000000000000000000000000000000000000
LOG 4568600 us Sab2 CORRUPTED Packet: 30
LOG 4568600 us Sab2 100001101110001100001100010110010100000000000000000000000000000001000000000000000000000000000000100000000000000000000000000000001111000000000000000000000000000000000000000000000000000000000000
[Local]   RECEIVED 	From 2		ACK 	Size 24	  Sequence Number 15	(4568600 us)

		RTT of packet with SN 15 : 482 ms
		BASE : 16	NEXTSN : 18

[Local]   SENDING 		To 2	Data *	Size 24	  Sequence Number 18	(4806750 us)
LOG 4807700 us Sab1 ORIGINAL Packet: 31
LOG 4807700 us Sab1 000011101001001100001100010110011000000000000000000000000000000010000000000000000000000000000000010000000000000000000000000000001000100000000000000000000000000001100100000000000000000000000000
LOG 4807700 us Sab1 CORRUPTED Packet: 31
LOG 4807700 us Sab1 000011101001001100001100010110011000000000000000000000000000000010000000000000000000000000000000010000000000000000000000000000001000100000000000000000000000000001100100000000000000000000000000
[Central]  RECEIVED 	From 1		Data &	Size 24	  Sequence Number 17	(4807700 us)
[Central]  SENDING 		To 1	ACK 	Size 24	  Sequence Number 17	(4807700 us)
LOG 4808650 us Sab2 ORIGINAL Packet: 32
LOG 4808650 us Sab2 100001101110001100001100010110010100000000000000000000000000000001000000000000000000000000000000100000000000000000000000000000000000100000000000000000000000000000000000000000000000000000000000
LOG 4808650 us Sab2 CORRUPTED Packet: 32
LOG 4808650 us Sab2 100001101110001100001100010110010100000000000000000000000000000001000000000000000000000000000000100000000000000000000000000000000000100000000000000000000000000000000000000000000000000000000000
[Local]   RECEIVED 	From 2		ACK 	Size 24	  Sequence Number 16	(4808650 us)

		RTT of packet with SN 16 : 482 ms
		BASE : 17	NEXTSN : 19

[Local]   SENDING 		To 2	Data #	Size 24	  Sequence Number 19	(5046800 us)
LOG 5047750 us Sab1 ORIGINAL Packet: 33
LOG 5047750 us Sab1 000011101001001100001100010110011000000000000000000000000000000010000000000000000000000000000000010000000000000000000000000000000100100000000000000000000000000001010100000000000000000000000000
LOG 5047750 us Sab1 CORRUPTED Packet: 33
LOG 5047750 us Sab1 000011101001001100001100010110011000000000000000000000000000000010000000000000000000000000000000010000000000000000000000000000000100100000000000000000000000000001010100000000000000000000000000
[Central]  RECEIVED 	From 1		Data *	Size 24	  Sequence Number 18	(5047750 us)
[Central]  SENDING 		To 1	ACK 	Size 24	  Sequence Number 18	(5047750 us)
LOG 5048700 us Sab2 ORIGINAL Packet: 34
LOG 5048700 us Sab2 100001101110001100001100010110010100000000000000000000000000000001000000000000000000000000000000100000000000000000000000000000001000100000000000000000000000000000000000000000000000000000000000
LOG 5048700 us Sab2 CORRUPTED Packet: 34
LOG 5048700 us Sab2 100001101110001100001100010110010100000000000000000000000000000001000000000000000000000000000000100000000000000000000000000000001000100000000000000000000000000000000000000000000000000000000000
[Local]   RECEIVED 	From 2		ACK 	Size 24	  Sequence Number 17	(5048700 us)

		RTT of packet with SN 17 : 482 ms
		BASE : 18	NEXTSN : 20

[Local]   SENDING 		To 2	Data -	Size 24	  Sequence Number 20	(5286850 us)
LOG 5287800 us Sab1 ORIGINAL Packet: 35
LOG 5287800 us Sab1 000011101001001100001100010110011000000000000000000000000000000010000000000000000000000000000000010000000000000000000000000000001100100000000000000000000000000011000100000000000000000000000000
LOG 5287800 us Sab1 CORRUPTED Packet: 35
LOG 5287800 us Sab1 000011101001001100001100010110011000000000000000000000000000000010000000000000000000000000000000010000000000000000000000000000001100100000000000000000000000000011000100000000000000000000000000
[Central]  RECEIVED 	From 1		Data #	Size 24	  Sequence Number 19	(5287800 us)
[Central]  SENDING 		To 1	ACK 	Size 24	  Sequence Number 19	(5287800 us)
LOG 5288750 us Sab2 ORIGINAL Packet: 36
LOG 5288750 us Sab2 100001101110001100001100010110010100000000000000000000000000000001000000000000000000000000000000100000000000000000000000000000000100100000000000000000000000000000000000000000000000000000000000
LOG 5288750 us Sab2 CORRUPTED Packet: 36
LOG 5288750 us Sab2 100001101110001100001100010110010100000000000000000000000000000001000000000000000000000000000000100000000000000000000000000000000100100000000000000000000000000000000000000000000000000000000000
[Local]   RECEIVED 	From 2		ACK 	Size 24	  Sequence Number 18	(5288750 us)

		RTT of packet with SN 18 : 482 ms
		BASE : 19	NEXTSN : 21

LOG 5527850 us Sab1 ORIGINAL Packet: 37
LOG 5527850 us Sab1 000011101001001100001100010110011000000000000000000000000000000010000000000000000000000000000000010000000000000000000000000000000010100000000000000000000000000010110100000000000000000000000000
LOG 5527850 us Sab1 CORRUPTED Packet: 37
LOG 5527850 us Sab1 000011101001001100001100010110011000000000000000000000000000000010000000000000000000000000000000010000000000000000000000000000000010100000000000000000000000000010110100000000000000000000000000
[Central]  RECEIVED 	From 1		Data -	Size 24	  Sequence Number 20	(5527850 us)
[Central]  SENDING 		To 1	ACK 	Size 24	  Sequence Number 20	(5527850 us)
LOG 5528800 us Sab2 ORIGINAL Packet: 38
LOG 5528800 us Sab2 100001101110001100001100010110010100000000000000000000000000000001000000000000000000000000000000100000000000000000000000000000001100100000000000000000000000000000000000000000000000000000000000
LOG 5528800 us Sab2 CORRUPTED Packet: 38
LOG 5528800 us Sab2 100001101110001100001100010110010100000000000000000000000000000001000000000000000000000000000000100000000000000000000000000000001100100000000000000000000000000000000000000000000000000000000000
[Local]   RECEIVED 	From 2		ACK 	Size 24	  Sequence Number 19	(5528800 us)

		RTT of packet with SN 19 : 482 ms
		BASE : 20	NEXTSN : 21


		@@@@ timeout 1@@@@
		nextSNTemp : 5, nextSN : 1

LOG 5768850 us Sab2 ORIGINAL Packet: 39
LOG 5768850 us Sab2 100001101110001100001100010110010100000000000000000000000000000001000000000000000000000000000000100000000000000000000000000000000010100000000000000000000000000000000000000000000000000000000000
LOG 5768850 us Sab2 CORRUPTED Packet: 39
LOG 5768850 us Sab2 100001101110001100001100010110010100000000000000000000000000000001000000000000000000000000000000100000000000000000000000000000000010100000000000000000000000000000000000000000000000000000000000
[Local]   RECEIVED 	From 2		ACK 	Size 24	  Sequence Number 20	(5768850 us)

		RTT of packet with SN 20 : 482 ms
		BASE : 21	NEXTSN : 21


		@@@@ timeout 21@@@@
		nextSNTemp : 25, nextSN : 21

[Local]   SENDING 		To 2	Data .	Size 24	  Sequence Number 21	(5768850 us)
[Local]   SENDING 		To 2	Data "	Size 24	  Sequence Number 22	(6008900 us)
LOG 6009850 us Sab1 ORIGINAL Packet: 40
LOG 6009850 us Sab1 000011101001001100001100010110011000000000000000000000000000000010000000000000000000000000000000010000000000000000000000000000001010100000000000000000000000000001110100000000000000000000000000
LOG 6009850 us Sab1 CORRUPTED Packet: 40
LOG 6009850 us Sab1 000011101001001100001100010110011000000000000000000000000000000010000000000000000000000000000000010000000000000000000000000000001010100000000000000000000000000001110100000000000000000000000000
[Central]  RECEIVED 	From 1		Data .	Size 24	  Sequence Number 21	(6009850 us)
[Central]  SENDING 		To 1	ACK 	Size 24	  Sequence Number 21	(6009850 us)
[Local]   SENDING 		To 2	Data &	Size 24	  Sequence Number 23	(6248950 us)
LOG 6249900 us Sab1 ORIGINAL Packet: 41
LOG 6249900 us Sab1 000011101001001100001100010110011000000000000000000000000000000010000000000000000000000000000000010000000000000000000000000000000110100000000000000000000000000001000100000000000000000000000000
LOG 6249900 us Sab1 CORRUPTED Packet: 41
LOG 6249900 us Sab1 000011101001001100001100010110011000000000000000000000000000000010000000000000000000000000000000010000000000000000000000000000000110100000000000000000000000000001000100000000000000000000000000
[Central]  RECEIVED 	From 1		Data "	Size 24	  Sequence Number 22	(6249900 us)
[Central]  SENDING 		To 1	ACK 	Size 24	  Sequence Number 22	(6249900 us)
LOG 6250850 us Sab2 ORIGINAL Packet: 42
LOG 6250850 us Sab2 100001101110001100001100010110010100000000000000000000000000000001000000000000000000000000000000100000000000000000000000000000001010100000000000000000000000000000000000000000000000000000000000
LOG 6250850 us Sab2 CORRUPTED Packet: 42
LOG 6250850 us Sab2 100001101110001100001100010110010100000000000000000000000000000001000000000000000000000000000000100000000000000000000000000000001010100000000000000000000000000000000000000000000000000000000000
[Local]   RECEIVED 	From 2		ACK 	Size 24	  Sequence Number 21	(6250850 us)

		RTT of packet with SN 21 : 482 ms
		BASE : 22	NEXTSN : 24

[Local]   SENDING 		To 2	Data &	Size 24	  Sequence Number 24	(6489 ms)
LOG 6489950 us Sab1 ORIGINAL Packet: 43
LOG 6489950 us Sab1 000011101001001100001100010110011000000000000000000000000000000010000000000000000000000000000000010000000000000000000000000000001110100000000000000000000000000001100100000000000000000000000000
LOG 6489950 us Sab1 CORRUPTED Packet: 43
LOG 6489950 us Sab1 000011101001001100001100010110011000000000000000000000000000000010000000000000000000000000000000010000000000000000000000000000001110100000000000000000000000000001100100000000000000000000000000
[Central]  RECEIVED 	From 1		Data &	Size 24	  Sequence Number 23	(6489950 us)
[Central]  SENDING 		To 1	ACK 	Size 24	  Sequence Number 23	(6489950 us)
LOG 6490900 us Sab2 ORIGINAL Packet: 44
LOG 6490900 us Sab2 100001101110001100001100010110010100000000000000000000000000000001000000000000000000000000000000100000000000000000000000000000000110100000000000000000000000000000000000000000000000000000000000
LOG 6490900 us Sab2 CORRUPTED Packet: 44
LOG 6490900 us Sab2 100001101110001100001100010110010100000000000000000000000000000001000000000000000000000000000000100000000000000000000000000000000110100000000000000000000000000000000000000000000000000000000000
[Local]   RECEIVED 	From 2		ACK 	Size 24	  Sequence Number 22	(6490900 us)

		RTT of packet with SN 22 : 482 ms
		BASE : 23	NEXTSN : 25

[Local]   SENDING 		To 2	Data !	Size 24	  Sequence Number 25	(6729050 us)
LOG 6730 ms Sab1 ORIGINAL Packet: 45
LOG 6730 ms Sab1 000011101001001100001100010110011000000000000000000000000000000010000000000000000000000000000000010000000000000000000000000000000001100000000000000000000000000001100100000000000000000000000000
LOG 6730 ms Sab1 CORRUPTED Packet: 45
LOG 6730 ms Sab1 000011101001001100001100010110011000000000000000000000000000000010000000000000000000000000000000010000000000000000000000000000000001100000000000000000000000000001100100000000000000000000000000
[Central]  RECEIVED 	From 1		Data &	Size 24	  Sequence Number 24	(6730 ms)
[Central]  SENDING 		To 1	ACK 	Size 24	  Sequence Number 24	(6730 ms)
LOG 6730950 us Sab2 ORIGINAL Packet: 46
LOG 6730950 us Sab2 100001101110001100001100010110010100000000000000000000000000000001000000000000000000000000000000100000000000000000000000000000001110100000000000000000000000000000000000000000000000000000000000
LOG 6730950 us Sab2 CORRUPTED Packet: 46
LOG 6730950 us Sab2 100001101110001100001100010110010100000000000000000000000000000001000000000000000000000000000000100000000000000000000000000000001110100000000000000000000000000000000000000000000000000000000000
[Local]   RECEIVED 	From 2		ACK 	Size 24	  Sequence Number 23	(6730950 us)

		RTT of packet with SN 23 : 482 ms
		BASE : 24	NEXTSN : 26

[Local]   SENDING 		To 2	Data $	Size 24	  Sequence Number 26	(6969100 us)
LOG 6970050 us Sab1 ORIGINAL Packet: 47
LOG 6970050 us Sab1 000011101001001100001100010110011000000000000000000000000000000010000000000000000000000000000000010000000000000000000000000000001001100000000000000000000000000010000100000000000000000000000000
LOG 6970050 us Sab1 CORRUPTED Packet: 47
LOG 6970050 us Sab1 000011101001001100001100010110011000000000000000000000000000000010000000000000000000000000000000010000000000000000000000000000001001100000000000000000000000000010000100000000000000000000000000
[Central]  RECEIVED 	From 1		Data !	Size 24	  Sequence Number 25	(6970050 us)
[Central]  SENDING 		To 1	ACK 	Size 24	  Sequence Number 25	(6970050 us)
LOG 6971 ms Sab2 ORIGINAL Packet: 48
LOG 6971 ms Sab2 100001101110001100001100010110010100000000000000000000000000000001000000000000000000000000000000100000000000000000000000000000000001100000000000000000000000000000000000000000000000000000000000
LOG 6971 ms Sab2 CORRUPTED Packet: 48
LOG 6971 ms Sab2 100001101110001100001100010110010100000000000000000000000000000001000000000000000000000000000000100000000000000000000000000000000001100000000000000000000000000000000000000000000000000000000000
[Local]   RECEIVED 	From 2		ACK 	Size 24	  Sequence Number 24	(6971 ms)

		RTT of packet with SN 24 : 482 ms
		BASE : 25	NEXTSN : 27

LOG 7210100 us Sab1 ORIGINAL Packet: 49
LOG 7210100 us Sab1 000011101001001100001100010110011000000000000000000000000000000010000000000000000000000000000000010000000000000000000000000000000101100000000000000000000000000000100100000000000000000000000000
LOG 7210100 us Sab1 CORRUPTED Packet: 49
LOG 7210100 us Sab1 000011101001001100001100010110011000000000000000000000000000000010000000000000000000000000000000010000000000000000000000000000000101100000000000000000000000000000100100000000000000000000000000
[Central]  RECEIVED 	From 1		Data $	Size 24	  Sequence Number 26	(7210100 us)
[Central]  SENDING 		To 1	ACK 	Size 24	  Sequence Number 26	(7210100 us)
LOG 7211050 us Sab2 ORIGINAL Packet: 50
LOG 7211050 us Sab2 100001101110001100001100010110010100000000000000000000000000000001000000000000000000000000000000100000000000000000000000000000001001100000000000000000000000000000000000000000000000000000000000
LOG 7211050 us Sab2 CORRUPTED Packet: 50
LOG 7211050 us Sab2 100001101110001100001100010110010100000000000000000000000000000001000000000000000000000000000000100000000000000000000000000000001001100000000000000000000000000000000000000000000000000000000000
[Local]   RECEIVED 	From 2		ACK 	Size 24	  Sequence Number 25	(7211050 us)

		RTT of packet with SN 25 : 482 ms
		BASE : 26	NEXTSN : 27


		@@@@ timeout 1@@@@
		nextSNTemp : 5, nextSN : 1

LOG 7451100 us Sab2 ORIGINAL Packet: 51
LOG 7451100 us Sab2 100001101110001100001100010110010100000000000000000000000000000001000000000000000000000000000000100000000000000000000000000000000101100000000000000000000000000000000000000000000000000000000000
LOG 7451100 us Sab2 CORRUPTED Packet: 51
LOG 7451100 us Sab2 100001101110001100001100010110010100000000000000000000000000000001000000000000000000000000000000100000000000000000000000000000000101100000000000000000000000000000000000000000000000000000000000
[Local]   RECEIVED 	From 2		ACK 	Size 24	  Sequence Number 26	(7451100 us)

		RTT of packet with SN 26 : 482 ms
		BASE : 27	NEXTSN : 27


		@@@@ timeout 27@@@@
		nextSNTemp : 31, nextSN : 27

[Local]   SENDING 		To 2	Data *	Size 24	  Sequence Number 27	(7451100 us)
[Local]   SENDING 		To 2	Data "	Size 24	  Sequence Number 28	(7691150 us)
LOG 7692100 us Sab1 ORIGINAL Packet: 52
LOG 7692100 us Sab1 000011101001001100001100010110011000000000000000000000000000000010000000000000000000000000000000010000000000000000000000000000001101100000000000000000000000000001010100000000000000000000000000
LOG 7692100 us Sab1 CORRUPTED Packet: 52
LOG 7692100 us Sab1 000011101001001100001100010110011000000000000000000000000000000010000000000000000000000000000000010000000000000000000000000000001101100000000000000000000000000001010100000000000000000000000000
[Central]  RECEIVED 	From 1		Data *	Size 24	  Sequence Number 27	(7692100 us)
[Central]  SENDING 		To 1	ACK 	Size 24	  Sequence Number 27	(7692100 us)
[Local]   SENDING 		To 2	Data !	Size 24	  Sequence Number 29	(7931200 us)
LOG 7932150 us Sab1 ORIGINAL Packet: 53
LOG 7932150 us Sab1 000011101001001100001100010110011000000000000000000000000000000010000000000000000000000000000000010000000000000000000000000000000011100000000000000000000000000001000100000000000000000000000000
LOG 7932150 us Sab1 CORRUPTED Packet: 53
LOG 7932150 us Sab1 000011101001001100001100010110011000000000000000000000000000000010000000000000000000000000000000010000000000000000000000000000000011100000000000000000000000000001000100000000000000000000000000
[Central]  RECEIVED 	From 1		Data "	Size 24	  Sequence Number 28	(7932150 us)
[Central]  SENDING 		To 1	ACK 	Size 24	  Sequence Number 28	(7932150 us)
LOG 7933100 us Sab2 ORIGINAL Packet: 54
LOG 7933100 us Sab2 100001101110001100001100010110010100000000000000000000000000000001000000000000000000000000000000100000000000000000000000000000001101100000000000000000000000000000000000000000000000000000000000
LOG 7933100 us Sab2 CORRUPTED Packet: 54
LOG 7933100 us Sab2 100001101110001100001100010110010100000000000000000000000000000001000000000000000000000000000000100000000000000000000000000000001101100000000000000000000000000000000000000000000000000000000000
[Local]   RECEIVED 	From 2		ACK 	Size 24	  Sequence Number 27	(7933100 us)

		RTT of packet with SN 27 : 482 ms
		BASE : 28	NEXTSN : 30


Info: /OSCI/SystemC: Simulation stopped by user.
