
Local   <-->  Central with FullDuplex channel

+----------------------------------------------------------------------------------------------+
|TASK     ACTION        FROM    TO      DATA    SIZE      SEQUENCE NUMBER       TIME STAMP     |
+----------------------------------------------------------------------------------------------+
[Local]   SENDING 		To 2	Data "	Size 24	  Sequence Number 1	(50 us)
[Local]   SENDING 		To 2	Data %	Size 24	  Sequence Number 2	(192100 us)
LOG 193050 us Sab1 ORIGINAL Packet: 0
LOG 193050 us Sab1 000011101001111001101110110010111000000000000000000000000000000010000000000000000000000000000000010000000000000000000000000000001000000000000000000000000000000001000100000000000000000000000000
LOG 193050 us Sab1 CORRUPTED Packet: 0
LOG 193050 us Sab1 000011101001111001101110110010111000000000000000000000000000000010000000000000000000000000000000010000000000000000000000000000001000000000000000000000000000000001000100000000000000000000000000
[Central]  RECEIVED 	From 1		Data "	Size 24	  Sequence Number 1	(193050 us)
[Central]  SENDING 		To 1	ACK 	Size 24	  Sequence Number 1	(193050 us)
LOG 385100 us Sab1 ORIGINAL Packet: 1
LOG 385100 us Sab1 000011101001111001101110110010111000000000000000000000000000000010000000000000000000000000000000010000000000000000000000000000000100000000000000000000000000000010100100000000000000000000000000
LOG 385100 us Sab1 CORRUPTED Packet: 1
LOG 385100 us Sab1 000011101001111001101110110010111000000000000000000000000000000010000000000000000000000000000000010000000000000000000000000000000100000000000000000000000000000010100100000000000000000000000000
[Central]  RECEIVED 	From 1		Data %	Size 24	  Sequence Number 2	(385100 us)
[Central]  SENDING 		To 1	ACK 	Size 24	  Sequence Number 2	(455100 us)
[Local]   RECEIVED 	From 2		ACK 	Size 24	  Sequence Number 1	(456050 us)

		RTT of packet with SN 1 : 456050 us
		BASE : 2	NEXTSN : 3


		@@@@ timeout 1@@@@
		nextSNTemp : 5, nextSN : 1

[Local]   RECEIVED 	From 2		ACK 	Size 24	  Sequence Number 2	(718100 us)

		RTT of packet with SN 2 : 526 ms
		BASE : 3	NEXTSN : 3


		@@@@ timeout 3@@@@
		nextSNTemp : 7, nextSN : 3

[Local]   SENDING 		To 2	Data *	Size 24	  Sequence Number 3	(718100 us)
[Local]   SENDING 		To 2	Data &	Size 24	  Sequence Number 4	(910150 us)
LOG 911100 us Sab1 ORIGINAL Packet: 4
LOG 911100 us Sab1 000011101001111001101110110010111000000000000000000000000000000010000000000000000000000000000000010000000000000000000000000000001100000000000000000000000000000001010100000000000000000000000000
LOG 911100 us Sab1 CORRUPTED Packet: 4
LOG 911100 us Sab1 000011101001111001101110110010111000000000000000000000000000000010000000000000000000000000000000010000000000000000000000000000001100000000000000000000000000000001010100000000000000000000000000
[Central]  RECEIVED 	From 1		Data *	Size 24	  Sequence Number 3	(911100 us)
[Central]  SENDING 		To 1	ACK 	Size 24	  Sequence Number 3	(911100 us)
[Local]   SENDING 		To 2	Data +	Size 24	  Sequence Number 5	(1102200 us)
LOG 1103150 us Sab1 ORIGINAL Packet: 5
LOG 1103150 us Sab1 000011101001111001101110110010111000000000000000000000000000000010000000000000000000000000000000010000000000000000000000000000000010000000000000000000000000000001100100000000000000000000000000
LOG 1103150 us Sab1 CORRUPTED Packet: 5
LOG 1103150 us Sab1 000011101001111001101110110010111000000000000000000000000000000010000000000000000000000000000000010000000000000000000000000000000010000000000000000000000000000001100100000000000000000000000000
[Central]  RECEIVED 	From 1		Data &	Size 24	  Sequence Number 4	(1103150 us)
[Central]  SENDING 		To 1	ACK 	Size 24	  Sequence Number 4	(1173150 us)
[Local]   RECEIVED 	From 2		ACK 	Size 24	  Sequence Number 3	(1174100 us)

		RTT of packet with SN 3 : 456 ms
		BASE : 4	NEXTSN : 6

[Local]   SENDING 		To 2	Data #	Size 24	  Sequence Number 6	(1294250 us)
LOG 1295200 us Sab1 ORIGINAL Packet: 7
LOG 1295200 us Sab1 000011101001111001101110110010111000000000000000000000000000000010000000000000000000000000000000010000000000000000000000000000001010000000000000000000000000000011010100000000000000000000000000
LOG 1295200 us Sab1 CORRUPTED Packet: 7
LOG 1295200 us Sab1 000011101001111001101110110010111000000000000000000000000000000010000000000000000000000000000000010000000000000000000000000000001010000000000000000000000000000011010100000000000000000000000000
[Central]  RECEIVED 	From 1		Data +	Size 24	  Sequence Number 5	(1295200 us)
[Central]  SENDING 		To 1	ACK 	Size 24	  Sequence Number 5	(1435200 us)
[Local]   RECEIVED 	From 2		ACK 	Size 24	  Sequence Number 4	(1436150 us)

		RTT of packet with SN 4 : 526 ms
		BASE : 5	NEXTSN : 7

[Local]   SENDING 		To 2	Data "	Size 24	  Sequence Number 7	(1486300 us)
LOG 1487250 us Sab1 ORIGINAL Packet: 9
LOG 1487250 us Sab1 000011101001111001101110110010111000000000000000000000000000000010000000000000000000000000000000010000000000000000000000000000000110000000000000000000000000000011000100000000000000000000000000
LOG 1487250 us Sab1 CORRUPTED Packet: 9
LOG 1487250 us Sab1 000011101001111001101110110010111000000000000000000000000000000010000000000000000000000000000000010000000000000000000000000000000110000000000000000000000000000011000100000000000000000000000000
[Central]  RECEIVED 	From 1		Data #	Size 24	  Sequence Number 6	(1487250 us)
[Local]   SENDING 		To 2	Data $	Size 24	  Sequence Number 8	(1678350 us)
LOG 1679300 us Sab1 ORIGINAL Packet: 11
LOG 1679300 us Sab1 000011101001111001101110110010111000000000000000000000000000000010000000000000000000000000000000010000000000000000000000000000001110000000000000000000000000000001000100000000000000000000000000
LOG 1679300 us Sab1 CORRUPTED Packet: 11
LOG 1679300 us Sab1 000011101001111001101110110010111000000000000000000000000000000010000000000000000000000000000000010000000000000000000000000000001110000000000000000000000000000001000100000000000000000000000000
[Central]  RECEIVED 	From 1		Data "	Size 24	  Sequence Number 7	(1679300 us)
[Central]  SENDING 		To 1	ACK 	Size 24	  Sequence Number 6	(1697250 us)
[Local]   RECEIVED 	From 2		ACK 	Size 24	  Sequence Number 5	(1698200 us)

		RTT of packet with SN 5 : 596 ms
		BASE : 6	NEXTSN : 9

LOG 1871350 us Sab1 ORIGINAL Packet: 12
LOG 1871350 us Sab1 000011101001111001101110110010111000000000000000000000000000000010000000000000000000000000000000010000000000000000000000000000000001000000000000000000000000000000100100000000000000000000000000
LOG 1871350 us Sab1 CORRUPTED Packet: 12
LOG 1871350 us Sab1 000011101001111001101110110010111000000000000000000000000000000010000000000000000000000000000000010000000000000000000000000000000001000000000000000000000000000000100100000000000000000000000000
[Central]  RECEIVED 	From 1		Data $	Size 24	  Sequence Number 8	(1871350 us)

		@@@@ timeout 6@@@@
		nextSNTemp : 10, nextSN : 6

[Local]   SENDING 		To 2	Data #	Size 24	  Sequence Number 6	(1894300 us)
[Central]  SENDING 		To 1	ACK 	Size 24	  Sequence Number 7	(1959300 us)
[Local]   RECEIVED 	From 2		ACK 	Size 24	  Sequence Number 6	(1960250 us)

		RTT of packet with SN 6 : 65950 us
		BASE : 7	NEXTSN : 7


		@@@@ timeout 7@@@@
		nextSNTemp : 11, nextSN : 7

[Local]   SENDING 		To 2	Data "	Size 24	  Sequence Number 7	(2086350 us)
LOG 2087300 us Sab1 ORIGINAL Packet: 14
LOG 2087300 us Sab1 000011101001111001101110110010111000000000000000000000000000000010000000000000000000000000000000010000000000000000000000000000000110000000000000000000000000000011000100000000000000000000000000
LOG 2087300 us Sab1 CORRUPTED Packet: 14
LOG 2087300 us Sab1 000011101001111001101110110010111000000000000000000000000000000010000000000000000000000000000000010000000000000000000000000000000110000000000000000000000000000011000100000000000000000000000000
[Central]  RECEIVED 	From 1		Data #	Size 24	  Sequence Number 6	(2087300 us)
[Central]  SENDING 		To 1	ACK 	Size 24	  Sequence Number 8	(2221350 us)
[Local]   RECEIVED 	From 2		ACK 	Size 24	  Sequence Number 7	(2222300 us)

		RTT of packet with SN 7 : 135950 us
		BASE : 8	NEXTSN : 8


		@@@@ timeout 8@@@@
		nextSNTemp : 12, nextSN : 8

[Local]   SENDING 		To 2	Data $	Size 24	  Sequence Number 8	(2278400 us)
LOG 2279350 us Sab1 ORIGINAL Packet: 16
LOG 2279350 us Sab1 000011101001111001101110110010111000000000000000000000000000000010000000000000000000000000000000010000000000000000000000000000001110000000000000000000000000000001000100000000000000000000000000
LOG 2279350 us Sab1 CORRUPTED Packet: 16
LOG 2279350 us Sab1 000011101001111001101110110010111000000000000000000000000000000010000000000000000000000000000000010000000000000000000000000000001110000000000000000000000000000001000100000000000000000000000000
[Central]  RECEIVED 	From 1		Data "	Size 24	  Sequence Number 7	(2279350 us)
[Local]   SENDING 		To 2	Data &	Size 24	  Sequence Number 9	(2470450 us)
LOG 2471400 us Sab1 ORIGINAL Packet: 18
LOG 2471400 us Sab1 000011101001111001101110110010111000000000000000000000000000000010000000000000000000000000000000010000000000000000000000000000000001000000000000000000000000000000100100000000000000000000000000
LOG 2471400 us Sab1 CORRUPTED Packet: 18
LOG 2471400 us Sab1 000011101001111001101110110010111000000000000000000000000000000010000000000000000000000000000000010000000000000000000000000000000001000000000000000000000000000000100100000000000000000000000000
[Central]  RECEIVED 	From 1		Data $	Size 24	  Sequence Number 8	(2471400 us)
[Central]  SENDING 		To 1	ACK 	Size 24	  Sequence Number 8	(2483400 us)
[Local]   RECEIVED 	From 2		ACK 	Size 24	  Sequence Number 8	(2484350 us)

		RTT of packet with SN 8 : 205950 us
		BASE : 9	NEXTSN : 10

[Local]   SENDING 		To 2	Data '	Size 24	  Sequence Number 10	(2662500 us)
LOG 2663450 us Sab1 ORIGINAL Packet: 19
LOG 2663450 us Sab1 000011101001111001101110110010111000000000000000000000000000000010000000000000000000000000000000010000000000000000000000000000001001000000000000000000000000000001100100000000000000000000000000
LOG 2663450 us Sab1 CORRUPTED Packet: 19
LOG 2663450 us Sab1 000011101001111001101110110010111000000000000000000000000000000010000000000000000000000000000000010000000000000000000000000000001001000000000000000000000000000001100100000000000000000000000000
[Central]  RECEIVED 	From 1		Data &	Size 24	  Sequence Number 9	(2663450 us)
[Central]  SENDING 		To 1	ACK 	Size 24	  Sequence Number 8	(2745450 us)

		Error - Wrong ACK --- Expected : 9, Actual : 8 -- the ACK will be discarded

[Local]   SENDING 		To 2	Data ,	Size 24	  Sequence Number 11	(2854550 us)
LOG 2855500 us Sab1 ORIGINAL Packet: 21
LOG 2855500 us Sab1 000011101001111001101110110010111000000000000000000000000000000010000000000000000000000000000000010000000000000000000000000000000101000000000000000000000000000011100100000000000000000000000000
LOG 2855500 us Sab1 CORRUPTED Packet: 21
LOG 2855500 us Sab1 000011101001111001101110110010111000000000000000000000000000000010000000000000000000000000000000010000000000000000000000000000000101000000000000000000000000000011100100000000000000000000000000
[Central]  RECEIVED 	From 1		Data '	Size 24	  Sequence Number 10	(2855500 us)
[Central]  SENDING 		To 1	ACK 	Size 24	  Sequence Number 8	(3007500 us)

		Error - Wrong ACK --- Expected : 9, Actual : 8 -- the ACK will be discarded

[Local]   SENDING 		To 2	Data .	Size 24	  Sequence Number 12	(3046600 us)
LOG 3047550 us Sab1 ORIGINAL Packet: 23
LOG 3047550 us Sab1 000011101001111001101110110010111000000000000000000000000000000010000000000000000000000000000000010000000000000000000000000000001101000000000000000000000000000000110100000000000000000000000000
LOG 3047550 us Sab1 CORRUPTED Packet: 23
LOG 3047550 us Sab1 000011101001111001101110110010111000000000000000000000000000000010000000000000000000000000000000010000000000000000000000000000001101000000000000000000000000000000110100000000000000000000000000
[Central]  RECEIVED 	From 1		Data ,	Size 24	  Sequence Number 11	(3047550 us)

		@@@@ timeout 9@@@@
		nextSNTemp : 13, nextSN : 9

[Local]   SENDING 		To 2	Data &	Size 24	  Sequence Number 9	(3238650 us)
LOG 3239600 us Sab1 ORIGINAL Packet: 25
LOG 3239600 us Sab1 000011101001111001101110110010111000000000000000000000000000000010000000000000000000000000000000010000000000000000000000000000000011000000000000000000000000000001110100000000000000000000000000
LOG 3239600 us Sab1 CORRUPTED Packet: 25
LOG 3239600 us Sab1 000011101001111001101110110010111000000000000000000000000000000010000000000000000000000000000000010000000000000000000000000000000011000000000000000000000000000001110100000000000000000000000000
[Central]  RECEIVED 	From 1		Data .	Size 24	  Sequence Number 12	(3239600 us)
[Central]  SENDING 		To 1	ACK 	Size 24	  Sequence Number 9	(3269550 us)

		Error - Wrong ACK --- Expected : 9, Actual : 8 -- the ACK will be discarded

[Local]   SENDING 		To 2	Data '	Size 24	  Sequence Number 10	(3430700 us)
LOG 3431650 us Sab1 ORIGINAL Packet: 26
LOG 3431650 us Sab1 000011101001111001101110110010111000000000000000000000000000000010000000000000000000000000000000010000000000000000000000000000001001000000000000000000000000000001100100000000000000000000000000
LOG 3431650 us Sab1 CORRUPTED Packet: 26
LOG 3431650 us Sab1 000011101001111001101110110010111000000000000000000000000000000010000000000000000000000000000000010000000000000000000000000000001001000000000000000000000000000001100100000000000000000000000000
[Central]  RECEIVED 	From 1		Data &	Size 24	  Sequence Number 9	(3431650 us)
[Central]  SENDING 		To 1	ACK 	Size 24	  Sequence Number 10	(3531600 us)
[Local]   RECEIVED 	From 2		ACK 	Size 24	  Sequence Number 9	(3532550 us)

		RTT of packet with SN 9 : 293900 us
		BASE : 10	NEXTSN : 11

[Local]   SENDING 		To 2	Data ,	Size 24	  Sequence Number 11	(3622750 us)
LOG 3623700 us Sab1 ORIGINAL Packet: 28
LOG 3623700 us Sab1 000011101001111001101110110010111000000000000000000000000000000010000000000000000000000000000000010000000000000000000000000000000101000000000000000000000000000011100100000000000000000000000000
LOG 3623700 us Sab1 CORRUPTED Packet: 28
LOG 3623700 us Sab1 000011101001111001101110110010111000000000000000000000000000000010000000000000000000000000000000010000000000000000000000000000000101000000000000000000000000000011100100000000000000000000000000
[Central]  RECEIVED 	From 1		Data '	Size 24	  Sequence Number 10	(3623700 us)
[Central]  SENDING 		To 1	ACK 	Size 24	  Sequence Number 11	(3793650 us)
[Local]   RECEIVED 	From 2		ACK 	Size 24	  Sequence Number 10	(3794600 us)

		RTT of packet with SN 10 : 363900 us
		BASE : 11	NEXTSN : 12

[Local]   SENDING 		To 2	Data .	Size 24	  Sequence Number 12	(3814800 us)
LOG 3815750 us Sab1 ORIGINAL Packet: 30
LOG 3815750 us Sab1 000011101001111001101110110010111000000000000000000000000000000010000000000000000000000000000000010000000000000000000000000000001101000000000000000000000000000000110100000000000000000000000000
LOG 3815750 us Sab1 CORRUPTED Packet: 30
LOG 3815750 us Sab1 000011101001111001101110110010111000000000000000000000000000000010000000000000000000000000000000010000000000000000000000000000001101000000000000000000000000000000110100000000000000000000000000
[Central]  RECEIVED 	From 1		Data ,	Size 24	  Sequence Number 11	(3815750 us)
[Local]   SENDING 		To 2	Data !	Size 24	  Sequence Number 13	(4006850 us)
LOG 4007800 us Sab1 ORIGINAL Packet: 32
LOG 4007800 us Sab1 000011101001111001101110110010111000000000000000000000000000000010000000000000000000000000000000010000000000000000000000000000000011000000000000000000000000000001110100000000000000000000000000
LOG 4007800 us Sab1 CORRUPTED Packet: 32
LOG 4007800 us Sab1 000011101001111001101110110010111000000000000000000000000000000010000000000000000000000000000000010000000000000000000000000000000011000000000000000000000000000001110100000000000000000000000000
[Central]  RECEIVED 	From 1		Data .	Size 24	  Sequence Number 12	(4007800 us)
[Central]  SENDING 		To 1	ACK 	Size 24	  Sequence Number 12	(4055700 us)
[Local]   RECEIVED 	From 2		ACK 	Size 24	  Sequence Number 11	(4056650 us)

		RTT of packet with SN 11 : 433900 us
		BASE : 12	NEXTSN : 14

[Local]   SENDING 		To 2	Data +	Size 24	  Sequence Number 14	(4198900 us)
LOG 4199850 us Sab1 ORIGINAL Packet: 33
LOG 4199850 us Sab1 000011101001111001101110110010111000000000000000000000000000000010000000000000000000000000000000010000000000000000000000000000001011000000000000000000000000000010000100000000000000000000000000
LOG 4199850 us Sab1 CORRUPTED Packet: 33
LOG 4199850 us Sab1 000011101001111001101110110010111000000000000000000000000000000010000000000000000000000000000000010000000000000000000000000000001011000000000000000000000000000010000100000000000000000000000000
[Central]  RECEIVED 	From 1		Data !	Size 24	  Sequence Number 13	(4199850 us)
[Central]  SENDING 		To 1	ACK 	Size 24	  Sequence Number 12	(4317750 us)
[Local]   RECEIVED 	From 2		ACK 	Size 24	  Sequence Number 12	(4318700 us)

		RTT of packet with SN 12 : 503900 us
		BASE : 13	NEXTSN : 15

LOG 4391900 us Sab1 ORIGINAL Packet: 35
LOG 4391900 us Sab1 000011101001111001101110110010111000000000000000000000000000000010000000000000000000000000000000010000000000000000000000000000000111000000000000000000000000000011010100000000000000000000000000
LOG 4391900 us Sab1 CORRUPTED Packet: 35
LOG 4391900 us Sab1 000011101001111001101110110010111000000000000000000000000000000010000000000000000000000000000000010000000000000000000000000000000111000000000000000000000000000011010100000000000000000000000000
[Central]  RECEIVED 	From 1		Data +	Size 24	  Sequence Number 14	(4391900 us)
[Central]  SENDING 		To 1	ACK 	Size 24	  Sequence Number 12	(4579800 us)

		Error - Wrong ACK --- Expected : 13, Actual : 12 -- the ACK will be discarded


		@@@@ timeout 13@@@@
		nextSNTemp : 17, nextSN : 13

[Local]   SENDING 		To 2	Data !	Size 24	  Sequence Number 13	(4606900 us)
[Local]   SENDING 		To 2	Data +	Size 24	  Sequence Number 14	(4798950 us)
LOG 4799900 us Sab1 ORIGINAL Packet: 38
LOG 4799900 us Sab1 000011101001111001101110110010111000000000000000000000000000000010000000000000000000000000000000010000000000000000000000000000001011000000000000000000000000000010000100000000000000000000000000
LOG 4799900 us Sab1 CORRUPTED Packet: 38
LOG 4799900 us Sab1 000011101001111001101110110010111000000000000000000000000000000010000000000000000000000000000000010000000000000000000000000000001011000000000000000000000000000010000100000000000000000000000000
[Central]  RECEIVED 	From 1		Data !	Size 24	  Sequence Number 13	(4799900 us)
[Central]  SENDING 		To 1	ACK 	Size 24	  Sequence Number 12	(4841850 us)

		Error - Wrong ACK --- Expected : 13, Actual : 12 -- the ACK will be discarded

[Local]   SENDING 		To 2	Data )	Size 24	  Sequence Number 15	(4991 ms)
LOG 4991950 us Sab1 ORIGINAL Packet: 39
LOG 4991950 us Sab1 000011101001111001101110110010111000000000000000000000000000000010000000000000000000000000000000010000000000000000000000000000000111000000000000000000000000000011010100000000000000000000000000
LOG 4991950 us Sab1 CORRUPTED Packet: 39
LOG 4991950 us Sab1 000011101001111001101110110010111000000000000000000000000000000010000000000000000000000000000000010000000000000000000000000000000111000000000000000000000000000011010100000000000000000000000000
[Central]  RECEIVED 	From 1		Data +	Size 24	  Sequence Number 14	(4991950 us)
[Central]  SENDING 		To 1	ACK 	Size 24	  Sequence Number 12	(5103900 us)

		Error - Wrong ACK --- Expected : 13, Actual : 12 -- the ACK will be discarded

[Local]   SENDING 		To 2	Data #	Size 24	  Sequence Number 16	(5183050 us)
LOG 5184 ms Sab1 ORIGINAL Packet: 41
LOG 5184 ms Sab1 000011101001111001101110110010111000000000000000000000000000000010000000000000000000000000000000010000000000000000000000000000001111000000000000000000000000000010010100000000000000000000000000
LOG 5184 ms Sab1 CORRUPTED Packet: 41
LOG 5184 ms Sab1 000011101001111001101110110010111000000000000000000000000000000010000000000000000000000000000000010000000000000000000000000000001111000000000000000000000000000010010100000000000000000000000000
[Central]  RECEIVED 	From 1		Data )	Size 24	  Sequence Number 15	(5184 ms)
[Central]  SENDING 		To 1	ACK 	Size 24	  Sequence Number 13	(5365950 us)

		Error - Wrong ACK --- Expected : 13, Actual : 12 -- the ACK will be discarded


		@@@@ timeout 13@@@@
		nextSNTemp : 17, nextSN : 13

[Local]   SENDING 		To 2	Data !	Size 24	  Sequence Number 13	(5375100 us)
LOG 5376050 us Sab1 ORIGINAL Packet: 43
LOG 5376050 us Sab1 000011101001111001101110110010111000000000000000000000000000000010000000000000000000000000000000010000000000000000000000000000000000100000000000000000000000000011000100000000000000000000000000
LOG 5376050 us Sab1 CORRUPTED Packet: 43
LOG 5376050 us Sab1 000011101001111001101110110010111000000000000000000000000000000010000000000000000000000000000000010000000000000000000000000000000000100000000000000000000000000011000100000000000000000000000000
[Central]  RECEIVED 	From 1		Data #	Size 24	  Sequence Number 16	(5376050 us)
[Local]   SENDING 		To 2	Data +	Size 24	  Sequence Number 14	(5567150 us)
LOG 5568100 us Sab1 ORIGINAL Packet: 45
LOG 5568100 us Sab1 000011101001111001101110110010111000000000000000000000000000000010000000000000000000000000000000010000000000000000000000000000001011000000000000000000000000000010000100000000000000000000000000
LOG 5568100 us Sab1 CORRUPTED Packet: 45
LOG 5568100 us Sab1 000011101001111001101110110010111000000000000000000000000000000010000000000000000000000000000000010000000000000000000000000000001011000000000000000000000000000010000100000000000000000000000000
[Central]  RECEIVED 	From 1		Data !	Size 24	  Sequence Number 13	(5568100 us)
[Central]  SENDING 		To 1	ACK 	Size 24	  Sequence Number 14	(5628 ms)
[Local]   RECEIVED 	From 2		ACK 	Size 24	  Sequence Number 13	(5628950 us)

		RTT of packet with SN 13 : 253850 us
		BASE : 14	NEXTSN : 15

[Local]   SENDING 		To 2	Data )	Size 24	  Sequence Number 15	(5759200 us)
LOG 5760150 us Sab1 ORIGINAL Packet: 46
LOG 5760150 us Sab1 000011101001111001101110110010111000000000000000000000000000000010000000000000000000000000000000010000000000000000000000000000000111000000000000000000000000000011010100000000000000000000000000
LOG 5760150 us Sab1 CORRUPTED Packet: 46
LOG 5760150 us Sab1 000011101001111001101110110010111000000000000000000000000000000010000000000000000000000000000000010000000000000000000000000000000111000000000000000000000000000011010100000000000000000000000000
[Central]  RECEIVED 	From 1		Data +	Size 24	  Sequence Number 14	(5760150 us)
[Central]  SENDING 		To 1	ACK 	Size 24	  Sequence Number 14	(5890050 us)
[Local]   RECEIVED 	From 2		ACK 	Size 24	  Sequence Number 14	(5891 ms)

		RTT of packet with SN 14 : 323850 us
		BASE : 15	NEXTSN : 16

[Local]   SENDING 		To 2	Data #	Size 24	  Sequence Number 16	(5951250 us)
LOG 5952200 us Sab1 ORIGINAL Packet: 48
LOG 5952200 us Sab1 000011101001111001101110110010111000000000000000000000000000000010000000000000000000000000000000010000000000000000000000000000001111000000000000000000000000000010010100000000000000000000000000
LOG 5952200 us Sab1 CORRUPTED Packet: 48
LOG 5952200 us Sab1 000011101001111001101110110010111000000000000000000000000000000010000000000000000000000000000000010000000000000000000000000000001111000000000000000000000000000010010100000000000000000000000000
[Central]  RECEIVED 	From 1		Data )	Size 24	  Sequence Number 15	(5952200 us)
[Local]   SENDING 		To 2	Data #	Size 24	  Sequence Number 17	(6143300 us)
LOG 6144250 us Sab1 ORIGINAL Packet: 50
LOG 6144250 us Sab1 000011101001111001101110110010111000000000000000000000000000000010000000000000000000000000000000010000000000000000000000000000000000100000000000000000000000000011000100000000000000000000000000
LOG 6144250 us Sab1 CORRUPTED Packet: 50
LOG 6144250 us Sab1 000011101001111001101110110010111000000000000000000000000000000010000000000000000000000000000000010000000000000000000000000000000000100000000000000000000000000011000100000000000000000000000000
[Central]  RECEIVED 	From 1		Data #	Size 24	  Sequence Number 16	(6144250 us)
[Central]  SENDING 		To 1	ACK 	Size 24	  Sequence Number 14	(6152100 us)

		Error - Wrong ACK --- Expected : 15, Actual : 14 -- the ACK will be discarded

[Local]   SENDING 		To 2	Data $	Size 24	  Sequence Number 18	(6335350 us)
LOG 6336300 us Sab1 ORIGINAL Packet: 51
LOG 6336300 us Sab1 000011101001111001101110110010111000000000000000000000000000000010000000000000000000000000000000010000000000000000000000000000001000100000000000000000000000000011000100000000000000000000000000
LOG 6336300 us Sab1 CORRUPTED Packet: 51
LOG 6336300 us Sab1 000011101001111001101110110010111000000000000000000000000000000010000000000000000000000000000000010000000000000000000000000000001000100000000000000000000000000011000100000000000000000000000000
[Central]  RECEIVED 	From 1		Data #	Size 24	  Sequence Number 17	(6336300 us)
[Central]  SENDING 		To 1	ACK 	Size 24	  Sequence Number 15	(6414150 us)

		Error - Wrong ACK --- Expected : 15, Actual : 14 -- the ACK will be discarded


		@@@@ timeout 15@@@@
		nextSNTemp : 19, nextSN : 15

[Local]   SENDING 		To 2	Data )	Size 24	  Sequence Number 15	(6527400 us)
LOG 6528350 us Sab1 ORIGINAL Packet: 53
LOG 6528350 us Sab1 000011101001111001101110110010111000000000000000000000000000000010000000000000000000000000000000010000000000000000000000000000000100100000000000000000000000000000100100000000000000000000000000
LOG 6528350 us Sab1 CORRUPTED Packet: 53
LOG 6528350 us Sab1 000011101001111001101110110010111000000000000000000000000000000010000000000000000000000000000000010000000000000000000000000000000100100000000000000000000000000000100100000000000000000000000000
[Central]  RECEIVED 	From 1		Data $	Size 24	  Sequence Number 18	(6528350 us)
[Central]  SENDING 		To 1	ACK 	Size 24	  Sequence Number 16	(6676200 us)
[Local]   RECEIVED 	From 2		ACK 	Size 24	  Sequence Number 15	(6677150 us)

		RTT of packet with SN 15 : 149750 us
		BASE : 16	NEXTSN : 16


		@@@@ timeout 16@@@@
		nextSNTemp : 20, nextSN : 16

[Local]   SENDING 		To 2	Data #	Size 24	  Sequence Number 16	(6719450 us)
LOG 6720400 us Sab1 ORIGINAL Packet: 55
LOG 6720400 us Sab1 000011101001111001101110110010111000000000000000000000000000000010000000000000000000000000000000010000000000000000000000000000001111000000000000000000000000000010010100000000000000000000000000
LOG 6720400 us Sab1 CORRUPTED Packet: 55
LOG 6720400 us Sab1 000011101001111001101110110010111000000000000000000000000000000010000000000000000000000000000000010000000000000000000000000000001111000000000000000000000000000010010100000000000000000000000000
[Central]  RECEIVED 	From 1		Data )	Size 24	  Sequence Number 15	(6720400 us)
[Local]   SENDING 		To 2	Data #	Size 24	  Sequence Number 17	(6911500 us)
LOG 6912450 us Sab1 ORIGINAL Packet: 57
LOG 6912450 us Sab1 000011101001111001101110110010111000000000000000000000000000000010000000000000000000000000000000010000000000000000000000000000000000100000000000000000000000000011000100000000000000000000000000
LOG 6912450 us Sab1 CORRUPTED Packet: 57
LOG 6912450 us Sab1 000011101001111001101110110010111000000000000000000000000000000010000000000000000000000000000000010000000000000000000000000000000000100000000000000000000000000011000100000000000000000000000000
[Central]  RECEIVED 	From 1		Data #	Size 24	  Sequence Number 16	(6912450 us)
[Central]  SENDING 		To 1	ACK 	Size 24	  Sequence Number 16	(6938250 us)
[Local]   RECEIVED 	From 2		ACK 	Size 24	  Sequence Number 16	(6939200 us)

		RTT of packet with SN 16 : 219750 us
		BASE : 17	NEXTSN : 18

[Local]   SENDING 		To 2	Data $	Size 24	  Sequence Number 18	(7103550 us)
LOG 7104500 us Sab1 ORIGINAL Packet: 58
LOG 7104500 us Sab1 000011101001111001101110110010111000000000000000000000000000000010000000000000000000000000000000010000000000000000000000000000001000100000000000000000000000000011000100000000000000000000000000
LOG 7104500 us Sab1 CORRUPTED Packet: 58
LOG 7104500 us Sab1 000011101001111001101110110010111000000000000000000000000000000010000000000000000000000000000000010000000000000000000000000000001000100000000000000000000000000011000100000000000000000000000000
[Central]  RECEIVED 	From 1		Data #	Size 24	  Sequence Number 17	(7104500 us)
[Central]  SENDING 		To 1	ACK 	Size 24	  Sequence Number 16	(7200300 us)

		Error - Wrong ACK --- Expected : 17, Actual : 16 -- the ACK will be discarded

[Local]   SENDING 		To 2	Data !	Size 24	  Sequence Number 19	(7295600 us)
LOG 7296550 us Sab1 ORIGINAL Packet: 60
LOG 7296550 us Sab1 000011101001111001101110110010111000000000000000000000000000000010000000000000000000000000000000010000000000000000000000000000000100100000000000000000000000000000100100000000000000000000000000
LOG 7296550 us Sab1 CORRUPTED Packet: 60
LOG 7296550 us Sab1 000011101001111001101110110010111000000000000000000000000000000010000000000000000000000000000000010000000000000000000000000000000100100000000000000000000000000000100100000000000000000000000000
[Central]  RECEIVED 	From 1		Data $	Size 24	  Sequence Number 18	(7296550 us)
[Central]  SENDING 		To 1	ACK 	Size 24	  Sequence Number 16	(7462350 us)

		Error - Wrong ACK --- Expected : 17, Actual : 16 -- the ACK will be discarded

[Local]   SENDING 		To 2	Data *	Size 24	  Sequence Number 20	(7487650 us)
LOG 7488600 us Sab1 ORIGINAL Packet: 62
LOG 7488600 us Sab1 000011101001111001101110110010111000000000000000000000000000000010000000000000000000000000000000010000000000000000000000000000001100100000000000000000000000000010000100000000000000000000000000
LOG 7488600 us Sab1 CORRUPTED Packet: 62
LOG 7488600 us Sab1 000011101001111001101110110010111000000000000000000000000000000010000000000000000000000000000000010000000000000000000000000000001100100000000000000000000000000010000100000000000000000000000000
[Central]  RECEIVED 	From 1		Data !	Size 24	  Sequence Number 19	(7488600 us)

		@@@@ timeout 17@@@@
		nextSNTemp : 21, nextSN : 17

[Local]   SENDING 		To 2	Data #	Size 24	  Sequence Number 17	(7679700 us)
LOG 7680650 us Sab1 ORIGINAL Packet: 64
LOG 7680650 us Sab1 000011101001111001101110110010111000000000000000000000000000000010000000000000000000000000000000010000000000000000000000000000000010100000000000000000000000000001010100000000000000000000000000
LOG 7680650 us Sab1 CORRUPTED Packet: 64
LOG 7680650 us Sab1 000011101001111001101110110010111000000000000000000000000000000010000000000000000000000000000000010000000000000000000000000000000010100000000000000000000000000001010100000000000000000000000000
[Central]  RECEIVED 	From 1		Data *	Size 24	  Sequence Number 20	(7680650 us)
[Central]  SENDING 		To 1	ACK 	Size 24	  Sequence Number 16	(7724400 us)

		Error - Wrong ACK --- Expected : 17, Actual : 16 -- the ACK will be discarded

[Local]   SENDING 		To 2	Data $	Size 24	  Sequence Number 18	(7871750 us)
LOG 7872700 us Sab1 ORIGINAL Packet: 65
LOG 7872700 us Sab1 000011101001111001101110110010111000000000000000000000000000000010000000000000000000000000000000010000000000000000000000000000001000100000000000000000000000000011000100000000000000000000000000
LOG 7872700 us Sab1 CORRUPTED Packet: 65
LOG 7872700 us Sab1 000011101001111001101110110010111000000000000000000000000000000010000000000000000000000000000000010000000000000000000000000000001000100000000000000000000000000011000100000000000000000000000000
[Central]  RECEIVED 	From 1		Data #	Size 24	  Sequence Number 17	(7872700 us)
[Central]  SENDING 		To 1	ACK 	Size 24	  Sequence Number 17	(7986450 us)

		Error - Wrong ACK --- Expected : 17, Actual : 16 -- the ACK will be discarded


Info: /OSCI/SystemC: Simulation stopped by user.
