
Local   <-->  Central with FullDuplex channel

+----------------------------------------------------------------------------------------------+
|TASK     ACTION        FROM    TO      DATA    SIZE      SEQUENCE NUMBER       TIME STAMP     |
+----------------------------------------------------------------------------------------------+
[Local]   SENDING 		To 2	Data "	Size 24	  Sequence Number 1	(50 us)
[Local]   SENDING 		To 2	Data %	Size 24	  Sequence Number 2	(192100 us)
LOG 193050 us Sab1 ORIGINAL Packet: 0
LOG 193050 us Sab1 000011101001001100111010010001001000000000000000000000000000000010000000000000000000000000000000010000000000000000000000000000001000000000000000000000000000000001000100000000000000000000000000
LOG 193050 us Sab1 CORRUPTED Packet: 0
LOG 193050 us Sab1 000011101001001100111010010001001000000000000000000000000000000010000000000000000000000000000000010000000000000000000000000000001000000000000000000000000000000001000100000000000000000000000000
[Central]  RECEIVED 	From 1		Data "	Size 24	  Sequence Number 1	(193050 us)
[Central]  SENDING 		To 1	ACK 	Size 24	  Sequence Number 1	(193050 us)
LOG 385100 us Sab1 ORIGINAL Packet: 1
LOG 385100 us Sab1 000011101001001100111010010001001000000000000000000000000000000010000000000000000000000000000000010000000000000000000000000000000100000000000000000000000000000010100100000000000000000000000000
LOG 385100 us Sab1 CORRUPTED Packet: 1
LOG 385100 us Sab1 000011101001001100111010010001001000000000000000000000000000000010000000000000000000000000000000010000000000000000000000000000000100000000000000000000000000000010100100000000000000000000000000
[Local]   RECEIVED 	From 2		ACK 	Size 24	  Sequence Number 1	(386050 us)

		RTT of packet with SN 1 : 386050 us
		BASE : 2	NEXTSN : 3


		@@@@ timeout 1@@@@
		nextSNTemp : 5, nextSN : 1


		@@@@ timeout 2@@@@
		nextSNTemp : 6, nextSN : 2

[Local]   SENDING 		To 2	Data %	Size 24	  Sequence Number 2	(792150 us)
[Local]   SENDING 		To 2	Data *	Size 24	  Sequence Number 3	(984200 us)
LOG 985150 us Sab1 ORIGINAL Packet: 3
LOG 985150 us Sab1 000011101001001100111010010001001000000000000000000000000000000010000000000000000000000000000000010000000000000000000000000000000100000000000000000000000000000010100100000000000000000000000000
LOG 985150 us Sab1 CORRUPTED Packet: 3
LOG 985150 us Sab1 000011101001001100111010010001001000000000000000000000000000000010000000000000000000000000000000010000000000000000000000000000000100000000000000000000000000000010100100000000000000000000000000
[Central]  RECEIVED 	From 1		Data %	Size 24	  Sequence Number 2	(985150 us)
[Central]  SENDING 		To 1	ACK 	Size 24	  Sequence Number 2	(985150 us)
[Local]   SENDING 		To 2	Data &	Size 24	  Sequence Number 4	(1176250 us)
LOG 1177200 us Sab1 ORIGINAL Packet: 4
LOG 1177200 us Sab1 000011101001001100111010010001001000000000000000000000000000000010000000000000000000000000000000010000000000000000000000000000001100000000000000000000000000000001010100000000000000000000000000
LOG 1177200 us Sab1 CORRUPTED Packet: 4
LOG 1177200 us Sab1 000011101001001100111010010001001000000000000000000000000000000010000000000000000000000000000000010000000000000000000000000000001100000000000000000000000000000001010100000000000000000000000000
[Central]  RECEIVED 	From 1		Data *	Size 24	  Sequence Number 3	(1177200 us)
[Central]  SENDING 		To 1	ACK 	Size 24	  Sequence Number 3	(1177200 us)
[Local]   RECEIVED 	From 2		ACK 	Size 24	  Sequence Number 2	(1178150 us)

		RTT of packet with SN 2 : 386 ms
		BASE : 3	NEXTSN : 5

[Local]   SENDING 		To 2	Data +	Size 24	  Sequence Number 5	(1368300 us)
LOG 1369250 us Sab1 ORIGINAL Packet: 6
LOG 1369250 us Sab1 000011101001001100111010010001001000000000000000000000000000000010000000000000000000000000000000010000000000000000000000000000000010000000000000000000000000000001100100000000000000000000000000
LOG 1369250 us Sab1 CORRUPTED Packet: 6
LOG 1369250 us Sab1 000011101001001100111010010001001000000000000000000000000000000010000000000000000000000000000000010000000000000000000000000000000010000000000000000000000000000001100100000000000000000000000000
[Central]  RECEIVED 	From 1		Data &	Size 24	  Sequence Number 4	(1369250 us)
[Central]  SENDING 		To 1	ACK 	Size 24	  Sequence Number 4	(1369250 us)
[Local]   RECEIVED 	From 2		ACK 	Size 24	  Sequence Number 3	(1370200 us)

		RTT of packet with SN 3 : 386 ms
		BASE : 4	NEXTSN : 6

[Local]   SENDING 		To 2	Data #	Size 24	  Sequence Number 6	(1560350 us)
LOG 1561300 us Sab1 ORIGINAL Packet: 8
LOG 1561300 us Sab1 000011101001001100111010010001001000000000000000000000000000000010000000000000000000000000000000010000000000000000000000000000001010000000000000000000000000000011010100000000000000000000000000
LOG 1561300 us Sab1 CORRUPTED Packet: 8
LOG 1561300 us Sab1 000011101001001100111010010001001000000000000000000000000000000010000000000000000000000000000000010000000000000000000000000000001010000000000000000000000000000011010100000000000000000000000000

		@@@@ timeout 1@@@@
		nextSNTemp : 5, nextSN : 1

[Local]   RECEIVED 	From 2		ACK 	Size 24	  Sequence Number 4	(1562250 us)

		RTT of packet with SN 4 : 386 ms
		BASE : 5	NEXTSN : 7

[Local]   SENDING 		To 2	Data "	Size 24	  Sequence Number 7	(1752400 us)
LOG 1753350 us Sab1 ORIGINAL Packet: 10
LOG 1753350 us Sab1 000011101001001100111010010001001000000000000000000000000000000010000000000000000000000000000000010000000000000000000000000000000110000000000000000000000000000011000100000000000000000000000000
LOG 1753350 us Sab1 CORRUPTED Packet: 10
LOG 1753350 us Sab1 000011101001001100111010010001001000000000000000000000000000000010000000000000000000000000000000010000000000000000000000000000000110000000000000000000000000000011000100000000000000000000000000
[Central]  RECEIVED 	From 1		Data #	Size 24	  Sequence Number 6	(1753350 us)
[Central]  SENDING 		To 1	ACK 	Size 24	  Sequence Number 5	(1753350 us)
LOG 1945400 us Sab1 ORIGINAL Packet: 11
LOG 1945400 us Sab1 000011101001001100111010010001001000000000000000000000000000000010000000000000000000000000000000010000000000000000000000000000001110000000000000000000000000000001000100000000000000000000000000
LOG 1945400 us Sab1 CORRUPTED Packet: 11
LOG 1945400 us Sab1 000011101001001100111010010001001000000000000000000000000000000010000000000000000000000000000000010000000000000000000000000000001110000000000000000000000000000001000100000000000000000000000000
[Central]  RECEIVED 	From 1		Data "	Size 24	  Sequence Number 7	(1945400 us)
[Central]  SENDING 		To 1	ACK 	Size 24	  Sequence Number 5	(1945400 us)
[Local]   RECEIVED 	From 2		ACK 	Size 24	  Sequence Number 5	(1946350 us)

		RTT of packet with SN 5 : 578050 us
		BASE : 6	NEXTSN : 8


		Error - Wrong ACK --- Expected : 6, Actual : 5 -- the ACK will be discarded


		@@@@ timeout 6@@@@
		nextSNTemp : 10, nextSN : 6

[Local]   SENDING 		To 2	Data #	Size 24	  Sequence Number 6	(2160400 us)

		@@@@ timeout 1@@@@
		nextSNTemp : 5, nextSN : 1

[Local]   SENDING 		To 2	Data "	Size 24	  Sequence Number 7	(2352450 us)
LOG 2353400 us Sab1 ORIGINAL Packet: 14
LOG 2353400 us Sab1 000011101001001100111010010001001000000000000000000000000000000010000000000000000000000000000000010000000000000000000000000000000110000000000000000000000000000011000100000000000000000000000000
LOG 2353400 us Sab1 CORRUPTED Packet: 14
LOG 2353400 us Sab1 000011101001001100111010010001001000000000000000000000000000000010000000000000000000000000000000010000000000000000000000000000000110000000000000000000000000000011000100000000000000000000000000
[Local]   SENDING 		To 2	Data $	Size 24	  Sequence Number 8	(2544500 us)
LOG 2545450 us Sab1 ORIGINAL Packet: 15
LOG 2545450 us Sab1 000011101001001100111010010001001000000000000000000000000000000010000000000000000000000000000000010000000000000000000000000000001110000000000000000000000000000001000100000000000000000000000000
LOG 2545450 us Sab1 CORRUPTED Packet: 15
LOG 2545450 us Sab1 000011101001001100111010010001001000000000000000000000000000000010000000000000000000000000000000010000000000000000000000000000001110000000000000000000000000000001000100000000000000000000000000
[Central]  RECEIVED 	From 1		Data "	Size 24	  Sequence Number 7	(2545450 us)
[Central]  SENDING 		To 1	ACK 	Size 24	  Sequence Number 5	(2545450 us)
[Local]   SENDING 		To 2	Data &	Size 24	  Sequence Number 9	(2736550 us)
LOG 2737500 us Sab1 ORIGINAL Packet: 16
LOG 2737500 us Sab1 000011101001001100111010010001001000000000000000000000000000000010000000000000000000000000000000010000000000000000000000000000000001000000000000000000000000000000100100000000000000000000000000
LOG 2737500 us Sab1 CORRUPTED Packet: 16
LOG 2737500 us Sab1 000011101001001100111010010001001000000000000000000000000000000010000000000000000000000000000000010000000000000000000000000000000001000000000000000000000000000000100100000000000000000000000000
[Central]  RECEIVED 	From 1		Data $	Size 24	  Sequence Number 8	(2737500 us)
[Central]  SENDING 		To 1	ACK 	Size 24	  Sequence Number 5	(2737500 us)

		Error - Wrong ACK --- Expected : 6, Actual : 5 -- the ACK will be discarded


		@@@@ timeout 6@@@@
		nextSNTemp : 10, nextSN : 6

[Local]   SENDING 		To 2	Data #	Size 24	  Sequence Number 6	(2928600 us)
LOG 2929550 us Sab1 ORIGINAL Packet: 18
LOG 2929550 us Sab1 000011101001001100111010010001001000000000000000000000000000000010000000000000000000000000000000010000000000000000000000000000001001000000000000000000000000000001100100000000000000000000000000
LOG 2929550 us Sab1 CORRUPTED Packet: 18
LOG 2929550 us Sab1 000011101001001100111010010001001000000000000000000000000000000010000000000000000000000000000000010000000000000000000000000000001001000000000000000000000000000001100100000000000000000000000000
[Central]  RECEIVED 	From 1		Data &	Size 24	  Sequence Number 9	(2929550 us)
[Central]  SENDING 		To 1	ACK 	Size 24	  Sequence Number 5	(2929550 us)

		Error - Wrong ACK --- Expected : 6, Actual : 5 -- the ACK will be discarded

[Local]   SENDING 		To 2	Data "	Size 24	  Sequence Number 7	(3120650 us)
LOG 3121600 us Sab1 ORIGINAL Packet: 20
LOG 3121600 us Sab1 000011101001001100111010010001001000000000000000000000000000000010000000000000000000000000000000010000000000000000000000000000000110000000000000000000000000000011000100000000000000000000000000
LOG 3121600 us Sab1 CORRUPTED Packet: 20
LOG 3121600 us Sab1 000011101001001100111010010001001000000000000000000000000000000010000000000000000000000000000000010000000000000000000000000000000110000000000000000000000000000011000100000000000000000000000000
[Central]  RECEIVED 	From 1		Data #	Size 24	  Sequence Number 6	(3121600 us)
[Central]  SENDING 		To 1	ACK 	Size 24	  Sequence Number 5	(3121600 us)

		Error - Wrong ACK --- Expected : 6, Actual : 5 -- the ACK will be discarded

[Local]   SENDING 		To 2	Data $	Size 24	  Sequence Number 8	(3312700 us)
LOG 3313650 us Sab1 ORIGINAL Packet: 22
LOG 3313650 us Sab1 000011101001001100111010010001001000000000000000000000000000000010000000000000000000000000000000010000000000000000000000000000001110000000000000000000000000000001000100000000000000000000000000
LOG 3313650 us Sab1 CORRUPTED Packet: 22
LOG 3313650 us Sab1 000011101001001100111010010001001000000000000000000000000000000010000000000000000000000000000000010000000000000000000000000000001110000000000000000000000000000001000100000000000000000000000000
[Central]  RECEIVED 	From 1		Data "	Size 24	  Sequence Number 7	(3313650 us)
[Central]  SENDING 		To 1	ACK 	Size 24	  Sequence Number 5	(3313650 us)

		Error - Wrong ACK --- Expected : 6, Actual : 5 -- the ACK will be discarded

[Local]   SENDING 		To 2	Data &	Size 24	  Sequence Number 9	(3504750 us)
LOG 3505700 us Sab1 ORIGINAL Packet: 24
LOG 3505700 us Sab1 000011101001001100111010010001001000000000000000000000000000000010000000000000000000000000000000010000000000000000000000000000000001000000000000000000000000000000100100000000000000000000000000
LOG 3505700 us Sab1 CORRUPTED Packet: 24
LOG 3505700 us Sab1 000011101001001100111010010001001000000000000000000000000000000010000000000000000000000000000000010000000000000000000000000000000001000000000000000000000000000000100100000000000000000000000000
[Central]  RECEIVED 	From 1		Data $	Size 24	  Sequence Number 8	(3505700 us)
[Central]  SENDING 		To 1	ACK 	Size 24	  Sequence Number 5	(3505700 us)

		Error - Wrong ACK --- Expected : 6, Actual : 5 -- the ACK will be discarded


		@@@@ timeout 6@@@@
		nextSNTemp : 10, nextSN : 6

[Local]   SENDING 		To 2	Data #	Size 24	  Sequence Number 6	(3696800 us)
LOG 3697750 us Sab1 ORIGINAL Packet: 26
LOG 3697750 us Sab1 000011101001001100111010010001001000000000000000000000000000000010000000000000000000000000000000010000000000000000000000000000001001000000000000000000000000000001100100000000000000000000000000
LOG 3697750 us Sab1 CORRUPTED Packet: 26
LOG 3697750 us Sab1 000011101001001100111010010001001000000000000000000000000000000010000000000000000000000000000000010000000000000000000000000000001001000000000000000000000000000001100100000000000000000000000000

		@@@@ timeout 1@@@@
		nextSNTemp : 5, nextSN : 1


		Error - Wrong ACK --- Expected : 6, Actual : 5 -- the ACK will be discarded

[Local]   SENDING 		To 2	Data "	Size 24	  Sequence Number 7	(3888850 us)
LOG 3889800 us Sab1 ORIGINAL Packet: 28
LOG 3889800 us Sab1 000011101001001100111010010001001000000000000000000000000000000010000000000000000000000000000000010000000000000000000000000000000110000000000000000000000000000011000100000000000000000000000000
LOG 3889800 us Sab1 CORRUPTED Packet: 28
LOG 3889800 us Sab1 000011101001001100111010010001001000000000000000000000000000000010000000000000000000000000000000010000000000000000000000000000000110000000000000000000000000000011000100000000000000000000000000
[Local]   SENDING 		To 2	Data $	Size 24	  Sequence Number 8	(4080900 us)
LOG 4081850 us Sab1 ORIGINAL Packet: 29
LOG 4081850 us Sab1 000011101001001100111010010001001000000000000000000000000000000010000000000000000000000000000000010000000000000000000000000000001110000000000000000000000000000001000100000000000000000000000000
LOG 4081850 us Sab1 CORRUPTED Packet: 29
LOG 4081850 us Sab1 000011101001001100111010010001001000000000000000000000000000000010000000000000000000000000000000010000000000000000000000000000001110000000000000000000000000000001000100000000000000000000000000
[Central]  RECEIVED 	From 1		Data "	Size 24	  Sequence Number 7	(4081850 us)
[Central]  SENDING 		To 1	ACK 	Size 24	  Sequence Number 5	(4081850 us)
[Local]   SENDING 		To 2	Data &	Size 24	  Sequence Number 9	(4272950 us)
LOG 4273900 us Sab1 ORIGINAL Packet: 30
LOG 4273900 us Sab1 000011101001001100111010010001001000000000000000000000000000000010000000000000000000000000000000010000000000000000000000000000000001000000000000000000000000000000100100000000000000000000000000
LOG 4273900 us Sab1 CORRUPTED Packet: 30
LOG 4273900 us Sab1 000011101001001100111010010001001000000000000000000000000000000010000000000000000000000000000000010000000000000000000000000000000001000000000000000000000000000000100100000000000000000000000000

		Error - Wrong ACK --- Expected : 6, Actual : 5 -- the ACK will be discarded


		@@@@ timeout 1@@@@
		nextSNTemp : 5, nextSN : 1


		@@@@ timeout 6@@@@
		nextSNTemp : 10, nextSN : 6

[Local]   SENDING 		To 2	Data #	Size 24	  Sequence Number 6	(4465 ms)
LOG 4465950 us Sab1 ORIGINAL Packet: 32
LOG 4465950 us Sab1 000011101001001100111010010001001000000000000000000000000000000010000000000000000000000000000000010000000000000000000000000000001001000000000000000000000000000001100100000000000000000000000000
LOG 4465950 us Sab1 CORRUPTED Packet: 32
LOG 4465950 us Sab1 000011101001001100111010010001001000000000000000000000000000000010000000000000000000000000000000010000000000000000000000000000001001000000000000000000000000000001100100000000000000000000000000
[Local]   SENDING 		To 2	Data "	Size 24	  Sequence Number 7	(4657050 us)
LOG 4658 ms Sab1 ORIGINAL Packet: 33
LOG 4658 ms Sab1 000011101001001100111010010001001000000000000000000000000000000010000000000000000000000000000000010000000000000000000000000000000110000000000000000000000000000011000100000000000000000000000000
LOG 4658 ms Sab1 CORRUPTED Packet: 33
LOG 4658 ms Sab1 000011101001001100111010010001001000000000000000000000000000000010000000000000000000000000000000010000000000000000000000000000000110000000000000000000000000000011000100000000000000000000000000
[Local]   SENDING 		To 2	Data $	Size 24	  Sequence Number 8	(4849100 us)
LOG 4850050 us Sab1 ORIGINAL Packet: 34
LOG 4850050 us Sab1 000011101001001100111010010001001000000000000000000000000000000010000000000000000000000000000000010000000000000000000000000000001110000000000000000000000000000001000100000000000000000000000000
LOG 4850050 us Sab1 CORRUPTED Packet: 34
LOG 4850050 us Sab1 000011101001001100111010010001001000000000000000000000000000000010000000000000000000000000000000010000000000000000000000000000001110000000000000000000000000000001000100000000000000000000000000

		@@@@ timeout 1@@@@
		nextSNTemp : 5, nextSN : 1

[Local]   SENDING 		To 2	Data &	Size 24	  Sequence Number 9	(5041150 us)
LOG 5042100 us Sab1 ORIGINAL Packet: 35
LOG 5042100 us Sab1 000011101001001100111010010001001000000000000000000000000000000010000000000000000000000000000000010000000000000000000000000000000001000000000000000000000000000000100100000000000000000000000000
LOG 5042100 us Sab1 CORRUPTED Packet: 35
LOG 5042100 us Sab1 000011101001001100111010010001001000000000000000000000000000000010000000000000000000000000000000010000000000000000000000000000000001000000000000000000000000000000100100000000000000000000000000
[Central]  RECEIVED 	From 1		Data $	Size 24	  Sequence Number 8	(5042100 us)
[Central]  SENDING 		To 1	ACK 	Size 24	  Sequence Number 5	(5042100 us)

		@@@@ timeout 6@@@@
		nextSNTemp : 10, nextSN : 6

[Local]   SENDING 		To 2	Data #	Size 24	  Sequence Number 6	(5233200 us)
LOG 5234150 us Sab1 ORIGINAL Packet: 36
LOG 5234150 us Sab1 000011101001001100111010010001001000000000000000000000000000000010000000000000000000000000000000010000000000000000000000000000001001000000000000000000000000000001100100000000000000000000000000
LOG 5234150 us Sab1 CORRUPTED Packet: 36
LOG 5234150 us Sab1 000011101001001100111010010001001000000000000000000000000000000010000000000000000000000000000000010000000000000000000000000000001001000000000000000000000000000001100100000000000000000000000000
[Central]  RECEIVED 	From 1		Data &	Size 24	  Sequence Number 9	(5234150 us)
[Central]  SENDING 		To 1	ACK 	Size 24	  Sequence Number 5	(5234150 us)

		Error - Wrong ACK --- Expected : 6, Actual : 5 -- the ACK will be discarded

[Local]   SENDING 		To 2	Data "	Size 24	  Sequence Number 7	(5425250 us)
LOG 5426200 us Sab1 ORIGINAL Packet: 38
LOG 5426200 us Sab1 000011101001001100111010010001001000000000000000000000000000000010000000000000000000000000000000010000000000000000000000000000000110000000000000000000000000000011000100000000000000000000000000
LOG 5426200 us Sab1 CORRUPTED Packet: 38
LOG 5426200 us Sab1 000011101001001100111010010001001000000000000000000000000000000010000000000000000000000000000000010000000000000000000000000000000110000000000000000000000000000011000100000000000000000000000000
[Central]  RECEIVED 	From 1		Data #	Size 24	  Sequence Number 6	(5426200 us)
[Central]  SENDING 		To 1	ACK 	Size 24	  Sequence Number 5	(5426200 us)

		Error - Wrong ACK --- Expected : 6, Actual : 5 -- the ACK will be discarded

[Local]   SENDING 		To 2	Data $	Size 24	  Sequence Number 8	(5617300 us)
LOG 5618250 us Sab1 ORIGINAL Packet: 40
LOG 5618250 us Sab1 000011101001001100111010010001001000000000000000000000000000000010000000000000000000000000000000010000000000000000000000000000001110000000000000000000000000000001000100000000000000000000000000
LOG 5618250 us Sab1 CORRUPTED Packet: 40
LOG 5618250 us Sab1 000011101001001100111010010001001000000000000000000000000000000010000000000000000000000000000000010000000000000000000000000000001110000000000000000000000000000001000100000000000000000000000000
[Central]  RECEIVED 	From 1		Data "	Size 24	  Sequence Number 7	(5618250 us)
[Central]  SENDING 		To 1	ACK 	Size 24	  Sequence Number 5	(5618250 us)

		Error - Wrong ACK --- Expected : 6, Actual : 5 -- the ACK will be discarded

[Local]   SENDING 		To 2	Data &	Size 24	  Sequence Number 9	(5809350 us)
LOG 5810300 us Sab1 ORIGINAL Packet: 42
LOG 5810300 us Sab1 000011101001001100111010010001001000000000000000000000000000000010000000000000000000000000000000010000000000000000000000000000000001000000000000000000000000000000100100000000000000000000000000
LOG 5810300 us Sab1 CORRUPTED Packet: 42
LOG 5810300 us Sab1 000011101001001100111010010001001000000000000000000000000000000010000000000000000000000000000000010000000000000000000000000000000001000000000000000000000000000000100100000000000000000000000000
[Central]  RECEIVED 	From 1		Data $	Size 24	  Sequence Number 8	(5810300 us)
[Central]  SENDING 		To 1	ACK 	Size 24	  Sequence Number 5	(5810300 us)

		Error - Wrong ACK --- Expected : 6, Actual : 5 -- the ACK will be discarded


		@@@@ timeout 6@@@@
		nextSNTemp : 10, nextSN : 6

[Local]   SENDING 		To 2	Data #	Size 24	  Sequence Number 6	(6001400 us)
LOG 6002350 us Sab1 ORIGINAL Packet: 44
LOG 6002350 us Sab1 000011101001001100111010010001001000000000000000000000000000000010000000000000000000000000000000010000000000000000000000000000001001000000000000000000000000000001100100000000000000000000000000
LOG 6002350 us Sab1 CORRUPTED Packet: 44
LOG 6002350 us Sab1 000011101001001100111010010001001000000000000000000000000000000010000000000000000000000000000000010000000000000000000000000000001001000000000000000000000000000001100100000000000000000000000000
[Central]  RECEIVED 	From 1		Data &	Size 24	  Sequence Number 9	(6002350 us)
[Central]  SENDING 		To 1	ACK 	Size 24	  Sequence Number 5	(6002350 us)

		Error - Wrong ACK --- Expected : 6, Actual : 5 -- the ACK will be discarded

[Local]   SENDING 		To 2	Data "	Size 24	  Sequence Number 7	(6193450 us)
LOG 6194400 us Sab1 ORIGINAL Packet: 46
LOG 6194400 us Sab1 000011101001001100111010010001001000000000000000000000000000000010000000000000000000000000000000010000000000000000000000000000000110000000000000000000000000000011000100000000000000000000000000
LOG 6194400 us Sab1 CORRUPTED Packet: 46
LOG 6194400 us Sab1 000011101001001100111010010001001000000000000000000000000000000010000000000000000000000000000000010000000000000000000000000000000110000000000000000000000000000011000100000000000000000000000000
[Central]  RECEIVED 	From 1		Data #	Size 24	  Sequence Number 6	(6194400 us)
[Central]  SENDING 		To 1	ACK 	Size 24	  Sequence Number 5	(6194400 us)

		Error - Wrong ACK --- Expected : 6, Actual : 5 -- the ACK will be discarded

[Local]   SENDING 		To 2	Data $	Size 24	  Sequence Number 8	(6385500 us)
LOG 6386450 us Sab1 ORIGINAL Packet: 48
LOG 6386450 us Sab1 000011101001001100111010010001001000000000000000000000000000000010000000000000000000000000000000010000000000000000000000000000001110000000000000000000000000000001000100000000000000000000000000
LOG 6386450 us Sab1 CORRUPTED Packet: 48
LOG 6386450 us Sab1 000011101001001100111010010001001000000000000000000000000000000010000000000000000000000000000000010000000000000000000000000000001110000000000000000000000000000001000100000000000000000000000000

		@@@@ timeout 1@@@@
		nextSNTemp : 5, nextSN : 1


		Error - Wrong ACK --- Expected : 6, Actual : 5 -- the ACK will be discarded

[Local]   SENDING 		To 2	Data &	Size 24	  Sequence Number 9	(6577550 us)
LOG 6578500 us Sab1 ORIGINAL Packet: 50
LOG 6578500 us Sab1 000011101001001100111010010001001000000000000000000000000000000010000000000000000000000000000000010000000000000000000000000000000001000000000000000000000000000000100100000000000000000000000000
LOG 6578500 us Sab1 CORRUPTED Packet: 50
LOG 6578500 us Sab1 000011101001001100111010010001001000000000000000000000000000000010000000000000000000000000000000010000000000000000000000000000000001000000000000000000000000000000100100000000000000000000000000
[Central]  RECEIVED 	From 1		Data $	Size 24	  Sequence Number 8	(6578500 us)
[Central]  SENDING 		To 1	ACK 	Size 24	  Sequence Number 5	(6578500 us)

		@@@@ timeout 6@@@@
		nextSNTemp : 10, nextSN : 6

[Local]   SENDING 		To 2	Data #	Size 24	  Sequence Number 6	(6769600 us)
LOG 6770550 us Sab1 ORIGINAL Packet: 51
LOG 6770550 us Sab1 000011101001001100111010010001001000000000000000000000000000000010000000000000000000000000000000010000000000000000000000000000001001000000000000000000000000000001100100000000000000000000000000
LOG 6770550 us Sab1 CORRUPTED Packet: 51
LOG 6770550 us Sab1 000011101001001100111010010001001000000000000000000000000000000010000000000000000000000000000000010000000000000000000000000000001001000000000000000000000000000001100100000000000000000000000000
[Central]  RECEIVED 	From 1		Data &	Size 24	  Sequence Number 9	(6770550 us)
[Central]  SENDING 		To 1	ACK 	Size 24	  Sequence Number 5	(6770550 us)

		Error - Wrong ACK --- Expected : 6, Actual : 5 -- the ACK will be discarded

[Local]   SENDING 		To 2	Data "	Size 24	  Sequence Number 7	(6961650 us)
LOG 6962600 us Sab1 ORIGINAL Packet: 53
LOG 6962600 us Sab1 000011101001001100111010010001001000000000000000000000000000000010000000000000000000000000000000010000000000000000000000000000000110000000000000000000000000000011000100000000000000000000000000
LOG 6962600 us Sab1 CORRUPTED Packet: 53
LOG 6962600 us Sab1 000011101001001100111010010001001000000000000000000000000000000010000000000000000000000000000000010000000000000000000000000000000110000000000000000000000000000011000100000000000000000000000000
[Central]  RECEIVED 	From 1		Data #	Size 24	  Sequence Number 6	(6962600 us)
[Central]  SENDING 		To 1	ACK 	Size 24	  Sequence Number 5	(6962600 us)

		Error - Wrong ACK --- Expected : 6, Actual : 5 -- the ACK will be discarded

[Local]   SENDING 		To 2	Data $	Size 24	  Sequence Number 8	(7153700 us)
LOG 7154650 us Sab1 ORIGINAL Packet: 55
LOG 7154650 us Sab1 000011101001001100111010010001001000000000000000000000000000000010000000000000000000000000000000010000000000000000000000000000001110000000000000000000000000000001000100000000000000000000000000
LOG 7154650 us Sab1 CORRUPTED Packet: 55
LOG 7154650 us Sab1 000011101001001100111010010001001000000000000000000000000000000010000000000000000000000000000000010000000000000000000000000000001110000000000000000000000000000001000100000000000000000000000000
[Central]  RECEIVED 	From 1		Data "	Size 24	  Sequence Number 7	(7154650 us)
[Central]  SENDING 		To 1	ACK 	Size 24	  Sequence Number 5	(7154650 us)

		Error - Wrong ACK --- Expected : 6, Actual : 5 -- the ACK will be discarded

[Local]   SENDING 		To 2	Data &	Size 24	  Sequence Number 9	(7345750 us)
LOG 7346700 us Sab1 ORIGINAL Packet: 57
LOG 7346700 us Sab1 000011101001001100111010010001001000000000000000000000000000000010000000000000000000000000000000010000000000000000000000000000000001000000000000000000000000000000100100000000000000000000000000
LOG 7346700 us Sab1 CORRUPTED Packet: 57
LOG 7346700 us Sab1 000011101001001100111010010001001000000000000000000000000000000010000000000000000000000000000000010000000000000000000000000000000001000000000000000000000000000000100100000000000000000000000000
[Central]  RECEIVED 	From 1		Data $	Size 24	  Sequence Number 8	(7346700 us)
[Central]  SENDING 		To 1	ACK 	Size 24	  Sequence Number 5	(7346700 us)

		Error - Wrong ACK --- Expected : 6, Actual : 5 -- the ACK will be discarded


		@@@@ timeout 6@@@@
		nextSNTemp : 10, nextSN : 6

[Local]   SENDING 		To 2	Data #	Size 24	  Sequence Number 6	(7537800 us)
LOG 7538750 us Sab1 ORIGINAL Packet: 59
LOG 7538750 us Sab1 000011101001001100111010010001001000000000000000000000000000000010000000000000000000000000000000010000000000000000000000000000001001000000000000000000000000000001100100000000000000000000000000
LOG 7538750 us Sab1 CORRUPTED Packet: 59
LOG 7538750 us Sab1 000011101001001100111010010001001000000000000000000000000000000010000000000000000000000000000000010000000000000000000000000000001001000000000000000000000000000001100100000000000000000000000000

		@@@@ timeout 1@@@@
		nextSNTemp : 5, nextSN : 1


		Error - Wrong ACK --- Expected : 6, Actual : 5 -- the ACK will be discarded

[Local]   SENDING 		To 2	Data "	Size 24	  Sequence Number 7	(7729850 us)
LOG 7730800 us Sab1 ORIGINAL Packet: 61
LOG 7730800 us Sab1 000011101001001100111010010001001000000000000000000000000000000010000000000000000000000000000000010000000000000000000000000000000110000000000000000000000000000011000100000000000000000000000000
LOG 7730800 us Sab1 CORRUPTED Packet: 61
LOG 7730800 us Sab1 000011101001001100111010010001001000000000000000000000000000000010000000000000000000000000000000010000000000000000000000000000000110000000000000000000000000000011000100000000000000000000000000
[Central]  RECEIVED 	From 1		Data #	Size 24	  Sequence Number 6	(7730800 us)
[Central]  SENDING 		To 1	ACK 	Size 24	  Sequence Number 5	(7730800 us)
[Local]   SENDING 		To 2	Data $	Size 24	  Sequence Number 8	(7921900 us)
LOG 7922850 us Sab1 ORIGINAL Packet: 62
LOG 7922850 us Sab1 000011101001001100111010010001001000000000000000000000000000000010000000000000000000000000000000010000000000000000000000000000001110000000000000000000000000000001000100000000000000000000000000
LOG 7922850 us Sab1 CORRUPTED Packet: 62
LOG 7922850 us Sab1 000011101001001100111010010001001000000000000000000000000000000010000000000000000000000000000000010000000000000000000000000000001110000000000000000000000000000001000100000000000000000000000000

		Error - Wrong ACK --- Expected : 6, Actual : 5 -- the ACK will be discarded


Info: /OSCI/SystemC: Simulation stopped by user.
