
Local   <-->  Central with FullDuplex channel

+----------------------------------------------------------------------------------------------+
|TASK     ACTION        FROM    TO      DATA    SIZE      SEQUENCE NUMBER       TIME STAMP     |
+----------------------------------------------------------------------------------------------+

		@@@@ timeout 1@@@@
		nextSNTemp : 5, nextSN : 1

[Local]   SENDING 		To 2	Data "	Size 24	  Sequence Number 1	(600050 us)

		@@@@ timeout 1@@@@
		nextSNTemp : 5, nextSN : 1

[Local]   SENDING 		To 2	Data %	Size 24	  Sequence Number 2	(792100 us)
LOG 793050 us Sab1 ORIGINAL Packet: 0
LOG 793050 us Sab1 000011101001111101011010111100011000000000000000000000000000000010000000000000000000000000000000010000000000000000000000000000001000000000000000000000000000000001000100000000000000000000000000
LOG 793050 us Sab1 CORRUPTED Packet: 0
LOG 793050 us Sab1 000011101001111101011010111100011000000000000000000000000000000010000000000000000000000000000000010000000000000000000000000000001000000000000000000000000000000001000100000000000000000000000000
[Central]  RECEIVED 	From 1		Data "	Size 24	  Sequence Number 1	(793050 us)
[Central]  SENDING 		To 1	ACK 	Size 24	  Sequence Number 1	(793050 us)
[Local]   SENDING 		To 2	Data *	Size 24	  Sequence Number 3	(984150 us)
LOG 985100 us Sab1 ORIGINAL Packet: 1
LOG 985100 us Sab1 000011101001111101011010111100011000000000000000000000000000000010000000000000000000000000000000010000000000000000000000000000000100000000000000000000000000000010100100000000000000000000000000
LOG 985100 us Sab1 CORRUPTED Packet: 1
LOG 985100 us Sab1 000011101001111101011010111100011000000000000000000000000000000010000000000000000000000000000000010000000000000000000000000000000100000000000000000000000000000010100100000000000000000000000000
[Central]  RECEIVED 	From 1		Data %	Size 24	  Sequence Number 2	(985100 us)
[Central]  SENDING 		To 1	ACK 	Size 24	  Sequence Number 2	(985100 us)
[Local]   RECEIVED 	From 2		ACK 	Size 24	  Sequence Number 1	(986050 us)

		RTT of packet with SN 1 : 386 ms
		BASE : 2	NEXTSN : 4

[Local]   SENDING 		To 2	Data &	Size 24	  Sequence Number 4	(1176200 us)
LOG 1177150 us Sab1 ORIGINAL Packet: 3
LOG 1177150 us Sab1 000011101001111101011010111100011000000000000000000000000000000010000000000000000000000000000000010000000000000000000000000000001100000000000000000000000000000001010100000000000000000000000000
LOG 1177150 us Sab1 CORRUPTED Packet: 3
LOG 1177150 us Sab1 000011101001111101011010111100011000000000000000000000000000000010000000000000000000000000000000010000000000000000000000000000001100000000000000000000000000000001010100000000000000000000000000
[Central]  RECEIVED 	From 1		Data *	Size 24	  Sequence Number 3	(1177150 us)
[Central]  SENDING 		To 1	ACK 	Size 24	  Sequence Number 3	(1177150 us)
[Local]   RECEIVED 	From 2		ACK 	Size 24	  Sequence Number 2	(1178100 us)

		RTT of packet with SN 2 : 386 ms
		BASE : 3	NEXTSN : 5

[Local]   SENDING 		To 2	Data "	Size 24	  Sequence Number 5	(1368250 us)
LOG 1369200 us Sab1 ORIGINAL Packet: 5
LOG 1369200 us Sab1 000011101001111101011010111100011000000000000000000000000000000010000000000000000000000000000000010000000000000000000000000000000010000000000000000000000000000001100100000000000000000000000000
LOG 1369200 us Sab1 CORRUPTED Packet: 5
LOG 1369200 us Sab1 000011101001111101011010111100011000000000000000000000000000000010000000000000000000000000000000010000000000000000000000000000000010000000000000000000000000000001100100000000000000000000000000

		@@@@ timeout 1@@@@
		nextSNTemp : 5, nextSN : 1

[Local]   RECEIVED 	From 2		ACK 	Size 24	  Sequence Number 3	(1370150 us)

		RTT of packet with SN 3 : 386 ms
		BASE : 4	NEXTSN : 6

LOG 1561250 us Sab1 ORIGINAL Packet: 7
LOG 1561250 us Sab1 000011101001111101011010111100011000000000000000000000000000000010000000000000000000000000000000010000000000000000000000000000001010000000000000000000000000000001000100000000000000000000000000
LOG 1561250 us Sab1 CORRUPTED Packet: 7
LOG 1561250 us Sab1 000011101001111101011010111100011000000000000000000000000000000010000000000000000000000000000000010000000000000000000000000000001010000000000000000000000000000001000100000000000000000000000000
[Central]  RECEIVED 	From 1		Data "	Size 24	  Sequence Number 5	(1561250 us)
[Central]  SENDING 		To 1	ACK 	Size 24	  Sequence Number 3	(1561250 us)

		Error - Wrong ACK --- Expected : 4, Actual : 3 -- the ACK will be discarded


		@@@@ timeout 4@@@@
		nextSNTemp : 8, nextSN : 4

[Local]   SENDING 		To 2	Data &	Size 24	  Sequence Number 4	(1776250 us)
[Local]   SENDING 		To 2	Data "	Size 24	  Sequence Number 5	(1968300 us)
LOG 1969250 us Sab1 ORIGINAL Packet: 9
LOG 1969250 us Sab1 000011101001111101011010111100011000000000000000000000000000000010000000000000000000000000000000010000000000000000000000000000000010000000000000000000000000000001100100000000000000000000000000
LOG 1969250 us Sab1 CORRUPTED Packet: 9
LOG 1969250 us Sab1 000011101001111101011010111100011000000000000000000000000000000010000000000000000000000000000000010000000000000000000000000000000010000000000000000000000000000001100100000000000000000000000000
[Central]  RECEIVED 	From 1		Data &	Size 24	  Sequence Number 4	(1969250 us)
[Central]  SENDING 		To 1	ACK 	Size 24	  Sequence Number 4	(1969250 us)
[Local]   SENDING 		To 2	Data $	Size 24	  Sequence Number 6	(2160350 us)
LOG 2161300 us Sab1 ORIGINAL Packet: 10
LOG 2161300 us Sab1 000011101001111101011010111100011000000000000000000000000000000010000000000000000000000000000000010000000000000000000000000000001010000000000000000000000000000001000100000000000000000000000000
LOG 2161300 us Sab1 CORRUPTED Packet: 10
LOG 2161300 us Sab1 000011101001111101011010111100011000000000000000000000000000000010000000000000000000000000000000010000000000000000000000000000001010000000000000000000000000000001000100000000000000000000000000
[Central]  RECEIVED 	From 1		Data "	Size 24	  Sequence Number 5	(2161300 us)
[Central]  SENDING 		To 1	ACK 	Size 24	  Sequence Number 5	(2161300 us)
[Local]   RECEIVED 	From 2		ACK 	Size 24	  Sequence Number 4	(2162250 us)

		RTT of packet with SN 4 : 386 ms
		BASE : 5	NEXTSN : 7

[Local]   SENDING 		To 2	Data +	Size 24	  Sequence Number 7	(2352400 us)
LOG 2353350 us Sab1 ORIGINAL Packet: 12
LOG 2353350 us Sab1 000011101001111101011010111100011000000000000000000000000000000010000000000000000000000000000000010000000000000000000000000000000110000000000000000000000000000000100100000000000000000000000000
LOG 2353350 us Sab1 CORRUPTED Packet: 12
LOG 2353350 us Sab1 000011101001111101011010111100011000000000000000000000000000000010000000000000000000000000000000010000000000000000000000000000000110000000000000000000000000000000100100000000000000000000000000

		@@@@ timeout 1@@@@
		nextSNTemp : 5, nextSN : 1

[Local]   RECEIVED 	From 2		ACK 	Size 24	  Sequence Number 5	(2354300 us)

		RTT of packet with SN 5 : 386 ms
		BASE : 6	NEXTSN : 8

[Local]   SENDING 		To 2	Data #	Size 24	  Sequence Number 8	(2544450 us)
LOG 2545400 us Sab1 ORIGINAL Packet: 14
LOG 2545400 us Sab1 000011101001111101011010111100011000000000000000000000000000000010000000000000000000000000000000010000000000000000000000000000001110000000000000000000000000000011010100000000000000000000000000
LOG 2545400 us Sab1 CORRUPTED Packet: 14
LOG 2545400 us Sab1 000011101001111101011010111100011000000000000000000000000000000010000000000000000000000000000000010000000000000000000000000000001110000000000000000000000000000011010100000000000000000000000000
[Central]  RECEIVED 	From 1		Data +	Size 24	  Sequence Number 7	(2545400 us)
[Central]  SENDING 		To 1	ACK 	Size 24	  Sequence Number 5	(2545400 us)
LOG 2737450 us Sab1 ORIGINAL Packet: 15
LOG 2737450 us Sab1 000011101001111101011010111100011000000000000000000000000000000010000000000000000000000000000000010000000000000000000000000000000001000000000000000000000000000011000100000000000000000000000000
LOG 2737450 us Sab1 CORRUPTED Packet: 15
LOG 2737450 us Sab1 000011101001111101011010111100011000000000000000000000000000000010000000000000000000000000000000010000000000000000000000000000000001000000000000000000000000000011000100000000000000000000000000
[Central]  RECEIVED 	From 1		Data #	Size 24	  Sequence Number 8	(2737450 us)
[Central]  SENDING 		To 1	ACK 	Size 24	  Sequence Number 5	(2737450 us)

		Error - Wrong ACK --- Expected : 6, Actual : 5 -- the ACK will be discarded


		@@@@ timeout 6@@@@
		nextSNTemp : 10, nextSN : 6

[Local]   SENDING 		To 2	Data $	Size 24	  Sequence Number 6	(2760400 us)

		Error - Wrong ACK --- Expected : 6, Actual : 5 -- the ACK will be discarded

[Local]   SENDING 		To 2	Data +	Size 24	  Sequence Number 7	(2952450 us)
LOG 2953400 us Sab1 ORIGINAL Packet: 18
LOG 2953400 us Sab1 000011101001111101011010111100011000000000000000000000000000000010000000000000000000000000000000010000000000000000000000000000000110000000000000000000000000000000100100000000000000000000000000
LOG 2953400 us Sab1 CORRUPTED Packet: 18
LOG 2953400 us Sab1 000011101001111101011010111100011000000000000000000000000000000010000000000000000000000000000000010000000000000000000000000000000110000000000000000000000000000000100100000000000000000000000000
[Central]  RECEIVED 	From 1		Data $	Size 24	  Sequence Number 6	(2953400 us)
[Central]  SENDING 		To 1	ACK 	Size 24	  Sequence Number 6	(2953400 us)
[Local]   SENDING 		To 2	Data #	Size 24	  Sequence Number 8	(3144500 us)
LOG 3145450 us Sab1 ORIGINAL Packet: 19
LOG 3145450 us Sab1 000011101001111101011010111100011000000000000000000000000000000010000000000000000000000000000000010000000000000000000000000000001110000000000000000000000000000011010100000000000000000000000000
LOG 3145450 us Sab1 CORRUPTED Packet: 19
LOG 3145450 us Sab1 000011101001111101011010111100011000000000000000000000000000000010000000000000000000000000000000010000000000000000000000000000001110000000000000000000000000000011010100000000000000000000000000
[Central]  RECEIVED 	From 1		Data +	Size 24	  Sequence Number 7	(3145450 us)
[Central]  SENDING 		To 1	ACK 	Size 24	  Sequence Number 7	(3145450 us)
[Local]   RECEIVED 	From 2		ACK 	Size 24	  Sequence Number 6	(3146400 us)

		RTT of packet with SN 6 : 386 ms
		BASE : 7	NEXTSN : 9

[Local]   SENDING 		To 2	Data "	Size 24	  Sequence Number 9	(3336550 us)
LOG 3337500 us Sab1 ORIGINAL Packet: 21
LOG 3337500 us Sab1 000011101001111101011010111100011000000000000000000000000000000010000000000000000000000000000000010000000000000000000000000000000001000000000000000000000000000011000100000000000000000000000000
LOG 3337500 us Sab1 CORRUPTED Packet: 21
LOG 3337500 us Sab1 000011101001111101011010111100011000000000000000000000000000000010000000000000000000000000000000010000000000000000000000000000000001000000000000000000000000000011000100000000000000000000000000
[Central]  RECEIVED 	From 1		Data #	Size 24	  Sequence Number 8	(3337500 us)
[Central]  SENDING 		To 1	ACK 	Size 24	  Sequence Number 8	(3337500 us)
[Local]   RECEIVED 	From 2		ACK 	Size 24	  Sequence Number 7	(3338450 us)

		RTT of packet with SN 7 : 386 ms
		BASE : 8	NEXTSN : 10

[Local]   SENDING 		To 2	Data $	Size 24	  Sequence Number 10	(3528600 us)
LOG 3529550 us Sab1 ORIGINAL Packet: 23
LOG 3529550 us Sab1 000011101001111101011010111100011000000000000000000000000000000010000000000000000000000000000000010000000000000000000000000000001001000000000000000000000000000001000100000000000000000000000000
LOG 3529550 us Sab1 CORRUPTED Packet: 23
LOG 3529550 us Sab1 000011101001111101011010111100011000000000000000000000000000000010000000000000000000000000000000010000000000000000000000000000001001000000000000000000000000000001000100000000000000000000000000
[Central]  RECEIVED 	From 1		Data "	Size 24	  Sequence Number 9	(3529550 us)
[Central]  SENDING 		To 1	ACK 	Size 24	  Sequence Number 9	(3529550 us)
[Local]   RECEIVED 	From 2		ACK 	Size 24	  Sequence Number 8	(3530500 us)

		RTT of packet with SN 8 : 386 ms
		BASE : 9	NEXTSN : 11

LOG 3721600 us Sab1 ORIGINAL Packet: 25
LOG 3721600 us Sab1 000011101001111101011010111100011000000000000000000000000000000010000000000000000000000000000000010000000000000000000000000000000101000000000000000000000000000000100100000000000000000000000000
LOG 3721600 us Sab1 CORRUPTED Packet: 25
LOG 3721600 us Sab1 000011101001111101011010111100011000000000000000000000000000000010000000000000000000000000000000010000000000000000000000000000000101000000000000000000000000000000100100000000000000000000000000

		@@@@ timeout 1@@@@
		nextSNTemp : 5, nextSN : 1

[Local]   RECEIVED 	From 2		ACK 	Size 24	  Sequence Number 9	(3722550 us)

		RTT of packet with SN 9 : 386 ms
		BASE : 10	NEXTSN : 11


		@@@@ timeout 10@@@@
		nextSNTemp : 14, nextSN : 10

[Local]   SENDING 		To 2	Data $	Size 24	  Sequence Number 10	(4128650 us)
[Local]   SENDING 		To 2	Data #	Size 24	  Sequence Number 11	(4320700 us)
LOG 4321650 us Sab1 ORIGINAL Packet: 27
LOG 4321650 us Sab1 000011101001111101011010111100011000000000000000000000000000000010000000000000000000000000000000010000000000000000000000000000000101000000000000000000000000000000100100000000000000000000000000
LOG 4321650 us Sab1 CORRUPTED Packet: 27
LOG 4321650 us Sab1 000011101001111101011010111100011000000000000000000000000000000010000000000000000000000000000000010000000000000000000000000000000101000000000000000000000000000000100100000000000000000000000000
[Central]  RECEIVED 	From 1		Data $	Size 24	  Sequence Number 10	(4321650 us)
[Central]  SENDING 		To 1	ACK 	Size 24	  Sequence Number 10	(4321650 us)
[Local]   SENDING 		To 2	Data &	Size 24	  Sequence Number 12	(4512750 us)
LOG 4513700 us Sab1 ORIGINAL Packet: 28
LOG 4513700 us Sab1 000011101001111101011010111100011000000000000000000000000000000010000000000000000000000000000000010000000000000000000000000000001101000000000000000000000000000011000100000000000000000000000000
LOG 4513700 us Sab1 CORRUPTED Packet: 28
LOG 4513700 us Sab1 000011101001111101011010111100011000000000000000000000000000000010000000000000000000000000000000010000000000000000000000000000001101000000000000000000000000000011000100000000000000000000000000
[Central]  RECEIVED 	From 1		Data #	Size 24	  Sequence Number 11	(4513700 us)
[Central]  SENDING 		To 1	ACK 	Size 24	  Sequence Number 11	(4513700 us)
[Local]   RECEIVED 	From 2		ACK 	Size 24	  Sequence Number 10	(4514650 us)

		RTT of packet with SN 10 : 386 ms
		BASE : 11	NEXTSN : 13

[Local]   SENDING 		To 2	Data '	Size 24	  Sequence Number 13	(4704800 us)
LOG 4705750 us Sab1 ORIGINAL Packet: 30
LOG 4705750 us Sab1 000011101001111101011010111100011000000000000000000000000000000010000000000000000000000000000000010000000000000000000000000000000011000000000000000000000000000001100100000000000000000000000000
LOG 4705750 us Sab1 CORRUPTED Packet: 30
LOG 4705750 us Sab1 000011101001111101011010111100011000000000000000000000000000000010000000000000000000000000000000010000000000000000000000000000000011000000000000000000000000000001100100000000000000000000000000

		@@@@ timeout 1@@@@
		nextSNTemp : 5, nextSN : 1

[Local]   RECEIVED 	From 2		ACK 	Size 24	  Sequence Number 11	(4706700 us)

		RTT of packet with SN 11 : 386 ms
		BASE : 12	NEXTSN : 14

[Local]   SENDING 		To 2	Data ,	Size 24	  Sequence Number 14	(4896850 us)
LOG 4897800 us Sab1 ORIGINAL Packet: 32
LOG 4897800 us Sab1 000011101001111101011010111100011000000000000000000000000000000010000000000000000000000000000000010000000000000000000000000000001011000000000000000000000000000011100100000000000000000000000000
LOG 4897800 us Sab1 CORRUPTED Packet: 32
LOG 4897800 us Sab1 000011101001111101011010111100011000000000000000000000000000000010000000000000000000000000000000010000000000000000000000000000001011000000000000000000000000000011100100000000000000000000000000
[Central]  RECEIVED 	From 1		Data '	Size 24	  Sequence Number 13	(4897800 us)
[Central]  SENDING 		To 1	ACK 	Size 24	  Sequence Number 11	(4897800 us)
LOG 5089850 us Sab1 ORIGINAL Packet: 33
LOG 5089850 us Sab1 000011101001111101011010111100011000000000000000000000000000000010000000000000000000000000000000010000000000000000000000000000000111000000000000000000000000000000110100000000000000000000000000
LOG 5089850 us Sab1 CORRUPTED Packet: 33
LOG 5089850 us Sab1 000011101001111101011010111100011000000000000000000000000000000010000000000000000000000000000000010000000000000000000000000000000111000000000000000000000000000000110100000000000000000000000000

		Error - Wrong ACK --- Expected : 12, Actual : 11 -- the ACK will be discarded


		@@@@ timeout 12@@@@
		nextSNTemp : 16, nextSN : 12

[Local]   SENDING 		To 2	Data &	Size 24	  Sequence Number 12	(5112800 us)
[Local]   SENDING 		To 2	Data '	Size 24	  Sequence Number 13	(5304850 us)
LOG 5305800 us Sab1 ORIGINAL Packet: 35
LOG 5305800 us Sab1 000011101001111101011010111100011000000000000000000000000000000010000000000000000000000000000000010000000000000000000000000000000011000000000000000000000000000001100100000000000000000000000000
LOG 5305800 us Sab1 CORRUPTED Packet: 35
LOG 5305800 us Sab1 000011101001111101011010111100011000000000000000000000000000000010000000000000000000000000000000010000000000000000000000000000000011000000000000000000000000000001100100000000000000000000000000
[Central]  RECEIVED 	From 1		Data &	Size 24	  Sequence Number 12	(5305800 us)
[Central]  SENDING 		To 1	ACK 	Size 24	  Sequence Number 12	(5305800 us)
[Local]   SENDING 		To 2	Data ,	Size 24	  Sequence Number 14	(5496900 us)
LOG 5497850 us Sab1 ORIGINAL Packet: 36
LOG 5497850 us Sab1 000011101001111101011010111100011000000000000000000000000000000010000000000000000000000000000000010000000000000000000000000000001011000000000000000000000000000011100100000000000000000000000000
LOG 5497850 us Sab1 CORRUPTED Packet: 36
LOG 5497850 us Sab1 000011101001111101011010111100011000000000000000000000000000000010000000000000000000000000000000010000000000000000000000000000001011000000000000000000000000000011100100000000000000000000000000
[Central]  RECEIVED 	From 1		Data '	Size 24	  Sequence Number 13	(5497850 us)
[Central]  SENDING 		To 1	ACK 	Size 24	  Sequence Number 13	(5497850 us)
[Local]   RECEIVED 	From 2		ACK 	Size 24	  Sequence Number 12	(5498800 us)

		RTT of packet with SN 12 : 386 ms
		BASE : 13	NEXTSN : 15

[Local]   SENDING 		To 2	Data .	Size 24	  Sequence Number 15	(5688950 us)
LOG 5689900 us Sab1 ORIGINAL Packet: 38
LOG 5689900 us Sab1 000011101001111101011010111100011000000000000000000000000000000010000000000000000000000000000000010000000000000000000000000000000111000000000000000000000000000000110100000000000000000000000000
LOG 5689900 us Sab1 CORRUPTED Packet: 38
LOG 5689900 us Sab1 000011101001111101011010111100011000000000000000000000000000000010000000000000000000000000000000010000000000000000000000000000000111000000000000000000000000000000110100000000000000000000000000
[Central]  RECEIVED 	From 1		Data ,	Size 24	  Sequence Number 14	(5689900 us)
[Central]  SENDING 		To 1	ACK 	Size 24	  Sequence Number 14	(5689900 us)
[Local]   RECEIVED 	From 2		ACK 	Size 24	  Sequence Number 13	(5690850 us)

		RTT of packet with SN 13 : 386 ms
		BASE : 14	NEXTSN : 16

[Local]   SENDING 		To 2	Data !	Size 24	  Sequence Number 16	(5881 ms)
LOG 5881950 us Sab1 ORIGINAL Packet: 40
LOG 5881950 us Sab1 000011101001111101011010111100011000000000000000000000000000000010000000000000000000000000000000010000000000000000000000000000001111000000000000000000000000000001110100000000000000000000000000
LOG 5881950 us Sab1 CORRUPTED Packet: 40
LOG 5881950 us Sab1 000011101001111101011010111100011000000000000000000000000000000010000000000000000000000000000000010000000000000000000000000000001111000000000000000000000000000001110100000000000000000000000000

		@@@@ timeout 1@@@@
		nextSNTemp : 5, nextSN : 1

[Local]   RECEIVED 	From 2		ACK 	Size 24	  Sequence Number 14	(5882900 us)

		RTT of packet with SN 14 : 386 ms
		BASE : 15	NEXTSN : 17

LOG 6074 ms Sab1 ORIGINAL Packet: 42
LOG 6074 ms Sab1 000011101001111101011010111100011000000000000000000000000000000010000000000000000000000000000000010000000000000000000000000000000000100000000000000000000000000010000100000000000000000000000000
LOG 6074 ms Sab1 CORRUPTED Packet: 42
LOG 6074 ms Sab1 000011101001111101011010111100011000000000000000000000000000000010000000000000000000000000000000010000000000000000000000000000000000100000000000000000000000000010000100000000000000000000000000
[Central]  RECEIVED 	From 1		Data !	Size 24	  Sequence Number 16	(6074 ms)
[Central]  SENDING 		To 1	ACK 	Size 24	  Sequence Number 14	(6074 ms)

		Error - Wrong ACK --- Expected : 15, Actual : 14 -- the ACK will be discarded


		@@@@ timeout 15@@@@
		nextSNTemp : 19, nextSN : 15

[Local]   SENDING 		To 2	Data .	Size 24	  Sequence Number 15	(6289 ms)
[Local]   SENDING 		To 2	Data !	Size 24	  Sequence Number 16	(6481050 us)
LOG 6482 ms Sab1 ORIGINAL Packet: 44
LOG 6482 ms Sab1 000011101001111101011010111100011000000000000000000000000000000010000000000000000000000000000000010000000000000000000000000000001111000000000000000000000000000001110100000000000000000000000000
LOG 6482 ms Sab1 CORRUPTED Packet: 44
LOG 6482 ms Sab1 000011101001111101011010111100011000000000000000000000000000000010000000000000000000000000000000010000000000000000000000000000001111000000000000000000000000000001110100000000000000000000000000
[Central]  RECEIVED 	From 1		Data .	Size 24	  Sequence Number 15	(6482 ms)
[Central]  SENDING 		To 1	ACK 	Size 24	  Sequence Number 15	(6482 ms)
[Local]   SENDING 		To 2	Data #	Size 24	  Sequence Number 17	(6673100 us)
LOG 6674050 us Sab1 ORIGINAL Packet: 45
LOG 6674050 us Sab1 000011101001111101011010111100011000000000000000000000000000000010000000000000000000000000000000010000000000000000000000000000000000100000000000000000000000000010000100000000000000000000000000
LOG 6674050 us Sab1 CORRUPTED Packet: 45
LOG 6674050 us Sab1 000011101001111101011010111100011000000000000000000000000000000010000000000000000000000000000000010000000000000000000000000000000000100000000000000000000000000010000100000000000000000000000000
[Central]  RECEIVED 	From 1		Data !	Size 24	  Sequence Number 16	(6674050 us)
[Central]  SENDING 		To 1	ACK 	Size 24	  Sequence Number 16	(6674050 us)
[Local]   RECEIVED 	From 2		ACK 	Size 24	  Sequence Number 15	(6675 ms)

		RTT of packet with SN 15 : 386 ms
		BASE : 16	NEXTSN : 18

[Local]   SENDING 		To 2	Data #	Size 24	  Sequence Number 18	(6865150 us)
LOG 6866100 us Sab1 ORIGINAL Packet: 47
LOG 6866100 us Sab1 000011101001111101011010111100011000000000000000000000000000000010000000000000000000000000000000010000000000000000000000000000001000100000000000000000000000000011000100000000000000000000000000
LOG 6866100 us Sab1 CORRUPTED Packet: 47
LOG 6866100 us Sab1 000011101001111101011010111100011000000000000000000000000000000010000000000000000000000000000000010000000000000000000000000000001000100000000000000000000000000011000100000000000000000000000000
[Central]  RECEIVED 	From 1		Data #	Size 24	  Sequence Number 17	(6866100 us)
[Central]  SENDING 		To 1	ACK 	Size 24	  Sequence Number 17	(6866100 us)
[Local]   RECEIVED 	From 2		ACK 	Size 24	  Sequence Number 16	(6867050 us)

		RTT of packet with SN 16 : 386 ms
		BASE : 17	NEXTSN : 19

[Local]   SENDING 		To 2	Data $	Size 24	  Sequence Number 19	(7057200 us)
LOG 7058150 us Sab1 ORIGINAL Packet: 49
LOG 7058150 us Sab1 000011101001111101011010111100011000000000000000000000000000000010000000000000000000000000000000010000000000000000000000000000000100100000000000000000000000000011000100000000000000000000000000
LOG 7058150 us Sab1 CORRUPTED Packet: 49
LOG 7058150 us Sab1 000011101001111101011010111100011000000000000000000000000000000010000000000000000000000000000000010000000000000000000000000000000100100000000000000000000000000011000100000000000000000000000000
[Central]  RECEIVED 	From 1		Data #	Size 24	  Sequence Number 18	(7058150 us)
[Central]  SENDING 		To 1	ACK 	Size 24	  Sequence Number 18	(7058150 us)
[Local]   RECEIVED 	From 2		ACK 	Size 24	  Sequence Number 17	(7059100 us)

		RTT of packet with SN 17 : 386 ms
		BASE : 18	NEXTSN : 20

LOG 7250200 us Sab1 ORIGINAL Packet: 51
LOG 7250200 us Sab1 000011101001111101011010111100011000000000000000000000000000000010000000000000000000000000000000010000000000000000000000000000001100100000000000000000000000000000100100000000000000000000000000
LOG 7250200 us Sab1 CORRUPTED Packet: 51
LOG 7250200 us Sab1 000011101001111101011010111100011000000000000000000000000000000010000000000000000000000000000000010000000000000000000000000000001100100000000000000000000000000000100100000000000000000000000000
[Central]  RECEIVED 	From 1		Data $	Size 24	  Sequence Number 19	(7250200 us)
[Central]  SENDING 		To 1	ACK 	Size 24	  Sequence Number 19	(7250200 us)
[Local]   RECEIVED 	From 2		ACK 	Size 24	  Sequence Number 18	(7251150 us)

		RTT of packet with SN 18 : 386 ms
		BASE : 19	NEXTSN : 20


		@@@@ timeout 1@@@@
		nextSNTemp : 5, nextSN : 1

[Local]   RECEIVED 	From 2		ACK 	Size 24	  Sequence Number 19	(7443200 us)

		RTT of packet with SN 19 : 386 ms
		BASE : 20	NEXTSN : 20


		@@@@ timeout 20@@@@
		nextSNTemp : 24, nextSN : 20

[Local]   SENDING 		To 2	Data !	Size 24	  Sequence Number 20	(7443200 us)
[Local]   SENDING 		To 2	Data *	Size 24	  Sequence Number 21	(7635250 us)
LOG 7636200 us Sab1 ORIGINAL Packet: 54
LOG 7636200 us Sab1 000011101001111101011010111100011000000000000000000000000000000010000000000000000000000000000000010000000000000000000000000000000010100000000000000000000000000010000100000000000000000000000000
LOG 7636200 us Sab1 CORRUPTED Packet: 54
LOG 7636200 us Sab1 000011101001111101011010111100011000000000000000000000000000000010000000000000000000000000000000010000000000000000000000000000000010100000000000000000000000000010000100000000000000000000000000
[Central]  RECEIVED 	From 1		Data !	Size 24	  Sequence Number 20	(7636200 us)
[Central]  SENDING 		To 1	ACK 	Size 24	  Sequence Number 20	(7636200 us)
[Local]   SENDING 		To 2	Data #	Size 24	  Sequence Number 22	(7827300 us)
LOG 7828250 us Sab1 ORIGINAL Packet: 55
LOG 7828250 us Sab1 000011101001111101011010111100011000000000000000000000000000000010000000000000000000000000000000010000000000000000000000000000001010100000000000000000000000000001010100000000000000000000000000
LOG 7828250 us Sab1 CORRUPTED Packet: 55
LOG 7828250 us Sab1 000011101001111101011010111100011000000000000000000000000000000010000000000000000000000000000000010000000000000000000000000000001010100000000000000000000000000001010100000000000000000000000000
[Central]  RECEIVED 	From 1		Data *	Size 24	  Sequence Number 21	(7828250 us)
[Central]  SENDING 		To 1	ACK 	Size 24	  Sequence Number 21	(7828250 us)
[Local]   RECEIVED 	From 2		ACK 	Size 24	  Sequence Number 20	(7829200 us)

		RTT of packet with SN 20 : 386 ms
		BASE : 21	NEXTSN : 23


Info: /OSCI/SystemC: Simulation stopped by user.
