
Local   <-->  Central with FullDuplex channel

+----------------------------------------------------------------------------------------------+
|TASK     ACTION        FROM    TO      DATA    SIZE      SEQUENCE NUMBER       TIME STAMP     |
+----------------------------------------------------------------------------------------------+

		@@@@ timeout 1@@@@
		nextSNTemp : 5, nextSN : 1

[Local]   SENDING 		To 2	Data "	Size 24	  Sequence Number 1	(600050 us)

		@@@@ timeout 1@@@@
		nextSNTemp : 5, nextSN : 1

[Local]   SENDING 		To 2	Data %	Size 24	  Sequence Number 2	(792100 us)
LOG 793050 us Sab1 ORIGINAL Packet: 0
LOG 793050 us Sab1 000011101001011110100010110110011000000000000000000000000000000010000000000000000000000000000000010000000000000000000000000000001000000000000000000000000000000001000100000000000000000000000000
LOG 793050 us Sab1 CORRUPTING bit: 75 of Packet: 0 with ERROR_BIT: 0.012
LOG 793050 us Sab1 CORRUPTING bit: 97 of Packet: 0 with ERROR_BIT: 0.012
LOG 793050 us Sab1 CORRUPTED Packet: 0
LOG 793050 us Sab1 000011101001011110100010110110011000000000000000000000000000000010000000000100000000000000000000000000000000000000000000000000001000000000000000000000000000000001000100000000000000000000000000
[Central]  RECEIVED 	From 1		Data "	Size 24	  Sequence Number 1	(793050 us)
[Central]  SENDING 		To 2049	ACK 	Size 24	  Sequence Number 1	(793050 us)
[Local]   SENDING 		To 2	Data *	Size 24	  Sequence Number 3	(984150 us)
LOG 985100 us Sab1 ORIGINAL Packet: 1
LOG 985100 us Sab1 000011101001011110100010110110011000000000000000000000000000000010000000000000000000000000000000010000000000000000000000000000000100000000000000000000000000000010100100000000000000000000000000
LOG 985100 us Sab1 CORRUPTING bit: 18 of Packet: 1 with ERROR_BIT: 0.012
LOG 985100 us Sab1 CORRUPTING bit: 111 of Packet: 1 with ERROR_BIT: 0.012
LOG 985100 us Sab1 CORRUPTING bit: 162 of Packet: 1 with ERROR_BIT: 0.012
LOG 985100 us Sab1 CORRUPTED Packet: 1
LOG 985100 us Sab1 000011101001011110000010110110011000000000000000000000000000000010000000000000000000000000000000010000000000000100000000000000000100000000000000000000000000000010000100000000000000000000000000
[Central]  RECEIVED 	From 1		Data !	Size 24	  Sequence Number 2	(985100 us)
[Central]  SENDING 		To 1	ACK 	Size 24	  Sequence Number 2	(985100 us)
[Local]   RECEIVED 	From 2		ACK 	Size 24	  Sequence Number 1	(986050 us)

		RTT of packet with SN 1 : 386 ms
		BASE : 2	NEXTSN : 4

[Local]   SENDING 		To 2	Data &	Size 24	  Sequence Number 4	(1176200 us)
LOG 1177150 us Sab1 ORIGINAL Packet: 3
LOG 1177150 us Sab1 000011101001011110100010110110011000000000000000000000000000000010000000000000000000000000000000010000000000000000000000000000001100000000000000000000000000000001010100000000000000000000000000
LOG 1177150 us Sab1 CORRUPTING bit: 48 of Packet: 3 with ERROR_BIT: 0.012
LOG 1177150 us Sab1 CORRUPTING bit: 136 of Packet: 3 with ERROR_BIT: 0.012
LOG 1177150 us Sab1 CORRUPTING bit: 140 of Packet: 3 with ERROR_BIT: 0.012
LOG 1177150 us Sab1 CORRUPTING bit: 170 of Packet: 3 with ERROR_BIT: 0.012
LOG 1177150 us Sab1 CORRUPTED Packet: 3
LOG 1177150 us Sab1 000011101001011110100010110110011000000000000000100000000000000010000000000000000000000000000000010000000000000000000000000000001100000010001000000000000000000001010100001000000000000000000000
[Central]  RECEIVED 	From 65537		Data *	Size 24	  Sequence Number 4355	(1177150 us)
[Central]  SENDING 		To 1	ACK 	Size 24	  Sequence Number 2	(1177150 us)
[Local]   RECEIVED 	From 2		ACK 	Size 24	  Sequence Number 2	(1178100 us)

		RTT of packet with SN 2 : 386 ms
		BASE : 3	NEXTSN : 5

[Local]   SENDING 		To 2	Data "	Size 24	  Sequence Number 5	(1368250 us)
LOG 1369200 us Sab1 ORIGINAL Packet: 5
LOG 1369200 us Sab1 000011101001011110100010110110011000000000000000000000000000000010000000000000000000000000000000010000000000000000000000000000000010000000000000000000000000000001100100000000000000000000000000
LOG 1369200 us Sab1 CORRUPTING bit: 21 of Packet: 5 with ERROR_BIT: 0.012
LOG 1369200 us Sab1 CORRUPTING bit: 175 of Packet: 5 with ERROR_BIT: 0.012
LOG 1369200 us Sab1 CORRUPTED Packet: 5
LOG 1369200 us Sab1 000011101001011110100110110110011000000000000000000000000000000010000000000000000000000000000000010000000000000000000000000000000010000000000000000000000000000001100100000000010000000000000000
[Central]  RECEIVED 	From 1		Data &	Size 24	  Sequence Number 4	(1369200 us)
[Central]  SENDING 		To 1	ACK 	Size 24	  Sequence Number 2	(1369200 us)

		Error - Wrong ACK --- Expected : 3, Actual : 2 -- the ACK will be discarded

LOG 1561250 us Sab1 ORIGINAL Packet: 7
LOG 1561250 us Sab1 000011101001011110100010110110011000000000000000000000000000000010000000000000000000000000000000010000000000000000000000000000001010000000000000000000000000000001000100000000000000000000000000
LOG 1561250 us Sab1 CORRUPTING bit: 65 of Packet: 7 with ERROR_BIT: 0.012
LOG 1561250 us Sab1 CORRUPTING bit: 161 of Packet: 7 with ERROR_BIT: 0.012
LOG 1561250 us Sab1 CORRUPTED Packet: 7
LOG 1561250 us Sab1 000011101001011110100010110110011000000000000000000000000000000011000000000000000000000000000000010000000000000000000000000000001010000000000000000000000000000000000100000000000000000000000000
[Central]  RECEIVED 	From 1		Data  	Size 24	  Sequence Number 5	(1561250 us)
[Central]  SENDING 		To 3	ACK 	Size 24	  Sequence Number 2	(1561250 us)

		Error - Wrong ACK --- Expected : 3, Actual : 2 -- the ACK will be discarded


		@@@@ timeout 3@@@@
		nextSNTemp : 7, nextSN : 3

[Local]   SENDING 		To 2	Data *	Size 24	  Sequence Number 3	(1584200 us)

		@@@@ timeout 1@@@@
		nextSNTemp : 5, nextSN : 1

[Central]   SENDING 		To 0	Data "	Size 24	  Sequence Number 1	(1753300 us)

		Error - Wrong ACK --- Expected : 3, Actual : 2 -- the ACK will be discarded

[Local]   SENDING 		To 2	Data &	Size 24	  Sequence Number 4	(1776250 us)
LOG 1777200 us Sab1 ORIGINAL Packet: 10
LOG 1777200 us Sab1 000011101001011110100010110110011000000000000000000000000000000010000000000000000000000000000000010000000000000000000000000000001100000000000000000000000000000001010100000000000000000000000000
LOG 1777200 us Sab1 CORRUPTING bit: 75 of Packet: 10 with ERROR_BIT: 0.012
LOG 1777200 us Sab1 CORRUPTED Packet: 10
LOG 1777200 us Sab1 000011101001011110100010110110011000000000000000000000000000000010000000000100000000000000000000010000000000000000000000000000001100000000000000000000000000000001010100000000000000000000000000
[Central]  RECEIVED 	From 1		Data *	Size 24	  Sequence Number 3	(1777200 us)
[Central]  SENDING 		To 2049	ACK 	Size 24	  Sequence Number 3	(1945350 us)
[Local]  RECEIVED 	From 1		Data "	Size 24	  Sequence Number 1	(1946300 us)
[Local]  SENDING 		To 2	ACK 	Size 24	  Sequence Number 1	(1968300 us)
LOG 1969250 us Sab1 ORIGINAL Packet: 12
LOG 1969250 us Sab1 000011101001011110100010110110011000000000000000000000000000000010000000000000000000000000000000010000000000000000000000000000000010000000000000000000000000000001100100000000000000000000000000
LOG 1969250 us Sab1 CORRUPTING bit: 22 of Packet: 12 with ERROR_BIT: 0.012
LOG 1969250 us Sab1 CORRUPTING bit: 38 of Packet: 12 with ERROR_BIT: 0.012
LOG 1969250 us Sab1 CORRUPTING bit: 98 of Packet: 12 with ERROR_BIT: 0.012
LOG 1969250 us Sab1 CORRUPTED Packet: 12
LOG 1969250 us Sab1 000011101001011110100000110110011000001000000000000000000000000010000000000000000000000000000000011000000000000000000000000000000010000000000000000000000000000001100100000000000000000000000000
[Central]  RECEIVED 	From 65		Data &	Size 24	  Sequence Number 4	(1969250 us)
[Central]  SENDING 		To 1	ACK 	Size 24	  Sequence Number 4	(2137400 us)
[Local]   RECEIVED 	From 2		ACK 	Size 24	  Sequence Number 3	(2138350 us)

		RTT of packet with SN 3 : 554150 us
		BASE : 4	NEXTSN : 5

[Local]   SENDING 		To 2	Data "	Size 24	  Sequence Number 5	(2160350 us)
LOG 2161300 us Sab1 ORIGINAL Packet: 14
LOG 2161300 us Sab1 100001101110011110100010110110011000000000000000000000000000000010000000000000000000000000000000010000000000000000000000000000001000000000000000000000000000000000000000000000000000000000000000
LOG 2161300 us Sab1 CORRUPTING bit: 9 of Packet: 14 with ERROR_BIT: 0.012
LOG 2161300 us Sab1 CORRUPTING bit: 132 of Packet: 14 with ERROR_BIT: 0.012
LOG 2161300 us Sab1 CORRUPTED Packet: 14
LOG 2161300 us Sab1 100001101010011110100010110110011000000000000000000000000000000010000000000000000000000000000000010000000000000000000000000000001000100000000000000000000000000000000000000000000000000000000000
[Central]   RECEIVED 	From 1		ACK 	Size 24	  Sequence Number 17	(2161300 us)

		RTT of packet with SN 17 : 2161300 us
		BASE : 2	NEXTSN : 2


		#### timeout 17#### 2161300 us

		@@@@ timeout 2@@@@
		nextSNTemp : 6, nextSN : 2

[Central]   SENDING 		To 32770	Data !	Size 24	  Sequence Number 2	(2329450 us)
[Local]   RECEIVED 	From 2		ACK 	Size 24	  Sequence Number 4	(2330400 us)

		RTT of packet with SN 4 : 554150 us
		BASE : 5	NEXTSN : 6

[Local]   SENDING 		To 2	Data $	Size 24	  Sequence Number 6	(2352400 us)
LOG 2353350 us Sab1 ORIGINAL Packet: 16
LOG 2353350 us Sab1 000011101001011110100010110110011000000000000000000000000000000010000000000000000000000000000000010000000000000000000000000000001010000000000000000000000000000001000100000000000000000000000000
LOG 2353350 us Sab1 CORRUPTING bit: 40 of Packet: 16 with ERROR_BIT: 0.012
LOG 2353350 us Sab1 CORRUPTING bit: 130 of Packet: 16 with ERROR_BIT: 0.012
LOG 2353350 us Sab1 CORRUPTED Packet: 16
LOG 2353350 us Sab1 000011101001011110100010110110011000000010000000000000000000000010000000000000000000000000000000010000000000000000000000000000001000000000000000000000000000000001000100000000000000000000000000
[Central]  RECEIVED 	From 257		Data "	Size 24	  Sequence Number 1	(2353350 us)
[Central]  SENDING 		To 1	ACK 	Size 24	  Sequence Number 4	(2521500 us)
[Local]  RECEIVED 	From 1		Data !	Size 24	  Sequence Number 2	(2522450 us)
[Local]  SENDING 		To 2	ACK 	Size 24	  Sequence Number 2	(2544450 us)
LOG 2545400 us Sab1 ORIGINAL Packet: 18
LOG 2545400 us Sab1 000011101001011110100010110110011000000000000000000000000000000010000000000000000000000000000000010000000000000000000000000000000110000000000000000000000000000000100100000000000000000000000000
LOG 2545400 us Sab1 CORRUPTING bit: 73 of Packet: 18 with ERROR_BIT: 0.012
LOG 2545400 us Sab1 CORRUPTING bit: 155 of Packet: 18 with ERROR_BIT: 0.012
LOG 2545400 us Sab1 CORRUPTED Packet: 18
LOG 2545400 us Sab1 000011101001011110100010110110011000000000000000000000000000000010000000010000000000000000000000010000000000000000000000000000000110000000000000000000000001000000100100000000000000000000000000
[Central]  RECEIVED 	From 1		Data $	Size 24	  Sequence Number 134217734	(2545400 us)
[Central]  SENDING 		To 513	ACK 	Size 24	  Sequence Number 4	(2713550 us)

		Error - Wrong ACK --- Expected : 5, Actual : 4 -- the ACK will be discarded

[Local]   SENDING 		To 2	Data +	Size 24	  Sequence Number 7	(2736500 us)
LOG 2737450 us Sab1 ORIGINAL Packet: 20
LOG 2737450 us Sab1 100001101110011110100010110110011000000000000000000000000000000010000000000000000000000000000000010000000000000000000000000000000100000000000000000000000000000000000000000000000000000000000000
LOG 2737450 us Sab1 CORRUPTING bit: 17 of Packet: 20 with ERROR_BIT: 0.012
LOG 2737450 us Sab1 CORRUPTING bit: 157 of Packet: 20 with ERROR_BIT: 0.012
LOG 2737450 us Sab1 CORRUPTED Packet: 20
LOG 2737450 us Sab1 100001101110011111100010110110011000000000000000000000000000000010000000000000000000000000000000010000000000000000000000000000000100000000000000000000000000010000000000000000000000000000000000
[Central]   RECEIVED 	From 1		ACK 	Size 24	  Sequence Number 536870914	(2737450 us)

		RTT of packet with SN 536870914 : 2737450 us
		BASE : 3	NEXTSN : 3


		#### timeout 536870914#### 2737450 us

		@@@@ timeout 3@@@@
		nextSNTemp : 7, nextSN : 3

[Central]   SENDING 		To 6	Data &	Size 24	  Sequence Number 4	(2905600 us)

		Error - Wrong ACK --- Expected : 5, Actual : 4 -- the ACK will be discarded


		@@@@ timeout 5@@@@
		nextSNTemp : 9, nextSN : 5

[Local]   SENDING 		To 2	Data "	Size 24	  Sequence Number 5	(2928550 us)
LOG 2929500 us Sab1 ORIGINAL Packet: 22
LOG 2929500 us Sab1 000011101001011110100010110110011000000000000000000000000000000010000000000000000000000000000000010000000000000000000000000000001110000000000000000000000000000011010100000000000000000000000000
LOG 2929500 us Sab1 CORRUPTING bit: 38 of Packet: 22 with ERROR_BIT: 0.012
LOG 2929500 us Sab1 CORRUPTING bit: 55 of Packet: 22 with ERROR_BIT: 0.012
LOG 2929500 us Sab1 CORRUPTED Packet: 22
LOG 2929500 us Sab1 000011101001011110100010110110011000001000000000000000010000000010000000000000000000000000000000010000000000000000000000000000001110000000000000000000000000000011010100000000000000000000000000
[Central]  RECEIVED 	From 8388673		Data +	Size 24	  Sequence Number 7	(2929500 us)
[Central]  SENDING 		To 1	ACK 	Size 24	  Sequence Number 4	(3097650 us)
[Local]  RECEIVED 	From 65		Data &	Size 24	  Sequence Number 4	(3098600 us)
[Local]  SENDING 		To 2	ACK 	Size 24	  Sequence Number 2	(3120600 us)
LOG 3121550 us Sab1 ORIGINAL Packet: 24
LOG 3121550 us Sab1 000011101001011110100010110110011000000000000000000000000000000010000000000000000000000000000000010000000000000000000000000000001010000000000000000000000000000001000100000000000000000000000000
LOG 3121550 us Sab1 CORRUPTING bit: 5 of Packet: 24 with ERROR_BIT: 0.012
LOG 3121550 us Sab1 CORRUPTING bit: 79 of Packet: 24 with ERROR_BIT: 0.012
LOG 3121550 us Sab1 CORRUPTED Packet: 24
LOG 3121550 us Sab1 000010101001011110100010110110011000000000000000000000000000000010000000000000010000000000000000010000000000000000000000000000001010000000000000000000000000000001000100000000000000000000000000

		Error - Wrong ACK --- Expected : 5, Actual : 4 -- the ACK will be discarded

[Local]   SENDING 		To 2	Data $	Size 24	  Sequence Number 6	(3312650 us)
LOG 3313600 us Sab1 ORIGINAL Packet: 26
LOG 3313600 us Sab1 100001101110011110100010110110011000000000000000000000000000000010000000000000000000000000000000010000000000000000000000000000000100000000000000000000000000000000000000000000000000000000000000
LOG 3313600 us Sab1 CORRUPTING bit: 25 of Packet: 26 with ERROR_BIT: 0.012
LOG 3313600 us Sab1 CORRUPTING bit: 108 of Packet: 26 with ERROR_BIT: 0.012
LOG 3313600 us Sab1 CORRUPTING bit: 165 of Packet: 26 with ERROR_BIT: 0.012
LOG 3313600 us Sab1 CORRUPTED Packet: 26
LOG 3313600 us Sab1 100001101110011110100010100110011000000000000000000000000000000010000000000000000000000000000000010000000000100000000000000000000100000000000000000000000000000000000100000000000000000000000000

		Error - Wrong ACK --- Expected : 3, Actual : 2 -- the ACK will be discarded

[Local]   SENDING 		To 2	Data +	Size 24	  Sequence Number 7	(3504700 us)
LOG 3505650 us Sab1 ORIGINAL Packet: 27
LOG 3505650 us Sab1 000011101001011110100010110110011000000000000000000000000000000010000000000000000000000000000000010000000000000000000000000000000110000000000000000000000000000000100100000000000000000000000000
LOG 3505650 us Sab1 CORRUPTING bit: 50 of Packet: 27 with ERROR_BIT: 0.012
LOG 3505650 us Sab1 CORRUPTING bit: 70 of Packet: 27 with ERROR_BIT: 0.012
LOG 3505650 us Sab1 CORRUPTING bit: 190 of Packet: 27 with ERROR_BIT: 0.012
LOG 3505650 us Sab1 CORRUPTED Packet: 27
LOG 3505650 us Sab1 000011101001011110100010110110011000000000000000001000000000000010000010000000000000000000000000010000000000000000000000000000000110000000000000000000000000000000100100000000000000000000000010
[Central]  RECEIVED 	From 262145		Data $	Size 24	  Sequence Number 6	(3505650 us)
[Central]  SENDING 		To 65	ACK 	Size 24	  Sequence Number 4	(3505650 us)

		@@@@ timeout 5@@@@
		nextSNTemp : 9, nextSN : 5

[Local]   SENDING 		To 2	Data "	Size 24	  Sequence Number 5	(3696750 us)
LOG 3697700 us Sab1 ORIGINAL Packet: 28
LOG 3697700 us Sab1 000011101001011110100010110110011000000000000000000000000000000010000000000000000000000000000000010000000000000000000000000000001110000000000000000000000000000011010100000000000000000000000000
LOG 3697700 us Sab1 CORRUPTING bit: 69 of Packet: 28 with ERROR_BIT: 0.012
LOG 3697700 us Sab1 CORRUPTED Packet: 28
LOG 3697700 us Sab1 000011101001011110100010110110011000000000000000000000000000000010000100000000000000000000000000010000000000000000000000000000001110000000000000000000000000000011010100000000000000000000000000
[Central]  RECEIVED 	From 1		Data +	Size 24	  Sequence Number 7	(3697700 us)
[Central]  SENDING 		To 33	ACK 	Size 24	  Sequence Number 4	(3697700 us)

		Error - Wrong ACK --- Expected : 5, Actual : 4 -- the ACK will be discarded

[Local]   SENDING 		To 2	Data $	Size 24	  Sequence Number 6	(3888800 us)
LOG 3889750 us Sab1 ORIGINAL Packet: 30
LOG 3889750 us Sab1 000011101001011110100010110110011000000000000000000000000000000010000000000000000000000000000000010000000000000000000000000000001010000000000000000000000000000001000100000000000000000000000000
LOG 3889750 us Sab1 CORRUPTING bit: 24 of Packet: 30 with ERROR_BIT: 0.012
LOG 3889750 us Sab1 CORRUPTING bit: 41 of Packet: 30 with ERROR_BIT: 0.012
LOG 3889750 us Sab1 CORRUPTING bit: 119 of Packet: 30 with ERROR_BIT: 0.012
LOG 3889750 us Sab1 CORRUPTED Packet: 30
LOG 3889750 us Sab1 000011101001011110100010010110011000000001000000000000000000000010000000000000000000000000000000010000000000000000000001000000001010000000000000000000000000000001000100000000000000000000000000
[Central]  RECEIVED 	From 513		Data "	Size 24	  Sequence Number 5	(3889750 us)
[Central]  SENDING 		To 1	ACK 	Size 24	  Sequence Number 5	(3889750 us)

		Error - Wrong ACK --- Expected : 5, Actual : 4 -- the ACK will be discarded

[Local]   SENDING 		To 2	Data +	Size 24	  Sequence Number 7	(4080850 us)
LOG 4081800 us Sab1 ORIGINAL Packet: 32
LOG 4081800 us Sab1 000011101001011110100010110110011000000000000000000000000000000010000000000000000000000000000000010000000000000000000000000000000110000000000000000000000000000000100100000000000000000000000000
LOG 4081800 us Sab1 CORRUPTING bit: 21 of Packet: 32 with ERROR_BIT: 0.012
LOG 4081800 us Sab1 CORRUPTING bit: 51 of Packet: 32 with ERROR_BIT: 0.012
LOG 4081800 us Sab1 CORRUPTING bit: 95 of Packet: 32 with ERROR_BIT: 0.012
LOG 4081800 us Sab1 CORRUPTED Packet: 32
LOG 4081800 us Sab1 000011101001011110100110110110011000000000000000000100000000000010000000000000000000000000000001010000000000000000000000000000000110000000000000000000000000000000100100000000000000000000000000
[Central]  RECEIVED 	From 524289		Data $	Size 24	  Sequence Number 6	(4081800 us)
[Central]  SENDING 		To 2147483649	ACK 	Size 24	  Sequence Number 6	(4081800 us)
[Local]   RECEIVED 	From 2		ACK 	Size 24	  Sequence Number 5	(4082750 us)

		RTT of packet with SN 5 : 386 ms
		BASE : 6	NEXTSN : 8

[Local]   SENDING 		To 2	Data #	Size 24	  Sequence Number 8	(4272900 us)
LOG 4273850 us Sab1 ORIGINAL Packet: 34
LOG 4273850 us Sab1 000011101001011110100010110110011000000000000000000000000000000010000000000000000000000000000000010000000000000000000000000000001110000000000000000000000000000011010100000000000000000000000000
LOG 4273850 us Sab1 CORRUPTING bit: 30 of Packet: 34 with ERROR_BIT: 0.012
LOG 4273850 us Sab1 CORRUPTING bit: 124 of Packet: 34 with ERROR_BIT: 0.012
LOG 4273850 us Sab1 CORRUPTING bit: 183 of Packet: 34 with ERROR_BIT: 0.012
LOG 4273850 us Sab1 CORRUPTED Packet: 34
LOG 4273850 us Sab1 000011101001011110100010110110111000000000000000000000000000000010000000000000000000000000000000010000000000000000000000000010001110000000000000000000000000000011010100000000000000000100000000
[Central]  RECEIVED 	From 1		Data +	Size 24	  Sequence Number 7	(4273850 us)
[Central]  SENDING 		To 1	ACK 	Size 24	  Sequence Number 7	(4273850 us)
[Local]   RECEIVED 	From 2		ACK 	Size 24	  Sequence Number 6	(4274800 us)

		RTT of packet with SN 6 : 386 ms
		BASE : 7	NEXTSN : 9

[Local]   SENDING 		To 2	Data "	Size 24	  Sequence Number 9	(4464950 us)
LOG 4465900 us Sab1 ORIGINAL Packet: 36
LOG 4465900 us Sab1 000011101001011110100010110110011000000000000000000000000000000010000000000000000000000000000000010000000000000000000000000000000001000000000000000000000000000011000100000000000000000000000000
LOG 4465900 us Sab1 CORRUPTING bit: 87 of Packet: 36 with ERROR_BIT: 0.012
LOG 4465900 us Sab1 CORRUPTING bit: 158 of Packet: 36 with ERROR_BIT: 0.012
LOG 4465900 us Sab1 CORRUPTED Packet: 36
LOG 4465900 us Sab1 000011101001011110100010110110011000000000000000000000000000000010000000000000000000000100000000010000000000000000000000000000000001000000000000000000000000001011000100000000000000000000000000
[Central]  RECEIVED 	From 1		Data #	Size 24	  Sequence Number 1073741832	(4465900 us)
[Central]  SENDING 		To 8388609	ACK 	Size 24	  Sequence Number 7	(4465900 us)
[Local]   RECEIVED 	From 2		ACK 	Size 24	  Sequence Number 7	(4466850 us)

		RTT of packet with SN 7 : 386 ms
		BASE : 8	NEXTSN : 10

LOG 4657950 us Sab1 ORIGINAL Packet: 38
LOG 4657950 us Sab1 000011101001011110100010110110011000000000000000000000000000000010000000000000000000000000000000010000000000000000000000000000001001000000000000000000000000000001000100000000000000000000000000
LOG 4657950 us Sab1 CORRUPTING bit: 38 of Packet: 38 with ERROR_BIT: 0.012
LOG 4657950 us Sab1 CORRUPTING bit: 113 of Packet: 38 with ERROR_BIT: 0.012
LOG 4657950 us Sab1 CORRUPTING bit: 122 of Packet: 38 with ERROR_BIT: 0.012
LOG 4657950 us Sab1 CORRUPTED Packet: 38
LOG 4657950 us Sab1 000011101001011110100010110110011000001000000000000000000000000010000000000000000000000000000000010000000000000001000000001000001001000000000000000000000000000001000100000000000000000000000000
[Central]  RECEIVED 	From 65		Data "	Size 24	  Sequence Number 9	(4657950 us)
[Central]  SENDING 		To 1	ACK 	Size 24	  Sequence Number 7	(4657950 us)

		Error - Wrong ACK --- Expected : 8, Actual : 7 -- the ACK will be discarded


		@@@@ timeout 3@@@@
		nextSNTemp : 7, nextSN : 3

[Central]   SENDING 		To 8388610	Data "	Size 24	  Sequence Number 5	(4850 ms)

		Error - Wrong ACK --- Expected : 8, Actual : 7 -- the ACK will be discarded


		@@@@ timeout 8@@@@
		nextSNTemp : 12, nextSN : 8

[Local]   SENDING 		To 2	Data #	Size 24	  Sequence Number 8	(4872950 us)
[Central]   SENDING 		To 268435458	Data +	Size 24	  Sequence Number 7	(5042050 us)
[Local]  RECEIVED 	From 513		Data "	Size 24	  Sequence Number 5	(5043 ms)
[Local]  SENDING 		To 2	ACK 	Size 24	  Sequence Number 2	(5065 ms)
LOG 5065950 us Sab1 ORIGINAL Packet: 42
LOG 5065950 us Sab1 000011101001011110100010110110011000000000000000000000000000000010000000000000000000000000000000010000000000000000000000000000000001000000000000000000000000000011000100000000000000000000000000
LOG 5065950 us Sab1 CORRUPTING bit: 52 of Packet: 42 with ERROR_BIT: 0.012
LOG 5065950 us Sab1 CORRUPTING bit: 191 of Packet: 42 with ERROR_BIT: 0.012
LOG 5065950 us Sab1 CORRUPTED Packet: 42
LOG 5065950 us Sab1 000011101001011110100010110110011000000000000000000010000000000010000000000000000000000000000000010000000000000000000000000000000001000000000000000000000000000011000100000000000000000000000001
[Central]  RECEIVED 	From 1048577		Data #	Size 24	  Sequence Number 8	(5065950 us)
[Central]  SENDING 		To 1	ACK 	Size 24	  Sequence Number 8	(5234100 us)
[Local]  RECEIVED 	From 1		Data +	Size 24	  Sequence Number 7	(5235050 us)
[Local]  SENDING 		To 2	ACK 	Size 24	  Sequence Number 2	(5257050 us)
LOG 5258 ms Sab1 ORIGINAL Packet: 44
LOG 5258 ms Sab1 100001101110011110100010110110011000000000000000000000000000000010000000000000000000000000000000010000000000000000000000000000000100000000000000000000000000000000000000000000000000000000000000
LOG 5258 ms Sab1 CORRUPTING bit: 81 of Packet: 44 with ERROR_BIT: 0.012
LOG 5258 ms Sab1 CORRUPTING bit: 168 of Packet: 44 with ERROR_BIT: 0.012
LOG 5258 ms Sab1 CORRUPTED Packet: 44
LOG 5258 ms Sab1 100001101110011110100010110110011000000000000000000000000000000010000000000000000100000000000000010000000000000000000000000000000100000000000000000000000000000000000000100000000000000000000000

		Error - Wrong ACK --- Expected : 3, Actual : 2 -- the ACK will be discarded

[Local]   RECEIVED 	From 2		ACK 	Size 24	  Sequence Number 8	(5427100 us)

		RTT of packet with SN 8 : 554150 us
		BASE : 9	NEXTSN : 9


		@@@@ timeout 9@@@@
		nextSNTemp : 13, nextSN : 9

[Local]   SENDING 		To 2	Data "	Size 24	  Sequence Number 9	(5449100 us)
LOG 5450050 us Sab1 ORIGINAL Packet: 46
LOG 5450050 us Sab1 100001101110011110100010110110011000000000000000000000000000000010000000000000000000000000000000010000000000000000000000000000000100000000000000000000000000000000000000000000000000000000000000
LOG 5450050 us Sab1 CORRUPTING bit: 99 of Packet: 46 with ERROR_BIT: 0.012
LOG 5450050 us Sab1 CORRUPTING bit: 153 of Packet: 46 with ERROR_BIT: 0.012
LOG 5450050 us Sab1 CORRUPTED Packet: 46
LOG 5450050 us Sab1 100001101110011110100010110110011000000000000000000000000000000010000000000000000000000000000000010100000000000000000000000000000100000000000000000000000100000000000000000000000000000000000000

		Error - Wrong ACK --- Expected : 3, Actual : 33554434 -- the ACK will be discarded


		@@@@ timeout 3@@@@
		nextSNTemp : 7, nextSN : 3

[Local]   SENDING 		To 2	Data $	Size 24	  Sequence Number 10	(5641150 us)
LOG 5642100 us Sab1 ORIGINAL Packet: 47
LOG 5642100 us Sab1 000011101001011110100010110110011000000000000000000000000000000010000000000000000000000000000000010000000000000000000000000000001001000000000000000000000000000001000100000000000000000000000000
LOG 5642100 us Sab1 CORRUPTING bit: 32 of Packet: 47 with ERROR_BIT: 0.012
LOG 5642100 us Sab1 CORRUPTING bit: 191 of Packet: 47 with ERROR_BIT: 0.012
LOG 5642100 us Sab1 CORRUPTED Packet: 47
LOG 5642100 us Sab1 000011101001011110100010110110010000000000000000000000000000000010000000000000000000000000000000010000000000000000000000000000001001000000000000000000000000000001000100000000000000000000000001
[Central]  RECEIVED 	From 0		Data "	Size 24	  Sequence Number 9	(5642100 us)
[Central]  SENDING 		To 1	ACK 	Size 24	  Sequence Number 9	(5642100 us)
[Local]   SENDING 		To 2	Data #	Size 24	  Sequence Number 11	(5833200 us)
LOG 5834150 us Sab1 ORIGINAL Packet: 48
LOG 5834150 us Sab1 000011101001011110100010110110011000000000000000000000000000000010000000000000000000000000000000010000000000000000000000000000000101000000000000000000000000000000100100000000000000000000000000
LOG 5834150 us Sab1 CORRUPTING bit: 83 of Packet: 48 with ERROR_BIT: 0.012
LOG 5834150 us Sab1 CORRUPTED Packet: 48
LOG 5834150 us Sab1 000011101001011110100010110110011000000000000000000000000000000010000000000000000001000000000000010000000000000000000000000000000101000000000000000000000000000000100100000000000000000000000000
[Central]  RECEIVED 	From 1		Data $	Size 24	  Sequence Number 10	(5834150 us)
[Central]  SENDING 		To 524289	ACK 	Size 24	  Sequence Number 10	(5834150 us)
[Local]   RECEIVED 	From 2		ACK 	Size 24	  Sequence Number 9	(5835100 us)

		RTT of packet with SN 9 : 386 ms
		BASE : 10	NEXTSN : 12

[Local]   SENDING 		To 2	Data &	Size 24	  Sequence Number 12	(6025250 us)
LOG 6026200 us Sab1 ORIGINAL Packet: 50
LOG 6026200 us Sab1 000011101001011110100010110110011000000000000000000000000000000010000000000000000000000000000000010000000000000000000000000000001101000000000000000000000000000011000100000000000000000000000000
LOG 6026200 us Sab1 CORRUPTING bit: 31 of Packet: 50 with ERROR_BIT: 0.012
LOG 6026200 us Sab1 CORRUPTING bit: 117 of Packet: 50 with ERROR_BIT: 0.012
LOG 6026200 us Sab1 CORRUPTED Packet: 50
LOG 6026200 us Sab1 000011101001011110100010110110001000000000000000000000000000000010000000000000000000000000000000010000000000000000000100000000001101000000000000000000000000000011000100000000000000000000000000
[Central]  RECEIVED 	From 1		Data #	Size 24	  Sequence Number 11	(6026200 us)
[Central]  SENDING 		To 1	ACK 	Size 24	  Sequence Number 11	(6026200 us)
[Local]   RECEIVED 	From 2		ACK 	Size 24	  Sequence Number 10	(6027150 us)

		RTT of packet with SN 10 : 386 ms
		BASE : 11	NEXTSN : 13

[Local]   SENDING 		To 2	Data '	Size 24	  Sequence Number 13	(6217300 us)
LOG 6218250 us Sab1 ORIGINAL Packet: 52
LOG 6218250 us Sab1 000011101001011110100010110110011000000000000000000000000000000010000000000000000000000000000000010000000000000000000000000000000011000000000000000000000000000001100100000000000000000000000000
LOG 6218250 us Sab1 CORRUPTING bit: 20 of Packet: 52 with ERROR_BIT: 0.012
LOG 6218250 us Sab1 CORRUPTING bit: 113 of Packet: 52 with ERROR_BIT: 0.012
LOG 6218250 us Sab1 CORRUPTING bit: 180 of Packet: 52 with ERROR_BIT: 0.012
LOG 6218250 us Sab1 CORRUPTED Packet: 52
LOG 6218250 us Sab1 000011101001011110101010110110011000000000000000000000000000000010000000000000000000000000000000010000000000000001000000000000000011000000000000000000000000000001100100000000000000100000000000
[Central]  RECEIVED 	From 1		Data &	Size 24	  Sequence Number 12	(6218250 us)
[Central]  SENDING 		To 1	ACK 	Size 24	  Sequence Number 12	(6218250 us)
[Local]   RECEIVED 	From 2		ACK 	Size 24	  Sequence Number 11	(6219200 us)

		RTT of packet with SN 11 : 386 ms
		BASE : 12	NEXTSN : 14

LOG 6410300 us Sab1 ORIGINAL Packet: 54
LOG 6410300 us Sab1 000011101001011110100010110110011000000000000000000000000000000010000000000000000000000000000000010000000000000000000000000000001011000000000000000000000000000011100100000000000000000000000000
LOG 6410300 us Sab1 CORRUPTING bit: 63 of Packet: 54 with ERROR_BIT: 0.012
LOG 6410300 us Sab1 CORRUPTING bit: 176 of Packet: 54 with ERROR_BIT: 0.012
LOG 6410300 us Sab1 CORRUPTED Packet: 54
LOG 6410300 us Sab1 000011101001011110100010110110011000000000000000000000000000000110000000000000000000000000000000010000000000000000000000000000001011000000000000000000000000000011100100000000001000000000000000
[Central]  RECEIVED 	From 2147483649		Data '	Size 24	  Sequence Number 13	(6410300 us)
[Central]  SENDING 		To 1	ACK 	Size 24	  Sequence Number 13	(6410300 us)
[Local]   RECEIVED 	From 2		ACK 	Size 24	  Sequence Number 12	(6411250 us)

		RTT of packet with SN 12 : 386 ms
		BASE : 13	NEXTSN : 14


		@@@@ timeout 3@@@@
		nextSNTemp : 7, nextSN : 3

[Local]   RECEIVED 	From 2		ACK 	Size 24	  Sequence Number 13	(6603300 us)

		RTT of packet with SN 13 : 386 ms
		BASE : 14	NEXTSN : 14


		@@@@ timeout 14@@@@
		nextSNTemp : 18, nextSN : 14

[Local]   SENDING 		To 2	Data ,	Size 24	  Sequence Number 14	(6603300 us)
[Local]   SENDING 		To 2	Data .	Size 24	  Sequence Number 15	(6795350 us)
LOG 6796300 us Sab1 ORIGINAL Packet: 57
LOG 6796300 us Sab1 000011101001011110100010110110011000000000000000000000000000000010000000000000000000000000000000010000000000000000000000000000000111000000000000000000000000000000110100000000000000000000000000
LOG 6796300 us Sab1 CORRUPTING bit: 5 of Packet: 57 with ERROR_BIT: 0.012
LOG 6796300 us Sab1 CORRUPTING bit: 93 of Packet: 57 with ERROR_BIT: 0.012
LOG 6796300 us Sab1 CORRUPTING bit: 153 of Packet: 57 with ERROR_BIT: 0.012
LOG 6796300 us Sab1 CORRUPTED Packet: 57
LOG 6796300 us Sab1 000010101001011110100010110110011000000000000000000000000000000010000000000000000000000000000100010000000000000000000000000000000111000000000000000000000100000000110100000000000000000000000000
[Local]   SENDING 		To 2	Data !	Size 24	  Sequence Number 16	(6987400 us)
LOG 6988350 us Sab1 ORIGINAL Packet: 58
LOG 6988350 us Sab1 000011101001011110100010110110011000000000000000000000000000000010000000000000000000000000000000010000000000000000000000000000001111000000000000000000000000000001110100000000000000000000000000
LOG 6988350 us Sab1 CORRUPTING bit: 14 of Packet: 58 with ERROR_BIT: 0.012
LOG 6988350 us Sab1 CORRUPTING bit: 62 of Packet: 58 with ERROR_BIT: 0.012
LOG 6988350 us Sab1 CORRUPTING bit: 96 of Packet: 58 with ERROR_BIT: 0.012
LOG 6988350 us Sab1 CORRUPTED Packet: 58
LOG 6988350 us Sab1 000011101001010110100010110110011000000000000000000000000000001010000000000000000000000000000000110000000000000000000000000000001111000000000000000000000000000001110100000000000000000000000000
[Central]  RECEIVED 	From 1073741825		Data .	Size 24	  Sequence Number 15	(6988350 us)
[Central]  SENDING 		To 1	ACK 	Size 24	  Sequence Number 13	(6988350 us)
[Local]   SENDING 		To 2	Data $	Size 24	  Sequence Number 17	(7179450 us)
LOG 7180400 us Sab1 ORIGINAL Packet: 59
LOG 7180400 us Sab1 000011101001011110100010110110011000000000000000000000000000000010000000000000000000000000000000010000000000000000000000000000000000100000000000000000000000000010000100000000000000000000000000
LOG 7180400 us Sab1 CORRUPTING bit: 69 of Packet: 59 with ERROR_BIT: 0.012
LOG 7180400 us Sab1 CORRUPTING bit: 81 of Packet: 59 with ERROR_BIT: 0.012
LOG 7180400 us Sab1 CORRUPTING bit: 167 of Packet: 59 with ERROR_BIT: 0.012
LOG 7180400 us Sab1 CORRUPTED Packet: 59
LOG 7180400 us Sab1 000011101001011110100010110110011000000000000000000000000000000010000100000000000100000000000000010000000000000000000000000000000000100000000000000000000000000010000101000000000000000000000000
[Central]  RECEIVED 	From 1		Data ¡	Size 24	  Sequence Number 16	(7180400 us)
[Central]  SENDING 		To 131105	ACK 	Size 24	  Sequence Number 13	(7180400 us)

		Error - Wrong ACK --- Expected : 14, Actual : 13 -- the ACK will be discarded


		@@@@ timeout 14@@@@
		nextSNTemp : 18, nextSN : 14

[Local]   SENDING 		To 2	Data  	Size 24	  Sequence Number 14	(7371500 us)
LOG 7372450 us Sab1 ORIGINAL Packet: 61
LOG 7372450 us Sab1 000011101001011110100010110110011000000000000000000000000000000010000000000000000000000000000000010000000000000000000000000000001000100000000000000000000000000000100100000000000000000000000000
LOG 7372450 us Sab1 CORRUPTING bit: 111 of Packet: 61 with ERROR_BIT: 0.012
LOG 7372450 us Sab1 CORRUPTED Packet: 61
LOG 7372450 us Sab1 000011101001011110100010110110011000000000000000000000000000000010000000000000000000000000000000010000000000000100000000000000001000100000000000000000000000000000100100000000000000000000000000
[Central]  RECEIVED 	From 1		Data $	Size 24	  Sequence Number 17	(7372450 us)
[Central]  SENDING 		To 1	ACK 	Size 24	  Sequence Number 13	(7372450 us)

		Error - Wrong ACK --- Expected : 14, Actual : 13 -- the ACK will be discarded

[Local]   SENDING 		To 2	Data .	Size 24	  Sequence Number 15	(7563550 us)
LOG 7564500 us Sab1 ORIGINAL Packet: 63
LOG 7564500 us Sab1 000011101001011110100010110110011000000000000000000000000000000010000000000000000000000000000000010000000000000000000000000000000111000000000000000000000000000000000000000000000000000000000000
LOG 7564500 us Sab1 CORRUPTING bit: 40 of Packet: 63 with ERROR_BIT: 0.012
LOG 7564500 us Sab1 CORRUPTING bit: 124 of Packet: 63 with ERROR_BIT: 0.012
LOG 7564500 us Sab1 CORRUPTED Packet: 63
LOG 7564500 us Sab1 000011101001011110100010110110011000000010000000000000000000000010000000000000000000000000000000010000000000000000000000000010000111000000000000000000000000000000000000000000000000000000000000
[Central]  RECEIVED 	From 257		Data  	Size 24	  Sequence Number 14	(7564500 us)
[Central]  SENDING 		To 1	ACK 	Size 24	  Sequence Number 14	(7564500 us)

		Error - Wrong ACK --- Expected : 14, Actual : 13 -- the ACK will be discarded

[Local]   SENDING 		To 2	Data !	Size 24	  Sequence Number 16	(7755600 us)
LOG 7756550 us Sab1 ORIGINAL Packet: 65
LOG 7756550 us Sab1 000011101001011110100010110110011000000000000000000000000000000010000000000000000000000000000000010000000000000000000000000000001111000000000000000000000000000001110100000000000000000000000000
LOG 7756550 us Sab1 CORRUPTING bit: 54 of Packet: 65 with ERROR_BIT: 0.012
LOG 7756550 us Sab1 CORRUPTING bit: 69 of Packet: 65 with ERROR_BIT: 0.012
LOG 7756550 us Sab1 CORRUPTING bit: 100 of Packet: 65 with ERROR_BIT: 0.012
LOG 7756550 us Sab1 CORRUPTED Packet: 65
LOG 7756550 us Sab1 000011101001011110100010110110011000000000000000000000100000000010000100000000000000000000000000010010000000000000000000000000001111000000000000000000000000000001110100000000000000000000000000
[Central]  RECEIVED 	From 4194305		Data .	Size 24	  Sequence Number 15	(7756550 us)
[Central]  SENDING 		To 33	ACK 	Size 24	  Sequence Number 15	(7756550 us)
[Local]   RECEIVED 	From 2		ACK 	Size 24	  Sequence Number 14	(7757500 us)

		RTT of packet with SN 14 : 386 ms
		BASE : 15	NEXTSN : 17

[Local]   SENDING 		To 2	Data $	Size 24	  Sequence Number 17	(7947650 us)
LOG 7948600 us Sab1 ORIGINAL Packet: 67
LOG 7948600 us Sab1 000011101001011110100010110110011000000000000000000000000000000010000000000000000000000000000000010000000000000000000000000000000000100000000000000000000000000010000100000000000000000000000000
LOG 7948600 us Sab1 CORRUPTING bit: 35 of Packet: 67 with ERROR_BIT: 0.012
LOG 7948600 us Sab1 CORRUPTING bit: 89 of Packet: 67 with ERROR_BIT: 0.012
LOG 7948600 us Sab1 CORRUPTING bit: 116 of Packet: 67 with ERROR_BIT: 0.012
LOG 7948600 us Sab1 CORRUPTED Packet: 67
LOG 7948600 us Sab1 000011101001011110100010110110011001000000000000000000000000000010000000000000000000000001000000010000000000000000001000000000000000100000000000000000000000000010000100000000000000000000000000
[Central]  RECEIVED 	From 9		Data !	Size 24	  Sequence Number 16	(7948600 us)
[Central]  SENDING 		To 33554433	ACK 	Size 24	  Sequence Number 16	(7948600 us)
[Local]   RECEIVED 	From 2		ACK 	Size 24	  Sequence Number 15	(7949550 us)

		RTT of packet with SN 15 : 386 ms
		BASE : 16	NEXTSN : 18


Info: /OSCI/SystemC: Simulation stopped by user.
