
Local   <-->  Central with FullDuplex channel

+----------------------------------------------------------------------------------------------+
|TASK     ACTION        FROM    TO      DATA    SIZE      SEQUENCE NUMBER       TIME STAMP     |
+----------------------------------------------------------------------------------------------+
[Local]   SENDING 		To 2	Data "	Size 24	  Sequence Number 1	(50 us)
[Local]   SENDING 		To 2	Data %	Size 24	  Sequence Number 2	(192100 us)
LOG 393050 us Sab1 ORIGINAL Packet: 0
LOG 393050 us Sab1 000011101001111000011011001001001000000000000000000000000000000010000000000000000000000000000000010000000000000000000000000000001000000000000000000000000000000001000100000000000000000000000000
LOG 393050 us Sab1 CORRUPTED Packet: 0
LOG 393050 us Sab1 000011101001111000011011001001001000000000000000000000000000000010000000000000000000000000000000010000000000000000000000000000001000000000000000000000000000000001000100000000000000000000000000
[Central]  RECEIVED 	From 1		Data "	Size 24	  Sequence Number 1	(393050 us)
[Central]  SENDING 		To 1	ACK 	Size 24	  Sequence Number 1	(393050 us)
[Local]   RECEIVED 	From 2		ACK 	Size 24	  Sequence Number 1	(586050 us)

		RTT of packet with SN 1 : 586050 us
		BASE : 2	NEXTSN : 3

LOG 593050 us Sab1 ORIGINAL Packet: 1
LOG 593050 us Sab1 000011101001111000011011001001001000000000000000000000000000000010000000000000000000000000000000010000000000000000000000000000000100000000000000000000000000000010100100000000000000000000000000
LOG 593050 us Sab1 CORRUPTED Packet: 1
LOG 593050 us Sab1 000011101001111000011011001001001000000000000000000000000000000010000000000000000000000000000000010000000000000000000000000000000100000000000000000000000000000010100100000000000000000000000000
[Central]  RECEIVED 	From 1		Data %	Size 24	  Sequence Number 2	(593050 us)
[Central]  SENDING 		To 1	ACK 	Size 24	  Sequence Number 2	(593050 us)

		@@@@ timeout 1@@@@
		nextSNTemp : 5, nextSN : 1

[Local]   RECEIVED 	From 2		ACK 	Size 24	  Sequence Number 2	(786050 us)

		RTT of packet with SN 2 : 593950 us
		BASE : 3	NEXTSN : 3


		@@@@ timeout 3@@@@
		nextSNTemp : 7, nextSN : 3

[Local]   SENDING 		To 2	Data *	Size 24	  Sequence Number 3	(786050 us)
[Local]   SENDING 		To 2	Data &	Size 24	  Sequence Number 4	(978100 us)
[Local]   SENDING 		To 2	Data "	Size 24	  Sequence Number 5	(1170150 us)
LOG 1179050 us Sab1 ORIGINAL Packet: 4
LOG 1179050 us Sab1 000011101001111000011011001001001000000000000000000000000000000010000000000000000000000000000000010000000000000000000000000000001100000000000000000000000000000001010100000000000000000000000000
LOG 1179050 us Sab1 CORRUPTED Packet: 4
LOG 1179050 us Sab1 000011101001111000011011001001001000000000000000000000000000000010000000000000000000000000000000010000000000000000000000000000001100000000000000000000000000000001010100000000000000000000000000
[Central]  RECEIVED 	From 1		Data *	Size 24	  Sequence Number 3	(1179050 us)
[Central]  SENDING 		To 1	ACK 	Size 24	  Sequence Number 3	(1179050 us)
[Local]   SENDING 		To 2	Data $	Size 24	  Sequence Number 6	(1362200 us)
[Local]   RECEIVED 	From 2		ACK 	Size 24	  Sequence Number 3	(1372050 us)

		RTT of packet with SN 3 : 586 ms
		BASE : 4	NEXTSN : 7

LOG 1379050 us Sab1 ORIGINAL Packet: 5
LOG 1379050 us Sab1 000011101001111000011011001001001000000000000000000000000000000010000000000000000000000000000000010000000000000000000000000000000010000000000000000000000000000001100100000000000000000000000000
LOG 1379050 us Sab1 CORRUPTED Packet: 5
LOG 1379050 us Sab1 000011101001111000011011001001001000000000000000000000000000000010000000000000000000000000000000010000000000000000000000000000000010000000000000000000000000000001100100000000000000000000000000
[Central]  RECEIVED 	From 1		Data &	Size 24	  Sequence Number 4	(1379050 us)
[Central]  SENDING 		To 1	ACK 	Size 24	  Sequence Number 4	(1379050 us)
[Local]   SENDING 		To 2	Data +	Size 24	  Sequence Number 7	(1554250 us)

		@@@@ timeout 1@@@@
		nextSNTemp : 5, nextSN : 1

[Local]   RECEIVED 	From 2		ACK 	Size 24	  Sequence Number 4	(1572050 us)

		RTT of packet with SN 4 : 593950 us
		BASE : 5	NEXTSN : 8

LOG 1579050 us Sab1 ORIGINAL Packet: 6
LOG 1579050 us Sab1 000011101001111000011011001001001000000000000000000000000000000010000000000000000000000000000000010000000000000000000000000000001010000000000000000000000000000001000100000000000000000000000000
LOG 1579050 us Sab1 CORRUPTED Packet: 6
LOG 1579050 us Sab1 000011101001111000011011001001001000000000000000000000000000000010000000000000000000000000000000010000000000000000000000000000001010000000000000000000000000000001000100000000000000000000000000
[Central]  RECEIVED 	From 1		Data "	Size 24	  Sequence Number 5	(1579050 us)
[Central]  SENDING 		To 1	ACK 	Size 24	  Sequence Number 5	(1579050 us)
[Local]   SENDING 		To 2	Data #	Size 24	  Sequence Number 8	(1746300 us)
[Local]   RECEIVED 	From 2		ACK 	Size 24	  Sequence Number 5	(1772050 us)

		RTT of packet with SN 5 : 601900 us
		BASE : 6	NEXTSN : 9


		#### timeout 5#### 1772050 us
LOG 1779050 us Sab1 ORIGINAL Packet: 8
LOG 1779050 us Sab1 000011101001111000011011001001001000000000000000000000000000000010000000000000000000000000000000010000000000000000000000000000000110000000000000000000000000000000100100000000000000000000000000
LOG 1779050 us Sab1 CORRUPTED Packet: 8
LOG 1779050 us Sab1 000011101001111000011011001001001000000000000000000000000000000010000000000000000000000000000000010000000000000000000000000000000110000000000000000000000000000000100100000000000000000000000000
[Central]  RECEIVED 	From 1		Data $	Size 24	  Sequence Number 6	(1779050 us)
[Central]  SENDING 		To 1	ACK 	Size 24	  Sequence Number 6	(1779050 us)

		@@@@ timeout 6@@@@
		nextSNTemp : 10, nextSN : 6

[Local]   SENDING 		To 2	Data $	Size 24	  Sequence Number 6	(1962250 us)
[Local]   RECEIVED 	From 2		ACK 	Size 24	  Sequence Number 6	(1972050 us)

		RTT of packet with SN 6 : 9800 us
		BASE : 7	NEXTSN : 7

LOG 1979050 us Sab1 ORIGINAL Packet: 10
LOG 1979050 us Sab1 000011101001111000011011001001001000000000000000000000000000000010000000000000000000000000000000010000000000000000000000000000001110000000000000000000000000000011010100000000000000000000000000
LOG 1979050 us Sab1 CORRUPTED Packet: 10
LOG 1979050 us Sab1 000011101001111000011011001001001000000000000000000000000000000010000000000000000000000000000000010000000000000000000000000000001110000000000000000000000000000011010100000000000000000000000000
[Central]  RECEIVED 	From 1		Data +	Size 24	  Sequence Number 7	(1979050 us)
[Central]  SENDING 		To 1	ACK 	Size 24	  Sequence Number 7	(1979050 us)

		@@@@ timeout 7@@@@
		nextSNTemp : 11, nextSN : 7

[Local]   SENDING 		To 2	Data +	Size 24	  Sequence Number 7	(2154300 us)

		@@@@ timeout 1@@@@
		nextSNTemp : 5, nextSN : 1

[Local]   RECEIVED 	From 2		ACK 	Size 24	  Sequence Number 7	(2172050 us)

		RTT of packet with SN 7 : 17750 us
		BASE : 8	NEXTSN : 8

LOG 2179050 us Sab1 ORIGINAL Packet: 12
LOG 2179050 us Sab1 000011101001111000011011001001001000000000000000000000000000000010000000000000000000000000000000010000000000000000000000000000000001000000000000000000000000000011000100000000000000000000000000
LOG 2179050 us Sab1 CORRUPTED Packet: 12
LOG 2179050 us Sab1 000011101001111000011011001001001000000000000000000000000000000010000000000000000000000000000000010000000000000000000000000000000001000000000000000000000000000011000100000000000000000000000000
[Central]  RECEIVED 	From 1		Data #	Size 24	  Sequence Number 8	(2179050 us)
[Central]  SENDING 		To 1	ACK 	Size 24	  Sequence Number 8	(2179050 us)

		@@@@ timeout 8@@@@
		nextSNTemp : 12, nextSN : 8

[Local]   SENDING 		To 2	Data #	Size 24	  Sequence Number 8	(2346350 us)
[Local]   RECEIVED 	From 2		ACK 	Size 24	  Sequence Number 8	(2372050 us)

		RTT of packet with SN 8 : 25700 us
		BASE : 9	NEXTSN : 9

LOG 2379050 us Sab1 ORIGINAL Packet: 14
LOG 2379050 us Sab1 000011101001111000011011001001001000000000000000000000000000000010000000000000000000000000000000010000000000000000000000000000000110000000000000000000000000000000100100000000000000000000000000
LOG 2379050 us Sab1 CORRUPTED Packet: 14
LOG 2379050 us Sab1 000011101001111000011011001001001000000000000000000000000000000010000000000000000000000000000000010000000000000000000000000000000110000000000000000000000000000000100100000000000000000000000000
[Central]  RECEIVED 	From 1		Data $	Size 24	  Sequence Number 6	(2379050 us)
[Central]  SENDING 		To 1	ACK 	Size 24	  Sequence Number 8	(2379050 us)

		@@@@ timeout 9@@@@
		nextSNTemp : 13, nextSN : 9

[Local]   SENDING 		To 2	Data #	Size 24	  Sequence Number 9	(2538400 us)

		Error - Wrong ACK --- Expected : 9, Actual : 8 -- the ACK will be discarded

LOG 2579050 us Sab1 ORIGINAL Packet: 16
LOG 2579050 us Sab1 000011101001111000011011001001001000000000000000000000000000000010000000000000000000000000000000010000000000000000000000000000001110000000000000000000000000000011010100000000000000000000000000
LOG 2579050 us Sab1 CORRUPTED Packet: 16
LOG 2579050 us Sab1 000011101001111000011011001001001000000000000000000000000000000010000000000000000000000000000000010000000000000000000000000000001110000000000000000000000000000011010100000000000000000000000000
[Central]  RECEIVED 	From 1		Data +	Size 24	  Sequence Number 7	(2579050 us)
[Central]  SENDING 		To 1	ACK 	Size 24	  Sequence Number 8	(2579050 us)
[Local]   SENDING 		To 2	Data &	Size 24	  Sequence Number 10	(2730450 us)

		@@@@ timeout 1@@@@
		nextSNTemp : 5, nextSN : 1


		Error - Wrong ACK --- Expected : 9, Actual : 8 -- the ACK will be discarded

LOG 2779050 us Sab1 ORIGINAL Packet: 18
LOG 2779050 us Sab1 000011101001111000011011001001001000000000000000000000000000000010000000000000000000000000000000010000000000000000000000000000000001000000000000000000000000000011000100000000000000000000000000
LOG 2779050 us Sab1 CORRUPTED Packet: 18
LOG 2779050 us Sab1 000011101001111000011011001001001000000000000000000000000000000010000000000000000000000000000000010000000000000000000000000000000001000000000000000000000000000011000100000000000000000000000000
[Central]  RECEIVED 	From 1		Data #	Size 24	  Sequence Number 8	(2779050 us)
[Central]  SENDING 		To 1	ACK 	Size 24	  Sequence Number 8	(2779050 us)
[Local]   SENDING 		To 2	Data '	Size 24	  Sequence Number 11	(2922500 us)

		Error - Wrong ACK --- Expected : 9, Actual : 8 -- the ACK will be discarded

LOG 2979050 us Sab1 ORIGINAL Packet: 20
LOG 2979050 us Sab1 000011101001111000011011001001001000000000000000000000000000000010000000000000000000000000000000010000000000000000000000000000001001000000000000000000000000000011000100000000000000000000000000
LOG 2979050 us Sab1 CORRUPTED Packet: 20
LOG 2979050 us Sab1 000011101001111000011011001001001000000000000000000000000000000010000000000000000000000000000000010000000000000000000000000000001001000000000000000000000000000011000100000000000000000000000000
[Central]  RECEIVED 	From 1		Data #	Size 24	  Sequence Number 9	(2979050 us)
[Central]  SENDING 		To 1	ACK 	Size 24	  Sequence Number 9	(2979050 us)
[Local]   SENDING 		To 2	Data ,	Size 24	  Sequence Number 12	(3114550 us)
[Local]   RECEIVED 	From 2		ACK 	Size 24	  Sequence Number 9	(3172050 us)

		RTT of packet with SN 9 : 633650 us
		BASE : 10	NEXTSN : 13


		#### timeout 9#### 3172050 us
LOG 3179050 us Sab1 ORIGINAL Packet: 22
LOG 3179050 us Sab1 000011101001111000011011001001001000000000000000000000000000000010000000000000000000000000000000010000000000000000000000000000000101000000000000000000000000000001100100000000000000000000000000
LOG 3179050 us Sab1 CORRUPTED Packet: 22
LOG 3179050 us Sab1 000011101001111000011011001001001000000000000000000000000000000010000000000000000000000000000000010000000000000000000000000000000101000000000000000000000000000001100100000000000000000000000000
[Central]  RECEIVED 	From 1		Data &	Size 24	  Sequence Number 10	(3179050 us)
[Central]  SENDING 		To 1	ACK 	Size 24	  Sequence Number 10	(3179050 us)
[Local]   SENDING 		To 2	Data !	Size 24	  Sequence Number 13	(3306600 us)

		@@@@ timeout 1@@@@
		nextSNTemp : 5, nextSN : 1

[Local]   RECEIVED 	From 2		ACK 	Size 24	  Sequence Number 10	(3372050 us)

		RTT of packet with SN 10 : 641600 us
		BASE : 11	NEXTSN : 14


		#### timeout 10#### 3372050 us
LOG 3379050 us Sab1 ORIGINAL Packet: 24
LOG 3379050 us Sab1 000011101001111000011011001001001000000000000000000000000000000010000000000000000000000000000000010000000000000000000000000000001101000000000000000000000000000011100100000000000000000000000000
LOG 3379050 us Sab1 CORRUPTED Packet: 24
LOG 3379050 us Sab1 000011101001111000011011001001001000000000000000000000000000000010000000000000000000000000000000010000000000000000000000000000001101000000000000000000000000000011100100000000000000000000000000
[Central]  RECEIVED 	From 1		Data '	Size 24	  Sequence Number 11	(3379050 us)
[Central]  SENDING 		To 1	ACK 	Size 24	  Sequence Number 11	(3379050 us)
[Local]   SENDING 		To 2	Data +	Size 24	  Sequence Number 14	(3498650 us)
[Local]   RECEIVED 	From 2		ACK 	Size 24	  Sequence Number 11	(3572050 us)

		RTT of packet with SN 11 : 649550 us
		BASE : 12	NEXTSN : 15


		#### timeout 11#### 3572050 us
LOG 3579050 us Sab1 ORIGINAL Packet: 26
LOG 3579050 us Sab1 000011101001111000011011001001001000000000000000000000000000000010000000000000000000000000000000010000000000000000000000000000000011000000000000000000000000000000110100000000000000000000000000
LOG 3579050 us Sab1 CORRUPTED Packet: 26
LOG 3579050 us Sab1 000011101001111000011011001001001000000000000000000000000000000010000000000000000000000000000000010000000000000000000000000000000011000000000000000000000000000000110100000000000000000000000000
[Central]  RECEIVED 	From 1		Data ,	Size 24	  Sequence Number 12	(3579050 us)
[Central]  SENDING 		To 1	ACK 	Size 24	  Sequence Number 12	(3579050 us)

		@@@@ timeout 12@@@@
		nextSNTemp : 16, nextSN : 12

[Local]   SENDING 		To 2	Data ,	Size 24	  Sequence Number 12	(3714600 us)
[Local]   RECEIVED 	From 2		ACK 	Size 24	  Sequence Number 12	(3772050 us)

		RTT of packet with SN 12 : 57450 us
		BASE : 13	NEXTSN : 13

LOG 3779050 us Sab1 ORIGINAL Packet: 28
LOG 3779050 us Sab1 000011101001111000011011001001001000000000000000000000000000000010000000000000000000000000000000010000000000000000000000000000001011000000000000000000000000000010000100000000000000000000000000
LOG 3779050 us Sab1 CORRUPTED Packet: 28
LOG 3779050 us Sab1 000011101001111000011011001001001000000000000000000000000000000010000000000000000000000000000000010000000000000000000000000000001011000000000000000000000000000010000100000000000000000000000000
[Central]  RECEIVED 	From 1		Data !	Size 24	  Sequence Number 13	(3779050 us)
[Central]  SENDING 		To 1	ACK 	Size 24	  Sequence Number 13	(3779050 us)

		@@@@ timeout 13@@@@
		nextSNTemp : 17, nextSN : 13

[Local]   SENDING 		To 2	Data !	Size 24	  Sequence Number 13	(3906650 us)

		@@@@ timeout 1@@@@
		nextSNTemp : 5, nextSN : 1

[Local]   RECEIVED 	From 2		ACK 	Size 24	  Sequence Number 13	(3972050 us)

		RTT of packet with SN 13 : 65400 us
		BASE : 14	NEXTSN : 14

LOG 3979050 us Sab1 ORIGINAL Packet: 30
LOG 3979050 us Sab1 000011101001111000011011001001001000000000000000000000000000000010000000000000000000000000000000010000000000000000000000000000000111000000000000000000000000000011010100000000000000000000000000
LOG 3979050 us Sab1 CORRUPTED Packet: 30
LOG 3979050 us Sab1 000011101001111000011011001001001000000000000000000000000000000010000000000000000000000000000000010000000000000000000000000000000111000000000000000000000000000011010100000000000000000000000000
[Central]  RECEIVED 	From 1		Data +	Size 24	  Sequence Number 14	(3979050 us)
[Central]  SENDING 		To 1	ACK 	Size 24	  Sequence Number 14	(3979050 us)

		@@@@ timeout 14@@@@
		nextSNTemp : 18, nextSN : 14

[Local]   SENDING 		To 2	Data +	Size 24	  Sequence Number 14	(4098700 us)
[Local]   RECEIVED 	From 2		ACK 	Size 24	  Sequence Number 14	(4172050 us)

		RTT of packet with SN 14 : 73350 us
		BASE : 15	NEXTSN : 15

LOG 4179050 us Sab1 ORIGINAL Packet: 32
LOG 4179050 us Sab1 000011101001111000011011001001001000000000000000000000000000000010000000000000000000000000000000010000000000000000000000000000000011000000000000000000000000000000110100000000000000000000000000
LOG 4179050 us Sab1 CORRUPTED Packet: 32
LOG 4179050 us Sab1 000011101001111000011011001001001000000000000000000000000000000010000000000000000000000000000000010000000000000000000000000000000011000000000000000000000000000000110100000000000000000000000000
[Central]  RECEIVED 	From 1		Data ,	Size 24	  Sequence Number 12	(4179050 us)
[Central]  SENDING 		To 1	ACK 	Size 24	  Sequence Number 14	(4179050 us)

		@@@@ timeout 15@@@@
		nextSNTemp : 19, nextSN : 15

[Local]   SENDING 		To 2	Data )	Size 24	  Sequence Number 15	(4290750 us)

		Error - Wrong ACK --- Expected : 15, Actual : 14 -- the ACK will be discarded

LOG 4379050 us Sab1 ORIGINAL Packet: 34
LOG 4379050 us Sab1 000011101001111000011011001001001000000000000000000000000000000010000000000000000000000000000000010000000000000000000000000000001011000000000000000000000000000010000100000000000000000000000000
LOG 4379050 us Sab1 CORRUPTED Packet: 34
LOG 4379050 us Sab1 000011101001111000011011001001001000000000000000000000000000000010000000000000000000000000000000010000000000000000000000000000001011000000000000000000000000000010000100000000000000000000000000
[Central]  RECEIVED 	From 1		Data !	Size 24	  Sequence Number 13	(4379050 us)
[Central]  SENDING 		To 1	ACK 	Size 24	  Sequence Number 14	(4379050 us)
[Local]   SENDING 		To 2	Data #	Size 24	  Sequence Number 16	(4482800 us)

		@@@@ timeout 1@@@@
		nextSNTemp : 5, nextSN : 1


		Error - Wrong ACK --- Expected : 15, Actual : 14 -- the ACK will be discarded

LOG 4579050 us Sab1 ORIGINAL Packet: 36
LOG 4579050 us Sab1 000011101001111000011011001001001000000000000000000000000000000010000000000000000000000000000000010000000000000000000000000000000111000000000000000000000000000011010100000000000000000000000000
LOG 4579050 us Sab1 CORRUPTED Packet: 36
LOG 4579050 us Sab1 000011101001111000011011001001001000000000000000000000000000000010000000000000000000000000000000010000000000000000000000000000000111000000000000000000000000000011010100000000000000000000000000
[Central]  RECEIVED 	From 1		Data +	Size 24	  Sequence Number 14	(4579050 us)
[Central]  SENDING 		To 1	ACK 	Size 24	  Sequence Number 14	(4579050 us)
[Local]   SENDING 		To 2	Data #	Size 24	  Sequence Number 17	(4674850 us)

		Error - Wrong ACK --- Expected : 15, Actual : 14 -- the ACK will be discarded

LOG 4779050 us Sab1 ORIGINAL Packet: 38
LOG 4779050 us Sab1 000011101001111000011011001001001000000000000000000000000000000010000000000000000000000000000000010000000000000000000000000000001111000000000000000000000000000010010100000000000000000000000000
LOG 4779050 us Sab1 CORRUPTED Packet: 38
LOG 4779050 us Sab1 000011101001111000011011001001001000000000000000000000000000000010000000000000000000000000000000010000000000000000000000000000001111000000000000000000000000000010010100000000000000000000000000
[Central]  RECEIVED 	From 1		Data )	Size 24	  Sequence Number 15	(4779050 us)
[Central]  SENDING 		To 1	ACK 	Size 24	  Sequence Number 15	(4779050 us)
[Local]   SENDING 		To 2	Data $	Size 24	  Sequence Number 18	(4866900 us)
[Local]   RECEIVED 	From 2		ACK 	Size 24	  Sequence Number 15	(4972050 us)

		RTT of packet with SN 15 : 681300 us
		BASE : 16	NEXTSN : 19


		#### timeout 15#### 4972050 us
LOG 4979050 us Sab1 ORIGINAL Packet: 40
LOG 4979050 us Sab1 000011101001111000011011001001001000000000000000000000000000000010000000000000000000000000000000010000000000000000000000000000000000100000000000000000000000000011000100000000000000000000000000
LOG 4979050 us Sab1 CORRUPTED Packet: 40
LOG 4979050 us Sab1 000011101001111000011011001001001000000000000000000000000000000010000000000000000000000000000000010000000000000000000000000000000000100000000000000000000000000011000100000000000000000000000000
[Central]  RECEIVED 	From 1		Data #	Size 24	  Sequence Number 16	(4979050 us)
[Central]  SENDING 		To 1	ACK 	Size 24	  Sequence Number 16	(4979050 us)
[Local]   SENDING 		To 2	Data !	Size 24	  Sequence Number 19	(5058950 us)

		@@@@ timeout 1@@@@
		nextSNTemp : 5, nextSN : 1

[Local]   RECEIVED 	From 2		ACK 	Size 24	  Sequence Number 16	(5172050 us)

		RTT of packet with SN 16 : 689250 us
		BASE : 17	NEXTSN : 20


		#### timeout 16#### 5172050 us
LOG 5179050 us Sab1 ORIGINAL Packet: 42
LOG 5179050 us Sab1 000011101001111000011011001001001000000000000000000000000000000010000000000000000000000000000000010000000000000000000000000000001000100000000000000000000000000011000100000000000000000000000000
LOG 5179050 us Sab1 CORRUPTED Packet: 42
LOG 5179050 us Sab1 000011101001111000011011001001001000000000000000000000000000000010000000000000000000000000000000010000000000000000000000000000001000100000000000000000000000000011000100000000000000000000000000
[Central]  RECEIVED 	From 1		Data #	Size 24	  Sequence Number 17	(5179050 us)
[Central]  SENDING 		To 1	ACK 	Size 24	  Sequence Number 17	(5179050 us)
[Local]   SENDING 		To 2	Data &	Size 24	  Sequence Number 20	(5251 ms)
[Local]   RECEIVED 	From 2		ACK 	Size 24	  Sequence Number 17	(5372050 us)

		RTT of packet with SN 17 : 697200 us
		BASE : 18	NEXTSN : 21


		#### timeout 17#### 5372050 us
LOG 5379050 us Sab1 ORIGINAL Packet: 44
LOG 5379050 us Sab1 000011101001111000011011001001001000000000000000000000000000000010000000000000000000000000000000010000000000000000000000000000000100100000000000000000000000000000100100000000000000000000000000
LOG 5379050 us Sab1 CORRUPTED Packet: 44
LOG 5379050 us Sab1 000011101001111000011011001001001000000000000000000000000000000010000000000000000000000000000000010000000000000000000000000000000100100000000000000000000000000000100100000000000000000000000000
[Central]  RECEIVED 	From 1		Data $	Size 24	  Sequence Number 18	(5379050 us)
[Central]  SENDING 		To 1	ACK 	Size 24	  Sequence Number 18	(5379050 us)

		@@@@ timeout 18@@@@
		nextSNTemp : 22, nextSN : 18

[Local]   SENDING 		To 2	Data $	Size 24	  Sequence Number 18	(5466950 us)
[Local]   RECEIVED 	From 2		ACK 	Size 24	  Sequence Number 18	(5572050 us)

		RTT of packet with SN 18 : 105100 us
		BASE : 19	NEXTSN : 19

LOG 5579050 us Sab1 ORIGINAL Packet: 46
LOG 5579050 us Sab1 000011101001111000011011001001001000000000000000000000000000000010000000000000000000000000000000010000000000000000000000000000001100100000000000000000000000000010000100000000000000000000000000
LOG 5579050 us Sab1 CORRUPTED Packet: 46
LOG 5579050 us Sab1 000011101001111000011011001001001000000000000000000000000000000010000000000000000000000000000000010000000000000000000000000000001100100000000000000000000000000010000100000000000000000000000000
[Central]  RECEIVED 	From 1		Data !	Size 24	  Sequence Number 19	(5579050 us)
[Central]  SENDING 		To 1	ACK 	Size 24	  Sequence Number 19	(5579050 us)

		@@@@ timeout 19@@@@
		nextSNTemp : 23, nextSN : 19

[Local]   SENDING 		To 2	Data !	Size 24	  Sequence Number 19	(5659 ms)

		@@@@ timeout 1@@@@
		nextSNTemp : 5, nextSN : 1

[Local]   RECEIVED 	From 2		ACK 	Size 24	  Sequence Number 19	(5772050 us)

		RTT of packet with SN 19 : 113050 us
		BASE : 20	NEXTSN : 20

LOG 5779050 us Sab1 ORIGINAL Packet: 48
LOG 5779050 us Sab1 000011101001111000011011001001001000000000000000000000000000000010000000000000000000000000000000010000000000000000000000000000000010100000000000000000000000000001100100000000000000000000000000
LOG 5779050 us Sab1 CORRUPTED Packet: 48
LOG 5779050 us Sab1 000011101001111000011011001001001000000000000000000000000000000010000000000000000000000000000000010000000000000000000000000000000010100000000000000000000000000001100100000000000000000000000000
[Central]  RECEIVED 	From 1		Data &	Size 24	  Sequence Number 20	(5779050 us)
[Central]  SENDING 		To 1	ACK 	Size 24	  Sequence Number 20	(5779050 us)

		@@@@ timeout 20@@@@
		nextSNTemp : 24, nextSN : 20

[Local]   SENDING 		To 2	Data &	Size 24	  Sequence Number 20	(5851050 us)
[Local]   RECEIVED 	From 2		ACK 	Size 24	  Sequence Number 20	(5972050 us)

		RTT of packet with SN 20 : 121 ms
		BASE : 21	NEXTSN : 21

LOG 5979050 us Sab1 ORIGINAL Packet: 50
LOG 5979050 us Sab1 000011101001111000011011001001001000000000000000000000000000000010000000000000000000000000000000010000000000000000000000000000000100100000000000000000000000000000100100000000000000000000000000
LOG 5979050 us Sab1 CORRUPTED Packet: 50
LOG 5979050 us Sab1 000011101001111000011011001001001000000000000000000000000000000010000000000000000000000000000000010000000000000000000000000000000100100000000000000000000000000000100100000000000000000000000000
[Central]  RECEIVED 	From 1		Data $	Size 24	  Sequence Number 18	(5979050 us)
[Central]  SENDING 		To 1	ACK 	Size 24	  Sequence Number 20	(5979050 us)

		@@@@ timeout 21@@@@
		nextSNTemp : 25, nextSN : 21

[Local]   SENDING 		To 2	Data *	Size 24	  Sequence Number 21	(6043100 us)

		Error - Wrong ACK --- Expected : 21, Actual : 20 -- the ACK will be discarded

LOG 6179050 us Sab1 ORIGINAL Packet: 52
LOG 6179050 us Sab1 000011101001111000011011001001001000000000000000000000000000000010000000000000000000000000000000010000000000000000000000000000001100100000000000000000000000000010000100000000000000000000000000
LOG 6179050 us Sab1 CORRUPTED Packet: 52
LOG 6179050 us Sab1 000011101001111000011011001001001000000000000000000000000000000010000000000000000000000000000000010000000000000000000000000000001100100000000000000000000000000010000100000000000000000000000000
[Central]  RECEIVED 	From 1		Data !	Size 24	  Sequence Number 19	(6179050 us)
[Central]  SENDING 		To 1	ACK 	Size 24	  Sequence Number 20	(6179050 us)
[Local]   SENDING 		To 2	Data #	Size 24	  Sequence Number 22	(6235150 us)

		@@@@ timeout 1@@@@
		nextSNTemp : 5, nextSN : 1


		Error - Wrong ACK --- Expected : 21, Actual : 20 -- the ACK will be discarded

LOG 6379050 us Sab1 ORIGINAL Packet: 54
LOG 6379050 us Sab1 000011101001111000011011001001001000000000000000000000000000000010000000000000000000000000000000010000000000000000000000000000000010100000000000000000000000000001100100000000000000000000000000
LOG 6379050 us Sab1 CORRUPTED Packet: 54
LOG 6379050 us Sab1 000011101001111000011011001001001000000000000000000000000000000010000000000000000000000000000000010000000000000000000000000000000010100000000000000000000000000001100100000000000000000000000000
[Central]  RECEIVED 	From 1		Data &	Size 24	  Sequence Number 20	(6379050 us)
[Central]  SENDING 		To 1	ACK 	Size 24	  Sequence Number 20	(6379050 us)
[Local]   SENDING 		To 2	Data -	Size 24	  Sequence Number 23	(6427200 us)

		Error - Wrong ACK --- Expected : 21, Actual : 20 -- the ACK will be discarded

LOG 6579050 us Sab1 ORIGINAL Packet: 56
LOG 6579050 us Sab1 000011101001111000011011001001001000000000000000000000000000000010000000000000000000000000000000010000000000000000000000000000001010100000000000000000000000000001010100000000000000000000000000
LOG 6579050 us Sab1 CORRUPTED Packet: 56
LOG 6579050 us Sab1 000011101001111000011011001001001000000000000000000000000000000010000000000000000000000000000000010000000000000000000000000000001010100000000000000000000000000001010100000000000000000000000000
[Central]  RECEIVED 	From 1		Data *	Size 24	  Sequence Number 21	(6579050 us)
[Central]  SENDING 		To 1	ACK 	Size 24	  Sequence Number 21	(6579050 us)
[Local]   SENDING 		To 2	Data -	Size 24	  Sequence Number 24	(6619250 us)
[Local]   RECEIVED 	From 2		ACK 	Size 24	  Sequence Number 21	(6772050 us)

		RTT of packet with SN 21 : 728950 us
		BASE : 22	NEXTSN : 25


		#### timeout 21#### 6772050 us
LOG 6779050 us Sab1 ORIGINAL Packet: 58
LOG 6779050 us Sab1 000011101001111000011011001001001000000000000000000000000000000010000000000000000000000000000000010000000000000000000000000000000110100000000000000000000000000011000100000000000000000000000000
LOG 6779050 us Sab1 CORRUPTED Packet: 58
LOG 6779050 us Sab1 000011101001111000011011001001001000000000000000000000000000000010000000000000000000000000000000010000000000000000000000000000000110100000000000000000000000000011000100000000000000000000000000
[Central]  RECEIVED 	From 1		Data #	Size 24	  Sequence Number 22	(6779050 us)
[Central]  SENDING 		To 1	ACK 	Size 24	  Sequence Number 22	(6779050 us)
[Local]   SENDING 		To 2	Data "	Size 24	  Sequence Number 25	(6811300 us)

		@@@@ timeout 1@@@@
		nextSNTemp : 5, nextSN : 1

[Local]   RECEIVED 	From 2		ACK 	Size 24	  Sequence Number 22	(6972050 us)

		RTT of packet with SN 22 : 736900 us
		BASE : 23	NEXTSN : 26


		#### timeout 22#### 6972050 us
LOG 6979050 us Sab1 ORIGINAL Packet: 60
LOG 6979050 us Sab1 000011101001111000011011001001001000000000000000000000000000000010000000000000000000000000000000010000000000000000000000000000001110100000000000000000000000000010110100000000000000000000000000
LOG 6979050 us Sab1 CORRUPTED Packet: 60
LOG 6979050 us Sab1 000011101001111000011011001001001000000000000000000000000000000010000000000000000000000000000000010000000000000000000000000000001110100000000000000000000000000010110100000000000000000000000000
[Central]  RECEIVED 	From 1		Data -	Size 24	  Sequence Number 23	(6979050 us)
[Central]  SENDING 		To 1	ACK 	Size 24	  Sequence Number 23	(6979050 us)
[Local]   SENDING 		To 2	Data &	Size 24	  Sequence Number 26	(7003350 us)
[Local]   RECEIVED 	From 2		ACK 	Size 24	  Sequence Number 23	(7172050 us)

		RTT of packet with SN 23 : 744850 us
		BASE : 24	NEXTSN : 27


		#### timeout 23#### 7172050 us
LOG 7179050 us Sab1 ORIGINAL Packet: 62
LOG 7179050 us Sab1 000011101001111000011011001001001000000000000000000000000000000010000000000000000000000000000000010000000000000000000000000000000001100000000000000000000000000010110100000000000000000000000000
LOG 7179050 us Sab1 CORRUPTED Packet: 62
LOG 7179050 us Sab1 000011101001111000011011001001001000000000000000000000000000000010000000000000000000000000000000010000000000000000000000000000000001100000000000000000000000000010110100000000000000000000000000
[Central]  RECEIVED 	From 1		Data -	Size 24	  Sequence Number 24	(7179050 us)
[Central]  SENDING 		To 1	ACK 	Size 24	  Sequence Number 24	(7179050 us)

		@@@@ timeout 24@@@@
		nextSNTemp : 28, nextSN : 24

[Local]   SENDING 		To 2	Data -	Size 24	  Sequence Number 24	(7219300 us)
[Local]   RECEIVED 	From 2		ACK 	Size 24	  Sequence Number 24	(7372050 us)

		RTT of packet with SN 24 : 152750 us
		BASE : 25	NEXTSN : 25

LOG 7379050 us Sab1 ORIGINAL Packet: 64
LOG 7379050 us Sab1 000011101001111000011011001001001000000000000000000000000000000010000000000000000000000000000000010000000000000000000000000000001001100000000000000000000000000001000100000000000000000000000000
LOG 7379050 us Sab1 CORRUPTED Packet: 64
LOG 7379050 us Sab1 000011101001111000011011001001001000000000000000000000000000000010000000000000000000000000000000010000000000000000000000000000001001100000000000000000000000000001000100000000000000000000000000
[Central]  RECEIVED 	From 1		Data "	Size 24	  Sequence Number 25	(7379050 us)
[Central]  SENDING 		To 1	ACK 	Size 24	  Sequence Number 25	(7379050 us)

		@@@@ timeout 25@@@@
		nextSNTemp : 29, nextSN : 25

[Local]   SENDING 		To 2	Data "	Size 24	  Sequence Number 25	(7411350 us)

		@@@@ timeout 1@@@@
		nextSNTemp : 5, nextSN : 1

[Local]   RECEIVED 	From 2		ACK 	Size 24	  Sequence Number 25	(7572050 us)

		RTT of packet with SN 25 : 160700 us
		BASE : 26	NEXTSN : 26

LOG 7579050 us Sab1 ORIGINAL Packet: 66
LOG 7579050 us Sab1 000011101001111000011011001001001000000000000000000000000000000010000000000000000000000000000000010000000000000000000000000000000101100000000000000000000000000001100100000000000000000000000000
LOG 7579050 us Sab1 CORRUPTED Packet: 66
LOG 7579050 us Sab1 000011101001111000011011001001001000000000000000000000000000000010000000000000000000000000000000010000000000000000000000000000000101100000000000000000000000000001100100000000000000000000000000
[Central]  RECEIVED 	From 1		Data &	Size 24	  Sequence Number 26	(7579050 us)
[Central]  SENDING 		To 1	ACK 	Size 24	  Sequence Number 26	(7579050 us)

		@@@@ timeout 26@@@@
		nextSNTemp : 30, nextSN : 26

[Local]   SENDING 		To 2	Data &	Size 24	  Sequence Number 26	(7603400 us)
[Local]   RECEIVED 	From 2		ACK 	Size 24	  Sequence Number 26	(7772050 us)

		RTT of packet with SN 26 : 168650 us
		BASE : 27	NEXTSN : 27

LOG 7779050 us Sab1 ORIGINAL Packet: 68
LOG 7779050 us Sab1 000011101001111000011011001001001000000000000000000000000000000010000000000000000000000000000000010000000000000000000000000000000001100000000000000000000000000010110100000000000000000000000000
LOG 7779050 us Sab1 CORRUPTED Packet: 68
LOG 7779050 us Sab1 000011101001111000011011001001001000000000000000000000000000000010000000000000000000000000000000010000000000000000000000000000000001100000000000000000000000000010110100000000000000000000000000
[Central]  RECEIVED 	From 1		Data -	Size 24	  Sequence Number 24	(7779050 us)
[Central]  SENDING 		To 1	ACK 	Size 24	  Sequence Number 26	(7779050 us)

		@@@@ timeout 27@@@@
		nextSNTemp : 31, nextSN : 27

[Local]   SENDING 		To 2	Data &	Size 24	  Sequence Number 27	(7795450 us)

		Error - Wrong ACK --- Expected : 27, Actual : 26 -- the ACK will be discarded

LOG 7979050 us Sab1 ORIGINAL Packet: 70
LOG 7979050 us Sab1 000011101001111000011011001001001000000000000000000000000000000010000000000000000000000000000000010000000000000000000000000000001001100000000000000000000000000001000100000000000000000000000000
LOG 7979050 us Sab1 CORRUPTED Packet: 70
LOG 7979050 us Sab1 000011101001111000011011001001001000000000000000000000000000000010000000000000000000000000000000010000000000000000000000000000001001100000000000000000000000000001000100000000000000000000000000
[Central]  RECEIVED 	From 1		Data "	Size 24	  Sequence Number 25	(7979050 us)
[Central]  SENDING 		To 1	ACK 	Size 24	  Sequence Number 26	(7979050 us)
[Local]   SENDING 		To 2	Data !	Size 24	  Sequence Number 28	(7987500 us)

Info: /OSCI/SystemC: Simulation stopped by user.
