
Local   <-->  Central with FullDuplex channel

+----------------------------------------------------------------------------------------------+
|TASK     ACTION        FROM    TO      DATA    SIZE      SEQUENCE NUMBER       TIME STAMP     |
+----------------------------------------------------------------------------------------------+

		@@@@ timeout 1@@@@
		nextSNTemp : 5, nextSN : 1

[Local]   SENDING 		To 2	Data "	Size 24	  Sequence Number 1	(600050 us)

		@@@@ timeout 1@@@@
		nextSNTemp : 5, nextSN : 1

[Local]   SENDING 		To 2	Data %	Size 24	  Sequence Number 2	(792100 us)
LOG 793050 us Sab1 ORIGINAL Packet: 0
LOG 793050 us Sab1 000011101001111100111011011010001000000000000000000000000000000010000000000000000000000000000000010000000000000000000000000000001000000000000000000000000000000001000100000000000000000000000000
LOG 793050 us Sab1 CORRUPTED Packet: 0
LOG 793050 us Sab1 000011101001111100111011011010001000000000000000000000000000000010000000000000000000000000000000010000000000000000000000000000001000000000000000000000000000000001000100000000000000000000000000
[Central]  RECEIVED 	From 1		Data "	Size 24	  Sequence Number 1	(793050 us)
[Central]  SENDING 		To 1	ACK 	Size 24	  Sequence Number 1	(793050 us)
[Local]   SENDING 		To 2	Data *	Size 24	  Sequence Number 3	(984150 us)
LOG 985100 us Sab1 ORIGINAL Packet: 1
LOG 985100 us Sab1 000011101001111100111011011010001000000000000000000000000000000010000000000000000000000000000000010000000000000000000000000000000100000000000000000000000000000010100100000000000000000000000000
LOG 985100 us Sab1 CORRUPTED Packet: 1
LOG 985100 us Sab1 000011101001111100111011011010001000000000000000000000000000000010000000000000000000000000000000010000000000000000000000000000000100000000000000000000000000000010100100000000000000000000000000
[Central]  RECEIVED 	From 1		Data %	Size 24	  Sequence Number 2	(985100 us)
[Central]  SENDING 		To 1	ACK 	Size 24	  Sequence Number 2	(985100 us)
[Local]   RECEIVED 	From 2		ACK 	Size 24	  Sequence Number 1	(986050 us)

		RTT of packet with SN 1 : 386 ms
		BASE : 2	NEXTSN : 4

[Local]   SENDING 		To 2	Data &	Size 24	  Sequence Number 4	(1176200 us)
LOG 1177150 us Sab1 ORIGINAL Packet: 3
LOG 1177150 us Sab1 000011101001111100111011011010001000000000000000000000000000000010000000000000000000000000000000010000000000000000000000000000001100000000000000000000000000000001010100000000000000000000000000
LOG 1177150 us Sab1 CORRUPTED Packet: 3
LOG 1177150 us Sab1 000011101001111100111011011010001000000000000000000000000000000010000000000000000000000000000000010000000000000000000000000000001100000000000000000000000000000001010100000000000000000000000000
[Local]   RECEIVED 	From 2		ACK 	Size 24	  Sequence Number 2	(1178100 us)

		RTT of packet with SN 2 : 386 ms
		BASE : 3	NEXTSN : 5


		@@@@ timeout 1@@@@
		nextSNTemp : 5, nextSN : 1

[Local]   SENDING 		To 2	Data "	Size 24	  Sequence Number 5	(1368250 us)
LOG 1369200 us Sab1 ORIGINAL Packet: 5
LOG 1369200 us Sab1 000011101001111100111011011010001000000000000000000000000000000010000000000000000000000000000000010000000000000000000000000000000010000000000000000000000000000001100100000000000000000000000000
LOG 1369200 us Sab1 CORRUPTED Packet: 5
LOG 1369200 us Sab1 000011101001111100111011011010001000000000000000000000000000000010000000000000000000000000000000010000000000000000000000000000000010000000000000000000000000000001100100000000000000000000000000
LOG 1561250 us Sab1 ORIGINAL Packet: 6
LOG 1561250 us Sab1 000011101001111100111011011010001000000000000000000000000000000010000000000000000000000000000000010000000000000000000000000000001010000000000000000000000000000001000100000000000000000000000000
LOG 1561250 us Sab1 CORRUPTED Packet: 6
LOG 1561250 us Sab1 000011101001111100111011011010001000000000000000000000000000000010000000000000000000000000000000010000000000000000000000000000001010000000000000000000000000000001000100000000000000000000000000
[Central]  RECEIVED 	From 1		Data "	Size 24	  Sequence Number 5	(1561250 us)
[Central]  SENDING 		To 1	ACK 	Size 24	  Sequence Number 2	(1561250 us)

		@@@@ timeout 3@@@@
		nextSNTemp : 7, nextSN : 3

[Local]   SENDING 		To 2	Data *	Size 24	  Sequence Number 3	(1584200 us)

		Error - Wrong ACK --- Expected : 3, Actual : 2 -- the ACK will be discarded

[Local]   SENDING 		To 2	Data &	Size 24	  Sequence Number 4	(1776250 us)
LOG 1777200 us Sab1 ORIGINAL Packet: 8
LOG 1777200 us Sab1 000011101001111100111011011010001000000000000000000000000000000010000000000000000000000000000000010000000000000000000000000000001100000000000000000000000000000001010100000000000000000000000000
LOG 1777200 us Sab1 CORRUPTED Packet: 8
LOG 1777200 us Sab1 000011101001111100111011011010001000000000000000000000000000000010000000000000000000000000000000010000000000000000000000000000001100000000000000000000000000000001010100000000000000000000000000

		@@@@ timeout 1@@@@
		nextSNTemp : 5, nextSN : 1

[Local]   SENDING 		To 2	Data "	Size 24	  Sequence Number 5	(1968300 us)
LOG 1969250 us Sab1 ORIGINAL Packet: 9
LOG 1969250 us Sab1 000011101001111100111011011010001000000000000000000000000000000010000000000000000000000000000000010000000000000000000000000000000010000000000000000000000000000001100100000000000000000000000000
LOG 1969250 us Sab1 CORRUPTED Packet: 9
LOG 1969250 us Sab1 000011101001111100111011011010001000000000000000000000000000000010000000000000000000000000000000010000000000000000000000000000000010000000000000000000000000000001100100000000000000000000000000
[Local]   SENDING 		To 2	Data $	Size 24	  Sequence Number 6	(2160350 us)
LOG 2161300 us Sab1 ORIGINAL Packet: 10
LOG 2161300 us Sab1 000011101001111100111011011010001000000000000000000000000000000010000000000000000000000000000000010000000000000000000000000000001010000000000000000000000000000001000100000000000000000000000000
LOG 2161300 us Sab1 CORRUPTED Packet: 10
LOG 2161300 us Sab1 000011101001111100111011011010001000000000000000000000000000000010000000000000000000000000000000010000000000000000000000000000001010000000000000000000000000000001000100000000000000000000000000

		@@@@ timeout 3@@@@
		nextSNTemp : 7, nextSN : 3

[Local]   SENDING 		To 2	Data *	Size 24	  Sequence Number 3	(2352400 us)
LOG 2353350 us Sab1 ORIGINAL Packet: 11
LOG 2353350 us Sab1 000011101001111100111011011010001000000000000000000000000000000010000000000000000000000000000000010000000000000000000000000000000110000000000000000000000000000000100100000000000000000000000000
LOG 2353350 us Sab1 CORRUPTED Packet: 11
LOG 2353350 us Sab1 000011101001111100111011011010001000000000000000000000000000000010000000000000000000000000000000010000000000000000000000000000000110000000000000000000000000000000100100000000000000000000000000

		@@@@ timeout 1@@@@
		nextSNTemp : 5, nextSN : 1

[Local]   SENDING 		To 2	Data &	Size 24	  Sequence Number 4	(2544450 us)
LOG 2545400 us Sab1 ORIGINAL Packet: 12
LOG 2545400 us Sab1 000011101001111100111011011010001000000000000000000000000000000010000000000000000000000000000000010000000000000000000000000000001100000000000000000000000000000001010100000000000000000000000000
LOG 2545400 us Sab1 CORRUPTED Packet: 12
LOG 2545400 us Sab1 000011101001111100111011011010001000000000000000000000000000000010000000000000000000000000000000010000000000000000000000000000001100000000000000000000000000000001010100000000000000000000000000
[Local]   SENDING 		To 2	Data "	Size 24	  Sequence Number 5	(2736500 us)
LOG 2737450 us Sab1 ORIGINAL Packet: 13
LOG 2737450 us Sab1 000011101001111100111011011010001000000000000000000000000000000010000000000000000000000000000000010000000000000000000000000000000010000000000000000000000000000001100100000000000000000000000000
LOG 2737450 us Sab1 CORRUPTED Packet: 13
LOG 2737450 us Sab1 000011101001111100111011011010001000000000000000000000000000000010000000000000000000000000000000010000000000000000000000000000000010000000000000000000000000000001100100000000000000000000000000
[Central]  RECEIVED 	From 1		Data &	Size 24	  Sequence Number 4	(2737450 us)
[Central]  SENDING 		To 1	ACK 	Size 24	  Sequence Number 2	(2737450 us)
[Local]   SENDING 		To 2	Data $	Size 24	  Sequence Number 6	(2928550 us)
LOG 2929500 us Sab1 ORIGINAL Packet: 14
LOG 2929500 us Sab1 000011101001111100111011011010001000000000000000000000000000000010000000000000000000000000000000010000000000000000000000000000001010000000000000000000000000000001000100000000000000000000000000
LOG 2929500 us Sab1 CORRUPTED Packet: 14
LOG 2929500 us Sab1 000011101001111100111011011010001000000000000000000000000000000010000000000000000000000000000000010000000000000000000000000000001010000000000000000000000000000001000100000000000000000000000000

		Error - Wrong ACK --- Expected : 3, Actual : 2 -- the ACK will be discarded


		@@@@ timeout 1@@@@
		nextSNTemp : 5, nextSN : 1


		@@@@ timeout 3@@@@
		nextSNTemp : 7, nextSN : 3

[Local]   SENDING 		To 2	Data *	Size 24	  Sequence Number 3	(3120600 us)
LOG 3121550 us Sab1 ORIGINAL Packet: 16
LOG 3121550 us Sab1 000011101001111100111011011010001000000000000000000000000000000010000000000000000000000000000000010000000000000000000000000000000110000000000000000000000000000000100100000000000000000000000000
LOG 3121550 us Sab1 CORRUPTED Packet: 16
LOG 3121550 us Sab1 000011101001111100111011011010001000000000000000000000000000000010000000000000000000000000000000010000000000000000000000000000000110000000000000000000000000000000100100000000000000000000000000
[Local]   SENDING 		To 2	Data &	Size 24	  Sequence Number 4	(3312650 us)
LOG 3313600 us Sab1 ORIGINAL Packet: 17
LOG 3313600 us Sab1 000011101001111100111011011010001000000000000000000000000000000010000000000000000000000000000000010000000000000000000000000000001100000000000000000000000000000001010100000000000000000000000000
LOG 3313600 us Sab1 CORRUPTED Packet: 17
LOG 3313600 us Sab1 000011101001111100111011011010001000000000000000000000000000000010000000000000000000000000000000010000000000000000000000000000001100000000000000000000000000000001010100000000000000000000000000
[Central]  RECEIVED 	From 1		Data *	Size 24	  Sequence Number 3	(3313600 us)
[Central]  SENDING 		To 1	ACK 	Size 24	  Sequence Number 3	(3313600 us)
[Local]   SENDING 		To 2	Data "	Size 24	  Sequence Number 5	(3504700 us)
LOG 3505650 us Sab1 ORIGINAL Packet: 18
LOG 3505650 us Sab1 000011101001111100111011011010001000000000000000000000000000000010000000000000000000000000000000010000000000000000000000000000000010000000000000000000000000000001100100000000000000000000000000
LOG 3505650 us Sab1 CORRUPTED Packet: 18
LOG 3505650 us Sab1 000011101001111100111011011010001000000000000000000000000000000010000000000000000000000000000000010000000000000000000000000000000010000000000000000000000000000001100100000000000000000000000000
[Local]   RECEIVED 	From 2		ACK 	Size 24	  Sequence Number 3	(3506600 us)

		RTT of packet with SN 3 : 386 ms
		BASE : 4	NEXTSN : 6


		@@@@ timeout 1@@@@
		nextSNTemp : 5, nextSN : 1

[Local]   SENDING 		To 2	Data $	Size 24	  Sequence Number 6	(3696750 us)
LOG 3697700 us Sab1 ORIGINAL Packet: 20
LOG 3697700 us Sab1 000011101001111100111011011010001000000000000000000000000000000010000000000000000000000000000000010000000000000000000000000000001010000000000000000000000000000001000100000000000000000000000000
LOG 3697700 us Sab1 CORRUPTED Packet: 20
LOG 3697700 us Sab1 000011101001111100111011011010001000000000000000000000000000000010000000000000000000000000000000010000000000000000000000000000001010000000000000000000000000000001000100000000000000000000000000
[Local]   SENDING 		To 2	Data +	Size 24	  Sequence Number 7	(3888800 us)
LOG 3889750 us Sab1 ORIGINAL Packet: 21
LOG 3889750 us Sab1 000011101001111100111011011010001000000000000000000000000000000010000000000000000000000000000000010000000000000000000000000000000110000000000000000000000000000000100100000000000000000000000000
LOG 3889750 us Sab1 CORRUPTED Packet: 21
LOG 3889750 us Sab1 000011101001111100111011011010001000000000000000000000000000000010000000000000000000000000000000010000000000000000000000000000000110000000000000000000000000000000100100000000000000000000000000

		@@@@ timeout 4@@@@
		nextSNTemp : 8, nextSN : 4

[Local]   SENDING 		To 2	Data &	Size 24	  Sequence Number 4	(4080850 us)
LOG 4081800 us Sab1 ORIGINAL Packet: 22
LOG 4081800 us Sab1 000011101001111100111011011010001000000000000000000000000000000010000000000000000000000000000000010000000000000000000000000000001110000000000000000000000000000011010100000000000000000000000000
LOG 4081800 us Sab1 CORRUPTED Packet: 22
LOG 4081800 us Sab1 000011101001111100111011011010001000000000000000000000000000000010000000000000000000000000000000010000000000000000000000000000001110000000000000000000000000000011010100000000000000000000000000

		@@@@ timeout 1@@@@
		nextSNTemp : 5, nextSN : 1

[Local]   SENDING 		To 2	Data "	Size 24	  Sequence Number 5	(4272900 us)
LOG 4273850 us Sab1 ORIGINAL Packet: 23
LOG 4273850 us Sab1 000011101001111100111011011010001000000000000000000000000000000010000000000000000000000000000000010000000000000000000000000000000010000000000000000000000000000001100100000000000000000000000000
LOG 4273850 us Sab1 CORRUPTED Packet: 23
LOG 4273850 us Sab1 000011101001111100111011011010001000000000000000000000000000000010000000000000000000000000000000010000000000000000000000000000000010000000000000000000000000000001100100000000000000000000000000
[Local]   SENDING 		To 2	Data $	Size 24	  Sequence Number 6	(4464950 us)
LOG 4465900 us Sab1 ORIGINAL Packet: 24
LOG 4465900 us Sab1 000011101001111100111011011010001000000000000000000000000000000010000000000000000000000000000000010000000000000000000000000000001010000000000000000000000000000001000100000000000000000000000000
LOG 4465900 us Sab1 CORRUPTED Packet: 24
LOG 4465900 us Sab1 000011101001111100111011011010001000000000000000000000000000000010000000000000000000000000000000010000000000000000000000000000001010000000000000000000000000000001000100000000000000000000000000
[Local]   SENDING 		To 2	Data +	Size 24	  Sequence Number 7	(4657 ms)
LOG 4657950 us Sab1 ORIGINAL Packet: 25
LOG 4657950 us Sab1 000011101001111100111011011010001000000000000000000000000000000010000000000000000000000000000000010000000000000000000000000000000110000000000000000000000000000000100100000000000000000000000000
LOG 4657950 us Sab1 CORRUPTED Packet: 25
LOG 4657950 us Sab1 000011101001111100111011011010001000000000000000000000000000000010000000000000000000000000000000010000000000000000000000000000000110000000000000000000000000000000100100000000000000000000000000

		@@@@ timeout 1@@@@
		nextSNTemp : 5, nextSN : 1


		@@@@ timeout 4@@@@
		nextSNTemp : 8, nextSN : 4

[Local]   SENDING 		To 2	Data &	Size 24	  Sequence Number 4	(4849050 us)
LOG 4850 ms Sab1 ORIGINAL Packet: 26
LOG 4850 ms Sab1 000011101001111100111011011010001000000000000000000000000000000010000000000000000000000000000000010000000000000000000000000000001110000000000000000000000000000011010100000000000000000000000000
LOG 4850 ms Sab1 CORRUPTED Packet: 26
LOG 4850 ms Sab1 000011101001111100111011011010001000000000000000000000000000000010000000000000000000000000000000010000000000000000000000000000001110000000000000000000000000000011010100000000000000000000000000
[Central]  RECEIVED 	From 1		Data +	Size 24	  Sequence Number 7	(4850 ms)
[Central]  SENDING 		To 1	ACK 	Size 24	  Sequence Number 3	(4850 ms)
[Local]   SENDING 		To 2	Data "	Size 24	  Sequence Number 5	(5041100 us)
LOG 5042050 us Sab1 ORIGINAL Packet: 27
LOG 5042050 us Sab1 000011101001111100111011011010001000000000000000000000000000000010000000000000000000000000000000010000000000000000000000000000000010000000000000000000000000000001100100000000000000000000000000
LOG 5042050 us Sab1 CORRUPTED Packet: 27
LOG 5042050 us Sab1 000011101001111100111011011010001000000000000000000000000000000010000000000000000000000000000000010000000000000000000000000000000010000000000000000000000000000001100100000000000000000000000000
[Central]  RECEIVED 	From 1		Data &	Size 24	  Sequence Number 4	(5042050 us)
[Central]  SENDING 		To 1	ACK 	Size 24	  Sequence Number 4	(5042050 us)

		Error - Wrong ACK --- Expected : 4, Actual : 3 -- the ACK will be discarded

[Local]   SENDING 		To 2	Data $	Size 24	  Sequence Number 6	(5233150 us)
LOG 5234100 us Sab1 ORIGINAL Packet: 29
LOG 5234100 us Sab1 000011101001111100111011011010001000000000000000000000000000000010000000000000000000000000000000010000000000000000000000000000001010000000000000000000000000000001000100000000000000000000000000
LOG 5234100 us Sab1 CORRUPTED Packet: 29
LOG 5234100 us Sab1 000011101001111100111011011010001000000000000000000000000000000010000000000000000000000000000000010000000000000000000000000000001010000000000000000000000000000001000100000000000000000000000000
[Central]  RECEIVED 	From 1		Data "	Size 24	  Sequence Number 5	(5234100 us)
[Central]  SENDING 		To 1	ACK 	Size 24	  Sequence Number 5	(5234100 us)
[Local]   RECEIVED 	From 2		ACK 	Size 24	  Sequence Number 4	(5235050 us)

		RTT of packet with SN 4 : 386 ms
		BASE : 5	NEXTSN : 7

[Local]   SENDING 		To 2	Data +	Size 24	  Sequence Number 7	(5425200 us)
LOG 5426150 us Sab1 ORIGINAL Packet: 31
LOG 5426150 us Sab1 000011101001111100111011011010001000000000000000000000000000000010000000000000000000000000000000010000000000000000000000000000000110000000000000000000000000000000100100000000000000000000000000
LOG 5426150 us Sab1 CORRUPTED Packet: 31
LOG 5426150 us Sab1 000011101001111100111011011010001000000000000000000000000000000010000000000000000000000000000000010000000000000000000000000000000110000000000000000000000000000000100100000000000000000000000000
[Central]  RECEIVED 	From 1		Data $	Size 24	  Sequence Number 6	(5426150 us)
[Central]  SENDING 		To 1	ACK 	Size 24	  Sequence Number 6	(5426150 us)
[Local]   RECEIVED 	From 2		ACK 	Size 24	  Sequence Number 5	(5427100 us)

		RTT of packet with SN 5 : 386 ms
		BASE : 6	NEXTSN : 8

[Local]   SENDING 		To 2	Data #	Size 24	  Sequence Number 8	(5617250 us)
LOG 5618200 us Sab1 ORIGINAL Packet: 33
LOG 5618200 us Sab1 000011101001111100111011011010001000000000000000000000000000000010000000000000000000000000000000010000000000000000000000000000001110000000000000000000000000000011010100000000000000000000000000
LOG 5618200 us Sab1 CORRUPTED Packet: 33
LOG 5618200 us Sab1 000011101001111100111011011010001000000000000000000000000000000010000000000000000000000000000000010000000000000000000000000000001110000000000000000000000000000011010100000000000000000000000000

		@@@@ timeout 1@@@@
		nextSNTemp : 5, nextSN : 1

[Local]   RECEIVED 	From 2		ACK 	Size 24	  Sequence Number 6	(5619150 us)

		RTT of packet with SN 6 : 386 ms
		BASE : 7	NEXTSN : 9

LOG 5810250 us Sab1 ORIGINAL Packet: 35
LOG 5810250 us Sab1 000011101001111100111011011010001000000000000000000000000000000010000000000000000000000000000000010000000000000000000000000000000001000000000000000000000000000011000100000000000000000000000000
LOG 5810250 us Sab1 CORRUPTED Packet: 35
LOG 5810250 us Sab1 000011101001111100111011011010001000000000000000000000000000000010000000000000000000000000000000010000000000000000000000000000000001000000000000000000000000000011000100000000000000000000000000

		@@@@ timeout 7@@@@
		nextSNTemp : 11, nextSN : 7

[Local]   SENDING 		To 2	Data +	Size 24	  Sequence Number 7	(6025250 us)
[Local]   SENDING 		To 2	Data #	Size 24	  Sequence Number 8	(6217300 us)
LOG 6218250 us Sab1 ORIGINAL Packet: 36
LOG 6218250 us Sab1 000011101001111100111011011010001000000000000000000000000000000010000000000000000000000000000000010000000000000000000000000000001110000000000000000000000000000011010100000000000000000000000000
LOG 6218250 us Sab1 CORRUPTED Packet: 36
LOG 6218250 us Sab1 000011101001111100111011011010001000000000000000000000000000000010000000000000000000000000000000010000000000000000000000000000001110000000000000000000000000000011010100000000000000000000000000

		@@@@ timeout 1@@@@
		nextSNTemp : 5, nextSN : 1

[Local]   SENDING 		To 2	Data "	Size 24	  Sequence Number 9	(6409350 us)
LOG 6410300 us Sab1 ORIGINAL Packet: 37
LOG 6410300 us Sab1 000011101001111100111011011010001000000000000000000000000000000010000000000000000000000000000000010000000000000000000000000000000001000000000000000000000000000011000100000000000000000000000000
LOG 6410300 us Sab1 CORRUPTED Packet: 37
LOG 6410300 us Sab1 000011101001111100111011011010001000000000000000000000000000000010000000000000000000000000000000010000000000000000000000000000000001000000000000000000000000000011000100000000000000000000000000
[Local]   SENDING 		To 2	Data $	Size 24	  Sequence Number 10	(6601400 us)
LOG 6602350 us Sab1 ORIGINAL Packet: 38
LOG 6602350 us Sab1 000011101001111100111011011010001000000000000000000000000000000010000000000000000000000000000000010000000000000000000000000000001001000000000000000000000000000001000100000000000000000000000000
LOG 6602350 us Sab1 CORRUPTED Packet: 38
LOG 6602350 us Sab1 000011101001111100111011011010001000000000000000000000000000000010000000000000000000000000000000010000000000000000000000000000001001000000000000000000000000000001000100000000000000000000000000
[Central]  RECEIVED 	From 1		Data "	Size 24	  Sequence Number 9	(6602350 us)
[Central]  SENDING 		To 1	ACK 	Size 24	  Sequence Number 6	(6602350 us)

		@@@@ timeout 7@@@@
		nextSNTemp : 11, nextSN : 7

[Local]   SENDING 		To 2	Data +	Size 24	  Sequence Number 7	(6793450 us)
LOG 6794400 us Sab1 ORIGINAL Packet: 39
LOG 6794400 us Sab1 000011101001111100111011011010001000000000000000000000000000000010000000000000000000000000000000010000000000000000000000000000000101000000000000000000000000000000100100000000000000000000000000
LOG 6794400 us Sab1 CORRUPTED Packet: 39
LOG 6794400 us Sab1 000011101001111100111011011010001000000000000000000000000000000010000000000000000000000000000000010000000000000000000000000000000101000000000000000000000000000000100100000000000000000000000000

		Error - Wrong ACK --- Expected : 7, Actual : 6 -- the ACK will be discarded


		@@@@ timeout 1@@@@
		nextSNTemp : 5, nextSN : 1

[Local]   SENDING 		To 2	Data #	Size 24	  Sequence Number 8	(6985500 us)
LOG 6986450 us Sab1 ORIGINAL Packet: 41
LOG 6986450 us Sab1 000011101001111100111011011010001000000000000000000000000000000010000000000000000000000000000000010000000000000000000000000000001110000000000000000000000000000011010100000000000000000000000000
LOG 6986450 us Sab1 CORRUPTED Packet: 41
LOG 6986450 us Sab1 000011101001111100111011011010001000000000000000000000000000000010000000000000000000000000000000010000000000000000000000000000001110000000000000000000000000000011010100000000000000000000000000
[Central]  RECEIVED 	From 1		Data +	Size 24	  Sequence Number 7	(6986450 us)
[Central]  SENDING 		To 1	ACK 	Size 24	  Sequence Number 7	(6986450 us)
[Local]   SENDING 		To 2	Data "	Size 24	  Sequence Number 9	(7177550 us)
LOG 7178500 us Sab1 ORIGINAL Packet: 42
LOG 7178500 us Sab1 000011101001111100111011011010001000000000000000000000000000000010000000000000000000000000000000010000000000000000000000000000000001000000000000000000000000000011000100000000000000000000000000
LOG 7178500 us Sab1 CORRUPTED Packet: 42
LOG 7178500 us Sab1 000011101001111100111011011010001000000000000000000000000000000010000000000000000000000000000000010000000000000000000000000000000001000000000000000000000000000011000100000000000000000000000000
[Local]   RECEIVED 	From 2		ACK 	Size 24	  Sequence Number 7	(7179450 us)

		RTT of packet with SN 7 : 386 ms
		BASE : 8	NEXTSN : 10

[Local]   SENDING 		To 2	Data $	Size 24	  Sequence Number 10	(7369600 us)
LOG 7370550 us Sab1 ORIGINAL Packet: 44
LOG 7370550 us Sab1 000011101001111100111011011010001000000000000000000000000000000010000000000000000000000000000000010000000000000000000000000000001001000000000000000000000000000001000100000000000000000000000000
LOG 7370550 us Sab1 CORRUPTED Packet: 44
LOG 7370550 us Sab1 000011101001111100111011011010001000000000000000000000000000000010000000000000000000000000000000010000000000000000000000000000001001000000000000000000000000000001000100000000000000000000000000
[Central]  RECEIVED 	From 1		Data "	Size 24	  Sequence Number 9	(7370550 us)
[Central]  SENDING 		To 1	ACK 	Size 24	  Sequence Number 7	(7370550 us)
[Local]   SENDING 		To 2	Data #	Size 24	  Sequence Number 11	(7561650 us)
LOG 7562600 us Sab1 ORIGINAL Packet: 45
LOG 7562600 us Sab1 000011101001111100111011011010001000000000000000000000000000000010000000000000000000000000000000010000000000000000000000000000000101000000000000000000000000000000100100000000000000000000000000
LOG 7562600 us Sab1 CORRUPTED Packet: 45
LOG 7562600 us Sab1 000011101001111100111011011010001000000000000000000000000000000010000000000000000000000000000000010000000000000000000000000000000101000000000000000000000000000000100100000000000000000000000000

		@@@@ timeout 1@@@@
		nextSNTemp : 5, nextSN : 1


		Error - Wrong ACK --- Expected : 8, Actual : 7 -- the ACK will be discarded


		@@@@ timeout 8@@@@
		nextSNTemp : 12, nextSN : 8

[Local]   SENDING 		To 2	Data #	Size 24	  Sequence Number 8	(7753700 us)
LOG 7754650 us Sab1 ORIGINAL Packet: 47
LOG 7754650 us Sab1 000011101001111100111011011010001000000000000000000000000000000010000000000000000000000000000000010000000000000000000000000000001101000000000000000000000000000011000100000000000000000000000000
LOG 7754650 us Sab1 CORRUPTED Packet: 47
LOG 7754650 us Sab1 000011101001111100111011011010001000000000000000000000000000000010000000000000000000000000000000010000000000000000000000000000001101000000000000000000000000000011000100000000000000000000000000
[Local]   SENDING 		To 2	Data "	Size 24	  Sequence Number 9	(7945750 us)
LOG 7946700 us Sab1 ORIGINAL Packet: 48
LOG 7946700 us Sab1 000011101001111100111011011010001000000000000000000000000000000010000000000000000000000000000000010000000000000000000000000000000001000000000000000000000000000011000100000000000000000000000000
LOG 7946700 us Sab1 CORRUPTED Packet: 48
LOG 7946700 us Sab1 000011101001111100111011011010001000000000000000000000000000000010000000000000000000000000000000010000000000000000000000000000000001000000000000000000000000000011000100000000000000000000000000

Info: /OSCI/SystemC: Simulation stopped by user.
