
Local   <-->  Central with FullDuplex channel

+----------------------------------------------------------------------------------------------+
|TASK     ACTION        FROM    TO      DATA    SIZE      SEQUENCE NUMBER       TIME STAMP     |
+----------------------------------------------------------------------------------------------+
[Local]   SENDING 		To 2	Data "	Size 24	  Sequence Number 1	(50 us)
[Local]   SENDING 		To 2	Data %	Size 24	  Sequence Number 2	(192100 us)
LOG 193050 us Sab1 ORIGINAL Packet: 0
LOG 193050 us Sab1 000011101001100111011010011110101000000000000000000000000000000010000000000000000000000000000000010000000000000000000000000000001000000000000000000000000000000001000100000000000000000000000000
LOG 193050 us Sab1 CORRUPTED Packet: 0
LOG 193050 us Sab1 000011101001100111011010011110101000000000000000000000000000000010000000000000000000000000000000010000000000000000000000000000001000000000000000000000000000000001000100000000000000000000000000
[Central]  RECEIVED 	From 1		Data "	Size 24	  Sequence Number 1	(193050 us)
[Central]  SENDING 		To 1	ACK 	Size 24	  Sequence Number 1	(193050 us)
LOG 385100 us Sab1 ORIGINAL Packet: 1
LOG 385100 us Sab1 000011101001100111011010011110101000000000000000000000000000000010000000000000000000000000000000010000000000000000000000000000000100000000000000000000000000000010100100000000000000000000000000
LOG 385100 us Sab1 CORRUPTED Packet: 1
LOG 385100 us Sab1 000011101001100111011010011110101000000000000000000000000000000010000000000000000000000000000000010000000000000000000000000000000100000000000000000000000000000010100100000000000000000000000000
[Central]  RECEIVED 	From 1		Data %	Size 24	  Sequence Number 2	(385100 us)
[Central]  SENDING 		To 1	ACK 	Size 24	  Sequence Number 2	(385100 us)
[Local]   RECEIVED 	From 2		ACK 	Size 24	  Sequence Number 1	(386050 us)

		RTT of packet with SN 1 : 386050 us
		BASE : 2	NEXTSN : 3

[Local]   RECEIVED 	From 2		ACK 	Size 24	  Sequence Number 2	(578100 us)

		RTT of packet with SN 2 : 386 ms
		BASE : 3	NEXTSN : 3


		@@@@ timeout 1@@@@
		nextSNTemp : 5, nextSN : 1


		@@@@ timeout 3@@@@
		nextSNTemp : 7, nextSN : 3

[Local]   SENDING 		To 2	Data *	Size 24	  Sequence Number 3	(600050 us)
[Local]   SENDING 		To 2	Data &	Size 24	  Sequence Number 4	(792100 us)
LOG 793050 us Sab1 ORIGINAL Packet: 4
LOG 793050 us Sab1 000011101001100111011010011110101000000000000000000000000000000010000000000000000000000000000000010000000000000000000000000000001100000000000000000000000000000001010100000000000000000000000000
LOG 793050 us Sab1 CORRUPTED Packet: 4
LOG 793050 us Sab1 000011101001100111011010011110101000000000000000000000000000000010000000000000000000000000000000010000000000000000000000000000001100000000000000000000000000000001010100000000000000000000000000
[Central]  RECEIVED 	From 1		Data *	Size 24	  Sequence Number 3	(793050 us)
[Central]  SENDING 		To 1	ACK 	Size 24	  Sequence Number 3	(793050 us)
[Local]   SENDING 		To 2	Data +	Size 24	  Sequence Number 5	(984150 us)
LOG 985100 us Sab1 ORIGINAL Packet: 5
LOG 985100 us Sab1 000011101001100111011010011110101000000000000000000000000000000010000000000000000000000000000000010000000000000000000000000000000010000000000000000000000000000001100100000000000000000000000000
LOG 985100 us Sab1 CORRUPTED Packet: 5
LOG 985100 us Sab1 000011101001100111011010011110101000000000000000000000000000000010000000000000000000000000000000010000000000000000000000000000000010000000000000000000000000000001100100000000000000000000000000
[Central]  RECEIVED 	From 1		Data &	Size 24	  Sequence Number 4	(985100 us)
[Central]  SENDING 		To 1	ACK 	Size 24	  Sequence Number 4	(985100 us)
[Local]   RECEIVED 	From 2		ACK 	Size 24	  Sequence Number 3	(986050 us)

		RTT of packet with SN 3 : 386 ms
		BASE : 4	NEXTSN : 6

[Local]   SENDING 		To 2	Data #	Size 24	  Sequence Number 6	(1176200 us)
LOG 1177150 us Sab1 ORIGINAL Packet: 7
LOG 1177150 us Sab1 000011101001100111011010011110101000000000000000000000000000000010000000000000000000000000000000010000000000000000000000000000001010000000000000000000000000000011010100000000000000000000000000
LOG 1177150 us Sab1 CORRUPTED Packet: 7
LOG 1177150 us Sab1 000011101001100111011010011110101000000000000000000000000000000010000000000000000000000000000000010000000000000000000000000000001010000000000000000000000000000011010100000000000000000000000000
[Central]  RECEIVED 	From 1		Data +	Size 24	  Sequence Number 5	(1177150 us)
[Central]  SENDING 		To 1	ACK 	Size 24	  Sequence Number 5	(1177150 us)
[Local]   RECEIVED 	From 2		ACK 	Size 24	  Sequence Number 4	(1178100 us)

		RTT of packet with SN 4 : 386 ms
		BASE : 5	NEXTSN : 7

[Local]   SENDING 		To 2	Data "	Size 24	  Sequence Number 7	(1368250 us)
LOG 1369200 us Sab1 ORIGINAL Packet: 9
LOG 1369200 us Sab1 000011101001100111011010011110101000000000000000000000000000000010000000000000000000000000000000010000000000000000000000000000000110000000000000000000000000000011000100000000000000000000000000
LOG 1369200 us Sab1 CORRUPTED Packet: 9
LOG 1369200 us Sab1 000011101001100111011010011110101000000000000000000000000000000010000000000000000000000000000000010000000000000000000000000000000110000000000000000000000000000011000100000000000000000000000000
[Central]  RECEIVED 	From 1		Data #	Size 24	  Sequence Number 6	(1369200 us)
[Central]  SENDING 		To 1	ACK 	Size 24	  Sequence Number 6	(1369200 us)
[Local]   RECEIVED 	From 2		ACK 	Size 24	  Sequence Number 5	(1370150 us)

		RTT of packet with SN 5 : 386 ms
		BASE : 6	NEXTSN : 8

[Local]   SENDING 		To 2	Data $	Size 24	  Sequence Number 8	(1560300 us)
LOG 1561250 us Sab1 ORIGINAL Packet: 11
LOG 1561250 us Sab1 000011101001100111011010011110101000000000000000000000000000000010000000000000000000000000000000010000000000000000000000000000001110000000000000000000000000000001000100000000000000000000000000
LOG 1561250 us Sab1 CORRUPTED Packet: 11
LOG 1561250 us Sab1 000011101001100111011010011110101000000000000000000000000000000010000000000000000000000000000000010000000000000000000000000000001110000000000000000000000000000001000100000000000000000000000000
[Central]  RECEIVED 	From 1		Data "	Size 24	  Sequence Number 7	(1561250 us)
[Central]  SENDING 		To 1	ACK 	Size 24	  Sequence Number 7	(1561250 us)
[Local]   RECEIVED 	From 2		ACK 	Size 24	  Sequence Number 6	(1562200 us)

		RTT of packet with SN 6 : 386 ms
		BASE : 7	NEXTSN : 9

LOG 1753300 us Sab1 ORIGINAL Packet: 13
LOG 1753300 us Sab1 000011101001100111011010011110101000000000000000000000000000000010000000000000000000000000000000010000000000000000000000000000000001000000000000000000000000000000100100000000000000000000000000
LOG 1753300 us Sab1 CORRUPTED Packet: 13
LOG 1753300 us Sab1 000011101001100111011010011110101000000000000000000000000000000010000000000000000000000000000000010000000000000000000000000000000001000000000000000000000000000000100100000000000000000000000000
[Central]  RECEIVED 	From 1		Data $	Size 24	  Sequence Number 8	(1753300 us)
[Central]  SENDING 		To 1	ACK 	Size 24	  Sequence Number 8	(1753300 us)
[Local]   RECEIVED 	From 2		ACK 	Size 24	  Sequence Number 7	(1754250 us)

		RTT of packet with SN 7 : 386 ms
		BASE : 8	NEXTSN : 9


		@@@@ timeout 1@@@@
		nextSNTemp : 5, nextSN : 1

[Local]   RECEIVED 	From 2		ACK 	Size 24	  Sequence Number 8	(1946300 us)

		RTT of packet with SN 8 : 386 ms
		BASE : 9	NEXTSN : 9


		@@@@ timeout 9@@@@
		nextSNTemp : 13, nextSN : 9

[Local]   SENDING 		To 2	Data &	Size 24	  Sequence Number 9	(1946300 us)
[Local]   SENDING 		To 2	Data '	Size 24	  Sequence Number 10	(2138350 us)
LOG 2139300 us Sab1 ORIGINAL Packet: 16
LOG 2139300 us Sab1 000011101001100111011010011110101000000000000000000000000000000010000000000000000000000000000000010000000000000000000000000000001001000000000000000000000000000001100100000000000000000000000000
LOG 2139300 us Sab1 CORRUPTED Packet: 16
LOG 2139300 us Sab1 000011101001100111011010011110101000000000000000000000000000000010000000000000000000000000000000010000000000000000000000000000001001000000000000000000000000000001100100000000000000000000000000
[Local]   SENDING 		To 2	Data ,	Size 24	  Sequence Number 11	(2330400 us)
LOG 2331350 us Sab1 ORIGINAL Packet: 17
LOG 2331350 us Sab1 000011101001100111011010011110101000000000000000000000000000000010000000000000000000000000000000010000000000000000000000000000000101000000000000000000000000000011100100000000000000000000000000
LOG 2331350 us Sab1 CORRUPTED Packet: 17
LOG 2331350 us Sab1 000011101001100111011010011110101000000000000000000000000000000010000000000000000000000000000000010000000000000000000000000000000101000000000000000000000000000011100100000000000000000000000000
[Local]   SENDING 		To 2	Data .	Size 24	  Sequence Number 12	(2522450 us)
LOG 2523400 us Sab1 ORIGINAL Packet: 18
LOG 2523400 us Sab1 000011101001100111011010011110101000000000000000000000000000000010000000000000000000000000000000010000000000000000000000000000001101000000000000000000000000000000110100000000000000000000000000
LOG 2523400 us Sab1 CORRUPTED Packet: 18
LOG 2523400 us Sab1 000011101001100111011010011110101000000000000000000000000000000010000000000000000000000000000000010000000000000000000000000000001101000000000000000000000000000000110100000000000000000000000000
[Central]  RECEIVED 	From 1		Data ,	Size 24	  Sequence Number 11	(2523400 us)
[Central]  SENDING 		To 1	ACK 	Size 24	  Sequence Number 8	(2523400 us)

		@@@@ timeout 9@@@@
		nextSNTemp : 13, nextSN : 9

[Local]   SENDING 		To 2	Data  	Size 24	  Sequence Number 9	(2714500 us)
LOG 2715450 us Sab1 ORIGINAL Packet: 19
LOG 2715450 us Sab1 000011101001100111011010011110101000000000000000000000000000000010000000000000000000000000000000010000000000000000000000000000000011000000000000000000000000000001110100000000000000000000000000
LOG 2715450 us Sab1 CORRUPTED Packet: 19
LOG 2715450 us Sab1 000011101001100111011010011110101000000000000000000000000000000010000000000000000000000000000000010000000000000000000000000000000011000000000000000000000000000001110100000000000000000000000000
[Central]  RECEIVED 	From 1		Data .	Size 24	  Sequence Number 12	(2715450 us)
[Central]  SENDING 		To 1	ACK 	Size 24	  Sequence Number 8	(2715450 us)

		Error - Wrong ACK --- Expected : 9, Actual : 8 -- the ACK will be discarded

[Local]   SENDING 		To 2	Data '	Size 24	  Sequence Number 10	(2906550 us)
LOG 2907500 us Sab1 ORIGINAL Packet: 21
LOG 2907500 us Sab1 000011101001100111011010011110101000000000000000000000000000000010000000000000000000000000000000010000000000000000000000000000001001000000000000000000000000000000000000000000000000000000000000
LOG 2907500 us Sab1 CORRUPTED Packet: 21
LOG 2907500 us Sab1 000011101001100111011010011110101000000000000000000000000000000010000000000000000000000000000000010000000000000000000000000000001001000000000000000000000000000000000000000000000000000000000000
[Central]  RECEIVED 	From 1		Data  	Size 24	  Sequence Number 9	(2907500 us)
[Central]  SENDING 		To 1	ACK 	Size 24	  Sequence Number 9	(2907500 us)

		Error - Wrong ACK --- Expected : 9, Actual : 8 -- the ACK will be discarded

[Local]   SENDING 		To 2	Data ,	Size 24	  Sequence Number 11	(3098600 us)
LOG 3099550 us Sab1 ORIGINAL Packet: 23
LOG 3099550 us Sab1 000011101001100111011010011110101000000000000000000000000000000010000000000000000000000000000000010000000000000000000000000000000101000000000000000000000000000011100100000000000000000000000000
LOG 3099550 us Sab1 CORRUPTED Packet: 23
LOG 3099550 us Sab1 000011101001100111011010011110101000000000000000000000000000000010000000000000000000000000000000010000000000000000000000000000000101000000000000000000000000000011100100000000000000000000000000
[Central]  RECEIVED 	From 1		Data '	Size 24	  Sequence Number 10	(3099550 us)
[Central]  SENDING 		To 1	ACK 	Size 24	  Sequence Number 10	(3099550 us)
[Local]   RECEIVED 	From 2		ACK 	Size 24	  Sequence Number 9	(3100500 us)

		RTT of packet with SN 9 : 386 ms
		BASE : 10	NEXTSN : 12

[Local]   SENDING 		To 2	Data !	Size 24	  Sequence Number 13	(3290650 us)
LOG 3291600 us Sab1 ORIGINAL Packet: 25
LOG 3291600 us Sab1 000011101001100111011010011110101000000000000000000000000000000010000000000000000000000000000000010000000000000000000000000000001101000000000000000000000000000000110100000000000000000000000000
LOG 3291600 us Sab1 CORRUPTED Packet: 25
LOG 3291600 us Sab1 000011101001100111011010011110101000000000000000000000000000000010000000000000000000000000000000010000000000000000000000000000001101000000000000000000000000000000110100000000000000000000000000
[Central]  RECEIVED 	From 1		Data ,	Size 24	  Sequence Number 11	(3291600 us)
[Central]  SENDING 		To 1	ACK 	Size 24	  Sequence Number 11	(3291600 us)
[Local]   RECEIVED 	From 2		ACK 	Size 24	  Sequence Number 10	(3292550 us)

		RTT of packet with SN 10 : 386 ms
		BASE : 11	NEXTSN : 13

[Local]   SENDING 		To 2	Data +	Size 24	  Sequence Number 14	(3482700 us)
LOG 3483650 us Sab1 ORIGINAL Packet: 27
LOG 3483650 us Sab1 000011101001100111011010011110101000000000000000000000000000000010000000000000000000000000000000010000000000000000000000000000001011000000000000000000000000000010000100000000000000000000000000
LOG 3483650 us Sab1 CORRUPTED Packet: 27
LOG 3483650 us Sab1 000011101001100111011010011110101000000000000000000000000000000010000000000000000000000000000000010000000000000000000000000000001011000000000000000000000000000010000100000000000000000000000000
[Central]  RECEIVED 	From 1		Data !	Size 24	  Sequence Number 13	(3483650 us)
[Central]  SENDING 		To 1	ACK 	Size 24	  Sequence Number 11	(3483650 us)
[Local]   RECEIVED 	From 2		ACK 	Size 24	  Sequence Number 11	(3484600 us)

		RTT of packet with SN 11 : 386 ms
		BASE : 12	NEXTSN : 14


		@@@@ timeout 12@@@@
		nextSNTemp : 16, nextSN : 12

[Local]   SENDING 		To 2	Data .	Size 24	  Sequence Number 12	(3674750 us)
LOG 3675700 us Sab1 ORIGINAL Packet: 29
LOG 3675700 us Sab1 000011101001100111011010011110101000000000000000000000000000000010000000000000000000000000000000010000000000000000000000000000000111000000000000000000000000000011010100000000000000000000000000
LOG 3675700 us Sab1 CORRUPTED Packet: 29
LOG 3675700 us Sab1 000011101001100111011010011110101000000000000000000000000000000010000000000000000000000000000000010000000000000000000000000000000111000000000000000000000000000011010100000000000000000000000000

		@@@@ timeout 1@@@@
		nextSNTemp : 5, nextSN : 1


		Error - Wrong ACK --- Expected : 12, Actual : 11 -- the ACK will be discarded

[Local]   SENDING 		To 2	Data !	Size 24	  Sequence Number 13	(3866800 us)
LOG 3867750 us Sab1 ORIGINAL Packet: 31
LOG 3867750 us Sab1 000011101001100111011010011110101000000000000000000000000000000010000000000000000000000000000000010000000000000000000000000000000011000000000000000000000000000001110100000000000000000000000000
LOG 3867750 us Sab1 CORRUPTED Packet: 31
LOG 3867750 us Sab1 000011101001100111011010011110101000000000000000000000000000000010000000000000000000000000000000010000000000000000000000000000000011000000000000000000000000000001110100000000000000000000000000
[Central]  RECEIVED 	From 1		Data .	Size 24	  Sequence Number 12	(3867750 us)
[Central]  SENDING 		To 1	ACK 	Size 24	  Sequence Number 12	(3867750 us)
[Local]   SENDING 		To 2	Data )	Size 24	  Sequence Number 15	(4058850 us)
LOG 4059800 us Sab1 ORIGINAL Packet: 32
LOG 4059800 us Sab1 000011101001100111011010011110101000000000000000000000000000000010000000000000000000000000000000010000000000000000000000000000001011000000000000000000000000000010000100000000000000000000000000
LOG 4059800 us Sab1 CORRUPTED Packet: 32
LOG 4059800 us Sab1 000011101001100111011010011110101000000000000000000000000000000010000000000000000000000000000000010000000000000000000000000000001011000000000000000000000000000010000100000000000000000000000000
[Local]   RECEIVED 	From 2		ACK 	Size 24	  Sequence Number 12	(4060750 us)

		RTT of packet with SN 12 : 386 ms
		BASE : 13	NEXTSN : 15

[Local]   SENDING 		To 2	Data #	Size 24	  Sequence Number 16	(4250900 us)
LOG 4251850 us Sab1 ORIGINAL Packet: 34
LOG 4251850 us Sab1 000011101001100111011010011110101000000000000000000000000000000010000000000000000000000000000000010000000000000000000000000000001111000000000000000000000000000010010100000000000000000000000000
LOG 4251850 us Sab1 CORRUPTED Packet: 34
LOG 4251850 us Sab1 000011101001100111011010011110101000000000000000000000000000000010000000000000000000000000000000010000000000000000000000000000001111000000000000000000000000000010010100000000000000000000000000
[Central]  RECEIVED 	From 1		Data )	Size 24	  Sequence Number 15	(4251850 us)
[Central]  SENDING 		To 1	ACK 	Size 24	  Sequence Number 12	(4251850 us)
[Local]   SENDING 		To 2	Data $	Size 24	  Sequence Number 17	(4442950 us)
LOG 4443900 us Sab1 ORIGINAL Packet: 35
LOG 4443900 us Sab1 000011101001100111011010011110101000000000000000000000000000000010000000000000000000000000000000010000000000000000000000000000000000100000000000000000000000000011000100000000000000000000000000
LOG 4443900 us Sab1 CORRUPTED Packet: 35
LOG 4443900 us Sab1 000011101001100111011010011110101000000000000000000000000000000010000000000000000000000000000000010000000000000000000000000000000000100000000000000000000000000011000100000000000000000000000000
[Central]  RECEIVED 	From 1		Data #	Size 24	  Sequence Number 16	(4443900 us)
[Central]  SENDING 		To 1	ACK 	Size 24	  Sequence Number 12	(4443900 us)

		Error - Wrong ACK --- Expected : 13, Actual : 12 -- the ACK will be discarded


		@@@@ timeout 13@@@@
		nextSNTemp : 17, nextSN : 13

[Local]   SENDING 		To 2	Data !	Size 24	  Sequence Number 13	(4635 ms)
LOG 4635950 us Sab1 ORIGINAL Packet: 37
LOG 4635950 us Sab1 000011101001100111011010011110101000000000000000000000000000000010000000000000000000000000000000010000000000000000000000000000001000100000000000000000000000000000100100000000000000000000000000
LOG 4635950 us Sab1 CORRUPTED Packet: 37
LOG 4635950 us Sab1 000011101001100111011010011110101000000000000000000000000000000010000000000000000000000000000000010000000000000000000000000000001000100000000000000000000000000000100100000000000000000000000000

		@@@@ timeout 1@@@@
		nextSNTemp : 5, nextSN : 1


		Error - Wrong ACK --- Expected : 13, Actual : 12 -- the ACK will be discarded

[Local]   SENDING 		To 2	Data +	Size 24	  Sequence Number 14	(4827050 us)
LOG 4828 ms Sab1 ORIGINAL Packet: 39
LOG 4828 ms Sab1 000011101001100111011010011110101000000000000000000000000000000010000000000000000000000000000000010000000000000000000000000000001011000000000000000000000000000010000100000000000000000000000000
LOG 4828 ms Sab1 CORRUPTED Packet: 39
LOG 4828 ms Sab1 000011101001100111011010011110101000000000000000000000000000000010000000000000000000000000000000010000000000000000000000000000001011000000000000000000000000000010000100000000000000000000000000
[Local]   SENDING 		To 2	Data )	Size 24	  Sequence Number 15	(5019100 us)
LOG 5020050 us Sab1 ORIGINAL Packet: 40
LOG 5020050 us Sab1 000011101001100111011010011110101000000000000000000000000000000010000000000000000000000000000000010000000000000000000000000000000111000000000000000000000000000011010100000000000000000000000000
LOG 5020050 us Sab1 CORRUPTED Packet: 40
LOG 5020050 us Sab1 000011101001100111011010011110101000000000000000000000000000000010000000000000000000000000000000010000000000000000000000000000000111000000000000000000000000000011010100000000000000000000000000
[Local]   SENDING 		To 2	Data #	Size 24	  Sequence Number 16	(5211150 us)
LOG 5212100 us Sab1 ORIGINAL Packet: 41
LOG 5212100 us Sab1 000011101001100111011010011110101000000000000000000000000000000010000000000000000000000000000000010000000000000000000000000000001111000000000000000000000000000010010100000000000000000000000000
LOG 5212100 us Sab1 CORRUPTED Packet: 41
LOG 5212100 us Sab1 000011101001100111011010011110101000000000000000000000000000000010000000000000000000000000000000010000000000000000000000000000001111000000000000000000000000000010010100000000000000000000000000
[Central]  RECEIVED 	From 1		Data )	Size 24	  Sequence Number 15	(5212100 us)
[Central]  SENDING 		To 1	ACK 	Size 24	  Sequence Number 12	(5212100 us)

		@@@@ timeout 13@@@@
		nextSNTemp : 17, nextSN : 13

[Local]   SENDING 		To 2	Data !	Size 24	  Sequence Number 13	(5403200 us)
LOG 5404150 us Sab1 ORIGINAL Packet: 42
LOG 5404150 us Sab1 000011101001100111011010011110101000000000000000000000000000000010000000000000000000000000000000010000000000000000000000000000000000100000000000000000000000000011000100000000000000000000000000
LOG 5404150 us Sab1 CORRUPTED Packet: 42
LOG 5404150 us Sab1 000011101001100111011010011110101000000000000000000000000000000010000000000000000000000000000000010000000000000000000000000000000000100000000000000000000000000011000100000000000000000000000000
[Central]  RECEIVED 	From 1		Data #	Size 24	  Sequence Number 16	(5404150 us)
[Central]  SENDING 		To 1	ACK 	Size 24	  Sequence Number 12	(5404150 us)

		Error - Wrong ACK --- Expected : 13, Actual : 12 -- the ACK will be discarded

[Local]   SENDING 		To 2	Data +	Size 24	  Sequence Number 14	(5595250 us)
LOG 5596200 us Sab1 ORIGINAL Packet: 44
LOG 5596200 us Sab1 000011101001100111011010011110101000000000000000000000000000000010000000000000000000000000000000010000000000000000000000000000001011000000000000000000000000000010000100000000000000000000000000
LOG 5596200 us Sab1 CORRUPTED Packet: 44
LOG 5596200 us Sab1 000011101001100111011010011110101000000000000000000000000000000010000000000000000000000000000000010000000000000000000000000000001011000000000000000000000000000010000100000000000000000000000000
[Central]  RECEIVED 	From 1		Data !	Size 24	  Sequence Number 13	(5596200 us)
[Central]  SENDING 		To 1	ACK 	Size 24	  Sequence Number 13	(5596200 us)

		Error - Wrong ACK --- Expected : 13, Actual : 12 -- the ACK will be discarded

[Local]   SENDING 		To 2	Data )	Size 24	  Sequence Number 15	(5787300 us)
LOG 5788250 us Sab1 ORIGINAL Packet: 46
LOG 5788250 us Sab1 000011101001100111011010011110101000000000000000000000000000000010000000000000000000000000000000010000000000000000000000000000000111000000000000000000000000000011010100000000000000000000000000
LOG 5788250 us Sab1 CORRUPTED Packet: 46
LOG 5788250 us Sab1 000011101001100111011010011110101000000000000000000000000000000010000000000000000000000000000000010000000000000000000000000000000111000000000000000000000000000011010100000000000000000000000000
[Central]  RECEIVED 	From 1		Data +	Size 24	  Sequence Number 14	(5788250 us)
[Central]  SENDING 		To 1	ACK 	Size 24	  Sequence Number 14	(5788250 us)
[Local]   RECEIVED 	From 2		ACK 	Size 24	  Sequence Number 13	(5789200 us)

		RTT of packet with SN 13 : 386 ms
		BASE : 14	NEXTSN : 16

[Local]   SENDING 		To 2	Data #	Size 24	  Sequence Number 16	(5979350 us)
LOG 5980300 us Sab1 ORIGINAL Packet: 48
LOG 5980300 us Sab1 000011101001100111011010011110101000000000000000000000000000000010000000000000000000000000000000010000000000000000000000000000001111000000000000000000000000000010010100000000000000000000000000
LOG 5980300 us Sab1 CORRUPTED Packet: 48
LOG 5980300 us Sab1 000011101001100111011010011110101000000000000000000000000000000010000000000000000000000000000000010000000000000000000000000000001111000000000000000000000000000010010100000000000000000000000000
[Central]  RECEIVED 	From 1		Data )	Size 24	  Sequence Number 15	(5980300 us)
[Central]  SENDING 		To 1	ACK 	Size 24	  Sequence Number 15	(5980300 us)
[Local]   RECEIVED 	From 2		ACK 	Size 24	  Sequence Number 14	(5981250 us)

		RTT of packet with SN 14 : 386 ms
		BASE : 15	NEXTSN : 17

[Local]   SENDING 		To 2	Data !	Size 24	  Sequence Number 18	(6171400 us)
LOG 6172350 us Sab1 ORIGINAL Packet: 50
LOG 6172350 us Sab1 000011101001100111011010011110101000000000000000000000000000000010000000000000000000000000000000010000000000000000000000000000000000100000000000000000000000000011000100000000000000000000000000
LOG 6172350 us Sab1 CORRUPTED Packet: 50
LOG 6172350 us Sab1 000011101001100111011010011110101000000000000000000000000000000010000000000000000000000000000000010000000000000000000000000000000000100000000000000000000000000011000100000000000000000000000000
[Central]  RECEIVED 	From 1		Data #	Size 24	  Sequence Number 16	(6172350 us)
[Central]  SENDING 		To 1	ACK 	Size 24	  Sequence Number 16	(6172350 us)
[Local]   RECEIVED 	From 2		ACK 	Size 24	  Sequence Number 15	(6173300 us)

		RTT of packet with SN 15 : 386 ms
		BASE : 16	NEXTSN : 18

LOG 6364400 us Sab1 ORIGINAL Packet: 52
LOG 6364400 us Sab1 000011101001100111011010011110101000000000000000000000000000000010000000000000000000000000000000010000000000000000000000000000000100100000000000000000000000000010000100000000000000000000000000
LOG 6364400 us Sab1 CORRUPTED Packet: 52
LOG 6364400 us Sab1 000011101001100111011010011110101000000000000000000000000000000010000000000000000000000000000000010000000000000000000000000000000100100000000000000000000000000010000100000000000000000000000000
[Central]  RECEIVED 	From 1		Data !	Size 24	  Sequence Number 18	(6364400 us)
[Central]  SENDING 		To 1	ACK 	Size 24	  Sequence Number 16	(6364400 us)
[Local]   RECEIVED 	From 2		ACK 	Size 24	  Sequence Number 16	(6365350 us)

		RTT of packet with SN 16 : 386 ms
		BASE : 17	NEXTSN : 18


		@@@@ timeout 17@@@@
		nextSNTemp : 21, nextSN : 17

[Local]   SENDING 		To 2	Data $	Size 24	  Sequence Number 17	(6365350 us)

		@@@@ timeout 1@@@@
		nextSNTemp : 5, nextSN : 1


		Error - Wrong ACK --- Expected : 17, Actual : 16 -- the ACK will be discarded

[Local]   SENDING 		To 2	Data &	Size 24	  Sequence Number 19	(6557400 us)
LOG 6558350 us Sab1 ORIGINAL Packet: 55
LOG 6558350 us Sab1 000011101001100111011010011110101000000000000000000000000000000010000000000000000000000000000000010000000000000000000000000000001000100000000000000000000000000000100100000000000000000000000000
LOG 6558350 us Sab1 CORRUPTED Packet: 55
LOG 6558350 us Sab1 000011101001100111011010011110101000000000000000000000000000000010000000000000000000000000000000010000000000000000000000000000001000100000000000000000000000000000100100000000000000000000000000
[Local]   SENDING 		To 2	Data *	Size 24	  Sequence Number 20	(6749450 us)
LOG 6750400 us Sab1 ORIGINAL Packet: 56
LOG 6750400 us Sab1 000011101001100111011010011110101000000000000000000000000000000010000000000000000000000000000000010000000000000000000000000000001100100000000000000000000000000001100100000000000000000000000000
LOG 6750400 us Sab1 CORRUPTED Packet: 56
LOG 6750400 us Sab1 000011101001100111011010011110101000000000000000000000000000000010000000000000000000000000000000010000000000000000000000000000001100100000000000000000000000000001100100000000000000000000000000
[Central]  RECEIVED 	From 1		Data &	Size 24	  Sequence Number 19	(6750400 us)
[Central]  SENDING 		To 1	ACK 	Size 24	  Sequence Number 16	(6750400 us)
[Local]   SENDING 		To 2	Data -	Size 24	  Sequence Number 21	(6941500 us)
LOG 6942450 us Sab1 ORIGINAL Packet: 57
LOG 6942450 us Sab1 000011101001100111011010011110101000000000000000000000000000000010000000000000000000000000000000010000000000000000000000000000000010100000000000000000000000000001010100000000000000000000000000
LOG 6942450 us Sab1 CORRUPTED Packet: 57
LOG 6942450 us Sab1 000011101001100111011010011110101000000000000000000000000000000010000000000000000000000000000000010000000000000000000000000000000010100000000000000000000000000001010100000000000000000000000000
[Central]  RECEIVED 	From 1		Data *	Size 24	  Sequence Number 20	(6942450 us)
[Central]  SENDING 		To 1	ACK 	Size 24	  Sequence Number 16	(6942450 us)

		Error - Wrong ACK --- Expected : 17, Actual : 16 -- the ACK will be discarded


		@@@@ timeout 17@@@@
		nextSNTemp : 21, nextSN : 17

[Local]   SENDING 		To 2	Data $	Size 24	  Sequence Number 17	(7133550 us)
LOG 7134500 us Sab1 ORIGINAL Packet: 59
LOG 7134500 us Sab1 000011101001100111011010011110101000000000000000000000000000000010000000000000000000000000000000010000000000000000000000000000001010100000000000000000000000000010110100000000000000000000000000
LOG 7134500 us Sab1 CORRUPTED Packet: 59
LOG 7134500 us Sab1 000011101001100111011010011110101000000000000000000000000000000010000000000000000000000000000000010000000000000000000000000000001010100000000000000000000000000010110100000000000000000000000000
[Central]  RECEIVED 	From 1		Data -	Size 24	  Sequence Number 21	(7134500 us)
[Central]  SENDING 		To 1	ACK 	Size 24	  Sequence Number 16	(7134500 us)

		Error - Wrong ACK --- Expected : 17, Actual : 16 -- the ACK will be discarded

[Local]   SENDING 		To 2	Data !	Size 24	  Sequence Number 18	(7325600 us)
LOG 7326550 us Sab1 ORIGINAL Packet: 61
LOG 7326550 us Sab1 000011101001100111011010011110101000000000000000000000000000000010000000000000000000000000000000010000000000000000000000000000001000100000000000000000000000000000100100000000000000000000000000
LOG 7326550 us Sab1 CORRUPTED Packet: 61
LOG 7326550 us Sab1 000011101001100111011010011110101000000000000000000000000000000010000000000000000000000000000000010000000000000000000000000000001000100000000000000000000000000000100100000000000000000000000000
[Central]  RECEIVED 	From 1		Data $	Size 24	  Sequence Number 17	(7326550 us)
[Central]  SENDING 		To 1	ACK 	Size 24	  Sequence Number 17	(7326550 us)

		Error - Wrong ACK --- Expected : 17, Actual : 16 -- the ACK will be discarded

[Local]   SENDING 		To 2	Data &	Size 24	  Sequence Number 19	(7517650 us)
LOG 7518600 us Sab1 ORIGINAL Packet: 63
LOG 7518600 us Sab1 000011101001100111011010011110101000000000000000000000000000000010000000000000000000000000000000010000000000000000000000000000000100100000000000000000000000000010000100000000000000000000000000
LOG 7518600 us Sab1 CORRUPTED Packet: 63
LOG 7518600 us Sab1 000011101001100111011010011110101000000000000000000000000000000010000000000000000000000000000000010000000000000000000000000000000100100000000000000000000000000010000100000000000000000000000000
[Central]  RECEIVED 	From 1		Data !	Size 24	  Sequence Number 18	(7518600 us)
[Central]  SENDING 		To 1	ACK 	Size 24	  Sequence Number 18	(7518600 us)
[Local]   RECEIVED 	From 2		ACK 	Size 24	  Sequence Number 17	(7519550 us)

		RTT of packet with SN 17 : 386 ms
		BASE : 18	NEXTSN : 20

[Local]   SENDING 		To 2	Data *	Size 24	  Sequence Number 20	(7709700 us)
LOG 7710650 us Sab1 ORIGINAL Packet: 65
LOG 7710650 us Sab1 000011101001100111011010011110101000000000000000000000000000000010000000000000000000000000000000010000000000000000000000000000001100100000000000000000000000000001100100000000000000000000000000
LOG 7710650 us Sab1 CORRUPTED Packet: 65
LOG 7710650 us Sab1 000011101001100111011010011110101000000000000000000000000000000010000000000000000000000000000000010000000000000000000000000000001100100000000000000000000000000001100100000000000000000000000000
[Central]  RECEIVED 	From 1		Data &	Size 24	  Sequence Number 19	(7710650 us)
[Central]  SENDING 		To 1	ACK 	Size 24	  Sequence Number 19	(7710650 us)
[Local]   RECEIVED 	From 2		ACK 	Size 24	  Sequence Number 18	(7711600 us)

		RTT of packet with SN 18 : 386 ms
		BASE : 19	NEXTSN : 21

[Local]   SENDING 		To 2	Data -	Size 24	  Sequence Number 22	(7901750 us)
LOG 7902700 us Sab1 ORIGINAL Packet: 67
LOG 7902700 us Sab1 000011101001100111011010011110101000000000000000000000000000000010000000000000000000000000000000010000000000000000000000000000000010100000000000000000000000000001010100000000000000000000000000
LOG 7902700 us Sab1 CORRUPTED Packet: 67
LOG 7902700 us Sab1 000011101001100111011010011110101000000000000000000000000000000010000000000000000000000000000000010000000000000000000000000000000010100000000000000000000000000001010100000000000000000000000000
[Central]  RECEIVED 	From 1		Data *	Size 24	  Sequence Number 20	(7902700 us)
[Central]  SENDING 		To 1	ACK 	Size 24	  Sequence Number 20	(7902700 us)
[Local]   RECEIVED 	From 2		ACK 	Size 24	  Sequence Number 19	(7903650 us)

		RTT of packet with SN 19 : 386 ms
		BASE : 20	NEXTSN : 22


Info: /OSCI/SystemC: Simulation stopped by user.
