
Local   <-->  Central with FullDuplex channel

+----------------------------------------------------------------------------------------------+
|TASK     ACTION        FROM    TO      DATA    SIZE      SEQUENCE NUMBER       TIME STAMP     |
+----------------------------------------------------------------------------------------------+
[Local]   SENDING 		To 2	Data "	Size 24	  Sequence Number 1	(50 us)
[Local]   SENDING 		To 2	Data %	Size 24	  Sequence Number 2	(192100 us)
LOG 263050 us Sab1 ORIGINAL Packet: 0
LOG 263050 us Sab1 000011101001100111000101011011001000000000000000000000000000000010000000000000000000000000000000010000000000000000000000000000001000000000000000000000000000000001000100000000000000000000000000
LOG 263050 us Sab1 CORRUPTED Packet: 0
LOG 263050 us Sab1 000011101001100111000101011011001000000000000000000000000000000010000000000000000000000000000000010000000000000000000000000000001000000000000000000000000000000001000100000000000000000000000000
[Central]  RECEIVED 	From 1		Data "	Size 24	  Sequence Number 1	(263050 us)
[Central]  SENDING 		To 1	ACK 	Size 24	  Sequence Number 1	(263050 us)
LOG 455100 us Sab1 ORIGINAL Packet: 1
LOG 455100 us Sab1 000011101001100111000101011011001000000000000000000000000000000010000000000000000000000000000000010000000000000000000000000000000100000000000000000000000000000010100100000000000000000000000000
LOG 455100 us Sab1 CORRUPTED Packet: 1
LOG 455100 us Sab1 000011101001100111000101011011001000000000000000000000000000000010000000000000000000000000000000010000000000000000000000000000000100000000000000000000000000000010100100000000000000000000000000
[Central]  RECEIVED 	From 1		Data %	Size 24	  Sequence Number 2	(455100 us)
[Central]  SENDING 		To 1	ACK 	Size 24	  Sequence Number 2	(455100 us)
[Local]   RECEIVED 	From 2		ACK 	Size 24	  Sequence Number 1	(456050 us)

		RTT of packet with SN 1 : 456050 us
		BASE : 2	NEXTSN : 3


		@@@@ timeout 1@@@@
		nextSNTemp : 5, nextSN : 1

[Local]   RECEIVED 	From 2		ACK 	Size 24	  Sequence Number 2	(648100 us)

		RTT of packet with SN 2 : 456 ms
		BASE : 3	NEXTSN : 3


		@@@@ timeout 3@@@@
		nextSNTemp : 7, nextSN : 3

[Local]   SENDING 		To 2	Data *	Size 24	  Sequence Number 3	(648100 us)
[Local]   SENDING 		To 2	Data &	Size 24	  Sequence Number 4	(840150 us)
LOG 911100 us Sab1 ORIGINAL Packet: 4
LOG 911100 us Sab1 000011101001100111000101011011001000000000000000000000000000000010000000000000000000000000000000010000000000000000000000000000001100000000000000000000000000000001010100000000000000000000000000
LOG 911100 us Sab1 CORRUPTED Packet: 4
LOG 911100 us Sab1 000011101001100111000101011011001000000000000000000000000000000010000000000000000000000000000000010000000000000000000000000000001100000000000000000000000000000001010100000000000000000000000000
[Central]  RECEIVED 	From 1		Data *	Size 24	  Sequence Number 3	(911100 us)
[Central]  SENDING 		To 1	ACK 	Size 24	  Sequence Number 3	(911100 us)
[Local]   SENDING 		To 2	Data "	Size 24	  Sequence Number 5	(1032200 us)
LOG 1103150 us Sab1 ORIGINAL Packet: 5
LOG 1103150 us Sab1 000011101001100111000101011011001000000000000000000000000000000010000000000000000000000000000000010000000000000000000000000000000010000000000000000000000000000001100100000000000000000000000000
LOG 1103150 us Sab1 CORRUPTED Packet: 5
LOG 1103150 us Sab1 000011101001100111000101011011001000000000000000000000000000000010000000000000000000000000000000010000000000000000000000000000000010000000000000000000000000000001100100000000000000000000000000
[Central]  RECEIVED 	From 1		Data &	Size 24	  Sequence Number 4	(1103150 us)
[Central]  SENDING 		To 1	ACK 	Size 24	  Sequence Number 4	(1103150 us)
[Local]   RECEIVED 	From 2		ACK 	Size 24	  Sequence Number 3	(1104100 us)

		RTT of packet with SN 3 : 456 ms
		BASE : 4	NEXTSN : 6

[Local]   SENDING 		To 2	Data $	Size 24	  Sequence Number 6	(1224250 us)
LOG 1295200 us Sab1 ORIGINAL Packet: 7
LOG 1295200 us Sab1 000011101001100111000101011011001000000000000000000000000000000010000000000000000000000000000000010000000000000000000000000000001010000000000000000000000000000001000100000000000000000000000000
LOG 1295200 us Sab1 CORRUPTED Packet: 7
LOG 1295200 us Sab1 000011101001100111000101011011001000000000000000000000000000000010000000000000000000000000000000010000000000000000000000000000001010000000000000000000000000000001000100000000000000000000000000
[Central]  RECEIVED 	From 1		Data "	Size 24	  Sequence Number 5	(1295200 us)
[Central]  SENDING 		To 1	ACK 	Size 24	  Sequence Number 5	(1295200 us)
[Local]   RECEIVED 	From 2		ACK 	Size 24	  Sequence Number 4	(1296150 us)

		RTT of packet with SN 4 : 456 ms
		BASE : 5	NEXTSN : 7

[Local]   SENDING 		To 2	Data "	Size 24	  Sequence Number 7	(1416300 us)
LOG 1487250 us Sab1 ORIGINAL Packet: 9
LOG 1487250 us Sab1 000011101001100111000101011011001000000000000000000000000000000010000000000000000000000000000000010000000000000000000000000000000110000000000000000000000000000000100100000000000000000000000000
LOG 1487250 us Sab1 CORRUPTED Packet: 9
LOG 1487250 us Sab1 000011101001100111000101011011001000000000000000000000000000000010000000000000000000000000000000010000000000000000000000000000000110000000000000000000000000000000100100000000000000000000000000
[Central]  RECEIVED 	From 1		Data $	Size 24	  Sequence Number 6	(1487250 us)
[Central]  SENDING 		To 1	ACK 	Size 24	  Sequence Number 6	(1487250 us)
[Local]   RECEIVED 	From 2		ACK 	Size 24	  Sequence Number 5	(1488200 us)

		RTT of packet with SN 5 : 456 ms
		BASE : 6	NEXTSN : 8

[Local]   SENDING 		To 2	Data $	Size 24	  Sequence Number 8	(1608350 us)
LOG 1679300 us Sab1 ORIGINAL Packet: 11
LOG 1679300 us Sab1 000011101001100111000101011011001000000000000000000000000000000010000000000000000000000000000000010000000000000000000000000000001110000000000000000000000000000001000100000000000000000000000000
LOG 1679300 us Sab1 CORRUPTED Packet: 11
LOG 1679300 us Sab1 000011101001100111000101011011001000000000000000000000000000000010000000000000000000000000000000010000000000000000000000000000001110000000000000000000000000000001000100000000000000000000000000
[Central]  RECEIVED 	From 1		Data "	Size 24	  Sequence Number 7	(1679300 us)
[Central]  SENDING 		To 1	ACK 	Size 24	  Sequence Number 7	(1679300 us)
[Local]   RECEIVED 	From 2		ACK 	Size 24	  Sequence Number 6	(1680250 us)

		RTT of packet with SN 6 : 456 ms
		BASE : 7	NEXTSN : 9

LOG 1871350 us Sab1 ORIGINAL Packet: 13
LOG 1871350 us Sab1 000011101001100111000101011011001000000000000000000000000000000010000000000000000000000000000000010000000000000000000000000000000001000000000000000000000000000000100100000000000000000000000000
LOG 1871350 us Sab1 CORRUPTED Packet: 13
LOG 1871350 us Sab1 000011101001100111000101011011001000000000000000000000000000000010000000000000000000000000000000010000000000000000000000000000000001000000000000000000000000000000100100000000000000000000000000
[Central]  RECEIVED 	From 1		Data $	Size 24	  Sequence Number 8	(1871350 us)
[Central]  SENDING 		To 1	ACK 	Size 24	  Sequence Number 8	(1871350 us)
[Local]   RECEIVED 	From 2		ACK 	Size 24	  Sequence Number 7	(1872300 us)

		RTT of packet with SN 7 : 456 ms
		BASE : 8	NEXTSN : 9


		@@@@ timeout 1@@@@
		nextSNTemp : 5, nextSN : 1

[Local]   RECEIVED 	From 2		ACK 	Size 24	  Sequence Number 8	(2064350 us)

		RTT of packet with SN 8 : 456 ms
		BASE : 9	NEXTSN : 9


		@@@@ timeout 9@@@@
		nextSNTemp : 13, nextSN : 9

[Local]   SENDING 		To 2	Data #	Size 24	  Sequence Number 9	(2064350 us)
[Local]   SENDING 		To 2	Data &	Size 24	  Sequence Number 10	(2256400 us)
LOG 2327350 us Sab1 ORIGINAL Packet: 16
LOG 2327350 us Sab1 000011101001100111000101011011001000000000000000000000000000000010000000000000000000000000000000010000000000000000000000000000001001000000000000000000000000000011000100000000000000000000000000
LOG 2327350 us Sab1 CORRUPTED Packet: 16
LOG 2327350 us Sab1 000011101001100111000101011011001000000000000000000000000000000010000000000000000000000000000000010000000000000000000000000000001001000000000000000000000000000011000100000000000000000000000000
[Central]  RECEIVED 	From 1		Data #	Size 24	  Sequence Number 9	(2327350 us)
[Central]  SENDING 		To 1	ACK 	Size 24	  Sequence Number 9	(2327350 us)
[Local]   SENDING 		To 2	Data ,	Size 24	  Sequence Number 11	(2448450 us)
LOG 2519400 us Sab1 ORIGINAL Packet: 17
LOG 2519400 us Sab1 000011101001100111000101011011001000000000000000000000000000000010000000000000000000000000000000010000000000000000000000000000000101000000000000000000000000000001100100000000000000000000000000
LOG 2519400 us Sab1 CORRUPTED Packet: 17
LOG 2519400 us Sab1 000011101001100111000101011011001000000000000000000000000000000010000000000000000000000000000000010000000000000000000000000000000101000000000000000000000000000001100100000000000000000000000000
[Central]  RECEIVED 	From 1		Data &	Size 24	  Sequence Number 10	(2519400 us)
[Central]  SENDING 		To 1	ACK 	Size 24	  Sequence Number 10	(2519400 us)
[Local]   RECEIVED 	From 2		ACK 	Size 24	  Sequence Number 9	(2520350 us)

		RTT of packet with SN 9 : 456 ms
		BASE : 10	NEXTSN : 12

[Local]   SENDING 		To 2	Data .	Size 24	  Sequence Number 12	(2640500 us)
LOG 2711450 us Sab1 ORIGINAL Packet: 19
LOG 2711450 us Sab1 000011101001100111000101011011001000000000000000000000000000000010000000000000000000000000000000010000000000000000000000000000001101000000000000000000000000000000110100000000000000000000000000
LOG 2711450 us Sab1 CORRUPTED Packet: 19
LOG 2711450 us Sab1 000011101001100111000101011011001000000000000000000000000000000010000000000000000000000000000000010000000000000000000000000000001101000000000000000000000000000000110100000000000000000000000000
[Central]  RECEIVED 	From 1		Data ,	Size 24	  Sequence Number 11	(2711450 us)
[Central]  SENDING 		To 1	ACK 	Size 24	  Sequence Number 11	(2711450 us)
[Local]   RECEIVED 	From 2		ACK 	Size 24	  Sequence Number 10	(2712400 us)

		RTT of packet with SN 10 : 456 ms
		BASE : 11	NEXTSN : 13

[Local]   SENDING 		To 2	Data !	Size 24	  Sequence Number 13	(2832550 us)
LOG 2903500 us Sab1 ORIGINAL Packet: 21
LOG 2903500 us Sab1 000011101001100111000101011011001000000000000000000000000000000010000000000000000000000000000000010000000000000000000000000000000011000000000000000000000000000001110100000000000000000000000000
LOG 2903500 us Sab1 CORRUPTED Packet: 21
LOG 2903500 us Sab1 000011101001100111000101011011001000000000000000000000000000000010000000000000000000000000000000010000000000000000000000000000000011000000000000000000000000000001110100000000000000000000000000
[Central]  RECEIVED 	From 1		Data .	Size 24	  Sequence Number 12	(2903500 us)
[Central]  SENDING 		To 1	ACK 	Size 24	  Sequence Number 12	(2903500 us)
[Local]   RECEIVED 	From 2		ACK 	Size 24	  Sequence Number 11	(2904450 us)

		RTT of packet with SN 11 : 456 ms
		BASE : 12	NEXTSN : 14

[Local]   SENDING 		To 2	Data +	Size 24	  Sequence Number 14	(3024600 us)
LOG 3095550 us Sab1 ORIGINAL Packet: 23
LOG 3095550 us Sab1 000011101001100111000101011011001000000000000000000000000000000010000000000000000000000000000000010000000000000000000000000000001011000000000000000000000000000010000100000000000000000000000000
LOG 3095550 us Sab1 CORRUPTED Packet: 23
LOG 3095550 us Sab1 000011101001100111000101011011001000000000000000000000000000000010000000000000000000000000000000010000000000000000000000000000001011000000000000000000000000000010000100000000000000000000000000
[Central]  RECEIVED 	From 1		Data !	Size 24	  Sequence Number 13	(3095550 us)
[Central]  SENDING 		To 1	ACK 	Size 24	  Sequence Number 13	(3095550 us)
[Local]   RECEIVED 	From 2		ACK 	Size 24	  Sequence Number 12	(3096500 us)

		RTT of packet with SN 12 : 456 ms
		BASE : 13	NEXTSN : 15

LOG 3287600 us Sab1 ORIGINAL Packet: 25
LOG 3287600 us Sab1 000011101001100111000101011011001000000000000000000000000000000010000000000000000000000000000000010000000000000000000000000000000111000000000000000000000000000011010100000000000000000000000000
LOG 3287600 us Sab1 CORRUPTED Packet: 25
LOG 3287600 us Sab1 000011101001100111000101011011001000000000000000000000000000000010000000000000000000000000000000010000000000000000000000000000000111000000000000000000000000000011010100000000000000000000000000
[Central]  RECEIVED 	From 1		Data +	Size 24	  Sequence Number 14	(3287600 us)
[Central]  SENDING 		To 1	ACK 	Size 24	  Sequence Number 14	(3287600 us)
[Local]   RECEIVED 	From 2		ACK 	Size 24	  Sequence Number 13	(3288550 us)

		RTT of packet with SN 13 : 456 ms
		BASE : 14	NEXTSN : 15


		@@@@ timeout 1@@@@
		nextSNTemp : 5, nextSN : 1

[Local]   RECEIVED 	From 2		ACK 	Size 24	  Sequence Number 14	(3480600 us)

		RTT of packet with SN 14 : 456 ms
		BASE : 15	NEXTSN : 15


		@@@@ timeout 15@@@@
		nextSNTemp : 19, nextSN : 15

[Local]   SENDING 		To 2	Data )	Size 24	  Sequence Number 15	(3480600 us)
[Local]   SENDING 		To 2	Data #	Size 24	  Sequence Number 16	(3672650 us)
LOG 3743600 us Sab1 ORIGINAL Packet: 28
LOG 3743600 us Sab1 000011101001100111000101011011001000000000000000000000000000000010000000000000000000000000000000010000000000000000000000000000001111000000000000000000000000000010010100000000000000000000000000
LOG 3743600 us Sab1 CORRUPTED Packet: 28
LOG 3743600 us Sab1 000011101001100111000101011011001000000000000000000000000000000010000000000000000000000000000000010000000000000000000000000000001111000000000000000000000000000010010100000000000000000000000000
[Central]  RECEIVED 	From 1		Data )	Size 24	  Sequence Number 15	(3743600 us)
[Central]  SENDING 		To 1	ACK 	Size 24	  Sequence Number 15	(3743600 us)
[Local]   SENDING 		To 2	Data #	Size 24	  Sequence Number 17	(3864700 us)
LOG 3935650 us Sab1 ORIGINAL Packet: 29
LOG 3935650 us Sab1 000011101001100111000101011011001000000000000000000000000000000010000000000000000000000000000000010000000000000000000000000000000000100000000000000000000000000011000100000000000000000000000000
LOG 3935650 us Sab1 CORRUPTED Packet: 29
LOG 3935650 us Sab1 000011101001100111000101011011001000000000000000000000000000000010000000000000000000000000000000010000000000000000000000000000000000100000000000000000000000000011000100000000000000000000000000
[Central]  RECEIVED 	From 1		Data #	Size 24	  Sequence Number 16	(3935650 us)
[Central]  SENDING 		To 1	ACK 	Size 24	  Sequence Number 16	(3935650 us)
[Local]   RECEIVED 	From 2		ACK 	Size 24	  Sequence Number 15	(3936600 us)

		RTT of packet with SN 15 : 456 ms
		BASE : 16	NEXTSN : 18

[Local]   SENDING 		To 2	Data $	Size 24	  Sequence Number 18	(4056750 us)
LOG 4127700 us Sab1 ORIGINAL Packet: 31
LOG 4127700 us Sab1 000011101001100111000101011011001000000000000000000000000000000010000000000000000000000000000000010000000000000000000000000000001000100000000000000000000000000011000100000000000000000000000000
LOG 4127700 us Sab1 CORRUPTED Packet: 31
LOG 4127700 us Sab1 000011101001100111000101011011001000000000000000000000000000000010000000000000000000000000000000010000000000000000000000000000001000100000000000000000000000000011000100000000000000000000000000
[Central]  RECEIVED 	From 1		Data #	Size 24	  Sequence Number 17	(4127700 us)
[Central]  SENDING 		To 1	ACK 	Size 24	  Sequence Number 17	(4127700 us)
[Local]   RECEIVED 	From 2		ACK 	Size 24	  Sequence Number 16	(4128650 us)

		RTT of packet with SN 16 : 456 ms
		BASE : 17	NEXTSN : 19

[Local]   SENDING 		To 2	Data !	Size 24	  Sequence Number 19	(4248800 us)
LOG 4319750 us Sab1 ORIGINAL Packet: 33
LOG 4319750 us Sab1 000011101001100111000101011011001000000000000000000000000000000010000000000000000000000000000000010000000000000000000000000000000100100000000000000000000000000000100100000000000000000000000000
LOG 4319750 us Sab1 CORRUPTED Packet: 33
LOG 4319750 us Sab1 000011101001100111000101011011001000000000000000000000000000000010000000000000000000000000000000010000000000000000000000000000000100100000000000000000000000000000100100000000000000000000000000
[Central]  RECEIVED 	From 1		Data $	Size 24	  Sequence Number 18	(4319750 us)
[Central]  SENDING 		To 1	ACK 	Size 24	  Sequence Number 18	(4319750 us)
[Local]   RECEIVED 	From 2		ACK 	Size 24	  Sequence Number 17	(4320700 us)

		RTT of packet with SN 17 : 456 ms
		BASE : 18	NEXTSN : 20

[Local]   SENDING 		To 2	Data *	Size 24	  Sequence Number 20	(4440850 us)
LOG 4511800 us Sab1 ORIGINAL Packet: 35
LOG 4511800 us Sab1 000011101001100111000101011011001000000000000000000000000000000010000000000000000000000000000000010000000000000000000000000000001100100000000000000000000000000010000100000000000000000000000000
LOG 4511800 us Sab1 CORRUPTED Packet: 35
LOG 4511800 us Sab1 000011101001100111000101011011001000000000000000000000000000000010000000000000000000000000000000010000000000000000000000000000001100100000000000000000000000000010000100000000000000000000000000
[Central]  RECEIVED 	From 1		Data !	Size 24	  Sequence Number 19	(4511800 us)
[Central]  SENDING 		To 1	ACK 	Size 24	  Sequence Number 19	(4511800 us)
[Local]   RECEIVED 	From 2		ACK 	Size 24	  Sequence Number 18	(4512750 us)

		RTT of packet with SN 18 : 456 ms
		BASE : 19	NEXTSN : 21

LOG 4703850 us Sab1 ORIGINAL Packet: 37
LOG 4703850 us Sab1 000011101001100111000101011011001000000000000000000000000000000010000000000000000000000000000000010000000000000000000000000000000010100000000000000000000000000001010100000000000000000000000000
LOG 4703850 us Sab1 CORRUPTED Packet: 37
LOG 4703850 us Sab1 000011101001100111000101011011001000000000000000000000000000000010000000000000000000000000000000010000000000000000000000000000000010100000000000000000000000000001010100000000000000000000000000
[Central]  RECEIVED 	From 1		Data *	Size 24	  Sequence Number 20	(4703850 us)
[Central]  SENDING 		To 1	ACK 	Size 24	  Sequence Number 20	(4703850 us)
[Local]   RECEIVED 	From 2		ACK 	Size 24	  Sequence Number 19	(4704800 us)

		RTT of packet with SN 19 : 456 ms
		BASE : 20	NEXTSN : 21


		@@@@ timeout 1@@@@
		nextSNTemp : 5, nextSN : 1

[Local]   RECEIVED 	From 2		ACK 	Size 24	  Sequence Number 20	(4896850 us)

		RTT of packet with SN 20 : 456 ms
		BASE : 21	NEXTSN : 21


		@@@@ timeout 21@@@@
		nextSNTemp : 25, nextSN : 21

[Local]   SENDING 		To 2	Data #	Size 24	  Sequence Number 21	(4896850 us)
[Local]   SENDING 		To 2	Data -	Size 24	  Sequence Number 22	(5088900 us)
LOG 5159850 us Sab1 ORIGINAL Packet: 40
LOG 5159850 us Sab1 000011101001100111000101011011001000000000000000000000000000000010000000000000000000000000000000010000000000000000000000000000001010100000000000000000000000000011000100000000000000000000000000
LOG 5159850 us Sab1 CORRUPTED Packet: 40
LOG 5159850 us Sab1 000011101001100111000101011011001000000000000000000000000000000010000000000000000000000000000000010000000000000000000000000000001010100000000000000000000000000011000100000000000000000000000000
[Central]  RECEIVED 	From 1		Data #	Size 24	  Sequence Number 21	(5159850 us)
[Central]  SENDING 		To 1	ACK 	Size 24	  Sequence Number 21	(5159850 us)
[Local]   SENDING 		To 2	Data -	Size 24	  Sequence Number 23	(5280950 us)
LOG 5351900 us Sab1 ORIGINAL Packet: 41
LOG 5351900 us Sab1 000011101001100111000101011011001000000000000000000000000000000010000000000000000000000000000000010000000000000000000000000000000110100000000000000000000000000010110100000000000000000000000000
LOG 5351900 us Sab1 CORRUPTED Packet: 41
LOG 5351900 us Sab1 000011101001100111000101011011001000000000000000000000000000000010000000000000000000000000000000010000000000000000000000000000000110100000000000000000000000000010110100000000000000000000000000
[Central]  RECEIVED 	From 1		Data -	Size 24	  Sequence Number 22	(5351900 us)
[Central]  SENDING 		To 1	ACK 	Size 24	  Sequence Number 22	(5351900 us)
[Local]   RECEIVED 	From 2		ACK 	Size 24	  Sequence Number 21	(5352850 us)

		RTT of packet with SN 21 : 456 ms
		BASE : 22	NEXTSN : 24

[Local]   SENDING 		To 2	Data "	Size 24	  Sequence Number 24	(5473 ms)
LOG 5543950 us Sab1 ORIGINAL Packet: 43
LOG 5543950 us Sab1 000011101001100111000101011011001000000000000000000000000000000010000000000000000000000000000000010000000000000000000000000000001110100000000000000000000000000010110100000000000000000000000000
LOG 5543950 us Sab1 CORRUPTED Packet: 43
LOG 5543950 us Sab1 000011101001100111000101011011001000000000000000000000000000000010000000000000000000000000000000010000000000000000000000000000001110100000000000000000000000000010110100000000000000000000000000
[Central]  RECEIVED 	From 1		Data -	Size 24	  Sequence Number 23	(5543950 us)
[Central]  SENDING 		To 1	ACK 	Size 24	  Sequence Number 23	(5543950 us)
[Local]   RECEIVED 	From 2		ACK 	Size 24	  Sequence Number 22	(5544900 us)

		RTT of packet with SN 22 : 456 ms
		BASE : 23	NEXTSN : 25

[Local]   SENDING 		To 2	Data &	Size 24	  Sequence Number 25	(5665050 us)
LOG 5736 ms Sab1 ORIGINAL Packet: 45
LOG 5736 ms Sab1 000011101001100111000101011011001000000000000000000000000000000010000000000000000000000000000000010000000000000000000000000000000001100000000000000000000000000001000100000000000000000000000000
LOG 5736 ms Sab1 CORRUPTED Packet: 45
LOG 5736 ms Sab1 000011101001100111000101011011001000000000000000000000000000000010000000000000000000000000000000010000000000000000000000000000000001100000000000000000000000000001000100000000000000000000000000
[Central]  RECEIVED 	From 1		Data "	Size 24	  Sequence Number 24	(5736 ms)
[Central]  SENDING 		To 1	ACK 	Size 24	  Sequence Number 24	(5736 ms)
[Local]   RECEIVED 	From 2		ACK 	Size 24	  Sequence Number 23	(5736950 us)

		RTT of packet with SN 23 : 456 ms
		BASE : 24	NEXTSN : 26

[Local]   SENDING 		To 2	Data &	Size 24	  Sequence Number 26	(5857100 us)
LOG 5928050 us Sab1 ORIGINAL Packet: 47
LOG 5928050 us Sab1 000011101001100111000101011011001000000000000000000000000000000010000000000000000000000000000000010000000000000000000000000000001001100000000000000000000000000001100100000000000000000000000000
LOG 5928050 us Sab1 CORRUPTED Packet: 47
LOG 5928050 us Sab1 000011101001100111000101011011001000000000000000000000000000000010000000000000000000000000000000010000000000000000000000000000001001100000000000000000000000000001100100000000000000000000000000
[Central]  RECEIVED 	From 1		Data &	Size 24	  Sequence Number 25	(5928050 us)
[Central]  SENDING 		To 1	ACK 	Size 24	  Sequence Number 25	(5928050 us)
[Local]   RECEIVED 	From 2		ACK 	Size 24	  Sequence Number 24	(5929 ms)

		RTT of packet with SN 24 : 456 ms
		BASE : 25	NEXTSN : 27

LOG 6120100 us Sab1 ORIGINAL Packet: 49
LOG 6120100 us Sab1 000011101001100111000101011011001000000000000000000000000000000010000000000000000000000000000000010000000000000000000000000000000101100000000000000000000000000001100100000000000000000000000000
LOG 6120100 us Sab1 CORRUPTED Packet: 49
LOG 6120100 us Sab1 000011101001100111000101011011001000000000000000000000000000000010000000000000000000000000000000010000000000000000000000000000000101100000000000000000000000000001100100000000000000000000000000
[Central]  RECEIVED 	From 1		Data &	Size 24	  Sequence Number 26	(6120100 us)
[Central]  SENDING 		To 1	ACK 	Size 24	  Sequence Number 26	(6120100 us)
[Local]   RECEIVED 	From 2		ACK 	Size 24	  Sequence Number 25	(6121050 us)

		RTT of packet with SN 25 : 456 ms
		BASE : 26	NEXTSN : 27


		@@@@ timeout 1@@@@
		nextSNTemp : 5, nextSN : 1

[Local]   RECEIVED 	From 2		ACK 	Size 24	  Sequence Number 26	(6313100 us)

		RTT of packet with SN 26 : 456 ms
		BASE : 27	NEXTSN : 27


		@@@@ timeout 27@@@@
		nextSNTemp : 31, nextSN : 27

[Local]   SENDING 		To 2	Data +	Size 24	  Sequence Number 27	(6313100 us)
[Local]   SENDING 		To 2	Data -	Size 24	  Sequence Number 28	(6505150 us)
LOG 6576100 us Sab1 ORIGINAL Packet: 52
LOG 6576100 us Sab1 000011101001100111000101011011001000000000000000000000000000000010000000000000000000000000000000010000000000000000000000000000001101100000000000000000000000000011010100000000000000000000000000
LOG 6576100 us Sab1 CORRUPTED Packet: 52
LOG 6576100 us Sab1 000011101001100111000101011011001000000000000000000000000000000010000000000000000000000000000000010000000000000000000000000000001101100000000000000000000000000011010100000000000000000000000000
[Central]  RECEIVED 	From 1		Data +	Size 24	  Sequence Number 27	(6576100 us)
[Central]  SENDING 		To 1	ACK 	Size 24	  Sequence Number 27	(6576100 us)
[Local]   SENDING 		To 2	Data $	Size 24	  Sequence Number 29	(6697200 us)
LOG 6768150 us Sab1 ORIGINAL Packet: 53
LOG 6768150 us Sab1 000011101001100111000101011011001000000000000000000000000000000010000000000000000000000000000000010000000000000000000000000000000011100000000000000000000000000010110100000000000000000000000000
LOG 6768150 us Sab1 CORRUPTED Packet: 53
LOG 6768150 us Sab1 000011101001100111000101011011001000000000000000000000000000000010000000000000000000000000000000010000000000000000000000000000000011100000000000000000000000000010110100000000000000000000000000
[Central]  RECEIVED 	From 1		Data -	Size 24	  Sequence Number 28	(6768150 us)
[Central]  SENDING 		To 1	ACK 	Size 24	  Sequence Number 28	(6768150 us)
[Local]   RECEIVED 	From 2		ACK 	Size 24	  Sequence Number 27	(6769100 us)

		RTT of packet with SN 27 : 456 ms
		BASE : 28	NEXTSN : 30

[Local]   SENDING 		To 2	Data *	Size 24	  Sequence Number 30	(6889250 us)
LOG 6960200 us Sab1 ORIGINAL Packet: 55
LOG 6960200 us Sab1 000011101001100111000101011011001000000000000000000000000000000010000000000000000000000000000000010000000000000000000000000000001011100000000000000000000000000000100100000000000000000000000000
LOG 6960200 us Sab1 CORRUPTED Packet: 55
LOG 6960200 us Sab1 000011101001100111000101011011001000000000000000000000000000000010000000000000000000000000000000010000000000000000000000000000001011100000000000000000000000000000100100000000000000000000000000
[Central]  RECEIVED 	From 1		Data $	Size 24	  Sequence Number 29	(6960200 us)
[Central]  SENDING 		To 1	ACK 	Size 24	  Sequence Number 29	(6960200 us)
[Local]   RECEIVED 	From 2		ACK 	Size 24	  Sequence Number 28	(6961150 us)

		RTT of packet with SN 28 : 456 ms
		BASE : 29	NEXTSN : 31

[Local]   SENDING 		To 2	Data !	Size 24	  Sequence Number 31	(7081300 us)
LOG 7152250 us Sab1 ORIGINAL Packet: 57
LOG 7152250 us Sab1 000011101001100111000101011011001000000000000000000000000000000010000000000000000000000000000000010000000000000000000000000000000111100000000000000000000000000001010100000000000000000000000000
LOG 7152250 us Sab1 CORRUPTED Packet: 57
LOG 7152250 us Sab1 000011101001100111000101011011001000000000000000000000000000000010000000000000000000000000000000010000000000000000000000000000000111100000000000000000000000000001010100000000000000000000000000
[Central]  RECEIVED 	From 1		Data *	Size 24	  Sequence Number 30	(7152250 us)
[Central]  SENDING 		To 1	ACK 	Size 24	  Sequence Number 30	(7152250 us)
[Local]   RECEIVED 	From 2		ACK 	Size 24	  Sequence Number 29	(7153200 us)

		RTT of packet with SN 29 : 456 ms
		BASE : 30	NEXTSN : 32

[Local]   SENDING 		To 2	Data *	Size 24	  Sequence Number 32	(7273350 us)
LOG 7344300 us Sab1 ORIGINAL Packet: 59
LOG 7344300 us Sab1 000011101001100111000101011011001000000000000000000000000000000010000000000000000000000000000000010000000000000000000000000000001111100000000000000000000000000010000100000000000000000000000000
LOG 7344300 us Sab1 CORRUPTED Packet: 59
LOG 7344300 us Sab1 000011101001100111000101011011001000000000000000000000000000000010000000000000000000000000000000010000000000000000000000000000001111100000000000000000000000000010000100000000000000000000000000
[Central]  RECEIVED 	From 1		Data !	Size 24	  Sequence Number 31	(7344300 us)
[Central]  SENDING 		To 1	ACK 	Size 24	  Sequence Number 31	(7344300 us)
[Local]   RECEIVED 	From 2		ACK 	Size 24	  Sequence Number 30	(7345250 us)

		RTT of packet with SN 30 : 456 ms
		BASE : 31	NEXTSN : 33

LOG 7536350 us Sab1 ORIGINAL Packet: 61
LOG 7536350 us Sab1 000011101001100111000101011011001000000000000000000000000000000010000000000000000000000000000000010000000000000000000000000000000000010000000000000000000000000001010100000000000000000000000000
LOG 7536350 us Sab1 CORRUPTED Packet: 61
LOG 7536350 us Sab1 000011101001100111000101011011001000000000000000000000000000000010000000000000000000000000000000010000000000000000000000000000000000010000000000000000000000000001010100000000000000000000000000
[Central]  RECEIVED 	From 1		Data *	Size 24	  Sequence Number 32	(7536350 us)
[Central]  SENDING 		To 1	ACK 	Size 24	  Sequence Number 32	(7536350 us)
[Local]   RECEIVED 	From 2		ACK 	Size 24	  Sequence Number 31	(7537300 us)

		RTT of packet with SN 31 : 456 ms
		BASE : 32	NEXTSN : 33


		@@@@ timeout 1@@@@
		nextSNTemp : 5, nextSN : 1

[Local]   RECEIVED 	From 2		ACK 	Size 24	  Sequence Number 32	(7729350 us)

		RTT of packet with SN 32 : 456 ms
		BASE : 33	NEXTSN : 33


		@@@@ timeout 33@@@@
		nextSNTemp : 37, nextSN : 33

[Local]   SENDING 		To 2	Data #	Size 24	  Sequence Number 33	(7729350 us)
[Local]   SENDING 		To 2	Data "	Size 24	  Sequence Number 34	(7921400 us)
LOG 7992350 us Sab1 ORIGINAL Packet: 64
LOG 7992350 us Sab1 000011101001100111000101011011001000000000000000000000000000000010000000000000000000000000000000010000000000000000000000000000001000010000000000000000000000000011000100000000000000000000000000
LOG 7992350 us Sab1 CORRUPTED Packet: 64
LOG 7992350 us Sab1 000011101001100111000101011011001000000000000000000000000000000010000000000000000000000000000000010000000000000000000000000000001000010000000000000000000000000011000100000000000000000000000000
[Central]  RECEIVED 	From 1		Data #	Size 24	  Sequence Number 33	(7992350 us)
[Central]  SENDING 		To 1	ACK 	Size 24	  Sequence Number 33	(7992350 us)

Info: /OSCI/SystemC: Simulation stopped by user.
