
Local   <-->  Central with FullDuplex channel

+----------------------------------------------------------------------------------------------+
|TASK     ACTION        FROM    TO      DATA    SIZE      SEQUENCE NUMBER       TIME STAMP     |
+----------------------------------------------------------------------------------------------+
[Local]   SENDING 		To 2	Data "	Size 24	  Sequence Number 1	(50 us)
[Local]   SENDING 		To 2	Data %	Size 24	  Sequence Number 2	(192100 us)
LOG 193050 us Sab1 ORIGINAL Packet: 0
LOG 193050 us Sab1 000011101001100101010010110110011000000000000000000000000000000010000000000000000000000000000000010000000000000000000000000000001000000000000000000000000000000001000100000000000000000000000000
LOG 193050 us Sab1 CORRUPTED Packet: 0
LOG 193050 us Sab1 000011101001100101010010110110011000000000000000000000000000000010000000000000000000000000000000010000000000000000000000000000001000000000000000000000000000000001000100000000000000000000000000
[Central]  RECEIVED 	From 1		Data "	Size 24	  Sequence Number 1	(193050 us)
[Central]  SENDING 		To 1	ACK 	Size 24	  Sequence Number 1	(193050 us)
LOG 385100 us Sab1 ORIGINAL Packet: 1
LOG 385100 us Sab1 000011101001100101010010110110011000000000000000000000000000000010000000000000000000000000000000010000000000000000000000000000000100000000000000000000000000000010100100000000000000000000000000
LOG 385100 us Sab1 CORRUPTED Packet: 1
LOG 385100 us Sab1 000011101001100101010010110110011000000000000000000000000000000010000000000000000000000000000000010000000000000000000000000000000100000000000000000000000000000010100100000000000000000000000000
[Central]  RECEIVED 	From 1		Data %	Size 24	  Sequence Number 2	(385100 us)
[Central]  SENDING 		To 1	ACK 	Size 24	  Sequence Number 2	(401100 us)
[Local]   RECEIVED 	From 2		ACK 	Size 24	  Sequence Number 1	(402050 us)

		RTT of packet with SN 1 : 402050 us
		BASE : 2	NEXTSN : 3


		@@@@ timeout 1@@@@
		nextSNTemp : 5, nextSN : 1

[Local]   RECEIVED 	From 2		ACK 	Size 24	  Sequence Number 2	(610100 us)

		RTT of packet with SN 2 : 418 ms
		BASE : 3	NEXTSN : 3


		@@@@ timeout 3@@@@
		nextSNTemp : 7, nextSN : 3

[Local]   SENDING 		To 2	Data *	Size 24	  Sequence Number 3	(610100 us)
[Local]   SENDING 		To 2	Data &	Size 24	  Sequence Number 4	(802150 us)
LOG 803100 us Sab1 ORIGINAL Packet: 4
LOG 803100 us Sab1 000011101001100101010010110110011000000000000000000000000000000010000000000000000000000000000000010000000000000000000000000000001100000000000000000000000000000001010100000000000000000000000000
LOG 803100 us Sab1 CORRUPTED Packet: 4
LOG 803100 us Sab1 000011101001100101010010110110011000000000000000000000000000000010000000000000000000000000000000010000000000000000000000000000001100000000000000000000000000000001010100000000000000000000000000
[Central]  RECEIVED 	From 1		Data *	Size 24	  Sequence Number 3	(803100 us)
[Central]  SENDING 		To 1	ACK 	Size 24	  Sequence Number 3	(803100 us)
[Local]   SENDING 		To 2	Data +	Size 24	  Sequence Number 5	(994200 us)
LOG 995150 us Sab1 ORIGINAL Packet: 5
LOG 995150 us Sab1 000011101001100101010010110110011000000000000000000000000000000010000000000000000000000000000000010000000000000000000000000000000010000000000000000000000000000001100100000000000000000000000000
LOG 995150 us Sab1 CORRUPTED Packet: 5
LOG 995150 us Sab1 000011101001100101010010110110011000000000000000000000000000000010000000000000000000000000000000010000000000000000000000000000000010000000000000000000000000000001100100000000000000000000000000
[Central]  RECEIVED 	From 1		Data &	Size 24	  Sequence Number 4	(995150 us)
[Central]  SENDING 		To 1	ACK 	Size 24	  Sequence Number 4	(1011150 us)
[Local]   RECEIVED 	From 2		ACK 	Size 24	  Sequence Number 3	(1012100 us)

		RTT of packet with SN 3 : 402 ms
		BASE : 4	NEXTSN : 6

[Local]   SENDING 		To 2	Data #	Size 24	  Sequence Number 6	(1186250 us)
LOG 1187200 us Sab1 ORIGINAL Packet: 7
LOG 1187200 us Sab1 000011101001100101010010110110011000000000000000000000000000000010000000000000000000000000000000010000000000000000000000000000001010000000000000000000000000000011010100000000000000000000000000
LOG 1187200 us Sab1 CORRUPTED Packet: 7
LOG 1187200 us Sab1 000011101001100101010010110110011000000000000000000000000000000010000000000000000000000000000000010000000000000000000000000000001010000000000000000000000000000011010100000000000000000000000000
[Central]  RECEIVED 	From 1		Data +	Size 24	  Sequence Number 5	(1187200 us)
[Central]  SENDING 		To 1	ACK 	Size 24	  Sequence Number 5	(1219200 us)
[Local]   RECEIVED 	From 2		ACK 	Size 24	  Sequence Number 4	(1220150 us)

		RTT of packet with SN 4 : 418 ms
		BASE : 5	NEXTSN : 7

[Local]   SENDING 		To 2	Data "	Size 24	  Sequence Number 7	(1378300 us)
LOG 1379250 us Sab1 ORIGINAL Packet: 9
LOG 1379250 us Sab1 000011101001100101010010110110011000000000000000000000000000000010000000000000000000000000000000010000000000000000000000000000000110000000000000000000000000000011000100000000000000000000000000
LOG 1379250 us Sab1 CORRUPTED Packet: 9
LOG 1379250 us Sab1 000011101001100101010010110110011000000000000000000000000000000010000000000000000000000000000000010000000000000000000000000000000110000000000000000000000000000011000100000000000000000000000000
[Central]  RECEIVED 	From 1		Data #	Size 24	  Sequence Number 6	(1379250 us)
[Central]  SENDING 		To 1	ACK 	Size 24	  Sequence Number 6	(1427250 us)
[Local]   RECEIVED 	From 2		ACK 	Size 24	  Sequence Number 5	(1428200 us)

		RTT of packet with SN 5 : 434 ms
		BASE : 6	NEXTSN : 8

[Local]   SENDING 		To 2	Data $	Size 24	  Sequence Number 8	(1570350 us)
LOG 1571300 us Sab1 ORIGINAL Packet: 11
LOG 1571300 us Sab1 000011101001100101010010110110011000000000000000000000000000000010000000000000000000000000000000010000000000000000000000000000001110000000000000000000000000000001000100000000000000000000000000
LOG 1571300 us Sab1 CORRUPTED Packet: 11
LOG 1571300 us Sab1 000011101001100101010010110110011000000000000000000000000000000010000000000000000000000000000000010000000000000000000000000000001110000000000000000000000000000001000100000000000000000000000000
[Central]  RECEIVED 	From 1		Data "	Size 24	  Sequence Number 7	(1571300 us)
[Central]  SENDING 		To 1	ACK 	Size 24	  Sequence Number 7	(1635300 us)
[Local]   RECEIVED 	From 2		ACK 	Size 24	  Sequence Number 6	(1636250 us)

		RTT of packet with SN 6 : 450 ms
		BASE : 7	NEXTSN : 9

LOG 1763350 us Sab1 ORIGINAL Packet: 13
LOG 1763350 us Sab1 000011101001100101010010110110011000000000000000000000000000000010000000000000000000000000000000010000000000000000000000000000000001000000000000000000000000000000100100000000000000000000000000
LOG 1763350 us Sab1 CORRUPTED Packet: 13
LOG 1763350 us Sab1 000011101001100101010010110110011000000000000000000000000000000010000000000000000000000000000000010000000000000000000000000000000001000000000000000000000000000000100100000000000000000000000000
[Central]  RECEIVED 	From 1		Data $	Size 24	  Sequence Number 8	(1763350 us)
[Central]  SENDING 		To 1	ACK 	Size 24	  Sequence Number 8	(1843350 us)
[Local]   RECEIVED 	From 2		ACK 	Size 24	  Sequence Number 7	(1844300 us)

		RTT of packet with SN 7 : 466 ms
		BASE : 8	NEXTSN : 9


		@@@@ timeout 1@@@@
		nextSNTemp : 5, nextSN : 1

[Local]   RECEIVED 	From 2		ACK 	Size 24	  Sequence Number 8	(2052350 us)

		RTT of packet with SN 8 : 482 ms
		BASE : 9	NEXTSN : 9


		@@@@ timeout 9@@@@
		nextSNTemp : 13, nextSN : 9

[Local]   SENDING 		To 2	Data &	Size 24	  Sequence Number 9	(2052350 us)
[Local]   SENDING 		To 2	Data '	Size 24	  Sequence Number 10	(2244400 us)
LOG 2245350 us Sab1 ORIGINAL Packet: 16
LOG 2245350 us Sab1 000011101001100101010010110110011000000000000000000000000000000010000000000000000000000000000000010000000000000000000000000000001001000000000000000000000000000001100100000000000000000000000000
LOG 2245350 us Sab1 CORRUPTED Packet: 16
LOG 2245350 us Sab1 000011101001100101010010110110011000000000000000000000000000000010000000000000000000000000000000010000000000000000000000000000001001000000000000000000000000000001100100000000000000000000000000
[Central]  RECEIVED 	From 1		Data &	Size 24	  Sequence Number 9	(2245350 us)
[Central]  SENDING 		To 1	ACK 	Size 24	  Sequence Number 9	(2245350 us)
[Local]   SENDING 		To 2	Data ,	Size 24	  Sequence Number 11	(2436450 us)
LOG 2437400 us Sab1 ORIGINAL Packet: 17
LOG 2437400 us Sab1 000011101001100101010010110110011000000000000000000000000000000010000000000000000000000000000000010000000000000000000000000000000101000000000000000000000000000011100100000000000000000000000000
LOG 2437400 us Sab1 CORRUPTED Packet: 17
LOG 2437400 us Sab1 000011101001100101010010110110011000000000000000000000000000000010000000000000000000000000000000010000000000000000000000000000000101000000000000000000000000000011100100000000000000000000000000
[Central]  RECEIVED 	From 1		Data '	Size 24	  Sequence Number 10	(2437400 us)
[Central]  SENDING 		To 1	ACK 	Size 24	  Sequence Number 10	(2453400 us)
[Local]   RECEIVED 	From 2		ACK 	Size 24	  Sequence Number 9	(2454350 us)

		RTT of packet with SN 9 : 402 ms
		BASE : 10	NEXTSN : 12

[Local]   SENDING 		To 2	Data .	Size 24	  Sequence Number 12	(2628500 us)
LOG 2629450 us Sab1 ORIGINAL Packet: 19
LOG 2629450 us Sab1 000011101001100101010010110110011000000000000000000000000000000010000000000000000000000000000000010000000000000000000000000000001101000000000000000000000000000000110100000000000000000000000000
LOG 2629450 us Sab1 CORRUPTED Packet: 19
LOG 2629450 us Sab1 000011101001100101010010110110011000000000000000000000000000000010000000000000000000000000000000010000000000000000000000000000001101000000000000000000000000000000110100000000000000000000000000
[Central]  RECEIVED 	From 1		Data ,	Size 24	  Sequence Number 11	(2629450 us)
[Central]  SENDING 		To 1	ACK 	Size 24	  Sequence Number 11	(2661450 us)
[Local]   RECEIVED 	From 2		ACK 	Size 24	  Sequence Number 10	(2662400 us)

		RTT of packet with SN 10 : 418 ms
		BASE : 11	NEXTSN : 13

[Local]   SENDING 		To 2	Data !	Size 24	  Sequence Number 13	(2820550 us)
LOG 2821500 us Sab1 ORIGINAL Packet: 21
LOG 2821500 us Sab1 000011101001100101010010110110011000000000000000000000000000000010000000000000000000000000000000010000000000000000000000000000000011000000000000000000000000000001110100000000000000000000000000
LOG 2821500 us Sab1 CORRUPTED Packet: 21
LOG 2821500 us Sab1 000011101001100101010010110110011000000000000000000000000000000010000000000000000000000000000000010000000000000000000000000000000011000000000000000000000000000001110100000000000000000000000000
[Central]  RECEIVED 	From 1		Data .	Size 24	  Sequence Number 12	(2821500 us)
[Central]  SENDING 		To 1	ACK 	Size 24	  Sequence Number 12	(2869500 us)
[Local]   RECEIVED 	From 2		ACK 	Size 24	  Sequence Number 11	(2870450 us)

		RTT of packet with SN 11 : 434 ms
		BASE : 12	NEXTSN : 14

[Local]   SENDING 		To 2	Data +	Size 24	  Sequence Number 14	(3012600 us)
LOG 3013550 us Sab1 ORIGINAL Packet: 23
LOG 3013550 us Sab1 000011101001100101010010110110011000000000000000000000000000000010000000000000000000000000000000010000000000000000000000000000001011000000000000000000000000000010000100000000000000000000000000
LOG 3013550 us Sab1 CORRUPTED Packet: 23
LOG 3013550 us Sab1 000011101001100101010010110110011000000000000000000000000000000010000000000000000000000000000000010000000000000000000000000000001011000000000000000000000000000010000100000000000000000000000000
[Central]  RECEIVED 	From 1		Data !	Size 24	  Sequence Number 13	(3013550 us)
[Central]  SENDING 		To 1	ACK 	Size 24	  Sequence Number 13	(3077550 us)
[Local]   RECEIVED 	From 2		ACK 	Size 24	  Sequence Number 12	(3078500 us)

		RTT of packet with SN 12 : 450 ms
		BASE : 13	NEXTSN : 15

LOG 3205600 us Sab1 ORIGINAL Packet: 25
LOG 3205600 us Sab1 000011101001100101010010110110011000000000000000000000000000000010000000000000000000000000000000010000000000000000000000000000000111000000000000000000000000000011010100000000000000000000000000
LOG 3205600 us Sab1 CORRUPTED Packet: 25
LOG 3205600 us Sab1 000011101001100101010010110110011000000000000000000000000000000010000000000000000000000000000000010000000000000000000000000000000111000000000000000000000000000011010100000000000000000000000000
[Central]  RECEIVED 	From 1		Data +	Size 24	  Sequence Number 14	(3205600 us)
[Central]  SENDING 		To 1	ACK 	Size 24	  Sequence Number 14	(3285600 us)
[Local]   RECEIVED 	From 2		ACK 	Size 24	  Sequence Number 13	(3286550 us)

		RTT of packet with SN 13 : 466 ms
		BASE : 14	NEXTSN : 15


		@@@@ timeout 1@@@@
		nextSNTemp : 5, nextSN : 1

[Local]   RECEIVED 	From 2		ACK 	Size 24	  Sequence Number 14	(3494600 us)

		RTT of packet with SN 14 : 482 ms
		BASE : 15	NEXTSN : 15


		@@@@ timeout 15@@@@
		nextSNTemp : 19, nextSN : 15

[Local]   SENDING 		To 2	Data )	Size 24	  Sequence Number 15	(3494600 us)
[Local]   SENDING 		To 2	Data #	Size 24	  Sequence Number 16	(3686650 us)
LOG 3687600 us Sab1 ORIGINAL Packet: 28
LOG 3687600 us Sab1 000011101001100101010010110110011000000000000000000000000000000010000000000000000000000000000000010000000000000000000000000000001111000000000000000000000000000010010100000000000000000000000000
LOG 3687600 us Sab1 CORRUPTED Packet: 28
LOG 3687600 us Sab1 000011101001100101010010110110011000000000000000000000000000000010000000000000000000000000000000010000000000000000000000000000001111000000000000000000000000000010010100000000000000000000000000
[Central]  RECEIVED 	From 1		Data )	Size 24	  Sequence Number 15	(3687600 us)
[Central]  SENDING 		To 1	ACK 	Size 24	  Sequence Number 15	(3687600 us)
[Local]   SENDING 		To 2	Data #	Size 24	  Sequence Number 17	(3878700 us)
LOG 3879650 us Sab1 ORIGINAL Packet: 29
LOG 3879650 us Sab1 000011101001100101010010110110011000000000000000000000000000000010000000000000000000000000000000010000000000000000000000000000000000100000000000000000000000000011000100000000000000000000000000
LOG 3879650 us Sab1 CORRUPTED Packet: 29
LOG 3879650 us Sab1 000011101001100101010010110110011000000000000000000000000000000010000000000000000000000000000000010000000000000000000000000000000000100000000000000000000000000011000100000000000000000000000000
[Central]  RECEIVED 	From 1		Data #	Size 24	  Sequence Number 16	(3879650 us)
[Central]  SENDING 		To 1	ACK 	Size 24	  Sequence Number 16	(3895650 us)
[Local]   RECEIVED 	From 2		ACK 	Size 24	  Sequence Number 15	(3896600 us)

		RTT of packet with SN 15 : 402 ms
		BASE : 16	NEXTSN : 18

[Local]   SENDING 		To 2	Data !	Size 24	  Sequence Number 18	(4070750 us)
LOG 4071700 us Sab1 ORIGINAL Packet: 31
LOG 4071700 us Sab1 000011101001100101010010110110011000000000000000000000000000000010000000000000000000000000000000010000000000000000000000000000001000100000000000000000000000000011000100000000000000000000000000
LOG 4071700 us Sab1 CORRUPTED Packet: 31
LOG 4071700 us Sab1 000011101001100101010010110110011000000000000000000000000000000010000000000000000000000000000000010000000000000000000000000000001000100000000000000000000000000011000100000000000000000000000000
[Central]  RECEIVED 	From 1		Data #	Size 24	  Sequence Number 17	(4071700 us)
[Central]  SENDING 		To 1	ACK 	Size 24	  Sequence Number 17	(4103700 us)
[Local]   RECEIVED 	From 2		ACK 	Size 24	  Sequence Number 16	(4104650 us)

		RTT of packet with SN 16 : 418 ms
		BASE : 17	NEXTSN : 19

[Local]   SENDING 		To 2	Data &	Size 24	  Sequence Number 19	(4262800 us)
LOG 4263750 us Sab1 ORIGINAL Packet: 33
LOG 4263750 us Sab1 000011101001100101010010110110011000000000000000000000000000000010000000000000000000000000000000010000000000000000000000000000000100100000000000000000000000000010000100000000000000000000000000
LOG 4263750 us Sab1 CORRUPTED Packet: 33
LOG 4263750 us Sab1 000011101001100101010010110110011000000000000000000000000000000010000000000000000000000000000000010000000000000000000000000000000100100000000000000000000000000010000100000000000000000000000000
[Central]  RECEIVED 	From 1		Data !	Size 24	  Sequence Number 18	(4263750 us)
[Central]  SENDING 		To 1	ACK 	Size 24	  Sequence Number 18	(4311750 us)
[Local]   RECEIVED 	From 2		ACK 	Size 24	  Sequence Number 17	(4312700 us)

		RTT of packet with SN 17 : 434 ms
		BASE : 18	NEXTSN : 20

[Local]   SENDING 		To 2	Data *	Size 24	  Sequence Number 20	(4454850 us)
LOG 4455800 us Sab1 ORIGINAL Packet: 35
LOG 4455800 us Sab1 000011101001100101010010110110011000000000000000000000000000000010000000000000000000000000000000010000000000000000000000000000001100100000000000000000000000000001100100000000000000000000000000
LOG 4455800 us Sab1 CORRUPTED Packet: 35
LOG 4455800 us Sab1 000011101001100101010010110110011000000000000000000000000000000010000000000000000000000000000000010000000000000000000000000000001100100000000000000000000000000001100100000000000000000000000000
[Central]  RECEIVED 	From 1		Data &	Size 24	  Sequence Number 19	(4455800 us)
[Central]  SENDING 		To 1	ACK 	Size 24	  Sequence Number 19	(4519800 us)
[Local]   RECEIVED 	From 2		ACK 	Size 24	  Sequence Number 18	(4520750 us)

		RTT of packet with SN 18 : 450 ms
		BASE : 19	NEXTSN : 21

LOG 4647850 us Sab1 ORIGINAL Packet: 37
LOG 4647850 us Sab1 000011101001100101010010110110011000000000000000000000000000000010000000000000000000000000000000010000000000000000000000000000000010100000000000000000000000000001010100000000000000000000000000
LOG 4647850 us Sab1 CORRUPTED Packet: 37
LOG 4647850 us Sab1 000011101001100101010010110110011000000000000000000000000000000010000000000000000000000000000000010000000000000000000000000000000010100000000000000000000000000001010100000000000000000000000000
[Central]  RECEIVED 	From 1		Data *	Size 24	  Sequence Number 20	(4647850 us)
[Central]  SENDING 		To 1	ACK 	Size 24	  Sequence Number 20	(4727850 us)
[Local]   RECEIVED 	From 2		ACK 	Size 24	  Sequence Number 19	(4728800 us)

		RTT of packet with SN 19 : 466 ms
		BASE : 20	NEXTSN : 21


		@@@@ timeout 1@@@@
		nextSNTemp : 5, nextSN : 1

[Local]   RECEIVED 	From 2		ACK 	Size 24	  Sequence Number 20	(4936850 us)

		RTT of packet with SN 20 : 482 ms
		BASE : 21	NEXTSN : 21


		@@@@ timeout 21@@@@
		nextSNTemp : 25, nextSN : 21

[Local]   SENDING 		To 2	Data -	Size 24	  Sequence Number 21	(4936850 us)
[Local]   SENDING 		To 2	Data -	Size 24	  Sequence Number 22	(5128900 us)
LOG 5129850 us Sab1 ORIGINAL Packet: 40
LOG 5129850 us Sab1 000011101001100101010010110110011000000000000000000000000000000010000000000000000000000000000000010000000000000000000000000000001010100000000000000000000000000010110100000000000000000000000000
LOG 5129850 us Sab1 CORRUPTED Packet: 40
LOG 5129850 us Sab1 000011101001100101010010110110011000000000000000000000000000000010000000000000000000000000000000010000000000000000000000000000001010100000000000000000000000000010110100000000000000000000000000
[Central]  RECEIVED 	From 1		Data -	Size 24	  Sequence Number 21	(5129850 us)
[Central]  SENDING 		To 1	ACK 	Size 24	  Sequence Number 21	(5129850 us)
[Local]   SENDING 		To 2	Data .	Size 24	  Sequence Number 23	(5320950 us)
LOG 5321900 us Sab1 ORIGINAL Packet: 41
LOG 5321900 us Sab1 000011101001100101010010110110011000000000000000000000000000000010000000000000000000000000000000010000000000000000000000000000000110100000000000000000000000000010110100000000000000000000000000
LOG 5321900 us Sab1 CORRUPTED Packet: 41
LOG 5321900 us Sab1 000011101001100101010010110110011000000000000000000000000000000010000000000000000000000000000000010000000000000000000000000000000110100000000000000000000000000010110100000000000000000000000000
[Central]  RECEIVED 	From 1		Data -	Size 24	  Sequence Number 22	(5321900 us)
[Central]  SENDING 		To 1	ACK 	Size 24	  Sequence Number 22	(5337900 us)
[Local]   RECEIVED 	From 2		ACK 	Size 24	  Sequence Number 21	(5338850 us)

		RTT of packet with SN 21 : 402 ms
		BASE : 22	NEXTSN : 24

[Local]   SENDING 		To 2	Data "	Size 24	  Sequence Number 24	(5513 ms)
LOG 5513950 us Sab1 ORIGINAL Packet: 43
LOG 5513950 us Sab1 000011101001100101010010110110011000000000000000000000000000000010000000000000000000000000000000010000000000000000000000000000001110100000000000000000000000000001110100000000000000000000000000
LOG 5513950 us Sab1 CORRUPTED Packet: 43
LOG 5513950 us Sab1 000011101001100101010010110110011000000000000000000000000000000010000000000000000000000000000000010000000000000000000000000000001110100000000000000000000000000001110100000000000000000000000000
[Central]  RECEIVED 	From 1		Data .	Size 24	  Sequence Number 23	(5513950 us)
[Central]  SENDING 		To 1	ACK 	Size 24	  Sequence Number 23	(5545950 us)
[Local]   RECEIVED 	From 2		ACK 	Size 24	  Sequence Number 22	(5546900 us)

		RTT of packet with SN 22 : 418 ms
		BASE : 23	NEXTSN : 25

[Local]   SENDING 		To 2	Data &	Size 24	  Sequence Number 25	(5705050 us)
LOG 5706 ms Sab1 ORIGINAL Packet: 45
LOG 5706 ms Sab1 000011101001100101010010110110011000000000000000000000000000000010000000000000000000000000000000010000000000000000000000000000000001100000000000000000000000000001000100000000000000000000000000
LOG 5706 ms Sab1 CORRUPTED Packet: 45
LOG 5706 ms Sab1 000011101001100101010010110110011000000000000000000000000000000010000000000000000000000000000000010000000000000000000000000000000001100000000000000000000000000001000100000000000000000000000000
[Central]  RECEIVED 	From 1		Data "	Size 24	  Sequence Number 24	(5706 ms)
[Central]  SENDING 		To 1	ACK 	Size 24	  Sequence Number 24	(5754 ms)
[Local]   RECEIVED 	From 2		ACK 	Size 24	  Sequence Number 23	(5754950 us)

		RTT of packet with SN 23 : 434 ms
		BASE : 24	NEXTSN : 26

[Local]   SENDING 		To 2	Data !	Size 24	  Sequence Number 26	(5897100 us)
LOG 5898050 us Sab1 ORIGINAL Packet: 47
LOG 5898050 us Sab1 000011101001100101010010110110011000000000000000000000000000000010000000000000000000000000000000010000000000000000000000000000001001100000000000000000000000000001100100000000000000000000000000
LOG 5898050 us Sab1 CORRUPTED Packet: 47
LOG 5898050 us Sab1 000011101001100101010010110110011000000000000000000000000000000010000000000000000000000000000000010000000000000000000000000000001001100000000000000000000000000001100100000000000000000000000000
[Central]  RECEIVED 	From 1		Data &	Size 24	  Sequence Number 25	(5898050 us)
[Central]  SENDING 		To 1	ACK 	Size 24	  Sequence Number 25	(5962050 us)
[Local]   RECEIVED 	From 2		ACK 	Size 24	  Sequence Number 24	(5963 ms)

		RTT of packet with SN 24 : 450 ms
		BASE : 25	NEXTSN : 27

LOG 6090100 us Sab1 ORIGINAL Packet: 49
LOG 6090100 us Sab1 000011101001100101010010110110011000000000000000000000000000000010000000000000000000000000000000010000000000000000000000000000000101100000000000000000000000000010000100000000000000000000000000
LOG 6090100 us Sab1 CORRUPTED Packet: 49
LOG 6090100 us Sab1 000011101001100101010010110110011000000000000000000000000000000010000000000000000000000000000000010000000000000000000000000000000101100000000000000000000000000010000100000000000000000000000000
[Central]  RECEIVED 	From 1		Data !	Size 24	  Sequence Number 26	(6090100 us)
[Central]  SENDING 		To 1	ACK 	Size 24	  Sequence Number 26	(6170100 us)
[Local]   RECEIVED 	From 2		ACK 	Size 24	  Sequence Number 25	(6171050 us)

		RTT of packet with SN 25 : 466 ms
		BASE : 26	NEXTSN : 27


		@@@@ timeout 1@@@@
		nextSNTemp : 5, nextSN : 1

[Local]   RECEIVED 	From 2		ACK 	Size 24	  Sequence Number 26	(6379100 us)

		RTT of packet with SN 26 : 482 ms
		BASE : 27	NEXTSN : 27


		@@@@ timeout 27@@@@
		nextSNTemp : 31, nextSN : 27

[Local]   SENDING 		To 2	Data +	Size 24	  Sequence Number 27	(6379100 us)
[Local]   SENDING 		To 2	Data -	Size 24	  Sequence Number 28	(6571150 us)
LOG 6572100 us Sab1 ORIGINAL Packet: 52
LOG 6572100 us Sab1 000011101001100101010010110110011000000000000000000000000000000010000000000000000000000000000000010000000000000000000000000000001101100000000000000000000000000011010100000000000000000000000000
LOG 6572100 us Sab1 CORRUPTED Packet: 52
LOG 6572100 us Sab1 000011101001100101010010110110011000000000000000000000000000000010000000000000000000000000000000010000000000000000000000000000001101100000000000000000000000000011010100000000000000000000000000
[Central]  RECEIVED 	From 1		Data +	Size 24	  Sequence Number 27	(6572100 us)
[Central]  SENDING 		To 1	ACK 	Size 24	  Sequence Number 27	(6572100 us)
[Local]   SENDING 		To 2	Data *	Size 24	  Sequence Number 29	(6763200 us)
LOG 6764150 us Sab1 ORIGINAL Packet: 53
LOG 6764150 us Sab1 000011101001100101010010110110011000000000000000000000000000000010000000000000000000000000000000010000000000000000000000000000000011100000000000000000000000000010110100000000000000000000000000
LOG 6764150 us Sab1 CORRUPTED Packet: 53
LOG 6764150 us Sab1 000011101001100101010010110110011000000000000000000000000000000010000000000000000000000000000000010000000000000000000000000000000011100000000000000000000000000010110100000000000000000000000000
[Central]  RECEIVED 	From 1		Data -	Size 24	  Sequence Number 28	(6764150 us)
[Central]  SENDING 		To 1	ACK 	Size 24	  Sequence Number 28	(6780150 us)
[Local]   RECEIVED 	From 2		ACK 	Size 24	  Sequence Number 27	(6781100 us)

		RTT of packet with SN 27 : 402 ms
		BASE : 28	NEXTSN : 30

[Local]   SENDING 		To 2	Data "	Size 24	  Sequence Number 30	(6955250 us)
LOG 6956200 us Sab1 ORIGINAL Packet: 55
LOG 6956200 us Sab1 000011101001100101010010110110011000000000000000000000000000000010000000000000000000000000000000010000000000000000000000000000001011100000000000000000000000000001010100000000000000000000000000
LOG 6956200 us Sab1 CORRUPTED Packet: 55
LOG 6956200 us Sab1 000011101001100101010010110110011000000000000000000000000000000010000000000000000000000000000000010000000000000000000000000000001011100000000000000000000000000001010100000000000000000000000000
[Central]  RECEIVED 	From 1		Data *	Size 24	  Sequence Number 29	(6956200 us)
[Central]  SENDING 		To 1	ACK 	Size 24	  Sequence Number 29	(6988200 us)
[Local]   RECEIVED 	From 2		ACK 	Size 24	  Sequence Number 28	(6989150 us)

		RTT of packet with SN 28 : 418 ms
		BASE : 29	NEXTSN : 31

[Local]   SENDING 		To 2	Data !	Size 24	  Sequence Number 31	(7147300 us)
LOG 7148250 us Sab1 ORIGINAL Packet: 57
LOG 7148250 us Sab1 000011101001100101010010110110011000000000000000000000000000000010000000000000000000000000000000010000000000000000000000000000000111100000000000000000000000000001000100000000000000000000000000
LOG 7148250 us Sab1 CORRUPTED Packet: 57
LOG 7148250 us Sab1 000011101001100101010010110110011000000000000000000000000000000010000000000000000000000000000000010000000000000000000000000000000111100000000000000000000000000001000100000000000000000000000000
[Central]  RECEIVED 	From 1		Data "	Size 24	  Sequence Number 30	(7148250 us)
[Central]  SENDING 		To 1	ACK 	Size 24	  Sequence Number 30	(7196250 us)
[Local]   RECEIVED 	From 2		ACK 	Size 24	  Sequence Number 29	(7197200 us)

		RTT of packet with SN 29 : 434 ms
		BASE : 30	NEXTSN : 32

[Local]   SENDING 		To 2	Data *	Size 24	  Sequence Number 32	(7339350 us)
LOG 7340300 us Sab1 ORIGINAL Packet: 59
LOG 7340300 us Sab1 000011101001100101010010110110011000000000000000000000000000000010000000000000000000000000000000010000000000000000000000000000001111100000000000000000000000000010000100000000000000000000000000
LOG 7340300 us Sab1 CORRUPTED Packet: 59
LOG 7340300 us Sab1 000011101001100101010010110110011000000000000000000000000000000010000000000000000000000000000000010000000000000000000000000000001111100000000000000000000000000010000100000000000000000000000000
[Central]  RECEIVED 	From 1		Data !	Size 24	  Sequence Number 31	(7340300 us)
[Central]  SENDING 		To 1	ACK 	Size 24	  Sequence Number 31	(7404300 us)
[Local]   RECEIVED 	From 2		ACK 	Size 24	  Sequence Number 30	(7405250 us)

		RTT of packet with SN 30 : 450 ms
		BASE : 31	NEXTSN : 33

LOG 7532350 us Sab1 ORIGINAL Packet: 61
LOG 7532350 us Sab1 000011101001100101010010110110011000000000000000000000000000000010000000000000000000000000000000010000000000000000000000000000000000010000000000000000000000000001010100000000000000000000000000
LOG 7532350 us Sab1 CORRUPTED Packet: 61
LOG 7532350 us Sab1 000011101001100101010010110110011000000000000000000000000000000010000000000000000000000000000000010000000000000000000000000000000000010000000000000000000000000001010100000000000000000000000000
[Central]  RECEIVED 	From 1		Data *	Size 24	  Sequence Number 32	(7532350 us)
[Central]  SENDING 		To 1	ACK 	Size 24	  Sequence Number 32	(7612350 us)
[Local]   RECEIVED 	From 2		ACK 	Size 24	  Sequence Number 31	(7613300 us)

		RTT of packet with SN 31 : 466 ms
		BASE : 32	NEXTSN : 33


		@@@@ timeout 1@@@@
		nextSNTemp : 5, nextSN : 1

[Local]   RECEIVED 	From 2		ACK 	Size 24	  Sequence Number 32	(7821350 us)

		RTT of packet with SN 32 : 482 ms
		BASE : 33	NEXTSN : 33


		@@@@ timeout 33@@@@
		nextSNTemp : 37, nextSN : 33

[Local]   SENDING 		To 2	Data "	Size 24	  Sequence Number 33	(7821350 us)

Info: /OSCI/SystemC: Simulation stopped by user.
