
Local   <-->  Central with FullDuplex channel

+----------------------------------------------------------------------------------------------+
|TASK     ACTION        FROM    TO      DATA    SIZE      SEQUENCE NUMBER       TIME STAMP     |
+----------------------------------------------------------------------------------------------+
[Local]   SENDING 		To 2	Data "	Size 24	  Sequence Number 1	(50 us)
[Local]   SENDING 		To 2	Data %	Size 24	  Sequence Number 2	(192100 us)
LOG 193050 us Sab1 ORIGINAL Packet: 0
LOG 193050 us Sab1 000011101001000010111100010100101000000000000000000000000000000010000000000000000000000000000000010000000000000000000000000000001000000000000000000000000000000001000100000000000000000000000000
LOG 193050 us Sab1 CORRUPTED Packet: 0
LOG 193050 us Sab1 000011101001000010111100010100101000000000000000000000000000000010000000000000000000000000000000010000000000000000000000000000001000000000000000000000000000000001000100000000000000000000000000
[Central]  RECEIVED 	From 1		Data "	Size 24	  Sequence Number 1	(193050 us)
[Central]  SENDING 		To 1	ACK 	Size 24	  Sequence Number 1	(193050 us)
LOG 385100 us Sab1 ORIGINAL Packet: 1
LOG 385100 us Sab1 000011101001000010111100010100101000000000000000000000000000000010000000000000000000000000000000010000000000000000000000000000000100000000000000000000000000000010100100000000000000000000000000
LOG 385100 us Sab1 CORRUPTING bit: 41 of Packet: 1 with ERROR_BIT: 0.006
LOG 385100 us Sab1 CORRUPTED Packet: 1
LOG 385100 us Sab1 000011101001000010111100010100101000000001000000000000000000000010000000000000000000000000000000010000000000000000000000000000000100000000000000000000000000000010100100000000000000000000000000
[Central]  RECEIVED 	From 513		Data %	Size 24	  Sequence Number 2	(385100 us)
[Central]  SENDING 		To 1	ACK 	Size 24	  Sequence Number 2	(385100 us)
[Local]   RECEIVED 	From 2		ACK 	Size 24	  Sequence Number 1	(386050 us)

		RTT of packet with SN 1 : 386050 us
		BASE : 2	NEXTSN : 3

[Local]   RECEIVED 	From 2		ACK 	Size 24	  Sequence Number 2	(578100 us)

		RTT of packet with SN 2 : 386 ms
		BASE : 3	NEXTSN : 3


		@@@@ timeout 1@@@@
		nextSNTemp : 5, nextSN : 1


		@@@@ timeout 3@@@@
		nextSNTemp : 7, nextSN : 3

[Local]   SENDING 		To 2	Data *	Size 24	  Sequence Number 3	(600050 us)
[Local]   SENDING 		To 2	Data &	Size 24	  Sequence Number 4	(792100 us)
LOG 793050 us Sab1 ORIGINAL Packet: 4
LOG 793050 us Sab1 000011101001000010111100010100101000000000000000000000000000000010000000000000000000000000000000010000000000000000000000000000001100000000000000000000000000000001010100000000000000000000000000
LOG 793050 us Sab1 CORRUPTING bit: 156 of Packet: 4 with ERROR_BIT: 0.006
LOG 793050 us Sab1 CORRUPTED Packet: 4
LOG 793050 us Sab1 000011101001000010111100010100101000000000000000000000000000000010000000000000000000000000000000010000000000000000000000000000001100000000000000000000000000100001010100000000000000000000000000
[Central]  RECEIVED 	From 1		Data *	Size 24	  Sequence Number 268435459	(793050 us)
[Central]  SENDING 		To 1	ACK 	Size 24	  Sequence Number 3	(793050 us)
[Local]   SENDING 		To 2	Data +	Size 24	  Sequence Number 5	(984150 us)
LOG 985100 us Sab1 ORIGINAL Packet: 5
LOG 985100 us Sab1 000011101001000010111100010100101000000000000000000000000000000010000000000000000000000000000000010000000000000000000000000000000010000000000000000000000000000001100100000000000000000000000000
LOG 985100 us Sab1 CORRUPTING bit: 92 of Packet: 5 with ERROR_BIT: 0.006
LOG 985100 us Sab1 CORRUPTED Packet: 5
LOG 985100 us Sab1 000011101001000010111100010100101000000000000000000000000000000010000000000000000000000000001000010000000000000000000000000000000010000000000000000000000000000001100100000000000000000000000000
[Central]  RECEIVED 	From 1		Data &	Size 24	  Sequence Number 4	(985100 us)
[Central]  SENDING 		To 268435457	ACK 	Size 24	  Sequence Number 3	(985100 us)
[Local]   RECEIVED 	From 2		ACK 	Size 24	  Sequence Number 3	(986050 us)

		RTT of packet with SN 3 : 386 ms
		BASE : 4	NEXTSN : 6

[Local]   SENDING 		To 2	Data #	Size 24	  Sequence Number 6	(1176200 us)
LOG 1177150 us Sab1 ORIGINAL Packet: 7
LOG 1177150 us Sab1 000011101001000010111100010100101000000000000000000000000000000010000000000000000000000000000000010000000000000000000000000000001010000000000000000000000000000011010100000000000000000000000000
LOG 1177150 us Sab1 CORRUPTING bit: 131 of Packet: 7 with ERROR_BIT: 0.006
LOG 1177150 us Sab1 CORRUPTING bit: 158 of Packet: 7 with ERROR_BIT: 0.006
LOG 1177150 us Sab1 CORRUPTED Packet: 7
LOG 1177150 us Sab1 000011101001000010111100010100101000000000000000000000000000000010000000000000000000000000000000010000000000000000000000000000001011000000000000000000000000001011010100000000000000000000000000
[Central]  RECEIVED 	From 1		Data +	Size 24	  Sequence Number 1073741837	(1177150 us)
[Central]  SENDING 		To 1	ACK 	Size 24	  Sequence Number 3	(1177150 us)

		Error - Wrong ACK --- Expected : 4, Actual : 3 -- the ACK will be discarded

[Local]   SENDING 		To 2	Data "	Size 24	  Sequence Number 7	(1368250 us)
LOG 1369200 us Sab1 ORIGINAL Packet: 9
LOG 1369200 us Sab1 000011101001000010111100010100101000000000000000000000000000000010000000000000000000000000000000010000000000000000000000000000000110000000000000000000000000000011000100000000000000000000000000
LOG 1369200 us Sab1 CORRUPTING bit: 129 of Packet: 9 with ERROR_BIT: 0.006
LOG 1369200 us Sab1 CORRUPTED Packet: 9
LOG 1369200 us Sab1 000011101001000010111100010100101000000000000000000000000000000010000000000000000000000000000000010000000000000000000000000000000010000000000000000000000000000011000100000000000000000000000000
[Central]  RECEIVED 	From 1		Data #	Size 24	  Sequence Number 4	(1369200 us)
[Central]  SENDING 		To 1	ACK 	Size 24	  Sequence Number 3	(1369200 us)

		Error - Wrong ACK --- Expected : 4, Actual : 3 -- the ACK will be discarded


		@@@@ timeout 4@@@@
		nextSNTemp : 8, nextSN : 4

[Local]   SENDING 		To 2	Data &	Size 24	  Sequence Number 4	(1560300 us)
LOG 1561250 us Sab1 ORIGINAL Packet: 11
LOG 1561250 us Sab1 000011101001000010111100010100101000000000000000000000000000000010000000000000000000000000000000010000000000000000000000000000001110000000000000000000000000000001000100000000000000000000000000
LOG 1561250 us Sab1 CORRUPTING bit: 168 of Packet: 11 with ERROR_BIT: 0.006
LOG 1561250 us Sab1 CORRUPTED Packet: 11
LOG 1561250 us Sab1 000011101001000010111100010100101000000000000000000000000000000010000000000000000000000000000000010000000000000000000000000000001110000000000000000000000000000001000100100000000000000000000000
[Central]  RECEIVED 	From 1		Data "	Size 24	  Sequence Number 7	(1561250 us)
[Central]  SENDING 		To 1	ACK 	Size 24	  Sequence Number 3	(1561250 us)

		Error - Wrong ACK --- Expected : 4, Actual : 3 -- the ACK will be discarded

[Local]   SENDING 		To 2	Data +	Size 24	  Sequence Number 5	(1752350 us)
LOG 1753300 us Sab1 ORIGINAL Packet: 13
LOG 1753300 us Sab1 000011101001000010111100010100101000000000000000000000000000000010000000000000000000000000000000010000000000000000000000000000000010000000000000000000000000000001100100000000000000000000000000
LOG 1753300 us Sab1 CORRUPTED Packet: 13
LOG 1753300 us Sab1 000011101001000010111100010100101000000000000000000000000000000010000000000000000000000000000000010000000000000000000000000000000010000000000000000000000000000001100100000000000000000000000000
[Central]  RECEIVED 	From 1		Data &	Size 24	  Sequence Number 4	(1753300 us)
[Central]  SENDING 		To 1	ACK 	Size 24	  Sequence Number 3	(1753300 us)

		Error - Wrong ACK --- Expected : 4, Actual : 3 -- the ACK will be discarded

[Local]   SENDING 		To 2	Data #	Size 24	  Sequence Number 6	(1944400 us)
LOG 1945350 us Sab1 ORIGINAL Packet: 15
LOG 1945350 us Sab1 000011101001000010111100010100101000000000000000000000000000000010000000000000000000000000000000010000000000000000000000000000001010000000000000000000000000000011010100000000000000000000000000
LOG 1945350 us Sab1 CORRUPTING bit: 74 of Packet: 15 with ERROR_BIT: 0.006
LOG 1945350 us Sab1 CORRUPTED Packet: 15
LOG 1945350 us Sab1 000011101001000010111100010100101000000000000000000000000000000010000000001000000000000000000000010000000000000000000000000000001010000000000000000000000000000011010100000000000000000000000000
[Central]  RECEIVED 	From 1		Data +	Size 24	  Sequence Number 5	(1945350 us)
[Central]  SENDING 		To 1025	ACK 	Size 24	  Sequence Number 3	(1945350 us)

		Error - Wrong ACK --- Expected : 4, Actual : 3 -- the ACK will be discarded

[Local]   SENDING 		To 2	Data "	Size 24	  Sequence Number 7	(2136450 us)
LOG 2137400 us Sab1 ORIGINAL Packet: 17
LOG 2137400 us Sab1 000011101001000010111100010100101000000000000000000000000000000010000000000000000000000000000000010000000000000000000000000000000110000000000000000000000000000011000100000000000000000000000000
LOG 2137400 us Sab1 CORRUPTING bit: 92 of Packet: 17 with ERROR_BIT: 0.006
LOG 2137400 us Sab1 CORRUPTING bit: 186 of Packet: 17 with ERROR_BIT: 0.006
LOG 2137400 us Sab1 CORRUPTED Packet: 17
LOG 2137400 us Sab1 000011101001000010111100010100101000000000000000000000000000000010000000000000000000000000001000010000000000000000000000000000000110000000000000000000000000000011000100000000000000000000100000
[Central]  RECEIVED 	From 1		Data #	Size 24	  Sequence Number 6	(2137400 us)
[Central]  SENDING 		To 268435457	ACK 	Size 24	  Sequence Number 3	(2137400 us)

		Error - Wrong ACK --- Expected : 4, Actual : 3 -- the ACK will be discarded


		@@@@ timeout 4@@@@
		nextSNTemp : 8, nextSN : 4

[Local]   SENDING 		To 2	Data &	Size 24	  Sequence Number 4	(2328500 us)
LOG 2329450 us Sab1 ORIGINAL Packet: 19
LOG 2329450 us Sab1 000011101001000010111100010100101000000000000000000000000000000010000000000000000000000000000000010000000000000000000000000000001110000000000000000000000000000001000100000000000000000000000000
LOG 2329450 us Sab1 CORRUPTING bit: 111 of Packet: 19 with ERROR_BIT: 0.006
LOG 2329450 us Sab1 CORRUPTED Packet: 19
LOG 2329450 us Sab1 000011101001000010111100010100101000000000000000000000000000000010000000000000000000000000000000010000000000000100000000000000001110000000000000000000000000000001000100000000000000000000000000
[Central]  RECEIVED 	From 1		Data "	Size 24	  Sequence Number 7	(2329450 us)
[Central]  SENDING 		To 1	ACK 	Size 24	  Sequence Number 3	(2329450 us)

		Error - Wrong ACK --- Expected : 4, Actual : 3 -- the ACK will be discarded

[Local]   SENDING 		To 2	Data +	Size 24	  Sequence Number 5	(2520550 us)
LOG 2521500 us Sab1 ORIGINAL Packet: 21
LOG 2521500 us Sab1 000011101001000010111100010100101000000000000000000000000000000010000000000000000000000000000000010000000000000000000000000000000010000000000000000000000000000001100100000000000000000000000000
LOG 2521500 us Sab1 CORRUPTED Packet: 21
LOG 2521500 us Sab1 000011101001000010111100010100101000000000000000000000000000000010000000000000000000000000000000010000000000000000000000000000000010000000000000000000000000000001100100000000000000000000000000
[Central]  RECEIVED 	From 1		Data &	Size 24	  Sequence Number 4	(2521500 us)
[Central]  SENDING 		To 1	ACK 	Size 24	  Sequence Number 3	(2521500 us)

		Error - Wrong ACK --- Expected : 4, Actual : 3 -- the ACK will be discarded

[Local]   SENDING 		To 2	Data #	Size 24	  Sequence Number 6	(2712600 us)
LOG 2713550 us Sab1 ORIGINAL Packet: 23
LOG 2713550 us Sab1 000011101001000010111100010100101000000000000000000000000000000010000000000000000000000000000000010000000000000000000000000000001010000000000000000000000000000011010100000000000000000000000000
LOG 2713550 us Sab1 CORRUPTING bit: 33 of Packet: 23 with ERROR_BIT: 0.006
LOG 2713550 us Sab1 CORRUPTED Packet: 23
LOG 2713550 us Sab1 000011101001000010111100010100101100000000000000000000000000000010000000000000000000000000000000010000000000000000000000000000001010000000000000000000000000000011010100000000000000000000000000
[Central]  RECEIVED 	From 3		Data +	Size 24	  Sequence Number 5	(2713550 us)
[Central]  SENDING 		To 1	ACK 	Size 24	  Sequence Number 3	(2713550 us)

		Error - Wrong ACK --- Expected : 4, Actual : 3 -- the ACK will be discarded

[Local]   SENDING 		To 2	Data "	Size 24	  Sequence Number 7	(2904650 us)
LOG 2905600 us Sab1 ORIGINAL Packet: 25
LOG 2905600 us Sab1 000011101001000010111100010100101000000000000000000000000000000010000000000000000000000000000000010000000000000000000000000000000110000000000000000000000000000011000100000000000000000000000000
LOG 2905600 us Sab1 CORRUPTING bit: 60 of Packet: 25 with ERROR_BIT: 0.006
LOG 2905600 us Sab1 CORRUPTED Packet: 25
LOG 2905600 us Sab1 000011101001000010111100010100101000000000000000000000000000100010000000000000000000000000000000010000000000000000000000000000000110000000000000000000000000000011000100000000000000000000000000
[Central]  RECEIVED 	From 268435457		Data #	Size 24	  Sequence Number 6	(2905600 us)
[Central]  SENDING 		To 1	ACK 	Size 24	  Sequence Number 3	(2905600 us)

		Error - Wrong ACK --- Expected : 4, Actual : 3 -- the ACK will be discarded


		@@@@ timeout 4@@@@
		nextSNTemp : 8, nextSN : 4

[Local]   SENDING 		To 2	Data &	Size 24	  Sequence Number 4	(3096700 us)
LOG 3097650 us Sab1 ORIGINAL Packet: 27
LOG 3097650 us Sab1 000011101001000010111100010100101000000000000000000000000000000010000000000000000000000000000000010000000000000000000000000000001110000000000000000000000000000001000100000000000000000000000000
LOG 3097650 us Sab1 CORRUPTING bit: 89 of Packet: 27 with ERROR_BIT: 0.006
LOG 3097650 us Sab1 CORRUPTED Packet: 27
LOG 3097650 us Sab1 000011101001000010111100010100101000000000000000000000000000000010000000000000000000000001000000010000000000000000000000000000001110000000000000000000000000000001000100000000000000000000000000
[Central]  RECEIVED 	From 1		Data "	Size 24	  Sequence Number 7	(3097650 us)
[Central]  SENDING 		To 33554433	ACK 	Size 24	  Sequence Number 3	(3097650 us)

		Error - Wrong ACK --- Expected : 4, Actual : 3 -- the ACK will be discarded

[Local]   SENDING 		To 2	Data +	Size 24	  Sequence Number 5	(3288750 us)
LOG 3289700 us Sab1 ORIGINAL Packet: 29
LOG 3289700 us Sab1 000011101001000010111100010100101000000000000000000000000000000010000000000000000000000000000000010000000000000000000000000000000010000000000000000000000000000001100100000000000000000000000000
LOG 3289700 us Sab1 CORRUPTING bit: 158 of Packet: 29 with ERROR_BIT: 0.006
LOG 3289700 us Sab1 CORRUPTED Packet: 29
LOG 3289700 us Sab1 000011101001000010111100010100101000000000000000000000000000000010000000000000000000000000000000010000000000000000000000000000000010000000000000000000000000001001100100000000000000000000000000
[Central]  RECEIVED 	From 1		Data &	Size 24	  Sequence Number 1073741828	(3289700 us)
[Central]  SENDING 		To 1	ACK 	Size 24	  Sequence Number 3	(3289700 us)

		Error - Wrong ACK --- Expected : 4, Actual : 3 -- the ACK will be discarded

[Local]   SENDING 		To 2	Data #	Size 24	  Sequence Number 6	(3480800 us)
LOG 3481750 us Sab1 ORIGINAL Packet: 31
LOG 3481750 us Sab1 000011101001000010111100010100101000000000000000000000000000000010000000000000000000000000000000010000000000000000000000000000001010000000000000000000000000000011010100000000000000000000000000
LOG 3481750 us Sab1 CORRUPTING bit: 149 of Packet: 31 with ERROR_BIT: 0.006
LOG 3481750 us Sab1 CORRUPTED Packet: 31
LOG 3481750 us Sab1 000011101001000010111100010100101000000000000000000000000000000010000000000000000000000000000000010000000000000000000000000000001010000000000000000001000000000011010100000000000000000000000000
[Central]  RECEIVED 	From 1		Data +	Size 24	  Sequence Number 2097157	(3481750 us)
[Central]  SENDING 		To 1	ACK 	Size 24	  Sequence Number 3	(3481750 us)

		Error - Wrong ACK --- Expected : 4, Actual : 3 -- the ACK will be discarded

[Local]   SENDING 		To 2	Data "	Size 24	  Sequence Number 7	(3672850 us)
LOG 3673800 us Sab1 ORIGINAL Packet: 33
LOG 3673800 us Sab1 000011101001000010111100010100101000000000000000000000000000000010000000000000000000000000000000010000000000000000000000000000000110000000000000000000000000000011000100000000000000000000000000
LOG 3673800 us Sab1 CORRUPTING bit: 112 of Packet: 33 with ERROR_BIT: 0.006
LOG 3673800 us Sab1 CORRUPTED Packet: 33
LOG 3673800 us Sab1 000011101001000010111100010100101000000000000000000000000000000010000000000000000000000000000000010000000000000010000000000000000110000000000000000000000000000011000100000000000000000000000000
[Central]  RECEIVED 	From 1		Data #	Size 24	  Sequence Number 6	(3673800 us)
[Central]  SENDING 		To 1	ACK 	Size 24	  Sequence Number 3	(3673800 us)

		Error - Wrong ACK --- Expected : 4, Actual : 3 -- the ACK will be discarded


		@@@@ timeout 4@@@@
		nextSNTemp : 8, nextSN : 4

[Local]   SENDING 		To 2	Data &	Size 24	  Sequence Number 4	(3864900 us)
LOG 3865850 us Sab1 ORIGINAL Packet: 35
LOG 3865850 us Sab1 000011101001000010111100010100101000000000000000000000000000000010000000000000000000000000000000010000000000000000000000000000001110000000000000000000000000000001000100000000000000000000000000
LOG 3865850 us Sab1 CORRUPTED Packet: 35
LOG 3865850 us Sab1 000011101001000010111100010100101000000000000000000000000000000010000000000000000000000000000000010000000000000000000000000000001110000000000000000000000000000001000100000000000000000000000000
[Central]  RECEIVED 	From 1		Data "	Size 24	  Sequence Number 7	(3865850 us)
[Central]  SENDING 		To 1	ACK 	Size 24	  Sequence Number 3	(3865850 us)

		Error - Wrong ACK --- Expected : 4, Actual : 3 -- the ACK will be discarded

[Local]   SENDING 		To 2	Data +	Size 24	  Sequence Number 5	(4056950 us)
LOG 4057900 us Sab1 ORIGINAL Packet: 37
LOG 4057900 us Sab1 000011101001000010111100010100101000000000000000000000000000000010000000000000000000000000000000010000000000000000000000000000000010000000000000000000000000000001100100000000000000000000000000
LOG 4057900 us Sab1 CORRUPTING bit: 46 of Packet: 37 with ERROR_BIT: 0.006
LOG 4057900 us Sab1 CORRUPTED Packet: 37
LOG 4057900 us Sab1 000011101001000010111100010100101000000000000010000000000000000010000000000000000000000000000000010000000000000000000000000000000010000000000000000000000000000001100100000000000000000000000000
[Central]  RECEIVED 	From 16385		Data &	Size 24	  Sequence Number 4	(4057900 us)
[Central]  SENDING 		To 1	ACK 	Size 24	  Sequence Number 3	(4057900 us)

		Error - Wrong ACK --- Expected : 4, Actual : 3 -- the ACK will be discarded

[Local]   SENDING 		To 2	Data #	Size 24	  Sequence Number 6	(4249 ms)
LOG 4249950 us Sab1 ORIGINAL Packet: 39
LOG 4249950 us Sab1 000011101001000010111100010100101000000000000000000000000000000010000000000000000000000000000000010000000000000000000000000000001010000000000000000000000000000011010100000000000000000000000000
LOG 4249950 us Sab1 CORRUPTING bit: 142 of Packet: 39 with ERROR_BIT: 0.006
LOG 4249950 us Sab1 CORRUPTING bit: 164 of Packet: 39 with ERROR_BIT: 0.006
LOG 4249950 us Sab1 CORRUPTED Packet: 39
LOG 4249950 us Sab1 000011101001000010111100010100101000000000000000000000000000000010000000000000000000000000000000010000000000000000000000000000001010000000000010000000000000000011011100000000000000000000000000
[Central]  RECEIVED 	From 1		Data ;	Size 24	  Sequence Number 16389	(4249950 us)
[Central]  SENDING 		To 1	ACK 	Size 24	  Sequence Number 3	(4249950 us)

		Error - Wrong ACK --- Expected : 4, Actual : 3 -- the ACK will be discarded

[Local]   SENDING 		To 2	Data "	Size 24	  Sequence Number 7	(4441050 us)
LOG 4442 ms Sab1 ORIGINAL Packet: 41
LOG 4442 ms Sab1 000011101001000010111100010100101000000000000000000000000000000010000000000000000000000000000000010000000000000000000000000000000110000000000000000000000000000011000100000000000000000000000000
LOG 4442 ms Sab1 CORRUPTED Packet: 41
LOG 4442 ms Sab1 000011101001000010111100010100101000000000000000000000000000000010000000000000000000000000000000010000000000000000000000000000000110000000000000000000000000000011000100000000000000000000000000
[Central]  RECEIVED 	From 1		Data #	Size 24	  Sequence Number 6	(4442 ms)
[Central]  SENDING 		To 1	ACK 	Size 24	  Sequence Number 3	(4442 ms)

		Error - Wrong ACK --- Expected : 4, Actual : 3 -- the ACK will be discarded


		@@@@ timeout 4@@@@
		nextSNTemp : 8, nextSN : 4

[Local]   SENDING 		To 2	Data &	Size 24	  Sequence Number 4	(4633100 us)
LOG 4634050 us Sab1 ORIGINAL Packet: 43
LOG 4634050 us Sab1 000011101001000010111100010100101000000000000000000000000000000010000000000000000000000000000000010000000000000000000000000000001110000000000000000000000000000001000100000000000000000000000000
LOG 4634050 us Sab1 CORRUPTING bit: 96 of Packet: 43 with ERROR_BIT: 0.006
LOG 4634050 us Sab1 CORRUPTED Packet: 43
LOG 4634050 us Sab1 000011101001000010111100010100101000000000000000000000000000000010000000000000000000000000000000110000000000000000000000000000001110000000000000000000000000000001000100000000000000000000000000
[Central]  RECEIVED 	From 1		Data "	Size 24	  Sequence Number 7	(4634050 us)
[Central]  SENDING 		To 1	ACK 	Size 24	  Sequence Number 3	(4634050 us)

		Error - Wrong ACK --- Expected : 4, Actual : 3 -- the ACK will be discarded

[Local]   SENDING 		To 2	Data +	Size 24	  Sequence Number 5	(4825150 us)
LOG 4826100 us Sab1 ORIGINAL Packet: 45
LOG 4826100 us Sab1 000011101001000010111100010100101000000000000000000000000000000010000000000000000000000000000000010000000000000000000000000000000010000000000000000000000000000001100100000000000000000000000000
LOG 4826100 us Sab1 CORRUPTING bit: 27 of Packet: 45 with ERROR_BIT: 0.006
LOG 4826100 us Sab1 CORRUPTING bit: 128 of Packet: 45 with ERROR_BIT: 0.006
LOG 4826100 us Sab1 CORRUPTING bit: 146 of Packet: 45 with ERROR_BIT: 0.006
LOG 4826100 us Sab1 CORRUPTED Packet: 45
LOG 4826100 us Sab1 000011101001000010111100010000101000000000000000000000000000000010000000000000000000000000000000010000000000000000000000000000001010000000000000001000000000000001100100000000000000000000000000
[Central]  RECEIVED 	From 1		Data &	Size 24	  Sequence Number 262149	(4826100 us)
[Central]  SENDING 		To 1	ACK 	Size 24	  Sequence Number 3	(4826100 us)

		Error - Wrong ACK --- Expected : 4, Actual : 3 -- the ACK will be discarded

[Local]   SENDING 		To 2	Data #	Size 24	  Sequence Number 6	(5017200 us)
LOG 5018150 us Sab1 ORIGINAL Packet: 47
LOG 5018150 us Sab1 000011101001000010111100010100101000000000000000000000000000000010000000000000000000000000000000010000000000000000000000000000001010000000000000000000000000000011010100000000000000000000000000
LOG 5018150 us Sab1 CORRUPTING bit: 174 of Packet: 47 with ERROR_BIT: 0.006
LOG 5018150 us Sab1 CORRUPTED Packet: 47
LOG 5018150 us Sab1 000011101001000010111100010100101000000000000000000000000000000010000000000000000000000000000000010000000000000000000000000000001010000000000000000000000000000011010100000000100000000000000000
[Central]  RECEIVED 	From 1		Data +	Size 24	  Sequence Number 5	(5018150 us)
[Central]  SENDING 		To 1	ACK 	Size 24	  Sequence Number 3	(5018150 us)

		Error - Wrong ACK --- Expected : 4, Actual : 3 -- the ACK will be discarded

[Local]   SENDING 		To 2	Data "	Size 24	  Sequence Number 7	(5209250 us)
LOG 5210200 us Sab1 ORIGINAL Packet: 49
LOG 5210200 us Sab1 000011101001000010111100010100101000000000000000000000000000000010000000000000000000000000000000010000000000000000000000000000000110000000000000000000000000000011000100000000000000000000000000
LOG 5210200 us Sab1 CORRUPTED Packet: 49
LOG 5210200 us Sab1 000011101001000010111100010100101000000000000000000000000000000010000000000000000000000000000000010000000000000000000000000000000110000000000000000000000000000011000100000000000000000000000000
[Central]  RECEIVED 	From 1		Data #	Size 24	  Sequence Number 6	(5210200 us)
[Central]  SENDING 		To 1	ACK 	Size 24	  Sequence Number 3	(5210200 us)

		Error - Wrong ACK --- Expected : 4, Actual : 3 -- the ACK will be discarded


		@@@@ timeout 4@@@@
		nextSNTemp : 8, nextSN : 4

[Local]   SENDING 		To 2	Data &	Size 24	  Sequence Number 4	(5401300 us)
LOG 5402250 us Sab1 ORIGINAL Packet: 51
LOG 5402250 us Sab1 000011101001000010111100010100101000000000000000000000000000000010000000000000000000000000000000010000000000000000000000000000001110000000000000000000000000000001000100000000000000000000000000
LOG 5402250 us Sab1 CORRUPTING bit: 95 of Packet: 51 with ERROR_BIT: 0.006
LOG 5402250 us Sab1 CORRUPTED Packet: 51
LOG 5402250 us Sab1 000011101001000010111100010100101000000000000000000000000000000010000000000000000000000000000001010000000000000000000000000000001110000000000000000000000000000001000100000000000000000000000000
[Central]  RECEIVED 	From 1		Data "	Size 24	  Sequence Number 7	(5402250 us)
[Central]  SENDING 		To 2147483649	ACK 	Size 24	  Sequence Number 3	(5402250 us)

		Error - Wrong ACK --- Expected : 4, Actual : 3 -- the ACK will be discarded

[Local]   SENDING 		To 2	Data +	Size 24	  Sequence Number 5	(5593350 us)
LOG 5594300 us Sab1 ORIGINAL Packet: 53
LOG 5594300 us Sab1 000011101001000010111100010100101000000000000000000000000000000010000000000000000000000000000000010000000000000000000000000000000010000000000000000000000000000001100100000000000000000000000000
LOG 5594300 us Sab1 CORRUPTING bit: 180 of Packet: 53 with ERROR_BIT: 0.006
LOG 5594300 us Sab1 CORRUPTED Packet: 53
LOG 5594300 us Sab1 000011101001000010111100010100101000000000000000000000000000000010000000000000000000000000000000010000000000000000000000000000000010000000000000000000000000000001100100000000000000100000000000
[Central]  RECEIVED 	From 1		Data &	Size 24	  Sequence Number 4	(5594300 us)
[Central]  SENDING 		To 1	ACK 	Size 24	  Sequence Number 3	(5594300 us)

		Error - Wrong ACK --- Expected : 4, Actual : 3 -- the ACK will be discarded

[Local]   SENDING 		To 2	Data #	Size 24	  Sequence Number 6	(5785400 us)
LOG 5786350 us Sab1 ORIGINAL Packet: 55
LOG 5786350 us Sab1 000011101001000010111100010100101000000000000000000000000000000010000000000000000000000000000000010000000000000000000000000000001010000000000000000000000000000011010100000000000000000000000000
LOG 5786350 us Sab1 CORRUPTED Packet: 55
LOG 5786350 us Sab1 000011101001000010111100010100101000000000000000000000000000000010000000000000000000000000000000010000000000000000000000000000001010000000000000000000000000000011010100000000000000000000000000
[Central]  RECEIVED 	From 1		Data +	Size 24	  Sequence Number 5	(5786350 us)
[Central]  SENDING 		To 1	ACK 	Size 24	  Sequence Number 3	(5786350 us)

		Error - Wrong ACK --- Expected : 4, Actual : 3 -- the ACK will be discarded

[Local]   SENDING 		To 2	Data "	Size 24	  Sequence Number 7	(5977450 us)
LOG 5978400 us Sab1 ORIGINAL Packet: 57
LOG 5978400 us Sab1 000011101001000010111100010100101000000000000000000000000000000010000000000000000000000000000000010000000000000000000000000000000110000000000000000000000000000011000100000000000000000000000000
LOG 5978400 us Sab1 CORRUPTING bit: 18 of Packet: 57 with ERROR_BIT: 0.006
LOG 5978400 us Sab1 CORRUPTING bit: 156 of Packet: 57 with ERROR_BIT: 0.006
LOG 5978400 us Sab1 CORRUPTED Packet: 57
LOG 5978400 us Sab1 000011101001000010011100010100101000000000000000000000000000000010000000000000000000000000000000010000000000000000000000000000000110000000000000000000000000100011000100000000000000000000000000
[Central]  RECEIVED 	From 1		Data #	Size 24	  Sequence Number 268435462	(5978400 us)
[Central]  SENDING 		To 1	ACK 	Size 24	  Sequence Number 3	(5978400 us)

		Error - Wrong ACK --- Expected : 4, Actual : 3 -- the ACK will be discarded


		@@@@ timeout 4@@@@
		nextSNTemp : 8, nextSN : 4

[Local]   SENDING 		To 2	Data &	Size 24	  Sequence Number 4	(6169500 us)
LOG 6170450 us Sab1 ORIGINAL Packet: 59
LOG 6170450 us Sab1 000011101001000010111100010100101000000000000000000000000000000010000000000000000000000000000000010000000000000000000000000000001110000000000000000000000000000001000100000000000000000000000000
LOG 6170450 us Sab1 CORRUPTING bit: 160 of Packet: 59 with ERROR_BIT: 0.006
LOG 6170450 us Sab1 CORRUPTED Packet: 59
LOG 6170450 us Sab1 000011101001000010111100010100101000000000000000000000000000000010000000000000000000000000000000010000000000000000000000000000001110000000000000000000000000000011000100000000000000000000000000
[Central]  RECEIVED 	From 1		Data #	Size 24	  Sequence Number 7	(6170450 us)
[Central]  SENDING 		To 1	ACK 	Size 24	  Sequence Number 3	(6170450 us)

		Error - Wrong ACK --- Expected : 4, Actual : 3 -- the ACK will be discarded

[Local]   SENDING 		To 2	Data +	Size 24	  Sequence Number 5	(6361550 us)
LOG 6362500 us Sab1 ORIGINAL Packet: 61
LOG 6362500 us Sab1 000011101001000010111100010100101000000000000000000000000000000010000000000000000000000000000000010000000000000000000000000000000010000000000000000000000000000001100100000000000000000000000000
LOG 6362500 us Sab1 CORRUPTED Packet: 61
LOG 6362500 us Sab1 000011101001000010111100010100101000000000000000000000000000000010000000000000000000000000000000010000000000000000000000000000000010000000000000000000000000000001100100000000000000000000000000
[Central]  RECEIVED 	From 1		Data &	Size 24	  Sequence Number 4	(6362500 us)
[Central]  SENDING 		To 1	ACK 	Size 24	  Sequence Number 3	(6362500 us)

		Error - Wrong ACK --- Expected : 4, Actual : 3 -- the ACK will be discarded

[Local]   SENDING 		To 2	Data #	Size 24	  Sequence Number 6	(6553600 us)
LOG 6554550 us Sab1 ORIGINAL Packet: 63
LOG 6554550 us Sab1 000011101001000010111100010100101000000000000000000000000000000010000000000000000000000000000000010000000000000000000000000000001010000000000000000000000000000011010100000000000000000000000000
LOG 6554550 us Sab1 CORRUPTING bit: 44 of Packet: 63 with ERROR_BIT: 0.006
LOG 6554550 us Sab1 CORRUPTING bit: 181 of Packet: 63 with ERROR_BIT: 0.006
LOG 6554550 us Sab1 CORRUPTED Packet: 63
LOG 6554550 us Sab1 000011101001000010111100010100101000000000001000000000000000000010000000000000000000000000000000010000000000000000000000000000001010000000000000000000000000000011010100000000000000010000000000
[Central]  RECEIVED 	From 4097		Data +	Size 24	  Sequence Number 5	(6554550 us)
[Central]  SENDING 		To 1	ACK 	Size 24	  Sequence Number 3	(6554550 us)

		Error - Wrong ACK --- Expected : 4, Actual : 3 -- the ACK will be discarded

[Local]   SENDING 		To 2	Data "	Size 24	  Sequence Number 7	(6745650 us)
LOG 6746600 us Sab1 ORIGINAL Packet: 65
LOG 6746600 us Sab1 000011101001000010111100010100101000000000000000000000000000000010000000000000000000000000000000010000000000000000000000000000000110000000000000000000000000000011000100000000000000000000000000
LOG 6746600 us Sab1 CORRUPTING bit: 9 of Packet: 65 with ERROR_BIT: 0.006
LOG 6746600 us Sab1 CORRUPTING bit: 30 of Packet: 65 with ERROR_BIT: 0.006
LOG 6746600 us Sab1 CORRUPTING bit: 162 of Packet: 65 with ERROR_BIT: 0.006
LOG 6746600 us Sab1 CORRUPTED Packet: 65
LOG 6746600 us Sab1 000011101101000010111100010100001000000000000000000000000000000010000000000000000000000000000000010000000000000000000000000000000110000000000000000000000000000011100100000000000000000000000000
[Central]  RECEIVED 	From 1		Data '	Size 24	  Sequence Number 6	(6746600 us)
[Central]  SENDING 		To 1	ACK 	Size 24	  Sequence Number 3	(6746600 us)

		Error - Wrong ACK --- Expected : 4, Actual : 3 -- the ACK will be discarded


		@@@@ timeout 4@@@@
		nextSNTemp : 8, nextSN : 4

[Local]   SENDING 		To 2	Data &	Size 24	  Sequence Number 4	(6937700 us)
LOG 6938650 us Sab1 ORIGINAL Packet: 67
LOG 6938650 us Sab1 000011101001000010111100010100101000000000000000000000000000000010000000000000000000000000000000010000000000000000000000000000001110000000000000000000000000000001000100000000000000000000000000
LOG 6938650 us Sab1 CORRUPTING bit: 22 of Packet: 67 with ERROR_BIT: 0.006
LOG 6938650 us Sab1 CORRUPTED Packet: 67
LOG 6938650 us Sab1 000011101001000010111110010100101000000000000000000000000000000010000000000000000000000000000000010000000000000000000000000000001110000000000000000000000000000001000100000000000000000000000000
[Central]  RECEIVED 	From 1		Data "	Size 24	  Sequence Number 7	(6938650 us)
[Central]  SENDING 		To 1	ACK 	Size 24	  Sequence Number 3	(6938650 us)

		Error - Wrong ACK --- Expected : 4, Actual : 3 -- the ACK will be discarded

[Local]   SENDING 		To 2	Data +	Size 24	  Sequence Number 5	(7129750 us)
LOG 7130700 us Sab1 ORIGINAL Packet: 69
LOG 7130700 us Sab1 000011101001000010111100010100101000000000000000000000000000000010000000000000000000000000000000010000000000000000000000000000000010000000000000000000000000000001100100000000000000000000000000
LOG 7130700 us Sab1 CORRUPTING bit: 17 of Packet: 69 with ERROR_BIT: 0.006
LOG 7130700 us Sab1 CORRUPTING bit: 146 of Packet: 69 with ERROR_BIT: 0.006
LOG 7130700 us Sab1 CORRUPTED Packet: 69
LOG 7130700 us Sab1 000011101001000011111100010100101000000000000000000000000000000010000000000000000000000000000000010000000000000000000000000000000010000000000000001000000000000001100100000000000000000000000000
[Central]  RECEIVED 	From 1		Data &	Size 24	  Sequence Number 262148	(7130700 us)
[Central]  SENDING 		To 1	ACK 	Size 24	  Sequence Number 3	(7130700 us)

		Error - Wrong ACK --- Expected : 4, Actual : 3 -- the ACK will be discarded

[Local]   SENDING 		To 2	Data #	Size 24	  Sequence Number 6	(7321800 us)
LOG 7322750 us Sab1 ORIGINAL Packet: 71
LOG 7322750 us Sab1 000011101001000010111100010100101000000000000000000000000000000010000000000000000000000000000000010000000000000000000000000000001010000000000000000000000000000011010100000000000000000000000000
LOG 7322750 us Sab1 CORRUPTING bit: 127 of Packet: 71 with ERROR_BIT: 0.006
LOG 7322750 us Sab1 CORRUPTED Packet: 71
LOG 7322750 us Sab1 000011101001000010111100010100101000000000000000000000000000000010000000000000000000000000000000010000000000000000000000000000011010000000000000000000000000000011010100000000000000000000000000
[Central]  RECEIVED 	From 1		Data +	Size 24	  Sequence Number 5	(7322750 us)
[Central]  SENDING 		To 1	ACK 	Size 24	  Sequence Number 3	(7322750 us)

		Error - Wrong ACK --- Expected : 4, Actual : 3 -- the ACK will be discarded

[Local]   SENDING 		To 2	Data "	Size 24	  Sequence Number 7	(7513850 us)
LOG 7514800 us Sab1 ORIGINAL Packet: 73
LOG 7514800 us Sab1 000011101001000010111100010100101000000000000000000000000000000010000000000000000000000000000000010000000000000000000000000000000110000000000000000000000000000011000100000000000000000000000000
LOG 7514800 us Sab1 CORRUPTING bit: 84 of Packet: 73 with ERROR_BIT: 0.006
LOG 7514800 us Sab1 CORRUPTED Packet: 73
LOG 7514800 us Sab1 000011101001000010111100010100101000000000000000000000000000000010000000000000000000100000000000010000000000000000000000000000000110000000000000000000000000000011000100000000000000000000000000
[Central]  RECEIVED 	From 1		Data #	Size 24	  Sequence Number 6	(7514800 us)
[Central]  SENDING 		To 1048577	ACK 	Size 24	  Sequence Number 3	(7514800 us)

		Error - Wrong ACK --- Expected : 4, Actual : 3 -- the ACK will be discarded


		@@@@ timeout 4@@@@
		nextSNTemp : 8, nextSN : 4

[Local]   SENDING 		To 2	Data &	Size 24	  Sequence Number 4	(7705900 us)
LOG 7706850 us Sab1 ORIGINAL Packet: 75
LOG 7706850 us Sab1 000011101001000010111100010100101000000000000000000000000000000010000000000000000000000000000000010000000000000000000000000000001110000000000000000000000000000001000100000000000000000000000000
LOG 7706850 us Sab1 CORRUPTING bit: 123 of Packet: 75 with ERROR_BIT: 0.006
LOG 7706850 us Sab1 CORRUPTED Packet: 75
LOG 7706850 us Sab1 000011101001000010111100010100101000000000000000000000000000000010000000000000000000000000000000010000000000000000000000000100001110000000000000000000000000000001000100000000000000000000000000
[Central]  RECEIVED 	From 1		Data "	Size 24	  Sequence Number 7	(7706850 us)
[Central]  SENDING 		To 1	ACK 	Size 24	  Sequence Number 3	(7706850 us)

		Error - Wrong ACK --- Expected : 4, Actual : 3 -- the ACK will be discarded

[Local]   SENDING 		To 2	Data +	Size 24	  Sequence Number 5	(7897950 us)
LOG 7898900 us Sab1 ORIGINAL Packet: 77
LOG 7898900 us Sab1 000011101001000010111100010100101000000000000000000000000000000010000000000000000000000000000000010000000000000000000000000000000010000000000000000000000000000001100100000000000000000000000000
LOG 7898900 us Sab1 CORRUPTED Packet: 77
LOG 7898900 us Sab1 000011101001000010111100010100101000000000000000000000000000000010000000000000000000000000000000010000000000000000000000000000000010000000000000000000000000000001100100000000000000000000000000
[Central]  RECEIVED 	From 1		Data &	Size 24	  Sequence Number 4	(7898900 us)
[Central]  SENDING 		To 1	ACK 	Size 24	  Sequence Number 3	(7898900 us)

		Error - Wrong ACK --- Expected : 4, Actual : 3 -- the ACK will be discarded


Info: /OSCI/SystemC: Simulation stopped by user.
