
Local   <-->  Central with FullDuplex channel

+----------------------------------------------------------------------------------------------+
|TASK     ACTION        FROM    TO      DATA    SIZE      SEQUENCE NUMBER       TIME STAMP     |
+----------------------------------------------------------------------------------------------+
[Local]   SENDING 		To 2	Data "	Size 24	  Sequence Number 1	(50 us)
[Local]   SENDING 		To 2	Data %	Size 24	  Sequence Number 2	(192100 us)
LOG 193050 us Sab1 ORIGINAL Packet: 0
LOG 193050 us Sab1 000011101001100110001100000001001000000000000000000000000000000010000000000000000000000000000000010000000000000000000000000000001000000000000000000000000000000001000100000000000000000000000000
LOG 193050 us Sab1 CORRUPTED Packet: 0
LOG 193050 us Sab1 000011101001100110001100000001001000000000000000000000000000000010000000000000000000000000000000010000000000000000000000000000001000000000000000000000000000000001000100000000000000000000000000
[Central]  RECEIVED 	From 1		Data "	Size 24	  Sequence Number 1	(193050 us)
[Central]  SENDING 		To 1	ACK 	Size 24	  Sequence Number 1	(193050 us)
LOG 385100 us Sab1 ORIGINAL Packet: 1
LOG 385100 us Sab1 000011101001100110001100000001001000000000000000000000000000000010000000000000000000000000000000010000000000000000000000000000000100000000000000000000000000000010100100000000000000000000000000
LOG 385100 us Sab1 CORRUPTED Packet: 1
LOG 385100 us Sab1 000011101001100110001100000001001000000000000000000000000000000010000000000000000000000000000000010000000000000000000000000000000100000000000000000000000000000010100100000000000000000000000000
[Local]   RECEIVED 	From 2		ACK 	Size 24	  Sequence Number 1	(386050 us)

		RTT of packet with SN 1 : 386050 us
		BASE : 2	NEXTSN : 3


		@@@@ timeout 1@@@@
		nextSNTemp : 5, nextSN : 1


		@@@@ timeout 2@@@@
		nextSNTemp : 6, nextSN : 2

[Local]   SENDING 		To 2	Data *	Size 24	  Sequence Number 3	(792150 us)
[Local]   SENDING 		To 2	Data &	Size 24	  Sequence Number 4	(984200 us)
LOG 985150 us Sab1 ORIGINAL Packet: 3
LOG 985150 us Sab1 000011101001100110001100000001001000000000000000000000000000000010000000000000000000000000000000010000000000000000000000000000001100000000000000000000000000000001010100000000000000000000000000
LOG 985150 us Sab1 CORRUPTED Packet: 3
LOG 985150 us Sab1 000011101001100110001100000001001000000000000000000000000000000010000000000000000000000000000000010000000000000000000000000000001100000000000000000000000000000001010100000000000000000000000000
[Central]  RECEIVED 	From 1		Data *	Size 24	  Sequence Number 3	(985150 us)
[Central]  SENDING 		To 1	ACK 	Size 24	  Sequence Number 1	(985150 us)
[Local]   SENDING 		To 2	Data +	Size 24	  Sequence Number 5	(1176250 us)
LOG 1177200 us Sab1 ORIGINAL Packet: 4
LOG 1177200 us Sab1 000011101001100110001100000001001000000000000000000000000000000010000000000000000000000000000000010000000000000000000000000000000010000000000000000000000000000001100100000000000000000000000000
LOG 1177200 us Sab1 CORRUPTED Packet: 4
LOG 1177200 us Sab1 000011101001100110001100000001001000000000000000000000000000000010000000000000000000000000000000010000000000000000000000000000000010000000000000000000000000000001100100000000000000000000000000
[Central]  RECEIVED 	From 1		Data &	Size 24	  Sequence Number 4	(1177200 us)
[Central]  SENDING 		To 1	ACK 	Size 24	  Sequence Number 1	(1177200 us)

		Error - Wrong ACK --- Expected : 2, Actual : 1 -- the ACK will be discarded

[Local]   SENDING 		To 2	Data #	Size 24	  Sequence Number 6	(1368300 us)
LOG 1369250 us Sab1 ORIGINAL Packet: 6
LOG 1369250 us Sab1 000011101001100110001100000001001000000000000000000000000000000010000000000000000000000000000000010000000000000000000000000000001010000000000000000000000000000011010100000000000000000000000000
LOG 1369250 us Sab1 CORRUPTED Packet: 6
LOG 1369250 us Sab1 000011101001100110001100000001001000000000000000000000000000000010000000000000000000000000000000010000000000000000000000000000001010000000000000000000000000000011010100000000000000000000000000
[Central]  RECEIVED 	From 1		Data +	Size 24	  Sequence Number 5	(1369250 us)
[Central]  SENDING 		To 1	ACK 	Size 24	  Sequence Number 1	(1369250 us)

		Error - Wrong ACK --- Expected : 2, Actual : 1 -- the ACK will be discarded


		@@@@ timeout 2@@@@
		nextSNTemp : 6, nextSN : 2

[Local]   SENDING 		To 2	Data %	Size 24	  Sequence Number 2	(1560350 us)
LOG 1561300 us Sab1 ORIGINAL Packet: 8
LOG 1561300 us Sab1 000011101001100110001100000001001000000000000000000000000000000010000000000000000000000000000000010000000000000000000000000000000110000000000000000000000000000011000100000000000000000000000000
LOG 1561300 us Sab1 CORRUPTED Packet: 8
LOG 1561300 us Sab1 000011101001100110001100000001001000000000000000000000000000000010000000000000000000000000000000010000000000000000000000000000000110000000000000000000000000000011000100000000000000000000000000

		@@@@ timeout 1@@@@
		nextSNTemp : 5, nextSN : 1


		Error - Wrong ACK --- Expected : 2, Actual : 1 -- the ACK will be discarded

[Local]   SENDING 		To 2	Data *	Size 24	  Sequence Number 3	(1752400 us)
LOG 1753350 us Sab1 ORIGINAL Packet: 10
LOG 1753350 us Sab1 000011101001100110001100000001001000000000000000000000000000000010000000000000000000000000000000010000000000000000000000000000000100000000000000000000000000000010100100000000000000000000000000
LOG 1753350 us Sab1 CORRUPTED Packet: 10
LOG 1753350 us Sab1 000011101001100110001100000001001000000000000000000000000000000010000000000000000000000000000000010000000000000000000000000000000100000000000000000000000000000010100100000000000000000000000000
[Central]  RECEIVED 	From 1		Data %	Size 24	  Sequence Number 2	(1753350 us)
[Central]  SENDING 		To 1	ACK 	Size 24	  Sequence Number 2	(1753350 us)
[Local]   SENDING 		To 2	Data &	Size 24	  Sequence Number 4	(1944450 us)
LOG 1945400 us Sab1 ORIGINAL Packet: 11
LOG 1945400 us Sab1 000011101001100110001100000001001000000000000000000000000000000010000000000000000000000000000000010000000000000000000000000000001100000000000000000000000000000001010100000000000000000000000000
LOG 1945400 us Sab1 CORRUPTED Packet: 11
LOG 1945400 us Sab1 000011101001100110001100000001001000000000000000000000000000000010000000000000000000000000000000010000000000000000000000000000001100000000000000000000000000000001010100000000000000000000000000
[Local]   RECEIVED 	From 2		ACK 	Size 24	  Sequence Number 2	(1946350 us)

		RTT of packet with SN 2 : 386 ms
		BASE : 3	NEXTSN : 5

[Local]   SENDING 		To 2	Data +	Size 24	  Sequence Number 5	(2136500 us)
LOG 2137450 us Sab1 ORIGINAL Packet: 13
LOG 2137450 us Sab1 000011101001100110001100000001001000000000000000000000000000000010000000000000000000000000000000010000000000000000000000000000000010000000000000000000000000000001100100000000000000000000000000
LOG 2137450 us Sab1 CORRUPTED Packet: 13
LOG 2137450 us Sab1 000011101001100110001100000001001000000000000000000000000000000010000000000000000000000000000000010000000000000000000000000000000010000000000000000000000000000001100100000000000000000000000000

		@@@@ timeout 1@@@@
		nextSNTemp : 5, nextSN : 1

[Local]   SENDING 		To 2	Data "	Size 24	  Sequence Number 7	(2328550 us)
LOG 2329500 us Sab1 ORIGINAL Packet: 14
LOG 2329500 us Sab1 000011101001100110001100000001001000000000000000000000000000000010000000000000000000000000000000010000000000000000000000000000001010000000000000000000000000000011010100000000000000000000000000
LOG 2329500 us Sab1 CORRUPTED Packet: 14
LOG 2329500 us Sab1 000011101001100110001100000001001000000000000000000000000000000010000000000000000000000000000000010000000000000000000000000000001010000000000000000000000000000011010100000000000000000000000000

		@@@@ timeout 3@@@@
		nextSNTemp : 7, nextSN : 3

[Local]   SENDING 		To 2	Data *	Size 24	  Sequence Number 3	(2520600 us)
LOG 2521550 us Sab1 ORIGINAL Packet: 15
LOG 2521550 us Sab1 000011101001100110001100000001001000000000000000000000000000000010000000000000000000000000000000010000000000000000000000000000001110000000000000000000000000000001000100000000000000000000000000
LOG 2521550 us Sab1 CORRUPTED Packet: 15
LOG 2521550 us Sab1 000011101001100110001100000001001000000000000000000000000000000010000000000000000000000000000000010000000000000000000000000000001110000000000000000000000000000001000100000000000000000000000000
[Local]   SENDING 		To 2	Data &	Size 24	  Sequence Number 4	(2712650 us)
LOG 2713600 us Sab1 ORIGINAL Packet: 16
LOG 2713600 us Sab1 000011101001100110001100000001001000000000000000000000000000000010000000000000000000000000000000010000000000000000000000000000001100000000000000000000000000000001010100000000000000000000000000
LOG 2713600 us Sab1 CORRUPTED Packet: 16
LOG 2713600 us Sab1 000011101001100110001100000001001000000000000000000000000000000010000000000000000000000000000000010000000000000000000000000000001100000000000000000000000000000001010100000000000000000000000000
[Central]  RECEIVED 	From 1		Data *	Size 24	  Sequence Number 3	(2713600 us)
[Central]  SENDING 		To 1	ACK 	Size 24	  Sequence Number 3	(2713600 us)
[Local]   SENDING 		To 2	Data +	Size 24	  Sequence Number 5	(2904700 us)
LOG 2905650 us Sab1 ORIGINAL Packet: 17
LOG 2905650 us Sab1 000011101001100110001100000001001000000000000000000000000000000010000000000000000000000000000000010000000000000000000000000000000010000000000000000000000000000001100100000000000000000000000000
LOG 2905650 us Sab1 CORRUPTED Packet: 17
LOG 2905650 us Sab1 000011101001100110001100000001001000000000000000000000000000000010000000000000000000000000000000010000000000000000000000000000000010000000000000000000000000000001100100000000000000000000000000

		@@@@ timeout 1@@@@
		nextSNTemp : 5, nextSN : 1

[Local]   RECEIVED 	From 2		ACK 	Size 24	  Sequence Number 3	(2906600 us)

		RTT of packet with SN 3 : 386 ms
		BASE : 4	NEXTSN : 6

[Local]   SENDING 		To 2	Data #	Size 24	  Sequence Number 6	(3096750 us)
LOG 3097700 us Sab1 ORIGINAL Packet: 19
LOG 3097700 us Sab1 000011101001100110001100000001001000000000000000000000000000000010000000000000000000000000000000010000000000000000000000000000001010000000000000000000000000000011010100000000000000000000000000
LOG 3097700 us Sab1 CORRUPTED Packet: 19
LOG 3097700 us Sab1 000011101001100110001100000001001000000000000000000000000000000010000000000000000000000000000000010000000000000000000000000000001010000000000000000000000000000011010100000000000000000000000000
[Local]   SENDING 		To 2	Data $	Size 24	  Sequence Number 8	(3288800 us)
LOG 3289750 us Sab1 ORIGINAL Packet: 20
LOG 3289750 us Sab1 000011101001100110001100000001001000000000000000000000000000000010000000000000000000000000000000010000000000000000000000000000000110000000000000000000000000000011000100000000000000000000000000
LOG 3289750 us Sab1 CORRUPTED Packet: 20
LOG 3289750 us Sab1 000011101001100110001100000001001000000000000000000000000000000010000000000000000000000000000000010000000000000000000000000000000110000000000000000000000000000011000100000000000000000000000000
[Central]  RECEIVED 	From 1		Data #	Size 24	  Sequence Number 6	(3289750 us)
[Central]  SENDING 		To 1	ACK 	Size 24	  Sequence Number 3	(3289750 us)

		@@@@ timeout 4@@@@
		nextSNTemp : 8, nextSN : 4

[Local]   SENDING 		To 2	Data &	Size 24	  Sequence Number 4	(3480850 us)
LOG 3481800 us Sab1 ORIGINAL Packet: 21
LOG 3481800 us Sab1 000011101001100110001100000001001000000000000000000000000000000010000000000000000000000000000000010000000000000000000000000000000001000000000000000000000000000000100100000000000000000000000000
LOG 3481800 us Sab1 CORRUPTED Packet: 21
LOG 3481800 us Sab1 000011101001100110001100000001001000000000000000000000000000000010000000000000000000000000000000010000000000000000000000000000000001000000000000000000000000000000100100000000000000000000000000

		Error - Wrong ACK --- Expected : 4, Actual : 3 -- the ACK will be discarded


		@@@@ timeout 1@@@@
		nextSNTemp : 5, nextSN : 1

[Local]   SENDING 		To 2	Data +	Size 24	  Sequence Number 5	(3672900 us)
LOG 3673850 us Sab1 ORIGINAL Packet: 23
LOG 3673850 us Sab1 000011101001100110001100000001001000000000000000000000000000000010000000000000000000000000000000010000000000000000000000000000000010000000000000000000000000000001100100000000000000000000000000
LOG 3673850 us Sab1 CORRUPTED Packet: 23
LOG 3673850 us Sab1 000011101001100110001100000001001000000000000000000000000000000010000000000000000000000000000000010000000000000000000000000000000010000000000000000000000000000001100100000000000000000000000000
[Local]   SENDING 		To 2	Data #	Size 24	  Sequence Number 6	(3864950 us)
LOG 3865900 us Sab1 ORIGINAL Packet: 24
LOG 3865900 us Sab1 000011101001100110001100000001001000000000000000000000000000000010000000000000000000000000000000010000000000000000000000000000001010000000000000000000000000000011010100000000000000000000000000
LOG 3865900 us Sab1 CORRUPTED Packet: 24
LOG 3865900 us Sab1 000011101001100110001100000001001000000000000000000000000000000010000000000000000000000000000000010000000000000000000000000000001010000000000000000000000000000011010100000000000000000000000000
[Central]  RECEIVED 	From 1		Data +	Size 24	  Sequence Number 5	(3865900 us)
[Central]  SENDING 		To 1	ACK 	Size 24	  Sequence Number 3	(3865900 us)
[Local]   SENDING 		To 2	Data "	Size 24	  Sequence Number 7	(4057 ms)
LOG 4057950 us Sab1 ORIGINAL Packet: 25
LOG 4057950 us Sab1 000011101001100110001100000001001000000000000000000000000000000010000000000000000000000000000000010000000000000000000000000000000110000000000000000000000000000011000100000000000000000000000000
LOG 4057950 us Sab1 CORRUPTED Packet: 25
LOG 4057950 us Sab1 000011101001100110001100000001001000000000000000000000000000000010000000000000000000000000000000010000000000000000000000000000000110000000000000000000000000000011000100000000000000000000000000

		Error - Wrong ACK --- Expected : 4, Actual : 3 -- the ACK will be discarded


		@@@@ timeout 1@@@@
		nextSNTemp : 5, nextSN : 1


		@@@@ timeout 4@@@@
		nextSNTemp : 8, nextSN : 4

[Local]   SENDING 		To 2	Data &	Size 24	  Sequence Number 4	(4249050 us)
LOG 4250 ms Sab1 ORIGINAL Packet: 27
LOG 4250 ms Sab1 000011101001100110001100000001001000000000000000000000000000000010000000000000000000000000000000010000000000000000000000000000001110000000000000000000000000000001000100000000000000000000000000
LOG 4250 ms Sab1 CORRUPTED Packet: 27
LOG 4250 ms Sab1 000011101001100110001100000001001000000000000000000000000000000010000000000000000000000000000000010000000000000000000000000000001110000000000000000000000000000001000100000000000000000000000000
[Local]   SENDING 		To 2	Data +	Size 24	  Sequence Number 5	(4441100 us)
LOG 4442050 us Sab1 ORIGINAL Packet: 28
LOG 4442050 us Sab1 000011101001100110001100000001001000000000000000000000000000000010000000000000000000000000000000010000000000000000000000000000000010000000000000000000000000000001100100000000000000000000000000
LOG 4442050 us Sab1 CORRUPTED Packet: 28
LOG 4442050 us Sab1 000011101001100110001100000001001000000000000000000000000000000010000000000000000000000000000000010000000000000000000000000000000010000000000000000000000000000001100100000000000000000000000000
[Local]   SENDING 		To 2	Data #	Size 24	  Sequence Number 6	(4633150 us)
LOG 4634100 us Sab1 ORIGINAL Packet: 29
LOG 4634100 us Sab1 000011101001100110001100000001001000000000000000000000000000000010000000000000000000000000000000010000000000000000000000000000001010000000000000000000000000000011010100000000000000000000000000
LOG 4634100 us Sab1 CORRUPTED Packet: 29
LOG 4634100 us Sab1 000011101001100110001100000001001000000000000000000000000000000010000000000000000000000000000000010000000000000000000000000000001010000000000000000000000000000011010100000000000000000000000000

		@@@@ timeout 1@@@@
		nextSNTemp : 5, nextSN : 1

[Local]   SENDING 		To 2	Data "	Size 24	  Sequence Number 7	(4825200 us)
LOG 4826150 us Sab1 ORIGINAL Packet: 30
LOG 4826150 us Sab1 000011101001100110001100000001001000000000000000000000000000000010000000000000000000000000000000010000000000000000000000000000000110000000000000000000000000000011000100000000000000000000000000
LOG 4826150 us Sab1 CORRUPTED Packet: 30
LOG 4826150 us Sab1 000011101001100110001100000001001000000000000000000000000000000010000000000000000000000000000000010000000000000000000000000000000110000000000000000000000000000011000100000000000000000000000000

		@@@@ timeout 4@@@@
		nextSNTemp : 8, nextSN : 4

[Local]   SENDING 		To 2	Data &	Size 24	  Sequence Number 4	(5017250 us)
LOG 5018200 us Sab1 ORIGINAL Packet: 31
LOG 5018200 us Sab1 000011101001100110001100000001001000000000000000000000000000000010000000000000000000000000000000010000000000000000000000000000001110000000000000000000000000000001000100000000000000000000000000
LOG 5018200 us Sab1 CORRUPTED Packet: 31
LOG 5018200 us Sab1 000011101001100110001100000001001000000000000000000000000000000010000000000000000000000000000000010000000000000000000000000000001110000000000000000000000000000001000100000000000000000000000000
[Local]   SENDING 		To 2	Data +	Size 24	  Sequence Number 5	(5209300 us)
LOG 5210250 us Sab1 ORIGINAL Packet: 32
LOG 5210250 us Sab1 000011101001100110001100000001001000000000000000000000000000000010000000000000000000000000000000010000000000000000000000000000000010000000000000000000000000000001100100000000000000000000000000
LOG 5210250 us Sab1 CORRUPTED Packet: 32
LOG 5210250 us Sab1 000011101001100110001100000001001000000000000000000000000000000010000000000000000000000000000000010000000000000000000000000000000010000000000000000000000000000001100100000000000000000000000000
[Central]  RECEIVED 	From 1		Data &	Size 24	  Sequence Number 4	(5210250 us)
[Central]  SENDING 		To 1	ACK 	Size 24	  Sequence Number 4	(5210250 us)
[Local]   SENDING 		To 2	Data #	Size 24	  Sequence Number 6	(5401350 us)
LOG 5402300 us Sab1 ORIGINAL Packet: 33
LOG 5402300 us Sab1 000011101001100110001100000001001000000000000000000000000000000010000000000000000000000000000000010000000000000000000000000000001010000000000000000000000000000011010100000000000000000000000000
LOG 5402300 us Sab1 CORRUPTED Packet: 33
LOG 5402300 us Sab1 000011101001100110001100000001001000000000000000000000000000000010000000000000000000000000000000010000000000000000000000000000001010000000000000000000000000000011010100000000000000000000000000
[Central]  RECEIVED 	From 1		Data +	Size 24	  Sequence Number 5	(5402300 us)
[Central]  SENDING 		To 1	ACK 	Size 24	  Sequence Number 5	(5402300 us)
[Local]   RECEIVED 	From 2		ACK 	Size 24	  Sequence Number 4	(5403250 us)

		RTT of packet with SN 4 : 386 ms
		BASE : 5	NEXTSN : 7

[Local]   SENDING 		To 2	Data "	Size 24	  Sequence Number 7	(5593400 us)
LOG 5594350 us Sab1 ORIGINAL Packet: 35
LOG 5594350 us Sab1 000011101001100110001100000001001000000000000000000000000000000010000000000000000000000000000000010000000000000000000000000000000110000000000000000000000000000011000100000000000000000000000000
LOG 5594350 us Sab1 CORRUPTED Packet: 35
LOG 5594350 us Sab1 000011101001100110001100000001001000000000000000000000000000000010000000000000000000000000000000010000000000000000000000000000000110000000000000000000000000000011000100000000000000000000000000

		@@@@ timeout 1@@@@
		nextSNTemp : 5, nextSN : 1

[Local]   RECEIVED 	From 2		ACK 	Size 24	  Sequence Number 5	(5595300 us)

		RTT of packet with SN 5 : 386 ms
		BASE : 6	NEXTSN : 8

[Local]   SENDING 		To 2	Data &	Size 24	  Sequence Number 9	(5785450 us)
LOG 5786400 us Sab1 ORIGINAL Packet: 37
LOG 5786400 us Sab1 000011101001100110001100000001001000000000000000000000000000000010000000000000000000000000000000010000000000000000000000000000001110000000000000000000000000000001000100000000000000000000000000
LOG 5786400 us Sab1 CORRUPTED Packet: 37
LOG 5786400 us Sab1 000011101001100110001100000001001000000000000000000000000000000010000000000000000000000000000000010000000000000000000000000000001110000000000000000000000000000001000100000000000000000000000000
LOG 5978450 us Sab1 ORIGINAL Packet: 38
LOG 5978450 us Sab1 000011101001100110001100000001001000000000000000000000000000000010000000000000000000000000000000010000000000000000000000000000001001000000000000000000000000000001100100000000000000000000000000
LOG 5978450 us Sab1 CORRUPTED Packet: 38
LOG 5978450 us Sab1 000011101001100110001100000001001000000000000000000000000000000010000000000000000000000000000000010000000000000000000000000000001001000000000000000000000000000001100100000000000000000000000000
[Central]  RECEIVED 	From 1		Data &	Size 24	  Sequence Number 9	(5978450 us)
[Central]  SENDING 		To 1	ACK 	Size 24	  Sequence Number 5	(5978450 us)

		@@@@ timeout 6@@@@
		nextSNTemp : 10, nextSN : 6

[Local]   SENDING 		To 2	Data #	Size 24	  Sequence Number 6	(6001400 us)

		Error - Wrong ACK --- Expected : 6, Actual : 5 -- the ACK will be discarded

[Local]   SENDING 		To 2	Data "	Size 24	  Sequence Number 7	(6193450 us)
LOG 6194400 us Sab1 ORIGINAL Packet: 40
LOG 6194400 us Sab1 000011101001100110001100000001001000000000000000000000000000000010000000000000000000000000000000010000000000000000000000000000000110000000000000000000000000000011000100000000000000000000000000
LOG 6194400 us Sab1 CORRUPTED Packet: 40
LOG 6194400 us Sab1 000011101001100110001100000001001000000000000000000000000000000010000000000000000000000000000000010000000000000000000000000000000110000000000000000000000000000011000100000000000000000000000000
[Central]  RECEIVED 	From 1		Data #	Size 24	  Sequence Number 6	(6194400 us)
[Central]  SENDING 		To 1	ACK 	Size 24	  Sequence Number 6	(6194400 us)
[Local]   SENDING 		To 2	Data $	Size 24	  Sequence Number 8	(6385500 us)
LOG 6386450 us Sab1 ORIGINAL Packet: 41
LOG 6386450 us Sab1 000011101001100110001100000001001000000000000000000000000000000010000000000000000000000000000000010000000000000000000000000000001110000000000000000000000000000001000100000000000000000000000000
LOG 6386450 us Sab1 CORRUPTED Packet: 41
LOG 6386450 us Sab1 000011101001100110001100000001001000000000000000000000000000000010000000000000000000000000000000010000000000000000000000000000001110000000000000000000000000000001000100000000000000000000000000
[Central]  RECEIVED 	From 1		Data "	Size 24	  Sequence Number 7	(6386450 us)
[Central]  SENDING 		To 1	ACK 	Size 24	  Sequence Number 7	(6386450 us)
[Local]   RECEIVED 	From 2		ACK 	Size 24	  Sequence Number 6	(6387400 us)

		RTT of packet with SN 6 : 386 ms
		BASE : 7	NEXTSN : 9

[Local]   SENDING 		To 2	Data '	Size 24	  Sequence Number 10	(6577550 us)
LOG 6578500 us Sab1 ORIGINAL Packet: 43
LOG 6578500 us Sab1 000011101001100110001100000001001000000000000000000000000000000010000000000000000000000000000000010000000000000000000000000000000001000000000000000000000000000000100100000000000000000000000000
LOG 6578500 us Sab1 CORRUPTED Packet: 43
LOG 6578500 us Sab1 000011101001100110001100000001001000000000000000000000000000000010000000000000000000000000000000010000000000000000000000000000000001000000000000000000000000000000100100000000000000000000000000

		@@@@ timeout 1@@@@
		nextSNTemp : 5, nextSN : 1

[Local]   RECEIVED 	From 2		ACK 	Size 24	  Sequence Number 7	(6579450 us)

		RTT of packet with SN 7 : 386 ms
		BASE : 8	NEXTSN : 10

[Local]   SENDING 		To 2	Data ,	Size 24	  Sequence Number 11	(6769600 us)
LOG 6770550 us Sab1 ORIGINAL Packet: 45
LOG 6770550 us Sab1 000011101001100110001100000001001000000000000000000000000000000010000000000000000000000000000000010000000000000000000000000000000101000000000000000000000000000011100100000000000000000000000000
LOG 6770550 us Sab1 CORRUPTED Packet: 45
LOG 6770550 us Sab1 000011101001100110001100000001001000000000000000000000000000000010000000000000000000000000000000010000000000000000000000000000000101000000000000000000000000000011100100000000000000000000000000
LOG 6962600 us Sab1 ORIGINAL Packet: 46
LOG 6962600 us Sab1 000011101001100110001100000001001000000000000000000000000000000010000000000000000000000000000000010000000000000000000000000000001101000000000000000000000000000000110100000000000000000000000000
LOG 6962600 us Sab1 CORRUPTED Packet: 46
LOG 6962600 us Sab1 000011101001100110001100000001001000000000000000000000000000000010000000000000000000000000000000010000000000000000000000000000001101000000000000000000000000000000110100000000000000000000000000

		@@@@ timeout 8@@@@
		nextSNTemp : 12, nextSN : 8

[Local]   SENDING 		To 2	Data $	Size 24	  Sequence Number 8	(6985550 us)
[Local]   SENDING 		To 2	Data &	Size 24	  Sequence Number 9	(7177600 us)
LOG 7178550 us Sab1 ORIGINAL Packet: 47
LOG 7178550 us Sab1 000011101001100110001100000001001000000000000000000000000000000010000000000000000000000000000000010000000000000000000000000000000001000000000000000000000000000000100100000000000000000000000000
LOG 7178550 us Sab1 CORRUPTED Packet: 47
LOG 7178550 us Sab1 000011101001100110001100000001001000000000000000000000000000000010000000000000000000000000000000010000000000000000000000000000000001000000000000000000000000000000100100000000000000000000000000
[Central]  RECEIVED 	From 1		Data $	Size 24	  Sequence Number 8	(7178550 us)
[Central]  SENDING 		To 1	ACK 	Size 24	  Sequence Number 8	(7178550 us)
[Local]   SENDING 		To 2	Data '	Size 24	  Sequence Number 10	(7369650 us)
LOG 7370600 us Sab1 ORIGINAL Packet: 48
LOG 7370600 us Sab1 000011101001100110001100000001001000000000000000000000000000000010000000000000000000000000000000010000000000000000000000000000001001000000000000000000000000000001100100000000000000000000000000
LOG 7370600 us Sab1 CORRUPTED Packet: 48
LOG 7370600 us Sab1 000011101001100110001100000001001000000000000000000000000000000010000000000000000000000000000000010000000000000000000000000000001001000000000000000000000000000001100100000000000000000000000000
[Central]  RECEIVED 	From 1		Data &	Size 24	  Sequence Number 9	(7370600 us)
[Central]  SENDING 		To 1	ACK 	Size 24	  Sequence Number 9	(7370600 us)
[Local]   RECEIVED 	From 2		ACK 	Size 24	  Sequence Number 8	(7371550 us)

		RTT of packet with SN 8 : 386 ms
		BASE : 9	NEXTSN : 11

[Local]   SENDING 		To 2	Data .	Size 24	  Sequence Number 12	(7561700 us)
LOG 7562650 us Sab1 ORIGINAL Packet: 50
LOG 7562650 us Sab1 000011101001100110001100000001001000000000000000000000000000000010000000000000000000000000000000010000000000000000000000000000000101000000000000000000000000000011100100000000000000000000000000
LOG 7562650 us Sab1 CORRUPTED Packet: 50
LOG 7562650 us Sab1 000011101001100110001100000001001000000000000000000000000000000010000000000000000000000000000000010000000000000000000000000000000101000000000000000000000000000011100100000000000000000000000000
[Central]  RECEIVED 	From 1		Data '	Size 24	  Sequence Number 10	(7562650 us)
[Central]  SENDING 		To 1	ACK 	Size 24	  Sequence Number 10	(7562650 us)
[Local]   RECEIVED 	From 2		ACK 	Size 24	  Sequence Number 9	(7563600 us)

		RTT of packet with SN 9 : 386 ms
		BASE : 10	NEXTSN : 12

[Local]   SENDING 		To 2	Data !	Size 24	  Sequence Number 13	(7753750 us)
LOG 7754700 us Sab1 ORIGINAL Packet: 52
LOG 7754700 us Sab1 000011101001100110001100000001001000000000000000000000000000000010000000000000000000000000000000010000000000000000000000000000000011000000000000000000000000000001110100000000000000000000000000
LOG 7754700 us Sab1 CORRUPTED Packet: 52
LOG 7754700 us Sab1 000011101001100110001100000001001000000000000000000000000000000010000000000000000000000000000000010000000000000000000000000000000011000000000000000000000000000001110100000000000000000000000000
[Central]  RECEIVED 	From 1		Data .	Size 24	  Sequence Number 12	(7754700 us)
[Central]  SENDING 		To 1	ACK 	Size 24	  Sequence Number 10	(7754700 us)
[Local]   RECEIVED 	From 2		ACK 	Size 24	  Sequence Number 10	(7755650 us)

		RTT of packet with SN 10 : 386 ms
		BASE : 11	NEXTSN : 13


		@@@@ timeout 11@@@@
		nextSNTemp : 15, nextSN : 11

[Local]   SENDING 		To 2	Data ,	Size 24	  Sequence Number 11	(7945800 us)
LOG 7946750 us Sab1 ORIGINAL Packet: 54
LOG 7946750 us Sab1 000011101001100110001100000001001000000000000000000000000000000010000000000000000000000000000000010000000000000000000000000000001011000000000000000000000000000010000100000000000000000000000000
LOG 7946750 us Sab1 CORRUPTED Packet: 54
LOG 7946750 us Sab1 000011101001100110001100000001001000000000000000000000000000000010000000000000000000000000000000010000000000000000000000000000001011000000000000000000000000000010000100000000000000000000000000
[Central]  RECEIVED 	From 1		Data !	Size 24	  Sequence Number 13	(7946750 us)
[Central]  SENDING 		To 1	ACK 	Size 24	  Sequence Number 10	(7946750 us)

		Error - Wrong ACK --- Expected : 11, Actual : 10 -- the ACK will be discarded


Info: /OSCI/SystemC: Simulation stopped by user.
