
Local   <-->  Central with FullDuplex channel

+----------------------------------------------------------------------------------------------+
|TASK     ACTION        FROM    TO      DATA    SIZE      SEQUENCE NUMBER       TIME STAMP     |
+----------------------------------------------------------------------------------------------+
[Local]   SENDING 		To 2	Data "	Size 24	  Sequence Number 1	(50 us)
[Local]   SENDING 		To 2	Data %	Size 24	  Sequence Number 2	(192100 us)
LOG 223050 us Sab1 ORIGINAL Packet: 0
LOG 223050 us Sab1 000011101001010111000110010000011000000000000000000000000000000010000000000000000000000000000000010000000000000000000000000000001000000000000000000000000000000001000100000000000000000000000000
LOG 223050 us Sab1 CORRUPTED Packet: 0
LOG 223050 us Sab1 000011101001010111000110010000011000000000000000000000000000000010000000000000000000000000000000010000000000000000000000000000001000000000000000000000000000000001000100000000000000000000000000
[Central]  RECEIVED 	From 1		Data "	Size 24	  Sequence Number 1	(223050 us)
[Central]  SENDING 		To 1	ACK 	Size 24	  Sequence Number 1	(223050 us)
LOG 415100 us Sab1 ORIGINAL Packet: 1
LOG 415100 us Sab1 000011101001010111000110010000011000000000000000000000000000000010000000000000000000000000000000010000000000000000000000000000000100000000000000000000000000000010100100000000000000000000000000
LOG 415100 us Sab1 CORRUPTED Packet: 1
LOG 415100 us Sab1 000011101001010111000110010000011000000000000000000000000000000010000000000000000000000000000000010000000000000000000000000000000100000000000000000000000000000010100100000000000000000000000000
[Central]  RECEIVED 	From 1		Data %	Size 24	  Sequence Number 2	(415100 us)
[Central]  SENDING 		To 1	ACK 	Size 24	  Sequence Number 2	(415100 us)
[Local]   RECEIVED 	From 2		ACK 	Size 24	  Sequence Number 1	(416050 us)

		RTT of packet with SN 1 : 416050 us
		BASE : 2	NEXTSN : 3


		@@@@ timeout 1@@@@
		nextSNTemp : 5, nextSN : 1

[Local]   RECEIVED 	From 2		ACK 	Size 24	  Sequence Number 2	(608100 us)

		RTT of packet with SN 2 : 416 ms
		BASE : 3	NEXTSN : 3


		@@@@ timeout 3@@@@
		nextSNTemp : 7, nextSN : 3

[Local]   SENDING 		To 2	Data *	Size 24	  Sequence Number 3	(608100 us)
[Local]   SENDING 		To 2	Data &	Size 24	  Sequence Number 4	(800150 us)
LOG 831100 us Sab1 ORIGINAL Packet: 4
LOG 831100 us Sab1 000011101001010111000110010000011000000000000000000000000000000010000000000000000000000000000000010000000000000000000000000000001100000000000000000000000000000001010100000000000000000000000000
LOG 831100 us Sab1 CORRUPTED Packet: 4
LOG 831100 us Sab1 000011101001010111000110010000011000000000000000000000000000000010000000000000000000000000000000010000000000000000000000000000001100000000000000000000000000000001010100000000000000000000000000
[Central]  RECEIVED 	From 1		Data *	Size 24	  Sequence Number 3	(831100 us)
[Central]  SENDING 		To 1	ACK 	Size 24	  Sequence Number 3	(831100 us)
[Local]   SENDING 		To 2	Data "	Size 24	  Sequence Number 5	(992200 us)
LOG 1023150 us Sab1 ORIGINAL Packet: 5
LOG 1023150 us Sab1 000011101001010111000110010000011000000000000000000000000000000010000000000000000000000000000000010000000000000000000000000000000010000000000000000000000000000001100100000000000000000000000000
LOG 1023150 us Sab1 CORRUPTED Packet: 5
LOG 1023150 us Sab1 000011101001010111000110010000011000000000000000000000000000000010000000000000000000000000000000010000000000000000000000000000000010000000000000000000000000000001100100000000000000000000000000
[Central]  RECEIVED 	From 1		Data &	Size 24	  Sequence Number 4	(1023150 us)
[Central]  SENDING 		To 1	ACK 	Size 24	  Sequence Number 4	(1023150 us)
[Local]   RECEIVED 	From 2		ACK 	Size 24	  Sequence Number 3	(1024100 us)

		RTT of packet with SN 3 : 416 ms
		BASE : 4	NEXTSN : 6

[Local]   SENDING 		To 2	Data #	Size 24	  Sequence Number 6	(1184250 us)
LOG 1215200 us Sab1 ORIGINAL Packet: 7
LOG 1215200 us Sab1 000011101001010111000110010000011000000000000000000000000000000010000000000000000000000000000000010000000000000000000000000000001010000000000000000000000000000001000100000000000000000000000000
LOG 1215200 us Sab1 CORRUPTED Packet: 7
LOG 1215200 us Sab1 000011101001010111000110010000011000000000000000000000000000000010000000000000000000000000000000010000000000000000000000000000001010000000000000000000000000000001000100000000000000000000000000
[Central]  RECEIVED 	From 1		Data "	Size 24	  Sequence Number 5	(1215200 us)
[Central]  SENDING 		To 1	ACK 	Size 24	  Sequence Number 5	(1215200 us)
[Local]   RECEIVED 	From 2		ACK 	Size 24	  Sequence Number 4	(1216150 us)

		RTT of packet with SN 4 : 416 ms
		BASE : 5	NEXTSN : 7

[Local]   SENDING 		To 2	Data "	Size 24	  Sequence Number 7	(1376300 us)
LOG 1407250 us Sab1 ORIGINAL Packet: 9
LOG 1407250 us Sab1 000011101001010111000110010000011000000000000000000000000000000010000000000000000000000000000000010000000000000000000000000000000110000000000000000000000000000011000100000000000000000000000000
LOG 1407250 us Sab1 CORRUPTED Packet: 9
LOG 1407250 us Sab1 000011101001010111000110010000011000000000000000000000000000000010000000000000000000000000000000010000000000000000000000000000000110000000000000000000000000000011000100000000000000000000000000
[Central]  RECEIVED 	From 1		Data #	Size 24	  Sequence Number 6	(1407250 us)
[Central]  SENDING 		To 1	ACK 	Size 24	  Sequence Number 6	(1407250 us)
[Local]   RECEIVED 	From 2		ACK 	Size 24	  Sequence Number 5	(1408200 us)

		RTT of packet with SN 5 : 416 ms
		BASE : 6	NEXTSN : 8

[Local]   SENDING 		To 2	Data $	Size 24	  Sequence Number 8	(1568350 us)
LOG 1599300 us Sab1 ORIGINAL Packet: 11
LOG 1599300 us Sab1 000011101001010111000110010000011000000000000000000000000000000010000000000000000000000000000000010000000000000000000000000000001110000000000000000000000000000001000100000000000000000000000000
LOG 1599300 us Sab1 CORRUPTED Packet: 11
LOG 1599300 us Sab1 000011101001010111000110010000011000000000000000000000000000000010000000000000000000000000000000010000000000000000000000000000001110000000000000000000000000000001000100000000000000000000000000
[Central]  RECEIVED 	From 1		Data "	Size 24	  Sequence Number 7	(1599300 us)
[Central]  SENDING 		To 1	ACK 	Size 24	  Sequence Number 7	(1599300 us)
[Local]   RECEIVED 	From 2		ACK 	Size 24	  Sequence Number 6	(1600250 us)

		RTT of packet with SN 6 : 416 ms
		BASE : 7	NEXTSN : 9

LOG 1791350 us Sab1 ORIGINAL Packet: 13
LOG 1791350 us Sab1 000011101001010111000110010000011000000000000000000000000000000010000000000000000000000000000000010000000000000000000000000000000001000000000000000000000000000000100100000000000000000000000000
LOG 1791350 us Sab1 CORRUPTED Packet: 13
LOG 1791350 us Sab1 000011101001010111000110010000011000000000000000000000000000000010000000000000000000000000000000010000000000000000000000000000000001000000000000000000000000000000100100000000000000000000000000
[Central]  RECEIVED 	From 1		Data $	Size 24	  Sequence Number 8	(1791350 us)
[Central]  SENDING 		To 1	ACK 	Size 24	  Sequence Number 8	(1791350 us)
[Local]   RECEIVED 	From 2		ACK 	Size 24	  Sequence Number 7	(1792300 us)

		RTT of packet with SN 7 : 416 ms
		BASE : 8	NEXTSN : 9


		@@@@ timeout 1@@@@
		nextSNTemp : 5, nextSN : 1

[Local]   RECEIVED 	From 2		ACK 	Size 24	  Sequence Number 8	(1984350 us)

		RTT of packet with SN 8 : 416 ms
		BASE : 9	NEXTSN : 9


		@@@@ timeout 9@@@@
		nextSNTemp : 13, nextSN : 9

[Local]   SENDING 		To 2	Data #	Size 24	  Sequence Number 9	(1984350 us)
[Local]   SENDING 		To 2	Data '	Size 24	  Sequence Number 10	(2176400 us)
LOG 2207350 us Sab1 ORIGINAL Packet: 16
LOG 2207350 us Sab1 000011101001010111000110010000011000000000000000000000000000000010000000000000000000000000000000010000000000000000000000000000001001000000000000000000000000000011000100000000000000000000000000
LOG 2207350 us Sab1 CORRUPTED Packet: 16
LOG 2207350 us Sab1 000011101001010111000110010000011000000000000000000000000000000010000000000000000000000000000000010000000000000000000000000000001001000000000000000000000000000011000100000000000000000000000000
[Central]  RECEIVED 	From 1		Data #	Size 24	  Sequence Number 9	(2207350 us)
[Central]  SENDING 		To 1	ACK 	Size 24	  Sequence Number 9	(2207350 us)
[Local]   SENDING 		To 2	Data ,	Size 24	  Sequence Number 11	(2368450 us)
LOG 2399400 us Sab1 ORIGINAL Packet: 17
LOG 2399400 us Sab1 000011101001010111000110010000011000000000000000000000000000000010000000000000000000000000000000010000000000000000000000000000000101000000000000000000000000000011100100000000000000000000000000
LOG 2399400 us Sab1 CORRUPTED Packet: 17
LOG 2399400 us Sab1 000011101001010111000110010000011000000000000000000000000000000010000000000000000000000000000000010000000000000000000000000000000101000000000000000000000000000011100100000000000000000000000000
[Central]  RECEIVED 	From 1		Data '	Size 24	  Sequence Number 10	(2399400 us)
[Central]  SENDING 		To 1	ACK 	Size 24	  Sequence Number 10	(2399400 us)
[Local]   RECEIVED 	From 2		ACK 	Size 24	  Sequence Number 9	(2400350 us)

		RTT of packet with SN 9 : 416 ms
		BASE : 10	NEXTSN : 12

[Local]   SENDING 		To 2	Data .	Size 24	  Sequence Number 12	(2560500 us)
LOG 2591450 us Sab1 ORIGINAL Packet: 19
LOG 2591450 us Sab1 000011101001010111000110010000011000000000000000000000000000000010000000000000000000000000000000010000000000000000000000000000001101000000000000000000000000000000110100000000000000000000000000
LOG 2591450 us Sab1 CORRUPTED Packet: 19
LOG 2591450 us Sab1 000011101001010111000110010000011000000000000000000000000000000010000000000000000000000000000000010000000000000000000000000000001101000000000000000000000000000000110100000000000000000000000000
[Central]  RECEIVED 	From 1		Data ,	Size 24	  Sequence Number 11	(2591450 us)
[Central]  SENDING 		To 1	ACK 	Size 24	  Sequence Number 11	(2591450 us)
[Local]   RECEIVED 	From 2		ACK 	Size 24	  Sequence Number 10	(2592400 us)

		RTT of packet with SN 10 : 416 ms
		BASE : 11	NEXTSN : 13

[Local]   SENDING 		To 2	Data !	Size 24	  Sequence Number 13	(2752550 us)
LOG 2783500 us Sab1 ORIGINAL Packet: 21
LOG 2783500 us Sab1 000011101001010111000110010000011000000000000000000000000000000010000000000000000000000000000000010000000000000000000000000000000011000000000000000000000000000001110100000000000000000000000000
LOG 2783500 us Sab1 CORRUPTED Packet: 21
LOG 2783500 us Sab1 000011101001010111000110010000011000000000000000000000000000000010000000000000000000000000000000010000000000000000000000000000000011000000000000000000000000000001110100000000000000000000000000
[Central]  RECEIVED 	From 1		Data .	Size 24	  Sequence Number 12	(2783500 us)
[Central]  SENDING 		To 1	ACK 	Size 24	  Sequence Number 12	(2783500 us)
[Local]   RECEIVED 	From 2		ACK 	Size 24	  Sequence Number 11	(2784450 us)

		RTT of packet with SN 11 : 416 ms
		BASE : 12	NEXTSN : 14

[Local]   SENDING 		To 2	Data +	Size 24	  Sequence Number 14	(2944600 us)
LOG 2975550 us Sab1 ORIGINAL Packet: 23
LOG 2975550 us Sab1 000011101001010111000110010000011000000000000000000000000000000010000000000000000000000000000000010000000000000000000000000000001011000000000000000000000000000010000100000000000000000000000000
LOG 2975550 us Sab1 CORRUPTED Packet: 23
LOG 2975550 us Sab1 000011101001010111000110010000011000000000000000000000000000000010000000000000000000000000000000010000000000000000000000000000001011000000000000000000000000000010000100000000000000000000000000
[Central]  RECEIVED 	From 1		Data !	Size 24	  Sequence Number 13	(2975550 us)
[Central]  SENDING 		To 1	ACK 	Size 24	  Sequence Number 13	(2975550 us)
[Local]   RECEIVED 	From 2		ACK 	Size 24	  Sequence Number 12	(2976500 us)

		RTT of packet with SN 12 : 416 ms
		BASE : 13	NEXTSN : 15

LOG 3167600 us Sab1 ORIGINAL Packet: 25
LOG 3167600 us Sab1 000011101001010111000110010000011000000000000000000000000000000010000000000000000000000000000000010000000000000000000000000000000111000000000000000000000000000011010100000000000000000000000000
LOG 3167600 us Sab1 CORRUPTED Packet: 25
LOG 3167600 us Sab1 000011101001010111000110010000011000000000000000000000000000000010000000000000000000000000000000010000000000000000000000000000000111000000000000000000000000000011010100000000000000000000000000
[Central]  RECEIVED 	From 1		Data +	Size 24	  Sequence Number 14	(3167600 us)
[Central]  SENDING 		To 1	ACK 	Size 24	  Sequence Number 14	(3167600 us)
[Local]   RECEIVED 	From 2		ACK 	Size 24	  Sequence Number 13	(3168550 us)

		RTT of packet with SN 13 : 416 ms
		BASE : 14	NEXTSN : 15


		@@@@ timeout 1@@@@
		nextSNTemp : 5, nextSN : 1

[Local]   RECEIVED 	From 2		ACK 	Size 24	  Sequence Number 14	(3360600 us)

		RTT of packet with SN 14 : 416 ms
		BASE : 15	NEXTSN : 15


		@@@@ timeout 15@@@@
		nextSNTemp : 19, nextSN : 15

[Local]   SENDING 		To 2	Data )	Size 24	  Sequence Number 15	(3360600 us)
[Local]   SENDING 		To 2	Data #	Size 24	  Sequence Number 16	(3552650 us)
LOG 3583600 us Sab1 ORIGINAL Packet: 28
LOG 3583600 us Sab1 000011101001010111000110010000011000000000000000000000000000000010000000000000000000000000000000010000000000000000000000000000001111000000000000000000000000000010010100000000000000000000000000
LOG 3583600 us Sab1 CORRUPTED Packet: 28
LOG 3583600 us Sab1 000011101001010111000110010000011000000000000000000000000000000010000000000000000000000000000000010000000000000000000000000000001111000000000000000000000000000010010100000000000000000000000000
[Central]  RECEIVED 	From 1		Data )	Size 24	  Sequence Number 15	(3583600 us)
[Central]  SENDING 		To 1	ACK 	Size 24	  Sequence Number 15	(3583600 us)
[Local]   SENDING 		To 2	Data #	Size 24	  Sequence Number 17	(3744700 us)
LOG 3775650 us Sab1 ORIGINAL Packet: 29
LOG 3775650 us Sab1 000011101001010111000110010000011000000000000000000000000000000010000000000000000000000000000000010000000000000000000000000000000000100000000000000000000000000011000100000000000000000000000000
LOG 3775650 us Sab1 CORRUPTED Packet: 29
LOG 3775650 us Sab1 000011101001010111000110010000011000000000000000000000000000000010000000000000000000000000000000010000000000000000000000000000000000100000000000000000000000000011000100000000000000000000000000
[Central]  RECEIVED 	From 1		Data #	Size 24	  Sequence Number 16	(3775650 us)
[Central]  SENDING 		To 1	ACK 	Size 24	  Sequence Number 16	(3775650 us)
[Local]   RECEIVED 	From 2		ACK 	Size 24	  Sequence Number 15	(3776600 us)

		RTT of packet with SN 15 : 416 ms
		BASE : 16	NEXTSN : 18

[Local]   SENDING 		To 2	Data !	Size 24	  Sequence Number 18	(3936750 us)
LOG 3967700 us Sab1 ORIGINAL Packet: 31
LOG 3967700 us Sab1 000011101001010111000110010000011000000000000000000000000000000010000000000000000000000000000000010000000000000000000000000000001000100000000000000000000000000011000100000000000000000000000000
LOG 3967700 us Sab1 CORRUPTED Packet: 31
LOG 3967700 us Sab1 000011101001010111000110010000011000000000000000000000000000000010000000000000000000000000000000010000000000000000000000000000001000100000000000000000000000000011000100000000000000000000000000
[Central]  RECEIVED 	From 1		Data #	Size 24	  Sequence Number 17	(3967700 us)
[Central]  SENDING 		To 1	ACK 	Size 24	  Sequence Number 17	(3967700 us)
[Local]   RECEIVED 	From 2		ACK 	Size 24	  Sequence Number 16	(3968650 us)

		RTT of packet with SN 16 : 416 ms
		BASE : 17	NEXTSN : 19

[Local]   SENDING 		To 2	Data &	Size 24	  Sequence Number 19	(4128800 us)
LOG 4159750 us Sab1 ORIGINAL Packet: 33
LOG 4159750 us Sab1 000011101001010111000110010000011000000000000000000000000000000010000000000000000000000000000000010000000000000000000000000000000100100000000000000000000000000010000100000000000000000000000000
LOG 4159750 us Sab1 CORRUPTED Packet: 33
LOG 4159750 us Sab1 000011101001010111000110010000011000000000000000000000000000000010000000000000000000000000000000010000000000000000000000000000000100100000000000000000000000000010000100000000000000000000000000
[Central]  RECEIVED 	From 1		Data !	Size 24	  Sequence Number 18	(4159750 us)
[Central]  SENDING 		To 1	ACK 	Size 24	  Sequence Number 18	(4159750 us)
[Local]   RECEIVED 	From 2		ACK 	Size 24	  Sequence Number 17	(4160700 us)

		RTT of packet with SN 17 : 416 ms
		BASE : 18	NEXTSN : 20

[Local]   SENDING 		To 2	Data *	Size 24	  Sequence Number 20	(4320850 us)
LOG 4351800 us Sab1 ORIGINAL Packet: 35
LOG 4351800 us Sab1 000011101001010111000110010000011000000000000000000000000000000010000000000000000000000000000000010000000000000000000000000000001100100000000000000000000000000001100100000000000000000000000000
LOG 4351800 us Sab1 CORRUPTED Packet: 35
LOG 4351800 us Sab1 000011101001010111000110010000011000000000000000000000000000000010000000000000000000000000000000010000000000000000000000000000001100100000000000000000000000000001100100000000000000000000000000
[Central]  RECEIVED 	From 1		Data &	Size 24	  Sequence Number 19	(4351800 us)
[Central]  SENDING 		To 1	ACK 	Size 24	  Sequence Number 19	(4351800 us)
[Local]   RECEIVED 	From 2		ACK 	Size 24	  Sequence Number 18	(4352750 us)

		RTT of packet with SN 18 : 416 ms
		BASE : 19	NEXTSN : 21

LOG 4543850 us Sab1 ORIGINAL Packet: 37
LOG 4543850 us Sab1 000011101001010111000110010000011000000000000000000000000000000010000000000000000000000000000000010000000000000000000000000000000010100000000000000000000000000001010100000000000000000000000000
LOG 4543850 us Sab1 CORRUPTED Packet: 37
LOG 4543850 us Sab1 000011101001010111000110010000011000000000000000000000000000000010000000000000000000000000000000010000000000000000000000000000000010100000000000000000000000000001010100000000000000000000000000
[Central]  RECEIVED 	From 1		Data *	Size 24	  Sequence Number 20	(4543850 us)
[Central]  SENDING 		To 1	ACK 	Size 24	  Sequence Number 20	(4543850 us)
[Local]   RECEIVED 	From 2		ACK 	Size 24	  Sequence Number 19	(4544800 us)

		RTT of packet with SN 19 : 416 ms
		BASE : 20	NEXTSN : 21


		@@@@ timeout 1@@@@
		nextSNTemp : 5, nextSN : 1

[Local]   RECEIVED 	From 2		ACK 	Size 24	  Sequence Number 20	(4736850 us)

		RTT of packet with SN 20 : 416 ms
		BASE : 21	NEXTSN : 21


		@@@@ timeout 21@@@@
		nextSNTemp : 25, nextSN : 21

[Local]   SENDING 		To 2	Data #	Size 24	  Sequence Number 21	(4736850 us)
[Local]   SENDING 		To 2	Data -	Size 24	  Sequence Number 22	(4928900 us)
LOG 4959850 us Sab1 ORIGINAL Packet: 40
LOG 4959850 us Sab1 000011101001010111000110010000011000000000000000000000000000000010000000000000000000000000000000010000000000000000000000000000001010100000000000000000000000000011000100000000000000000000000000
LOG 4959850 us Sab1 CORRUPTED Packet: 40
LOG 4959850 us Sab1 000011101001010111000110010000011000000000000000000000000000000010000000000000000000000000000000010000000000000000000000000000001010100000000000000000000000000011000100000000000000000000000000
[Central]  RECEIVED 	From 1		Data #	Size 24	  Sequence Number 21	(4959850 us)
[Central]  SENDING 		To 1	ACK 	Size 24	  Sequence Number 21	(4959850 us)
[Local]   SENDING 		To 2	Data .	Size 24	  Sequence Number 23	(5120950 us)
LOG 5151900 us Sab1 ORIGINAL Packet: 41
LOG 5151900 us Sab1 000011101001010111000110010000011000000000000000000000000000000010000000000000000000000000000000010000000000000000000000000000000110100000000000000000000000000010110100000000000000000000000000
LOG 5151900 us Sab1 CORRUPTED Packet: 41
LOG 5151900 us Sab1 000011101001010111000110010000011000000000000000000000000000000010000000000000000000000000000000010000000000000000000000000000000110100000000000000000000000000010110100000000000000000000000000
[Central]  RECEIVED 	From 1		Data -	Size 24	  Sequence Number 22	(5151900 us)
[Central]  SENDING 		To 1	ACK 	Size 24	  Sequence Number 22	(5151900 us)
[Local]   RECEIVED 	From 2		ACK 	Size 24	  Sequence Number 21	(5152850 us)

		RTT of packet with SN 21 : 416 ms
		BASE : 22	NEXTSN : 24

[Local]   SENDING 		To 2	Data "	Size 24	  Sequence Number 24	(5313 ms)
LOG 5343950 us Sab1 ORIGINAL Packet: 43
LOG 5343950 us Sab1 000011101001010111000110010000011000000000000000000000000000000010000000000000000000000000000000010000000000000000000000000000001110100000000000000000000000000001110100000000000000000000000000
LOG 5343950 us Sab1 CORRUPTED Packet: 43
LOG 5343950 us Sab1 000011101001010111000110010000011000000000000000000000000000000010000000000000000000000000000000010000000000000000000000000000001110100000000000000000000000000001110100000000000000000000000000
[Central]  RECEIVED 	From 1		Data .	Size 24	  Sequence Number 23	(5343950 us)
[Central]  SENDING 		To 1	ACK 	Size 24	  Sequence Number 23	(5343950 us)
[Local]   RECEIVED 	From 2		ACK 	Size 24	  Sequence Number 22	(5344900 us)

		RTT of packet with SN 22 : 416 ms
		BASE : 23	NEXTSN : 25

[Local]   SENDING 		To 2	Data &	Size 24	  Sequence Number 25	(5505050 us)
LOG 5536 ms Sab1 ORIGINAL Packet: 45
LOG 5536 ms Sab1 000011101001010111000110010000011000000000000000000000000000000010000000000000000000000000000000010000000000000000000000000000000001100000000000000000000000000001000100000000000000000000000000
LOG 5536 ms Sab1 CORRUPTED Packet: 45
LOG 5536 ms Sab1 000011101001010111000110010000011000000000000000000000000000000010000000000000000000000000000000010000000000000000000000000000000001100000000000000000000000000001000100000000000000000000000000
[Central]  RECEIVED 	From 1		Data "	Size 24	  Sequence Number 24	(5536 ms)
[Central]  SENDING 		To 1	ACK 	Size 24	  Sequence Number 24	(5536 ms)
[Local]   RECEIVED 	From 2		ACK 	Size 24	  Sequence Number 23	(5536950 us)

		RTT of packet with SN 23 : 416 ms
		BASE : 24	NEXTSN : 26

[Local]   SENDING 		To 2	Data !	Size 24	  Sequence Number 26	(5697100 us)
LOG 5728050 us Sab1 ORIGINAL Packet: 47
LOG 5728050 us Sab1 000011101001010111000110010000011000000000000000000000000000000010000000000000000000000000000000010000000000000000000000000000001001100000000000000000000000000001100100000000000000000000000000
LOG 5728050 us Sab1 CORRUPTED Packet: 47
LOG 5728050 us Sab1 000011101001010111000110010000011000000000000000000000000000000010000000000000000000000000000000010000000000000000000000000000001001100000000000000000000000000001100100000000000000000000000000
[Central]  RECEIVED 	From 1		Data &	Size 24	  Sequence Number 25	(5728050 us)
[Central]  SENDING 		To 1	ACK 	Size 24	  Sequence Number 25	(5728050 us)
[Local]   RECEIVED 	From 2		ACK 	Size 24	  Sequence Number 24	(5729 ms)

		RTT of packet with SN 24 : 416 ms
		BASE : 25	NEXTSN : 27

LOG 5920100 us Sab1 ORIGINAL Packet: 49
LOG 5920100 us Sab1 000011101001010111000110010000011000000000000000000000000000000010000000000000000000000000000000010000000000000000000000000000000101100000000000000000000000000010000100000000000000000000000000
LOG 5920100 us Sab1 CORRUPTED Packet: 49
LOG 5920100 us Sab1 000011101001010111000110010000011000000000000000000000000000000010000000000000000000000000000000010000000000000000000000000000000101100000000000000000000000000010000100000000000000000000000000
[Central]  RECEIVED 	From 1		Data !	Size 24	  Sequence Number 26	(5920100 us)
[Central]  SENDING 		To 1	ACK 	Size 24	  Sequence Number 26	(5920100 us)
[Local]   RECEIVED 	From 2		ACK 	Size 24	  Sequence Number 25	(5921050 us)

		RTT of packet with SN 25 : 416 ms
		BASE : 26	NEXTSN : 27


		@@@@ timeout 1@@@@
		nextSNTemp : 5, nextSN : 1

[Local]   RECEIVED 	From 2		ACK 	Size 24	  Sequence Number 26	(6113100 us)

		RTT of packet with SN 26 : 416 ms
		BASE : 27	NEXTSN : 27


		@@@@ timeout 27@@@@
		nextSNTemp : 31, nextSN : 27

[Local]   SENDING 		To 2	Data +	Size 24	  Sequence Number 27	(6113100 us)
[Local]   SENDING 		To 2	Data -	Size 24	  Sequence Number 28	(6305150 us)
LOG 6336100 us Sab1 ORIGINAL Packet: 52
LOG 6336100 us Sab1 000011101001010111000110010000011000000000000000000000000000000010000000000000000000000000000000010000000000000000000000000000001101100000000000000000000000000011010100000000000000000000000000
LOG 6336100 us Sab1 CORRUPTED Packet: 52
LOG 6336100 us Sab1 000011101001010111000110010000011000000000000000000000000000000010000000000000000000000000000000010000000000000000000000000000001101100000000000000000000000000011010100000000000000000000000000
[Central]  RECEIVED 	From 1		Data +	Size 24	  Sequence Number 27	(6336100 us)
[Central]  SENDING 		To 1	ACK 	Size 24	  Sequence Number 27	(6336100 us)
[Local]   SENDING 		To 2	Data $	Size 24	  Sequence Number 29	(6497200 us)
LOG 6528150 us Sab1 ORIGINAL Packet: 53
LOG 6528150 us Sab1 000011101001010111000110010000011000000000000000000000000000000010000000000000000000000000000000010000000000000000000000000000000011100000000000000000000000000010110100000000000000000000000000
LOG 6528150 us Sab1 CORRUPTED Packet: 53
LOG 6528150 us Sab1 000011101001010111000110010000011000000000000000000000000000000010000000000000000000000000000000010000000000000000000000000000000011100000000000000000000000000010110100000000000000000000000000
[Central]  RECEIVED 	From 1		Data -	Size 24	  Sequence Number 28	(6528150 us)
[Central]  SENDING 		To 1	ACK 	Size 24	  Sequence Number 28	(6528150 us)
[Local]   RECEIVED 	From 2		ACK 	Size 24	  Sequence Number 27	(6529100 us)

		RTT of packet with SN 27 : 416 ms
		BASE : 28	NEXTSN : 30

[Local]   SENDING 		To 2	Data "	Size 24	  Sequence Number 30	(6689250 us)
LOG 6720200 us Sab1 ORIGINAL Packet: 55
LOG 6720200 us Sab1 000011101001010111000110010000011000000000000000000000000000000010000000000000000000000000000000010000000000000000000000000000001011100000000000000000000000000000100100000000000000000000000000
LOG 6720200 us Sab1 CORRUPTED Packet: 55
LOG 6720200 us Sab1 000011101001010111000110010000011000000000000000000000000000000010000000000000000000000000000000010000000000000000000000000000001011100000000000000000000000000000100100000000000000000000000000
[Central]  RECEIVED 	From 1		Data $	Size 24	  Sequence Number 29	(6720200 us)
[Central]  SENDING 		To 1	ACK 	Size 24	  Sequence Number 29	(6720200 us)
[Local]   RECEIVED 	From 2		ACK 	Size 24	  Sequence Number 28	(6721150 us)

		RTT of packet with SN 28 : 416 ms
		BASE : 29	NEXTSN : 31

[Local]   SENDING 		To 2	Data !	Size 24	  Sequence Number 31	(6881300 us)
LOG 6912250 us Sab1 ORIGINAL Packet: 57
LOG 6912250 us Sab1 000011101001010111000110010000011000000000000000000000000000000010000000000000000000000000000000010000000000000000000000000000000111100000000000000000000000000001000100000000000000000000000000
LOG 6912250 us Sab1 CORRUPTED Packet: 57
LOG 6912250 us Sab1 000011101001010111000110010000011000000000000000000000000000000010000000000000000000000000000000010000000000000000000000000000000111100000000000000000000000000001000100000000000000000000000000
[Central]  RECEIVED 	From 1		Data "	Size 24	  Sequence Number 30	(6912250 us)
[Central]  SENDING 		To 1	ACK 	Size 24	  Sequence Number 30	(6912250 us)
[Local]   RECEIVED 	From 2		ACK 	Size 24	  Sequence Number 29	(6913200 us)

		RTT of packet with SN 29 : 416 ms
		BASE : 30	NEXTSN : 32

[Local]   SENDING 		To 2	Data *	Size 24	  Sequence Number 32	(7073350 us)
LOG 7104300 us Sab1 ORIGINAL Packet: 59
LOG 7104300 us Sab1 000011101001010111000110010000011000000000000000000000000000000010000000000000000000000000000000010000000000000000000000000000001111100000000000000000000000000010000100000000000000000000000000
LOG 7104300 us Sab1 CORRUPTED Packet: 59
LOG 7104300 us Sab1 000011101001010111000110010000011000000000000000000000000000000010000000000000000000000000000000010000000000000000000000000000001111100000000000000000000000000010000100000000000000000000000000
[Central]  RECEIVED 	From 1		Data !	Size 24	  Sequence Number 31	(7104300 us)
[Central]  SENDING 		To 1	ACK 	Size 24	  Sequence Number 31	(7104300 us)
[Local]   RECEIVED 	From 2		ACK 	Size 24	  Sequence Number 30	(7105250 us)

		RTT of packet with SN 30 : 416 ms
		BASE : 31	NEXTSN : 33

LOG 7296350 us Sab1 ORIGINAL Packet: 61
LOG 7296350 us Sab1 000011101001010111000110010000011000000000000000000000000000000010000000000000000000000000000000010000000000000000000000000000000000010000000000000000000000000001010100000000000000000000000000
LOG 7296350 us Sab1 CORRUPTED Packet: 61
LOG 7296350 us Sab1 000011101001010111000110010000011000000000000000000000000000000010000000000000000000000000000000010000000000000000000000000000000000010000000000000000000000000001010100000000000000000000000000
[Central]  RECEIVED 	From 1		Data *	Size 24	  Sequence Number 32	(7296350 us)
[Central]  SENDING 		To 1	ACK 	Size 24	  Sequence Number 32	(7296350 us)
[Local]   RECEIVED 	From 2		ACK 	Size 24	  Sequence Number 31	(7297300 us)

		RTT of packet with SN 31 : 416 ms
		BASE : 32	NEXTSN : 33


		@@@@ timeout 1@@@@
		nextSNTemp : 5, nextSN : 1

[Local]   RECEIVED 	From 2		ACK 	Size 24	  Sequence Number 32	(7489350 us)

		RTT of packet with SN 32 : 416 ms
		BASE : 33	NEXTSN : 33


		@@@@ timeout 33@@@@
		nextSNTemp : 37, nextSN : 33

[Local]   SENDING 		To 2	Data "	Size 24	  Sequence Number 33	(7489350 us)
[Local]   SENDING 		To 2	Data ,	Size 24	  Sequence Number 34	(7681400 us)
LOG 7712350 us Sab1 ORIGINAL Packet: 64
LOG 7712350 us Sab1 000011101001010111000110010000011000000000000000000000000000000010000000000000000000000000000000010000000000000000000000000000001000010000000000000000000000000001000100000000000000000000000000
LOG 7712350 us Sab1 CORRUPTED Packet: 64
LOG 7712350 us Sab1 000011101001010111000110010000011000000000000000000000000000000010000000000000000000000000000000010000000000000000000000000000001000010000000000000000000000000001000100000000000000000000000000
[Central]  RECEIVED 	From 1		Data "	Size 24	  Sequence Number 33	(7712350 us)
[Central]  SENDING 		To 1	ACK 	Size 24	  Sequence Number 33	(7712350 us)
[Local]   SENDING 		To 2	Data &	Size 24	  Sequence Number 35	(7873450 us)
LOG 7904400 us Sab1 ORIGINAL Packet: 65
LOG 7904400 us Sab1 000011101001010111000110010000011000000000000000000000000000000010000000000000000000000000000000010000000000000000000000000000000100010000000000000000000000000000110100000000000000000000000000
LOG 7904400 us Sab1 CORRUPTED Packet: 65
LOG 7904400 us Sab1 000011101001010111000110010000011000000000000000000000000000000010000000000000000000000000000000010000000000000000000000000000000100010000000000000000000000000000110100000000000000000000000000
[Central]  RECEIVED 	From 1		Data ,	Size 24	  Sequence Number 34	(7904400 us)
[Central]  SENDING 		To 1	ACK 	Size 24	  Sequence Number 34	(7904400 us)
[Local]   RECEIVED 	From 2		ACK 	Size 24	  Sequence Number 33	(7905350 us)

		RTT of packet with SN 33 : 416 ms
		BASE : 34	NEXTSN : 36


Info: /OSCI/SystemC: Simulation stopped by user.
