
Local   <-->  Central with FullDuplex channel

+----------------------------------------------------------------------------------------------+
|TASK     ACTION        FROM    TO      DATA    SIZE      SEQUENCE NUMBER       TIME STAMP     |
+----------------------------------------------------------------------------------------------+

		@@@@ timeout 1@@@@
		nextSNTemp : 5, nextSN : 1

[Local]   SENDING 		To 2	Data "	Size 24	  Sequence Number 1	(600050 us)

		@@@@ timeout 1@@@@
		nextSNTemp : 5, nextSN : 1

[Local]   SENDING 		To 2	Data %	Size 24	  Sequence Number 2	(792100 us)
LOG 793050 us Sab1 ORIGINAL Packet: 0
LOG 793050 us Sab1 000011101001100010011110110100011000000000000000000000000000000010000000000000000000000000000000010000000000000000000000000000001000000000000000000000000000000001000100000000000000000000000000
LOG 793050 us Sab1 CORRUPTED Packet: 0
LOG 793050 us Sab1 000011101001100010011110110100011000000000000000000000000000000010000000000000000000000000000000010000000000000000000000000000001000000000000000000000000000000001000100000000000000000000000000
[Central]  RECEIVED 	From 1		Data "	Size 24	  Sequence Number 1	(793050 us)
[Central]  SENDING 		To 1	ACK 	Size 24	  Sequence Number 1	(793050 us)
[Local]   SENDING 		To 2	Data *	Size 24	  Sequence Number 3	(984150 us)
LOG 985100 us Sab1 ORIGINAL Packet: 1
LOG 985100 us Sab1 000011101001100010011110110100011000000000000000000000000000000010000000000000000000000000000000010000000000000000000000000000000100000000000000000000000000000010100100000000000000000000000000
LOG 985100 us Sab1 CORRUPTED Packet: 1
LOG 985100 us Sab1 000011101001100010011110110100011000000000000000000000000000000010000000000000000000000000000000010000000000000000000000000000000100000000000000000000000000000010100100000000000000000000000000
[Central]  RECEIVED 	From 1		Data %	Size 24	  Sequence Number 2	(985100 us)
[Central]  SENDING 		To 1	ACK 	Size 24	  Sequence Number 2	(985100 us)
[Local]   RECEIVED 	From 2		ACK 	Size 24	  Sequence Number 1	(986050 us)

		RTT of packet with SN 1 : 386 ms
		BASE : 2	NEXTSN : 4

[Local]   SENDING 		To 2	Data &	Size 24	  Sequence Number 4	(1176200 us)
LOG 1177150 us Sab1 ORIGINAL Packet: 3
LOG 1177150 us Sab1 000011101001100010011110110100011000000000000000000000000000000010000000000000000000000000000000010000000000000000000000000000001100000000000000000000000000000001010100000000000000000000000000
LOG 1177150 us Sab1 CORRUPTED Packet: 3
LOG 1177150 us Sab1 000011101001100010011110110100011000000000000000000000000000000010000000000000000000000000000000010000000000000000000000000000001100000000000000000000000000000001010100000000000000000000000000
[Local]   RECEIVED 	From 2		ACK 	Size 24	  Sequence Number 2	(1178100 us)

		RTT of packet with SN 2 : 386 ms
		BASE : 3	NEXTSN : 5


		@@@@ timeout 1@@@@
		nextSNTemp : 5, nextSN : 1

[Local]   SENDING 		To 2	Data "	Size 24	  Sequence Number 5	(1368250 us)
LOG 1369200 us Sab1 ORIGINAL Packet: 5
LOG 1369200 us Sab1 000011101001100010011110110100011000000000000000000000000000000010000000000000000000000000000000010000000000000000000000000000000010000000000000000000000000000001100100000000000000000000000000
LOG 1369200 us Sab1 CORRUPTED Packet: 5
LOG 1369200 us Sab1 000011101001100010011110110100011000000000000000000000000000000010000000000000000000000000000000010000000000000000000000000000000010000000000000000000000000000001100100000000000000000000000000
LOG 1561250 us Sab1 ORIGINAL Packet: 6
LOG 1561250 us Sab1 000011101001100010011110110100011000000000000000000000000000000010000000000000000000000000000000010000000000000000000000000000001010000000000000000000000000000001000100000000000000000000000000
LOG 1561250 us Sab1 CORRUPTED Packet: 6
LOG 1561250 us Sab1 000011101001100010011110110100011000000000000000000000000000000010000000000000000000000000000000010000000000000000000000000000001010000000000000000000000000000001000100000000000000000000000000
[Central]  RECEIVED 	From 1		Data "	Size 24	  Sequence Number 5	(1561250 us)
[Central]  SENDING 		To 1	ACK 	Size 24	  Sequence Number 2	(1561250 us)

		@@@@ timeout 3@@@@
		nextSNTemp : 7, nextSN : 3

[Local]   SENDING 		To 2	Data *	Size 24	  Sequence Number 3	(1584200 us)

		Error - Wrong ACK --- Expected : 3, Actual : 2 -- the ACK will be discarded

[Local]   SENDING 		To 2	Data &	Size 24	  Sequence Number 4	(1776250 us)
LOG 1777200 us Sab1 ORIGINAL Packet: 8
LOG 1777200 us Sab1 000011101001100010011110110100011000000000000000000000000000000010000000000000000000000000000000010000000000000000000000000000001100000000000000000000000000000001010100000000000000000000000000
LOG 1777200 us Sab1 CORRUPTED Packet: 8
LOG 1777200 us Sab1 000011101001100010011110110100011000000000000000000000000000000010000000000000000000000000000000010000000000000000000000000000001100000000000000000000000000000001010100000000000000000000000000

		@@@@ timeout 1@@@@
		nextSNTemp : 5, nextSN : 1

[Local]   SENDING 		To 2	Data "	Size 24	  Sequence Number 5	(1968300 us)
LOG 1969250 us Sab1 ORIGINAL Packet: 9
LOG 1969250 us Sab1 000011101001100010011110110100011000000000000000000000000000000010000000000000000000000000000000010000000000000000000000000000000010000000000000000000000000000001100100000000000000000000000000
LOG 1969250 us Sab1 CORRUPTED Packet: 9
LOG 1969250 us Sab1 000011101001100010011110110100011000000000000000000000000000000010000000000000000000000000000000010000000000000000000000000000000010000000000000000000000000000001100100000000000000000000000000
[Central]  RECEIVED 	From 1		Data &	Size 24	  Sequence Number 4	(1969250 us)
[Central]  SENDING 		To 1	ACK 	Size 24	  Sequence Number 2	(1969250 us)
[Local]   SENDING 		To 2	Data $	Size 24	  Sequence Number 6	(2160350 us)
LOG 2161300 us Sab1 ORIGINAL Packet: 10
LOG 2161300 us Sab1 000011101001100010011110110100011000000000000000000000000000000010000000000000000000000000000000010000000000000000000000000000001010000000000000000000000000000001000100000000000000000000000000
LOG 2161300 us Sab1 CORRUPTED Packet: 10
LOG 2161300 us Sab1 000011101001100010011110110100011000000000000000000000000000000010000000000000000000000000000000010000000000000000000000000000001010000000000000000000000000000001000100000000000000000000000000

		Error - Wrong ACK --- Expected : 3, Actual : 2 -- the ACK will be discarded


		@@@@ timeout 3@@@@
		nextSNTemp : 7, nextSN : 3

[Local]   SENDING 		To 2	Data *	Size 24	  Sequence Number 3	(2352400 us)
LOG 2353350 us Sab1 ORIGINAL Packet: 12
LOG 2353350 us Sab1 000011101001100010011110110100011000000000000000000000000000000010000000000000000000000000000000010000000000000000000000000000000110000000000000000000000000000000100100000000000000000000000000
LOG 2353350 us Sab1 CORRUPTED Packet: 12
LOG 2353350 us Sab1 000011101001100010011110110100011000000000000000000000000000000010000000000000000000000000000000010000000000000000000000000000000110000000000000000000000000000000100100000000000000000000000000

		@@@@ timeout 1@@@@
		nextSNTemp : 5, nextSN : 1

[Local]   SENDING 		To 2	Data &	Size 24	  Sequence Number 4	(2544450 us)
LOG 2545400 us Sab1 ORIGINAL Packet: 13
LOG 2545400 us Sab1 000011101001100010011110110100011000000000000000000000000000000010000000000000000000000000000000010000000000000000000000000000001100000000000000000000000000000001010100000000000000000000000000
LOG 2545400 us Sab1 CORRUPTED Packet: 13
LOG 2545400 us Sab1 000011101001100010011110110100011000000000000000000000000000000010000000000000000000000000000000010000000000000000000000000000001100000000000000000000000000000001010100000000000000000000000000
[Central]  RECEIVED 	From 1		Data *	Size 24	  Sequence Number 3	(2545400 us)
[Central]  SENDING 		To 1	ACK 	Size 24	  Sequence Number 3	(2545400 us)
[Local]   SENDING 		To 2	Data "	Size 24	  Sequence Number 5	(2736500 us)
LOG 2737450 us Sab1 ORIGINAL Packet: 14
LOG 2737450 us Sab1 000011101001100010011110110100011000000000000000000000000000000010000000000000000000000000000000010000000000000000000000000000000010000000000000000000000000000001100100000000000000000000000000
LOG 2737450 us Sab1 CORRUPTED Packet: 14
LOG 2737450 us Sab1 000011101001100010011110110100011000000000000000000000000000000010000000000000000000000000000000010000000000000000000000000000000010000000000000000000000000000001100100000000000000000000000000
[Central]  RECEIVED 	From 1		Data &	Size 24	  Sequence Number 4	(2737450 us)
[Central]  SENDING 		To 1	ACK 	Size 24	  Sequence Number 4	(2737450 us)
[Local]   RECEIVED 	From 2		ACK 	Size 24	  Sequence Number 3	(2738400 us)

		RTT of packet with SN 3 : 386 ms
		BASE : 4	NEXTSN : 6

[Local]   SENDING 		To 2	Data $	Size 24	  Sequence Number 6	(2928550 us)
LOG 2929500 us Sab1 ORIGINAL Packet: 16
LOG 2929500 us Sab1 000011101001100010011110110100011000000000000000000000000000000010000000000000000000000000000000010000000000000000000000000000001010000000000000000000000000000001000100000000000000000000000000
LOG 2929500 us Sab1 CORRUPTED Packet: 16
LOG 2929500 us Sab1 000011101001100010011110110100011000000000000000000000000000000010000000000000000000000000000000010000000000000000000000000000001010000000000000000000000000000001000100000000000000000000000000
[Central]  RECEIVED 	From 1		Data "	Size 24	  Sequence Number 5	(2929500 us)
[Central]  SENDING 		To 1	ACK 	Size 24	  Sequence Number 5	(2929500 us)
[Local]   RECEIVED 	From 2		ACK 	Size 24	  Sequence Number 4	(2930450 us)

		RTT of packet with SN 4 : 386 ms
		BASE : 5	NEXTSN : 7

[Local]   SENDING 		To 2	Data +	Size 24	  Sequence Number 7	(3120600 us)
LOG 3121550 us Sab1 ORIGINAL Packet: 18
LOG 3121550 us Sab1 000011101001100010011110110100011000000000000000000000000000000010000000000000000000000000000000010000000000000000000000000000000110000000000000000000000000000000100100000000000000000000000000
LOG 3121550 us Sab1 CORRUPTED Packet: 18
LOG 3121550 us Sab1 000011101001100010011110110100011000000000000000000000000000000010000000000000000000000000000000010000000000000000000000000000000110000000000000000000000000000000100100000000000000000000000000
[Central]  RECEIVED 	From 1		Data $	Size 24	  Sequence Number 6	(3121550 us)
[Central]  SENDING 		To 1	ACK 	Size 24	  Sequence Number 6	(3121550 us)
[Local]   RECEIVED 	From 2		ACK 	Size 24	  Sequence Number 5	(3122500 us)

		RTT of packet with SN 5 : 386 ms
		BASE : 6	NEXTSN : 8

LOG 3313600 us Sab1 ORIGINAL Packet: 20
LOG 3313600 us Sab1 000011101001100010011110110100011000000000000000000000000000000010000000000000000000000000000000010000000000000000000000000000001110000000000000000000000000000011010100000000000000000000000000
LOG 3313600 us Sab1 CORRUPTED Packet: 20
LOG 3313600 us Sab1 000011101001100010011110110100011000000000000000000000000000000010000000000000000000000000000000010000000000000000000000000000001110000000000000000000000000000011010100000000000000000000000000
[Central]  RECEIVED 	From 1		Data +	Size 24	  Sequence Number 7	(3313600 us)
[Central]  SENDING 		To 1	ACK 	Size 24	  Sequence Number 7	(3313600 us)
[Local]   RECEIVED 	From 2		ACK 	Size 24	  Sequence Number 6	(3314550 us)

		RTT of packet with SN 6 : 386 ms
		BASE : 7	NEXTSN : 8


		@@@@ timeout 1@@@@
		nextSNTemp : 5, nextSN : 1

[Local]   RECEIVED 	From 2		ACK 	Size 24	  Sequence Number 7	(3506600 us)

		RTT of packet with SN 7 : 386 ms
		BASE : 8	NEXTSN : 8


		@@@@ timeout 8@@@@
		nextSNTemp : 12, nextSN : 8

[Local]   SENDING 		To 2	Data #	Size 24	  Sequence Number 8	(3506600 us)
[Local]   SENDING 		To 2	Data "	Size 24	  Sequence Number 9	(3698650 us)
LOG 3699600 us Sab1 ORIGINAL Packet: 23
LOG 3699600 us Sab1 000011101001100010011110110100011000000000000000000000000000000010000000000000000000000000000000010000000000000000000000000000000001000000000000000000000000000011000100000000000000000000000000
LOG 3699600 us Sab1 CORRUPTED Packet: 23
LOG 3699600 us Sab1 000011101001100010011110110100011000000000000000000000000000000010000000000000000000000000000000010000000000000000000000000000000001000000000000000000000000000011000100000000000000000000000000
[Central]  RECEIVED 	From 1		Data #	Size 24	  Sequence Number 8	(3699600 us)
[Central]  SENDING 		To 1	ACK 	Size 24	  Sequence Number 8	(3699600 us)
[Local]   SENDING 		To 2	Data $	Size 24	  Sequence Number 10	(3890700 us)
LOG 3891650 us Sab1 ORIGINAL Packet: 24
LOG 3891650 us Sab1 000011101001100010011110110100011000000000000000000000000000000010000000000000000000000000000000010000000000000000000000000000001001000000000000000000000000000001000100000000000000000000000000
LOG 3891650 us Sab1 CORRUPTED Packet: 24
LOG 3891650 us Sab1 000011101001100010011110110100011000000000000000000000000000000010000000000000000000000000000000010000000000000000000000000000001001000000000000000000000000000001000100000000000000000000000000
[Central]  RECEIVED 	From 1		Data "	Size 24	  Sequence Number 9	(3891650 us)
[Central]  SENDING 		To 1	ACK 	Size 24	  Sequence Number 9	(3891650 us)
[Local]   RECEIVED 	From 2		ACK 	Size 24	  Sequence Number 8	(3892600 us)

		RTT of packet with SN 8 : 386 ms
		BASE : 9	NEXTSN : 11

[Local]   SENDING 		To 2	Data #	Size 24	  Sequence Number 11	(4082750 us)
LOG 4083700 us Sab1 ORIGINAL Packet: 26
LOG 4083700 us Sab1 000011101001100010011110110100011000000000000000000000000000000010000000000000000000000000000000010000000000000000000000000000000101000000000000000000000000000000100100000000000000000000000000
LOG 4083700 us Sab1 CORRUPTED Packet: 26
LOG 4083700 us Sab1 000011101001100010011110110100011000000000000000000000000000000010000000000000000000000000000000010000000000000000000000000000000101000000000000000000000000000000100100000000000000000000000000
[Central]  RECEIVED 	From 1		Data $	Size 24	  Sequence Number 10	(4083700 us)
[Central]  SENDING 		To 1	ACK 	Size 24	  Sequence Number 10	(4083700 us)
[Local]   RECEIVED 	From 2		ACK 	Size 24	  Sequence Number 9	(4084650 us)

		RTT of packet with SN 9 : 386 ms
		BASE : 10	NEXTSN : 12

[Local]   SENDING 		To 2	Data &	Size 24	  Sequence Number 12	(4274800 us)
LOG 4275750 us Sab1 ORIGINAL Packet: 28
LOG 4275750 us Sab1 000011101001100010011110110100011000000000000000000000000000000010000000000000000000000000000000010000000000000000000000000000001101000000000000000000000000000011000100000000000000000000000000
LOG 4275750 us Sab1 CORRUPTED Packet: 28
LOG 4275750 us Sab1 000011101001100010011110110100011000000000000000000000000000000010000000000000000000000000000000010000000000000000000000000000001101000000000000000000000000000011000100000000000000000000000000
[Central]  RECEIVED 	From 1		Data #	Size 24	  Sequence Number 11	(4275750 us)
[Central]  SENDING 		To 1	ACK 	Size 24	  Sequence Number 11	(4275750 us)
[Local]   RECEIVED 	From 2		ACK 	Size 24	  Sequence Number 10	(4276700 us)

		RTT of packet with SN 10 : 386 ms
		BASE : 11	NEXTSN : 13

LOG 4467800 us Sab1 ORIGINAL Packet: 30
LOG 4467800 us Sab1 000011101001100010011110110100011000000000000000000000000000000010000000000000000000000000000000010000000000000000000000000000000011000000000000000000000000000001100100000000000000000000000000
LOG 4467800 us Sab1 CORRUPTED Packet: 30
LOG 4467800 us Sab1 000011101001100010011110110100011000000000000000000000000000000010000000000000000000000000000000010000000000000000000000000000000011000000000000000000000000000001100100000000000000000000000000

		@@@@ timeout 1@@@@
		nextSNTemp : 5, nextSN : 1

[Local]   RECEIVED 	From 2		ACK 	Size 24	  Sequence Number 11	(4468750 us)

		RTT of packet with SN 11 : 386 ms
		BASE : 12	NEXTSN : 13


		@@@@ timeout 12@@@@
		nextSNTemp : 16, nextSN : 12

[Local]   SENDING 		To 2	Data &	Size 24	  Sequence Number 12	(4874850 us)
[Local]   SENDING 		To 2	Data '	Size 24	  Sequence Number 13	(5066900 us)
LOG 5067850 us Sab1 ORIGINAL Packet: 32
LOG 5067850 us Sab1 000011101001100010011110110100011000000000000000000000000000000010000000000000000000000000000000010000000000000000000000000000000011000000000000000000000000000001100100000000000000000000000000
LOG 5067850 us Sab1 CORRUPTED Packet: 32
LOG 5067850 us Sab1 000011101001100010011110110100011000000000000000000000000000000010000000000000000000000000000000010000000000000000000000000000000011000000000000000000000000000001100100000000000000000000000000

		@@@@ timeout 1@@@@
		nextSNTemp : 5, nextSN : 1

[Local]   SENDING 		To 2	Data ,	Size 24	  Sequence Number 14	(5258950 us)
LOG 5259900 us Sab1 ORIGINAL Packet: 33
LOG 5259900 us Sab1 000011101001100010011110110100011000000000000000000000000000000010000000000000000000000000000000010000000000000000000000000000001011000000000000000000000000000011100100000000000000000000000000
LOG 5259900 us Sab1 CORRUPTED Packet: 33
LOG 5259900 us Sab1 000011101001100010011110110100011000000000000000000000000000000010000000000000000000000000000000010000000000000000000000000000001011000000000000000000000000000011100100000000000000000000000000
[Central]  RECEIVED 	From 1		Data '	Size 24	  Sequence Number 13	(5259900 us)
[Central]  SENDING 		To 1	ACK 	Size 24	  Sequence Number 11	(5259900 us)
[Local]   SENDING 		To 2	Data .	Size 24	  Sequence Number 15	(5451 ms)
LOG 5451950 us Sab1 ORIGINAL Packet: 34
LOG 5451950 us Sab1 000011101001100010011110110100011000000000000000000000000000000010000000000000000000000000000000010000000000000000000000000000000111000000000000000000000000000000110100000000000000000000000000
LOG 5451950 us Sab1 CORRUPTED Packet: 34
LOG 5451950 us Sab1 000011101001100010011110110100011000000000000000000000000000000010000000000000000000000000000000010000000000000000000000000000000111000000000000000000000000000000110100000000000000000000000000
[Central]  RECEIVED 	From 1		Data ,	Size 24	  Sequence Number 14	(5451950 us)
[Central]  SENDING 		To 1	ACK 	Size 24	  Sequence Number 11	(5451950 us)

		Error - Wrong ACK --- Expected : 12, Actual : 11 -- the ACK will be discarded


		@@@@ timeout 12@@@@
		nextSNTemp : 16, nextSN : 12

[Local]   SENDING 		To 2	Data &	Size 24	  Sequence Number 12	(5643050 us)
LOG 5644 ms Sab1 ORIGINAL Packet: 36
LOG 5644 ms Sab1 000011101001100010011110110100011000000000000000000000000000000010000000000000000000000000000000010000000000000000000000000000001111000000000000000000000000000001110100000000000000000000000000
LOG 5644 ms Sab1 CORRUPTED Packet: 36
LOG 5644 ms Sab1 000011101001100010011110110100011000000000000000000000000000000010000000000000000000000000000000010000000000000000000000000000001111000000000000000000000000000001110100000000000000000000000000
[Central]  RECEIVED 	From 1		Data .	Size 24	  Sequence Number 15	(5644 ms)
[Central]  SENDING 		To 1	ACK 	Size 24	  Sequence Number 11	(5644 ms)

		Error - Wrong ACK --- Expected : 12, Actual : 11 -- the ACK will be discarded

[Local]   SENDING 		To 2	Data '	Size 24	  Sequence Number 13	(5835100 us)
LOG 5836050 us Sab1 ORIGINAL Packet: 38
LOG 5836050 us Sab1 000011101001100010011110110100011000000000000000000000000000000010000000000000000000000000000000010000000000000000000000000000000011000000000000000000000000000001100100000000000000000000000000
LOG 5836050 us Sab1 CORRUPTED Packet: 38
LOG 5836050 us Sab1 000011101001100010011110110100011000000000000000000000000000000010000000000000000000000000000000010000000000000000000000000000000011000000000000000000000000000001100100000000000000000000000000

		@@@@ timeout 1@@@@
		nextSNTemp : 5, nextSN : 1


		Error - Wrong ACK --- Expected : 12, Actual : 11 -- the ACK will be discarded

[Local]   SENDING 		To 2	Data ,	Size 24	  Sequence Number 14	(6027150 us)
LOG 6028100 us Sab1 ORIGINAL Packet: 40
LOG 6028100 us Sab1 000011101001100010011110110100011000000000000000000000000000000010000000000000000000000000000000010000000000000000000000000000001011000000000000000000000000000011100100000000000000000000000000
LOG 6028100 us Sab1 CORRUPTED Packet: 40
LOG 6028100 us Sab1 000011101001100010011110110100011000000000000000000000000000000010000000000000000000000000000000010000000000000000000000000000001011000000000000000000000000000011100100000000000000000000000000
[Local]   SENDING 		To 2	Data .	Size 24	  Sequence Number 15	(6219200 us)
LOG 6220150 us Sab1 ORIGINAL Packet: 41
LOG 6220150 us Sab1 000011101001100010011110110100011000000000000000000000000000000010000000000000000000000000000000010000000000000000000000000000000111000000000000000000000000000000110100000000000000000000000000
LOG 6220150 us Sab1 CORRUPTED Packet: 41
LOG 6220150 us Sab1 000011101001100010011110110100011000000000000000000000000000000010000000000000000000000000000000010000000000000000000000000000000111000000000000000000000000000000110100000000000000000000000000
[Central]  RECEIVED 	From 1		Data ,	Size 24	  Sequence Number 14	(6220150 us)
[Central]  SENDING 		To 1	ACK 	Size 24	  Sequence Number 11	(6220150 us)

		@@@@ timeout 12@@@@
		nextSNTemp : 16, nextSN : 12

[Local]   SENDING 		To 2	Data &	Size 24	  Sequence Number 12	(6411250 us)
LOG 6412200 us Sab1 ORIGINAL Packet: 42
LOG 6412200 us Sab1 000011101001100010011110110100011000000000000000000000000000000010000000000000000000000000000000010000000000000000000000000000001111000000000000000000000000000001110100000000000000000000000000
LOG 6412200 us Sab1 CORRUPTED Packet: 42
LOG 6412200 us Sab1 000011101001100010011110110100011000000000000000000000000000000010000000000000000000000000000000010000000000000000000000000000001111000000000000000000000000000001110100000000000000000000000000
[Central]  RECEIVED 	From 1		Data .	Size 24	  Sequence Number 15	(6412200 us)
[Central]  SENDING 		To 1	ACK 	Size 24	  Sequence Number 11	(6412200 us)

		Error - Wrong ACK --- Expected : 12, Actual : 11 -- the ACK will be discarded

[Local]   SENDING 		To 2	Data '	Size 24	  Sequence Number 13	(6603300 us)
LOG 6604250 us Sab1 ORIGINAL Packet: 44
LOG 6604250 us Sab1 000011101001100010011110110100011000000000000000000000000000000010000000000000000000000000000000010000000000000000000000000000000011000000000000000000000000000001100100000000000000000000000000
LOG 6604250 us Sab1 CORRUPTED Packet: 44
LOG 6604250 us Sab1 000011101001100010011110110100011000000000000000000000000000000010000000000000000000000000000000010000000000000000000000000000000011000000000000000000000000000001100100000000000000000000000000
[Central]  RECEIVED 	From 1		Data &	Size 24	  Sequence Number 12	(6604250 us)
[Central]  SENDING 		To 1	ACK 	Size 24	  Sequence Number 12	(6604250 us)

		Error - Wrong ACK --- Expected : 12, Actual : 11 -- the ACK will be discarded

[Local]   SENDING 		To 2	Data ,	Size 24	  Sequence Number 14	(6795350 us)
LOG 6796300 us Sab1 ORIGINAL Packet: 46
LOG 6796300 us Sab1 000011101001100010011110110100011000000000000000000000000000000010000000000000000000000000000000010000000000000000000000000000001011000000000000000000000000000011100100000000000000000000000000
LOG 6796300 us Sab1 CORRUPTED Packet: 46
LOG 6796300 us Sab1 000011101001100010011110110100011000000000000000000000000000000010000000000000000000000000000000010000000000000000000000000000001011000000000000000000000000000011100100000000000000000000000000

		@@@@ timeout 1@@@@
		nextSNTemp : 5, nextSN : 1

[Local]   RECEIVED 	From 2		ACK 	Size 24	  Sequence Number 12	(6797250 us)

		RTT of packet with SN 12 : 386 ms
		BASE : 13	NEXTSN : 15

[Local]   SENDING 		To 2	Data .	Size 24	  Sequence Number 15	(6987400 us)
LOG 6988350 us Sab1 ORIGINAL Packet: 48
LOG 6988350 us Sab1 000011101001100010011110110100011000000000000000000000000000000010000000000000000000000000000000010000000000000000000000000000000111000000000000000000000000000000110100000000000000000000000000
LOG 6988350 us Sab1 CORRUPTED Packet: 48
LOG 6988350 us Sab1 000011101001100010011110110100011000000000000000000000000000000010000000000000000000000000000000010000000000000000000000000000000111000000000000000000000000000000110100000000000000000000000000
[Central]  RECEIVED 	From 1		Data ,	Size 24	  Sequence Number 14	(6988350 us)
[Central]  SENDING 		To 1	ACK 	Size 24	  Sequence Number 12	(6988350 us)
[Local]   SENDING 		To 2	Data !	Size 24	  Sequence Number 16	(7179450 us)
LOG 7180400 us Sab1 ORIGINAL Packet: 49
LOG 7180400 us Sab1 000011101001100010011110110100011000000000000000000000000000000010000000000000000000000000000000010000000000000000000000000000001111000000000000000000000000000001110100000000000000000000000000
LOG 7180400 us Sab1 CORRUPTED Packet: 49
LOG 7180400 us Sab1 000011101001100010011110110100011000000000000000000000000000000010000000000000000000000000000000010000000000000000000000000000001111000000000000000000000000000001110100000000000000000000000000

		Error - Wrong ACK --- Expected : 13, Actual : 12 -- the ACK will be discarded


		@@@@ timeout 13@@@@
		nextSNTemp : 17, nextSN : 13

[Local]   SENDING 		To 2	Data '	Size 24	  Sequence Number 13	(7371500 us)
LOG 7372450 us Sab1 ORIGINAL Packet: 51
LOG 7372450 us Sab1 000011101001100010011110110100011000000000000000000000000000000010000000000000000000000000000000010000000000000000000000000000000000100000000000000000000000000010000100000000000000000000000000
LOG 7372450 us Sab1 CORRUPTED Packet: 51
LOG 7372450 us Sab1 000011101001100010011110110100011000000000000000000000000000000010000000000000000000000000000000010000000000000000000000000000000000100000000000000000000000000010000100000000000000000000000000

		@@@@ timeout 1@@@@
		nextSNTemp : 5, nextSN : 1

[Local]   SENDING 		To 2	Data ,	Size 24	  Sequence Number 14	(7563550 us)
LOG 7564500 us Sab1 ORIGINAL Packet: 52
LOG 7564500 us Sab1 000011101001100010011110110100011000000000000000000000000000000010000000000000000000000000000000010000000000000000000000000000001011000000000000000000000000000011100100000000000000000000000000
LOG 7564500 us Sab1 CORRUPTED Packet: 52
LOG 7564500 us Sab1 000011101001100010011110110100011000000000000000000000000000000010000000000000000000000000000000010000000000000000000000000000001011000000000000000000000000000011100100000000000000000000000000
[Central]  RECEIVED 	From 1		Data '	Size 24	  Sequence Number 13	(7564500 us)
[Central]  SENDING 		To 1	ACK 	Size 24	  Sequence Number 13	(7564500 us)
[Local]   SENDING 		To 2	Data .	Size 24	  Sequence Number 15	(7755600 us)
LOG 7756550 us Sab1 ORIGINAL Packet: 53
LOG 7756550 us Sab1 000011101001100010011110110100011000000000000000000000000000000010000000000000000000000000000000010000000000000000000000000000000111000000000000000000000000000000110100000000000000000000000000
LOG 7756550 us Sab1 CORRUPTED Packet: 53
LOG 7756550 us Sab1 000011101001100010011110110100011000000000000000000000000000000010000000000000000000000000000000010000000000000000000000000000000111000000000000000000000000000000110100000000000000000000000000
[Central]  RECEIVED 	From 1		Data ,	Size 24	  Sequence Number 14	(7756550 us)
[Central]  SENDING 		To 1	ACK 	Size 24	  Sequence Number 14	(7756550 us)
[Local]   RECEIVED 	From 2		ACK 	Size 24	  Sequence Number 13	(7757500 us)

		RTT of packet with SN 13 : 386 ms
		BASE : 14	NEXTSN : 16

[Local]   SENDING 		To 2	Data !	Size 24	  Sequence Number 16	(7947650 us)
LOG 7948600 us Sab1 ORIGINAL Packet: 55
LOG 7948600 us Sab1 000011101001100010011110110100011000000000000000000000000000000010000000000000000000000000000000010000000000000000000000000000001111000000000000000000000000000001110100000000000000000000000000
LOG 7948600 us Sab1 CORRUPTED Packet: 55
LOG 7948600 us Sab1 000011101001100010011110110100011000000000000000000000000000000010000000000000000000000000000000010000000000000000000000000000001111000000000000000000000000000001110100000000000000000000000000
[Central]  RECEIVED 	From 1		Data .	Size 24	  Sequence Number 15	(7948600 us)
[Central]  SENDING 		To 1	ACK 	Size 24	  Sequence Number 15	(7948600 us)
[Local]   RECEIVED 	From 2		ACK 	Size 24	  Sequence Number 14	(7949550 us)

		RTT of packet with SN 14 : 386 ms
		BASE : 15	NEXTSN : 17


Info: /OSCI/SystemC: Simulation stopped by user.
