
Local   <-->  Central with FullDuplex channel

+----------------------------------------------------------------------------------------------+
|TASK     ACTION        FROM    TO      DATA    SIZE      SEQUENCE NUMBER       TIME STAMP     |
+----------------------------------------------------------------------------------------------+
[Local]   SENDING 		To 2	Data "	Size 24	  Sequence Number 1	(50 us)
[Local]   SENDING 		To 2	Data %	Size 24	  Sequence Number 2	(192100 us)
LOG 193050 us Sab1 ORIGINAL Packet: 0
LOG 193050 us Sab1 000011101001100010101001100111101000000000000000000000000000000010000000000000000000000000000000010000000000000000000000000000001000000000000000000000000000000001000100000000000000000000000000
LOG 193050 us Sab1 CORRUPTED Packet: 0
LOG 193050 us Sab1 000011101001100010101001100111101000000000000000000000000000000010000000000000000000000000000000010000000000000000000000000000001000000000000000000000000000000001000100000000000000000000000000
[Central]  RECEIVED 	From 1		Data "	Size 24	  Sequence Number 1	(193050 us)
[Central]  SENDING 		To 1	ACK 	Size 24	  Sequence Number 1	(193050 us)
LOG 385100 us Sab1 ORIGINAL Packet: 1
LOG 385100 us Sab1 000011101001100010101001100111101000000000000000000000000000000010000000000000000000000000000000010000000000000000000000000000000100000000000000000000000000000010100100000000000000000000000000
LOG 385100 us Sab1 CORRUPTED Packet: 1
LOG 385100 us Sab1 000011101001100010101001100111101000000000000000000000000000000010000000000000000000000000000000010000000000000000000000000000000100000000000000000000000000000010100100000000000000000000000000
[Central]  RECEIVED 	From 1		Data %	Size 24	  Sequence Number 2	(385100 us)
[Central]  SENDING 		To 1	ACK 	Size 24	  Sequence Number 2	(535100 us)
[Local]   RECEIVED 	From 2		ACK 	Size 24	  Sequence Number 1	(536050 us)

		RTT of packet with SN 1 : 536050 us
		BASE : 2	NEXTSN : 3


		@@@@ timeout 2@@@@
		nextSNTemp : 6, nextSN : 2

[Local]   SENDING 		To 2	Data %	Size 24	  Sequence Number 2	(792150 us)

		@@@@ timeout 1@@@@
		nextSNTemp : 5, nextSN : 1

[Local]   RECEIVED 	From 2		ACK 	Size 24	  Sequence Number 2	(878100 us)

		RTT of packet with SN 2 : 85950 us
		BASE : 3	NEXTSN : 3


		@@@@ timeout 3@@@@
		nextSNTemp : 7, nextSN : 3

[Local]   SENDING 		To 2	Data *	Size 24	  Sequence Number 3	(984200 us)
LOG 985150 us Sab1 ORIGINAL Packet: 4
LOG 985150 us Sab1 000011101001100010101001100111101000000000000000000000000000000010000000000000000000000000000000010000000000000000000000000000000100000000000000000000000000000010100100000000000000000000000000
LOG 985150 us Sab1 CORRUPTED Packet: 4
LOG 985150 us Sab1 000011101001100010101001100111101000000000000000000000000000000010000000000000000000000000000000010000000000000000000000000000000100000000000000000000000000000010100100000000000000000000000000
[Central]  RECEIVED 	From 1		Data %	Size 24	  Sequence Number 2	(985150 us)
[Central]  SENDING 		To 1	ACK 	Size 24	  Sequence Number 2	(985150 us)
[Local]   SENDING 		To 2	Data &	Size 24	  Sequence Number 4	(1176250 us)
LOG 1177200 us Sab1 ORIGINAL Packet: 5
LOG 1177200 us Sab1 000011101001100010101001100111101000000000000000000000000000000010000000000000000000000000000000010000000000000000000000000000001100000000000000000000000000000001010100000000000000000000000000
LOG 1177200 us Sab1 CORRUPTED Packet: 5
LOG 1177200 us Sab1 000011101001100010101001100111101000000000000000000000000000000010000000000000000000000000000000010000000000000000000000000000001100000000000000000000000000000001010100000000000000000000000000
[Central]  RECEIVED 	From 1		Data *	Size 24	  Sequence Number 3	(1177200 us)
[Central]  SENDING 		To 1	ACK 	Size 24	  Sequence Number 3	(1327200 us)

		Error - Wrong ACK --- Expected : 3, Actual : 2 -- the ACK will be discarded

[Local]   SENDING 		To 2	Data +	Size 24	  Sequence Number 5	(1368300 us)
LOG 1369250 us Sab1 ORIGINAL Packet: 7
LOG 1369250 us Sab1 000011101001100010101001100111101000000000000000000000000000000010000000000000000000000000000000010000000000000000000000000000000010000000000000000000000000000001100100000000000000000000000000
LOG 1369250 us Sab1 CORRUPTED Packet: 7
LOG 1369250 us Sab1 000011101001100010101001100111101000000000000000000000000000000010000000000000000000000000000000010000000000000000000000000000000010000000000000000000000000000001100100000000000000000000000000
[Central]  RECEIVED 	From 1		Data &	Size 24	  Sequence Number 4	(1369250 us)
[Local]   SENDING 		To 2	Data #	Size 24	  Sequence Number 6	(1560350 us)
LOG 1561300 us Sab1 ORIGINAL Packet: 9
LOG 1561300 us Sab1 000011101001100010101001100111101000000000000000000000000000000010000000000000000000000000000000010000000000000000000000000000001010000000000000000000000000000011010100000000000000000000000000
LOG 1561300 us Sab1 CORRUPTED Packet: 9
LOG 1561300 us Sab1 000011101001100010101001100111101000000000000000000000000000000010000000000000000000000000000000010000000000000000000000000000001010000000000000000000000000000011010100000000000000000000000000
[Central]  RECEIVED 	From 1		Data +	Size 24	  Sequence Number 5	(1561300 us)
[Central]  SENDING 		To 1	ACK 	Size 24	  Sequence Number 4	(1669250 us)
[Local]   RECEIVED 	From 2		ACK 	Size 24	  Sequence Number 3	(1670200 us)

		RTT of packet with SN 3 : 686 ms
		BASE : 4	NEXTSN : 7


		#### timeout 3#### 1670200 us
[Local]   SENDING 		To 2	Data "	Size 24	  Sequence Number 7	(1752400 us)
LOG 1753350 us Sab1 ORIGINAL Packet: 10
LOG 1753350 us Sab1 000011101001100010101001100111101000000000000000000000000000000010000000000000000000000000000000010000000000000000000000000000000110000000000000000000000000000011000100000000000000000000000000
LOG 1753350 us Sab1 CORRUPTED Packet: 10
LOG 1753350 us Sab1 000011101001100010101001100111101000000000000000000000000000000010000000000000000000000000000000010000000000000000000000000000000110000000000000000000000000000011000100000000000000000000000000
[Central]  RECEIVED 	From 1		Data #	Size 24	  Sequence Number 6	(1753350 us)

		@@@@ timeout 4@@@@
		nextSNTemp : 8, nextSN : 4

[Local]   SENDING 		To 2	Data &	Size 24	  Sequence Number 4	(1944450 us)
LOG 1945400 us Sab1 ORIGINAL Packet: 12
LOG 1945400 us Sab1 000011101001100010101001100111101000000000000000000000000000000010000000000000000000000000000000010000000000000000000000000000001110000000000000000000000000000001000100000000000000000000000000
LOG 1945400 us Sab1 CORRUPTED Packet: 12
LOG 1945400 us Sab1 000011101001100010101001100111101000000000000000000000000000000010000000000000000000000000000000010000000000000000000000000000001110000000000000000000000000000001000100000000000000000000000000
[Central]  RECEIVED 	From 1		Data "	Size 24	  Sequence Number 7	(1945400 us)
[Central]  SENDING 		To 1	ACK 	Size 24	  Sequence Number 5	(2011300 us)
[Local]   RECEIVED 	From 2		ACK 	Size 24	  Sequence Number 4	(2012250 us)

		RTT of packet with SN 4 : 67800 us
		BASE : 5	NEXTSN : 5


		@@@@ timeout 5@@@@
		nextSNTemp : 9, nextSN : 5

[Local]   SENDING 		To 2	Data +	Size 24	  Sequence Number 5	(2136500 us)
LOG 2137450 us Sab1 ORIGINAL Packet: 13
LOG 2137450 us Sab1 000011101001100010101001100111101000000000000000000000000000000010000000000000000000000000000000010000000000000000000000000000000010000000000000000000000000000001100100000000000000000000000000
LOG 2137450 us Sab1 CORRUPTED Packet: 13
LOG 2137450 us Sab1 000011101001100010101001100111101000000000000000000000000000000010000000000000000000000000000000010000000000000000000000000000000010000000000000000000000000000001100100000000000000000000000000
[Central]  RECEIVED 	From 1		Data &	Size 24	  Sequence Number 4	(2137450 us)
[Local]   SENDING 		To 2	Data #	Size 24	  Sequence Number 6	(2328550 us)
LOG 2329500 us Sab1 ORIGINAL Packet: 15
LOG 2329500 us Sab1 000011101001100010101001100111101000000000000000000000000000000010000000000000000000000000000000010000000000000000000000000000001010000000000000000000000000000011010100000000000000000000000000
LOG 2329500 us Sab1 CORRUPTED Packet: 15
LOG 2329500 us Sab1 000011101001100010101001100111101000000000000000000000000000000010000000000000000000000000000000010000000000000000000000000000001010000000000000000000000000000011010100000000000000000000000000
[Central]  RECEIVED 	From 1		Data +	Size 24	  Sequence Number 5	(2329500 us)
[Central]  SENDING 		To 1	ACK 	Size 24	  Sequence Number 6	(2353350 us)
[Local]   RECEIVED 	From 2		ACK 	Size 24	  Sequence Number 5	(2354300 us)

		RTT of packet with SN 5 : 217800 us
		BASE : 6	NEXTSN : 7

[Local]   SENDING 		To 2	Data "	Size 24	  Sequence Number 7	(2520600 us)
LOG 2521550 us Sab1 ORIGINAL Packet: 16
LOG 2521550 us Sab1 000011101001100010101001100111101000000000000000000000000000000010000000000000000000000000000000010000000000000000000000000000000110000000000000000000000000000011000100000000000000000000000000
LOG 2521550 us Sab1 CORRUPTED Packet: 16
LOG 2521550 us Sab1 000011101001100010101001100111101000000000000000000000000000000010000000000000000000000000000000010000000000000000000000000000000110000000000000000000000000000011000100000000000000000000000000
[Central]  RECEIVED 	From 1		Data #	Size 24	  Sequence Number 6	(2521550 us)
[Central]  SENDING 		To 1	ACK 	Size 24	  Sequence Number 7	(2695400 us)
[Local]   RECEIVED 	From 2		ACK 	Size 24	  Sequence Number 6	(2696350 us)

		RTT of packet with SN 6 : 367800 us
		BASE : 7	NEXTSN : 8

[Local]   SENDING 		To 2	Data $	Size 24	  Sequence Number 8	(2712650 us)
LOG 2713600 us Sab1 ORIGINAL Packet: 18
LOG 2713600 us Sab1 000011101001100010101001100111101000000000000000000000000000000010000000000000000000000000000000010000000000000000000000000000001110000000000000000000000000000001000100000000000000000000000000
LOG 2713600 us Sab1 CORRUPTED Packet: 18
LOG 2713600 us Sab1 000011101001100010101001100111101000000000000000000000000000000010000000000000000000000000000000010000000000000000000000000000001110000000000000000000000000000001000100000000000000000000000000
[Central]  RECEIVED 	From 1		Data "	Size 24	  Sequence Number 7	(2713600 us)
[Local]   SENDING 		To 2	Data &	Size 24	  Sequence Number 9	(2904700 us)
LOG 2905650 us Sab1 ORIGINAL Packet: 20
LOG 2905650 us Sab1 000011101001100010101001100111101000000000000000000000000000000010000000000000000000000000000000010000000000000000000000000000000001000000000000000000000000000000100100000000000000000000000000
LOG 2905650 us Sab1 CORRUPTED Packet: 20
LOG 2905650 us Sab1 000011101001100010101001100111101000000000000000000000000000000010000000000000000000000000000000010000000000000000000000000000000001000000000000000000000000000000100100000000000000000000000000
[Central]  RECEIVED 	From 1		Data $	Size 24	  Sequence Number 8	(2905650 us)
[Central]  SENDING 		To 1	ACK 	Size 24	  Sequence Number 7	(3037450 us)
[Local]   RECEIVED 	From 2		ACK 	Size 24	  Sequence Number 7	(3038400 us)

		RTT of packet with SN 7 : 517800 us
		BASE : 8	NEXTSN : 10

[Local]   SENDING 		To 2	Data '	Size 24	  Sequence Number 10	(3096750 us)
LOG 3097700 us Sab1 ORIGINAL Packet: 21
LOG 3097700 us Sab1 000011101001100010101001100111101000000000000000000000000000000010000000000000000000000000000000010000000000000000000000000000001001000000000000000000000000000001100100000000000000000000000000
LOG 3097700 us Sab1 CORRUPTED Packet: 21
LOG 3097700 us Sab1 000011101001100010101001100111101000000000000000000000000000000010000000000000000000000000000000010000000000000000000000000000001001000000000000000000000000000001100100000000000000000000000000
[Central]  RECEIVED 	From 1		Data &	Size 24	  Sequence Number 9	(3097700 us)
LOG 3289750 us Sab1 ORIGINAL Packet: 23
LOG 3289750 us Sab1 000011101001100010101001100111101000000000000000000000000000000010000000000000000000000000000000010000000000000000000000000000000101000000000000000000000000000011100100000000000000000000000000
LOG 3289750 us Sab1 CORRUPTED Packet: 23
LOG 3289750 us Sab1 000011101001100010101001100111101000000000000000000000000000000010000000000000000000000000000000010000000000000000000000000000000101000000000000000000000000000011100100000000000000000000000000
[Central]  RECEIVED 	From 1		Data '	Size 24	  Sequence Number 10	(3289750 us)

		@@@@ timeout 8@@@@
		nextSNTemp : 12, nextSN : 8

[Local]   SENDING 		To 2	Data $	Size 24	  Sequence Number 8	(3312700 us)
[Central]  SENDING 		To 1	ACK 	Size 24	  Sequence Number 7	(3379500 us)

		Error - Wrong ACK --- Expected : 8, Actual : 7 -- the ACK will be discarded

[Local]   SENDING 		To 2	Data &	Size 24	  Sequence Number 9	(3504750 us)
LOG 3505700 us Sab1 ORIGINAL Packet: 24
LOG 3505700 us Sab1 000011101001100010101001100111101000000000000000000000000000000010000000000000000000000000000000010000000000000000000000000000000001000000000000000000000000000000100100000000000000000000000000
LOG 3505700 us Sab1 CORRUPTED Packet: 24
LOG 3505700 us Sab1 000011101001100010101001100111101000000000000000000000000000000010000000000000000000000000000000010000000000000000000000000000000001000000000000000000000000000000100100000000000000000000000000
[Central]  RECEIVED 	From 1		Data $	Size 24	  Sequence Number 8	(3505700 us)
[Local]   SENDING 		To 2	Data '	Size 24	  Sequence Number 10	(3696800 us)
LOG 3697750 us Sab1 ORIGINAL Packet: 26
LOG 3697750 us Sab1 000011101001100010101001100111101000000000000000000000000000000010000000000000000000000000000000010000000000000000000000000000001001000000000000000000000000000001100100000000000000000000000000
LOG 3697750 us Sab1 CORRUPTED Packet: 26
LOG 3697750 us Sab1 000011101001100010101001100111101000000000000000000000000000000010000000000000000000000000000000010000000000000000000000000000001001000000000000000000000000000001100100000000000000000000000000
[Central]  RECEIVED 	From 1		Data &	Size 24	  Sequence Number 9	(3697750 us)
[Central]  SENDING 		To 1	ACK 	Size 24	  Sequence Number 7	(3721550 us)

		Error - Wrong ACK --- Expected : 8, Actual : 7 -- the ACK will be discarded

[Local]   SENDING 		To 2	Data ,	Size 24	  Sequence Number 11	(3888850 us)
LOG 3889800 us Sab1 ORIGINAL Packet: 27
LOG 3889800 us Sab1 000011101001100010101001100111101000000000000000000000000000000010000000000000000000000000000000010000000000000000000000000000000101000000000000000000000000000011100100000000000000000000000000
LOG 3889800 us Sab1 CORRUPTED Packet: 27
LOG 3889800 us Sab1 000011101001100010101001100111101000000000000000000000000000000010000000000000000000000000000000010000000000000000000000000000000101000000000000000000000000000011100100000000000000000000000000
[Central]  RECEIVED 	From 1		Data '	Size 24	  Sequence Number 10	(3889800 us)
[Central]  SENDING 		To 1	ACK 	Size 24	  Sequence Number 7	(4063600 us)

		Error - Wrong ACK --- Expected : 8, Actual : 7 -- the ACK will be discarded


		@@@@ timeout 8@@@@
		nextSNTemp : 12, nextSN : 8

[Local]   SENDING 		To 2	Data $	Size 24	  Sequence Number 8	(4080900 us)
LOG 4081850 us Sab1 ORIGINAL Packet: 29
LOG 4081850 us Sab1 000011101001100010101001100111101000000000000000000000000000000010000000000000000000000000000000010000000000000000000000000000001101000000000000000000000000000000110100000000000000000000000000
LOG 4081850 us Sab1 CORRUPTED Packet: 29
LOG 4081850 us Sab1 000011101001100010101001100111101000000000000000000000000000000010000000000000000000000000000000010000000000000000000000000000001101000000000000000000000000000000110100000000000000000000000000
[Central]  RECEIVED 	From 1		Data ,	Size 24	  Sequence Number 11	(4081850 us)
[Local]   SENDING 		To 2	Data &	Size 24	  Sequence Number 9	(4272950 us)
LOG 4273900 us Sab1 ORIGINAL Packet: 31
LOG 4273900 us Sab1 000011101001100010101001100111101000000000000000000000000000000010000000000000000000000000000000010000000000000000000000000000000001000000000000000000000000000000100100000000000000000000000000
LOG 4273900 us Sab1 CORRUPTED Packet: 31
LOG 4273900 us Sab1 000011101001100010101001100111101000000000000000000000000000000010000000000000000000000000000000010000000000000000000000000000000001000000000000000000000000000000100100000000000000000000000000
[Central]  RECEIVED 	From 1		Data $	Size 24	  Sequence Number 8	(4273900 us)
[Central]  SENDING 		To 1	ACK 	Size 24	  Sequence Number 8	(4405650 us)

		Error - Wrong ACK --- Expected : 8, Actual : 7 -- the ACK will be discarded

[Local]   SENDING 		To 2	Data '	Size 24	  Sequence Number 10	(4465 ms)
LOG 4465950 us Sab1 ORIGINAL Packet: 32
LOG 4465950 us Sab1 000011101001100010101001100111101000000000000000000000000000000010000000000000000000000000000000010000000000000000000000000000001001000000000000000000000000000001100100000000000000000000000000
LOG 4465950 us Sab1 CORRUPTED Packet: 32
LOG 4465950 us Sab1 000011101001100010101001100111101000000000000000000000000000000010000000000000000000000000000000010000000000000000000000000000001001000000000000000000000000000001100100000000000000000000000000
[Central]  RECEIVED 	From 1		Data &	Size 24	  Sequence Number 9	(4465950 us)
[Local]   SENDING 		To 2	Data ,	Size 24	  Sequence Number 11	(4657050 us)
LOG 4658 ms Sab1 ORIGINAL Packet: 34
LOG 4658 ms Sab1 000011101001100010101001100111101000000000000000000000000000000010000000000000000000000000000000010000000000000000000000000000000101000000000000000000000000000011100100000000000000000000000000
LOG 4658 ms Sab1 CORRUPTED Packet: 34
LOG 4658 ms Sab1 000011101001100010101001100111101000000000000000000000000000000010000000000000000000000000000000010000000000000000000000000000000101000000000000000000000000000011100100000000000000000000000000
[Central]  RECEIVED 	From 1		Data '	Size 24	  Sequence Number 10	(4658 ms)
[Central]  SENDING 		To 1	ACK 	Size 24	  Sequence Number 9	(4747700 us)
[Local]   RECEIVED 	From 2		ACK 	Size 24	  Sequence Number 8	(4748650 us)

		RTT of packet with SN 8 : 667750 us
		BASE : 9	NEXTSN : 12


		#### timeout 8#### 4748650 us
[Local]   SENDING 		To 2	Data .	Size 24	  Sequence Number 12	(4849100 us)
LOG 4850050 us Sab1 ORIGINAL Packet: 35
LOG 4850050 us Sab1 000011101001100010101001100111101000000000000000000000000000000010000000000000000000000000000000010000000000000000000000000000001101000000000000000000000000000000110100000000000000000000000000
LOG 4850050 us Sab1 CORRUPTED Packet: 35
LOG 4850050 us Sab1 000011101001100010101001100111101000000000000000000000000000000010000000000000000000000000000000010000000000000000000000000000001101000000000000000000000000000000110100000000000000000000000000
[Central]  RECEIVED 	From 1		Data ,	Size 24	  Sequence Number 11	(4850050 us)

		@@@@ timeout 9@@@@
		nextSNTemp : 13, nextSN : 9

[Local]   SENDING 		To 2	Data &	Size 24	  Sequence Number 9	(5041150 us)
LOG 5042100 us Sab1 ORIGINAL Packet: 37
LOG 5042100 us Sab1 000011101001100010101001100111101000000000000000000000000000000010000000000000000000000000000000010000000000000000000000000000000011000000000000000000000000000001110100000000000000000000000000
LOG 5042100 us Sab1 CORRUPTED Packet: 37
LOG 5042100 us Sab1 000011101001100010101001100111101000000000000000000000000000000010000000000000000000000000000000010000000000000000000000000000000011000000000000000000000000000001110100000000000000000000000000
[Central]  RECEIVED 	From 1		Data .	Size 24	  Sequence Number 12	(5042100 us)
[Central]  SENDING 		To 1	ACK 	Size 24	  Sequence Number 10	(5089750 us)
[Local]   RECEIVED 	From 2		ACK 	Size 24	  Sequence Number 9	(5090700 us)

		RTT of packet with SN 9 : 49550 us
		BASE : 10	NEXTSN : 10


		@@@@ timeout 10@@@@
		nextSNTemp : 14, nextSN : 10

[Local]   SENDING 		To 2	Data '	Size 24	  Sequence Number 10	(5233200 us)
LOG 5234150 us Sab1 ORIGINAL Packet: 38
LOG 5234150 us Sab1 000011101001100010101001100111101000000000000000000000000000000010000000000000000000000000000000010000000000000000000000000000001001000000000000000000000000000001100100000000000000000000000000
LOG 5234150 us Sab1 CORRUPTED Packet: 38
LOG 5234150 us Sab1 000011101001100010101001100111101000000000000000000000000000000010000000000000000000000000000000010000000000000000000000000000001001000000000000000000000000000001100100000000000000000000000000
[Central]  RECEIVED 	From 1		Data &	Size 24	  Sequence Number 9	(5234150 us)
[Local]   SENDING 		To 2	Data ,	Size 24	  Sequence Number 11	(5425250 us)
LOG 5426200 us Sab1 ORIGINAL Packet: 40
LOG 5426200 us Sab1 000011101001100010101001100111101000000000000000000000000000000010000000000000000000000000000000010000000000000000000000000000000101000000000000000000000000000011100100000000000000000000000000
LOG 5426200 us Sab1 CORRUPTED Packet: 40
LOG 5426200 us Sab1 000011101001100010101001100111101000000000000000000000000000000010000000000000000000000000000000010000000000000000000000000000000101000000000000000000000000000011100100000000000000000000000000
[Central]  RECEIVED 	From 1		Data '	Size 24	  Sequence Number 10	(5426200 us)
[Central]  SENDING 		To 1	ACK 	Size 24	  Sequence Number 10	(5431800 us)
[Local]   RECEIVED 	From 2		ACK 	Size 24	  Sequence Number 10	(5432750 us)

		RTT of packet with SN 10 : 199550 us
		BASE : 11	NEXTSN : 12

[Local]   SENDING 		To 2	Data .	Size 24	  Sequence Number 12	(5617300 us)
LOG 5618250 us Sab1 ORIGINAL Packet: 41
LOG 5618250 us Sab1 000011101001100010101001100111101000000000000000000000000000000010000000000000000000000000000000010000000000000000000000000000001101000000000000000000000000000000110100000000000000000000000000
LOG 5618250 us Sab1 CORRUPTED Packet: 41
LOG 5618250 us Sab1 000011101001100010101001100111101000000000000000000000000000000010000000000000000000000000000000010000000000000000000000000000001101000000000000000000000000000000110100000000000000000000000000
[Central]  RECEIVED 	From 1		Data ,	Size 24	  Sequence Number 11	(5618250 us)
[Central]  SENDING 		To 1	ACK 	Size 24	  Sequence Number 10	(5773850 us)

		Error - Wrong ACK --- Expected : 11, Actual : 10 -- the ACK will be discarded

[Local]   SENDING 		To 2	Data !	Size 24	  Sequence Number 13	(5809350 us)
LOG 5810300 us Sab1 ORIGINAL Packet: 43
LOG 5810300 us Sab1 000011101001100010101001100111101000000000000000000000000000000010000000000000000000000000000000010000000000000000000000000000000011000000000000000000000000000001110100000000000000000000000000
LOG 5810300 us Sab1 CORRUPTED Packet: 43
LOG 5810300 us Sab1 000011101001100010101001100111101000000000000000000000000000000010000000000000000000000000000000010000000000000000000000000000000011000000000000000000000000000001110100000000000000000000000000
[Central]  RECEIVED 	From 1		Data .	Size 24	  Sequence Number 12	(5810300 us)
[Local]   SENDING 		To 2	Data +	Size 24	  Sequence Number 14	(6001400 us)
LOG 6002350 us Sab1 ORIGINAL Packet: 45
LOG 6002350 us Sab1 000011101001100010101001100111101000000000000000000000000000000010000000000000000000000000000000010000000000000000000000000000001011000000000000000000000000000010000100000000000000000000000000
LOG 6002350 us Sab1 CORRUPTED Packet: 45
LOG 6002350 us Sab1 000011101001100010101001100111101000000000000000000000000000000010000000000000000000000000000000010000000000000000000000000000001011000000000000000000000000000010000100000000000000000000000000
[Central]  RECEIVED 	From 1		Data !	Size 24	  Sequence Number 13	(6002350 us)
[Central]  SENDING 		To 1	ACK 	Size 24	  Sequence Number 10	(6115900 us)

		Error - Wrong ACK --- Expected : 11, Actual : 10 -- the ACK will be discarded


		@@@@ timeout 11@@@@
		nextSNTemp : 15, nextSN : 11

[Local]   SENDING 		To 2	Data ,	Size 24	  Sequence Number 11	(6193450 us)
LOG 6194400 us Sab1 ORIGINAL Packet: 46
LOG 6194400 us Sab1 000011101001100010101001100111101000000000000000000000000000000010000000000000000000000000000000010000000000000000000000000000000111000000000000000000000000000011010100000000000000000000000000
LOG 6194400 us Sab1 CORRUPTED Packet: 46
LOG 6194400 us Sab1 000011101001100010101001100111101000000000000000000000000000000010000000000000000000000000000000010000000000000000000000000000000111000000000000000000000000000011010100000000000000000000000000
[Central]  RECEIVED 	From 1		Data +	Size 24	  Sequence Number 14	(6194400 us)
[Local]   SENDING 		To 2	Data .	Size 24	  Sequence Number 12	(6385500 us)
LOG 6386450 us Sab1 ORIGINAL Packet: 48
LOG 6386450 us Sab1 000011101001100010101001100111101000000000000000000000000000000010000000000000000000000000000000010000000000000000000000000000001101000000000000000000000000000000110100000000000000000000000000
LOG 6386450 us Sab1 CORRUPTED Packet: 48
LOG 6386450 us Sab1 000011101001100010101001100111101000000000000000000000000000000010000000000000000000000000000000010000000000000000000000000000001101000000000000000000000000000000110100000000000000000000000000
[Central]  RECEIVED 	From 1		Data ,	Size 24	  Sequence Number 11	(6386450 us)
[Central]  SENDING 		To 1	ACK 	Size 24	  Sequence Number 11	(6457950 us)

		Error - Wrong ACK --- Expected : 11, Actual : 10 -- the ACK will be discarded

[Local]   SENDING 		To 2	Data !	Size 24	  Sequence Number 13	(6577550 us)
LOG 6578500 us Sab1 ORIGINAL Packet: 49
LOG 6578500 us Sab1 000011101001100010101001100111101000000000000000000000000000000010000000000000000000000000000000010000000000000000000000000000000011000000000000000000000000000001110100000000000000000000000000
LOG 6578500 us Sab1 CORRUPTED Packet: 49
LOG 6578500 us Sab1 000011101001100010101001100111101000000000000000000000000000000010000000000000000000000000000000010000000000000000000000000000000011000000000000000000000000000001110100000000000000000000000000
[Central]  RECEIVED 	From 1		Data .	Size 24	  Sequence Number 12	(6578500 us)
[Local]   SENDING 		To 2	Data +	Size 24	  Sequence Number 14	(6769600 us)
LOG 6770550 us Sab1 ORIGINAL Packet: 51
LOG 6770550 us Sab1 000011101001100010101001100111101000000000000000000000000000000010000000000000000000000000000000010000000000000000000000000000001011000000000000000000000000000010000100000000000000000000000000
LOG 6770550 us Sab1 CORRUPTED Packet: 51
LOG 6770550 us Sab1 000011101001100010101001100111101000000000000000000000000000000010000000000000000000000000000000010000000000000000000000000000001011000000000000000000000000000010000100000000000000000000000000
[Central]  RECEIVED 	From 1		Data !	Size 24	  Sequence Number 13	(6770550 us)
[Central]  SENDING 		To 1	ACK 	Size 24	  Sequence Number 11	(6800 ms)
[Local]   RECEIVED 	From 2		ACK 	Size 24	  Sequence Number 11	(6800950 us)

		RTT of packet with SN 11 : 607500 us
		BASE : 12	NEXTSN : 15


		#### timeout 11#### 6800950 us
[Local]   SENDING 		To 2	Data )	Size 24	  Sequence Number 15	(6961650 us)
LOG 6962600 us Sab1 ORIGINAL Packet: 52
LOG 6962600 us Sab1 000011101001100010101001100111101000000000000000000000000000000010000000000000000000000000000000010000000000000000000000000000000111000000000000000000000000000011010100000000000000000000000000
LOG 6962600 us Sab1 CORRUPTED Packet: 52
LOG 6962600 us Sab1 000011101001100010101001100111101000000000000000000000000000000010000000000000000000000000000000010000000000000000000000000000000111000000000000000000000000000011010100000000000000000000000000
[Central]  RECEIVED 	From 1		Data +	Size 24	  Sequence Number 14	(6962600 us)
[Central]  SENDING 		To 1	ACK 	Size 24	  Sequence Number 11	(7142050 us)

		Error - Wrong ACK --- Expected : 12, Actual : 11 -- the ACK will be discarded


		@@@@ timeout 12@@@@
		nextSNTemp : 16, nextSN : 12

[Local]   SENDING 		To 2	Data .	Size 24	  Sequence Number 12	(7153700 us)
LOG 7154650 us Sab1 ORIGINAL Packet: 54
LOG 7154650 us Sab1 000011101001100010101001100111101000000000000000000000000000000010000000000000000000000000000000010000000000000000000000000000001111000000000000000000000000000010010100000000000000000000000000
LOG 7154650 us Sab1 CORRUPTED Packet: 54
LOG 7154650 us Sab1 000011101001100010101001100111101000000000000000000000000000000010000000000000000000000000000000010000000000000000000000000000001111000000000000000000000000000010010100000000000000000000000000
[Central]  RECEIVED 	From 1		Data )	Size 24	  Sequence Number 15	(7154650 us)
[Local]   SENDING 		To 2	Data !	Size 24	  Sequence Number 13	(7345750 us)
LOG 7346700 us Sab1 ORIGINAL Packet: 56
LOG 7346700 us Sab1 000011101001100010101001100111101000000000000000000000000000000010000000000000000000000000000000010000000000000000000000000000000011000000000000000000000000000001110100000000000000000000000000
LOG 7346700 us Sab1 CORRUPTED Packet: 56
LOG 7346700 us Sab1 000011101001100010101001100111101000000000000000000000000000000010000000000000000000000000000000010000000000000000000000000000000011000000000000000000000000000001110100000000000000000000000000
[Central]  RECEIVED 	From 1		Data .	Size 24	  Sequence Number 12	(7346700 us)
[Central]  SENDING 		To 1	ACK 	Size 24	  Sequence Number 11	(7484100 us)

		Error - Wrong ACK --- Expected : 12, Actual : 11 -- the ACK will be discarded

[Local]   SENDING 		To 2	Data +	Size 24	  Sequence Number 14	(7537800 us)
LOG 7538750 us Sab1 ORIGINAL Packet: 57
LOG 7538750 us Sab1 000011101001100010101001100111101000000000000000000000000000000010000000000000000000000000000000010000000000000000000000000000001011000000000000000000000000000010000100000000000000000000000000
LOG 7538750 us Sab1 CORRUPTED Packet: 57
LOG 7538750 us Sab1 000011101001100010101001100111101000000000000000000000000000000010000000000000000000000000000000010000000000000000000000000000001011000000000000000000000000000010000100000000000000000000000000
[Central]  RECEIVED 	From 1		Data !	Size 24	  Sequence Number 13	(7538750 us)
[Local]   SENDING 		To 2	Data )	Size 24	  Sequence Number 15	(7729850 us)
LOG 7730800 us Sab1 ORIGINAL Packet: 59
LOG 7730800 us Sab1 000011101001100010101001100111101000000000000000000000000000000010000000000000000000000000000000010000000000000000000000000000000111000000000000000000000000000011010100000000000000000000000000
LOG 7730800 us Sab1 CORRUPTED Packet: 59
LOG 7730800 us Sab1 000011101001100010101001100111101000000000000000000000000000000010000000000000000000000000000000010000000000000000000000000000000111000000000000000000000000000011010100000000000000000000000000
[Central]  RECEIVED 	From 1		Data +	Size 24	  Sequence Number 14	(7730800 us)
[Central]  SENDING 		To 1	ACK 	Size 24	  Sequence Number 11	(7826150 us)

		Error - Wrong ACK --- Expected : 12, Actual : 11 -- the ACK will be discarded


		@@@@ timeout 12@@@@
		nextSNTemp : 16, nextSN : 12

[Local]   SENDING 		To 2	Data .	Size 24	  Sequence Number 12	(7921900 us)
LOG 7922850 us Sab1 ORIGINAL Packet: 60
LOG 7922850 us Sab1 000011101001100010101001100111101000000000000000000000000000000010000000000000000000000000000000010000000000000000000000000000001111000000000000000000000000000010010100000000000000000000000000
LOG 7922850 us Sab1 CORRUPTED Packet: 60
LOG 7922850 us Sab1 000011101001100010101001100111101000000000000000000000000000000010000000000000000000000000000000010000000000000000000000000000001111000000000000000000000000000010010100000000000000000000000000
[Central]  RECEIVED 	From 1		Data )	Size 24	  Sequence Number 15	(7922850 us)

Info: /OSCI/SystemC: Simulation stopped by user.
