
Local   <-->  Central with FullDuplex channel

+----------------------------------------------------------------------------------------------+
|TASK     ACTION        FROM    TO      DATA    SIZE      SEQUENCE NUMBER       TIME STAMP     |
+----------------------------------------------------------------------------------------------+
[Local]   SENDING 		To 2	Data "	Size 24	  Sequence Number 1	(50 us)
[Local]   SENDING 		To 2	Data %	Size 24	  Sequence Number 2	(192100 us)
LOG 193050 us Sab1 ORIGINAL Packet: 0
LOG 193050 us Sab1 000011101001010011010110001010011000000000000000000000000000000010000000000000000000000000000000010000000000000000000000000000001000000000000000000000000000000001000100000000000000000000000000
LOG 193050 us Sab1 CORRUPTED Packet: 0
LOG 193050 us Sab1 000011101001010011010110001010011000000000000000000000000000000010000000000000000000000000000000010000000000000000000000000000001000000000000000000000000000000001000100000000000000000000000000
[Central]  RECEIVED 	From 1		Data "	Size 24	  Sequence Number 1	(193050 us)
[Central]  SENDING 		To 1	ACK 	Size 24	  Sequence Number 1	(193050 us)
LOG 385100 us Sab1 ORIGINAL Packet: 1
LOG 385100 us Sab1 000011101001010011010110001010011000000000000000000000000000000010000000000000000000000000000000010000000000000000000000000000000100000000000000000000000000000010100100000000000000000000000000
LOG 385100 us Sab1 CORRUPTED Packet: 1
LOG 385100 us Sab1 000011101001010011010110001010011000000000000000000000000000000010000000000000000000000000000000010000000000000000000000000000000100000000000000000000000000000010100100000000000000000000000000
[Central]  RECEIVED 	From 1		Data %	Size 24	  Sequence Number 2	(385100 us)
[Central]  SENDING 		To 1	ACK 	Size 24	  Sequence Number 2	(435100 us)
[Local]   RECEIVED 	From 2		ACK 	Size 24	  Sequence Number 1	(436050 us)

		RTT of packet with SN 1 : 436050 us
		BASE : 2	NEXTSN : 3


		@@@@ timeout 1@@@@
		nextSNTemp : 5, nextSN : 1

[Local]   RECEIVED 	From 2		ACK 	Size 24	  Sequence Number 2	(678100 us)

		RTT of packet with SN 2 : 486 ms
		BASE : 3	NEXTSN : 3


		@@@@ timeout 3@@@@
		nextSNTemp : 7, nextSN : 3

[Local]   SENDING 		To 2	Data *	Size 24	  Sequence Number 3	(678100 us)
[Local]   SENDING 		To 2	Data &	Size 24	  Sequence Number 4	(870150 us)
LOG 871100 us Sab1 ORIGINAL Packet: 4
LOG 871100 us Sab1 000011101001010011010110001010011000000000000000000000000000000010000000000000000000000000000000010000000000000000000000000000001100000000000000000000000000000001010100000000000000000000000000
LOG 871100 us Sab1 CORRUPTED Packet: 4
LOG 871100 us Sab1 000011101001010011010110001010011000000000000000000000000000000010000000000000000000000000000000010000000000000000000000000000001100000000000000000000000000000001010100000000000000000000000000
[Central]  RECEIVED 	From 1		Data *	Size 24	  Sequence Number 3	(871100 us)
[Central]  SENDING 		To 1	ACK 	Size 24	  Sequence Number 3	(871100 us)
[Local]   SENDING 		To 2	Data +	Size 24	  Sequence Number 5	(1062200 us)
LOG 1063150 us Sab1 ORIGINAL Packet: 5
LOG 1063150 us Sab1 000011101001010011010110001010011000000000000000000000000000000010000000000000000000000000000000010000000000000000000000000000000010000000000000000000000000000001100100000000000000000000000000
LOG 1063150 us Sab1 CORRUPTED Packet: 5
LOG 1063150 us Sab1 000011101001010011010110001010011000000000000000000000000000000010000000000000000000000000000000010000000000000000000000000000000010000000000000000000000000000001100100000000000000000000000000
[Central]  RECEIVED 	From 1		Data &	Size 24	  Sequence Number 4	(1063150 us)
[Central]  SENDING 		To 1	ACK 	Size 24	  Sequence Number 4	(1113150 us)
[Local]   RECEIVED 	From 2		ACK 	Size 24	  Sequence Number 3	(1114100 us)

		RTT of packet with SN 3 : 436 ms
		BASE : 4	NEXTSN : 6

[Local]   SENDING 		To 2	Data #	Size 24	  Sequence Number 6	(1254250 us)
LOG 1255200 us Sab1 ORIGINAL Packet: 7
LOG 1255200 us Sab1 000011101001010011010110001010011000000000000000000000000000000010000000000000000000000000000000010000000000000000000000000000001010000000000000000000000000000011010100000000000000000000000000
LOG 1255200 us Sab1 CORRUPTED Packet: 7
LOG 1255200 us Sab1 000011101001010011010110001010011000000000000000000000000000000010000000000000000000000000000000010000000000000000000000000000001010000000000000000000000000000011010100000000000000000000000000
[Central]  RECEIVED 	From 1		Data +	Size 24	  Sequence Number 5	(1255200 us)
[Central]  SENDING 		To 1	ACK 	Size 24	  Sequence Number 5	(1355200 us)
[Local]   RECEIVED 	From 2		ACK 	Size 24	  Sequence Number 4	(1356150 us)

		RTT of packet with SN 4 : 486 ms
		BASE : 5	NEXTSN : 7

[Local]   SENDING 		To 2	Data "	Size 24	  Sequence Number 7	(1446300 us)
LOG 1447250 us Sab1 ORIGINAL Packet: 9
LOG 1447250 us Sab1 000011101001010011010110001010011000000000000000000000000000000010000000000000000000000000000000010000000000000000000000000000000110000000000000000000000000000011000100000000000000000000000000
LOG 1447250 us Sab1 CORRUPTED Packet: 9
LOG 1447250 us Sab1 000011101001010011010110001010011000000000000000000000000000000010000000000000000000000000000000010000000000000000000000000000000110000000000000000000000000000011000100000000000000000000000000
[Central]  RECEIVED 	From 1		Data #	Size 24	  Sequence Number 6	(1447250 us)
[Central]  SENDING 		To 1	ACK 	Size 24	  Sequence Number 6	(1597250 us)
[Local]   RECEIVED 	From 2		ACK 	Size 24	  Sequence Number 5	(1598200 us)

		RTT of packet with SN 5 : 536 ms
		BASE : 6	NEXTSN : 8

[Local]   SENDING 		To 2	Data $	Size 24	  Sequence Number 8	(1638350 us)
LOG 1639300 us Sab1 ORIGINAL Packet: 11
LOG 1639300 us Sab1 000011101001010011010110001010011000000000000000000000000000000010000000000000000000000000000000010000000000000000000000000000001110000000000000000000000000000001000100000000000000000000000000
LOG 1639300 us Sab1 CORRUPTED Packet: 11
LOG 1639300 us Sab1 000011101001010011010110001010011000000000000000000000000000000010000000000000000000000000000000010000000000000000000000000000001110000000000000000000000000000001000100000000000000000000000000
[Central]  RECEIVED 	From 1		Data "	Size 24	  Sequence Number 7	(1639300 us)
LOG 1831350 us Sab1 ORIGINAL Packet: 13
LOG 1831350 us Sab1 000011101001010011010110001010011000000000000000000000000000000010000000000000000000000000000000010000000000000000000000000000000001000000000000000000000000000000100100000000000000000000000000
LOG 1831350 us Sab1 CORRUPTED Packet: 13
LOG 1831350 us Sab1 000011101001010011010110001010011000000000000000000000000000000010000000000000000000000000000000010000000000000000000000000000000001000000000000000000000000000000100100000000000000000000000000
[Central]  RECEIVED 	From 1		Data $	Size 24	  Sequence Number 8	(1831350 us)
[Central]  SENDING 		To 1	ACK 	Size 24	  Sequence Number 7	(1839300 us)
[Local]   RECEIVED 	From 2		ACK 	Size 24	  Sequence Number 6	(1840250 us)

		RTT of packet with SN 6 : 586 ms
		BASE : 7	NEXTSN : 9


		@@@@ timeout 7@@@@
		nextSNTemp : 11, nextSN : 7

[Local]   SENDING 		To 2	Data "	Size 24	  Sequence Number 7	(2046350 us)
[Central]  SENDING 		To 1	ACK 	Size 24	  Sequence Number 8	(2081350 us)
[Local]   RECEIVED 	From 2		ACK 	Size 24	  Sequence Number 7	(2082300 us)

		RTT of packet with SN 7 : 35950 us
		BASE : 8	NEXTSN : 8


		@@@@ timeout 8@@@@
		nextSNTemp : 12, nextSN : 8

[Local]   SENDING 		To 2	Data $	Size 24	  Sequence Number 8	(2238400 us)
LOG 2239350 us Sab1 ORIGINAL Packet: 15
LOG 2239350 us Sab1 000011101001010011010110001010011000000000000000000000000000000010000000000000000000000000000000010000000000000000000000000000001110000000000000000000000000000001000100000000000000000000000000
LOG 2239350 us Sab1 CORRUPTED Packet: 15
LOG 2239350 us Sab1 000011101001010011010110001010011000000000000000000000000000000010000000000000000000000000000000010000000000000000000000000000001110000000000000000000000000000001000100000000000000000000000000
[Central]  RECEIVED 	From 1		Data "	Size 24	  Sequence Number 7	(2239350 us)
[Central]  SENDING 		To 1	ACK 	Size 24	  Sequence Number 8	(2323400 us)
[Local]   RECEIVED 	From 2		ACK 	Size 24	  Sequence Number 8	(2324350 us)

		RTT of packet with SN 8 : 85950 us
		BASE : 9	NEXTSN : 9


		@@@@ timeout 9@@@@
		nextSNTemp : 13, nextSN : 9

[Local]   SENDING 		To 2	Data &	Size 24	  Sequence Number 9	(2430450 us)
LOG 2431400 us Sab1 ORIGINAL Packet: 17
LOG 2431400 us Sab1 000011101001010011010110001010011000000000000000000000000000000010000000000000000000000000000000010000000000000000000000000000000001000000000000000000000000000000100100000000000000000000000000
LOG 2431400 us Sab1 CORRUPTED Packet: 17
LOG 2431400 us Sab1 000011101001010011010110001010011000000000000000000000000000000010000000000000000000000000000000010000000000000000000000000000000001000000000000000000000000000000100100000000000000000000000000
[Central]  RECEIVED 	From 1		Data $	Size 24	  Sequence Number 8	(2431400 us)
[Central]  SENDING 		To 1	ACK 	Size 24	  Sequence Number 8	(2565450 us)

		Error - Wrong ACK --- Expected : 9, Actual : 8 -- the ACK will be discarded

[Local]   SENDING 		To 2	Data '	Size 24	  Sequence Number 10	(2622500 us)
LOG 2623450 us Sab1 ORIGINAL Packet: 19
LOG 2623450 us Sab1 000011101001010011010110001010011000000000000000000000000000000010000000000000000000000000000000010000000000000000000000000000001001000000000000000000000000000001100100000000000000000000000000
LOG 2623450 us Sab1 CORRUPTED Packet: 19
LOG 2623450 us Sab1 000011101001010011010110001010011000000000000000000000000000000010000000000000000000000000000000010000000000000000000000000000001001000000000000000000000000000001100100000000000000000000000000
[Central]  RECEIVED 	From 1		Data &	Size 24	  Sequence Number 9	(2623450 us)
[Central]  SENDING 		To 1	ACK 	Size 24	  Sequence Number 9	(2807500 us)

		Error - Wrong ACK --- Expected : 9, Actual : 8 -- the ACK will be discarded

[Local]   SENDING 		To 2	Data ,	Size 24	  Sequence Number 11	(2814550 us)
LOG 2815500 us Sab1 ORIGINAL Packet: 21
LOG 2815500 us Sab1 000011101001010011010110001010011000000000000000000000000000000010000000000000000000000000000000010000000000000000000000000000000101000000000000000000000000000011100100000000000000000000000000
LOG 2815500 us Sab1 CORRUPTED Packet: 21
LOG 2815500 us Sab1 000011101001010011010110001010011000000000000000000000000000000010000000000000000000000000000000010000000000000000000000000000000101000000000000000000000000000011100100000000000000000000000000
[Central]  RECEIVED 	From 1		Data '	Size 24	  Sequence Number 10	(2815500 us)
[Local]   SENDING 		To 2	Data .	Size 24	  Sequence Number 12	(3006600 us)
LOG 3007550 us Sab1 ORIGINAL Packet: 23
LOG 3007550 us Sab1 000011101001010011010110001010011000000000000000000000000000000010000000000000000000000000000000010000000000000000000000000000001101000000000000000000000000000000110100000000000000000000000000
LOG 3007550 us Sab1 CORRUPTED Packet: 23
LOG 3007550 us Sab1 000011101001010011010110001010011000000000000000000000000000000010000000000000000000000000000000010000000000000000000000000000001101000000000000000000000000000000110100000000000000000000000000
[Central]  RECEIVED 	From 1		Data ,	Size 24	  Sequence Number 11	(3007550 us)
[Central]  SENDING 		To 1	ACK 	Size 24	  Sequence Number 10	(3049550 us)
[Local]   RECEIVED 	From 2		ACK 	Size 24	  Sequence Number 9	(3050500 us)

		RTT of packet with SN 9 : 620050 us
		BASE : 10	NEXTSN : 13


		#### timeout 9#### 3050500 us
[Local]   SENDING 		To 2	Data !	Size 24	  Sequence Number 13	(3198650 us)
LOG 3199600 us Sab1 ORIGINAL Packet: 24
LOG 3199600 us Sab1 000011101001010011010110001010011000000000000000000000000000000010000000000000000000000000000000010000000000000000000000000000000011000000000000000000000000000001110100000000000000000000000000
LOG 3199600 us Sab1 CORRUPTED Packet: 24
LOG 3199600 us Sab1 000011101001010011010110001010011000000000000000000000000000000010000000000000000000000000000000010000000000000000000000000000000011000000000000000000000000000001110100000000000000000000000000
[Central]  RECEIVED 	From 1		Data .	Size 24	  Sequence Number 12	(3199600 us)
[Central]  SENDING 		To 1	ACK 	Size 24	  Sequence Number 11	(3291600 us)
[Local]   RECEIVED 	From 2		ACK 	Size 24	  Sequence Number 10	(3292550 us)

		RTT of packet with SN 10 : 670050 us
		BASE : 11	NEXTSN : 14


		#### timeout 10#### 3292550 us
[Local]   SENDING 		To 2	Data +	Size 24	  Sequence Number 14	(3390700 us)
LOG 3391650 us Sab1 ORIGINAL Packet: 26
LOG 3391650 us Sab1 000011101001010011010110001010011000000000000000000000000000000010000000000000000000000000000000010000000000000000000000000000001011000000000000000000000000000010000100000000000000000000000000
LOG 3391650 us Sab1 CORRUPTED Packet: 26
LOG 3391650 us Sab1 000011101001010011010110001010011000000000000000000000000000000010000000000000000000000000000000010000000000000000000000000000001011000000000000000000000000000010000100000000000000000000000000
[Central]  RECEIVED 	From 1		Data !	Size 24	  Sequence Number 13	(3391650 us)
[Central]  SENDING 		To 1	ACK 	Size 24	  Sequence Number 12	(3533650 us)
[Local]   RECEIVED 	From 2		ACK 	Size 24	  Sequence Number 11	(3534600 us)

		RTT of packet with SN 11 : 720050 us
		BASE : 12	NEXTSN : 15


		#### timeout 11#### 3534600 us
LOG 3583700 us Sab1 ORIGINAL Packet: 28
LOG 3583700 us Sab1 000011101001010011010110001010011000000000000000000000000000000010000000000000000000000000000000010000000000000000000000000000000111000000000000000000000000000011010100000000000000000000000000
LOG 3583700 us Sab1 CORRUPTED Packet: 28
LOG 3583700 us Sab1 000011101001010011010110001010011000000000000000000000000000000010000000000000000000000000000000010000000000000000000000000000000111000000000000000000000000000011010100000000000000000000000000
[Central]  RECEIVED 	From 1		Data +	Size 24	  Sequence Number 14	(3583700 us)

		@@@@ timeout 12@@@@
		nextSNTemp : 16, nextSN : 12

[Local]   SENDING 		To 2	Data .	Size 24	  Sequence Number 12	(3606650 us)
[Central]  SENDING 		To 1	ACK 	Size 24	  Sequence Number 13	(3775700 us)
[Local]   RECEIVED 	From 2		ACK 	Size 24	  Sequence Number 12	(3776650 us)

		RTT of packet with SN 12 : 170 ms
		BASE : 13	NEXTSN : 13


		@@@@ timeout 13@@@@
		nextSNTemp : 17, nextSN : 13

[Local]   SENDING 		To 2	Data !	Size 24	  Sequence Number 13	(3798700 us)
LOG 3799650 us Sab1 ORIGINAL Packet: 30
LOG 3799650 us Sab1 000011101001010011010110001010011000000000000000000000000000000010000000000000000000000000000000010000000000000000000000000000000011000000000000000000000000000001110100000000000000000000000000
LOG 3799650 us Sab1 CORRUPTED Packet: 30
LOG 3799650 us Sab1 000011101001010011010110001010011000000000000000000000000000000010000000000000000000000000000000010000000000000000000000000000000011000000000000000000000000000001110100000000000000000000000000
[Central]  RECEIVED 	From 1		Data .	Size 24	  Sequence Number 12	(3799650 us)
[Local]   SENDING 		To 2	Data +	Size 24	  Sequence Number 14	(3990750 us)
LOG 3991700 us Sab1 ORIGINAL Packet: 32
LOG 3991700 us Sab1 000011101001010011010110001010011000000000000000000000000000000010000000000000000000000000000000010000000000000000000000000000001011000000000000000000000000000010000100000000000000000000000000
LOG 3991700 us Sab1 CORRUPTED Packet: 32
LOG 3991700 us Sab1 000011101001010011010110001010011000000000000000000000000000000010000000000000000000000000000000010000000000000000000000000000001011000000000000000000000000000010000100000000000000000000000000
[Central]  RECEIVED 	From 1		Data !	Size 24	  Sequence Number 13	(3991700 us)
[Central]  SENDING 		To 1	ACK 	Size 24	  Sequence Number 14	(4017750 us)
[Local]   RECEIVED 	From 2		ACK 	Size 24	  Sequence Number 13	(4018700 us)

		RTT of packet with SN 13 : 220 ms
		BASE : 14	NEXTSN : 15

[Local]   SENDING 		To 2	Data )	Size 24	  Sequence Number 15	(4182800 us)
LOG 4183750 us Sab1 ORIGINAL Packet: 33
LOG 4183750 us Sab1 000011101001010011010110001010011000000000000000000000000000000010000000000000000000000000000000010000000000000000000000000000000111000000000000000000000000000011010100000000000000000000000000
LOG 4183750 us Sab1 CORRUPTED Packet: 33
LOG 4183750 us Sab1 000011101001010011010110001010011000000000000000000000000000000010000000000000000000000000000000010000000000000000000000000000000111000000000000000000000000000011010100000000000000000000000000
[Central]  RECEIVED 	From 1		Data +	Size 24	  Sequence Number 14	(4183750 us)
[Central]  SENDING 		To 1	ACK 	Size 24	  Sequence Number 14	(4259800 us)
[Local]   RECEIVED 	From 2		ACK 	Size 24	  Sequence Number 14	(4260750 us)

		RTT of packet with SN 14 : 270 ms
		BASE : 15	NEXTSN : 16

[Local]   SENDING 		To 2	Data #	Size 24	  Sequence Number 16	(4374850 us)
LOG 4375800 us Sab1 ORIGINAL Packet: 35
LOG 4375800 us Sab1 000011101001010011010110001010011000000000000000000000000000000010000000000000000000000000000000010000000000000000000000000000001111000000000000000000000000000010010100000000000000000000000000
LOG 4375800 us Sab1 CORRUPTED Packet: 35
LOG 4375800 us Sab1 000011101001010011010110001010011000000000000000000000000000000010000000000000000000000000000000010000000000000000000000000000001111000000000000000000000000000010010100000000000000000000000000
[Central]  RECEIVED 	From 1		Data )	Size 24	  Sequence Number 15	(4375800 us)
[Central]  SENDING 		To 1	ACK 	Size 24	  Sequence Number 14	(4501850 us)

		Error - Wrong ACK --- Expected : 15, Actual : 14 -- the ACK will be discarded

[Local]   SENDING 		To 2	Data #	Size 24	  Sequence Number 17	(4566900 us)
LOG 4567850 us Sab1 ORIGINAL Packet: 37
LOG 4567850 us Sab1 000011101001010011010110001010011000000000000000000000000000000010000000000000000000000000000000010000000000000000000000000000000000100000000000000000000000000011000100000000000000000000000000
LOG 4567850 us Sab1 CORRUPTED Packet: 37
LOG 4567850 us Sab1 000011101001010011010110001010011000000000000000000000000000000010000000000000000000000000000000010000000000000000000000000000000000100000000000000000000000000011000100000000000000000000000000
[Central]  RECEIVED 	From 1		Data #	Size 24	  Sequence Number 16	(4567850 us)
[Central]  SENDING 		To 1	ACK 	Size 24	  Sequence Number 14	(4743900 us)

		Error - Wrong ACK --- Expected : 15, Actual : 14 -- the ACK will be discarded

[Local]   SENDING 		To 2	Data $	Size 24	  Sequence Number 18	(4758950 us)
LOG 4759900 us Sab1 ORIGINAL Packet: 39
LOG 4759900 us Sab1 000011101001010011010110001010011000000000000000000000000000000010000000000000000000000000000000010000000000000000000000000000001000100000000000000000000000000011000100000000000000000000000000
LOG 4759900 us Sab1 CORRUPTED Packet: 39
LOG 4759900 us Sab1 000011101001010011010110001010011000000000000000000000000000000010000000000000000000000000000000010000000000000000000000000000001000100000000000000000000000000011000100000000000000000000000000
[Central]  RECEIVED 	From 1		Data #	Size 24	  Sequence Number 17	(4759900 us)

		@@@@ timeout 15@@@@
		nextSNTemp : 19, nextSN : 15

[Local]   SENDING 		To 2	Data )	Size 24	  Sequence Number 15	(4951 ms)
LOG 4951950 us Sab1 ORIGINAL Packet: 41
LOG 4951950 us Sab1 000011101001010011010110001010011000000000000000000000000000000010000000000000000000000000000000010000000000000000000000000000000100100000000000000000000000000000100100000000000000000000000000
LOG 4951950 us Sab1 CORRUPTED Packet: 41
LOG 4951950 us Sab1 000011101001010011010110001010011000000000000000000000000000000010000000000000000000000000000000010000000000000000000000000000000100100000000000000000000000000000100100000000000000000000000000
[Central]  RECEIVED 	From 1		Data $	Size 24	  Sequence Number 18	(4951950 us)
[Central]  SENDING 		To 1	ACK 	Size 24	  Sequence Number 15	(4985950 us)

		Error - Wrong ACK --- Expected : 15, Actual : 14 -- the ACK will be discarded

[Local]   SENDING 		To 2	Data #	Size 24	  Sequence Number 16	(5143050 us)
LOG 5144 ms Sab1 ORIGINAL Packet: 42
LOG 5144 ms Sab1 000011101001010011010110001010011000000000000000000000000000000010000000000000000000000000000000010000000000000000000000000000001111000000000000000000000000000010010100000000000000000000000000
LOG 5144 ms Sab1 CORRUPTED Packet: 42
LOG 5144 ms Sab1 000011101001010011010110001010011000000000000000000000000000000010000000000000000000000000000000010000000000000000000000000000001111000000000000000000000000000010010100000000000000000000000000
[Central]  RECEIVED 	From 1		Data )	Size 24	  Sequence Number 15	(5144 ms)
[Central]  SENDING 		To 1	ACK 	Size 24	  Sequence Number 16	(5228 ms)
[Local]   RECEIVED 	From 2		ACK 	Size 24	  Sequence Number 15	(5228950 us)

		RTT of packet with SN 15 : 277950 us
		BASE : 16	NEXTSN : 17

[Local]   SENDING 		To 2	Data #	Size 24	  Sequence Number 17	(5335100 us)
LOG 5336050 us Sab1 ORIGINAL Packet: 44
LOG 5336050 us Sab1 000011101001010011010110001010011000000000000000000000000000000010000000000000000000000000000000010000000000000000000000000000000000100000000000000000000000000011000100000000000000000000000000
LOG 5336050 us Sab1 CORRUPTED Packet: 44
LOG 5336050 us Sab1 000011101001010011010110001010011000000000000000000000000000000010000000000000000000000000000000010000000000000000000000000000000000100000000000000000000000000011000100000000000000000000000000
[Central]  RECEIVED 	From 1		Data #	Size 24	  Sequence Number 16	(5336050 us)
[Central]  SENDING 		To 1	ACK 	Size 24	  Sequence Number 17	(5470050 us)
[Local]   RECEIVED 	From 2		ACK 	Size 24	  Sequence Number 16	(5471 ms)

		RTT of packet with SN 16 : 327950 us
		BASE : 17	NEXTSN : 18

[Local]   SENDING 		To 2	Data $	Size 24	  Sequence Number 18	(5527150 us)
LOG 5528100 us Sab1 ORIGINAL Packet: 46
LOG 5528100 us Sab1 000011101001010011010110001010011000000000000000000000000000000010000000000000000000000000000000010000000000000000000000000000001000100000000000000000000000000011000100000000000000000000000000
LOG 5528100 us Sab1 CORRUPTED Packet: 46
LOG 5528100 us Sab1 000011101001010011010110001010011000000000000000000000000000000010000000000000000000000000000000010000000000000000000000000000001000100000000000000000000000000011000100000000000000000000000000
[Central]  RECEIVED 	From 1		Data #	Size 24	  Sequence Number 17	(5528100 us)
[Central]  SENDING 		To 1	ACK 	Size 24	  Sequence Number 18	(5712100 us)
[Local]   RECEIVED 	From 2		ACK 	Size 24	  Sequence Number 17	(5713050 us)

		RTT of packet with SN 17 : 377950 us
		BASE : 18	NEXTSN : 19

[Local]   SENDING 		To 2	Data &	Size 24	  Sequence Number 19	(5719200 us)
LOG 5720150 us Sab1 ORIGINAL Packet: 48
LOG 5720150 us Sab1 000011101001010011010110001010011000000000000000000000000000000010000000000000000000000000000000010000000000000000000000000000000100100000000000000000000000000000100100000000000000000000000000
LOG 5720150 us Sab1 CORRUPTED Packet: 48
LOG 5720150 us Sab1 000011101001010011010110001010011000000000000000000000000000000010000000000000000000000000000000010000000000000000000000000000000100100000000000000000000000000000100100000000000000000000000000
[Central]  RECEIVED 	From 1		Data $	Size 24	  Sequence Number 18	(5720150 us)
[Local]   SENDING 		To 2	Data *	Size 24	  Sequence Number 20	(5911250 us)
LOG 5912200 us Sab1 ORIGINAL Packet: 50
LOG 5912200 us Sab1 000011101001010011010110001010011000000000000000000000000000000010000000000000000000000000000000010000000000000000000000000000001100100000000000000000000000000001100100000000000000000000000000
LOG 5912200 us Sab1 CORRUPTED Packet: 50
LOG 5912200 us Sab1 000011101001010011010110001010011000000000000000000000000000000010000000000000000000000000000000010000000000000000000000000000001100100000000000000000000000000001100100000000000000000000000000
[Central]  RECEIVED 	From 1		Data &	Size 24	  Sequence Number 19	(5912200 us)
[Central]  SENDING 		To 1	ACK 	Size 24	  Sequence Number 18	(5954150 us)
[Local]   RECEIVED 	From 2		ACK 	Size 24	  Sequence Number 18	(5955100 us)

		RTT of packet with SN 18 : 427950 us
		BASE : 19	NEXTSN : 21

LOG 6104250 us Sab1 ORIGINAL Packet: 51
LOG 6104250 us Sab1 000011101001010011010110001010011000000000000000000000000000000010000000000000000000000000000000010000000000000000000000000000000010100000000000000000000000000001010100000000000000000000000000
LOG 6104250 us Sab1 CORRUPTED Packet: 51
LOG 6104250 us Sab1 000011101001010011010110001010011000000000000000000000000000000010000000000000000000000000000000010000000000000000000000000000000010100000000000000000000000000001010100000000000000000000000000
[Central]  RECEIVED 	From 1		Data *	Size 24	  Sequence Number 20	(6104250 us)
[Central]  SENDING 		To 1	ACK 	Size 24	  Sequence Number 18	(6196200 us)

		Error - Wrong ACK --- Expected : 19, Actual : 18 -- the ACK will be discarded


		@@@@ timeout 19@@@@
		nextSNTemp : 23, nextSN : 19

[Local]   SENDING 		To 2	Data &	Size 24	  Sequence Number 19	(6319250 us)
[Central]  SENDING 		To 1	ACK 	Size 24	  Sequence Number 18	(6438250 us)

		Error - Wrong ACK --- Expected : 19, Actual : 18 -- the ACK will be discarded

[Local]   SENDING 		To 2	Data *	Size 24	  Sequence Number 20	(6511300 us)
LOG 6512250 us Sab1 ORIGINAL Packet: 54
LOG 6512250 us Sab1 000011101001010011010110001010011000000000000000000000000000000010000000000000000000000000000000010000000000000000000000000000001100100000000000000000000000000001100100000000000000000000000000
LOG 6512250 us Sab1 CORRUPTED Packet: 54
LOG 6512250 us Sab1 000011101001010011010110001010011000000000000000000000000000000010000000000000000000000000000000010000000000000000000000000000001100100000000000000000000000000001100100000000000000000000000000
[Central]  RECEIVED 	From 1		Data &	Size 24	  Sequence Number 19	(6512250 us)
[Central]  SENDING 		To 1	ACK 	Size 24	  Sequence Number 18	(6680300 us)

		Error - Wrong ACK --- Expected : 19, Actual : 18 -- the ACK will be discarded

[Local]   SENDING 		To 2	Data #	Size 24	  Sequence Number 21	(6703350 us)
LOG 6704300 us Sab1 ORIGINAL Packet: 56
LOG 6704300 us Sab1 000011101001010011010110001010011000000000000000000000000000000010000000000000000000000000000000010000000000000000000000000000000010100000000000000000000000000001010100000000000000000000000000
LOG 6704300 us Sab1 CORRUPTED Packet: 56
LOG 6704300 us Sab1 000011101001010011010110001010011000000000000000000000000000000010000000000000000000000000000000010000000000000000000000000000000010100000000000000000000000000001010100000000000000000000000000
[Central]  RECEIVED 	From 1		Data *	Size 24	  Sequence Number 20	(6704300 us)
[Local]   SENDING 		To 2	Data -	Size 24	  Sequence Number 22	(6895400 us)
LOG 6896350 us Sab1 ORIGINAL Packet: 58
LOG 6896350 us Sab1 000011101001010011010110001010011000000000000000000000000000000010000000000000000000000000000000010000000000000000000000000000001010100000000000000000000000000011000100000000000000000000000000
LOG 6896350 us Sab1 CORRUPTED Packet: 58
LOG 6896350 us Sab1 000011101001010011010110001010011000000000000000000000000000000010000000000000000000000000000000010000000000000000000000000000001010100000000000000000000000000011000100000000000000000000000000
[Central]  RECEIVED 	From 1		Data #	Size 24	  Sequence Number 21	(6896350 us)
[Central]  SENDING 		To 1	ACK 	Size 24	  Sequence Number 19	(6922350 us)

		Error - Wrong ACK --- Expected : 19, Actual : 18 -- the ACK will be discarded


		@@@@ timeout 19@@@@
		nextSNTemp : 23, nextSN : 19

[Local]   SENDING 		To 2	Data &	Size 24	  Sequence Number 19	(7087450 us)
LOG 7088400 us Sab1 ORIGINAL Packet: 59
LOG 7088400 us Sab1 000011101001010011010110001010011000000000000000000000000000000010000000000000000000000000000000010000000000000000000000000000000110100000000000000000000000000010110100000000000000000000000000
LOG 7088400 us Sab1 CORRUPTED Packet: 59
LOG 7088400 us Sab1 000011101001010011010110001010011000000000000000000000000000000010000000000000000000000000000000010000000000000000000000000000000110100000000000000000000000000010110100000000000000000000000000
[Central]  RECEIVED 	From 1		Data -	Size 24	  Sequence Number 22	(7088400 us)
[Central]  SENDING 		To 1	ACK 	Size 24	  Sequence Number 20	(7164400 us)
[Local]   RECEIVED 	From 2		ACK 	Size 24	  Sequence Number 19	(7165350 us)

		RTT of packet with SN 19 : 77900 us
		BASE : 20	NEXTSN : 20


		@@@@ timeout 20@@@@
		nextSNTemp : 24, nextSN : 20

[Local]   SENDING 		To 2	Data *	Size 24	  Sequence Number 20	(7279500 us)
LOG 7280450 us Sab1 ORIGINAL Packet: 61
LOG 7280450 us Sab1 000011101001010011010110001010011000000000000000000000000000000010000000000000000000000000000000010000000000000000000000000000001100100000000000000000000000000001100100000000000000000000000000
LOG 7280450 us Sab1 CORRUPTED Packet: 61
LOG 7280450 us Sab1 000011101001010011010110001010011000000000000000000000000000000010000000000000000000000000000000010000000000000000000000000000001100100000000000000000000000000001100100000000000000000000000000
[Central]  RECEIVED 	From 1		Data &	Size 24	  Sequence Number 19	(7280450 us)
[Central]  SENDING 		To 1	ACK 	Size 24	  Sequence Number 20	(7406450 us)
[Local]   RECEIVED 	From 2		ACK 	Size 24	  Sequence Number 20	(7407400 us)

		RTT of packet with SN 20 : 127900 us
		BASE : 21	NEXTSN : 21


		@@@@ timeout 21@@@@
		nextSNTemp : 25, nextSN : 21

[Local]   SENDING 		To 2	Data #	Size 24	  Sequence Number 21	(7471550 us)
LOG 7472500 us Sab1 ORIGINAL Packet: 63
LOG 7472500 us Sab1 000011101001010011010110001010011000000000000000000000000000000010000000000000000000000000000000010000000000000000000000000000000010100000000000000000000000000001010100000000000000000000000000
LOG 7472500 us Sab1 CORRUPTED Packet: 63
LOG 7472500 us Sab1 000011101001010011010110001010011000000000000000000000000000000010000000000000000000000000000000010000000000000000000000000000000010100000000000000000000000000001010100000000000000000000000000
[Central]  RECEIVED 	From 1		Data *	Size 24	  Sequence Number 20	(7472500 us)
[Central]  SENDING 		To 1	ACK 	Size 24	  Sequence Number 20	(7648500 us)

		Error - Wrong ACK --- Expected : 21, Actual : 20 -- the ACK will be discarded

[Local]   SENDING 		To 2	Data -	Size 24	  Sequence Number 22	(7663600 us)
LOG 7664550 us Sab1 ORIGINAL Packet: 65
LOG 7664550 us Sab1 000011101001010011010110001010011000000000000000000000000000000010000000000000000000000000000000010000000000000000000000000000001010100000000000000000000000000011000100000000000000000000000000
LOG 7664550 us Sab1 CORRUPTED Packet: 65
LOG 7664550 us Sab1 000011101001010011010110001010011000000000000000000000000000000010000000000000000000000000000000010000000000000000000000000000001010100000000000000000000000000011000100000000000000000000000000
[Central]  RECEIVED 	From 1		Data #	Size 24	  Sequence Number 21	(7664550 us)
[Local]   SENDING 		To 2	Data .	Size 24	  Sequence Number 23	(7855650 us)
LOG 7856600 us Sab1 ORIGINAL Packet: 67
LOG 7856600 us Sab1 000011101001010011010110001010011000000000000000000000000000000010000000000000000000000000000000010000000000000000000000000000000110100000000000000000000000000010110100000000000000000000000000
LOG 7856600 us Sab1 CORRUPTED Packet: 67
LOG 7856600 us Sab1 000011101001010011010110001010011000000000000000000000000000000010000000000000000000000000000000010000000000000000000000000000000110100000000000000000000000000010110100000000000000000000000000
[Central]  RECEIVED 	From 1		Data -	Size 24	  Sequence Number 22	(7856600 us)
[Central]  SENDING 		To 1	ACK 	Size 24	  Sequence Number 21	(7890550 us)

		Error - Wrong ACK --- Expected : 21, Actual : 20 -- the ACK will be discarded


Info: /OSCI/SystemC: Simulation stopped by user.
