
Local   <-->  Central with FullDuplex channel

+----------------------------------------------------------------------------------------------+
|TASK     ACTION        FROM    TO      DATA    SIZE      SEQUENCE NUMBER       TIME STAMP     |
+----------------------------------------------------------------------------------------------+
[Local]   SENDING 		To 2	Data "	Size 24	  Sequence Number 1	(50 us)
[Local]   SENDING 		To 2	Data %	Size 24	  Sequence Number 2	(192100 us)
LOG 203050 us Sab1 ORIGINAL Packet: 0
LOG 203050 us Sab1 000011101001100011010000101101111000000000000000000000000000000010000000000000000000000000000000010000000000000000000000000000001000000000000000000000000000000001000100000000000000000000000000
LOG 203050 us Sab1 CORRUPTED Packet: 0
LOG 203050 us Sab1 000011101001100011010000101101111000000000000000000000000000000010000000000000000000000000000000010000000000000000000000000000001000000000000000000000000000000001000100000000000000000000000000
[Central]  RECEIVED 	From 1		Data "	Size 24	  Sequence Number 1	(203050 us)
[Central]  SENDING 		To 1	ACK 	Size 24	  Sequence Number 1	(203050 us)
LOG 395100 us Sab1 ORIGINAL Packet: 1
LOG 395100 us Sab1 000011101001100011010000101101111000000000000000000000000000000010000000000000000000000000000000010000000000000000000000000000000100000000000000000000000000000010100100000000000000000000000000
LOG 395100 us Sab1 CORRUPTED Packet: 1
LOG 395100 us Sab1 000011101001100011010000101101111000000000000000000000000000000010000000000000000000000000000000010000000000000000000000000000000100000000000000000000000000000010100100000000000000000000000000
[Central]  RECEIVED 	From 1		Data %	Size 24	  Sequence Number 2	(395100 us)
[Central]  SENDING 		To 1	ACK 	Size 24	  Sequence Number 2	(395100 us)
[Local]   RECEIVED 	From 2		ACK 	Size 24	  Sequence Number 1	(396050 us)

		RTT of packet with SN 1 : 396050 us
		BASE : 2	NEXTSN : 3

[Local]   RECEIVED 	From 2		ACK 	Size 24	  Sequence Number 2	(588100 us)

		RTT of packet with SN 2 : 396 ms
		BASE : 3	NEXTSN : 3


		@@@@ timeout 1@@@@
		nextSNTemp : 5, nextSN : 1


		@@@@ timeout 3@@@@
		nextSNTemp : 7, nextSN : 3

[Local]   SENDING 		To 2	Data *	Size 24	  Sequence Number 3	(600050 us)
[Local]   SENDING 		To 2	Data &	Size 24	  Sequence Number 4	(792100 us)
LOG 803050 us Sab1 ORIGINAL Packet: 4
LOG 803050 us Sab1 000011101001100011010000101101111000000000000000000000000000000010000000000000000000000000000000010000000000000000000000000000001100000000000000000000000000000001010100000000000000000000000000
LOG 803050 us Sab1 CORRUPTED Packet: 4
LOG 803050 us Sab1 000011101001100011010000101101111000000000000000000000000000000010000000000000000000000000000000010000000000000000000000000000001100000000000000000000000000000001010100000000000000000000000000
[Central]  RECEIVED 	From 1		Data *	Size 24	  Sequence Number 3	(803050 us)
[Central]  SENDING 		To 1	ACK 	Size 24	  Sequence Number 3	(803050 us)
[Local]   SENDING 		To 2	Data "	Size 24	  Sequence Number 5	(984150 us)
LOG 995100 us Sab1 ORIGINAL Packet: 5
LOG 995100 us Sab1 000011101001100011010000101101111000000000000000000000000000000010000000000000000000000000000000010000000000000000000000000000000010000000000000000000000000000001100100000000000000000000000000
LOG 995100 us Sab1 CORRUPTED Packet: 5
LOG 995100 us Sab1 000011101001100011010000101101111000000000000000000000000000000010000000000000000000000000000000010000000000000000000000000000000010000000000000000000000000000001100100000000000000000000000000
[Central]  RECEIVED 	From 1		Data &	Size 24	  Sequence Number 4	(995100 us)
[Central]  SENDING 		To 1	ACK 	Size 24	  Sequence Number 4	(995100 us)
[Local]   RECEIVED 	From 2		ACK 	Size 24	  Sequence Number 3	(996050 us)

		RTT of packet with SN 3 : 396 ms
		BASE : 4	NEXTSN : 6

[Local]   SENDING 		To 2	Data #	Size 24	  Sequence Number 6	(1176200 us)
LOG 1187150 us Sab1 ORIGINAL Packet: 7
LOG 1187150 us Sab1 000011101001100011010000101101111000000000000000000000000000000010000000000000000000000000000000010000000000000000000000000000001010000000000000000000000000000001000100000000000000000000000000
LOG 1187150 us Sab1 CORRUPTED Packet: 7
LOG 1187150 us Sab1 000011101001100011010000101101111000000000000000000000000000000010000000000000000000000000000000010000000000000000000000000000001010000000000000000000000000000001000100000000000000000000000000
[Central]  RECEIVED 	From 1		Data "	Size 24	  Sequence Number 5	(1187150 us)
[Central]  SENDING 		To 1	ACK 	Size 24	  Sequence Number 5	(1187150 us)
[Local]   RECEIVED 	From 2		ACK 	Size 24	  Sequence Number 4	(1188100 us)

		RTT of packet with SN 4 : 396 ms
		BASE : 5	NEXTSN : 7

[Local]   SENDING 		To 2	Data "	Size 24	  Sequence Number 7	(1368250 us)
LOG 1379200 us Sab1 ORIGINAL Packet: 9
LOG 1379200 us Sab1 000011101001100011010000101101111000000000000000000000000000000010000000000000000000000000000000010000000000000000000000000000000110000000000000000000000000000011000100000000000000000000000000
LOG 1379200 us Sab1 CORRUPTED Packet: 9
LOG 1379200 us Sab1 000011101001100011010000101101111000000000000000000000000000000010000000000000000000000000000000010000000000000000000000000000000110000000000000000000000000000011000100000000000000000000000000
[Central]  RECEIVED 	From 1		Data #	Size 24	  Sequence Number 6	(1379200 us)
[Central]  SENDING 		To 1	ACK 	Size 24	  Sequence Number 6	(1379200 us)
[Local]   RECEIVED 	From 2		ACK 	Size 24	  Sequence Number 5	(1380150 us)

		RTT of packet with SN 5 : 396 ms
		BASE : 6	NEXTSN : 8

[Local]   SENDING 		To 2	Data $	Size 24	  Sequence Number 8	(1560300 us)
LOG 1571250 us Sab1 ORIGINAL Packet: 11
LOG 1571250 us Sab1 000011101001100011010000101101111000000000000000000000000000000010000000000000000000000000000000010000000000000000000000000000001110000000000000000000000000000001000100000000000000000000000000
LOG 1571250 us Sab1 CORRUPTED Packet: 11
LOG 1571250 us Sab1 000011101001100011010000101101111000000000000000000000000000000010000000000000000000000000000000010000000000000000000000000000001110000000000000000000000000000001000100000000000000000000000000
[Central]  RECEIVED 	From 1		Data "	Size 24	  Sequence Number 7	(1571250 us)
[Central]  SENDING 		To 1	ACK 	Size 24	  Sequence Number 7	(1571250 us)
[Local]   RECEIVED 	From 2		ACK 	Size 24	  Sequence Number 6	(1572200 us)

		RTT of packet with SN 6 : 396 ms
		BASE : 7	NEXTSN : 9

LOG 1763300 us Sab1 ORIGINAL Packet: 13
LOG 1763300 us Sab1 000011101001100011010000101101111000000000000000000000000000000010000000000000000000000000000000010000000000000000000000000000000001000000000000000000000000000000100100000000000000000000000000
LOG 1763300 us Sab1 CORRUPTED Packet: 13
LOG 1763300 us Sab1 000011101001100011010000101101111000000000000000000000000000000010000000000000000000000000000000010000000000000000000000000000000001000000000000000000000000000000100100000000000000000000000000
[Central]  RECEIVED 	From 1		Data $	Size 24	  Sequence Number 8	(1763300 us)
[Central]  SENDING 		To 1	ACK 	Size 24	  Sequence Number 8	(1763300 us)
[Local]   RECEIVED 	From 2		ACK 	Size 24	  Sequence Number 7	(1764250 us)

		RTT of packet with SN 7 : 396 ms
		BASE : 8	NEXTSN : 9


		@@@@ timeout 1@@@@
		nextSNTemp : 5, nextSN : 1

[Local]   RECEIVED 	From 2		ACK 	Size 24	  Sequence Number 8	(1956300 us)

		RTT of packet with SN 8 : 396 ms
		BASE : 9	NEXTSN : 9


		@@@@ timeout 9@@@@
		nextSNTemp : 13, nextSN : 9

[Local]   SENDING 		To 2	Data &	Size 24	  Sequence Number 9	(1956300 us)
[Local]   SENDING 		To 2	Data '	Size 24	  Sequence Number 10	(2148350 us)
LOG 2159300 us Sab1 ORIGINAL Packet: 16
LOG 2159300 us Sab1 000011101001100011010000101101111000000000000000000000000000000010000000000000000000000000000000010000000000000000000000000000001001000000000000000000000000000001100100000000000000000000000000
LOG 2159300 us Sab1 CORRUPTED Packet: 16
LOG 2159300 us Sab1 000011101001100011010000101101111000000000000000000000000000000010000000000000000000000000000000010000000000000000000000000000001001000000000000000000000000000001100100000000000000000000000000
[Central]  RECEIVED 	From 1		Data &	Size 24	  Sequence Number 9	(2159300 us)
[Central]  SENDING 		To 1	ACK 	Size 24	  Sequence Number 9	(2159300 us)
[Local]   SENDING 		To 2	Data ,	Size 24	  Sequence Number 11	(2340400 us)
LOG 2351350 us Sab1 ORIGINAL Packet: 17
LOG 2351350 us Sab1 000011101001100011010000101101111000000000000000000000000000000010000000000000000000000000000000010000000000000000000000000000000101000000000000000000000000000011100100000000000000000000000000
LOG 2351350 us Sab1 CORRUPTED Packet: 17
LOG 2351350 us Sab1 000011101001100011010000101101111000000000000000000000000000000010000000000000000000000000000000010000000000000000000000000000000101000000000000000000000000000011100100000000000000000000000000
[Central]  RECEIVED 	From 1		Data '	Size 24	  Sequence Number 10	(2351350 us)
[Central]  SENDING 		To 1	ACK 	Size 24	  Sequence Number 10	(2351350 us)
[Local]   RECEIVED 	From 2		ACK 	Size 24	  Sequence Number 9	(2352300 us)

		RTT of packet with SN 9 : 396 ms
		BASE : 10	NEXTSN : 12

[Local]   SENDING 		To 2	Data .	Size 24	  Sequence Number 12	(2532450 us)
LOG 2543400 us Sab1 ORIGINAL Packet: 19
LOG 2543400 us Sab1 000011101001100011010000101101111000000000000000000000000000000010000000000000000000000000000000010000000000000000000000000000001101000000000000000000000000000000110100000000000000000000000000
LOG 2543400 us Sab1 CORRUPTED Packet: 19
LOG 2543400 us Sab1 000011101001100011010000101101111000000000000000000000000000000010000000000000000000000000000000010000000000000000000000000000001101000000000000000000000000000000110100000000000000000000000000
[Central]  RECEIVED 	From 1		Data ,	Size 24	  Sequence Number 11	(2543400 us)
[Central]  SENDING 		To 1	ACK 	Size 24	  Sequence Number 11	(2543400 us)
[Local]   RECEIVED 	From 2		ACK 	Size 24	  Sequence Number 10	(2544350 us)

		RTT of packet with SN 10 : 396 ms
		BASE : 11	NEXTSN : 13

[Local]   SENDING 		To 2	Data !	Size 24	  Sequence Number 13	(2724500 us)
LOG 2735450 us Sab1 ORIGINAL Packet: 21
LOG 2735450 us Sab1 000011101001100011010000101101111000000000000000000000000000000010000000000000000000000000000000010000000000000000000000000000000011000000000000000000000000000001110100000000000000000000000000
LOG 2735450 us Sab1 CORRUPTED Packet: 21
LOG 2735450 us Sab1 000011101001100011010000101101111000000000000000000000000000000010000000000000000000000000000000010000000000000000000000000000000011000000000000000000000000000001110100000000000000000000000000
[Central]  RECEIVED 	From 1		Data .	Size 24	  Sequence Number 12	(2735450 us)
[Central]  SENDING 		To 1	ACK 	Size 24	  Sequence Number 12	(2735450 us)
[Local]   RECEIVED 	From 2		ACK 	Size 24	  Sequence Number 11	(2736400 us)

		RTT of packet with SN 11 : 396 ms
		BASE : 12	NEXTSN : 14

[Local]   SENDING 		To 2	Data +	Size 24	  Sequence Number 14	(2916550 us)
LOG 2927500 us Sab1 ORIGINAL Packet: 23
LOG 2927500 us Sab1 000011101001100011010000101101111000000000000000000000000000000010000000000000000000000000000000010000000000000000000000000000001011000000000000000000000000000010000100000000000000000000000000
LOG 2927500 us Sab1 CORRUPTED Packet: 23
LOG 2927500 us Sab1 000011101001100011010000101101111000000000000000000000000000000010000000000000000000000000000000010000000000000000000000000000001011000000000000000000000000000010000100000000000000000000000000
[Central]  RECEIVED 	From 1		Data !	Size 24	  Sequence Number 13	(2927500 us)
[Central]  SENDING 		To 1	ACK 	Size 24	  Sequence Number 13	(2927500 us)
[Local]   RECEIVED 	From 2		ACK 	Size 24	  Sequence Number 12	(2928450 us)

		RTT of packet with SN 12 : 396 ms
		BASE : 13	NEXTSN : 15

LOG 3119550 us Sab1 ORIGINAL Packet: 25
LOG 3119550 us Sab1 000011101001100011010000101101111000000000000000000000000000000010000000000000000000000000000000010000000000000000000000000000000111000000000000000000000000000011010100000000000000000000000000
LOG 3119550 us Sab1 CORRUPTED Packet: 25
LOG 3119550 us Sab1 000011101001100011010000101101111000000000000000000000000000000010000000000000000000000000000000010000000000000000000000000000000111000000000000000000000000000011010100000000000000000000000000
[Central]  RECEIVED 	From 1		Data +	Size 24	  Sequence Number 14	(3119550 us)
[Central]  SENDING 		To 1	ACK 	Size 24	  Sequence Number 14	(3119550 us)
[Local]   RECEIVED 	From 2		ACK 	Size 24	  Sequence Number 13	(3120500 us)

		RTT of packet with SN 13 : 396 ms
		BASE : 14	NEXTSN : 15


		@@@@ timeout 1@@@@
		nextSNTemp : 5, nextSN : 1

[Local]   RECEIVED 	From 2		ACK 	Size 24	  Sequence Number 14	(3312550 us)

		RTT of packet with SN 14 : 396 ms
		BASE : 15	NEXTSN : 15


		@@@@ timeout 15@@@@
		nextSNTemp : 19, nextSN : 15

[Local]   SENDING 		To 2	Data )	Size 24	  Sequence Number 15	(3312550 us)
[Local]   SENDING 		To 2	Data #	Size 24	  Sequence Number 16	(3504600 us)
LOG 3515550 us Sab1 ORIGINAL Packet: 28
LOG 3515550 us Sab1 000011101001100011010000101101111000000000000000000000000000000010000000000000000000000000000000010000000000000000000000000000001111000000000000000000000000000010010100000000000000000000000000
LOG 3515550 us Sab1 CORRUPTED Packet: 28
LOG 3515550 us Sab1 000011101001100011010000101101111000000000000000000000000000000010000000000000000000000000000000010000000000000000000000000000001111000000000000000000000000000010010100000000000000000000000000
[Central]  RECEIVED 	From 1		Data )	Size 24	  Sequence Number 15	(3515550 us)
[Central]  SENDING 		To 1	ACK 	Size 24	  Sequence Number 15	(3515550 us)
[Local]   SENDING 		To 2	Data #	Size 24	  Sequence Number 17	(3696650 us)
LOG 3707600 us Sab1 ORIGINAL Packet: 29
LOG 3707600 us Sab1 000011101001100011010000101101111000000000000000000000000000000010000000000000000000000000000000010000000000000000000000000000000000100000000000000000000000000011000100000000000000000000000000
LOG 3707600 us Sab1 CORRUPTED Packet: 29
LOG 3707600 us Sab1 000011101001100011010000101101111000000000000000000000000000000010000000000000000000000000000000010000000000000000000000000000000000100000000000000000000000000011000100000000000000000000000000
[Central]  RECEIVED 	From 1		Data #	Size 24	  Sequence Number 16	(3707600 us)
[Central]  SENDING 		To 1	ACK 	Size 24	  Sequence Number 16	(3707600 us)
[Local]   RECEIVED 	From 2		ACK 	Size 24	  Sequence Number 15	(3708550 us)

		RTT of packet with SN 15 : 396 ms
		BASE : 16	NEXTSN : 18

[Local]   SENDING 		To 2	Data !	Size 24	  Sequence Number 18	(3888700 us)
LOG 3899650 us Sab1 ORIGINAL Packet: 31
LOG 3899650 us Sab1 000011101001100011010000101101111000000000000000000000000000000010000000000000000000000000000000010000000000000000000000000000001000100000000000000000000000000011000100000000000000000000000000
LOG 3899650 us Sab1 CORRUPTED Packet: 31
LOG 3899650 us Sab1 000011101001100011010000101101111000000000000000000000000000000010000000000000000000000000000000010000000000000000000000000000001000100000000000000000000000000011000100000000000000000000000000
[Central]  RECEIVED 	From 1		Data #	Size 24	  Sequence Number 17	(3899650 us)
[Central]  SENDING 		To 1	ACK 	Size 24	  Sequence Number 17	(3899650 us)
[Local]   RECEIVED 	From 2		ACK 	Size 24	  Sequence Number 16	(3900600 us)

		RTT of packet with SN 16 : 396 ms
		BASE : 17	NEXTSN : 19

[Local]   SENDING 		To 2	Data &	Size 24	  Sequence Number 19	(4080750 us)
LOG 4091700 us Sab1 ORIGINAL Packet: 33
LOG 4091700 us Sab1 000011101001100011010000101101111000000000000000000000000000000010000000000000000000000000000000010000000000000000000000000000000100100000000000000000000000000010000100000000000000000000000000
LOG 4091700 us Sab1 CORRUPTED Packet: 33
LOG 4091700 us Sab1 000011101001100011010000101101111000000000000000000000000000000010000000000000000000000000000000010000000000000000000000000000000100100000000000000000000000000010000100000000000000000000000000
[Central]  RECEIVED 	From 1		Data !	Size 24	  Sequence Number 18	(4091700 us)
[Central]  SENDING 		To 1	ACK 	Size 24	  Sequence Number 18	(4091700 us)
[Local]   RECEIVED 	From 2		ACK 	Size 24	  Sequence Number 17	(4092650 us)

		RTT of packet with SN 17 : 396 ms
		BASE : 18	NEXTSN : 20

[Local]   SENDING 		To 2	Data *	Size 24	  Sequence Number 20	(4272800 us)
LOG 4283750 us Sab1 ORIGINAL Packet: 35
LOG 4283750 us Sab1 000011101001100011010000101101111000000000000000000000000000000010000000000000000000000000000000010000000000000000000000000000001100100000000000000000000000000001100100000000000000000000000000
LOG 4283750 us Sab1 CORRUPTED Packet: 35
LOG 4283750 us Sab1 000011101001100011010000101101111000000000000000000000000000000010000000000000000000000000000000010000000000000000000000000000001100100000000000000000000000000001100100000000000000000000000000
[Central]  RECEIVED 	From 1		Data &	Size 24	  Sequence Number 19	(4283750 us)
[Central]  SENDING 		To 1	ACK 	Size 24	  Sequence Number 19	(4283750 us)
[Local]   RECEIVED 	From 2		ACK 	Size 24	  Sequence Number 18	(4284700 us)

		RTT of packet with SN 18 : 396 ms
		BASE : 19	NEXTSN : 21

LOG 4475800 us Sab1 ORIGINAL Packet: 37
LOG 4475800 us Sab1 000011101001100011010000101101111000000000000000000000000000000010000000000000000000000000000000010000000000000000000000000000000010100000000000000000000000000001010100000000000000000000000000
LOG 4475800 us Sab1 CORRUPTED Packet: 37
LOG 4475800 us Sab1 000011101001100011010000101101111000000000000000000000000000000010000000000000000000000000000000010000000000000000000000000000000010100000000000000000000000000001010100000000000000000000000000
[Central]  RECEIVED 	From 1		Data *	Size 24	  Sequence Number 20	(4475800 us)
[Central]  SENDING 		To 1	ACK 	Size 24	  Sequence Number 20	(4475800 us)
[Local]   RECEIVED 	From 2		ACK 	Size 24	  Sequence Number 19	(4476750 us)

		RTT of packet with SN 19 : 396 ms
		BASE : 20	NEXTSN : 21


		@@@@ timeout 1@@@@
		nextSNTemp : 5, nextSN : 1

[Local]   RECEIVED 	From 2		ACK 	Size 24	  Sequence Number 20	(4668800 us)

		RTT of packet with SN 20 : 396 ms
		BASE : 21	NEXTSN : 21


		@@@@ timeout 21@@@@
		nextSNTemp : 25, nextSN : 21

[Local]   SENDING 		To 2	Data -	Size 24	  Sequence Number 21	(4668800 us)
[Local]   SENDING 		To 2	Data -	Size 24	  Sequence Number 22	(4860850 us)
LOG 4871800 us Sab1 ORIGINAL Packet: 40
LOG 4871800 us Sab1 000011101001100011010000101101111000000000000000000000000000000010000000000000000000000000000000010000000000000000000000000000001010100000000000000000000000000010110100000000000000000000000000
LOG 4871800 us Sab1 CORRUPTED Packet: 40
LOG 4871800 us Sab1 000011101001100011010000101101111000000000000000000000000000000010000000000000000000000000000000010000000000000000000000000000001010100000000000000000000000000010110100000000000000000000000000
[Central]  RECEIVED 	From 1		Data -	Size 24	  Sequence Number 21	(4871800 us)
[Central]  SENDING 		To 1	ACK 	Size 24	  Sequence Number 21	(4871800 us)
[Local]   SENDING 		To 2	Data .	Size 24	  Sequence Number 23	(5052900 us)
LOG 5063850 us Sab1 ORIGINAL Packet: 41
LOG 5063850 us Sab1 000011101001100011010000101101111000000000000000000000000000000010000000000000000000000000000000010000000000000000000000000000000110100000000000000000000000000010110100000000000000000000000000
LOG 5063850 us Sab1 CORRUPTED Packet: 41
LOG 5063850 us Sab1 000011101001100011010000101101111000000000000000000000000000000010000000000000000000000000000000010000000000000000000000000000000110100000000000000000000000000010110100000000000000000000000000
[Central]  RECEIVED 	From 1		Data -	Size 24	  Sequence Number 22	(5063850 us)
[Central]  SENDING 		To 1	ACK 	Size 24	  Sequence Number 22	(5063850 us)
[Local]   RECEIVED 	From 2		ACK 	Size 24	  Sequence Number 21	(5064800 us)

		RTT of packet with SN 21 : 396 ms
		BASE : 22	NEXTSN : 24

[Local]   SENDING 		To 2	Data "	Size 24	  Sequence Number 24	(5244950 us)
LOG 5255900 us Sab1 ORIGINAL Packet: 43
LOG 5255900 us Sab1 000011101001100011010000101101111000000000000000000000000000000010000000000000000000000000000000010000000000000000000000000000001110100000000000000000000000000001110100000000000000000000000000
LOG 5255900 us Sab1 CORRUPTED Packet: 43
LOG 5255900 us Sab1 000011101001100011010000101101111000000000000000000000000000000010000000000000000000000000000000010000000000000000000000000000001110100000000000000000000000000001110100000000000000000000000000
[Central]  RECEIVED 	From 1		Data .	Size 24	  Sequence Number 23	(5255900 us)
[Central]  SENDING 		To 1	ACK 	Size 24	  Sequence Number 23	(5255900 us)
[Local]   RECEIVED 	From 2		ACK 	Size 24	  Sequence Number 22	(5256850 us)

		RTT of packet with SN 22 : 396 ms
		BASE : 23	NEXTSN : 25

[Local]   SENDING 		To 2	Data &	Size 24	  Sequence Number 25	(5437 ms)
LOG 5447950 us Sab1 ORIGINAL Packet: 45
LOG 5447950 us Sab1 000011101001100011010000101101111000000000000000000000000000000010000000000000000000000000000000010000000000000000000000000000000001100000000000000000000000000001000100000000000000000000000000
LOG 5447950 us Sab1 CORRUPTED Packet: 45
LOG 5447950 us Sab1 000011101001100011010000101101111000000000000000000000000000000010000000000000000000000000000000010000000000000000000000000000000001100000000000000000000000000001000100000000000000000000000000
[Central]  RECEIVED 	From 1		Data "	Size 24	  Sequence Number 24	(5447950 us)
[Central]  SENDING 		To 1	ACK 	Size 24	  Sequence Number 24	(5447950 us)
[Local]   RECEIVED 	From 2		ACK 	Size 24	  Sequence Number 23	(5448900 us)

		RTT of packet with SN 23 : 396 ms
		BASE : 24	NEXTSN : 26

[Local]   SENDING 		To 2	Data !	Size 24	  Sequence Number 26	(5629050 us)
LOG 5640 ms Sab1 ORIGINAL Packet: 47
LOG 5640 ms Sab1 000011101001100011010000101101111000000000000000000000000000000010000000000000000000000000000000010000000000000000000000000000001001100000000000000000000000000001100100000000000000000000000000
LOG 5640 ms Sab1 CORRUPTED Packet: 47
LOG 5640 ms Sab1 000011101001100011010000101101111000000000000000000000000000000010000000000000000000000000000000010000000000000000000000000000001001100000000000000000000000000001100100000000000000000000000000
[Central]  RECEIVED 	From 1		Data &	Size 24	  Sequence Number 25	(5640 ms)
[Central]  SENDING 		To 1	ACK 	Size 24	  Sequence Number 25	(5640 ms)
[Local]   RECEIVED 	From 2		ACK 	Size 24	  Sequence Number 24	(5640950 us)

		RTT of packet with SN 24 : 396 ms
		BASE : 25	NEXTSN : 27

LOG 5832050 us Sab1 ORIGINAL Packet: 49
LOG 5832050 us Sab1 000011101001100011010000101101111000000000000000000000000000000010000000000000000000000000000000010000000000000000000000000000000101100000000000000000000000000010000100000000000000000000000000
LOG 5832050 us Sab1 CORRUPTED Packet: 49
LOG 5832050 us Sab1 000011101001100011010000101101111000000000000000000000000000000010000000000000000000000000000000010000000000000000000000000000000101100000000000000000000000000010000100000000000000000000000000
[Central]  RECEIVED 	From 1		Data !	Size 24	  Sequence Number 26	(5832050 us)
[Central]  SENDING 		To 1	ACK 	Size 24	  Sequence Number 26	(5832050 us)
[Local]   RECEIVED 	From 2		ACK 	Size 24	  Sequence Number 25	(5833 ms)

		RTT of packet with SN 25 : 396 ms
		BASE : 26	NEXTSN : 27


		@@@@ timeout 1@@@@
		nextSNTemp : 5, nextSN : 1

[Local]   RECEIVED 	From 2		ACK 	Size 24	  Sequence Number 26	(6025050 us)

		RTT of packet with SN 26 : 396 ms
		BASE : 27	NEXTSN : 27


		@@@@ timeout 27@@@@
		nextSNTemp : 31, nextSN : 27

[Local]   SENDING 		To 2	Data +	Size 24	  Sequence Number 27	(6025050 us)
[Local]   SENDING 		To 2	Data -	Size 24	  Sequence Number 28	(6217100 us)
LOG 6228050 us Sab1 ORIGINAL Packet: 52
LOG 6228050 us Sab1 000011101001100011010000101101111000000000000000000000000000000010000000000000000000000000000000010000000000000000000000000000001101100000000000000000000000000011010100000000000000000000000000
LOG 6228050 us Sab1 CORRUPTED Packet: 52
LOG 6228050 us Sab1 000011101001100011010000101101111000000000000000000000000000000010000000000000000000000000000000010000000000000000000000000000001101100000000000000000000000000011010100000000000000000000000000
[Central]  RECEIVED 	From 1		Data +	Size 24	  Sequence Number 27	(6228050 us)
[Central]  SENDING 		To 1	ACK 	Size 24	  Sequence Number 27	(6228050 us)
[Local]   SENDING 		To 2	Data *	Size 24	  Sequence Number 29	(6409150 us)
LOG 6420100 us Sab1 ORIGINAL Packet: 53
LOG 6420100 us Sab1 000011101001100011010000101101111000000000000000000000000000000010000000000000000000000000000000010000000000000000000000000000000011100000000000000000000000000010110100000000000000000000000000
LOG 6420100 us Sab1 CORRUPTED Packet: 53
LOG 6420100 us Sab1 000011101001100011010000101101111000000000000000000000000000000010000000000000000000000000000000010000000000000000000000000000000011100000000000000000000000000010110100000000000000000000000000
[Central]  RECEIVED 	From 1		Data -	Size 24	  Sequence Number 28	(6420100 us)
[Central]  SENDING 		To 1	ACK 	Size 24	  Sequence Number 28	(6420100 us)
[Local]   RECEIVED 	From 2		ACK 	Size 24	  Sequence Number 27	(6421050 us)

		RTT of packet with SN 27 : 396 ms
		BASE : 28	NEXTSN : 30

[Local]   SENDING 		To 2	Data "	Size 24	  Sequence Number 30	(6601200 us)
LOG 6612150 us Sab1 ORIGINAL Packet: 55
LOG 6612150 us Sab1 000011101001100011010000101101111000000000000000000000000000000010000000000000000000000000000000010000000000000000000000000000001011100000000000000000000000000001010100000000000000000000000000
LOG 6612150 us Sab1 CORRUPTED Packet: 55
LOG 6612150 us Sab1 000011101001100011010000101101111000000000000000000000000000000010000000000000000000000000000000010000000000000000000000000000001011100000000000000000000000000001010100000000000000000000000000
[Central]  RECEIVED 	From 1		Data *	Size 24	  Sequence Number 29	(6612150 us)
[Central]  SENDING 		To 1	ACK 	Size 24	  Sequence Number 29	(6612150 us)
[Local]   RECEIVED 	From 2		ACK 	Size 24	  Sequence Number 28	(6613100 us)

		RTT of packet with SN 28 : 396 ms
		BASE : 29	NEXTSN : 31

[Local]   SENDING 		To 2	Data !	Size 24	  Sequence Number 31	(6793250 us)
LOG 6804200 us Sab1 ORIGINAL Packet: 57
LOG 6804200 us Sab1 000011101001100011010000101101111000000000000000000000000000000010000000000000000000000000000000010000000000000000000000000000000111100000000000000000000000000001000100000000000000000000000000
LOG 6804200 us Sab1 CORRUPTED Packet: 57
LOG 6804200 us Sab1 000011101001100011010000101101111000000000000000000000000000000010000000000000000000000000000000010000000000000000000000000000000111100000000000000000000000000001000100000000000000000000000000
[Central]  RECEIVED 	From 1		Data "	Size 24	  Sequence Number 30	(6804200 us)
[Central]  SENDING 		To 1	ACK 	Size 24	  Sequence Number 30	(6804200 us)
[Local]   RECEIVED 	From 2		ACK 	Size 24	  Sequence Number 29	(6805150 us)

		RTT of packet with SN 29 : 396 ms
		BASE : 30	NEXTSN : 32

[Local]   SENDING 		To 2	Data *	Size 24	  Sequence Number 32	(6985300 us)
LOG 6996250 us Sab1 ORIGINAL Packet: 59
LOG 6996250 us Sab1 000011101001100011010000101101111000000000000000000000000000000010000000000000000000000000000000010000000000000000000000000000001111100000000000000000000000000010000100000000000000000000000000
LOG 6996250 us Sab1 CORRUPTED Packet: 59
LOG 6996250 us Sab1 000011101001100011010000101101111000000000000000000000000000000010000000000000000000000000000000010000000000000000000000000000001111100000000000000000000000000010000100000000000000000000000000
[Central]  RECEIVED 	From 1		Data !	Size 24	  Sequence Number 31	(6996250 us)
[Central]  SENDING 		To 1	ACK 	Size 24	  Sequence Number 31	(6996250 us)
[Local]   RECEIVED 	From 2		ACK 	Size 24	  Sequence Number 30	(6997200 us)

		RTT of packet with SN 30 : 396 ms
		BASE : 31	NEXTSN : 33

LOG 7188300 us Sab1 ORIGINAL Packet: 61
LOG 7188300 us Sab1 000011101001100011010000101101111000000000000000000000000000000010000000000000000000000000000000010000000000000000000000000000000000010000000000000000000000000001010100000000000000000000000000
LOG 7188300 us Sab1 CORRUPTED Packet: 61
LOG 7188300 us Sab1 000011101001100011010000101101111000000000000000000000000000000010000000000000000000000000000000010000000000000000000000000000000000010000000000000000000000000001010100000000000000000000000000
[Central]  RECEIVED 	From 1		Data *	Size 24	  Sequence Number 32	(7188300 us)
[Central]  SENDING 		To 1	ACK 	Size 24	  Sequence Number 32	(7188300 us)
[Local]   RECEIVED 	From 2		ACK 	Size 24	  Sequence Number 31	(7189250 us)

		RTT of packet with SN 31 : 396 ms
		BASE : 32	NEXTSN : 33


		@@@@ timeout 1@@@@
		nextSNTemp : 5, nextSN : 1

[Local]   RECEIVED 	From 2		ACK 	Size 24	  Sequence Number 32	(7381300 us)

		RTT of packet with SN 32 : 396 ms
		BASE : 33	NEXTSN : 33


		@@@@ timeout 33@@@@
		nextSNTemp : 37, nextSN : 33

[Local]   SENDING 		To 2	Data "	Size 24	  Sequence Number 33	(7381300 us)
[Local]   SENDING 		To 2	Data ,	Size 24	  Sequence Number 34	(7573350 us)
LOG 7584300 us Sab1 ORIGINAL Packet: 64
LOG 7584300 us Sab1 000011101001100011010000101101111000000000000000000000000000000010000000000000000000000000000000010000000000000000000000000000001000010000000000000000000000000001000100000000000000000000000000
LOG 7584300 us Sab1 CORRUPTED Packet: 64
LOG 7584300 us Sab1 000011101001100011010000101101111000000000000000000000000000000010000000000000000000000000000000010000000000000000000000000000001000010000000000000000000000000001000100000000000000000000000000
[Central]  RECEIVED 	From 1		Data "	Size 24	  Sequence Number 33	(7584300 us)
[Central]  SENDING 		To 1	ACK 	Size 24	  Sequence Number 33	(7584300 us)
[Local]   SENDING 		To 2	Data &	Size 24	  Sequence Number 35	(7765400 us)
LOG 7776350 us Sab1 ORIGINAL Packet: 65
LOG 7776350 us Sab1 000011101001100011010000101101111000000000000000000000000000000010000000000000000000000000000000010000000000000000000000000000000100010000000000000000000000000000110100000000000000000000000000
LOG 7776350 us Sab1 CORRUPTED Packet: 65
LOG 7776350 us Sab1 000011101001100011010000101101111000000000000000000000000000000010000000000000000000000000000000010000000000000000000000000000000100010000000000000000000000000000110100000000000000000000000000
[Central]  RECEIVED 	From 1		Data ,	Size 24	  Sequence Number 34	(7776350 us)
[Central]  SENDING 		To 1	ACK 	Size 24	  Sequence Number 34	(7776350 us)
[Local]   RECEIVED 	From 2		ACK 	Size 24	  Sequence Number 33	(7777300 us)

		RTT of packet with SN 33 : 396 ms
		BASE : 34	NEXTSN : 36

[Local]   SENDING 		To 2	Data (	Size 24	  Sequence Number 36	(7957450 us)
LOG 7968400 us Sab1 ORIGINAL Packet: 67
LOG 7968400 us Sab1 000011101001100011010000101101111000000000000000000000000000000010000000000000000000000000000000010000000000000000000000000000001100010000000000000000000000000001100100000000000000000000000000
LOG 7968400 us Sab1 CORRUPTED Packet: 67
LOG 7968400 us Sab1 000011101001100011010000101101111000000000000000000000000000000010000000000000000000000000000000010000000000000000000000000000001100010000000000000000000000000001100100000000000000000000000000
[Central]  RECEIVED 	From 1		Data &	Size 24	  Sequence Number 35	(7968400 us)
[Central]  SENDING 		To 1	ACK 	Size 24	  Sequence Number 35	(7968400 us)
[Local]   RECEIVED 	From 2		ACK 	Size 24	  Sequence Number 34	(7969350 us)

		RTT of packet with SN 34 : 396 ms
		BASE : 35	NEXTSN : 37


Info: /OSCI/SystemC: Simulation stopped by user.
