
Local   <-->  Central with FullDuplex channel

+----------------------------------------------------------------------------------------------+
|TASK     ACTION        FROM    TO      DATA    SIZE      SEQUENCE NUMBER       TIME STAMP     |
+----------------------------------------------------------------------------------------------+
[Local]   SENDING 		To 2	Data "	Size 24	  Sequence Number 1	(50 us)
[Local]   SENDING 		To 2	Data %	Size 24	  Sequence Number 2	(192100 us)
LOG 209050 us Sab1 ORIGINAL Packet: 0
LOG 209050 us Sab1 000011101001101001010010011001001000000000000000000000000000000010000000000000000000000000000000010000000000000000000000000000001000000000000000000000000000000001000100000000000000000000000000
LOG 209050 us Sab1 CORRUPTED Packet: 0
LOG 209050 us Sab1 000011101001101001010010011001001000000000000000000000000000000010000000000000000000000000000000010000000000000000000000000000001000000000000000000000000000000001000100000000000000000000000000
[Central]  RECEIVED 	From 1		Data "	Size 24	  Sequence Number 1	(209050 us)
[Central]  SENDING 		To 1	ACK 	Size 24	  Sequence Number 1	(209050 us)
LOG 401100 us Sab1 ORIGINAL Packet: 1
LOG 401100 us Sab1 000011101001101001010010011001001000000000000000000000000000000010000000000000000000000000000000010000000000000000000000000000000100000000000000000000000000000010100100000000000000000000000000
LOG 401100 us Sab1 CORRUPTED Packet: 1
LOG 401100 us Sab1 000011101001101001010010011001001000000000000000000000000000000010000000000000000000000000000000010000000000000000000000000000000100000000000000000000000000000010100100000000000000000000000000
[Central]  RECEIVED 	From 1		Data %	Size 24	  Sequence Number 2	(401100 us)
[Central]  SENDING 		To 1	ACK 	Size 24	  Sequence Number 2	(401100 us)
[Local]   RECEIVED 	From 2		ACK 	Size 24	  Sequence Number 1	(402050 us)

		RTT of packet with SN 1 : 402050 us
		BASE : 2	NEXTSN : 3

[Local]   RECEIVED 	From 2		ACK 	Size 24	  Sequence Number 2	(594100 us)

		RTT of packet with SN 2 : 402 ms
		BASE : 3	NEXTSN : 3


		@@@@ timeout 1@@@@
		nextSNTemp : 5, nextSN : 1


		@@@@ timeout 3@@@@
		nextSNTemp : 7, nextSN : 3

[Local]   SENDING 		To 2	Data *	Size 24	  Sequence Number 3	(600050 us)
[Local]   SENDING 		To 2	Data &	Size 24	  Sequence Number 4	(792100 us)
LOG 809050 us Sab1 ORIGINAL Packet: 4
LOG 809050 us Sab1 000011101001101001010010011001001000000000000000000000000000000010000000000000000000000000000000010000000000000000000000000000001100000000000000000000000000000001010100000000000000000000000000
LOG 809050 us Sab1 CORRUPTED Packet: 4
LOG 809050 us Sab1 000011101001101001010010011001001000000000000000000000000000000010000000000000000000000000000000010000000000000000000000000000001100000000000000000000000000000001010100000000000000000000000000
[Central]  RECEIVED 	From 1		Data *	Size 24	  Sequence Number 3	(809050 us)
[Central]  SENDING 		To 1	ACK 	Size 24	  Sequence Number 3	(809050 us)
[Local]   SENDING 		To 2	Data "	Size 24	  Sequence Number 5	(984150 us)
LOG 1001100 us Sab1 ORIGINAL Packet: 5
LOG 1001100 us Sab1 000011101001101001010010011001001000000000000000000000000000000010000000000000000000000000000000010000000000000000000000000000000010000000000000000000000000000001100100000000000000000000000000
LOG 1001100 us Sab1 CORRUPTED Packet: 5
LOG 1001100 us Sab1 000011101001101001010010011001001000000000000000000000000000000010000000000000000000000000000000010000000000000000000000000000000010000000000000000000000000000001100100000000000000000000000000
[Central]  RECEIVED 	From 1		Data &	Size 24	  Sequence Number 4	(1001100 us)
[Central]  SENDING 		To 1	ACK 	Size 24	  Sequence Number 4	(1001100 us)
[Local]   RECEIVED 	From 2		ACK 	Size 24	  Sequence Number 3	(1002050 us)

		RTT of packet with SN 3 : 402 ms
		BASE : 4	NEXTSN : 6

[Local]   SENDING 		To 2	Data #	Size 24	  Sequence Number 6	(1176200 us)
LOG 1193150 us Sab1 ORIGINAL Packet: 7
LOG 1193150 us Sab1 000011101001101001010010011001001000000000000000000000000000000010000000000000000000000000000000010000000000000000000000000000001010000000000000000000000000000001000100000000000000000000000000
LOG 1193150 us Sab1 CORRUPTED Packet: 7
LOG 1193150 us Sab1 000011101001101001010010011001001000000000000000000000000000000010000000000000000000000000000000010000000000000000000000000000001010000000000000000000000000000001000100000000000000000000000000
[Central]  RECEIVED 	From 1		Data "	Size 24	  Sequence Number 5	(1193150 us)
[Central]  SENDING 		To 1	ACK 	Size 24	  Sequence Number 5	(1193150 us)
[Local]   RECEIVED 	From 2		ACK 	Size 24	  Sequence Number 4	(1194100 us)

		RTT of packet with SN 4 : 402 ms
		BASE : 5	NEXTSN : 7

[Local]   SENDING 		To 2	Data "	Size 24	  Sequence Number 7	(1368250 us)
LOG 1385200 us Sab1 ORIGINAL Packet: 9
LOG 1385200 us Sab1 000011101001101001010010011001001000000000000000000000000000000010000000000000000000000000000000010000000000000000000000000000000110000000000000000000000000000011000100000000000000000000000000
LOG 1385200 us Sab1 CORRUPTED Packet: 9
LOG 1385200 us Sab1 000011101001101001010010011001001000000000000000000000000000000010000000000000000000000000000000010000000000000000000000000000000110000000000000000000000000000011000100000000000000000000000000
[Central]  RECEIVED 	From 1		Data #	Size 24	  Sequence Number 6	(1385200 us)
[Central]  SENDING 		To 1	ACK 	Size 24	  Sequence Number 6	(1385200 us)
[Local]   RECEIVED 	From 2		ACK 	Size 24	  Sequence Number 5	(1386150 us)

		RTT of packet with SN 5 : 402 ms
		BASE : 6	NEXTSN : 8

[Local]   SENDING 		To 2	Data $	Size 24	  Sequence Number 8	(1560300 us)
LOG 1577250 us Sab1 ORIGINAL Packet: 11
LOG 1577250 us Sab1 000011101001101001010010011001001000000000000000000000000000000010000000000000000000000000000000010000000000000000000000000000001110000000000000000000000000000001000100000000000000000000000000
LOG 1577250 us Sab1 CORRUPTED Packet: 11
LOG 1577250 us Sab1 000011101001101001010010011001001000000000000000000000000000000010000000000000000000000000000000010000000000000000000000000000001110000000000000000000000000000001000100000000000000000000000000
[Central]  RECEIVED 	From 1		Data "	Size 24	  Sequence Number 7	(1577250 us)
[Central]  SENDING 		To 1	ACK 	Size 24	  Sequence Number 7	(1577250 us)
[Local]   RECEIVED 	From 2		ACK 	Size 24	  Sequence Number 6	(1578200 us)

		RTT of packet with SN 6 : 402 ms
		BASE : 7	NEXTSN : 9

LOG 1769300 us Sab1 ORIGINAL Packet: 13
LOG 1769300 us Sab1 000011101001101001010010011001001000000000000000000000000000000010000000000000000000000000000000010000000000000000000000000000000001000000000000000000000000000000100100000000000000000000000000
LOG 1769300 us Sab1 CORRUPTED Packet: 13
LOG 1769300 us Sab1 000011101001101001010010011001001000000000000000000000000000000010000000000000000000000000000000010000000000000000000000000000000001000000000000000000000000000000100100000000000000000000000000
[Central]  RECEIVED 	From 1		Data $	Size 24	  Sequence Number 8	(1769300 us)
[Central]  SENDING 		To 1	ACK 	Size 24	  Sequence Number 8	(1769300 us)
[Local]   RECEIVED 	From 2		ACK 	Size 24	  Sequence Number 7	(1770250 us)

		RTT of packet with SN 7 : 402 ms
		BASE : 8	NEXTSN : 9


		@@@@ timeout 1@@@@
		nextSNTemp : 5, nextSN : 1

[Local]   RECEIVED 	From 2		ACK 	Size 24	  Sequence Number 8	(1962300 us)

		RTT of packet with SN 8 : 402 ms
		BASE : 9	NEXTSN : 9


		@@@@ timeout 9@@@@
		nextSNTemp : 13, nextSN : 9

[Local]   SENDING 		To 2	Data #	Size 24	  Sequence Number 9	(1962300 us)
[Local]   SENDING 		To 2	Data '	Size 24	  Sequence Number 10	(2154350 us)
LOG 2171300 us Sab1 ORIGINAL Packet: 16
LOG 2171300 us Sab1 000011101001101001010010011001001000000000000000000000000000000010000000000000000000000000000000010000000000000000000000000000001001000000000000000000000000000011000100000000000000000000000000
LOG 2171300 us Sab1 CORRUPTED Packet: 16
LOG 2171300 us Sab1 000011101001101001010010011001001000000000000000000000000000000010000000000000000000000000000000010000000000000000000000000000001001000000000000000000000000000011000100000000000000000000000000
[Central]  RECEIVED 	From 1		Data #	Size 24	  Sequence Number 9	(2171300 us)
[Central]  SENDING 		To 1	ACK 	Size 24	  Sequence Number 9	(2171300 us)
[Local]   SENDING 		To 2	Data ,	Size 24	  Sequence Number 11	(2346400 us)
LOG 2363350 us Sab1 ORIGINAL Packet: 17
LOG 2363350 us Sab1 000011101001101001010010011001001000000000000000000000000000000010000000000000000000000000000000010000000000000000000000000000000101000000000000000000000000000011100100000000000000000000000000
LOG 2363350 us Sab1 CORRUPTED Packet: 17
LOG 2363350 us Sab1 000011101001101001010010011001001000000000000000000000000000000010000000000000000000000000000000010000000000000000000000000000000101000000000000000000000000000011100100000000000000000000000000
[Central]  RECEIVED 	From 1		Data '	Size 24	  Sequence Number 10	(2363350 us)
[Central]  SENDING 		To 1	ACK 	Size 24	  Sequence Number 10	(2363350 us)
[Local]   RECEIVED 	From 2		ACK 	Size 24	  Sequence Number 9	(2364300 us)

		RTT of packet with SN 9 : 402 ms
		BASE : 10	NEXTSN : 12

[Local]   SENDING 		To 2	Data .	Size 24	  Sequence Number 12	(2538450 us)
LOG 2555400 us Sab1 ORIGINAL Packet: 19
LOG 2555400 us Sab1 000011101001101001010010011001001000000000000000000000000000000010000000000000000000000000000000010000000000000000000000000000001101000000000000000000000000000000110100000000000000000000000000
LOG 2555400 us Sab1 CORRUPTED Packet: 19
LOG 2555400 us Sab1 000011101001101001010010011001001000000000000000000000000000000010000000000000000000000000000000010000000000000000000000000000001101000000000000000000000000000000110100000000000000000000000000
[Central]  RECEIVED 	From 1		Data ,	Size 24	  Sequence Number 11	(2555400 us)
[Central]  SENDING 		To 1	ACK 	Size 24	  Sequence Number 11	(2555400 us)
[Local]   RECEIVED 	From 2		ACK 	Size 24	  Sequence Number 10	(2556350 us)

		RTT of packet with SN 10 : 402 ms
		BASE : 11	NEXTSN : 13

[Local]   SENDING 		To 2	Data !	Size 24	  Sequence Number 13	(2730500 us)
LOG 2747450 us Sab1 ORIGINAL Packet: 21
LOG 2747450 us Sab1 000011101001101001010010011001001000000000000000000000000000000010000000000000000000000000000000010000000000000000000000000000000011000000000000000000000000000001110100000000000000000000000000
LOG 2747450 us Sab1 CORRUPTED Packet: 21
LOG 2747450 us Sab1 000011101001101001010010011001001000000000000000000000000000000010000000000000000000000000000000010000000000000000000000000000000011000000000000000000000000000001110100000000000000000000000000
[Central]  RECEIVED 	From 1		Data .	Size 24	  Sequence Number 12	(2747450 us)
[Central]  SENDING 		To 1	ACK 	Size 24	  Sequence Number 12	(2747450 us)
[Local]   RECEIVED 	From 2		ACK 	Size 24	  Sequence Number 11	(2748400 us)

		RTT of packet with SN 11 : 402 ms
		BASE : 12	NEXTSN : 14

[Local]   SENDING 		To 2	Data +	Size 24	  Sequence Number 14	(2922550 us)
LOG 2939500 us Sab1 ORIGINAL Packet: 23
LOG 2939500 us Sab1 000011101001101001010010011001001000000000000000000000000000000010000000000000000000000000000000010000000000000000000000000000001011000000000000000000000000000010000100000000000000000000000000
LOG 2939500 us Sab1 CORRUPTED Packet: 23
LOG 2939500 us Sab1 000011101001101001010010011001001000000000000000000000000000000010000000000000000000000000000000010000000000000000000000000000001011000000000000000000000000000010000100000000000000000000000000
[Central]  RECEIVED 	From 1		Data !	Size 24	  Sequence Number 13	(2939500 us)
[Central]  SENDING 		To 1	ACK 	Size 24	  Sequence Number 13	(2939500 us)
[Local]   RECEIVED 	From 2		ACK 	Size 24	  Sequence Number 12	(2940450 us)

		RTT of packet with SN 12 : 402 ms
		BASE : 13	NEXTSN : 15

LOG 3131550 us Sab1 ORIGINAL Packet: 25
LOG 3131550 us Sab1 000011101001101001010010011001001000000000000000000000000000000010000000000000000000000000000000010000000000000000000000000000000111000000000000000000000000000011010100000000000000000000000000
LOG 3131550 us Sab1 CORRUPTED Packet: 25
LOG 3131550 us Sab1 000011101001101001010010011001001000000000000000000000000000000010000000000000000000000000000000010000000000000000000000000000000111000000000000000000000000000011010100000000000000000000000000
[Central]  RECEIVED 	From 1		Data +	Size 24	  Sequence Number 14	(3131550 us)
[Central]  SENDING 		To 1	ACK 	Size 24	  Sequence Number 14	(3131550 us)
[Local]   RECEIVED 	From 2		ACK 	Size 24	  Sequence Number 13	(3132500 us)

		RTT of packet with SN 13 : 402 ms
		BASE : 14	NEXTSN : 15


		@@@@ timeout 1@@@@
		nextSNTemp : 5, nextSN : 1

[Local]   RECEIVED 	From 2		ACK 	Size 24	  Sequence Number 14	(3324550 us)

		RTT of packet with SN 14 : 402 ms
		BASE : 15	NEXTSN : 15


		@@@@ timeout 15@@@@
		nextSNTemp : 19, nextSN : 15

[Local]   SENDING 		To 2	Data )	Size 24	  Sequence Number 15	(3324550 us)
[Local]   SENDING 		To 2	Data #	Size 24	  Sequence Number 16	(3516600 us)
LOG 3533550 us Sab1 ORIGINAL Packet: 28
LOG 3533550 us Sab1 000011101001101001010010011001001000000000000000000000000000000010000000000000000000000000000000010000000000000000000000000000001111000000000000000000000000000010010100000000000000000000000000
LOG 3533550 us Sab1 CORRUPTED Packet: 28
LOG 3533550 us Sab1 000011101001101001010010011001001000000000000000000000000000000010000000000000000000000000000000010000000000000000000000000000001111000000000000000000000000000010010100000000000000000000000000
[Central]  RECEIVED 	From 1		Data )	Size 24	  Sequence Number 15	(3533550 us)
[Central]  SENDING 		To 1	ACK 	Size 24	  Sequence Number 15	(3533550 us)
[Local]   SENDING 		To 2	Data #	Size 24	  Sequence Number 17	(3708650 us)
LOG 3725600 us Sab1 ORIGINAL Packet: 29
LOG 3725600 us Sab1 000011101001101001010010011001001000000000000000000000000000000010000000000000000000000000000000010000000000000000000000000000000000100000000000000000000000000011000100000000000000000000000000
LOG 3725600 us Sab1 CORRUPTED Packet: 29
LOG 3725600 us Sab1 000011101001101001010010011001001000000000000000000000000000000010000000000000000000000000000000010000000000000000000000000000000000100000000000000000000000000011000100000000000000000000000000
[Central]  RECEIVED 	From 1		Data #	Size 24	  Sequence Number 16	(3725600 us)
[Central]  SENDING 		To 1	ACK 	Size 24	  Sequence Number 16	(3725600 us)
[Local]   RECEIVED 	From 2		ACK 	Size 24	  Sequence Number 15	(3726550 us)

		RTT of packet with SN 15 : 402 ms
		BASE : 16	NEXTSN : 18

[Local]   SENDING 		To 2	Data !	Size 24	  Sequence Number 18	(3900700 us)
LOG 3917650 us Sab1 ORIGINAL Packet: 31
LOG 3917650 us Sab1 000011101001101001010010011001001000000000000000000000000000000010000000000000000000000000000000010000000000000000000000000000001000100000000000000000000000000011000100000000000000000000000000
LOG 3917650 us Sab1 CORRUPTED Packet: 31
LOG 3917650 us Sab1 000011101001101001010010011001001000000000000000000000000000000010000000000000000000000000000000010000000000000000000000000000001000100000000000000000000000000011000100000000000000000000000000
[Central]  RECEIVED 	From 1		Data #	Size 24	  Sequence Number 17	(3917650 us)
[Central]  SENDING 		To 1	ACK 	Size 24	  Sequence Number 17	(3917650 us)
[Local]   RECEIVED 	From 2		ACK 	Size 24	  Sequence Number 16	(3918600 us)

		RTT of packet with SN 16 : 402 ms
		BASE : 17	NEXTSN : 19

[Local]   SENDING 		To 2	Data &	Size 24	  Sequence Number 19	(4092750 us)
LOG 4109700 us Sab1 ORIGINAL Packet: 33
LOG 4109700 us Sab1 000011101001101001010010011001001000000000000000000000000000000010000000000000000000000000000000010000000000000000000000000000000100100000000000000000000000000010000100000000000000000000000000
LOG 4109700 us Sab1 CORRUPTED Packet: 33
LOG 4109700 us Sab1 000011101001101001010010011001001000000000000000000000000000000010000000000000000000000000000000010000000000000000000000000000000100100000000000000000000000000010000100000000000000000000000000
[Central]  RECEIVED 	From 1		Data !	Size 24	  Sequence Number 18	(4109700 us)
[Central]  SENDING 		To 1	ACK 	Size 24	  Sequence Number 18	(4109700 us)
[Local]   RECEIVED 	From 2		ACK 	Size 24	  Sequence Number 17	(4110650 us)

		RTT of packet with SN 17 : 402 ms
		BASE : 18	NEXTSN : 20

[Local]   SENDING 		To 2	Data *	Size 24	  Sequence Number 20	(4284800 us)
LOG 4301750 us Sab1 ORIGINAL Packet: 35
LOG 4301750 us Sab1 000011101001101001010010011001001000000000000000000000000000000010000000000000000000000000000000010000000000000000000000000000001100100000000000000000000000000001100100000000000000000000000000
LOG 4301750 us Sab1 CORRUPTED Packet: 35
LOG 4301750 us Sab1 000011101001101001010010011001001000000000000000000000000000000010000000000000000000000000000000010000000000000000000000000000001100100000000000000000000000000001100100000000000000000000000000
[Central]  RECEIVED 	From 1		Data &	Size 24	  Sequence Number 19	(4301750 us)
[Central]  SENDING 		To 1	ACK 	Size 24	  Sequence Number 19	(4301750 us)
[Local]   RECEIVED 	From 2		ACK 	Size 24	  Sequence Number 18	(4302700 us)

		RTT of packet with SN 18 : 402 ms
		BASE : 19	NEXTSN : 21

LOG 4493800 us Sab1 ORIGINAL Packet: 37
LOG 4493800 us Sab1 000011101001101001010010011001001000000000000000000000000000000010000000000000000000000000000000010000000000000000000000000000000010100000000000000000000000000001010100000000000000000000000000
LOG 4493800 us Sab1 CORRUPTED Packet: 37
LOG 4493800 us Sab1 000011101001101001010010011001001000000000000000000000000000000010000000000000000000000000000000010000000000000000000000000000000010100000000000000000000000000001010100000000000000000000000000
[Central]  RECEIVED 	From 1		Data *	Size 24	  Sequence Number 20	(4493800 us)
[Central]  SENDING 		To 1	ACK 	Size 24	  Sequence Number 20	(4493800 us)
[Local]   RECEIVED 	From 2		ACK 	Size 24	  Sequence Number 19	(4494750 us)

		RTT of packet with SN 19 : 402 ms
		BASE : 20	NEXTSN : 21


		@@@@ timeout 1@@@@
		nextSNTemp : 5, nextSN : 1

[Local]   RECEIVED 	From 2		ACK 	Size 24	  Sequence Number 20	(4686800 us)

		RTT of packet with SN 20 : 402 ms
		BASE : 21	NEXTSN : 21


		@@@@ timeout 21@@@@
		nextSNTemp : 25, nextSN : 21

[Local]   SENDING 		To 2	Data #	Size 24	  Sequence Number 21	(4686800 us)
[Local]   SENDING 		To 2	Data -	Size 24	  Sequence Number 22	(4878850 us)
LOG 4895800 us Sab1 ORIGINAL Packet: 40
LOG 4895800 us Sab1 000011101001101001010010011001001000000000000000000000000000000010000000000000000000000000000000010000000000000000000000000000001010100000000000000000000000000011000100000000000000000000000000
LOG 4895800 us Sab1 CORRUPTED Packet: 40
LOG 4895800 us Sab1 000011101001101001010010011001001000000000000000000000000000000010000000000000000000000000000000010000000000000000000000000000001010100000000000000000000000000011000100000000000000000000000000
[Central]  RECEIVED 	From 1		Data #	Size 24	  Sequence Number 21	(4895800 us)
[Central]  SENDING 		To 1	ACK 	Size 24	  Sequence Number 21	(4895800 us)
[Local]   SENDING 		To 2	Data .	Size 24	  Sequence Number 23	(5070900 us)
LOG 5087850 us Sab1 ORIGINAL Packet: 41
LOG 5087850 us Sab1 000011101001101001010010011001001000000000000000000000000000000010000000000000000000000000000000010000000000000000000000000000000110100000000000000000000000000010110100000000000000000000000000
LOG 5087850 us Sab1 CORRUPTED Packet: 41
LOG 5087850 us Sab1 000011101001101001010010011001001000000000000000000000000000000010000000000000000000000000000000010000000000000000000000000000000110100000000000000000000000000010110100000000000000000000000000
[Central]  RECEIVED 	From 1		Data -	Size 24	  Sequence Number 22	(5087850 us)
[Central]  SENDING 		To 1	ACK 	Size 24	  Sequence Number 22	(5087850 us)
[Local]   RECEIVED 	From 2		ACK 	Size 24	  Sequence Number 21	(5088800 us)

		RTT of packet with SN 21 : 402 ms
		BASE : 22	NEXTSN : 24

[Local]   SENDING 		To 2	Data "	Size 24	  Sequence Number 24	(5262950 us)
LOG 5279900 us Sab1 ORIGINAL Packet: 43
LOG 5279900 us Sab1 000011101001101001010010011001001000000000000000000000000000000010000000000000000000000000000000010000000000000000000000000000001110100000000000000000000000000001110100000000000000000000000000
LOG 5279900 us Sab1 CORRUPTED Packet: 43
LOG 5279900 us Sab1 000011101001101001010010011001001000000000000000000000000000000010000000000000000000000000000000010000000000000000000000000000001110100000000000000000000000000001110100000000000000000000000000
[Central]  RECEIVED 	From 1		Data .	Size 24	  Sequence Number 23	(5279900 us)
[Central]  SENDING 		To 1	ACK 	Size 24	  Sequence Number 23	(5279900 us)
[Local]   RECEIVED 	From 2		ACK 	Size 24	  Sequence Number 22	(5280850 us)

		RTT of packet with SN 22 : 402 ms
		BASE : 23	NEXTSN : 25

[Local]   SENDING 		To 2	Data &	Size 24	  Sequence Number 25	(5455 ms)
LOG 5471950 us Sab1 ORIGINAL Packet: 45
LOG 5471950 us Sab1 000011101001101001010010011001001000000000000000000000000000000010000000000000000000000000000000010000000000000000000000000000000001100000000000000000000000000001000100000000000000000000000000
LOG 5471950 us Sab1 CORRUPTED Packet: 45
LOG 5471950 us Sab1 000011101001101001010010011001001000000000000000000000000000000010000000000000000000000000000000010000000000000000000000000000000001100000000000000000000000000001000100000000000000000000000000
[Central]  RECEIVED 	From 1		Data "	Size 24	  Sequence Number 24	(5471950 us)
[Central]  SENDING 		To 1	ACK 	Size 24	  Sequence Number 24	(5471950 us)
[Local]   RECEIVED 	From 2		ACK 	Size 24	  Sequence Number 23	(5472900 us)

		RTT of packet with SN 23 : 402 ms
		BASE : 24	NEXTSN : 26

[Local]   SENDING 		To 2	Data !	Size 24	  Sequence Number 26	(5647050 us)
LOG 5664 ms Sab1 ORIGINAL Packet: 47
LOG 5664 ms Sab1 000011101001101001010010011001001000000000000000000000000000000010000000000000000000000000000000010000000000000000000000000000001001100000000000000000000000000001100100000000000000000000000000
LOG 5664 ms Sab1 CORRUPTED Packet: 47
LOG 5664 ms Sab1 000011101001101001010010011001001000000000000000000000000000000010000000000000000000000000000000010000000000000000000000000000001001100000000000000000000000000001100100000000000000000000000000
[Central]  RECEIVED 	From 1		Data &	Size 24	  Sequence Number 25	(5664 ms)
[Central]  SENDING 		To 1	ACK 	Size 24	  Sequence Number 25	(5664 ms)
[Local]   RECEIVED 	From 2		ACK 	Size 24	  Sequence Number 24	(5664950 us)

		RTT of packet with SN 24 : 402 ms
		BASE : 25	NEXTSN : 27

LOG 5856050 us Sab1 ORIGINAL Packet: 49
LOG 5856050 us Sab1 000011101001101001010010011001001000000000000000000000000000000010000000000000000000000000000000010000000000000000000000000000000101100000000000000000000000000010000100000000000000000000000000
LOG 5856050 us Sab1 CORRUPTED Packet: 49
LOG 5856050 us Sab1 000011101001101001010010011001001000000000000000000000000000000010000000000000000000000000000000010000000000000000000000000000000101100000000000000000000000000010000100000000000000000000000000
[Central]  RECEIVED 	From 1		Data !	Size 24	  Sequence Number 26	(5856050 us)
[Central]  SENDING 		To 1	ACK 	Size 24	  Sequence Number 26	(5856050 us)
[Local]   RECEIVED 	From 2		ACK 	Size 24	  Sequence Number 25	(5857 ms)

		RTT of packet with SN 25 : 402 ms
		BASE : 26	NEXTSN : 27


		@@@@ timeout 1@@@@
		nextSNTemp : 5, nextSN : 1

[Local]   RECEIVED 	From 2		ACK 	Size 24	  Sequence Number 26	(6049050 us)

		RTT of packet with SN 26 : 402 ms
		BASE : 27	NEXTSN : 27


		@@@@ timeout 27@@@@
		nextSNTemp : 31, nextSN : 27

[Local]   SENDING 		To 2	Data +	Size 24	  Sequence Number 27	(6049050 us)
[Local]   SENDING 		To 2	Data -	Size 24	  Sequence Number 28	(6241100 us)
LOG 6258050 us Sab1 ORIGINAL Packet: 52
LOG 6258050 us Sab1 000011101001101001010010011001001000000000000000000000000000000010000000000000000000000000000000010000000000000000000000000000001101100000000000000000000000000011010100000000000000000000000000
LOG 6258050 us Sab1 CORRUPTED Packet: 52
LOG 6258050 us Sab1 000011101001101001010010011001001000000000000000000000000000000010000000000000000000000000000000010000000000000000000000000000001101100000000000000000000000000011010100000000000000000000000000
[Central]  RECEIVED 	From 1		Data +	Size 24	  Sequence Number 27	(6258050 us)
[Central]  SENDING 		To 1	ACK 	Size 24	  Sequence Number 27	(6258050 us)
[Local]   SENDING 		To 2	Data *	Size 24	  Sequence Number 29	(6433150 us)
LOG 6450100 us Sab1 ORIGINAL Packet: 53
LOG 6450100 us Sab1 000011101001101001010010011001001000000000000000000000000000000010000000000000000000000000000000010000000000000000000000000000000011100000000000000000000000000010110100000000000000000000000000
LOG 6450100 us Sab1 CORRUPTED Packet: 53
LOG 6450100 us Sab1 000011101001101001010010011001001000000000000000000000000000000010000000000000000000000000000000010000000000000000000000000000000011100000000000000000000000000010110100000000000000000000000000
[Central]  RECEIVED 	From 1		Data -	Size 24	  Sequence Number 28	(6450100 us)
[Central]  SENDING 		To 1	ACK 	Size 24	  Sequence Number 28	(6450100 us)
[Local]   RECEIVED 	From 2		ACK 	Size 24	  Sequence Number 27	(6451050 us)

		RTT of packet with SN 27 : 402 ms
		BASE : 28	NEXTSN : 30

[Local]   SENDING 		To 2	Data "	Size 24	  Sequence Number 30	(6625200 us)
LOG 6642150 us Sab1 ORIGINAL Packet: 55
LOG 6642150 us Sab1 000011101001101001010010011001001000000000000000000000000000000010000000000000000000000000000000010000000000000000000000000000001011100000000000000000000000000001010100000000000000000000000000
LOG 6642150 us Sab1 CORRUPTED Packet: 55
LOG 6642150 us Sab1 000011101001101001010010011001001000000000000000000000000000000010000000000000000000000000000000010000000000000000000000000000001011100000000000000000000000000001010100000000000000000000000000
[Central]  RECEIVED 	From 1		Data *	Size 24	  Sequence Number 29	(6642150 us)
[Central]  SENDING 		To 1	ACK 	Size 24	  Sequence Number 29	(6642150 us)
[Local]   RECEIVED 	From 2		ACK 	Size 24	  Sequence Number 28	(6643100 us)

		RTT of packet with SN 28 : 402 ms
		BASE : 29	NEXTSN : 31

[Local]   SENDING 		To 2	Data !	Size 24	  Sequence Number 31	(6817250 us)
LOG 6834200 us Sab1 ORIGINAL Packet: 57
LOG 6834200 us Sab1 000011101001101001010010011001001000000000000000000000000000000010000000000000000000000000000000010000000000000000000000000000000111100000000000000000000000000001000100000000000000000000000000
LOG 6834200 us Sab1 CORRUPTED Packet: 57
LOG 6834200 us Sab1 000011101001101001010010011001001000000000000000000000000000000010000000000000000000000000000000010000000000000000000000000000000111100000000000000000000000000001000100000000000000000000000000
[Central]  RECEIVED 	From 1		Data "	Size 24	  Sequence Number 30	(6834200 us)
[Central]  SENDING 		To 1	ACK 	Size 24	  Sequence Number 30	(6834200 us)
[Local]   RECEIVED 	From 2		ACK 	Size 24	  Sequence Number 29	(6835150 us)

		RTT of packet with SN 29 : 402 ms
		BASE : 30	NEXTSN : 32

[Local]   SENDING 		To 2	Data *	Size 24	  Sequence Number 32	(7009300 us)
LOG 7026250 us Sab1 ORIGINAL Packet: 59
LOG 7026250 us Sab1 000011101001101001010010011001001000000000000000000000000000000010000000000000000000000000000000010000000000000000000000000000001111100000000000000000000000000010000100000000000000000000000000
LOG 7026250 us Sab1 CORRUPTED Packet: 59
LOG 7026250 us Sab1 000011101001101001010010011001001000000000000000000000000000000010000000000000000000000000000000010000000000000000000000000000001111100000000000000000000000000010000100000000000000000000000000
[Central]  RECEIVED 	From 1		Data !	Size 24	  Sequence Number 31	(7026250 us)
[Central]  SENDING 		To 1	ACK 	Size 24	  Sequence Number 31	(7026250 us)
[Local]   RECEIVED 	From 2		ACK 	Size 24	  Sequence Number 30	(7027200 us)

		RTT of packet with SN 30 : 402 ms
		BASE : 31	NEXTSN : 33

LOG 7218300 us Sab1 ORIGINAL Packet: 61
LOG 7218300 us Sab1 000011101001101001010010011001001000000000000000000000000000000010000000000000000000000000000000010000000000000000000000000000000000010000000000000000000000000001010100000000000000000000000000
LOG 7218300 us Sab1 CORRUPTED Packet: 61
LOG 7218300 us Sab1 000011101001101001010010011001001000000000000000000000000000000010000000000000000000000000000000010000000000000000000000000000000000010000000000000000000000000001010100000000000000000000000000
[Central]  RECEIVED 	From 1		Data *	Size 24	  Sequence Number 32	(7218300 us)
[Central]  SENDING 		To 1	ACK 	Size 24	  Sequence Number 32	(7218300 us)
[Local]   RECEIVED 	From 2		ACK 	Size 24	  Sequence Number 31	(7219250 us)

		RTT of packet with SN 31 : 402 ms
		BASE : 32	NEXTSN : 33


		@@@@ timeout 1@@@@
		nextSNTemp : 5, nextSN : 1

[Local]   RECEIVED 	From 2		ACK 	Size 24	  Sequence Number 32	(7411300 us)

		RTT of packet with SN 32 : 402 ms
		BASE : 33	NEXTSN : 33


		@@@@ timeout 33@@@@
		nextSNTemp : 37, nextSN : 33

[Local]   SENDING 		To 2	Data "	Size 24	  Sequence Number 33	(7411300 us)
[Local]   SENDING 		To 2	Data ,	Size 24	  Sequence Number 34	(7603350 us)
LOG 7620300 us Sab1 ORIGINAL Packet: 64
LOG 7620300 us Sab1 000011101001101001010010011001001000000000000000000000000000000010000000000000000000000000000000010000000000000000000000000000001000010000000000000000000000000001000100000000000000000000000000
LOG 7620300 us Sab1 CORRUPTED Packet: 64
LOG 7620300 us Sab1 000011101001101001010010011001001000000000000000000000000000000010000000000000000000000000000000010000000000000000000000000000001000010000000000000000000000000001000100000000000000000000000000
[Central]  RECEIVED 	From 1		Data "	Size 24	  Sequence Number 33	(7620300 us)
[Central]  SENDING 		To 1	ACK 	Size 24	  Sequence Number 33	(7620300 us)
[Local]   SENDING 		To 2	Data &	Size 24	  Sequence Number 35	(7795400 us)
LOG 7812350 us Sab1 ORIGINAL Packet: 65
LOG 7812350 us Sab1 000011101001101001010010011001001000000000000000000000000000000010000000000000000000000000000000010000000000000000000000000000000100010000000000000000000000000000110100000000000000000000000000
LOG 7812350 us Sab1 CORRUPTED Packet: 65
LOG 7812350 us Sab1 000011101001101001010010011001001000000000000000000000000000000010000000000000000000000000000000010000000000000000000000000000000100010000000000000000000000000000110100000000000000000000000000
[Central]  RECEIVED 	From 1		Data ,	Size 24	  Sequence Number 34	(7812350 us)
[Central]  SENDING 		To 1	ACK 	Size 24	  Sequence Number 34	(7812350 us)
[Local]   RECEIVED 	From 2		ACK 	Size 24	  Sequence Number 33	(7813300 us)

		RTT of packet with SN 33 : 402 ms
		BASE : 34	NEXTSN : 36

[Local]   SENDING 		To 2	Data (	Size 24	  Sequence Number 36	(7987450 us)

Info: /OSCI/SystemC: Simulation stopped by user.

Local   <-->  Central with FullDuplex channel

+----------------------------------------------------------------------------------------------+
|TASK     ACTION        FROM    TO      DATA    SIZE      SEQUENCE NUMBER       TIME STAMP     |
+----------------------------------------------------------------------------------------------+
[Local]   SENDING 		To 2	Data "	Size 24	  Sequence Number 1	(50 us)
[Local]   SENDING 		To 2	Data %	Size 24	  Sequence Number 2	(192100 us)
LOG 213050 us Sab1 ORIGINAL Packet: 0
LOG 213050 us Sab1 000011101001111100110111011010101000000000000000000000000000000010000000000000000000000000000000010000000000000000000000000000001000000000000000000000000000000001000100000000000000000000000000
LOG 213050 us Sab1 CORRUPTED Packet: 0
LOG 213050 us Sab1 000011101001111100110111011010101000000000000000000000000000000010000000000000000000000000000000010000000000000000000000000000001000000000000000000000000000000001000100000000000000000000000000
[Central]  RECEIVED 	From 1		Data "	Size 24	  Sequence Number 1	(213050 us)
[Central]  SENDING 		To 1	ACK 	Size 24	  Sequence Number 1	(213050 us)
LOG 405100 us Sab1 ORIGINAL Packet: 1
LOG 405100 us Sab1 000011101001111100110111011010101000000000000000000000000000000010000000000000000000000000000000010000000000000000000000000000000100000000000000000000000000000010100100000000000000000000000000
LOG 405100 us Sab1 CORRUPTED Packet: 1
LOG 405100 us Sab1 000011101001111100110111011010101000000000000000000000000000000010000000000000000000000000000000010000000000000000000000000000000100000000000000000000000000000010100100000000000000000000000000
[Central]  RECEIVED 	From 1		Data %	Size 24	  Sequence Number 2	(405100 us)
[Central]  SENDING 		To 1	ACK 	Size 24	  Sequence Number 2	(405100 us)
[Local]   RECEIVED 	From 2		ACK 	Size 24	  Sequence Number 1	(406050 us)

		RTT of packet with SN 1 : 406050 us
		BASE : 2	NEXTSN : 3

[Local]   RECEIVED 	From 2		ACK 	Size 24	  Sequence Number 2	(598100 us)

		RTT of packet with SN 2 : 406 ms
		BASE : 3	NEXTSN : 3


		@@@@ timeout 1@@@@
		nextSNTemp : 5, nextSN : 1


		@@@@ timeout 3@@@@
		nextSNTemp : 7, nextSN : 3

[Local]   SENDING 		To 2	Data *	Size 24	  Sequence Number 3	(600050 us)
[Local]   SENDING 		To 2	Data &	Size 24	  Sequence Number 4	(792100 us)
LOG 813050 us Sab1 ORIGINAL Packet: 4
LOG 813050 us Sab1 000011101001111100110111011010101000000000000000000000000000000010000000000000000000000000000000010000000000000000000000000000001100000000000000000000000000000001010100000000000000000000000000
LOG 813050 us Sab1 CORRUPTED Packet: 4
LOG 813050 us Sab1 000011101001111100110111011010101000000000000000000000000000000010000000000000000000000000000000010000000000000000000000000000001100000000000000000000000000000001010100000000000000000000000000
[Central]  RECEIVED 	From 1		Data *	Size 24	  Sequence Number 3	(813050 us)
[Central]  SENDING 		To 1	ACK 	Size 24	  Sequence Number 3	(813050 us)
[Local]   SENDING 		To 2	Data "	Size 24	  Sequence Number 5	(984150 us)
LOG 1005100 us Sab1 ORIGINAL Packet: 5
LOG 1005100 us Sab1 000011101001111100110111011010101000000000000000000000000000000010000000000000000000000000000000010000000000000000000000000000000010000000000000000000000000000001100100000000000000000000000000
LOG 1005100 us Sab1 CORRUPTED Packet: 5
LOG 1005100 us Sab1 000011101001111100110111011010101000000000000000000000000000000010000000000000000000000000000000010000000000000000000000000000000010000000000000000000000000000001100100000000000000000000000000
[Central]  RECEIVED 	From 1		Data &	Size 24	  Sequence Number 4	(1005100 us)
[Central]  SENDING 		To 1	ACK 	Size 24	  Sequence Number 4	(1005100 us)
[Local]   RECEIVED 	From 2		ACK 	Size 24	  Sequence Number 3	(1006050 us)

		RTT of packet with SN 3 : 406 ms
		BASE : 4	NEXTSN : 6

[Local]   SENDING 		To 2	Data #	Size 24	  Sequence Number 6	(1176200 us)
LOG 1197150 us Sab1 ORIGINAL Packet: 7
LOG 1197150 us Sab1 000011101001111100110111011010101000000000000000000000000000000010000000000000000000000000000000010000000000000000000000000000001010000000000000000000000000000001000100000000000000000000000000
LOG 1197150 us Sab1 CORRUPTED Packet: 7
LOG 1197150 us Sab1 000011101001111100110111011010101000000000000000000000000000000010000000000000000000000000000000010000000000000000000000000000001010000000000000000000000000000001000100000000000000000000000000
[Central]  RECEIVED 	From 1		Data "	Size 24	  Sequence Number 5	(1197150 us)
[Central]  SENDING 		To 1	ACK 	Size 24	  Sequence Number 5	(1197150 us)
[Local]   RECEIVED 	From 2		ACK 	Size 24	  Sequence Number 4	(1198100 us)

		RTT of packet with SN 4 : 406 ms
		BASE : 5	NEXTSN : 7

[Local]   SENDING 		To 2	Data "	Size 24	  Sequence Number 7	(1368250 us)
LOG 1389200 us Sab1 ORIGINAL Packet: 9
LOG 1389200 us Sab1 000011101001111100110111011010101000000000000000000000000000000010000000000000000000000000000000010000000000000000000000000000000110000000000000000000000000000011000100000000000000000000000000
LOG 1389200 us Sab1 CORRUPTED Packet: 9
LOG 1389200 us Sab1 000011101001111100110111011010101000000000000000000000000000000010000000000000000000000000000000010000000000000000000000000000000110000000000000000000000000000011000100000000000000000000000000
[Central]  RECEIVED 	From 1		Data #	Size 24	  Sequence Number 6	(1389200 us)
[Central]  SENDING 		To 1	ACK 	Size 24	  Sequence Number 6	(1389200 us)
[Local]   RECEIVED 	From 2		ACK 	Size 24	  Sequence Number 5	(1390150 us)

		RTT of packet with SN 5 : 406 ms
		BASE : 6	NEXTSN : 8

[Local]   SENDING 		To 2	Data $	Size 24	  Sequence Number 8	(1560300 us)
LOG 1581250 us Sab1 ORIGINAL Packet: 11
LOG 1581250 us Sab1 000011101001111100110111011010101000000000000000000000000000000010000000000000000000000000000000010000000000000000000000000000001110000000000000000000000000000001000100000000000000000000000000
LOG 1581250 us Sab1 CORRUPTED Packet: 11
LOG 1581250 us Sab1 000011101001111100110111011010101000000000000000000000000000000010000000000000000000000000000000010000000000000000000000000000001110000000000000000000000000000001000100000000000000000000000000
[Central]  RECEIVED 	From 1		Data "	Size 24	  Sequence Number 7	(1581250 us)
[Central]  SENDING 		To 1	ACK 	Size 24	  Sequence Number 7	(1581250 us)
[Local]   RECEIVED 	From 2		ACK 	Size 24	  Sequence Number 6	(1582200 us)

		RTT of packet with SN 6 : 406 ms
		BASE : 7	NEXTSN : 9

LOG 1773300 us Sab1 ORIGINAL Packet: 13
LOG 1773300 us Sab1 000011101001111100110111011010101000000000000000000000000000000010000000000000000000000000000000010000000000000000000000000000000001000000000000000000000000000000100100000000000000000000000000
LOG 1773300 us Sab1 CORRUPTED Packet: 13
LOG 1773300 us Sab1 000011101001111100110111011010101000000000000000000000000000000010000000000000000000000000000000010000000000000000000000000000000001000000000000000000000000000000100100000000000000000000000000
[Central]  RECEIVED 	From 1		Data $	Size 24	  Sequence Number 8	(1773300 us)
[Central]  SENDING 		To 1	ACK 	Size 24	  Sequence Number 8	(1773300 us)
[Local]   RECEIVED 	From 2		ACK 	Size 24	  Sequence Number 7	(1774250 us)

		RTT of packet with SN 7 : 406 ms
		BASE : 8	NEXTSN : 9


		@@@@ timeout 1@@@@
		nextSNTemp : 5, nextSN : 1

[Local]   RECEIVED 	From 2		ACK 	Size 24	  Sequence Number 8	(1966300 us)

		RTT of packet with SN 8 : 406 ms
		BASE : 9	NEXTSN : 9


		@@@@ timeout 9@@@@
		nextSNTemp : 13, nextSN : 9

[Local]   SENDING 		To 2	Data #	Size 24	  Sequence Number 9	(1966300 us)
[Local]   SENDING 		To 2	Data '	Size 24	  Sequence Number 10	(2158350 us)
LOG 2179300 us Sab1 ORIGINAL Packet: 16
LOG 2179300 us Sab1 000011101001111100110111011010101000000000000000000000000000000010000000000000000000000000000000010000000000000000000000000000001001000000000000000000000000000011000100000000000000000000000000
LOG 2179300 us Sab1 CORRUPTED Packet: 16
LOG 2179300 us Sab1 000011101001111100110111011010101000000000000000000000000000000010000000000000000000000000000000010000000000000000000000000000001001000000000000000000000000000011000100000000000000000000000000
[Central]  RECEIVED 	From 1		Data #	Size 24	  Sequence Number 9	(2179300 us)
[Central]  SENDING 		To 1	ACK 	Size 24	  Sequence Number 9	(2179300 us)
[Local]   SENDING 		To 2	Data ,	Size 24	  Sequence Number 11	(2350400 us)
LOG 2371350 us Sab1 ORIGINAL Packet: 17
LOG 2371350 us Sab1 000011101001111100110111011010101000000000000000000000000000000010000000000000000000000000000000010000000000000000000000000000000101000000000000000000000000000011100100000000000000000000000000
LOG 2371350 us Sab1 CORRUPTED Packet: 17
LOG 2371350 us Sab1 000011101001111100110111011010101000000000000000000000000000000010000000000000000000000000000000010000000000000000000000000000000101000000000000000000000000000011100100000000000000000000000000
[Central]  RECEIVED 	From 1		Data '	Size 24	  Sequence Number 10	(2371350 us)
[Central]  SENDING 		To 1	ACK 	Size 24	  Sequence Number 10	(2371350 us)
[Local]   RECEIVED 	From 2		ACK 	Size 24	  Sequence Number 9	(2372300 us)

		RTT of packet with SN 9 : 406 ms
		BASE : 10	NEXTSN : 12

[Local]   SENDING 		To 2	Data .	Size 24	  Sequence Number 12	(2542450 us)
LOG 2563400 us Sab1 ORIGINAL Packet: 19
LOG 2563400 us Sab1 000011101001111100110111011010101000000000000000000000000000000010000000000000000000000000000000010000000000000000000000000000001101000000000000000000000000000000110100000000000000000000000000
LOG 2563400 us Sab1 CORRUPTED Packet: 19
LOG 2563400 us Sab1 000011101001111100110111011010101000000000000000000000000000000010000000000000000000000000000000010000000000000000000000000000001101000000000000000000000000000000110100000000000000000000000000
[Central]  RECEIVED 	From 1		Data ,	Size 24	  Sequence Number 11	(2563400 us)
[Central]  SENDING 		To 1	ACK 	Size 24	  Sequence Number 11	(2563400 us)
[Local]   RECEIVED 	From 2		ACK 	Size 24	  Sequence Number 10	(2564350 us)

		RTT of packet with SN 10 : 406 ms
		BASE : 11	NEXTSN : 13

[Local]   SENDING 		To 2	Data !	Size 24	  Sequence Number 13	(2734500 us)
LOG 2755450 us Sab1 ORIGINAL Packet: 21
LOG 2755450 us Sab1 000011101001111100110111011010101000000000000000000000000000000010000000000000000000000000000000010000000000000000000000000000000011000000000000000000000000000001110100000000000000000000000000
LOG 2755450 us Sab1 CORRUPTED Packet: 21
LOG 2755450 us Sab1 000011101001111100110111011010101000000000000000000000000000000010000000000000000000000000000000010000000000000000000000000000000011000000000000000000000000000001110100000000000000000000000000
[Central]  RECEIVED 	From 1		Data .	Size 24	  Sequence Number 12	(2755450 us)
[Central]  SENDING 		To 1	ACK 	Size 24	  Sequence Number 12	(2755450 us)
[Local]   RECEIVED 	From 2		ACK 	Size 24	  Sequence Number 11	(2756400 us)

		RTT of packet with SN 11 : 406 ms
		BASE : 12	NEXTSN : 14

[Local]   SENDING 		To 2	Data +	Size 24	  Sequence Number 14	(2926550 us)
LOG 2947500 us Sab1 ORIGINAL Packet: 23
LOG 2947500 us Sab1 000011101001111100110111011010101000000000000000000000000000000010000000000000000000000000000000010000000000000000000000000000001011000000000000000000000000000010000100000000000000000000000000
LOG 2947500 us Sab1 CORRUPTED Packet: 23
LOG 2947500 us Sab1 000011101001111100110111011010101000000000000000000000000000000010000000000000000000000000000000010000000000000000000000000000001011000000000000000000000000000010000100000000000000000000000000
[Central]  RECEIVED 	From 1		Data !	Size 24	  Sequence Number 13	(2947500 us)
[Central]  SENDING 		To 1	ACK 	Size 24	  Sequence Number 13	(2947500 us)
[Local]   RECEIVED 	From 2		ACK 	Size 24	  Sequence Number 12	(2948450 us)

		RTT of packet with SN 12 : 406 ms
		BASE : 13	NEXTSN : 15

LOG 3139550 us Sab1 ORIGINAL Packet: 25
LOG 3139550 us Sab1 000011101001111100110111011010101000000000000000000000000000000010000000000000000000000000000000010000000000000000000000000000000111000000000000000000000000000011010100000000000000000000000000
LOG 3139550 us Sab1 CORRUPTED Packet: 25
LOG 3139550 us Sab1 000011101001111100110111011010101000000000000000000000000000000010000000000000000000000000000000010000000000000000000000000000000111000000000000000000000000000011010100000000000000000000000000
[Central]  RECEIVED 	From 1		Data +	Size 24	  Sequence Number 14	(3139550 us)
[Central]  SENDING 		To 1	ACK 	Size 24	  Sequence Number 14	(3139550 us)
[Local]   RECEIVED 	From 2		ACK 	Size 24	  Sequence Number 13	(3140500 us)

		RTT of packet with SN 13 : 406 ms
		BASE : 14	NEXTSN : 15


		@@@@ timeout 1@@@@
		nextSNTemp : 5, nextSN : 1

[Local]   RECEIVED 	From 2		ACK 	Size 24	  Sequence Number 14	(3332550 us)

		RTT of packet with SN 14 : 406 ms
		BASE : 15	NEXTSN : 15


		@@@@ timeout 15@@@@
		nextSNTemp : 19, nextSN : 15

[Local]   SENDING 		To 2	Data )	Size 24	  Sequence Number 15	(3332550 us)
[Local]   SENDING 		To 2	Data #	Size 24	  Sequence Number 16	(3524600 us)
LOG 3545550 us Sab1 ORIGINAL Packet: 28
LOG 3545550 us Sab1 000011101001111100110111011010101000000000000000000000000000000010000000000000000000000000000000010000000000000000000000000000001111000000000000000000000000000010010100000000000000000000000000
LOG 3545550 us Sab1 CORRUPTED Packet: 28
LOG 3545550 us Sab1 000011101001111100110111011010101000000000000000000000000000000010000000000000000000000000000000010000000000000000000000000000001111000000000000000000000000000010010100000000000000000000000000
[Central]  RECEIVED 	From 1		Data )	Size 24	  Sequence Number 15	(3545550 us)
[Central]  SENDING 		To 1	ACK 	Size 24	  Sequence Number 15	(3545550 us)
[Local]   SENDING 		To 2	Data #	Size 24	  Sequence Number 17	(3716650 us)
LOG 3737600 us Sab1 ORIGINAL Packet: 29
LOG 3737600 us Sab1 000011101001111100110111011010101000000000000000000000000000000010000000000000000000000000000000010000000000000000000000000000000000100000000000000000000000000011000100000000000000000000000000
LOG 3737600 us Sab1 CORRUPTED Packet: 29
LOG 3737600 us Sab1 000011101001111100110111011010101000000000000000000000000000000010000000000000000000000000000000010000000000000000000000000000000000100000000000000000000000000011000100000000000000000000000000
[Central]  RECEIVED 	From 1		Data #	Size 24	  Sequence Number 16	(3737600 us)
[Central]  SENDING 		To 1	ACK 	Size 24	  Sequence Number 16	(3737600 us)
[Local]   RECEIVED 	From 2		ACK 	Size 24	  Sequence Number 15	(3738550 us)

		RTT of packet with SN 15 : 406 ms
		BASE : 16	NEXTSN : 18

[Local]   SENDING 		To 2	Data !	Size 24	  Sequence Number 18	(3908700 us)
LOG 3929650 us Sab1 ORIGINAL Packet: 31
LOG 3929650 us Sab1 000011101001111100110111011010101000000000000000000000000000000010000000000000000000000000000000010000000000000000000000000000001000100000000000000000000000000011000100000000000000000000000000
LOG 3929650 us Sab1 CORRUPTED Packet: 31
LOG 3929650 us Sab1 000011101001111100110111011010101000000000000000000000000000000010000000000000000000000000000000010000000000000000000000000000001000100000000000000000000000000011000100000000000000000000000000
[Central]  RECEIVED 	From 1		Data #	Size 24	  Sequence Number 17	(3929650 us)
[Central]  SENDING 		To 1	ACK 	Size 24	  Sequence Number 17	(3929650 us)
[Local]   RECEIVED 	From 2		ACK 	Size 24	  Sequence Number 16	(3930600 us)

		RTT of packet with SN 16 : 406 ms
		BASE : 17	NEXTSN : 19

[Local]   SENDING 		To 2	Data &	Size 24	  Sequence Number 19	(4100750 us)
LOG 4121700 us Sab1 ORIGINAL Packet: 33
LOG 4121700 us Sab1 000011101001111100110111011010101000000000000000000000000000000010000000000000000000000000000000010000000000000000000000000000000100100000000000000000000000000010000100000000000000000000000000
LOG 4121700 us Sab1 CORRUPTED Packet: 33
LOG 4121700 us Sab1 000011101001111100110111011010101000000000000000000000000000000010000000000000000000000000000000010000000000000000000000000000000100100000000000000000000000000010000100000000000000000000000000
[Central]  RECEIVED 	From 1		Data !	Size 24	  Sequence Number 18	(4121700 us)
[Central]  SENDING 		To 1	ACK 	Size 24	  Sequence Number 18	(4121700 us)
[Local]   RECEIVED 	From 2		ACK 	Size 24	  Sequence Number 17	(4122650 us)

		RTT of packet with SN 17 : 406 ms
		BASE : 18	NEXTSN : 20

[Local]   SENDING 		To 2	Data *	Size 24	  Sequence Number 20	(4292800 us)
LOG 4313750 us Sab1 ORIGINAL Packet: 35
LOG 4313750 us Sab1 000011101001111100110111011010101000000000000000000000000000000010000000000000000000000000000000010000000000000000000000000000001100100000000000000000000000000001100100000000000000000000000000
LOG 4313750 us Sab1 CORRUPTED Packet: 35
LOG 4313750 us Sab1 000011101001111100110111011010101000000000000000000000000000000010000000000000000000000000000000010000000000000000000000000000001100100000000000000000000000000001100100000000000000000000000000
[Central]  RECEIVED 	From 1		Data &	Size 24	  Sequence Number 19	(4313750 us)
[Central]  SENDING 		To 1	ACK 	Size 24	  Sequence Number 19	(4313750 us)
[Local]   RECEIVED 	From 2		ACK 	Size 24	  Sequence Number 18	(4314700 us)

		RTT of packet with SN 18 : 406 ms
		BASE : 19	NEXTSN : 21

LOG 4505800 us Sab1 ORIGINAL Packet: 37
LOG 4505800 us Sab1 000011101001111100110111011010101000000000000000000000000000000010000000000000000000000000000000010000000000000000000000000000000010100000000000000000000000000001010100000000000000000000000000
LOG 4505800 us Sab1 CORRUPTED Packet: 37
LOG 4505800 us Sab1 000011101001111100110111011010101000000000000000000000000000000010000000000000000000000000000000010000000000000000000000000000000010100000000000000000000000000001010100000000000000000000000000
[Central]  RECEIVED 	From 1		Data *	Size 24	  Sequence Number 20	(4505800 us)
[Central]  SENDING 		To 1	ACK 	Size 24	  Sequence Number 20	(4505800 us)
[Local]   RECEIVED 	From 2		ACK 	Size 24	  Sequence Number 19	(4506750 us)

		RTT of packet with SN 19 : 406 ms
		BASE : 20	NEXTSN : 21


		@@@@ timeout 1@@@@
		nextSNTemp : 5, nextSN : 1

[Local]   RECEIVED 	From 2		ACK 	Size 24	  Sequence Number 20	(4698800 us)

		RTT of packet with SN 20 : 406 ms
		BASE : 21	NEXTSN : 21


		@@@@ timeout 21@@@@
		nextSNTemp : 25, nextSN : 21

[Local]   SENDING 		To 2	Data #	Size 24	  Sequence Number 21	(4698800 us)
[Local]   SENDING 		To 2	Data -	Size 24	  Sequence Number 22	(4890850 us)
LOG 4911800 us Sab1 ORIGINAL Packet: 40
LOG 4911800 us Sab1 000011101001111100110111011010101000000000000000000000000000000010000000000000000000000000000000010000000000000000000000000000001010100000000000000000000000000011000100000000000000000000000000
LOG 4911800 us Sab1 CORRUPTED Packet: 40
LOG 4911800 us Sab1 000011101001111100110111011010101000000000000000000000000000000010000000000000000000000000000000010000000000000000000000000000001010100000000000000000000000000011000100000000000000000000000000
[Central]  RECEIVED 	From 1		Data #	Size 24	  Sequence Number 21	(4911800 us)
[Central]  SENDING 		To 1	ACK 	Size 24	  Sequence Number 21	(4911800 us)
[Local]   SENDING 		To 2	Data .	Size 24	  Sequence Number 23	(5082900 us)
LOG 5103850 us Sab1 ORIGINAL Packet: 41
LOG 5103850 us Sab1 000011101001111100110111011010101000000000000000000000000000000010000000000000000000000000000000010000000000000000000000000000000110100000000000000000000000000010110100000000000000000000000000
LOG 5103850 us Sab1 CORRUPTED Packet: 41
LOG 5103850 us Sab1 000011101001111100110111011010101000000000000000000000000000000010000000000000000000000000000000010000000000000000000000000000000110100000000000000000000000000010110100000000000000000000000000
[Central]  RECEIVED 	From 1		Data -	Size 24	  Sequence Number 22	(5103850 us)
[Central]  SENDING 		To 1	ACK 	Size 24	  Sequence Number 22	(5103850 us)
[Local]   RECEIVED 	From 2		ACK 	Size 24	  Sequence Number 21	(5104800 us)

		RTT of packet with SN 21 : 406 ms
		BASE : 22	NEXTSN : 24

[Local]   SENDING 		To 2	Data "	Size 24	  Sequence Number 24	(5274950 us)
LOG 5295900 us Sab1 ORIGINAL Packet: 43
LOG 5295900 us Sab1 000011101001111100110111011010101000000000000000000000000000000010000000000000000000000000000000010000000000000000000000000000001110100000000000000000000000000001110100000000000000000000000000
LOG 5295900 us Sab1 CORRUPTED Packet: 43
LOG 5295900 us Sab1 000011101001111100110111011010101000000000000000000000000000000010000000000000000000000000000000010000000000000000000000000000001110100000000000000000000000000001110100000000000000000000000000
[Central]  RECEIVED 	From 1		Data .	Size 24	  Sequence Number 23	(5295900 us)
[Central]  SENDING 		To 1	ACK 	Size 24	  Sequence Number 23	(5295900 us)
[Local]   RECEIVED 	From 2		ACK 	Size 24	  Sequence Number 22	(5296850 us)

		RTT of packet with SN 22 : 406 ms
		BASE : 23	NEXTSN : 25

[Local]   SENDING 		To 2	Data &	Size 24	  Sequence Number 25	(5467 ms)
LOG 5487950 us Sab1 ORIGINAL Packet: 45
LOG 5487950 us Sab1 000011101001111100110111011010101000000000000000000000000000000010000000000000000000000000000000010000000000000000000000000000000001100000000000000000000000000001000100000000000000000000000000
LOG 5487950 us Sab1 CORRUPTED Packet: 45
LOG 5487950 us Sab1 000011101001111100110111011010101000000000000000000000000000000010000000000000000000000000000000010000000000000000000000000000000001100000000000000000000000000001000100000000000000000000000000
[Central]  RECEIVED 	From 1		Data "	Size 24	  Sequence Number 24	(5487950 us)
[Central]  SENDING 		To 1	ACK 	Size 24	  Sequence Number 24	(5487950 us)
[Local]   RECEIVED 	From 2		ACK 	Size 24	  Sequence Number 23	(5488900 us)

		RTT of packet with SN 23 : 406 ms
		BASE : 24	NEXTSN : 26

[Local]   SENDING 		To 2	Data !	Size 24	  Sequence Number 26	(5659050 us)
LOG 5680 ms Sab1 ORIGINAL Packet: 47
LOG 5680 ms Sab1 000011101001111100110111011010101000000000000000000000000000000010000000000000000000000000000000010000000000000000000000000000001001100000000000000000000000000001100100000000000000000000000000
LOG 5680 ms Sab1 CORRUPTED Packet: 47
LOG 5680 ms Sab1 000011101001111100110111011010101000000000000000000000000000000010000000000000000000000000000000010000000000000000000000000000001001100000000000000000000000000001100100000000000000000000000000
[Central]  RECEIVED 	From 1		Data &	Size 24	  Sequence Number 25	(5680 ms)
[Central]  SENDING 		To 1	ACK 	Size 24	  Sequence Number 25	(5680 ms)
[Local]   RECEIVED 	From 2		ACK 	Size 24	  Sequence Number 24	(5680950 us)

		RTT of packet with SN 24 : 406 ms
		BASE : 25	NEXTSN : 27

LOG 5872050 us Sab1 ORIGINAL Packet: 49
LOG 5872050 us Sab1 000011101001111100110111011010101000000000000000000000000000000010000000000000000000000000000000010000000000000000000000000000000101100000000000000000000000000010000100000000000000000000000000
LOG 5872050 us Sab1 CORRUPTED Packet: 49
LOG 5872050 us Sab1 000011101001111100110111011010101000000000000000000000000000000010000000000000000000000000000000010000000000000000000000000000000101100000000000000000000000000010000100000000000000000000000000
[Central]  RECEIVED 	From 1		Data !	Size 24	  Sequence Number 26	(5872050 us)
[Central]  SENDING 		To 1	ACK 	Size 24	  Sequence Number 26	(5872050 us)
[Local]   RECEIVED 	From 2		ACK 	Size 24	  Sequence Number 25	(5873 ms)

		RTT of packet with SN 25 : 406 ms
		BASE : 26	NEXTSN : 27


		@@@@ timeout 1@@@@
		nextSNTemp : 5, nextSN : 1

[Local]   RECEIVED 	From 2		ACK 	Size 24	  Sequence Number 26	(6065050 us)

		RTT of packet with SN 26 : 406 ms
		BASE : 27	NEXTSN : 27


		@@@@ timeout 27@@@@
		nextSNTemp : 31, nextSN : 27

[Local]   SENDING 		To 2	Data +	Size 24	  Sequence Number 27	(6065050 us)
[Local]   SENDING 		To 2	Data -	Size 24	  Sequence Number 28	(6257100 us)
LOG 6278050 us Sab1 ORIGINAL Packet: 52
LOG 6278050 us Sab1 000011101001111100110111011010101000000000000000000000000000000010000000000000000000000000000000010000000000000000000000000000001101100000000000000000000000000011010100000000000000000000000000
LOG 6278050 us Sab1 CORRUPTED Packet: 52
LOG 6278050 us Sab1 000011101001111100110111011010101000000000000000000000000000000010000000000000000000000000000000010000000000000000000000000000001101100000000000000000000000000011010100000000000000000000000000
[Central]  RECEIVED 	From 1		Data +	Size 24	  Sequence Number 27	(6278050 us)
[Central]  SENDING 		To 1	ACK 	Size 24	  Sequence Number 27	(6278050 us)
[Local]   SENDING 		To 2	Data *	Size 24	  Sequence Number 29	(6449150 us)
LOG 6470100 us Sab1 ORIGINAL Packet: 53
LOG 6470100 us Sab1 000011101001111100110111011010101000000000000000000000000000000010000000000000000000000000000000010000000000000000000000000000000011100000000000000000000000000010110100000000000000000000000000
LOG 6470100 us Sab1 CORRUPTED Packet: 53
LOG 6470100 us Sab1 000011101001111100110111011010101000000000000000000000000000000010000000000000000000000000000000010000000000000000000000000000000011100000000000000000000000000010110100000000000000000000000000
[Central]  RECEIVED 	From 1		Data -	Size 24	  Sequence Number 28	(6470100 us)
[Central]  SENDING 		To 1	ACK 	Size 24	  Sequence Number 28	(6470100 us)
[Local]   RECEIVED 	From 2		ACK 	Size 24	  Sequence Number 27	(6471050 us)

		RTT of packet with SN 27 : 406 ms
		BASE : 28	NEXTSN : 30

[Local]   SENDING 		To 2	Data "	Size 24	  Sequence Number 30	(6641200 us)
LOG 6662150 us Sab1 ORIGINAL Packet: 55
LOG 6662150 us Sab1 000011101001111100110111011010101000000000000000000000000000000010000000000000000000000000000000010000000000000000000000000000001011100000000000000000000000000001010100000000000000000000000000
LOG 6662150 us Sab1 CORRUPTED Packet: 55
LOG 6662150 us Sab1 000011101001111100110111011010101000000000000000000000000000000010000000000000000000000000000000010000000000000000000000000000001011100000000000000000000000000001010100000000000000000000000000
[Central]  RECEIVED 	From 1		Data *	Size 24	  Sequence Number 29	(6662150 us)
[Central]  SENDING 		To 1	ACK 	Size 24	  Sequence Number 29	(6662150 us)
[Local]   RECEIVED 	From 2		ACK 	Size 24	  Sequence Number 28	(6663100 us)

		RTT of packet with SN 28 : 406 ms
		BASE : 29	NEXTSN : 31

[Local]   SENDING 		To 2	Data !	Size 24	  Sequence Number 31	(6833250 us)
LOG 6854200 us Sab1 ORIGINAL Packet: 57
LOG 6854200 us Sab1 000011101001111100110111011010101000000000000000000000000000000010000000000000000000000000000000010000000000000000000000000000000111100000000000000000000000000001000100000000000000000000000000
LOG 6854200 us Sab1 CORRUPTED Packet: 57
LOG 6854200 us Sab1 000011101001111100110111011010101000000000000000000000000000000010000000000000000000000000000000010000000000000000000000000000000111100000000000000000000000000001000100000000000000000000000000
[Central]  RECEIVED 	From 1		Data "	Size 24	  Sequence Number 30	(6854200 us)
[Central]  SENDING 		To 1	ACK 	Size 24	  Sequence Number 30	(6854200 us)
[Local]   RECEIVED 	From 2		ACK 	Size 24	  Sequence Number 29	(6855150 us)

		RTT of packet with SN 29 : 406 ms
		BASE : 30	NEXTSN : 32

[Local]   SENDING 		To 2	Data *	Size 24	  Sequence Number 32	(7025300 us)
LOG 7046250 us Sab1 ORIGINAL Packet: 59
LOG 7046250 us Sab1 000011101001111100110111011010101000000000000000000000000000000010000000000000000000000000000000010000000000000000000000000000001111100000000000000000000000000010000100000000000000000000000000
LOG 7046250 us Sab1 CORRUPTED Packet: 59
LOG 7046250 us Sab1 000011101001111100110111011010101000000000000000000000000000000010000000000000000000000000000000010000000000000000000000000000001111100000000000000000000000000010000100000000000000000000000000
[Central]  RECEIVED 	From 1		Data !	Size 24	  Sequence Number 31	(7046250 us)
[Central]  SENDING 		To 1	ACK 	Size 24	  Sequence Number 31	(7046250 us)
[Local]   RECEIVED 	From 2		ACK 	Size 24	  Sequence Number 30	(7047200 us)

		RTT of packet with SN 30 : 406 ms
		BASE : 31	NEXTSN : 33

LOG 7238300 us Sab1 ORIGINAL Packet: 61
LOG 7238300 us Sab1 000011101001111100110111011010101000000000000000000000000000000010000000000000000000000000000000010000000000000000000000000000000000010000000000000000000000000001010100000000000000000000000000
LOG 7238300 us Sab1 CORRUPTED Packet: 61
LOG 7238300 us Sab1 000011101001111100110111011010101000000000000000000000000000000010000000000000000000000000000000010000000000000000000000000000000000010000000000000000000000000001010100000000000000000000000000
[Central]  RECEIVED 	From 1		Data *	Size 24	  Sequence Number 32	(7238300 us)
[Central]  SENDING 		To 1	ACK 	Size 24	  Sequence Number 32	(7238300 us)
[Local]   RECEIVED 	From 2		ACK 	Size 24	  Sequence Number 31	(7239250 us)

		RTT of packet with SN 31 : 406 ms
		BASE : 32	NEXTSN : 33


		@@@@ timeout 1@@@@
		nextSNTemp : 5, nextSN : 1

[Local]   RECEIVED 	From 2		ACK 	Size 24	  Sequence Number 32	(7431300 us)

		RTT of packet with SN 32 : 406 ms
		BASE : 33	NEXTSN : 33


		@@@@ timeout 33@@@@
		nextSNTemp : 37, nextSN : 33

[Local]   SENDING 		To 2	Data "	Size 24	  Sequence Number 33	(7431300 us)
[Local]   SENDING 		To 2	Data ,	Size 24	  Sequence Number 34	(7623350 us)
LOG 7644300 us Sab1 ORIGINAL Packet: 64
LOG 7644300 us Sab1 000011101001111100110111011010101000000000000000000000000000000010000000000000000000000000000000010000000000000000000000000000001000010000000000000000000000000001000100000000000000000000000000
LOG 7644300 us Sab1 CORRUPTED Packet: 64
LOG 7644300 us Sab1 000011101001111100110111011010101000000000000000000000000000000010000000000000000000000000000000010000000000000000000000000000001000010000000000000000000000000001000100000000000000000000000000
[Central]  RECEIVED 	From 1		Data "	Size 24	  Sequence Number 33	(7644300 us)
[Central]  SENDING 		To 1	ACK 	Size 24	  Sequence Number 33	(7644300 us)
[Local]   SENDING 		To 2	Data &	Size 24	  Sequence Number 35	(7815400 us)
LOG 7836350 us Sab1 ORIGINAL Packet: 65
LOG 7836350 us Sab1 000011101001111100110111011010101000000000000000000000000000000010000000000000000000000000000000010000000000000000000000000000000100010000000000000000000000000000110100000000000000000000000000
LOG 7836350 us Sab1 CORRUPTED Packet: 65
LOG 7836350 us Sab1 000011101001111100110111011010101000000000000000000000000000000010000000000000000000000000000000010000000000000000000000000000000100010000000000000000000000000000110100000000000000000000000000
[Central]  RECEIVED 	From 1		Data ,	Size 24	  Sequence Number 34	(7836350 us)
[Central]  SENDING 		To 1	ACK 	Size 24	  Sequence Number 34	(7836350 us)
[Local]   RECEIVED 	From 2		ACK 	Size 24	  Sequence Number 33	(7837300 us)

		RTT of packet with SN 33 : 406 ms
		BASE : 34	NEXTSN : 36


Info: /OSCI/SystemC: Simulation stopped by user.
