
Local   <-->  Central with FullDuplex channel

+----------------------------------------------------------------------------------------------+
|TASK     ACTION        FROM    TO      DATA    SIZE      SEQUENCE NUMBER       TIME STAMP     |
+----------------------------------------------------------------------------------------------+
[Local]   SENDING 		To 2	Data "	Size 24	  Sequence Number 1	(50 us)
[Local]   SENDING 		To 2	Data %	Size 24	  Sequence Number 2	(192100 us)
LOG 193050 us Sab1 ORIGINAL Packet: 0
LOG 193050 us Sab1 000011101001111100111110001001111000000000000000000000000000000010000000000000000000000000000000010000000000000000000000000000001000000000000000000000000000000001000100000000000000000000000000
LOG 193050 us Sab1 CORRUPTED Packet: 0
LOG 193050 us Sab1 000011101001111100111110001001111000000000000000000000000000000010000000000000000000000000000000010000000000000000000000000000001000000000000000000000000000000001000100000000000000000000000000
[Central]  RECEIVED 	From 1		Data "	Size 24	  Sequence Number 1	(193050 us)
[Central]  SENDING 		To 1	ACK 	Size 24	  Sequence Number 1	(193050 us)
LOG 385100 us Sab1 ORIGINAL Packet: 1
LOG 385100 us Sab1 000011101001111100111110001001111000000000000000000000000000000010000000000000000000000000000000010000000000000000000000000000000100000000000000000000000000000010100100000000000000000000000000
LOG 385100 us Sab1 CORRUPTED Packet: 1
LOG 385100 us Sab1 000011101001111100111110001001111000000000000000000000000000000010000000000000000000000000000000010000000000000000000000000000000100000000000000000000000000000010100100000000000000000000000000
[Local]   RECEIVED 	From 2		ACK 	Size 24	  Sequence Number 1	(386050 us)

		RTT of packet with SN 1 : 386050 us
		BASE : 2	NEXTSN : 3


		@@@@ timeout 1@@@@
		nextSNTemp : 5, nextSN : 1


		@@@@ timeout 2@@@@
		nextSNTemp : 6, nextSN : 2

[Local]   SENDING 		To 2	Data %	Size 24	  Sequence Number 2	(792150 us)
[Local]   SENDING 		To 2	Data *	Size 24	  Sequence Number 3	(984200 us)
LOG 985150 us Sab1 ORIGINAL Packet: 3
LOG 985150 us Sab1 000011101001111100111110001001111000000000000000000000000000000010000000000000000000000000000000010000000000000000000000000000000100000000000000000000000000000010100100000000000000000000000000
LOG 985150 us Sab1 CORRUPTED Packet: 3
LOG 985150 us Sab1 000011101001111100111110001001111000000000000000000000000000000010000000000000000000000000000000010000000000000000000000000000000100000000000000000000000000000010100100000000000000000000000000
[Central]  RECEIVED 	From 1		Data %	Size 24	  Sequence Number 2	(985150 us)
[Central]  SENDING 		To 1	ACK 	Size 24	  Sequence Number 2	(985150 us)
[Local]   SENDING 		To 2	Data &	Size 24	  Sequence Number 4	(1176250 us)
LOG 1177200 us Sab1 ORIGINAL Packet: 4
LOG 1177200 us Sab1 000011101001111100111110001001111000000000000000000000000000000010000000000000000000000000000000010000000000000000000000000000001100000000000000000000000000000001010100000000000000000000000000
LOG 1177200 us Sab1 CORRUPTED Packet: 4
LOG 1177200 us Sab1 000011101001111100111110001001111000000000000000000000000000000010000000000000000000000000000000010000000000000000000000000000001100000000000000000000000000000001010100000000000000000000000000
[Central]  RECEIVED 	From 1		Data *	Size 24	  Sequence Number 3	(1177200 us)
[Central]  SENDING 		To 1	ACK 	Size 24	  Sequence Number 3	(1177200 us)
[Local]   RECEIVED 	From 2		ACK 	Size 24	  Sequence Number 2	(1178150 us)

		RTT of packet with SN 2 : 386 ms
		BASE : 3	NEXTSN : 5

[Local]   SENDING 		To 2	Data +	Size 24	  Sequence Number 5	(1368300 us)
LOG 1369250 us Sab1 ORIGINAL Packet: 6
LOG 1369250 us Sab1 000011101001111100111110001001111000000000000000000000000000000010000000000000000000000000000000010000000000000000000000000000000010000000000000000000000000000001100100000000000000000000000000
LOG 1369250 us Sab1 CORRUPTED Packet: 6
LOG 1369250 us Sab1 000011101001111100111110001001111000000000000000000000000000000010000000000000000000000000000000010000000000000000000000000000000010000000000000000000000000000001100100000000000000000000000000
[Central]  RECEIVED 	From 1		Data &	Size 24	  Sequence Number 4	(1369250 us)
[Central]  SENDING 		To 1	ACK 	Size 24	  Sequence Number 4	(1369250 us)
[Local]   RECEIVED 	From 2		ACK 	Size 24	  Sequence Number 3	(1370200 us)

		RTT of packet with SN 3 : 386 ms
		BASE : 4	NEXTSN : 6

[Local]   SENDING 		To 2	Data #	Size 24	  Sequence Number 6	(1560350 us)
LOG 1561300 us Sab1 ORIGINAL Packet: 8
LOG 1561300 us Sab1 000011101001111100111110001001111000000000000000000000000000000010000000000000000000000000000000010000000000000000000000000000001010000000000000000000000000000011010100000000000000000000000000
LOG 1561300 us Sab1 CORRUPTED Packet: 8
LOG 1561300 us Sab1 000011101001111100111110001001111000000000000000000000000000000010000000000000000000000000000000010000000000000000000000000000001010000000000000000000000000000011010100000000000000000000000000

		@@@@ timeout 1@@@@
		nextSNTemp : 5, nextSN : 1

[Local]   RECEIVED 	From 2		ACK 	Size 24	  Sequence Number 4	(1562250 us)

		RTT of packet with SN 4 : 386 ms
		BASE : 5	NEXTSN : 7

[Local]   SENDING 		To 2	Data "	Size 24	  Sequence Number 7	(1752400 us)
LOG 1753350 us Sab1 ORIGINAL Packet: 10
LOG 1753350 us Sab1 000011101001111100111110001001111000000000000000000000000000000010000000000000000000000000000000010000000000000000000000000000000110000000000000000000000000000011000100000000000000000000000000
LOG 1753350 us Sab1 CORRUPTED Packet: 10
LOG 1753350 us Sab1 000011101001111100111110001001111000000000000000000000000000000010000000000000000000000000000000010000000000000000000000000000000110000000000000000000000000000011000100000000000000000000000000
[Central]  RECEIVED 	From 1		Data #	Size 24	  Sequence Number 6	(1753350 us)
[Central]  SENDING 		To 1	ACK 	Size 24	  Sequence Number 4	(1753350 us)
LOG 1945400 us Sab1 ORIGINAL Packet: 11
LOG 1945400 us Sab1 000011101001111100111110001001111000000000000000000000000000000010000000000000000000000000000000010000000000000000000000000000001110000000000000000000000000000001000100000000000000000000000000
LOG 1945400 us Sab1 CORRUPTED Packet: 11
LOG 1945400 us Sab1 000011101001111100111110001001111000000000000000000000000000000010000000000000000000000000000000010000000000000000000000000000001110000000000000000000000000000001000100000000000000000000000000
[Central]  RECEIVED 	From 1		Data "	Size 24	  Sequence Number 7	(1945400 us)
[Central]  SENDING 		To 1	ACK 	Size 24	  Sequence Number 4	(1945400 us)

		Error - Wrong ACK --- Expected : 5, Actual : 4 -- the ACK will be discarded


		@@@@ timeout 5@@@@
		nextSNTemp : 9, nextSN : 5

[Local]   SENDING 		To 2	Data +	Size 24	  Sequence Number 5	(1968350 us)

		Error - Wrong ACK --- Expected : 5, Actual : 4 -- the ACK will be discarded

[Local]   SENDING 		To 2	Data #	Size 24	  Sequence Number 6	(2160400 us)
LOG 2161350 us Sab1 ORIGINAL Packet: 14
LOG 2161350 us Sab1 000011101001111100111110001001111000000000000000000000000000000010000000000000000000000000000000010000000000000000000000000000001010000000000000000000000000000011010100000000000000000000000000
LOG 2161350 us Sab1 CORRUPTED Packet: 14
LOG 2161350 us Sab1 000011101001111100111110001001111000000000000000000000000000000010000000000000000000000000000000010000000000000000000000000000001010000000000000000000000000000011010100000000000000000000000000

		@@@@ timeout 1@@@@
		nextSNTemp : 5, nextSN : 1

[Local]   SENDING 		To 2	Data "	Size 24	  Sequence Number 7	(2352450 us)
LOG 2353400 us Sab1 ORIGINAL Packet: 15
LOG 2353400 us Sab1 000011101001111100111110001001111000000000000000000000000000000010000000000000000000000000000000010000000000000000000000000000000110000000000000000000000000000011000100000000000000000000000000
LOG 2353400 us Sab1 CORRUPTED Packet: 15
LOG 2353400 us Sab1 000011101001111100111110001001111000000000000000000000000000000010000000000000000000000000000000010000000000000000000000000000000110000000000000000000000000000011000100000000000000000000000000
[Central]  RECEIVED 	From 1		Data #	Size 24	  Sequence Number 6	(2353400 us)
[Central]  SENDING 		To 1	ACK 	Size 24	  Sequence Number 4	(2353400 us)
[Local]   SENDING 		To 2	Data $	Size 24	  Sequence Number 8	(2544500 us)
LOG 2545450 us Sab1 ORIGINAL Packet: 16
LOG 2545450 us Sab1 000011101001111100111110001001111000000000000000000000000000000010000000000000000000000000000000010000000000000000000000000000001110000000000000000000000000000001000100000000000000000000000000
LOG 2545450 us Sab1 CORRUPTED Packet: 16
LOG 2545450 us Sab1 000011101001111100111110001001111000000000000000000000000000000010000000000000000000000000000000010000000000000000000000000000001110000000000000000000000000000001000100000000000000000000000000
[Central]  RECEIVED 	From 1		Data "	Size 24	  Sequence Number 7	(2545450 us)
[Central]  SENDING 		To 1	ACK 	Size 24	  Sequence Number 4	(2545450 us)

		Error - Wrong ACK --- Expected : 5, Actual : 4 -- the ACK will be discarded


		@@@@ timeout 5@@@@
		nextSNTemp : 9, nextSN : 5

[Local]   SENDING 		To 2	Data +	Size 24	  Sequence Number 5	(2736550 us)
LOG 2737500 us Sab1 ORIGINAL Packet: 18
LOG 2737500 us Sab1 000011101001111100111110001001111000000000000000000000000000000010000000000000000000000000000000010000000000000000000000000000000001000000000000000000000000000000100100000000000000000000000000
LOG 2737500 us Sab1 CORRUPTED Packet: 18
LOG 2737500 us Sab1 000011101001111100111110001001111000000000000000000000000000000010000000000000000000000000000000010000000000000000000000000000000001000000000000000000000000000000100100000000000000000000000000
[Central]  RECEIVED 	From 1		Data $	Size 24	  Sequence Number 8	(2737500 us)
[Central]  SENDING 		To 1	ACK 	Size 24	  Sequence Number 4	(2737500 us)

		Error - Wrong ACK --- Expected : 5, Actual : 4 -- the ACK will be discarded

[Local]   SENDING 		To 2	Data #	Size 24	  Sequence Number 6	(2928600 us)
LOG 2929550 us Sab1 ORIGINAL Packet: 20
LOG 2929550 us Sab1 000011101001111100111110001001111000000000000000000000000000000010000000000000000000000000000000010000000000000000000000000000001010000000000000000000000000000011010100000000000000000000000000
LOG 2929550 us Sab1 CORRUPTED Packet: 20
LOG 2929550 us Sab1 000011101001111100111110001001111000000000000000000000000000000010000000000000000000000000000000010000000000000000000000000000001010000000000000000000000000000011010100000000000000000000000000

		@@@@ timeout 1@@@@
		nextSNTemp : 5, nextSN : 1


		Error - Wrong ACK --- Expected : 5, Actual : 4 -- the ACK will be discarded

[Local]   SENDING 		To 2	Data "	Size 24	  Sequence Number 7	(3120650 us)
LOG 3121600 us Sab1 ORIGINAL Packet: 22
LOG 3121600 us Sab1 000011101001111100111110001001111000000000000000000000000000000010000000000000000000000000000000010000000000000000000000000000000110000000000000000000000000000011000100000000000000000000000000
LOG 3121600 us Sab1 CORRUPTED Packet: 22
LOG 3121600 us Sab1 000011101001111100111110001001111000000000000000000000000000000010000000000000000000000000000000010000000000000000000000000000000110000000000000000000000000000011000100000000000000000000000000
[Central]  RECEIVED 	From 1		Data #	Size 24	  Sequence Number 6	(3121600 us)
[Central]  SENDING 		To 1	ACK 	Size 24	  Sequence Number 4	(3121600 us)
[Local]   SENDING 		To 2	Data $	Size 24	  Sequence Number 8	(3312700 us)
LOG 3313650 us Sab1 ORIGINAL Packet: 23
LOG 3313650 us Sab1 000011101001111100111110001001111000000000000000000000000000000010000000000000000000000000000000010000000000000000000000000000001110000000000000000000000000000001000100000000000000000000000000
LOG 3313650 us Sab1 CORRUPTED Packet: 23
LOG 3313650 us Sab1 000011101001111100111110001001111000000000000000000000000000000010000000000000000000000000000000010000000000000000000000000000001110000000000000000000000000000001000100000000000000000000000000
[Central]  RECEIVED 	From 1		Data "	Size 24	  Sequence Number 7	(3313650 us)
[Central]  SENDING 		To 1	ACK 	Size 24	  Sequence Number 4	(3313650 us)

		Error - Wrong ACK --- Expected : 5, Actual : 4 -- the ACK will be discarded


		@@@@ timeout 5@@@@
		nextSNTemp : 9, nextSN : 5

[Local]   SENDING 		To 2	Data +	Size 24	  Sequence Number 5	(3504750 us)
LOG 3505700 us Sab1 ORIGINAL Packet: 25
LOG 3505700 us Sab1 000011101001111100111110001001111000000000000000000000000000000010000000000000000000000000000000010000000000000000000000000000000001000000000000000000000000000000100100000000000000000000000000
LOG 3505700 us Sab1 CORRUPTED Packet: 25
LOG 3505700 us Sab1 000011101001111100111110001001111000000000000000000000000000000010000000000000000000000000000000010000000000000000000000000000000001000000000000000000000000000000100100000000000000000000000000

		Error - Wrong ACK --- Expected : 5, Actual : 4 -- the ACK will be discarded


		@@@@ timeout 1@@@@
		nextSNTemp : 5, nextSN : 1

[Local]   SENDING 		To 2	Data #	Size 24	  Sequence Number 6	(3696800 us)
LOG 3697750 us Sab1 ORIGINAL Packet: 27
LOG 3697750 us Sab1 000011101001111100111110001001111000000000000000000000000000000010000000000000000000000000000000010000000000000000000000000000001010000000000000000000000000000011010100000000000000000000000000
LOG 3697750 us Sab1 CORRUPTED Packet: 27
LOG 3697750 us Sab1 000011101001111100111110001001111000000000000000000000000000000010000000000000000000000000000000010000000000000000000000000000001010000000000000000000000000000011010100000000000000000000000000
[Local]   SENDING 		To 2	Data "	Size 24	  Sequence Number 7	(3888850 us)
LOG 3889800 us Sab1 ORIGINAL Packet: 28
LOG 3889800 us Sab1 000011101001111100111110001001111000000000000000000000000000000010000000000000000000000000000000010000000000000000000000000000000110000000000000000000000000000011000100000000000000000000000000
LOG 3889800 us Sab1 CORRUPTED Packet: 28
LOG 3889800 us Sab1 000011101001111100111110001001111000000000000000000000000000000010000000000000000000000000000000010000000000000000000000000000000110000000000000000000000000000011000100000000000000000000000000
[Central]  RECEIVED 	From 1		Data #	Size 24	  Sequence Number 6	(3889800 us)
[Central]  SENDING 		To 1	ACK 	Size 24	  Sequence Number 4	(3889800 us)
[Local]   SENDING 		To 2	Data $	Size 24	  Sequence Number 8	(4080900 us)
LOG 4081850 us Sab1 ORIGINAL Packet: 29
LOG 4081850 us Sab1 000011101001111100111110001001111000000000000000000000000000000010000000000000000000000000000000010000000000000000000000000000001110000000000000000000000000000001000100000000000000000000000000
LOG 4081850 us Sab1 CORRUPTED Packet: 29
LOG 4081850 us Sab1 000011101001111100111110001001111000000000000000000000000000000010000000000000000000000000000000010000000000000000000000000000001110000000000000000000000000000001000100000000000000000000000000

		Error - Wrong ACK --- Expected : 5, Actual : 4 -- the ACK will be discarded


		@@@@ timeout 1@@@@
		nextSNTemp : 5, nextSN : 1


		@@@@ timeout 5@@@@
		nextSNTemp : 9, nextSN : 5

[Local]   SENDING 		To 2	Data +	Size 24	  Sequence Number 5	(4272950 us)
LOG 4273900 us Sab1 ORIGINAL Packet: 31
LOG 4273900 us Sab1 000011101001111100111110001001111000000000000000000000000000000010000000000000000000000000000000010000000000000000000000000000000001000000000000000000000000000000100100000000000000000000000000
LOG 4273900 us Sab1 CORRUPTED Packet: 31
LOG 4273900 us Sab1 000011101001111100111110001001111000000000000000000000000000000010000000000000000000000000000000010000000000000000000000000000000001000000000000000000000000000000100100000000000000000000000000
[Central]  RECEIVED 	From 1		Data $	Size 24	  Sequence Number 8	(4273900 us)
[Central]  SENDING 		To 1	ACK 	Size 24	  Sequence Number 4	(4273900 us)
[Local]   SENDING 		To 2	Data #	Size 24	  Sequence Number 6	(4465 ms)
LOG 4465950 us Sab1 ORIGINAL Packet: 32
LOG 4465950 us Sab1 000011101001111100111110001001111000000000000000000000000000000010000000000000000000000000000000010000000000000000000000000000001010000000000000000000000000000011010100000000000000000000000000
LOG 4465950 us Sab1 CORRUPTED Packet: 32
LOG 4465950 us Sab1 000011101001111100111110001001111000000000000000000000000000000010000000000000000000000000000000010000000000000000000000000000001010000000000000000000000000000011010100000000000000000000000000
[Central]  RECEIVED 	From 1		Data +	Size 24	  Sequence Number 5	(4465950 us)
[Central]  SENDING 		To 1	ACK 	Size 24	  Sequence Number 5	(4465950 us)

		Error - Wrong ACK --- Expected : 5, Actual : 4 -- the ACK will be discarded

[Local]   SENDING 		To 2	Data "	Size 24	  Sequence Number 7	(4657050 us)
LOG 4658 ms Sab1 ORIGINAL Packet: 34
LOG 4658 ms Sab1 000011101001111100111110001001111000000000000000000000000000000010000000000000000000000000000000010000000000000000000000000000000110000000000000000000000000000011000100000000000000000000000000
LOG 4658 ms Sab1 CORRUPTED Packet: 34
LOG 4658 ms Sab1 000011101001111100111110001001111000000000000000000000000000000010000000000000000000000000000000010000000000000000000000000000000110000000000000000000000000000011000100000000000000000000000000
[Central]  RECEIVED 	From 1		Data #	Size 24	  Sequence Number 6	(4658 ms)
[Central]  SENDING 		To 1	ACK 	Size 24	  Sequence Number 6	(4658 ms)
[Local]   RECEIVED 	From 2		ACK 	Size 24	  Sequence Number 5	(4658950 us)

		RTT of packet with SN 5 : 386 ms
		BASE : 6	NEXTSN : 8

[Local]   SENDING 		To 2	Data $	Size 24	  Sequence Number 8	(4849100 us)
LOG 4850050 us Sab1 ORIGINAL Packet: 36
LOG 4850050 us Sab1 000011101001111100111110001001111000000000000000000000000000000010000000000000000000000000000000010000000000000000000000000000001110000000000000000000000000000001000100000000000000000000000000
LOG 4850050 us Sab1 CORRUPTED Packet: 36
LOG 4850050 us Sab1 000011101001111100111110001001111000000000000000000000000000000010000000000000000000000000000000010000000000000000000000000000001110000000000000000000000000000001000100000000000000000000000000
[Central]  RECEIVED 	From 1		Data "	Size 24	  Sequence Number 7	(4850050 us)
[Central]  SENDING 		To 1	ACK 	Size 24	  Sequence Number 7	(4850050 us)
[Local]   RECEIVED 	From 2		ACK 	Size 24	  Sequence Number 6	(4851 ms)

		RTT of packet with SN 6 : 386 ms
		BASE : 7	NEXTSN : 9

[Local]   SENDING 		To 2	Data &	Size 24	  Sequence Number 9	(5041150 us)
LOG 5042100 us Sab1 ORIGINAL Packet: 38
LOG 5042100 us Sab1 000011101001111100111110001001111000000000000000000000000000000010000000000000000000000000000000010000000000000000000000000000000001000000000000000000000000000000100100000000000000000000000000
LOG 5042100 us Sab1 CORRUPTED Packet: 38
LOG 5042100 us Sab1 000011101001111100111110001001111000000000000000000000000000000010000000000000000000000000000000010000000000000000000000000000000001000000000000000000000000000000100100000000000000000000000000

		@@@@ timeout 1@@@@
		nextSNTemp : 5, nextSN : 1

[Local]   RECEIVED 	From 2		ACK 	Size 24	  Sequence Number 7	(5043050 us)

		RTT of packet with SN 7 : 386 ms
		BASE : 8	NEXTSN : 10

[Local]   SENDING 		To 2	Data '	Size 24	  Sequence Number 10	(5233200 us)
LOG 5234150 us Sab1 ORIGINAL Packet: 40
LOG 5234150 us Sab1 000011101001111100111110001001111000000000000000000000000000000010000000000000000000000000000000010000000000000000000000000000001001000000000000000000000000000001100100000000000000000000000000
LOG 5234150 us Sab1 CORRUPTED Packet: 40
LOG 5234150 us Sab1 000011101001111100111110001001111000000000000000000000000000000010000000000000000000000000000000010000000000000000000000000000001001000000000000000000000000000001100100000000000000000000000000
[Central]  RECEIVED 	From 1		Data &	Size 24	  Sequence Number 9	(5234150 us)
[Central]  SENDING 		To 1	ACK 	Size 24	  Sequence Number 7	(5234150 us)
LOG 5426200 us Sab1 ORIGINAL Packet: 41
LOG 5426200 us Sab1 000011101001111100111110001001111000000000000000000000000000000010000000000000000000000000000000010000000000000000000000000000000101000000000000000000000000000011100100000000000000000000000000
LOG 5426200 us Sab1 CORRUPTED Packet: 41
LOG 5426200 us Sab1 000011101001111100111110001001111000000000000000000000000000000010000000000000000000000000000000010000000000000000000000000000000101000000000000000000000000000011100100000000000000000000000000
[Central]  RECEIVED 	From 1		Data '	Size 24	  Sequence Number 10	(5426200 us)
[Central]  SENDING 		To 1	ACK 	Size 24	  Sequence Number 7	(5426200 us)

		Error - Wrong ACK --- Expected : 8, Actual : 7 -- the ACK will be discarded


		@@@@ timeout 8@@@@
		nextSNTemp : 12, nextSN : 8

[Local]   SENDING 		To 2	Data $	Size 24	  Sequence Number 8	(5449150 us)

		Error - Wrong ACK --- Expected : 8, Actual : 7 -- the ACK will be discarded

[Local]   SENDING 		To 2	Data &	Size 24	  Sequence Number 9	(5641200 us)
LOG 5642150 us Sab1 ORIGINAL Packet: 44
LOG 5642150 us Sab1 000011101001111100111110001001111000000000000000000000000000000010000000000000000000000000000000010000000000000000000000000000000001000000000000000000000000000000100100000000000000000000000000
LOG 5642150 us Sab1 CORRUPTED Packet: 44
LOG 5642150 us Sab1 000011101001111100111110001001111000000000000000000000000000000010000000000000000000000000000000010000000000000000000000000000000001000000000000000000000000000000100100000000000000000000000000
[Central]  RECEIVED 	From 1		Data $	Size 24	  Sequence Number 8	(5642150 us)
[Central]  SENDING 		To 1	ACK 	Size 24	  Sequence Number 8	(5642150 us)
[Local]   SENDING 		To 2	Data '	Size 24	  Sequence Number 10	(5833250 us)
LOG 5834200 us Sab1 ORIGINAL Packet: 45
LOG 5834200 us Sab1 000011101001111100111110001001111000000000000000000000000000000010000000000000000000000000000000010000000000000000000000000000001001000000000000000000000000000001100100000000000000000000000000
LOG 5834200 us Sab1 CORRUPTED Packet: 45
LOG 5834200 us Sab1 000011101001111100111110001001111000000000000000000000000000000010000000000000000000000000000000010000000000000000000000000000001001000000000000000000000000000001100100000000000000000000000000
[Central]  RECEIVED 	From 1		Data &	Size 24	  Sequence Number 9	(5834200 us)
[Central]  SENDING 		To 1	ACK 	Size 24	  Sequence Number 9	(5834200 us)
[Local]   RECEIVED 	From 2		ACK 	Size 24	  Sequence Number 8	(5835150 us)

		RTT of packet with SN 8 : 386 ms
		BASE : 9	NEXTSN : 11

[Local]   SENDING 		To 2	Data ,	Size 24	  Sequence Number 11	(6025300 us)
LOG 6026250 us Sab1 ORIGINAL Packet: 47
LOG 6026250 us Sab1 000011101001111100111110001001111000000000000000000000000000000010000000000000000000000000000000010000000000000000000000000000000101000000000000000000000000000011100100000000000000000000000000
LOG 6026250 us Sab1 CORRUPTED Packet: 47
LOG 6026250 us Sab1 000011101001111100111110001001111000000000000000000000000000000010000000000000000000000000000000010000000000000000000000000000000101000000000000000000000000000011100100000000000000000000000000

		@@@@ timeout 1@@@@
		nextSNTemp : 5, nextSN : 1

[Local]   RECEIVED 	From 2		ACK 	Size 24	  Sequence Number 9	(6027200 us)

		RTT of packet with SN 9 : 386 ms
		BASE : 10	NEXTSN : 12

[Local]   SENDING 		To 2	Data .	Size 24	  Sequence Number 12	(6217350 us)
LOG 6218300 us Sab1 ORIGINAL Packet: 49
LOG 6218300 us Sab1 000011101001111100111110001001111000000000000000000000000000000010000000000000000000000000000000010000000000000000000000000000001101000000000000000000000000000000110100000000000000000000000000
LOG 6218300 us Sab1 CORRUPTED Packet: 49
LOG 6218300 us Sab1 000011101001111100111110001001111000000000000000000000000000000010000000000000000000000000000000010000000000000000000000000000001101000000000000000000000000000000110100000000000000000000000000
[Central]  RECEIVED 	From 1		Data ,	Size 24	  Sequence Number 11	(6218300 us)
[Central]  SENDING 		To 1	ACK 	Size 24	  Sequence Number 9	(6218300 us)
[Local]   SENDING 		To 2	Data !	Size 24	  Sequence Number 13	(6409400 us)
LOG 6410350 us Sab1 ORIGINAL Packet: 50
LOG 6410350 us Sab1 000011101001111100111110001001111000000000000000000000000000000010000000000000000000000000000000010000000000000000000000000000000011000000000000000000000000000001110100000000000000000000000000
LOG 6410350 us Sab1 CORRUPTED Packet: 50
LOG 6410350 us Sab1 000011101001111100111110001001111000000000000000000000000000000010000000000000000000000000000000010000000000000000000000000000000011000000000000000000000000000001110100000000000000000000000000
[Central]  RECEIVED 	From 1		Data .	Size 24	  Sequence Number 12	(6410350 us)
[Central]  SENDING 		To 1	ACK 	Size 24	  Sequence Number 9	(6410350 us)

		Error - Wrong ACK --- Expected : 10, Actual : 9 -- the ACK will be discarded


		@@@@ timeout 10@@@@
		nextSNTemp : 14, nextSN : 10

[Local]   SENDING 		To 2	Data '	Size 24	  Sequence Number 10	(6601450 us)
LOG 6602400 us Sab1 ORIGINAL Packet: 52
LOG 6602400 us Sab1 000011101001111100111110001001111000000000000000000000000000000010000000000000000000000000000000010000000000000000000000000000001011000000000000000000000000000010000100000000000000000000000000
LOG 6602400 us Sab1 CORRUPTED Packet: 52
LOG 6602400 us Sab1 000011101001111100111110001001111000000000000000000000000000000010000000000000000000000000000000010000000000000000000000000000001011000000000000000000000000000010000100000000000000000000000000

		Error - Wrong ACK --- Expected : 10, Actual : 9 -- the ACK will be discarded


		@@@@ timeout 1@@@@
		nextSNTemp : 5, nextSN : 1

[Local]   SENDING 		To 2	Data ,	Size 24	  Sequence Number 11	(6793500 us)
LOG 6794450 us Sab1 ORIGINAL Packet: 54
LOG 6794450 us Sab1 000011101001111100111110001001111000000000000000000000000000000010000000000000000000000000000000010000000000000000000000000000000101000000000000000000000000000011100100000000000000000000000000
LOG 6794450 us Sab1 CORRUPTED Packet: 54
LOG 6794450 us Sab1 000011101001111100111110001001111000000000000000000000000000000010000000000000000000000000000000010000000000000000000000000000000101000000000000000000000000000011100100000000000000000000000000
[Central]  RECEIVED 	From 1		Data '	Size 24	  Sequence Number 10	(6794450 us)
[Central]  SENDING 		To 1	ACK 	Size 24	  Sequence Number 10	(6794450 us)
[Local]   SENDING 		To 2	Data .	Size 24	  Sequence Number 12	(6985550 us)
LOG 6986500 us Sab1 ORIGINAL Packet: 55
LOG 6986500 us Sab1 000011101001111100111110001001111000000000000000000000000000000010000000000000000000000000000000010000000000000000000000000000001101000000000000000000000000000000110100000000000000000000000000
LOG 6986500 us Sab1 CORRUPTED Packet: 55
LOG 6986500 us Sab1 000011101001111100111110001001111000000000000000000000000000000010000000000000000000000000000000010000000000000000000000000000001101000000000000000000000000000000110100000000000000000000000000
[Local]   RECEIVED 	From 2		ACK 	Size 24	  Sequence Number 10	(6987450 us)

		RTT of packet with SN 10 : 386 ms
		BASE : 11	NEXTSN : 13

[Local]   SENDING 		To 2	Data !	Size 24	  Sequence Number 13	(7177600 us)
LOG 7178550 us Sab1 ORIGINAL Packet: 57
LOG 7178550 us Sab1 000011101001111100111110001001111000000000000000000000000000000010000000000000000000000000000000010000000000000000000000000000000011000000000000000000000000000001110100000000000000000000000000
LOG 7178550 us Sab1 CORRUPTED Packet: 57
LOG 7178550 us Sab1 000011101001111100111110001001111000000000000000000000000000000010000000000000000000000000000000010000000000000000000000000000000011000000000000000000000000000001110100000000000000000000000000
[Central]  RECEIVED 	From 1		Data .	Size 24	  Sequence Number 12	(7178550 us)
[Central]  SENDING 		To 1	ACK 	Size 24	  Sequence Number 10	(7178550 us)
[Local]   SENDING 		To 2	Data +	Size 24	  Sequence Number 14	(7369650 us)
LOG 7370600 us Sab1 ORIGINAL Packet: 58
LOG 7370600 us Sab1 000011101001111100111110001001111000000000000000000000000000000010000000000000000000000000000000010000000000000000000000000000001011000000000000000000000000000010000100000000000000000000000000
LOG 7370600 us Sab1 CORRUPTED Packet: 58
LOG 7370600 us Sab1 000011101001111100111110001001111000000000000000000000000000000010000000000000000000000000000000010000000000000000000000000000001011000000000000000000000000000010000100000000000000000000000000
[Central]  RECEIVED 	From 1		Data !	Size 24	  Sequence Number 13	(7370600 us)
[Central]  SENDING 		To 1	ACK 	Size 24	  Sequence Number 10	(7370600 us)

		Error - Wrong ACK --- Expected : 11, Actual : 10 -- the ACK will be discarded


		@@@@ timeout 11@@@@
		nextSNTemp : 15, nextSN : 11

[Local]   SENDING 		To 2	Data ,	Size 24	  Sequence Number 11	(7561700 us)
LOG 7562650 us Sab1 ORIGINAL Packet: 60
LOG 7562650 us Sab1 000011101001111100111110001001111000000000000000000000000000000010000000000000000000000000000000010000000000000000000000000000000111000000000000000000000000000011010100000000000000000000000000
LOG 7562650 us Sab1 CORRUPTED Packet: 60
LOG 7562650 us Sab1 000011101001111100111110001001111000000000000000000000000000000010000000000000000000000000000000010000000000000000000000000000000111000000000000000000000000000011010100000000000000000000000000
[Central]  RECEIVED 	From 1		Data +	Size 24	  Sequence Number 14	(7562650 us)
[Central]  SENDING 		To 1	ACK 	Size 24	  Sequence Number 10	(7562650 us)

		Error - Wrong ACK --- Expected : 11, Actual : 10 -- the ACK will be discarded

[Local]   SENDING 		To 2	Data .	Size 24	  Sequence Number 12	(7753750 us)
LOG 7754700 us Sab1 ORIGINAL Packet: 62
LOG 7754700 us Sab1 000011101001111100111110001001111000000000000000000000000000000010000000000000000000000000000000010000000000000000000000000000001101000000000000000000000000000000110100000000000000000000000000
LOG 7754700 us Sab1 CORRUPTED Packet: 62
LOG 7754700 us Sab1 000011101001111100111110001001111000000000000000000000000000000010000000000000000000000000000000010000000000000000000000000000001101000000000000000000000000000000110100000000000000000000000000
[Central]  RECEIVED 	From 1		Data ,	Size 24	  Sequence Number 11	(7754700 us)
[Central]  SENDING 		To 1	ACK 	Size 24	  Sequence Number 11	(7754700 us)

		Error - Wrong ACK --- Expected : 11, Actual : 10 -- the ACK will be discarded

[Local]   SENDING 		To 2	Data !	Size 24	  Sequence Number 13	(7945800 us)
LOG 7946750 us Sab1 ORIGINAL Packet: 64
LOG 7946750 us Sab1 000011101001111100111110001001111000000000000000000000000000000010000000000000000000000000000000010000000000000000000000000000000011000000000000000000000000000001110100000000000000000000000000
LOG 7946750 us Sab1 CORRUPTED Packet: 64
LOG 7946750 us Sab1 000011101001111100111110001001111000000000000000000000000000000010000000000000000000000000000000010000000000000000000000000000000011000000000000000000000000000001110100000000000000000000000000
[Central]  RECEIVED 	From 1		Data .	Size 24	  Sequence Number 12	(7946750 us)
[Central]  SENDING 		To 1	ACK 	Size 24	  Sequence Number 12	(7946750 us)
[Local]   RECEIVED 	From 2		ACK 	Size 24	  Sequence Number 11	(7947700 us)

		RTT of packet with SN 11 : 386 ms
		BASE : 12	NEXTSN : 14


Info: /OSCI/SystemC: Simulation stopped by user.
