
Local   <-->  Central with FullDuplex channel

+----------------------------------------------------------------------------------------------+
|TASK     ACTION        FROM    TO      DATA    SIZE      SEQUENCE NUMBER       TIME STAMP     |
+----------------------------------------------------------------------------------------------+
[Local]   SENDING 		To 2	Data "	Size 24	  Sequence Number 1	(50 us)
[Local]   SENDING 		To 2	Data %	Size 24	  Sequence Number 2	(192100 us)
LOG 193050 us Sab1 ORIGINAL Packet: 0
LOG 193050 us Sab1 000011101001101111000110001100011000000000000000000000000000000010000000000000000000000000000000010000000000000000000000000000001000000000000000000000000000000001000100000000000000000000000000
LOG 193050 us Sab1 CORRUPTED Packet: 0
LOG 193050 us Sab1 000011101001101111000110001100011000000000000000000000000000000010000000000000000000000000000000010000000000000000000000000000001000000000000000000000000000000001000100000000000000000000000000
[Central]  RECEIVED 	From 1		Data "	Size 24	  Sequence Number 1	(193050 us)
[Central]  SENDING 		To 1	ACK 	Size 24	  Sequence Number 1	(193050 us)
LOG 385100 us Sab1 ORIGINAL Packet: 1
LOG 385100 us Sab1 000011101001101111000110001100011000000000000000000000000000000010000000000000000000000000000000010000000000000000000000000000000100000000000000000000000000000010100100000000000000000000000000
LOG 385100 us Sab1 CORRUPTED Packet: 1
LOG 385100 us Sab1 000011101001101111000110001100011000000000000000000000000000000010000000000000000000000000000000010000000000000000000000000000000100000000000000000000000000000010100100000000000000000000000000
[Local]   RECEIVED 	From 2		ACK 	Size 24	  Sequence Number 1	(386050 us)

		RTT of packet with SN 1 : 386 ms
		BASE : 1	NEXTSN : 3


		@@@@ timeout 0@@@@
		nextSNTemp : 4, nextSN : 0


		@@@@ timeout 1@@@@
		nextSNTemp : 5, nextSN : 1

[Local]   SENDING 		To 2	Data "	Size 24	  Sequence Number 1	(600100 us)
[Local]   SENDING 		To 2	Data %	Size 24	  Sequence Number 2	(792150 us)
LOG 793100 us Sab1 ORIGINAL Packet: 3
LOG 793100 us Sab1 000011101001101111000110001100011000000000000000000000000000000010000000000000000000000000000000010000000000000000000000000000001000000000000000000000000000000001000100000000000000000000000000
LOG 793100 us Sab1 CORRUPTED Packet: 3
LOG 793100 us Sab1 000011101001101111000110001100011000000000000000000000000000000010000000000000000000000000000000010000000000000000000000000000001000000000000000000000000000000001000100000000000000000000000000
[Central]  RECEIVED 	From 1		Data "	Size 24	  Sequence Number 1	(793100 us)
[Central]  SENDING 		To 1	ACK 	Size 24	  Sequence Number 1	(793100 us)
[Local]   SENDING 		To 2	Data *	Size 24	  Sequence Number 3	(984200 us)
LOG 985150 us Sab1 ORIGINAL Packet: 4
LOG 985150 us Sab1 000011101001101111000110001100011000000000000000000000000000000010000000000000000000000000000000010000000000000000000000000000000100000000000000000000000000000010100100000000000000000000000000
LOG 985150 us Sab1 CORRUPTED Packet: 4
LOG 985150 us Sab1 000011101001101111000110001100011000000000000000000000000000000010000000000000000000000000000000010000000000000000000000000000000100000000000000000000000000000010100100000000000000000000000000
[Local]   RECEIVED 	From 2		ACK 	Size 24	  Sequence Number 1	(986100 us)

		RTT of packet with SN 1 : 386 ms
		BASE : 2	NEXTSN : 4

[Local]   SENDING 		To 2	Data &	Size 24	  Sequence Number 4	(1176250 us)
LOG 1177200 us Sab1 ORIGINAL Packet: 6
LOG 1177200 us Sab1 000011101001101111000110001100011000000000000000000000000000000010000000000000000000000000000000010000000000000000000000000000001100000000000000000000000000000001010100000000000000000000000000
LOG 1177200 us Sab1 CORRUPTED Packet: 6
LOG 1177200 us Sab1 000011101001101111000110001100011000000000000000000000000000000010000000000000000000000000000000010000000000000000000000000000001100000000000000000000000000000001010100000000000000000000000000
[Central]  RECEIVED 	From 1		Data *	Size 24	  Sequence Number 3	(1177200 us)
[Central]  SENDING 		To 1	ACK 	Size 24	  Sequence Number 1	(1177200 us)
[Local]   SENDING 		To 2	Data +	Size 24	  Sequence Number 5	(1368300 us)
LOG 1369250 us Sab1 ORIGINAL Packet: 7
LOG 1369250 us Sab1 000011101001101111000110001100011000000000000000000000000000000010000000000000000000000000000000010000000000000000000000000000000010000000000000000000000000000001100100000000000000000000000000
LOG 1369250 us Sab1 CORRUPTED Packet: 7
LOG 1369250 us Sab1 000011101001101111000110001100011000000000000000000000000000000010000000000000000000000000000000010000000000000000000000000000000010000000000000000000000000000001100100000000000000000000000000
[Central]  RECEIVED 	From 1		Data &	Size 24	  Sequence Number 4	(1369250 us)
[Central]  SENDING 		To 1	ACK 	Size 24	  Sequence Number 1	(1369250 us)

		Error - Wrong ACK --- Expected : 2, Actual : 1 -- the ACK will be discarded


		@@@@ timeout 2@@@@
		nextSNTemp : 6, nextSN : 2

[Local]   SENDING 		To 2	Data %	Size 24	  Sequence Number 2	(1560350 us)
LOG 1561300 us Sab1 ORIGINAL Packet: 9
LOG 1561300 us Sab1 000011101001101111000110001100011000000000000000000000000000000010000000000000000000000000000000010000000000000000000000000000001010000000000000000000000000000011010100000000000000000000000000
LOG 1561300 us Sab1 CORRUPTED Packet: 9
LOG 1561300 us Sab1 000011101001101111000110001100011000000000000000000000000000000010000000000000000000000000000000010000000000000000000000000000001010000000000000000000000000000011010100000000000000000000000000

		@@@@ timeout 0@@@@
		nextSNTemp : 4, nextSN : 0


		Error - Wrong ACK --- Expected : 2, Actual : 1 -- the ACK will be discarded

[Local]   SENDING 		To 2	Data *	Size 24	  Sequence Number 3	(1752400 us)
LOG 1753350 us Sab1 ORIGINAL Packet: 11
LOG 1753350 us Sab1 000011101001101111000110001100011000000000000000000000000000000010000000000000000000000000000000010000000000000000000000000000000100000000000000000000000000000010100100000000000000000000000000
LOG 1753350 us Sab1 CORRUPTED Packet: 11
LOG 1753350 us Sab1 000011101001101111000110001100011000000000000000000000000000000010000000000000000000000000000000010000000000000000000000000000000100000000000000000000000000000010100100000000000000000000000000
[Local]   SENDING 		To 2	Data &	Size 24	  Sequence Number 4	(1944450 us)
LOG 1945400 us Sab1 ORIGINAL Packet: 12
LOG 1945400 us Sab1 000011101001101111000110001100011000000000000000000000000000000010000000000000000000000000000000010000000000000000000000000000001100000000000000000000000000000001010100000000000000000000000000
LOG 1945400 us Sab1 CORRUPTED Packet: 12
LOG 1945400 us Sab1 000011101001101111000110001100011000000000000000000000000000000010000000000000000000000000000000010000000000000000000000000000001100000000000000000000000000000001010100000000000000000000000000
[Central]  RECEIVED 	From 1		Data *	Size 24	  Sequence Number 3	(1945400 us)
[Central]  SENDING 		To 1	ACK 	Size 24	  Sequence Number 1	(1945400 us)
[Local]   SENDING 		To 2	Data +	Size 24	  Sequence Number 5	(2136500 us)
LOG 2137450 us Sab1 ORIGINAL Packet: 13
LOG 2137450 us Sab1 000011101001101111000110001100011000000000000000000000000000000010000000000000000000000000000000010000000000000000000000000000000010000000000000000000000000000001100100000000000000000000000000
LOG 2137450 us Sab1 CORRUPTED Packet: 13
LOG 2137450 us Sab1 000011101001101111000110001100011000000000000000000000000000000010000000000000000000000000000000010000000000000000000000000000000010000000000000000000000000000001100100000000000000000000000000

		Error - Wrong ACK --- Expected : 2, Actual : 1 -- the ACK will be discarded


		@@@@ timeout 0@@@@
		nextSNTemp : 4, nextSN : 0


		@@@@ timeout 2@@@@
		nextSNTemp : 6, nextSN : 2

[Local]   SENDING 		To 2	Data %	Size 24	  Sequence Number 2	(2328550 us)
LOG 2329500 us Sab1 ORIGINAL Packet: 15
LOG 2329500 us Sab1 000011101001101111000110001100011000000000000000000000000000000010000000000000000000000000000000010000000000000000000000000000001010000000000000000000000000000011010100000000000000000000000000
LOG 2329500 us Sab1 CORRUPTED Packet: 15
LOG 2329500 us Sab1 000011101001101111000110001100011000000000000000000000000000000010000000000000000000000000000000010000000000000000000000000000001010000000000000000000000000000011010100000000000000000000000000
[Central]  RECEIVED 	From 1		Data +	Size 24	  Sequence Number 5	(2329500 us)
[Central]  SENDING 		To 1	ACK 	Size 24	  Sequence Number 1	(2329500 us)
[Local]   SENDING 		To 2	Data *	Size 24	  Sequence Number 3	(2520600 us)
LOG 2521550 us Sab1 ORIGINAL Packet: 16
LOG 2521550 us Sab1 000011101001101111000110001100011000000000000000000000000000000010000000000000000000000000000000010000000000000000000000000000000100000000000000000000000000000010100100000000000000000000000000
LOG 2521550 us Sab1 CORRUPTED Packet: 16
LOG 2521550 us Sab1 000011101001101111000110001100011000000000000000000000000000000010000000000000000000000000000000010000000000000000000000000000000100000000000000000000000000000010100100000000000000000000000000
[Central]  RECEIVED 	From 1		Data %	Size 24	  Sequence Number 2	(2521550 us)
[Central]  SENDING 		To 1	ACK 	Size 24	  Sequence Number 2	(2521550 us)

		Error - Wrong ACK --- Expected : 2, Actual : 1 -- the ACK will be discarded

[Local]   SENDING 		To 2	Data &	Size 24	  Sequence Number 4	(2712650 us)
LOG 2713600 us Sab1 ORIGINAL Packet: 18
LOG 2713600 us Sab1 000011101001101111000110001100011000000000000000000000000000000010000000000000000000000000000000010000000000000000000000000000001100000000000000000000000000000001010100000000000000000000000000
LOG 2713600 us Sab1 CORRUPTED Packet: 18
LOG 2713600 us Sab1 000011101001101111000110001100011000000000000000000000000000000010000000000000000000000000000000010000000000000000000000000000001100000000000000000000000000000001010100000000000000000000000000
[Local]   RECEIVED 	From 2		ACK 	Size 24	  Sequence Number 2	(2714550 us)

		RTT of packet with SN 2 : 386 ms
		BASE : 3	NEXTSN : 5


		@@@@ timeout 0@@@@
		nextSNTemp : 4, nextSN : 0

[Local]   SENDING 		To 2	Data +	Size 24	  Sequence Number 5	(2904700 us)
LOG 2905650 us Sab1 ORIGINAL Packet: 20
LOG 2905650 us Sab1 000011101001101111000110001100011000000000000000000000000000000010000000000000000000000000000000010000000000000000000000000000000010000000000000000000000000000001100100000000000000000000000000
LOG 2905650 us Sab1 CORRUPTED Packet: 20
LOG 2905650 us Sab1 000011101001101111000110001100011000000000000000000000000000000010000000000000000000000000000000010000000000000000000000000000000010000000000000000000000000000001100100000000000000000000000000
[Central]  RECEIVED 	From 1		Data &	Size 24	  Sequence Number 4	(2905650 us)
[Central]  SENDING 		To 1	ACK 	Size 24	  Sequence Number 2	(2905650 us)
[Local]   SENDING 		To 2	Data #	Size 24	  Sequence Number 6	(3096750 us)
LOG 3097700 us Sab1 ORIGINAL Packet: 21
LOG 3097700 us Sab1 000011101001101111000110001100011000000000000000000000000000000010000000000000000000000000000000010000000000000000000000000000001010000000000000000000000000000011010100000000000000000000000000
LOG 3097700 us Sab1 CORRUPTED Packet: 21
LOG 3097700 us Sab1 000011101001101111000110001100011000000000000000000000000000000010000000000000000000000000000000010000000000000000000000000000001010000000000000000000000000000011010100000000000000000000000000

		Error - Wrong ACK --- Expected : 3, Actual : 2 -- the ACK will be discarded


		@@@@ timeout 3@@@@
		nextSNTemp : 7, nextSN : 3

[Local]   SENDING 		To 2	Data *	Size 24	  Sequence Number 3	(3288800 us)
LOG 3289750 us Sab1 ORIGINAL Packet: 23
LOG 3289750 us Sab1 000011101001101111000110001100011000000000000000000000000000000010000000000000000000000000000000010000000000000000000000000000000110000000000000000000000000000011000100000000000000000000000000
LOG 3289750 us Sab1 CORRUPTED Packet: 23
LOG 3289750 us Sab1 000011101001101111000110001100011000000000000000000000000000000010000000000000000000000000000000010000000000000000000000000000000110000000000000000000000000000011000100000000000000000000000000
[Central]  RECEIVED 	From 1		Data #	Size 24	  Sequence Number 6	(3289750 us)
[Central]  SENDING 		To 1	ACK 	Size 24	  Sequence Number 2	(3289750 us)
[Local]   SENDING 		To 2	Data &	Size 24	  Sequence Number 4	(3480850 us)
LOG 3481800 us Sab1 ORIGINAL Packet: 24
LOG 3481800 us Sab1 000011101001101111000110001100011000000000000000000000000000000010000000000000000000000000000000010000000000000000000000000000001100000000000000000000000000000001010100000000000000000000000000
LOG 3481800 us Sab1 CORRUPTED Packet: 24
LOG 3481800 us Sab1 000011101001101111000110001100011000000000000000000000000000000010000000000000000000000000000000010000000000000000000000000000001100000000000000000000000000000001010100000000000000000000000000

		@@@@ timeout 0@@@@
		nextSNTemp : 4, nextSN : 0


		Error - Wrong ACK --- Expected : 3, Actual : 2 -- the ACK will be discarded

[Local]   SENDING 		To 2	Data +	Size 24	  Sequence Number 5	(3672900 us)
LOG 3673850 us Sab1 ORIGINAL Packet: 26
LOG 3673850 us Sab1 000011101001101111000110001100011000000000000000000000000000000010000000000000000000000000000000010000000000000000000000000000000010000000000000000000000000000001100100000000000000000000000000
LOG 3673850 us Sab1 CORRUPTED Packet: 26
LOG 3673850 us Sab1 000011101001101111000110001100011000000000000000000000000000000010000000000000000000000000000000010000000000000000000000000000000010000000000000000000000000000001100100000000000000000000000000
[Central]  RECEIVED 	From 1		Data &	Size 24	  Sequence Number 4	(3673850 us)
[Central]  SENDING 		To 1	ACK 	Size 24	  Sequence Number 2	(3673850 us)
[Local]   SENDING 		To 2	Data #	Size 24	  Sequence Number 6	(3864950 us)
LOG 3865900 us Sab1 ORIGINAL Packet: 27
LOG 3865900 us Sab1 000011101001101111000110001100011000000000000000000000000000000010000000000000000000000000000000010000000000000000000000000000001010000000000000000000000000000011010100000000000000000000000000
LOG 3865900 us Sab1 CORRUPTED Packet: 27
LOG 3865900 us Sab1 000011101001101111000110001100011000000000000000000000000000000010000000000000000000000000000000010000000000000000000000000000001010000000000000000000000000000011010100000000000000000000000000
[Central]  RECEIVED 	From 1		Data +	Size 24	  Sequence Number 5	(3865900 us)
[Central]  SENDING 		To 1	ACK 	Size 24	  Sequence Number 2	(3865900 us)

		Error - Wrong ACK --- Expected : 3, Actual : 2 -- the ACK will be discarded


		@@@@ timeout 3@@@@
		nextSNTemp : 7, nextSN : 3

[Local]   SENDING 		To 2	Data *	Size 24	  Sequence Number 3	(4057 ms)
LOG 4057950 us Sab1 ORIGINAL Packet: 29
LOG 4057950 us Sab1 000011101001101111000110001100011000000000000000000000000000000010000000000000000000000000000000010000000000000000000000000000000110000000000000000000000000000011000100000000000000000000000000
LOG 4057950 us Sab1 CORRUPTED Packet: 29
LOG 4057950 us Sab1 000011101001101111000110001100011000000000000000000000000000000010000000000000000000000000000000010000000000000000000000000000000110000000000000000000000000000011000100000000000000000000000000

		Error - Wrong ACK --- Expected : 3, Actual : 2 -- the ACK will be discarded


		@@@@ timeout 0@@@@
		nextSNTemp : 4, nextSN : 0

[Local]   SENDING 		To 2	Data &	Size 24	  Sequence Number 4	(4249050 us)
LOG 4250 ms Sab1 ORIGINAL Packet: 31
LOG 4250 ms Sab1 000011101001101111000110001100011000000000000000000000000000000010000000000000000000000000000000010000000000000000000000000000001100000000000000000000000000000001010100000000000000000000000000
LOG 4250 ms Sab1 CORRUPTED Packet: 31
LOG 4250 ms Sab1 000011101001101111000110001100011000000000000000000000000000000010000000000000000000000000000000010000000000000000000000000000001100000000000000000000000000000001010100000000000000000000000000
[Central]  RECEIVED 	From 1		Data *	Size 24	  Sequence Number 3	(4250 ms)
[Central]  SENDING 		To 1	ACK 	Size 24	  Sequence Number 3	(4250 ms)
[Local]   SENDING 		To 2	Data +	Size 24	  Sequence Number 5	(4441100 us)
LOG 4442050 us Sab1 ORIGINAL Packet: 32
LOG 4442050 us Sab1 000011101001101111000110001100011000000000000000000000000000000010000000000000000000000000000000010000000000000000000000000000000010000000000000000000000000000001100100000000000000000000000000
LOG 4442050 us Sab1 CORRUPTED Packet: 32
LOG 4442050 us Sab1 000011101001101111000110001100011000000000000000000000000000000010000000000000000000000000000000010000000000000000000000000000000010000000000000000000000000000001100100000000000000000000000000
[Central]  RECEIVED 	From 1		Data &	Size 24	  Sequence Number 4	(4442050 us)
[Central]  SENDING 		To 1	ACK 	Size 24	  Sequence Number 4	(4442050 us)
[Local]   RECEIVED 	From 2		ACK 	Size 24	  Sequence Number 3	(4443 ms)

		RTT of packet with SN 3 : 386 ms
		BASE : 4	NEXTSN : 6

[Local]   SENDING 		To 2	Data #	Size 24	  Sequence Number 6	(4633150 us)
LOG 4634100 us Sab1 ORIGINAL Packet: 34
LOG 4634100 us Sab1 000011101001101111000110001100011000000000000000000000000000000010000000000000000000000000000000010000000000000000000000000000001010000000000000000000000000000011010100000000000000000000000000
LOG 4634100 us Sab1 CORRUPTED Packet: 34
LOG 4634100 us Sab1 000011101001101111000110001100011000000000000000000000000000000010000000000000000000000000000000010000000000000000000000000000001010000000000000000000000000000011010100000000000000000000000000
[Central]  RECEIVED 	From 1		Data +	Size 24	  Sequence Number 5	(4634100 us)
[Central]  SENDING 		To 1	ACK 	Size 24	  Sequence Number 5	(4634100 us)
[Local]   RECEIVED 	From 2		ACK 	Size 24	  Sequence Number 4	(4635050 us)

		RTT of packet with SN 4 : 386 ms
		BASE : 5	NEXTSN : 7

[Local]   SENDING 		To 2	Data "	Size 24	  Sequence Number 7	(4825200 us)
LOG 4826150 us Sab1 ORIGINAL Packet: 36
LOG 4826150 us Sab1 000011101001101111000110001100011000000000000000000000000000000010000000000000000000000000000000010000000000000000000000000000000110000000000000000000000000000011000100000000000000000000000000
LOG 4826150 us Sab1 CORRUPTED Packet: 36
LOG 4826150 us Sab1 000011101001101111000110001100011000000000000000000000000000000010000000000000000000000000000000010000000000000000000000000000000110000000000000000000000000000011000100000000000000000000000000
[Central]  RECEIVED 	From 1		Data #	Size 24	  Sequence Number 6	(4826150 us)
[Central]  SENDING 		To 1	ACK 	Size 24	  Sequence Number 6	(4826150 us)
[Local]   RECEIVED 	From 2		ACK 	Size 24	  Sequence Number 5	(4827100 us)

		RTT of packet with SN 5 : 386 ms
		BASE : 6	NEXTSN : 8

[Local]   SENDING 		To 2	Data $	Size 24	  Sequence Number 8	(5017250 us)
LOG 5018200 us Sab1 ORIGINAL Packet: 38
LOG 5018200 us Sab1 000011101001101111000110001100011000000000000000000000000000000010000000000000000000000000000000010000000000000000000000000000001110000000000000000000000000000001000100000000000000000000000000
LOG 5018200 us Sab1 CORRUPTED Packet: 38
LOG 5018200 us Sab1 000011101001101111000110001100011000000000000000000000000000000010000000000000000000000000000000010000000000000000000000000000001110000000000000000000000000000001000100000000000000000000000000

		@@@@ timeout 0@@@@
		nextSNTemp : 4, nextSN : 0

[Local]   RECEIVED 	From 2		ACK 	Size 24	  Sequence Number 6	(5019150 us)

		RTT of packet with SN 6 : 386 ms
		BASE : 7	NEXTSN : 9

LOG 5210250 us Sab1 ORIGINAL Packet: 40
LOG 5210250 us Sab1 000011101001101111000110001100011000000000000000000000000000000010000000000000000000000000000000010000000000000000000000000000000001000000000000000000000000000000100100000000000000000000000000
LOG 5210250 us Sab1 CORRUPTED Packet: 40
LOG 5210250 us Sab1 000011101001101111000110001100011000000000000000000000000000000010000000000000000000000000000000010000000000000000000000000000000001000000000000000000000000000000100100000000000000000000000000
[Central]  RECEIVED 	From 1		Data $	Size 24	  Sequence Number 8	(5210250 us)
[Central]  SENDING 		To 1	ACK 	Size 24	  Sequence Number 6	(5210250 us)

		Error - Wrong ACK --- Expected : 7, Actual : 6 -- the ACK will be discarded


		@@@@ timeout 7@@@@
		nextSNTemp : 11, nextSN : 7

[Local]   SENDING 		To 2	Data "	Size 24	  Sequence Number 7	(5425250 us)
[Local]   SENDING 		To 2	Data $	Size 24	  Sequence Number 8	(5617300 us)
LOG 5618250 us Sab1 ORIGINAL Packet: 42
LOG 5618250 us Sab1 000011101001101111000110001100011000000000000000000000000000000010000000000000000000000000000000010000000000000000000000000000001110000000000000000000000000000001000100000000000000000000000000
LOG 5618250 us Sab1 CORRUPTED Packet: 42
LOG 5618250 us Sab1 000011101001101111000110001100011000000000000000000000000000000010000000000000000000000000000000010000000000000000000000000000001110000000000000000000000000000001000100000000000000000000000000
[Central]  RECEIVED 	From 1		Data "	Size 24	  Sequence Number 7	(5618250 us)
[Central]  SENDING 		To 1	ACK 	Size 24	  Sequence Number 7	(5618250 us)
[Local]   SENDING 		To 2	Data &	Size 24	  Sequence Number 9	(5809350 us)
LOG 5810300 us Sab1 ORIGINAL Packet: 43
LOG 5810300 us Sab1 000011101001101111000110001100011000000000000000000000000000000010000000000000000000000000000000010000000000000000000000000000000001000000000000000000000000000000100100000000000000000000000000
LOG 5810300 us Sab1 CORRUPTED Packet: 43
LOG 5810300 us Sab1 000011101001101111000110001100011000000000000000000000000000000010000000000000000000000000000000010000000000000000000000000000000001000000000000000000000000000000100100000000000000000000000000
[Central]  RECEIVED 	From 1		Data $	Size 24	  Sequence Number 8	(5810300 us)
[Central]  SENDING 		To 1	ACK 	Size 24	  Sequence Number 8	(5810300 us)
[Local]   RECEIVED 	From 2		ACK 	Size 24	  Sequence Number 7	(5811250 us)

		RTT of packet with SN 7 : 386 ms
		BASE : 8	NEXTSN : 10

[Local]   SENDING 		To 2	Data '	Size 24	  Sequence Number 10	(6001400 us)
LOG 6002350 us Sab1 ORIGINAL Packet: 45
LOG 6002350 us Sab1 000011101001101111000110001100011000000000000000000000000000000010000000000000000000000000000000010000000000000000000000000000001001000000000000000000000000000001100100000000000000000000000000
LOG 6002350 us Sab1 CORRUPTED Packet: 45
LOG 6002350 us Sab1 000011101001101111000110001100011000000000000000000000000000000010000000000000000000000000000000010000000000000000000000000000001001000000000000000000000000000001100100000000000000000000000000

		@@@@ timeout 0@@@@
		nextSNTemp : 4, nextSN : 0

[Local]   RECEIVED 	From 2		ACK 	Size 24	  Sequence Number 8	(6003300 us)

		RTT of packet with SN 8 : 386 ms
		BASE : 9	NEXTSN : 11

[Local]   SENDING 		To 2	Data ,	Size 24	  Sequence Number 11	(6193450 us)
LOG 6194400 us Sab1 ORIGINAL Packet: 47
LOG 6194400 us Sab1 000011101001101111000110001100011000000000000000000000000000000010000000000000000000000000000000010000000000000000000000000000000101000000000000000000000000000011100100000000000000000000000000
LOG 6194400 us Sab1 CORRUPTED Packet: 47
LOG 6194400 us Sab1 000011101001101111000110001100011000000000000000000000000000000010000000000000000000000000000000010000000000000000000000000000000101000000000000000000000000000011100100000000000000000000000000
[Central]  RECEIVED 	From 1		Data '	Size 24	  Sequence Number 10	(6194400 us)
[Central]  SENDING 		To 1	ACK 	Size 24	  Sequence Number 8	(6194400 us)
[Local]   SENDING 		To 2	Data .	Size 24	  Sequence Number 12	(6385500 us)
LOG 6386450 us Sab1 ORIGINAL Packet: 48
LOG 6386450 us Sab1 000011101001101111000110001100011000000000000000000000000000000010000000000000000000000000000000010000000000000000000000000000001101000000000000000000000000000000110100000000000000000000000000
LOG 6386450 us Sab1 CORRUPTED Packet: 48
LOG 6386450 us Sab1 000011101001101111000110001100011000000000000000000000000000000010000000000000000000000000000000010000000000000000000000000000001101000000000000000000000000000000110100000000000000000000000000
[Central]  RECEIVED 	From 1		Data ,	Size 24	  Sequence Number 11	(6386450 us)
[Central]  SENDING 		To 1	ACK 	Size 24	  Sequence Number 8	(6386450 us)

		Error - Wrong ACK --- Expected : 9, Actual : 8 -- the ACK will be discarded


		@@@@ timeout 9@@@@
		nextSNTemp : 13, nextSN : 9

[Local]   SENDING 		To 2	Data &	Size 24	  Sequence Number 9	(6577550 us)
LOG 6578500 us Sab1 ORIGINAL Packet: 50
LOG 6578500 us Sab1 000011101001101111000110001100011000000000000000000000000000000010000000000000000000000000000000010000000000000000000000000000000011000000000000000000000000000001110100000000000000000000000000
LOG 6578500 us Sab1 CORRUPTED Packet: 50
LOG 6578500 us Sab1 000011101001101111000110001100011000000000000000000000000000000010000000000000000000000000000000010000000000000000000000000000000011000000000000000000000000000001110100000000000000000000000000

		Error - Wrong ACK --- Expected : 9, Actual : 8 -- the ACK will be discarded


		@@@@ timeout 0@@@@
		nextSNTemp : 4, nextSN : 0

[Local]   SENDING 		To 2	Data '	Size 24	  Sequence Number 10	(6769600 us)
LOG 6770550 us Sab1 ORIGINAL Packet: 52
LOG 6770550 us Sab1 000011101001101111000110001100011000000000000000000000000000000010000000000000000000000000000000010000000000000000000000000000001001000000000000000000000000000001100100000000000000000000000000
LOG 6770550 us Sab1 CORRUPTED Packet: 52
LOG 6770550 us Sab1 000011101001101111000110001100011000000000000000000000000000000010000000000000000000000000000000010000000000000000000000000000001001000000000000000000000000000001100100000000000000000000000000
[Local]   SENDING 		To 2	Data ,	Size 24	  Sequence Number 11	(6961650 us)
LOG 6962600 us Sab1 ORIGINAL Packet: 53
LOG 6962600 us Sab1 000011101001101111000110001100011000000000000000000000000000000010000000000000000000000000000000010000000000000000000000000000000101000000000000000000000000000011100100000000000000000000000000
LOG 6962600 us Sab1 CORRUPTED Packet: 53
LOG 6962600 us Sab1 000011101001101111000110001100011000000000000000000000000000000010000000000000000000000000000000010000000000000000000000000000000101000000000000000000000000000011100100000000000000000000000000
[Local]   SENDING 		To 2	Data .	Size 24	  Sequence Number 12	(7153700 us)
LOG 7154650 us Sab1 ORIGINAL Packet: 54
LOG 7154650 us Sab1 000011101001101111000110001100011000000000000000000000000000000010000000000000000000000000000000010000000000000000000000000000001101000000000000000000000000000000110100000000000000000000000000
LOG 7154650 us Sab1 CORRUPTED Packet: 54
LOG 7154650 us Sab1 000011101001101111000110001100011000000000000000000000000000000010000000000000000000000000000000010000000000000000000000000000001101000000000000000000000000000000110100000000000000000000000000
[Central]  RECEIVED 	From 1		Data ,	Size 24	  Sequence Number 11	(7154650 us)
[Central]  SENDING 		To 1	ACK 	Size 24	  Sequence Number 8	(7154650 us)

		@@@@ timeout 9@@@@
		nextSNTemp : 13, nextSN : 9

[Local]   SENDING 		To 2	Data &	Size 24	  Sequence Number 9	(7345750 us)
LOG 7346700 us Sab1 ORIGINAL Packet: 55
LOG 7346700 us Sab1 000011101001101111000110001100011000000000000000000000000000000010000000000000000000000000000000010000000000000000000000000000000011000000000000000000000000000001110100000000000000000000000000
LOG 7346700 us Sab1 CORRUPTED Packet: 55
LOG 7346700 us Sab1 000011101001101111000110001100011000000000000000000000000000000010000000000000000000000000000000010000000000000000000000000000000011000000000000000000000000000001110100000000000000000000000000
[Central]  RECEIVED 	From 1		Data .	Size 24	  Sequence Number 12	(7346700 us)
[Central]  SENDING 		To 1	ACK 	Size 24	  Sequence Number 8	(7346700 us)

		Error - Wrong ACK --- Expected : 9, Actual : 8 -- the ACK will be discarded

[Local]   SENDING 		To 2	Data '	Size 24	  Sequence Number 10	(7537800 us)
LOG 7538750 us Sab1 ORIGINAL Packet: 57
LOG 7538750 us Sab1 000011101001101111000110001100011000000000000000000000000000000010000000000000000000000000000000010000000000000000000000000000001001000000000000000000000000000001100100000000000000000000000000
LOG 7538750 us Sab1 CORRUPTED Packet: 57
LOG 7538750 us Sab1 000011101001101111000110001100011000000000000000000000000000000010000000000000000000000000000000010000000000000000000000000000001001000000000000000000000000000001100100000000000000000000000000
[Central]  RECEIVED 	From 1		Data &	Size 24	  Sequence Number 9	(7538750 us)
[Central]  SENDING 		To 1	ACK 	Size 24	  Sequence Number 9	(7538750 us)

		Error - Wrong ACK --- Expected : 9, Actual : 8 -- the ACK will be discarded

[Local]   SENDING 		To 2	Data ,	Size 24	  Sequence Number 11	(7729850 us)
LOG 7730800 us Sab1 ORIGINAL Packet: 59
LOG 7730800 us Sab1 000011101001101111000110001100011000000000000000000000000000000010000000000000000000000000000000010000000000000000000000000000000101000000000000000000000000000011100100000000000000000000000000
LOG 7730800 us Sab1 CORRUPTED Packet: 59
LOG 7730800 us Sab1 000011101001101111000110001100011000000000000000000000000000000010000000000000000000000000000000010000000000000000000000000000000101000000000000000000000000000011100100000000000000000000000000

		@@@@ timeout 0@@@@
		nextSNTemp : 4, nextSN : 0

[Local]   RECEIVED 	From 2		ACK 	Size 24	  Sequence Number 9	(7731750 us)

		RTT of packet with SN 9 : 386 ms
		BASE : 10	NEXTSN : 12

[Local]   SENDING 		To 2	Data .	Size 24	  Sequence Number 12	(7921900 us)
LOG 7922850 us Sab1 ORIGINAL Packet: 61
LOG 7922850 us Sab1 000011101001101111000110001100011000000000000000000000000000000010000000000000000000000000000000010000000000000000000000000000001101000000000000000000000000000000110100000000000000000000000000
LOG 7922850 us Sab1 CORRUPTED Packet: 61
LOG 7922850 us Sab1 000011101001101111000110001100011000000000000000000000000000000010000000000000000000000000000000010000000000000000000000000000001101000000000000000000000000000000110100000000000000000000000000
[Central]  RECEIVED 	From 1		Data ,	Size 24	  Sequence Number 11	(7922850 us)
[Central]  SENDING 		To 1	ACK 	Size 24	  Sequence Number 9	(7922850 us)

Info: /OSCI/SystemC: Simulation stopped by user.
