
Local   <-->  Central with FullDuplex channel

+----------------------------------------------------------------------------------------------+
|TASK     ACTION        FROM    TO      DATA    SIZE      SEQUENCE NUMBER       TIME STAMP     |
+----------------------------------------------------------------------------------------------+
[Local]   SENDING 		To 2	Data "	Size 24	  Sequence Number 1	(50 us)
[Local]   SENDING 		To 2	Data %	Size 24	  Sequence Number 2	(192100 us)
LOG 193050 us Sab1 ORIGINAL Packet: 0
LOG 193050 us Sab1 000011101001000111111100011001111000000000000000000000000000000010000000000000000000000000000000010000000000000000000000000000001000000000000000000000000000000001000100000000000000000000000000
LOG 193050 us Sab1 CORRUPTED Packet: 0
LOG 193050 us Sab1 000011101001000111111100011001111000000000000000000000000000000010000000000000000000000000000000010000000000000000000000000000001000000000000000000000000000000001000100000000000000000000000000
[Central]  RECEIVED 	From 1		Data "	Size 24	  Sequence Number 1	(193050 us)
[Central]  SENDING 		To 1	ACK 	Size 24	  Sequence Number 1	(193050 us)
LOG 385100 us Sab1 ORIGINAL Packet: 1
LOG 385100 us Sab1 000011101001000111111100011001111000000000000000000000000000000010000000000000000000000000000000010000000000000000000000000000000100000000000000000000000000000010100100000000000000000000000000
LOG 385100 us Sab1 CORRUPTED Packet: 1
LOG 385100 us Sab1 000011101001000111111100011001111000000000000000000000000000000010000000000000000000000000000000010000000000000000000000000000000100000000000000000000000000000010100100000000000000000000000000
[Central]  RECEIVED 	From 1		Data %	Size 24	  Sequence Number 2	(385100 us)
[Central]  SENDING 		To 1	ACK 	Size 24	  Sequence Number 2	(385100 us)
[Local]   RECEIVED 	From 2		ACK 	Size 24	  Sequence Number 1	(386050 us)

		RTT of packet with SN 1 : 386050 us
		BASE : 2	NEXTSN : 3

[Local]   RECEIVED 	From 2		ACK 	Size 24	  Sequence Number 2	(578100 us)

		RTT of packet with SN 2 : 386 ms
		BASE : 3	NEXTSN : 3


		@@@@ timeout 1@@@@
		nextSNTemp : 5, nextSN : 1


		@@@@ timeout 3@@@@
		nextSNTemp : 7, nextSN : 3

[Local]   SENDING 		To 2	Data *	Size 24	  Sequence Number 3	(600050 us)
[Local]   SENDING 		To 2	Data &	Size 24	  Sequence Number 4	(792100 us)
LOG 793050 us Sab1 ORIGINAL Packet: 4
LOG 793050 us Sab1 000011101001000111111100011001111000000000000000000000000000000010000000000000000000000000000000010000000000000000000000000000001100000000000000000000000000000001010100000000000000000000000000
LOG 793050 us Sab1 CORRUPTING bit: 44 of Packet: 4 with ERROR_BIT: 0.003
LOG 793050 us Sab1 CORRUPTED Packet: 4
LOG 793050 us Sab1 000011101001000111111100011001111000000000001000000000000000000010000000000000000000000000000000010000000000000000000000000000001100000000000000000000000000000001010100000000000000000000000000
[Central]  RECEIVED 	From 4097		Data *	Size 24	  Sequence Number 3	(793050 us)
[Central]  SENDING 		To 1	ACK 	Size 24	  Sequence Number 3	(793050 us)
[Local]   SENDING 		To 2	Data +	Size 24	  Sequence Number 5	(984150 us)
LOG 985100 us Sab1 ORIGINAL Packet: 5
LOG 985100 us Sab1 000011101001000111111100011001111000000000000000000000000000000010000000000000000000000000000000010000000000000000000000000000000010000000000000000000000000000001100100000000000000000000000000
LOG 985100 us Sab1 CORRUPTED Packet: 5
LOG 985100 us Sab1 000011101001000111111100011001111000000000000000000000000000000010000000000000000000000000000000010000000000000000000000000000000010000000000000000000000000000001100100000000000000000000000000
[Central]  RECEIVED 	From 1		Data &	Size 24	  Sequence Number 4	(985100 us)
[Central]  SENDING 		To 1	ACK 	Size 24	  Sequence Number 4	(985100 us)
[Local]   RECEIVED 	From 2		ACK 	Size 24	  Sequence Number 3	(986050 us)

		RTT of packet with SN 3 : 386 ms
		BASE : 4	NEXTSN : 6

[Local]   SENDING 		To 2	Data #	Size 24	  Sequence Number 6	(1176200 us)
LOG 1177150 us Sab1 ORIGINAL Packet: 7
LOG 1177150 us Sab1 000011101001000111111100011001111000000000000000000000000000000010000000000000000000000000000000010000000000000000000000000000001010000000000000000000000000000011010100000000000000000000000000
LOG 1177150 us Sab1 CORRUPTED Packet: 7
LOG 1177150 us Sab1 000011101001000111111100011001111000000000000000000000000000000010000000000000000000000000000000010000000000000000000000000000001010000000000000000000000000000011010100000000000000000000000000
[Central]  RECEIVED 	From 1		Data +	Size 24	  Sequence Number 5	(1177150 us)
[Central]  SENDING 		To 1	ACK 	Size 24	  Sequence Number 5	(1177150 us)
[Local]   RECEIVED 	From 2		ACK 	Size 24	  Sequence Number 4	(1178100 us)

		RTT of packet with SN 4 : 386 ms
		BASE : 5	NEXTSN : 7

[Local]   SENDING 		To 2	Data "	Size 24	  Sequence Number 7	(1368250 us)
LOG 1369200 us Sab1 ORIGINAL Packet: 9
LOG 1369200 us Sab1 000011101001000111111100011001111000000000000000000000000000000010000000000000000000000000000000010000000000000000000000000000000110000000000000000000000000000011000100000000000000000000000000
LOG 1369200 us Sab1 CORRUPTING bit: 10 of Packet: 9 with ERROR_BIT: 0.003
LOG 1369200 us Sab1 CORRUPTED Packet: 9
LOG 1369200 us Sab1 000011101011000111111100011001111000000000000000000000000000000010000000000000000000000000000000010000000000000000000000000000000110000000000000000000000000000011000100000000000000000000000000
[Central]  RECEIVED 	From 1		Data #	Size 24	  Sequence Number 6	(1369200 us)
[Central]  SENDING 		To 1	ACK 	Size 24	  Sequence Number 6	(1369200 us)
[Local]   RECEIVED 	From 2		ACK 	Size 24	  Sequence Number 5	(1370150 us)

		RTT of packet with SN 5 : 386 ms
		BASE : 6	NEXTSN : 8

[Local]   SENDING 		To 2	Data $	Size 24	  Sequence Number 8	(1560300 us)
LOG 1561250 us Sab1 ORIGINAL Packet: 11
LOG 1561250 us Sab1 000011101001000111111100011001111000000000000000000000000000000010000000000000000000000000000000010000000000000000000000000000001110000000000000000000000000000001000100000000000000000000000000
LOG 1561250 us Sab1 CORRUPTED Packet: 11
LOG 1561250 us Sab1 000011101001000111111100011001111000000000000000000000000000000010000000000000000000000000000000010000000000000000000000000000001110000000000000000000000000000001000100000000000000000000000000
[Central]  RECEIVED 	From 1		Data "	Size 24	  Sequence Number 7	(1561250 us)
[Central]  SENDING 		To 1	ACK 	Size 24	  Sequence Number 7	(1561250 us)
[Local]   RECEIVED 	From 2		ACK 	Size 24	  Sequence Number 6	(1562200 us)

		RTT of packet with SN 6 : 386 ms
		BASE : 7	NEXTSN : 9

LOG 1753300 us Sab1 ORIGINAL Packet: 13
LOG 1753300 us Sab1 000011101001000111111100011001111000000000000000000000000000000010000000000000000000000000000000010000000000000000000000000000000001000000000000000000000000000000100100000000000000000000000000
LOG 1753300 us Sab1 CORRUPTED Packet: 13
LOG 1753300 us Sab1 000011101001000111111100011001111000000000000000000000000000000010000000000000000000000000000000010000000000000000000000000000000001000000000000000000000000000000100100000000000000000000000000
[Central]  RECEIVED 	From 1		Data $	Size 24	  Sequence Number 8	(1753300 us)
[Central]  SENDING 		To 1	ACK 	Size 24	  Sequence Number 8	(1753300 us)
[Local]   RECEIVED 	From 2		ACK 	Size 24	  Sequence Number 7	(1754250 us)

		RTT of packet with SN 7 : 386 ms
		BASE : 8	NEXTSN : 9


		@@@@ timeout 1@@@@
		nextSNTemp : 5, nextSN : 1

[Local]   RECEIVED 	From 2		ACK 	Size 24	  Sequence Number 8	(1946300 us)

		RTT of packet with SN 8 : 386 ms
		BASE : 9	NEXTSN : 9


		@@@@ timeout 9@@@@
		nextSNTemp : 13, nextSN : 9

[Local]   SENDING 		To 2	Data &	Size 24	  Sequence Number 9	(1946300 us)
[Local]   SENDING 		To 2	Data '	Size 24	  Sequence Number 10	(2138350 us)
LOG 2139300 us Sab1 ORIGINAL Packet: 16
LOG 2139300 us Sab1 000011101001000111111100011001111000000000000000000000000000000010000000000000000000000000000000010000000000000000000000000000001001000000000000000000000000000001100100000000000000000000000000
LOG 2139300 us Sab1 CORRUPTING bit: 67 of Packet: 16 with ERROR_BIT: 0.003
LOG 2139300 us Sab1 CORRUPTING bit: 69 of Packet: 16 with ERROR_BIT: 0.003
LOG 2139300 us Sab1 CORRUPTED Packet: 16
LOG 2139300 us Sab1 000011101001000111111100011001111000000000000000000000000000000010010100000000000000000000000000010000000000000000000000000000001001000000000000000000000000000001100100000000000000000000000000
[Central]  RECEIVED 	From 1		Data &	Size 24	  Sequence Number 9	(2139300 us)
[Central]  SENDING 		To 41	ACK 	Size 24	  Sequence Number 9	(2139300 us)
[Local]   SENDING 		To 2	Data ,	Size 24	  Sequence Number 11	(2330400 us)
LOG 2331350 us Sab1 ORIGINAL Packet: 17
LOG 2331350 us Sab1 000011101001000111111100011001111000000000000000000000000000000010000000000000000000000000000000010000000000000000000000000000000101000000000000000000000000000011100100000000000000000000000000
LOG 2331350 us Sab1 CORRUPTED Packet: 17
LOG 2331350 us Sab1 000011101001000111111100011001111000000000000000000000000000000010000000000000000000000000000000010000000000000000000000000000000101000000000000000000000000000011100100000000000000000000000000
[Central]  RECEIVED 	From 1		Data '	Size 24	  Sequence Number 10	(2331350 us)
[Central]  SENDING 		To 1	ACK 	Size 24	  Sequence Number 10	(2331350 us)
[Local]   RECEIVED 	From 2		ACK 	Size 24	  Sequence Number 9	(2332300 us)

		RTT of packet with SN 9 : 386 ms
		BASE : 10	NEXTSN : 12

[Local]   SENDING 		To 2	Data .	Size 24	  Sequence Number 12	(2522450 us)
LOG 2523400 us Sab1 ORIGINAL Packet: 19
LOG 2523400 us Sab1 000011101001000111111100011001111000000000000000000000000000000010000000000000000000000000000000010000000000000000000000000000001101000000000000000000000000000000110100000000000000000000000000
LOG 2523400 us Sab1 CORRUPTING bit: 24 of Packet: 19 with ERROR_BIT: 0.003
LOG 2523400 us Sab1 CORRUPTED Packet: 19
LOG 2523400 us Sab1 000011101001000111111100111001111000000000000000000000000000000010000000000000000000000000000000010000000000000000000000000000001101000000000000000000000000000000110100000000000000000000000000
[Central]  RECEIVED 	From 1		Data ,	Size 24	  Sequence Number 11	(2523400 us)
[Central]  SENDING 		To 1	ACK 	Size 24	  Sequence Number 11	(2523400 us)
[Local]   RECEIVED 	From 2		ACK 	Size 24	  Sequence Number 10	(2524350 us)

		RTT of packet with SN 10 : 386 ms
		BASE : 11	NEXTSN : 13

[Local]   SENDING 		To 2	Data !	Size 24	  Sequence Number 13	(2714500 us)
LOG 2715450 us Sab1 ORIGINAL Packet: 21
LOG 2715450 us Sab1 000011101001000111111100011001111000000000000000000000000000000010000000000000000000000000000000010000000000000000000000000000000011000000000000000000000000000001110100000000000000000000000000
LOG 2715450 us Sab1 CORRUPTING bit: 104 of Packet: 21 with ERROR_BIT: 0.003
LOG 2715450 us Sab1 CORRUPTED Packet: 21
LOG 2715450 us Sab1 000011101001000111111100011001111000000000000000000000000000000010000000000000000000000000000000010000001000000000000000000000000011000000000000000000000000000001110100000000000000000000000000
[Central]  RECEIVED 	From 1		Data .	Size 24	  Sequence Number 12	(2715450 us)
[Central]  SENDING 		To 1	ACK 	Size 24	  Sequence Number 12	(2715450 us)
[Local]   RECEIVED 	From 2		ACK 	Size 24	  Sequence Number 11	(2716400 us)

		RTT of packet with SN 11 : 386 ms
		BASE : 12	NEXTSN : 14

[Local]   SENDING 		To 2	Data +	Size 24	  Sequence Number 14	(2906550 us)
LOG 2907500 us Sab1 ORIGINAL Packet: 23
LOG 2907500 us Sab1 000011101001000111111100011001111000000000000000000000000000000010000000000000000000000000000000010000000000000000000000000000001011000000000000000000000000000010000100000000000000000000000000
LOG 2907500 us Sab1 CORRUPTED Packet: 23
LOG 2907500 us Sab1 000011101001000111111100011001111000000000000000000000000000000010000000000000000000000000000000010000000000000000000000000000001011000000000000000000000000000010000100000000000000000000000000
[Central]  RECEIVED 	From 1		Data !	Size 24	  Sequence Number 13	(2907500 us)
[Central]  SENDING 		To 1	ACK 	Size 24	  Sequence Number 13	(2907500 us)
[Local]   RECEIVED 	From 2		ACK 	Size 24	  Sequence Number 12	(2908450 us)

		RTT of packet with SN 12 : 386 ms
		BASE : 13	NEXTSN : 15

LOG 3099550 us Sab1 ORIGINAL Packet: 25
LOG 3099550 us Sab1 000011101001000111111100011001111000000000000000000000000000000010000000000000000000000000000000010000000000000000000000000000000111000000000000000000000000000011010100000000000000000000000000
LOG 3099550 us Sab1 CORRUPTING bit: 73 of Packet: 25 with ERROR_BIT: 0.003
LOG 3099550 us Sab1 CORRUPTED Packet: 25
LOG 3099550 us Sab1 000011101001000111111100011001111000000000000000000000000000000010000000010000000000000000000000010000000000000000000000000000000111000000000000000000000000000011010100000000000000000000000000
[Central]  RECEIVED 	From 1		Data +	Size 24	  Sequence Number 14	(3099550 us)
[Central]  SENDING 		To 513	ACK 	Size 24	  Sequence Number 14	(3099550 us)
[Local]   RECEIVED 	From 2		ACK 	Size 24	  Sequence Number 13	(3100500 us)

		RTT of packet with SN 13 : 386 ms
		BASE : 14	NEXTSN : 15


		@@@@ timeout 1@@@@
		nextSNTemp : 5, nextSN : 1

[Central]   SENDING 		To 258	Data .	Size 24	  Sequence Number 12	(3291600 us)
[Local]   RECEIVED 	From 2		ACK 	Size 24	  Sequence Number 14	(3292550 us)

		RTT of packet with SN 14 : 386 ms
		BASE : 15	NEXTSN : 15


		@@@@ timeout 15@@@@
		nextSNTemp : 19, nextSN : 15

[Local]   SENDING 		To 2	Data )	Size 24	  Sequence Number 15	(3292550 us)
[Central]   SENDING 		To 258	Data  	Size 24	  Sequence Number 2	(3483650 us)
[Local]  RECEIVED 	From 1		Data .	Size 24	  Sequence Number 12	(3484600 us)
[Local]  SENDING 		To 2	ACK 	Size 24	  Sequence Number 0	(3484600 us)
LOG 3485550 us Sab1 ORIGINAL Packet: 29
LOG 3485550 us Sab1 000011101001000111111100011001111000000000000000000000000000000010000000000000000000000000000000010000000000000000000000000000001111000000000000000000000000000010010100000000000000000000000000
LOG 3485550 us Sab1 CORRUPTED Packet: 29
LOG 3485550 us Sab1 000011101001000111111100011001111000000000000000000000000000000010000000000000000000000000000000010000000000000000000000000000001111000000000000000000000000000010010100000000000000000000000000
[Central]  RECEIVED 	From 1		Data )	Size 24	  Sequence Number 15	(3485550 us)
[Central]  SENDING 		To 1	ACK 	Size 24	  Sequence Number 15	(3675700 us)
[Local]  RECEIVED 	From 1		Data  	Size 24	  Sequence Number 2	(3676650 us)
[Local]  SENDING 		To 2	ACK 	Size 24	  Sequence Number 0	(3676650 us)
LOG 3677600 us Sab1 ORIGINAL Packet: 31
LOG 3677600 us Sab1 100001101110000111111100011001111000000000000000000000000000000010000000000000000000000000000000010000000000000000000000000000000000000000000000000000000000000000000000000000000000000000000000
LOG 3677600 us Sab1 CORRUPTED Packet: 31
LOG 3677600 us Sab1 100001101110000111111100011001111000000000000000000000000000000010000000000000000000000000000000010000000000000000000000000000000000000000000000000000000000000000000000000000000000000000000000

		Error - Wrong ACK --- Expected : 1, Actual : 0 -- the ACK will be discarded

[Central]   SENDING 		To 258	Data  	Size 24	  Sequence Number 3	(3867750 us)
[Local]   RECEIVED 	From 2		ACK 	Size 24	  Sequence Number 15	(3868700 us)

		RTT of packet with SN 15 : 576150 us
		BASE : 16	NEXTSN : 16


		@@@@ timeout 16@@@@
		nextSNTemp : 20, nextSN : 16

[Local]   SENDING 		To 2	Data #	Size 24	  Sequence Number 16	(3868700 us)
LOG 3869650 us Sab1 ORIGINAL Packet: 33
LOG 3869650 us Sab1 100001101110000111111100011001111000000000000000000000000000000010000000000000000000000000000000010000000000000000000000000000000000000000000000000000000000000000000000000000000000000000000000
LOG 3869650 us Sab1 CORRUPTING bit: 154 of Packet: 33 with ERROR_BIT: 0.003
LOG 3869650 us Sab1 CORRUPTED Packet: 33
LOG 3869650 us Sab1 100001101110000111111100011001111000000000000000000000000000000010000000000000000000000000000000010000000000000000000000000000000000000000000000000000000010000000000000000000000000000000000000
[Central]   RECEIVED 	From 1		ACK 	Size 24	  Sequence Number 67108864	(3869650 us)

		RTT of packet with SN 67108864 : 3869650 us
		BASE : 2	NEXTSN : 4


		#### timeout 67108864#### 3869650 us
[Local]  RECEIVED 	From 1		Data  	Size 24	  Sequence Number 3	(4060750 us)
[Local]  SENDING 		To 2	ACK 	Size 24	  Sequence Number 0	(4060750 us)
LOG 4061700 us Sab1 ORIGINAL Packet: 35
LOG 4061700 us Sab1 000011101001000111111100011001111000000000000000000000000000000010000000000000000000000000000000010000000000000000000000000000000000100000000000000000000000000011000100000000000000000000000000
LOG 4061700 us Sab1 CORRUPTED Packet: 35
LOG 4061700 us Sab1 000011101001000111111100011001111000000000000000000000000000000010000000000000000000000000000000010000000000000000000000000000000000100000000000000000000000000011000100000000000000000000000000
[Central]  RECEIVED 	From 1		Data #	Size 24	  Sequence Number 16	(4061700 us)
[Central]  SENDING 		To 1	ACK 	Size 24	  Sequence Number 16	(4061700 us)
[Local]   SENDING 		To 2	Data !	Size 24	  Sequence Number 17	(4252800 us)
LOG 4253750 us Sab1 ORIGINAL Packet: 36
LOG 4253750 us Sab1 100001101110000111111100011001111000000000000000000000000000000010000000000000000000000000000000010000000000000000000000000000000000000000000000000000000000000000000000000000000000000000000000
LOG 4253750 us Sab1 CORRUPTED Packet: 36
LOG 4253750 us Sab1 100001101110000111111100011001111000000000000000000000000000000010000000000000000000000000000000010000000000000000000000000000000000000000000000000000000000000000000000000000000000000000000000

		Error - Wrong ACK --- Expected : 2, Actual : 0 -- the ACK will be discarded


		@@@@ timeout 2@@@@
		nextSNTemp : 6, nextSN : 2

[Local]   RECEIVED 	From 2		ACK 	Size 24	  Sequence Number 16	(4254700 us)

		RTT of packet with SN 16 : 386 ms
		BASE : 17	NEXTSN : 18

[Local]   SENDING 		To 2	Data &	Size 24	  Sequence Number 18	(4444850 us)
LOG 4445800 us Sab1 ORIGINAL Packet: 38
LOG 4445800 us Sab1 000011101001000111111100011001111000000000000000000000000000000010000000000000000000000000000000010000000000000000000000000000001000100000000000000000000000000010000100000000000000000000000000
LOG 4445800 us Sab1 CORRUPTING bit: 93 of Packet: 38 with ERROR_BIT: 0.003
LOG 4445800 us Sab1 CORRUPTING bit: 128 of Packet: 38 with ERROR_BIT: 0.003
LOG 4445800 us Sab1 CORRUPTED Packet: 38
LOG 4445800 us Sab1 000011101001000111111100011001111000000000000000000000000000000010000000000000000000000000000100010000000000000000000000000000000000100000000000000000000000000010000100000000000000000000000000
[Central]  RECEIVED 	From 1		Data !	Size 24	  Sequence Number 16	(4445800 us)
[Central]  SENDING 		To 536870913	ACK 	Size 24	  Sequence Number 16	(4445800 us)
[Local]   SENDING 		To 2	Data *	Size 24	  Sequence Number 19	(4636900 us)
LOG 4637850 us Sab1 ORIGINAL Packet: 39
LOG 4637850 us Sab1 000011101001000111111100011001111000000000000000000000000000000010000000000000000000000000000000010000000000000000000000000000000100100000000000000000000000000001100100000000000000000000000000
LOG 4637850 us Sab1 CORRUPTED Packet: 39
LOG 4637850 us Sab1 000011101001000111111100011001111000000000000000000000000000000010000000000000000000000000000000010000000000000000000000000000000100100000000000000000000000000001100100000000000000000000000000
[Central]  RECEIVED 	From 1		Data &	Size 24	  Sequence Number 18	(4637850 us)
[Central]  SENDING 		To 1	ACK 	Size 24	  Sequence Number 16	(4637850 us)

		Error - Wrong ACK --- Expected : 17, Actual : 16 -- the ACK will be discarded

[Local]   SENDING 		To 2	Data #	Size 24	  Sequence Number 20	(4828950 us)
LOG 4829900 us Sab1 ORIGINAL Packet: 41
LOG 4829900 us Sab1 000011101001000111111100011001111000000000000000000000000000000010000000000000000000000000000000010000000000000000000000000000001100100000000000000000000000000001010100000000000000000000000000
LOG 4829900 us Sab1 CORRUPTED Packet: 41
LOG 4829900 us Sab1 000011101001000111111100011001111000000000000000000000000000000010000000000000000000000000000000010000000000000000000000000000001100100000000000000000000000000001010100000000000000000000000000
[Central]  RECEIVED 	From 1		Data *	Size 24	  Sequence Number 19	(4829900 us)
[Central]  SENDING 		To 1	ACK 	Size 24	  Sequence Number 16	(4829900 us)

		Error - Wrong ACK --- Expected : 17, Actual : 16 -- the ACK will be discarded


		@@@@ timeout 17@@@@
		nextSNTemp : 21, nextSN : 17

[Local]   SENDING 		To 2	Data !	Size 24	  Sequence Number 17	(5021 ms)
LOG 5021950 us Sab1 ORIGINAL Packet: 43
LOG 5021950 us Sab1 000011101001000111111100011001111000000000000000000000000000000010000000000000000000000000000000010000000000000000000000000000000010100000000000000000000000000011000100000000000000000000000000
LOG 5021950 us Sab1 CORRUPTING bit: 182 of Packet: 43 with ERROR_BIT: 0.003
LOG 5021950 us Sab1 CORRUPTED Packet: 43
LOG 5021950 us Sab1 000011101001000111111100011001111000000000000000000000000000000010000000000000000000000000000000010000000000000000000000000000000010100000000000000000000000000011000100000000000000001000000000
[Central]  RECEIVED 	From 1		Data #	Size 24	  Sequence Number 20	(5021950 us)
[Central]  SENDING 		To 1	ACK 	Size 24	  Sequence Number 16	(5021950 us)

		Error - Wrong ACK --- Expected : 17, Actual : 16 -- the ACK will be discarded

[Local]   SENDING 		To 2	Data &	Size 24	  Sequence Number 18	(5213050 us)
LOG 5214 ms Sab1 ORIGINAL Packet: 45
LOG 5214 ms Sab1 000011101001000111111100011001111000000000000000000000000000000010000000000000000000000000000000010000000000000000000000000000001000100000000000000000000000000010000100000000000000000000000000
LOG 5214 ms Sab1 CORRUPTING bit: 97 of Packet: 45 with ERROR_BIT: 0.003
LOG 5214 ms Sab1 CORRUPTED Packet: 45
LOG 5214 ms Sab1 000011101001000111111100011001111000000000000000000000000000000010000000000000000000000000000000000000000000000000000000000000001000100000000000000000000000000010000100000000000000000000000000
[Central]  RECEIVED 	From 1		Data !	Size 24	  Sequence Number 17	(5214 ms)
[Central]  SENDING 		To 1	ACK 	Size 24	  Sequence Number 17	(5214 ms)

		Error - Wrong ACK --- Expected : 17, Actual : 16 -- the ACK will be discarded

[Local]   SENDING 		To 2	Data *	Size 24	  Sequence Number 19	(5405100 us)
LOG 5406050 us Sab1 ORIGINAL Packet: 47
LOG 5406050 us Sab1 000011101001000111111100011001111000000000000000000000000000000010000000000000000000000000000000010000000000000000000000000000000100100000000000000000000000000001100100000000000000000000000000
LOG 5406050 us Sab1 CORRUPTED Packet: 47
LOG 5406050 us Sab1 000011101001000111111100011001111000000000000000000000000000000010000000000000000000000000000000010000000000000000000000000000000100100000000000000000000000000001100100000000000000000000000000
[Central]  RECEIVED 	From 1		Data &	Size 24	  Sequence Number 18	(5406050 us)
[Central]  SENDING 		To 1	ACK 	Size 24	  Sequence Number 18	(5406050 us)
[Local]   RECEIVED 	From 2		ACK 	Size 24	  Sequence Number 17	(5407 ms)

		RTT of packet with SN 17 : 386 ms
		BASE : 18	NEXTSN : 20

[Local]   SENDING 		To 2	Data -	Size 24	  Sequence Number 21	(5597150 us)
LOG 5598100 us Sab1 ORIGINAL Packet: 49
LOG 5598100 us Sab1 000011101001000111111100011001111000000000000000000000000000000010000000000000000000000000000000010000000000000000000000000000001100100000000000000000000000000001010100000000000000000000000000
LOG 5598100 us Sab1 CORRUPTED Packet: 49
LOG 5598100 us Sab1 000011101001000111111100011001111000000000000000000000000000000010000000000000000000000000000000010000000000000000000000000000001100100000000000000000000000000001010100000000000000000000000000
[Central]  RECEIVED 	From 1		Data *	Size 24	  Sequence Number 19	(5598100 us)
[Central]  SENDING 		To 1	ACK 	Size 24	  Sequence Number 19	(5598100 us)
[Local]   RECEIVED 	From 2		ACK 	Size 24	  Sequence Number 18	(5599050 us)

		RTT of packet with SN 18 : 386 ms
		BASE : 19	NEXTSN : 21

[Local]   SENDING 		To 2	Data .	Size 24	  Sequence Number 22	(5789200 us)
LOG 5790150 us Sab1 ORIGINAL Packet: 51
LOG 5790150 us Sab1 000011101001000111111100011001111000000000000000000000000000000010000000000000000000000000000000010000000000000000000000000000001010100000000000000000000000000010110100000000000000000000000000
LOG 5790150 us Sab1 CORRUPTING bit: 180 of Packet: 51 with ERROR_BIT: 0.003
LOG 5790150 us Sab1 CORRUPTED Packet: 51
LOG 5790150 us Sab1 000011101001000111111100011001111000000000000000000000000000000010000000000000000000000000000000010000000000000000000000000000001010100000000000000000000000000010110100000000000000100000000000
[Central]  RECEIVED 	From 1		Data -	Size 24	  Sequence Number 21	(5790150 us)
[Central]  SENDING 		To 1	ACK 	Size 24	  Sequence Number 19	(5790150 us)
[Local]   RECEIVED 	From 2		ACK 	Size 24	  Sequence Number 19	(5791100 us)

		RTT of packet with SN 19 : 386 ms
		BASE : 20	NEXTSN : 22


		@@@@ timeout 20@@@@
		nextSNTemp : 24, nextSN : 20

[Local]   SENDING 		To 2	Data #	Size 24	  Sequence Number 20	(5981250 us)
LOG 5982200 us Sab1 ORIGINAL Packet: 53
LOG 5982200 us Sab1 000011101001000111111100011001111000000000000000000000000000000010000000000000000000000000000000010000000000000000000000000000000110100000000000000000000000000001110100000000000000000000000000
LOG 5982200 us Sab1 CORRUPTED Packet: 53
LOG 5982200 us Sab1 000011101001000111111100011001111000000000000000000000000000000010000000000000000000000000000000010000000000000000000000000000000110100000000000000000000000000001110100000000000000000000000000
[Central]  RECEIVED 	From 1		Data .	Size 24	  Sequence Number 22	(5982200 us)
[Central]  SENDING 		To 1	ACK 	Size 24	  Sequence Number 19	(5982200 us)

		Error - Wrong ACK --- Expected : 20, Actual : 19 -- the ACK will be discarded

[Local]   SENDING 		To 2	Data -	Size 24	  Sequence Number 21	(6173300 us)
LOG 6174250 us Sab1 ORIGINAL Packet: 55
LOG 6174250 us Sab1 000011101001000111111100011001111000000000000000000000000000000010000000000000000000000000000000010000000000000000000000000000000010100000000000000000000000000011000100000000000000000000000000
LOG 6174250 us Sab1 CORRUPTED Packet: 55
LOG 6174250 us Sab1 000011101001000111111100011001111000000000000000000000000000000010000000000000000000000000000000010000000000000000000000000000000010100000000000000000000000000011000100000000000000000000000000
[Central]  RECEIVED 	From 1		Data #	Size 24	  Sequence Number 20	(6174250 us)
[Central]  SENDING 		To 1	ACK 	Size 24	  Sequence Number 20	(6174250 us)

		Error - Wrong ACK --- Expected : 20, Actual : 19 -- the ACK will be discarded

[Local]   SENDING 		To 2	Data "	Size 24	  Sequence Number 23	(6365350 us)
LOG 6366300 us Sab1 ORIGINAL Packet: 57
LOG 6366300 us Sab1 000011101001000111111100011001111000000000000000000000000000000010000000000000000000000000000000010000000000000000000000000000001010100000000000000000000000000010110100000000000000000000000000
LOG 6366300 us Sab1 CORRUPTED Packet: 57
LOG 6366300 us Sab1 000011101001000111111100011001111000000000000000000000000000000010000000000000000000000000000000010000000000000000000000000000001010100000000000000000000000000010110100000000000000000000000000
[Central]  RECEIVED 	From 1		Data -	Size 24	  Sequence Number 21	(6366300 us)
[Central]  SENDING 		To 1	ACK 	Size 24	  Sequence Number 21	(6366300 us)
[Local]   RECEIVED 	From 2		ACK 	Size 24	  Sequence Number 20	(6367250 us)

		RTT of packet with SN 20 : 386 ms
		BASE : 21	NEXTSN : 23

[Local]   SENDING 		To 2	Data &	Size 24	  Sequence Number 24	(6557400 us)
LOG 6558350 us Sab1 ORIGINAL Packet: 59
LOG 6558350 us Sab1 000011101001000111111100011001111000000000000000000000000000000010000000000000000000000000000000010000000000000000000000000000001110100000000000000000000000000001000100000000000000000000000000
LOG 6558350 us Sab1 CORRUPTING bit: 48 of Packet: 59 with ERROR_BIT: 0.003
LOG 6558350 us Sab1 CORRUPTED Packet: 59
LOG 6558350 us Sab1 000011101001000111111100011001111000000000000000100000000000000010000000000000000000000000000000010000000000000000000000000000001110100000000000000000000000000001000100000000000000000000000000
[Central]  RECEIVED 	From 65537		Data "	Size 24	  Sequence Number 23	(6558350 us)
[Central]  SENDING 		To 1	ACK 	Size 24	  Sequence Number 21	(6558350 us)
[Local]   RECEIVED 	From 2		ACK 	Size 24	  Sequence Number 21	(6559300 us)

		RTT of packet with SN 21 : 386 ms
		BASE : 22	NEXTSN : 24


		@@@@ timeout 22@@@@
		nextSNTemp : 26, nextSN : 22

[Local]   SENDING 		To 2	Data .	Size 24	  Sequence Number 22	(6749450 us)
LOG 6750400 us Sab1 ORIGINAL Packet: 61
LOG 6750400 us Sab1 000011101001000111111100011001111000000000000000000000000000000010000000000000000000000000000000010000000000000000000000000000000001100000000000000000000000000001100100000000000000000000000000
LOG 6750400 us Sab1 CORRUPTING bit: 84 of Packet: 61 with ERROR_BIT: 0.003
LOG 6750400 us Sab1 CORRUPTED Packet: 61
LOG 6750400 us Sab1 000011101001000111111100011001111000000000000000000000000000000010000000000000000000100000000000010000000000000000000000000000000001100000000000000000000000000001100100000000000000000000000000
[Central]  RECEIVED 	From 1		Data &	Size 24	  Sequence Number 24	(6750400 us)
[Central]  SENDING 		To 1048577	ACK 	Size 24	  Sequence Number 21	(6750400 us)

		Error - Wrong ACK --- Expected : 22, Actual : 21 -- the ACK will be discarded

[Local]   SENDING 		To 2	Data "	Size 24	  Sequence Number 23	(6941500 us)
LOG 6942450 us Sab1 ORIGINAL Packet: 63
LOG 6942450 us Sab1 000011101001000111111100011001111000000000000000000000000000000010000000000000000000000000000000010000000000000000000000000000000110100000000000000000000000000001110100000000000000000000000000
LOG 6942450 us Sab1 CORRUPTED Packet: 63
LOG 6942450 us Sab1 000011101001000111111100011001111000000000000000000000000000000010000000000000000000000000000000010000000000000000000000000000000110100000000000000000000000000001110100000000000000000000000000
[Central]  RECEIVED 	From 1		Data .	Size 24	  Sequence Number 22	(6942450 us)
[Central]  SENDING 		To 1	ACK 	Size 24	  Sequence Number 22	(6942450 us)

		Error - Wrong ACK --- Expected : 22, Actual : 21 -- the ACK will be discarded

[Local]   SENDING 		To 2	Data !	Size 24	  Sequence Number 25	(7133550 us)
LOG 7134500 us Sab1 ORIGINAL Packet: 65
LOG 7134500 us Sab1 000011101001000111111100011001111000000000000000000000000000000010000000000000000000000000000000010000000000000000000000000000001110100000000000000000000000000001000100000000000000000000000000
LOG 7134500 us Sab1 CORRUPTING bit: 58 of Packet: 65 with ERROR_BIT: 0.003
LOG 7134500 us Sab1 CORRUPTED Packet: 65
LOG 7134500 us Sab1 000011101001000111111100011001111000000000000000000000000010000010000000000000000000000000000000010000000000000000000000000000001110100000000000000000000000000001000100000000000000000000000000
[Central]  RECEIVED 	From 67108865		Data "	Size 24	  Sequence Number 23	(7134500 us)
[Central]  SENDING 		To 1	ACK 	Size 24	  Sequence Number 23	(7134500 us)
[Local]   RECEIVED 	From 2		ACK 	Size 24	  Sequence Number 22	(7135450 us)

		RTT of packet with SN 22 : 386 ms
		BASE : 23	NEXTSN : 25

[Local]   SENDING 		To 2	Data +	Size 24	  Sequence Number 26	(7325600 us)
LOG 7326550 us Sab1 ORIGINAL Packet: 67
LOG 7326550 us Sab1 000011101001000111111100011001111000000000000000000000000000000010000000000000000000000000000000010000000000000000000000000000001001100000000000000000000000000010000100000000000000000000000000
LOG 7326550 us Sab1 CORRUPTED Packet: 67
LOG 7326550 us Sab1 000011101001000111111100011001111000000000000000000000000000000010000000000000000000000000000000010000000000000000000000000000001001100000000000000000000000000010000100000000000000000000000000
[Central]  RECEIVED 	From 1		Data !	Size 24	  Sequence Number 25	(7326550 us)
[Central]  SENDING 		To 1	ACK 	Size 24	  Sequence Number 23	(7326550 us)
[Local]   RECEIVED 	From 2		ACK 	Size 24	  Sequence Number 23	(7327500 us)

		RTT of packet with SN 23 : 386 ms
		BASE : 24	NEXTSN : 26


		@@@@ timeout 24@@@@
		nextSNTemp : 28, nextSN : 24

[Local]   SENDING 		To 2	Data &	Size 24	  Sequence Number 24	(7517650 us)
LOG 7518600 us Sab1 ORIGINAL Packet: 69
LOG 7518600 us Sab1 000011101001000111111100011001111000000000000000000000000000000010000000000000000000000000000000010000000000000000000000000000000101100000000000000000000000000011010100000000000000000000000000
LOG 7518600 us Sab1 CORRUPTING bit: 75 of Packet: 69 with ERROR_BIT: 0.003
LOG 7518600 us Sab1 CORRUPTED Packet: 69
LOG 7518600 us Sab1 000011101001000111111100011001111000000000000000000000000000000010000000000100000000000000000000010000000000000000000000000000000101100000000000000000000000000011010100000000000000000000000000
[Central]  RECEIVED 	From 1		Data +	Size 24	  Sequence Number 26	(7518600 us)
[Central]  SENDING 		To 2049	ACK 	Size 24	  Sequence Number 23	(7518600 us)

		Error - Wrong ACK --- Expected : 24, Actual : 23 -- the ACK will be discarded

[Local]   SENDING 		To 2	Data !	Size 24	  Sequence Number 25	(7709700 us)
LOG 7710650 us Sab1 ORIGINAL Packet: 71
LOG 7710650 us Sab1 000011101001000111111100011001111000000000000000000000000000000010000000000000000000000000000000010000000000000000000000000000000001100000000000000000000000000001100100000000000000000000000000
LOG 7710650 us Sab1 CORRUPTING bit: 187 of Packet: 71 with ERROR_BIT: 0.003
LOG 7710650 us Sab1 CORRUPTED Packet: 71
LOG 7710650 us Sab1 000011101001000111111100011001111000000000000000000000000000000010000000000000000000000000000000010000000000000000000000000000000001100000000000000000000000000001100100000000000000000000010000
[Central]  RECEIVED 	From 1		Data &	Size 24	  Sequence Number 24	(7710650 us)
[Central]  SENDING 		To 1	ACK 	Size 24	  Sequence Number 24	(7710650 us)

		Error - Wrong ACK --- Expected : 24, Actual : 23 -- the ACK will be discarded

[Local]   SENDING 		To 2	Data -	Size 24	  Sequence Number 27	(7901750 us)
LOG 7902700 us Sab1 ORIGINAL Packet: 73
LOG 7902700 us Sab1 000011101001000111111100011001111000000000000000000000000000000010000000000000000000000000000000010000000000000000000000000000001001100000000000000000000000000010000100000000000000000000000000
LOG 7902700 us Sab1 CORRUPTED Packet: 73
LOG 7902700 us Sab1 000011101001000111111100011001111000000000000000000000000000000010000000000000000000000000000000010000000000000000000000000000001001100000000000000000000000000010000100000000000000000000000000
[Central]  RECEIVED 	From 1		Data !	Size 24	  Sequence Number 25	(7902700 us)
[Central]  SENDING 		To 1	ACK 	Size 24	  Sequence Number 25	(7902700 us)
[Local]   RECEIVED 	From 2		ACK 	Size 24	  Sequence Number 24	(7903650 us)

		RTT of packet with SN 24 : 386 ms
		BASE : 25	NEXTSN : 27


Info: /OSCI/SystemC: Simulation stopped by user.
