
Local   <-->  Central with FullDuplex channel

+----------------------------------------------------------------------------------------------+
|TASK     ACTION        FROM    TO      DATA    SIZE      SEQUENCE NUMBER       TIME STAMP     |
+----------------------------------------------------------------------------------------------+
[Local]   SENDING 		To 2	Data "	Size 24	  Sequence Number 1	(50 us)
[Local]   SENDING 		To 2	Data %	Size 24	  Sequence Number 2	(192100 us)
LOG 193050 us Sab1 ORIGINAL Packet: 0
LOG 193050 us Sab1 000011101001011100001010010111001000000000000000000000000000000010000000000000000000000000000000010000000000000000000000000000001000000000000000000000000000000001000100000000000000000000000000
LOG 193050 us Sab1 CORRUPTED Packet: 0
LOG 193050 us Sab1 000011101001011100001010010111001000000000000000000000000000000010000000000000000000000000000000010000000000000000000000000000001000000000000000000000000000000001000100000000000000000000000000
[Central]  RECEIVED 	From 1		Data "	Size 24	  Sequence Number 1	(193050 us)
[Central]  SENDING 		To 1	ACK 	Size 24	  Sequence Number 1	(193050 us)
LOG 385100 us Sab1 ORIGINAL Packet: 1
LOG 385100 us Sab1 000011101001011100001010010111001000000000000000000000000000000010000000000000000000000000000000010000000000000000000000000000000100000000000000000000000000000010100100000000000000000000000000
LOG 385100 us Sab1 CORRUPTED Packet: 1
LOG 385100 us Sab1 000011101001011100001010010111001000000000000000000000000000000010000000000000000000000000000000010000000000000000000000000000000100000000000000000000000000000010100100000000000000000000000000
[Central]  RECEIVED 	From 1		Data %	Size 24	  Sequence Number 2	(385100 us)
[Central]  SENDING 		To 1	ACK 	Size 24	  Sequence Number 2	(425100 us)
[Local]   RECEIVED 	From 2		ACK 	Size 24	  Sequence Number 1	(426050 us)

		RTT of packet with SN 1 : 426050 us
		BASE : 2	NEXTSN : 3


		@@@@ timeout 1@@@@
		nextSNTemp : 5, nextSN : 1

[Local]   RECEIVED 	From 2		ACK 	Size 24	  Sequence Number 2	(658100 us)

		RTT of packet with SN 2 : 466 ms
		BASE : 3	NEXTSN : 3


		@@@@ timeout 3@@@@
		nextSNTemp : 7, nextSN : 3

[Local]   SENDING 		To 2	Data *	Size 24	  Sequence Number 3	(658100 us)
[Local]   SENDING 		To 2	Data &	Size 24	  Sequence Number 4	(850150 us)
LOG 851100 us Sab1 ORIGINAL Packet: 4
LOG 851100 us Sab1 000011101001011100001010010111001000000000000000000000000000000010000000000000000000000000000000010000000000000000000000000000001100000000000000000000000000000001010100000000000000000000000000
LOG 851100 us Sab1 CORRUPTED Packet: 4
LOG 851100 us Sab1 000011101001011100001010010111001000000000000000000000000000000010000000000000000000000000000000010000000000000000000000000000001100000000000000000000000000000001010100000000000000000000000000
[Central]  RECEIVED 	From 1		Data *	Size 24	  Sequence Number 3	(851100 us)
[Central]  SENDING 		To 1	ACK 	Size 24	  Sequence Number 3	(851100 us)
[Local]   SENDING 		To 2	Data +	Size 24	  Sequence Number 5	(1042200 us)
LOG 1043150 us Sab1 ORIGINAL Packet: 5
LOG 1043150 us Sab1 000011101001011100001010010111001000000000000000000000000000000010000000000000000000000000000000010000000000000000000000000000000010000000000000000000000000000001100100000000000000000000000000
LOG 1043150 us Sab1 CORRUPTED Packet: 5
LOG 1043150 us Sab1 000011101001011100001010010111001000000000000000000000000000000010000000000000000000000000000000010000000000000000000000000000000010000000000000000000000000000001100100000000000000000000000000
[Central]  RECEIVED 	From 1		Data &	Size 24	  Sequence Number 4	(1043150 us)
[Central]  SENDING 		To 1	ACK 	Size 24	  Sequence Number 4	(1083150 us)
[Local]   RECEIVED 	From 2		ACK 	Size 24	  Sequence Number 3	(1084100 us)

		RTT of packet with SN 3 : 426 ms
		BASE : 4	NEXTSN : 6

[Local]   SENDING 		To 2	Data #	Size 24	  Sequence Number 6	(1234250 us)
LOG 1235200 us Sab1 ORIGINAL Packet: 7
LOG 1235200 us Sab1 000011101001011100001010010111001000000000000000000000000000000010000000000000000000000000000000010000000000000000000000000000001010000000000000000000000000000011010100000000000000000000000000
LOG 1235200 us Sab1 CORRUPTED Packet: 7
LOG 1235200 us Sab1 000011101001011100001010010111001000000000000000000000000000000010000000000000000000000000000000010000000000000000000000000000001010000000000000000000000000000011010100000000000000000000000000
[Central]  RECEIVED 	From 1		Data +	Size 24	  Sequence Number 5	(1235200 us)
[Central]  SENDING 		To 1	ACK 	Size 24	  Sequence Number 5	(1315200 us)
[Local]   RECEIVED 	From 2		ACK 	Size 24	  Sequence Number 4	(1316150 us)

		RTT of packet with SN 4 : 466 ms
		BASE : 5	NEXTSN : 7

[Local]   SENDING 		To 2	Data "	Size 24	  Sequence Number 7	(1426300 us)
LOG 1427250 us Sab1 ORIGINAL Packet: 9
LOG 1427250 us Sab1 000011101001011100001010010111001000000000000000000000000000000010000000000000000000000000000000010000000000000000000000000000000110000000000000000000000000000011000100000000000000000000000000
LOG 1427250 us Sab1 CORRUPTED Packet: 9
LOG 1427250 us Sab1 000011101001011100001010010111001000000000000000000000000000000010000000000000000000000000000000010000000000000000000000000000000110000000000000000000000000000011000100000000000000000000000000
[Central]  RECEIVED 	From 1		Data #	Size 24	  Sequence Number 6	(1427250 us)
[Central]  SENDING 		To 1	ACK 	Size 24	  Sequence Number 6	(1547250 us)
[Local]   RECEIVED 	From 2		ACK 	Size 24	  Sequence Number 5	(1548200 us)

		RTT of packet with SN 5 : 506 ms
		BASE : 6	NEXTSN : 8

[Local]   SENDING 		To 2	Data $	Size 24	  Sequence Number 8	(1618350 us)
LOG 1619300 us Sab1 ORIGINAL Packet: 11
LOG 1619300 us Sab1 000011101001011100001010010111001000000000000000000000000000000010000000000000000000000000000000010000000000000000000000000000001110000000000000000000000000000001000100000000000000000000000000
LOG 1619300 us Sab1 CORRUPTED Packet: 11
LOG 1619300 us Sab1 000011101001011100001010010111001000000000000000000000000000000010000000000000000000000000000000010000000000000000000000000000001110000000000000000000000000000001000100000000000000000000000000
[Central]  RECEIVED 	From 1		Data "	Size 24	  Sequence Number 7	(1619300 us)
[Central]  SENDING 		To 1	ACK 	Size 24	  Sequence Number 7	(1779300 us)
[Local]   RECEIVED 	From 2		ACK 	Size 24	  Sequence Number 6	(1780250 us)

		RTT of packet with SN 6 : 546 ms
		BASE : 7	NEXTSN : 9

LOG 1811350 us Sab1 ORIGINAL Packet: 13
LOG 1811350 us Sab1 000011101001011100001010010111001000000000000000000000000000000010000000000000000000000000000000010000000000000000000000000000000001000000000000000000000000000000100100000000000000000000000000
LOG 1811350 us Sab1 CORRUPTED Packet: 13
LOG 1811350 us Sab1 000011101001011100001010010111001000000000000000000000000000000010000000000000000000000000000000010000000000000000000000000000000001000000000000000000000000000000100100000000000000000000000000
[Central]  RECEIVED 	From 1		Data $	Size 24	  Sequence Number 8	(1811350 us)
[Central]  SENDING 		To 1	ACK 	Size 24	  Sequence Number 8	(2011350 us)
[Local]   RECEIVED 	From 2		ACK 	Size 24	  Sequence Number 7	(2012300 us)

		RTT of packet with SN 7 : 586 ms
		BASE : 8	NEXTSN : 9


		@@@@ timeout 8@@@@
		nextSNTemp : 12, nextSN : 8

[Local]   SENDING 		To 2	Data $	Size 24	  Sequence Number 8	(2218400 us)

		@@@@ timeout 1@@@@
		nextSNTemp : 5, nextSN : 1

[Local]   RECEIVED 	From 2		ACK 	Size 24	  Sequence Number 8	(2244350 us)

		RTT of packet with SN 8 : 25950 us
		BASE : 9	NEXTSN : 9


		@@@@ timeout 9@@@@
		nextSNTemp : 13, nextSN : 9

[Local]   SENDING 		To 2	Data &	Size 24	  Sequence Number 9	(2410450 us)
LOG 2411400 us Sab1 ORIGINAL Packet: 16
LOG 2411400 us Sab1 000011101001011100001010010111001000000000000000000000000000000010000000000000000000000000000000010000000000000000000000000000000001000000000000000000000000000000100100000000000000000000000000
LOG 2411400 us Sab1 CORRUPTED Packet: 16
LOG 2411400 us Sab1 000011101001011100001010010111001000000000000000000000000000000010000000000000000000000000000000010000000000000000000000000000000001000000000000000000000000000000100100000000000000000000000000
[Central]  RECEIVED 	From 1		Data $	Size 24	  Sequence Number 8	(2411400 us)
[Central]  SENDING 		To 1	ACK 	Size 24	  Sequence Number 8	(2411400 us)
[Local]   SENDING 		To 2	Data '	Size 24	  Sequence Number 10	(2602500 us)
LOG 2603450 us Sab1 ORIGINAL Packet: 17
LOG 2603450 us Sab1 000011101001011100001010010111001000000000000000000000000000000010000000000000000000000000000000010000000000000000000000000000001001000000000000000000000000000001100100000000000000000000000000
LOG 2603450 us Sab1 CORRUPTED Packet: 17
LOG 2603450 us Sab1 000011101001011100001010010111001000000000000000000000000000000010000000000000000000000000000000010000000000000000000000000000001001000000000000000000000000000001100100000000000000000000000000
[Central]  RECEIVED 	From 1		Data &	Size 24	  Sequence Number 9	(2603450 us)
[Central]  SENDING 		To 1	ACK 	Size 24	  Sequence Number 9	(2643450 us)

		Error - Wrong ACK --- Expected : 9, Actual : 8 -- the ACK will be discarded

[Local]   SENDING 		To 2	Data ,	Size 24	  Sequence Number 11	(2794550 us)
LOG 2795500 us Sab1 ORIGINAL Packet: 19
LOG 2795500 us Sab1 000011101001011100001010010111001000000000000000000000000000000010000000000000000000000000000000010000000000000000000000000000000101000000000000000000000000000011100100000000000000000000000000
LOG 2795500 us Sab1 CORRUPTED Packet: 19
LOG 2795500 us Sab1 000011101001011100001010010111001000000000000000000000000000000010000000000000000000000000000000010000000000000000000000000000000101000000000000000000000000000011100100000000000000000000000000
[Central]  RECEIVED 	From 1		Data '	Size 24	  Sequence Number 10	(2795500 us)
[Central]  SENDING 		To 1	ACK 	Size 24	  Sequence Number 10	(2875500 us)
[Local]   RECEIVED 	From 2		ACK 	Size 24	  Sequence Number 9	(2876450 us)

		RTT of packet with SN 9 : 466 ms
		BASE : 10	NEXTSN : 12

[Local]   SENDING 		To 2	Data .	Size 24	  Sequence Number 12	(2986600 us)
LOG 2987550 us Sab1 ORIGINAL Packet: 21
LOG 2987550 us Sab1 000011101001011100001010010111001000000000000000000000000000000010000000000000000000000000000000010000000000000000000000000000001101000000000000000000000000000000110100000000000000000000000000
LOG 2987550 us Sab1 CORRUPTED Packet: 21
LOG 2987550 us Sab1 000011101001011100001010010111001000000000000000000000000000000010000000000000000000000000000000010000000000000000000000000000001101000000000000000000000000000000110100000000000000000000000000
[Central]  RECEIVED 	From 1		Data ,	Size 24	  Sequence Number 11	(2987550 us)
[Central]  SENDING 		To 1	ACK 	Size 24	  Sequence Number 11	(3107550 us)
[Local]   RECEIVED 	From 2		ACK 	Size 24	  Sequence Number 10	(3108500 us)

		RTT of packet with SN 10 : 506 ms
		BASE : 11	NEXTSN : 13

[Local]   SENDING 		To 2	Data !	Size 24	  Sequence Number 13	(3178650 us)
LOG 3179600 us Sab1 ORIGINAL Packet: 23
LOG 3179600 us Sab1 000011101001011100001010010111001000000000000000000000000000000010000000000000000000000000000000010000000000000000000000000000000011000000000000000000000000000001110100000000000000000000000000
LOG 3179600 us Sab1 CORRUPTED Packet: 23
LOG 3179600 us Sab1 000011101001011100001010010111001000000000000000000000000000000010000000000000000000000000000000010000000000000000000000000000000011000000000000000000000000000001110100000000000000000000000000
[Central]  RECEIVED 	From 1		Data .	Size 24	  Sequence Number 12	(3179600 us)
[Central]  SENDING 		To 1	ACK 	Size 24	  Sequence Number 12	(3339600 us)
[Local]   RECEIVED 	From 2		ACK 	Size 24	  Sequence Number 11	(3340550 us)

		RTT of packet with SN 11 : 546 ms
		BASE : 12	NEXTSN : 14

[Local]   SENDING 		To 2	Data +	Size 24	  Sequence Number 14	(3370700 us)
LOG 3371650 us Sab1 ORIGINAL Packet: 25
LOG 3371650 us Sab1 000011101001011100001010010111001000000000000000000000000000000010000000000000000000000000000000010000000000000000000000000000001011000000000000000000000000000010000100000000000000000000000000
LOG 3371650 us Sab1 CORRUPTED Packet: 25
LOG 3371650 us Sab1 000011101001011100001010010111001000000000000000000000000000000010000000000000000000000000000000010000000000000000000000000000001011000000000000000000000000000010000100000000000000000000000000
[Central]  RECEIVED 	From 1		Data !	Size 24	  Sequence Number 13	(3371650 us)
LOG 3563700 us Sab1 ORIGINAL Packet: 27
LOG 3563700 us Sab1 000011101001011100001010010111001000000000000000000000000000000010000000000000000000000000000000010000000000000000000000000000000111000000000000000000000000000011010100000000000000000000000000
LOG 3563700 us Sab1 CORRUPTED Packet: 27
LOG 3563700 us Sab1 000011101001011100001010010111001000000000000000000000000000000010000000000000000000000000000000010000000000000000000000000000000111000000000000000000000000000011010100000000000000000000000000
[Central]  RECEIVED 	From 1		Data +	Size 24	  Sequence Number 14	(3563700 us)
[Central]  SENDING 		To 1	ACK 	Size 24	  Sequence Number 13	(3571650 us)
[Local]   RECEIVED 	From 2		ACK 	Size 24	  Sequence Number 12	(3572600 us)

		RTT of packet with SN 12 : 586 ms
		BASE : 13	NEXTSN : 15


		@@@@ timeout 13@@@@
		nextSNTemp : 17, nextSN : 13

[Local]   SENDING 		To 2	Data !	Size 24	  Sequence Number 13	(3778700 us)
[Central]  SENDING 		To 1	ACK 	Size 24	  Sequence Number 14	(3803700 us)
[Local]   RECEIVED 	From 2		ACK 	Size 24	  Sequence Number 13	(3804650 us)

		RTT of packet with SN 13 : 25950 us
		BASE : 14	NEXTSN : 14


		@@@@ timeout 14@@@@
		nextSNTemp : 18, nextSN : 14

[Local]   SENDING 		To 2	Data +	Size 24	  Sequence Number 14	(3970750 us)
LOG 3971700 us Sab1 ORIGINAL Packet: 29
LOG 3971700 us Sab1 000011101001011100001010010111001000000000000000000000000000000010000000000000000000000000000000010000000000000000000000000000001011000000000000000000000000000010000100000000000000000000000000
LOG 3971700 us Sab1 CORRUPTED Packet: 29
LOG 3971700 us Sab1 000011101001011100001010010111001000000000000000000000000000000010000000000000000000000000000000010000000000000000000000000000001011000000000000000000000000000010000100000000000000000000000000
[Central]  RECEIVED 	From 1		Data !	Size 24	  Sequence Number 13	(3971700 us)
[Central]  SENDING 		To 1	ACK 	Size 24	  Sequence Number 14	(4035750 us)
[Local]   RECEIVED 	From 2		ACK 	Size 24	  Sequence Number 14	(4036700 us)

		RTT of packet with SN 14 : 65950 us
		BASE : 15	NEXTSN : 15


		@@@@ timeout 15@@@@
		nextSNTemp : 19, nextSN : 15

[Local]   SENDING 		To 2	Data )	Size 24	  Sequence Number 15	(4162800 us)
LOG 4163750 us Sab1 ORIGINAL Packet: 31
LOG 4163750 us Sab1 000011101001011100001010010111001000000000000000000000000000000010000000000000000000000000000000010000000000000000000000000000000111000000000000000000000000000011010100000000000000000000000000
LOG 4163750 us Sab1 CORRUPTED Packet: 31
LOG 4163750 us Sab1 000011101001011100001010010111001000000000000000000000000000000010000000000000000000000000000000010000000000000000000000000000000111000000000000000000000000000011010100000000000000000000000000
[Central]  RECEIVED 	From 1		Data +	Size 24	  Sequence Number 14	(4163750 us)
[Central]  SENDING 		To 1	ACK 	Size 24	  Sequence Number 14	(4267800 us)

		Error - Wrong ACK --- Expected : 15, Actual : 14 -- the ACK will be discarded

[Local]   SENDING 		To 2	Data #	Size 24	  Sequence Number 16	(4354850 us)
LOG 4355800 us Sab1 ORIGINAL Packet: 33
LOG 4355800 us Sab1 000011101001011100001010010111001000000000000000000000000000000010000000000000000000000000000000010000000000000000000000000000001111000000000000000000000000000010010100000000000000000000000000
LOG 4355800 us Sab1 CORRUPTED Packet: 33
LOG 4355800 us Sab1 000011101001011100001010010111001000000000000000000000000000000010000000000000000000000000000000010000000000000000000000000000001111000000000000000000000000000010010100000000000000000000000000
[Central]  RECEIVED 	From 1		Data )	Size 24	  Sequence Number 15	(4355800 us)
[Central]  SENDING 		To 1	ACK 	Size 24	  Sequence Number 15	(4499850 us)

		Error - Wrong ACK --- Expected : 15, Actual : 14 -- the ACK will be discarded

[Local]   SENDING 		To 2	Data #	Size 24	  Sequence Number 17	(4546900 us)
LOG 4547850 us Sab1 ORIGINAL Packet: 35
LOG 4547850 us Sab1 000011101001011100001010010111001000000000000000000000000000000010000000000000000000000000000000010000000000000000000000000000000000100000000000000000000000000011000100000000000000000000000000
LOG 4547850 us Sab1 CORRUPTED Packet: 35
LOG 4547850 us Sab1 000011101001011100001010010111001000000000000000000000000000000010000000000000000000000000000000010000000000000000000000000000000000100000000000000000000000000011000100000000000000000000000000
[Central]  RECEIVED 	From 1		Data #	Size 24	  Sequence Number 16	(4547850 us)
[Central]  SENDING 		To 1	ACK 	Size 24	  Sequence Number 16	(4731900 us)
[Local]   RECEIVED 	From 2		ACK 	Size 24	  Sequence Number 15	(4732850 us)

		RTT of packet with SN 15 : 570050 us
		BASE : 16	NEXTSN : 18

[Local]   SENDING 		To 2	Data $	Size 24	  Sequence Number 18	(4738950 us)
LOG 4739900 us Sab1 ORIGINAL Packet: 37
LOG 4739900 us Sab1 000011101001011100001010010111001000000000000000000000000000000010000000000000000000000000000000010000000000000000000000000000001000100000000000000000000000000011000100000000000000000000000000
LOG 4739900 us Sab1 CORRUPTED Packet: 37
LOG 4739900 us Sab1 000011101001011100001010010111001000000000000000000000000000000010000000000000000000000000000000010000000000000000000000000000001000100000000000000000000000000011000100000000000000000000000000
[Central]  RECEIVED 	From 1		Data #	Size 24	  Sequence Number 17	(4739900 us)
[Local]   SENDING 		To 2	Data &	Size 24	  Sequence Number 19	(4931 ms)
LOG 4931950 us Sab1 ORIGINAL Packet: 39
LOG 4931950 us Sab1 000011101001011100001010010111001000000000000000000000000000000010000000000000000000000000000000010000000000000000000000000000000100100000000000000000000000000000100100000000000000000000000000
LOG 4931950 us Sab1 CORRUPTED Packet: 39
LOG 4931950 us Sab1 000011101001011100001010010111001000000000000000000000000000000010000000000000000000000000000000010000000000000000000000000000000100100000000000000000000000000000100100000000000000000000000000
[Central]  RECEIVED 	From 1		Data $	Size 24	  Sequence Number 18	(4931950 us)
[Central]  SENDING 		To 1	ACK 	Size 24	  Sequence Number 17	(4963950 us)
[Local]   RECEIVED 	From 2		ACK 	Size 24	  Sequence Number 16	(4964900 us)

		RTT of packet with SN 16 : 610050 us
		BASE : 17	NEXTSN : 20


		#### timeout 16#### 4964900 us
[Local]   SENDING 		To 2	Data *	Size 24	  Sequence Number 20	(5123050 us)
LOG 5124 ms Sab1 ORIGINAL Packet: 40
LOG 5124 ms Sab1 000011101001011100001010010111001000000000000000000000000000000010000000000000000000000000000000010000000000000000000000000000001100100000000000000000000000000001100100000000000000000000000000
LOG 5124 ms Sab1 CORRUPTED Packet: 40
LOG 5124 ms Sab1 000011101001011100001010010111001000000000000000000000000000000010000000000000000000000000000000010000000000000000000000000000001100100000000000000000000000000001100100000000000000000000000000
[Central]  RECEIVED 	From 1		Data &	Size 24	  Sequence Number 19	(5124 ms)
[Central]  SENDING 		To 1	ACK 	Size 24	  Sequence Number 18	(5196 ms)
[Local]   RECEIVED 	From 2		ACK 	Size 24	  Sequence Number 17	(5196950 us)

		RTT of packet with SN 17 : 650050 us
		BASE : 18	NEXTSN : 21


		#### timeout 17#### 5196950 us
LOG 5316050 us Sab1 ORIGINAL Packet: 42
LOG 5316050 us Sab1 000011101001011100001010010111001000000000000000000000000000000010000000000000000000000000000000010000000000000000000000000000000010100000000000000000000000000001010100000000000000000000000000
LOG 5316050 us Sab1 CORRUPTED Packet: 42
LOG 5316050 us Sab1 000011101001011100001010010111001000000000000000000000000000000010000000000000000000000000000000010000000000000000000000000000000010100000000000000000000000000001010100000000000000000000000000
[Central]  RECEIVED 	From 1		Data *	Size 24	  Sequence Number 20	(5316050 us)

		@@@@ timeout 18@@@@
		nextSNTemp : 22, nextSN : 18

[Local]   SENDING 		To 2	Data $	Size 24	  Sequence Number 18	(5339 ms)
[Central]  SENDING 		To 1	ACK 	Size 24	  Sequence Number 19	(5428050 us)
[Local]   RECEIVED 	From 2		ACK 	Size 24	  Sequence Number 18	(5429 ms)

		RTT of packet with SN 18 : 90 ms
		BASE : 19	NEXTSN : 19


		@@@@ timeout 19@@@@
		nextSNTemp : 23, nextSN : 19

[Local]   SENDING 		To 2	Data &	Size 24	  Sequence Number 19	(5531050 us)
LOG 5532 ms Sab1 ORIGINAL Packet: 44
LOG 5532 ms Sab1 000011101001011100001010010111001000000000000000000000000000000010000000000000000000000000000000010000000000000000000000000000000100100000000000000000000000000000100100000000000000000000000000
LOG 5532 ms Sab1 CORRUPTED Packet: 44
LOG 5532 ms Sab1 000011101001011100001010010111001000000000000000000000000000000010000000000000000000000000000000010000000000000000000000000000000100100000000000000000000000000000100100000000000000000000000000
[Central]  RECEIVED 	From 1		Data $	Size 24	  Sequence Number 18	(5532 ms)
[Central]  SENDING 		To 1	ACK 	Size 24	  Sequence Number 20	(5660100 us)
[Local]   RECEIVED 	From 2		ACK 	Size 24	  Sequence Number 19	(5661050 us)

		RTT of packet with SN 19 : 130 ms
		BASE : 20	NEXTSN : 20


		@@@@ timeout 20@@@@
		nextSNTemp : 24, nextSN : 20

[Local]   SENDING 		To 2	Data *	Size 24	  Sequence Number 20	(5723100 us)
LOG 5724050 us Sab1 ORIGINAL Packet: 46
LOG 5724050 us Sab1 000011101001011100001010010111001000000000000000000000000000000010000000000000000000000000000000010000000000000000000000000000001100100000000000000000000000000001100100000000000000000000000000
LOG 5724050 us Sab1 CORRUPTED Packet: 46
LOG 5724050 us Sab1 000011101001011100001010010111001000000000000000000000000000000010000000000000000000000000000000010000000000000000000000000000001100100000000000000000000000000001100100000000000000000000000000
[Central]  RECEIVED 	From 1		Data &	Size 24	  Sequence Number 19	(5724050 us)
[Central]  SENDING 		To 1	ACK 	Size 24	  Sequence Number 20	(5892150 us)
[Local]   RECEIVED 	From 2		ACK 	Size 24	  Sequence Number 20	(5893100 us)

		RTT of packet with SN 20 : 170 ms
		BASE : 21	NEXTSN : 21


		@@@@ timeout 21@@@@
		nextSNTemp : 25, nextSN : 21

[Local]   SENDING 		To 2	Data #	Size 24	  Sequence Number 21	(5915150 us)
LOG 5916100 us Sab1 ORIGINAL Packet: 48
LOG 5916100 us Sab1 000011101001011100001010010111001000000000000000000000000000000010000000000000000000000000000000010000000000000000000000000000000010100000000000000000000000000001010100000000000000000000000000
LOG 5916100 us Sab1 CORRUPTED Packet: 48
LOG 5916100 us Sab1 000011101001011100001010010111001000000000000000000000000000000010000000000000000000000000000000010000000000000000000000000000000010100000000000000000000000000001010100000000000000000000000000
[Central]  RECEIVED 	From 1		Data *	Size 24	  Sequence Number 20	(5916100 us)
[Local]   SENDING 		To 2	Data -	Size 24	  Sequence Number 22	(6107200 us)
LOG 6108150 us Sab1 ORIGINAL Packet: 50
LOG 6108150 us Sab1 000011101001011100001010010111001000000000000000000000000000000010000000000000000000000000000000010000000000000000000000000000001010100000000000000000000000000011000100000000000000000000000000
LOG 6108150 us Sab1 CORRUPTED Packet: 50
LOG 6108150 us Sab1 000011101001011100001010010111001000000000000000000000000000000010000000000000000000000000000000010000000000000000000000000000001010100000000000000000000000000011000100000000000000000000000000
[Central]  RECEIVED 	From 1		Data #	Size 24	  Sequence Number 21	(6108150 us)
[Central]  SENDING 		To 1	ACK 	Size 24	  Sequence Number 20	(6124200 us)

		Error - Wrong ACK --- Expected : 21, Actual : 20 -- the ACK will be discarded

[Local]   SENDING 		To 2	Data .	Size 24	  Sequence Number 23	(6299250 us)
LOG 6300200 us Sab1 ORIGINAL Packet: 51
LOG 6300200 us Sab1 000011101001011100001010010111001000000000000000000000000000000010000000000000000000000000000000010000000000000000000000000000000110100000000000000000000000000010110100000000000000000000000000
LOG 6300200 us Sab1 CORRUPTED Packet: 51
LOG 6300200 us Sab1 000011101001011100001010010111001000000000000000000000000000000010000000000000000000000000000000010000000000000000000000000000000110100000000000000000000000000010110100000000000000000000000000
[Central]  RECEIVED 	From 1		Data -	Size 24	  Sequence Number 22	(6300200 us)
[Central]  SENDING 		To 1	ACK 	Size 24	  Sequence Number 20	(6356250 us)

		Error - Wrong ACK --- Expected : 21, Actual : 20 -- the ACK will be discarded

[Local]   SENDING 		To 2	Data "	Size 24	  Sequence Number 24	(6491300 us)
LOG 6492250 us Sab1 ORIGINAL Packet: 53
LOG 6492250 us Sab1 000011101001011100001010010111001000000000000000000000000000000010000000000000000000000000000000010000000000000000000000000000001110100000000000000000000000000001110100000000000000000000000000
LOG 6492250 us Sab1 CORRUPTED Packet: 53
LOG 6492250 us Sab1 000011101001011100001010010111001000000000000000000000000000000010000000000000000000000000000000010000000000000000000000000000001110100000000000000000000000000001110100000000000000000000000000
[Central]  RECEIVED 	From 1		Data .	Size 24	  Sequence Number 23	(6492250 us)
[Central]  SENDING 		To 1	ACK 	Size 24	  Sequence Number 21	(6588300 us)

		Error - Wrong ACK --- Expected : 21, Actual : 20 -- the ACK will be discarded


		@@@@ timeout 21@@@@
		nextSNTemp : 25, nextSN : 21

[Local]   SENDING 		To 2	Data  	Size 24	  Sequence Number 21	(6683350 us)
LOG 6684300 us Sab1 ORIGINAL Packet: 55
LOG 6684300 us Sab1 000011101001011100001010010111001000000000000000000000000000000010000000000000000000000000000000010000000000000000000000000000000001100000000000000000000000000001000100000000000000000000000000
LOG 6684300 us Sab1 CORRUPTED Packet: 55
LOG 6684300 us Sab1 000011101001011100001010010111001000000000000000000000000000000010000000000000000000000000000000010000000000000000000000000000000001100000000000000000000000000001000100000000000000000000000000
[Central]  RECEIVED 	From 1		Data "	Size 24	  Sequence Number 24	(6684300 us)
[Central]  SENDING 		To 1	ACK 	Size 24	  Sequence Number 22	(6820350 us)
[Local]   RECEIVED 	From 2		ACK 	Size 24	  Sequence Number 21	(6821300 us)

		RTT of packet with SN 21 : 137950 us
		BASE : 22	NEXTSN : 22


		@@@@ timeout 22@@@@
		nextSNTemp : 26, nextSN : 22

[Local]   SENDING 		To 2	Data -	Size 24	  Sequence Number 22	(6875400 us)
LOG 6876350 us Sab1 ORIGINAL Packet: 57
LOG 6876350 us Sab1 000011101001011100001010010111001000000000000000000000000000000010000000000000000000000000000000010000000000000000000000000000001010100000000000000000000000000000000000000000000000000000000000
LOG 6876350 us Sab1 CORRUPTED Packet: 57
LOG 6876350 us Sab1 000011101001011100001010010111001000000000000000000000000000000010000000000000000000000000000000010000000000000000000000000000001010100000000000000000000000000000000000000000000000000000000000
[Central]  RECEIVED 	From 1		Data  	Size 24	  Sequence Number 21	(6876350 us)
[Central]  SENDING 		To 1	ACK 	Size 24	  Sequence Number 23	(7052400 us)
[Local]   RECEIVED 	From 2		ACK 	Size 24	  Sequence Number 22	(7053350 us)

		RTT of packet with SN 22 : 177950 us
		BASE : 23	NEXTSN : 23


		@@@@ timeout 23@@@@
		nextSNTemp : 27, nextSN : 23

[Local]   SENDING 		To 2	Data .	Size 24	  Sequence Number 23	(7067450 us)
LOG 7068400 us Sab1 ORIGINAL Packet: 59
LOG 7068400 us Sab1 000011101001011100001010010111001000000000000000000000000000000010000000000000000000000000000000010000000000000000000000000000000110100000000000000000000000000010110100000000000000000000000000
LOG 7068400 us Sab1 CORRUPTED Packet: 59
LOG 7068400 us Sab1 000011101001011100001010010111001000000000000000000000000000000010000000000000000000000000000000010000000000000000000000000000000110100000000000000000000000000010110100000000000000000000000000
[Central]  RECEIVED 	From 1		Data -	Size 24	  Sequence Number 22	(7068400 us)
[Local]   SENDING 		To 2	Data "	Size 24	  Sequence Number 24	(7259500 us)
LOG 7260450 us Sab1 ORIGINAL Packet: 61
LOG 7260450 us Sab1 000011101001011100001010010111001000000000000000000000000000000010000000000000000000000000000000010000000000000000000000000000001110100000000000000000000000000001110100000000000000000000000000
LOG 7260450 us Sab1 CORRUPTED Packet: 61
LOG 7260450 us Sab1 000011101001011100001010010111001000000000000000000000000000000010000000000000000000000000000000010000000000000000000000000000001110100000000000000000000000000001110100000000000000000000000000
[Central]  RECEIVED 	From 1		Data .	Size 24	  Sequence Number 23	(7260450 us)
[Central]  SENDING 		To 1	ACK 	Size 24	  Sequence Number 24	(7284450 us)
[Local]   RECEIVED 	From 2		ACK 	Size 24	  Sequence Number 23	(7285400 us)

		RTT of packet with SN 23 : 217950 us
		BASE : 24	NEXTSN : 25

[Local]   SENDING 		To 2	Data &	Size 24	  Sequence Number 25	(7451550 us)
LOG 7452500 us Sab1 ORIGINAL Packet: 62
LOG 7452500 us Sab1 000011101001011100001010010111001000000000000000000000000000000010000000000000000000000000000000010000000000000000000000000000000001100000000000000000000000000001000100000000000000000000000000
LOG 7452500 us Sab1 CORRUPTED Packet: 62
LOG 7452500 us Sab1 000011101001011100001010010111001000000000000000000000000000000010000000000000000000000000000000010000000000000000000000000000000001100000000000000000000000000001000100000000000000000000000000
[Central]  RECEIVED 	From 1		Data "	Size 24	  Sequence Number 24	(7452500 us)
[Central]  SENDING 		To 1	ACK 	Size 24	  Sequence Number 24	(7516500 us)
[Local]   RECEIVED 	From 2		ACK 	Size 24	  Sequence Number 24	(7517450 us)

		RTT of packet with SN 24 : 257950 us
		BASE : 25	NEXTSN : 26

[Local]   SENDING 		To 2	Data !	Size 24	  Sequence Number 26	(7643600 us)
LOG 7644550 us Sab1 ORIGINAL Packet: 64
LOG 7644550 us Sab1 000011101001011100001010010111001000000000000000000000000000000010000000000000000000000000000000010000000000000000000000000000001001100000000000000000000000000001100100000000000000000000000000
LOG 7644550 us Sab1 CORRUPTED Packet: 64
LOG 7644550 us Sab1 000011101001011100001010010111001000000000000000000000000000000010000000000000000000000000000000010000000000000000000000000000001001100000000000000000000000000001100100000000000000000000000000
[Central]  RECEIVED 	From 1		Data &	Size 24	  Sequence Number 25	(7644550 us)
[Central]  SENDING 		To 1	ACK 	Size 24	  Sequence Number 24	(7748550 us)

		Error - Wrong ACK --- Expected : 25, Actual : 24 -- the ACK will be discarded

[Local]   SENDING 		To 2	Data +	Size 24	  Sequence Number 27	(7835650 us)
LOG 7836600 us Sab1 ORIGINAL Packet: 66
LOG 7836600 us Sab1 000011101001011100001010010111001000000000000000000000000000000010000000000000000000000000000000010000000000000000000000000000000101100000000000000000000000000010000100000000000000000000000000
LOG 7836600 us Sab1 CORRUPTED Packet: 66
LOG 7836600 us Sab1 000011101001011100001010010111001000000000000000000000000000000010000000000000000000000000000000010000000000000000000000000000000101100000000000000000000000000010000100000000000000000000000000
[Central]  RECEIVED 	From 1		Data !	Size 24	  Sequence Number 26	(7836600 us)
[Central]  SENDING 		To 1	ACK 	Size 24	  Sequence Number 24	(7980600 us)

		Error - Wrong ACK --- Expected : 25, Actual : 24 -- the ACK will be discarded


Info: /OSCI/SystemC: Simulation stopped by user.
