
Local   <-->  Central with FullDuplex channel

+----------------------------------------------------------------------------------------------+
|TASK     ACTION        FROM    TO      DATA    SIZE      SEQUENCE NUMBER       TIME STAMP     |
+----------------------------------------------------------------------------------------------+
[Local]   SENDING 		To 2	Data "	Size 24	  Sequence Number 1	(50 us)
[Local]   SENDING 		To 2	Data %	Size 24	  Sequence Number 2	(192100 us)
LOG 243050 us Sab1 ORIGINAL Packet: 0
LOG 243050 us Sab1 000011101001101111110111111011001000000000000000000000000000000010000000000000000000000000000000010000000000000000000000000000001000000000000000000000000000000001000100000000000000000000000000
LOG 243050 us Sab1 CORRUPTED Packet: 0
LOG 243050 us Sab1 000011101001101111110111111011001000000000000000000000000000000010000000000000000000000000000000010000000000000000000000000000001000000000000000000000000000000001000100000000000000000000000000
[Central]  RECEIVED 	From 1		Data "	Size 24	  Sequence Number 1	(243050 us)
[Central]  SENDING 		To 1	ACK 	Size 24	  Sequence Number 1	(243050 us)
LOG 435100 us Sab1 ORIGINAL Packet: 1
LOG 435100 us Sab1 000011101001101111110111111011001000000000000000000000000000000010000000000000000000000000000000010000000000000000000000000000000100000000000000000000000000000010100100000000000000000000000000
LOG 435100 us Sab1 CORRUPTED Packet: 1
LOG 435100 us Sab1 000011101001101111110111111011001000000000000000000000000000000010000000000000000000000000000000010000000000000000000000000000000100000000000000000000000000000010100100000000000000000000000000
[Central]  RECEIVED 	From 1		Data %	Size 24	  Sequence Number 2	(435100 us)
[Central]  SENDING 		To 1	ACK 	Size 24	  Sequence Number 2	(435100 us)
[Local]   RECEIVED 	From 2		ACK 	Size 24	  Sequence Number 1	(436050 us)

		RTT of packet with SN 1 : 436050 us
		BASE : 2	NEXTSN : 3


		@@@@ timeout 1@@@@
		nextSNTemp : 5, nextSN : 1

[Local]   RECEIVED 	From 2		ACK 	Size 24	  Sequence Number 2	(628100 us)

		RTT of packet with SN 2 : 436 ms
		BASE : 3	NEXTSN : 3


		@@@@ timeout 3@@@@
		nextSNTemp : 7, nextSN : 3

[Local]   SENDING 		To 2	Data *	Size 24	  Sequence Number 3	(628100 us)
[Local]   SENDING 		To 2	Data &	Size 24	  Sequence Number 4	(820150 us)
LOG 871100 us Sab1 ORIGINAL Packet: 4
LOG 871100 us Sab1 000011101001101111110111111011001000000000000000000000000000000010000000000000000000000000000000010000000000000000000000000000001100000000000000000000000000000001010100000000000000000000000000
LOG 871100 us Sab1 CORRUPTED Packet: 4
LOG 871100 us Sab1 000011101001101111110111111011001000000000000000000000000000000010000000000000000000000000000000010000000000000000000000000000001100000000000000000000000000000001010100000000000000000000000000
[Central]  RECEIVED 	From 1		Data *	Size 24	  Sequence Number 3	(871100 us)
[Central]  SENDING 		To 1	ACK 	Size 24	  Sequence Number 3	(871100 us)
[Local]   SENDING 		To 2	Data "	Size 24	  Sequence Number 5	(1012200 us)
LOG 1063150 us Sab1 ORIGINAL Packet: 5
LOG 1063150 us Sab1 000011101001101111110111111011001000000000000000000000000000000010000000000000000000000000000000010000000000000000000000000000000010000000000000000000000000000001100100000000000000000000000000
LOG 1063150 us Sab1 CORRUPTED Packet: 5
LOG 1063150 us Sab1 000011101001101111110111111011001000000000000000000000000000000010000000000000000000000000000000010000000000000000000000000000000010000000000000000000000000000001100100000000000000000000000000
[Central]  RECEIVED 	From 1		Data &	Size 24	  Sequence Number 4	(1063150 us)
[Central]  SENDING 		To 1	ACK 	Size 24	  Sequence Number 4	(1063150 us)
[Local]   RECEIVED 	From 2		ACK 	Size 24	  Sequence Number 3	(1064100 us)

		RTT of packet with SN 3 : 436 ms
		BASE : 4	NEXTSN : 6

[Local]   SENDING 		To 2	Data #	Size 24	  Sequence Number 6	(1204250 us)
LOG 1255200 us Sab1 ORIGINAL Packet: 7
LOG 1255200 us Sab1 000011101001101111110111111011001000000000000000000000000000000010000000000000000000000000000000010000000000000000000000000000001010000000000000000000000000000001000100000000000000000000000000
LOG 1255200 us Sab1 CORRUPTED Packet: 7
LOG 1255200 us Sab1 000011101001101111110111111011001000000000000000000000000000000010000000000000000000000000000000010000000000000000000000000000001010000000000000000000000000000001000100000000000000000000000000
[Central]  RECEIVED 	From 1		Data "	Size 24	  Sequence Number 5	(1255200 us)
[Central]  SENDING 		To 1	ACK 	Size 24	  Sequence Number 5	(1255200 us)
[Local]   RECEIVED 	From 2		ACK 	Size 24	  Sequence Number 4	(1256150 us)

		RTT of packet with SN 4 : 436 ms
		BASE : 5	NEXTSN : 7

[Local]   SENDING 		To 2	Data "	Size 24	  Sequence Number 7	(1396300 us)
LOG 1447250 us Sab1 ORIGINAL Packet: 9
LOG 1447250 us Sab1 000011101001101111110111111011001000000000000000000000000000000010000000000000000000000000000000010000000000000000000000000000000110000000000000000000000000000011000100000000000000000000000000
LOG 1447250 us Sab1 CORRUPTED Packet: 9
LOG 1447250 us Sab1 000011101001101111110111111011001000000000000000000000000000000010000000000000000000000000000000010000000000000000000000000000000110000000000000000000000000000011000100000000000000000000000000
[Central]  RECEIVED 	From 1		Data #	Size 24	  Sequence Number 6	(1447250 us)
[Central]  SENDING 		To 1	ACK 	Size 24	  Sequence Number 6	(1447250 us)
[Local]   RECEIVED 	From 2		ACK 	Size 24	  Sequence Number 5	(1448200 us)

		RTT of packet with SN 5 : 436 ms
		BASE : 6	NEXTSN : 8

[Local]   SENDING 		To 2	Data $	Size 24	  Sequence Number 8	(1588350 us)
LOG 1639300 us Sab1 ORIGINAL Packet: 11
LOG 1639300 us Sab1 000011101001101111110111111011001000000000000000000000000000000010000000000000000000000000000000010000000000000000000000000000001110000000000000000000000000000001000100000000000000000000000000
LOG 1639300 us Sab1 CORRUPTED Packet: 11
LOG 1639300 us Sab1 000011101001101111110111111011001000000000000000000000000000000010000000000000000000000000000000010000000000000000000000000000001110000000000000000000000000000001000100000000000000000000000000
[Central]  RECEIVED 	From 1		Data "	Size 24	  Sequence Number 7	(1639300 us)
[Central]  SENDING 		To 1	ACK 	Size 24	  Sequence Number 7	(1639300 us)
[Local]   RECEIVED 	From 2		ACK 	Size 24	  Sequence Number 6	(1640250 us)

		RTT of packet with SN 6 : 436 ms
		BASE : 7	NEXTSN : 9

LOG 1831350 us Sab1 ORIGINAL Packet: 13
LOG 1831350 us Sab1 000011101001101111110111111011001000000000000000000000000000000010000000000000000000000000000000010000000000000000000000000000000001000000000000000000000000000000100100000000000000000000000000
LOG 1831350 us Sab1 CORRUPTED Packet: 13
LOG 1831350 us Sab1 000011101001101111110111111011001000000000000000000000000000000010000000000000000000000000000000010000000000000000000000000000000001000000000000000000000000000000100100000000000000000000000000
[Central]  RECEIVED 	From 1		Data $	Size 24	  Sequence Number 8	(1831350 us)
[Central]  SENDING 		To 1	ACK 	Size 24	  Sequence Number 8	(1831350 us)
[Local]   RECEIVED 	From 2		ACK 	Size 24	  Sequence Number 7	(1832300 us)

		RTT of packet with SN 7 : 436 ms
		BASE : 8	NEXTSN : 9


		@@@@ timeout 1@@@@
		nextSNTemp : 5, nextSN : 1

[Local]   RECEIVED 	From 2		ACK 	Size 24	  Sequence Number 8	(2024350 us)

		RTT of packet with SN 8 : 436 ms
		BASE : 9	NEXTSN : 9


		@@@@ timeout 9@@@@
		nextSNTemp : 13, nextSN : 9

[Local]   SENDING 		To 2	Data #	Size 24	  Sequence Number 9	(2024350 us)
[Local]   SENDING 		To 2	Data '	Size 24	  Sequence Number 10	(2216400 us)
LOG 2267350 us Sab1 ORIGINAL Packet: 16
LOG 2267350 us Sab1 000011101001101111110111111011001000000000000000000000000000000010000000000000000000000000000000010000000000000000000000000000001001000000000000000000000000000011000100000000000000000000000000
LOG 2267350 us Sab1 CORRUPTED Packet: 16
LOG 2267350 us Sab1 000011101001101111110111111011001000000000000000000000000000000010000000000000000000000000000000010000000000000000000000000000001001000000000000000000000000000011000100000000000000000000000000
[Central]  RECEIVED 	From 1		Data #	Size 24	  Sequence Number 9	(2267350 us)
[Central]  SENDING 		To 1	ACK 	Size 24	  Sequence Number 9	(2267350 us)
[Local]   SENDING 		To 2	Data ,	Size 24	  Sequence Number 11	(2408450 us)
LOG 2459400 us Sab1 ORIGINAL Packet: 17
LOG 2459400 us Sab1 000011101001101111110111111011001000000000000000000000000000000010000000000000000000000000000000010000000000000000000000000000000101000000000000000000000000000011100100000000000000000000000000
LOG 2459400 us Sab1 CORRUPTED Packet: 17
LOG 2459400 us Sab1 000011101001101111110111111011001000000000000000000000000000000010000000000000000000000000000000010000000000000000000000000000000101000000000000000000000000000011100100000000000000000000000000
[Central]  RECEIVED 	From 1		Data '	Size 24	  Sequence Number 10	(2459400 us)
[Central]  SENDING 		To 1	ACK 	Size 24	  Sequence Number 10	(2459400 us)
[Local]   RECEIVED 	From 2		ACK 	Size 24	  Sequence Number 9	(2460350 us)

		RTT of packet with SN 9 : 436 ms
		BASE : 10	NEXTSN : 12

[Local]   SENDING 		To 2	Data .	Size 24	  Sequence Number 12	(2600500 us)
LOG 2651450 us Sab1 ORIGINAL Packet: 19
LOG 2651450 us Sab1 000011101001101111110111111011001000000000000000000000000000000010000000000000000000000000000000010000000000000000000000000000001101000000000000000000000000000000110100000000000000000000000000
LOG 2651450 us Sab1 CORRUPTED Packet: 19
LOG 2651450 us Sab1 000011101001101111110111111011001000000000000000000000000000000010000000000000000000000000000000010000000000000000000000000000001101000000000000000000000000000000110100000000000000000000000000
[Central]  RECEIVED 	From 1		Data ,	Size 24	  Sequence Number 11	(2651450 us)
[Central]  SENDING 		To 1	ACK 	Size 24	  Sequence Number 11	(2651450 us)
[Local]   RECEIVED 	From 2		ACK 	Size 24	  Sequence Number 10	(2652400 us)

		RTT of packet with SN 10 : 436 ms
		BASE : 11	NEXTSN : 13

[Local]   SENDING 		To 2	Data !	Size 24	  Sequence Number 13	(2792550 us)
LOG 2843500 us Sab1 ORIGINAL Packet: 21
LOG 2843500 us Sab1 000011101001101111110111111011001000000000000000000000000000000010000000000000000000000000000000010000000000000000000000000000000011000000000000000000000000000001110100000000000000000000000000
LOG 2843500 us Sab1 CORRUPTED Packet: 21
LOG 2843500 us Sab1 000011101001101111110111111011001000000000000000000000000000000010000000000000000000000000000000010000000000000000000000000000000011000000000000000000000000000001110100000000000000000000000000
[Central]  RECEIVED 	From 1		Data .	Size 24	  Sequence Number 12	(2843500 us)
[Central]  SENDING 		To 1	ACK 	Size 24	  Sequence Number 12	(2843500 us)
[Local]   RECEIVED 	From 2		ACK 	Size 24	  Sequence Number 11	(2844450 us)

		RTT of packet with SN 11 : 436 ms
		BASE : 12	NEXTSN : 14

[Local]   SENDING 		To 2	Data +	Size 24	  Sequence Number 14	(2984600 us)
LOG 3035550 us Sab1 ORIGINAL Packet: 23
LOG 3035550 us Sab1 000011101001101111110111111011001000000000000000000000000000000010000000000000000000000000000000010000000000000000000000000000001011000000000000000000000000000010000100000000000000000000000000
LOG 3035550 us Sab1 CORRUPTED Packet: 23
LOG 3035550 us Sab1 000011101001101111110111111011001000000000000000000000000000000010000000000000000000000000000000010000000000000000000000000000001011000000000000000000000000000010000100000000000000000000000000
[Central]  RECEIVED 	From 1		Data !	Size 24	  Sequence Number 13	(3035550 us)
[Central]  SENDING 		To 1	ACK 	Size 24	  Sequence Number 13	(3035550 us)
[Local]   RECEIVED 	From 2		ACK 	Size 24	  Sequence Number 12	(3036500 us)

		RTT of packet with SN 12 : 436 ms
		BASE : 13	NEXTSN : 15

LOG 3227600 us Sab1 ORIGINAL Packet: 25
LOG 3227600 us Sab1 000011101001101111110111111011001000000000000000000000000000000010000000000000000000000000000000010000000000000000000000000000000111000000000000000000000000000011010100000000000000000000000000
LOG 3227600 us Sab1 CORRUPTED Packet: 25
LOG 3227600 us Sab1 000011101001101111110111111011001000000000000000000000000000000010000000000000000000000000000000010000000000000000000000000000000111000000000000000000000000000011010100000000000000000000000000
[Central]  RECEIVED 	From 1		Data +	Size 24	  Sequence Number 14	(3227600 us)
[Central]  SENDING 		To 1	ACK 	Size 24	  Sequence Number 14	(3227600 us)
[Local]   RECEIVED 	From 2		ACK 	Size 24	  Sequence Number 13	(3228550 us)

		RTT of packet with SN 13 : 436 ms
		BASE : 14	NEXTSN : 15


		@@@@ timeout 1@@@@
		nextSNTemp : 5, nextSN : 1

[Local]   RECEIVED 	From 2		ACK 	Size 24	  Sequence Number 14	(3420600 us)

		RTT of packet with SN 14 : 436 ms
		BASE : 15	NEXTSN : 15


		@@@@ timeout 15@@@@
		nextSNTemp : 19, nextSN : 15

[Local]   SENDING 		To 2	Data )	Size 24	  Sequence Number 15	(3420600 us)
[Local]   SENDING 		To 2	Data #	Size 24	  Sequence Number 16	(3612650 us)
LOG 3663600 us Sab1 ORIGINAL Packet: 28
LOG 3663600 us Sab1 000011101001101111110111111011001000000000000000000000000000000010000000000000000000000000000000010000000000000000000000000000001111000000000000000000000000000010010100000000000000000000000000
LOG 3663600 us Sab1 CORRUPTED Packet: 28
LOG 3663600 us Sab1 000011101001101111110111111011001000000000000000000000000000000010000000000000000000000000000000010000000000000000000000000000001111000000000000000000000000000010010100000000000000000000000000
[Central]  RECEIVED 	From 1		Data )	Size 24	  Sequence Number 15	(3663600 us)
[Central]  SENDING 		To 1	ACK 	Size 24	  Sequence Number 15	(3663600 us)
[Local]   SENDING 		To 2	Data #	Size 24	  Sequence Number 17	(3804700 us)
LOG 3855650 us Sab1 ORIGINAL Packet: 29
LOG 3855650 us Sab1 000011101001101111110111111011001000000000000000000000000000000010000000000000000000000000000000010000000000000000000000000000000000100000000000000000000000000011000100000000000000000000000000
LOG 3855650 us Sab1 CORRUPTED Packet: 29
LOG 3855650 us Sab1 000011101001101111110111111011001000000000000000000000000000000010000000000000000000000000000000010000000000000000000000000000000000100000000000000000000000000011000100000000000000000000000000
[Central]  RECEIVED 	From 1		Data #	Size 24	  Sequence Number 16	(3855650 us)
[Central]  SENDING 		To 1	ACK 	Size 24	  Sequence Number 16	(3855650 us)
[Local]   RECEIVED 	From 2		ACK 	Size 24	  Sequence Number 15	(3856600 us)

		RTT of packet with SN 15 : 436 ms
		BASE : 16	NEXTSN : 18

[Local]   SENDING 		To 2	Data $	Size 24	  Sequence Number 18	(3996750 us)
LOG 4047700 us Sab1 ORIGINAL Packet: 31
LOG 4047700 us Sab1 000011101001101111110111111011001000000000000000000000000000000010000000000000000000000000000000010000000000000000000000000000001000100000000000000000000000000011000100000000000000000000000000
LOG 4047700 us Sab1 CORRUPTED Packet: 31
LOG 4047700 us Sab1 000011101001101111110111111011001000000000000000000000000000000010000000000000000000000000000000010000000000000000000000000000001000100000000000000000000000000011000100000000000000000000000000
[Central]  RECEIVED 	From 1		Data #	Size 24	  Sequence Number 17	(4047700 us)
[Central]  SENDING 		To 1	ACK 	Size 24	  Sequence Number 17	(4047700 us)
[Local]   RECEIVED 	From 2		ACK 	Size 24	  Sequence Number 16	(4048650 us)

		RTT of packet with SN 16 : 436 ms
		BASE : 17	NEXTSN : 19

[Local]   SENDING 		To 2	Data &	Size 24	  Sequence Number 19	(4188800 us)
LOG 4239750 us Sab1 ORIGINAL Packet: 33
LOG 4239750 us Sab1 000011101001101111110111111011001000000000000000000000000000000010000000000000000000000000000000010000000000000000000000000000000100100000000000000000000000000000100100000000000000000000000000
LOG 4239750 us Sab1 CORRUPTED Packet: 33
LOG 4239750 us Sab1 000011101001101111110111111011001000000000000000000000000000000010000000000000000000000000000000010000000000000000000000000000000100100000000000000000000000000000100100000000000000000000000000
[Central]  RECEIVED 	From 1		Data $	Size 24	  Sequence Number 18	(4239750 us)
[Central]  SENDING 		To 1	ACK 	Size 24	  Sequence Number 18	(4239750 us)
[Local]   RECEIVED 	From 2		ACK 	Size 24	  Sequence Number 17	(4240700 us)

		RTT of packet with SN 17 : 436 ms
		BASE : 18	NEXTSN : 20

[Local]   SENDING 		To 2	Data *	Size 24	  Sequence Number 20	(4380850 us)
LOG 4431800 us Sab1 ORIGINAL Packet: 35
LOG 4431800 us Sab1 000011101001101111110111111011001000000000000000000000000000000010000000000000000000000000000000010000000000000000000000000000001100100000000000000000000000000001100100000000000000000000000000
LOG 4431800 us Sab1 CORRUPTED Packet: 35
LOG 4431800 us Sab1 000011101001101111110111111011001000000000000000000000000000000010000000000000000000000000000000010000000000000000000000000000001100100000000000000000000000000001100100000000000000000000000000
[Central]  RECEIVED 	From 1		Data &	Size 24	  Sequence Number 19	(4431800 us)
[Central]  SENDING 		To 1	ACK 	Size 24	  Sequence Number 19	(4431800 us)
[Local]   RECEIVED 	From 2		ACK 	Size 24	  Sequence Number 18	(4432750 us)

		RTT of packet with SN 18 : 436 ms
		BASE : 19	NEXTSN : 21

LOG 4623850 us Sab1 ORIGINAL Packet: 37
LOG 4623850 us Sab1 000011101001101111110111111011001000000000000000000000000000000010000000000000000000000000000000010000000000000000000000000000000010100000000000000000000000000001010100000000000000000000000000
LOG 4623850 us Sab1 CORRUPTED Packet: 37
LOG 4623850 us Sab1 000011101001101111110111111011001000000000000000000000000000000010000000000000000000000000000000010000000000000000000000000000000010100000000000000000000000000001010100000000000000000000000000
[Central]  RECEIVED 	From 1		Data *	Size 24	  Sequence Number 20	(4623850 us)
[Central]  SENDING 		To 1	ACK 	Size 24	  Sequence Number 20	(4623850 us)
[Local]   RECEIVED 	From 2		ACK 	Size 24	  Sequence Number 19	(4624800 us)

		RTT of packet with SN 19 : 436 ms
		BASE : 20	NEXTSN : 21


		@@@@ timeout 1@@@@
		nextSNTemp : 5, nextSN : 1

[Local]   RECEIVED 	From 2		ACK 	Size 24	  Sequence Number 20	(4816850 us)

		RTT of packet with SN 20 : 436 ms
		BASE : 21	NEXTSN : 21


		@@@@ timeout 21@@@@
		nextSNTemp : 25, nextSN : 21

[Local]   SENDING 		To 2	Data #	Size 24	  Sequence Number 21	(4816850 us)
[Local]   SENDING 		To 2	Data -	Size 24	  Sequence Number 22	(5008900 us)
LOG 5059850 us Sab1 ORIGINAL Packet: 40
LOG 5059850 us Sab1 000011101001101111110111111011001000000000000000000000000000000010000000000000000000000000000000010000000000000000000000000000001010100000000000000000000000000011000100000000000000000000000000
LOG 5059850 us Sab1 CORRUPTED Packet: 40
LOG 5059850 us Sab1 000011101001101111110111111011001000000000000000000000000000000010000000000000000000000000000000010000000000000000000000000000001010100000000000000000000000000011000100000000000000000000000000
[Central]  RECEIVED 	From 1		Data #	Size 24	  Sequence Number 21	(5059850 us)
[Central]  SENDING 		To 1	ACK 	Size 24	  Sequence Number 21	(5059850 us)
[Local]   SENDING 		To 2	Data .	Size 24	  Sequence Number 23	(5200950 us)
LOG 5251900 us Sab1 ORIGINAL Packet: 41
LOG 5251900 us Sab1 000011101001101111110111111011001000000000000000000000000000000010000000000000000000000000000000010000000000000000000000000000000110100000000000000000000000000010110100000000000000000000000000
LOG 5251900 us Sab1 CORRUPTED Packet: 41
LOG 5251900 us Sab1 000011101001101111110111111011001000000000000000000000000000000010000000000000000000000000000000010000000000000000000000000000000110100000000000000000000000000010110100000000000000000000000000
[Central]  RECEIVED 	From 1		Data -	Size 24	  Sequence Number 22	(5251900 us)
[Central]  SENDING 		To 1	ACK 	Size 24	  Sequence Number 22	(5251900 us)
[Local]   RECEIVED 	From 2		ACK 	Size 24	  Sequence Number 21	(5252850 us)

		RTT of packet with SN 21 : 436 ms
		BASE : 22	NEXTSN : 24

[Local]   SENDING 		To 2	Data "	Size 24	  Sequence Number 24	(5393 ms)
LOG 5443950 us Sab1 ORIGINAL Packet: 43
LOG 5443950 us Sab1 000011101001101111110111111011001000000000000000000000000000000010000000000000000000000000000000010000000000000000000000000000001110100000000000000000000000000001110100000000000000000000000000
LOG 5443950 us Sab1 CORRUPTED Packet: 43
LOG 5443950 us Sab1 000011101001101111110111111011001000000000000000000000000000000010000000000000000000000000000000010000000000000000000000000000001110100000000000000000000000000001110100000000000000000000000000
[Central]  RECEIVED 	From 1		Data .	Size 24	  Sequence Number 23	(5443950 us)
[Central]  SENDING 		To 1	ACK 	Size 24	  Sequence Number 23	(5443950 us)
[Local]   RECEIVED 	From 2		ACK 	Size 24	  Sequence Number 22	(5444900 us)

		RTT of packet with SN 22 : 436 ms
		BASE : 23	NEXTSN : 25

[Local]   SENDING 		To 2	Data &	Size 24	  Sequence Number 25	(5585050 us)
LOG 5636 ms Sab1 ORIGINAL Packet: 45
LOG 5636 ms Sab1 000011101001101111110111111011001000000000000000000000000000000010000000000000000000000000000000010000000000000000000000000000000001100000000000000000000000000001000100000000000000000000000000
LOG 5636 ms Sab1 CORRUPTED Packet: 45
LOG 5636 ms Sab1 000011101001101111110111111011001000000000000000000000000000000010000000000000000000000000000000010000000000000000000000000000000001100000000000000000000000000001000100000000000000000000000000
[Central]  RECEIVED 	From 1		Data "	Size 24	  Sequence Number 24	(5636 ms)
[Central]  SENDING 		To 1	ACK 	Size 24	  Sequence Number 24	(5636 ms)
[Local]   RECEIVED 	From 2		ACK 	Size 24	  Sequence Number 23	(5636950 us)

		RTT of packet with SN 23 : 436 ms
		BASE : 24	NEXTSN : 26

[Local]   SENDING 		To 2	Data &	Size 24	  Sequence Number 26	(5777100 us)
LOG 5828050 us Sab1 ORIGINAL Packet: 47
LOG 5828050 us Sab1 000011101001101111110111111011001000000000000000000000000000000010000000000000000000000000000000010000000000000000000000000000001001100000000000000000000000000001100100000000000000000000000000
LOG 5828050 us Sab1 CORRUPTED Packet: 47
LOG 5828050 us Sab1 000011101001101111110111111011001000000000000000000000000000000010000000000000000000000000000000010000000000000000000000000000001001100000000000000000000000000001100100000000000000000000000000
[Central]  RECEIVED 	From 1		Data &	Size 24	  Sequence Number 25	(5828050 us)
[Central]  SENDING 		To 1	ACK 	Size 24	  Sequence Number 25	(5828050 us)
[Local]   RECEIVED 	From 2		ACK 	Size 24	  Sequence Number 24	(5829 ms)

		RTT of packet with SN 24 : 436 ms
		BASE : 25	NEXTSN : 27

LOG 6020100 us Sab1 ORIGINAL Packet: 49
LOG 6020100 us Sab1 000011101001101111110111111011001000000000000000000000000000000010000000000000000000000000000000010000000000000000000000000000000101100000000000000000000000000001100100000000000000000000000000
LOG 6020100 us Sab1 CORRUPTED Packet: 49
LOG 6020100 us Sab1 000011101001101111110111111011001000000000000000000000000000000010000000000000000000000000000000010000000000000000000000000000000101100000000000000000000000000001100100000000000000000000000000
[Central]  RECEIVED 	From 1		Data &	Size 24	  Sequence Number 26	(6020100 us)
[Central]  SENDING 		To 1	ACK 	Size 24	  Sequence Number 26	(6020100 us)
[Local]   RECEIVED 	From 2		ACK 	Size 24	  Sequence Number 25	(6021050 us)

		RTT of packet with SN 25 : 436 ms
		BASE : 26	NEXTSN : 27


		@@@@ timeout 1@@@@
		nextSNTemp : 5, nextSN : 1

[Local]   RECEIVED 	From 2		ACK 	Size 24	  Sequence Number 26	(6213100 us)

		RTT of packet with SN 26 : 436 ms
		BASE : 27	NEXTSN : 27


		@@@@ timeout 27@@@@
		nextSNTemp : 31, nextSN : 27

[Local]   SENDING 		To 2	Data +	Size 24	  Sequence Number 27	(6213100 us)
[Local]   SENDING 		To 2	Data -	Size 24	  Sequence Number 28	(6405150 us)
LOG 6456100 us Sab1 ORIGINAL Packet: 52
LOG 6456100 us Sab1 000011101001101111110111111011001000000000000000000000000000000010000000000000000000000000000000010000000000000000000000000000001101100000000000000000000000000011010100000000000000000000000000
LOG 6456100 us Sab1 CORRUPTED Packet: 52
LOG 6456100 us Sab1 000011101001101111110111111011001000000000000000000000000000000010000000000000000000000000000000010000000000000000000000000000001101100000000000000000000000000011010100000000000000000000000000
[Central]  RECEIVED 	From 1		Data +	Size 24	  Sequence Number 27	(6456100 us)
[Central]  SENDING 		To 1	ACK 	Size 24	  Sequence Number 27	(6456100 us)
[Local]   SENDING 		To 2	Data $	Size 24	  Sequence Number 29	(6597200 us)
LOG 6648150 us Sab1 ORIGINAL Packet: 53
LOG 6648150 us Sab1 000011101001101111110111111011001000000000000000000000000000000010000000000000000000000000000000010000000000000000000000000000000011100000000000000000000000000010110100000000000000000000000000
LOG 6648150 us Sab1 CORRUPTED Packet: 53
LOG 6648150 us Sab1 000011101001101111110111111011001000000000000000000000000000000010000000000000000000000000000000010000000000000000000000000000000011100000000000000000000000000010110100000000000000000000000000
[Central]  RECEIVED 	From 1		Data -	Size 24	  Sequence Number 28	(6648150 us)
[Central]  SENDING 		To 1	ACK 	Size 24	  Sequence Number 28	(6648150 us)
[Local]   RECEIVED 	From 2		ACK 	Size 24	  Sequence Number 27	(6649100 us)

		RTT of packet with SN 27 : 436 ms
		BASE : 28	NEXTSN : 30

[Local]   SENDING 		To 2	Data "	Size 24	  Sequence Number 30	(6789250 us)
LOG 6840200 us Sab1 ORIGINAL Packet: 55
LOG 6840200 us Sab1 000011101001101111110111111011001000000000000000000000000000000010000000000000000000000000000000010000000000000000000000000000001011100000000000000000000000000000100100000000000000000000000000
LOG 6840200 us Sab1 CORRUPTED Packet: 55
LOG 6840200 us Sab1 000011101001101111110111111011001000000000000000000000000000000010000000000000000000000000000000010000000000000000000000000000001011100000000000000000000000000000100100000000000000000000000000
[Central]  RECEIVED 	From 1		Data $	Size 24	  Sequence Number 29	(6840200 us)
[Central]  SENDING 		To 1	ACK 	Size 24	  Sequence Number 29	(6840200 us)
[Local]   RECEIVED 	From 2		ACK 	Size 24	  Sequence Number 28	(6841150 us)

		RTT of packet with SN 28 : 436 ms
		BASE : 29	NEXTSN : 31

[Local]   SENDING 		To 2	Data !	Size 24	  Sequence Number 31	(6981300 us)
LOG 7032250 us Sab1 ORIGINAL Packet: 57
LOG 7032250 us Sab1 000011101001101111110111111011001000000000000000000000000000000010000000000000000000000000000000010000000000000000000000000000000111100000000000000000000000000001000100000000000000000000000000
LOG 7032250 us Sab1 CORRUPTED Packet: 57
LOG 7032250 us Sab1 000011101001101111110111111011001000000000000000000000000000000010000000000000000000000000000000010000000000000000000000000000000111100000000000000000000000000001000100000000000000000000000000
[Central]  RECEIVED 	From 1		Data "	Size 24	  Sequence Number 30	(7032250 us)
[Central]  SENDING 		To 1	ACK 	Size 24	  Sequence Number 30	(7032250 us)
[Local]   RECEIVED 	From 2		ACK 	Size 24	  Sequence Number 29	(7033200 us)

		RTT of packet with SN 29 : 436 ms
		BASE : 30	NEXTSN : 32

[Local]   SENDING 		To 2	Data *	Size 24	  Sequence Number 32	(7173350 us)
LOG 7224300 us Sab1 ORIGINAL Packet: 59
LOG 7224300 us Sab1 000011101001101111110111111011001000000000000000000000000000000010000000000000000000000000000000010000000000000000000000000000001111100000000000000000000000000010000100000000000000000000000000
LOG 7224300 us Sab1 CORRUPTED Packet: 59
LOG 7224300 us Sab1 000011101001101111110111111011001000000000000000000000000000000010000000000000000000000000000000010000000000000000000000000000001111100000000000000000000000000010000100000000000000000000000000
[Central]  RECEIVED 	From 1		Data !	Size 24	  Sequence Number 31	(7224300 us)
[Central]  SENDING 		To 1	ACK 	Size 24	  Sequence Number 31	(7224300 us)
[Local]   RECEIVED 	From 2		ACK 	Size 24	  Sequence Number 30	(7225250 us)

		RTT of packet with SN 30 : 436 ms
		BASE : 31	NEXTSN : 33

LOG 7416350 us Sab1 ORIGINAL Packet: 61
LOG 7416350 us Sab1 000011101001101111110111111011001000000000000000000000000000000010000000000000000000000000000000010000000000000000000000000000000000010000000000000000000000000001010100000000000000000000000000
LOG 7416350 us Sab1 CORRUPTED Packet: 61
LOG 7416350 us Sab1 000011101001101111110111111011001000000000000000000000000000000010000000000000000000000000000000010000000000000000000000000000000000010000000000000000000000000001010100000000000000000000000000
[Central]  RECEIVED 	From 1		Data *	Size 24	  Sequence Number 32	(7416350 us)
[Central]  SENDING 		To 1	ACK 	Size 24	  Sequence Number 32	(7416350 us)
[Local]   RECEIVED 	From 2		ACK 	Size 24	  Sequence Number 31	(7417300 us)

		RTT of packet with SN 31 : 436 ms
		BASE : 32	NEXTSN : 33


		@@@@ timeout 1@@@@
		nextSNTemp : 5, nextSN : 1

[Local]   RECEIVED 	From 2		ACK 	Size 24	  Sequence Number 32	(7609350 us)

		RTT of packet with SN 32 : 436 ms
		BASE : 33	NEXTSN : 33


		@@@@ timeout 33@@@@
		nextSNTemp : 37, nextSN : 33

[Local]   SENDING 		To 2	Data #	Size 24	  Sequence Number 33	(7609350 us)
[Local]   SENDING 		To 2	Data ,	Size 24	  Sequence Number 34	(7801400 us)
LOG 7852350 us Sab1 ORIGINAL Packet: 64
LOG 7852350 us Sab1 000011101001101111110111111011001000000000000000000000000000000010000000000000000000000000000000010000000000000000000000000000001000010000000000000000000000000011000100000000000000000000000000
LOG 7852350 us Sab1 CORRUPTED Packet: 64
LOG 7852350 us Sab1 000011101001101111110111111011001000000000000000000000000000000010000000000000000000000000000000010000000000000000000000000000001000010000000000000000000000000011000100000000000000000000000000
[Central]  RECEIVED 	From 1		Data #	Size 24	  Sequence Number 33	(7852350 us)
[Central]  SENDING 		To 1	ACK 	Size 24	  Sequence Number 33	(7852350 us)
[Local]   SENDING 		To 2	Data &	Size 24	  Sequence Number 35	(7993450 us)

Info: /OSCI/SystemC: Simulation stopped by user.
