
Local   <-->  Central with FullDuplex channel

+----------------------------------------------------------------------------------------------+
|TASK     ACTION        FROM    TO      DATA    SIZE      SEQUENCE NUMBER       TIME STAMP     |
+----------------------------------------------------------------------------------------------+
[Local]   SENDING 		To 2	Data "	Size 24	  Sequence Number 1	(50 us)
[Local]   SENDING 		To 2	Data %	Size 24	  Sequence Number 2	(192100 us)
LOG 193050 us Sab1 ORIGINAL Packet: 0
LOG 193050 us Sab1 000011101001010100101000111000011000000000000000000000000000000010000000000000000000000000000000010000000000000000000000000000001000000000000000000000000000000001000100000000000000000000000000
LOG 193050 us Sab1 CORRUPTED Packet: 0
LOG 193050 us Sab1 000011101001010100101000111000011000000000000000000000000000000010000000000000000000000000000000010000000000000000000000000000001000000000000000000000000000000001000100000000000000000000000000
[Central]  RECEIVED 	From 1		Data "	Size 24	  Sequence Number 1	(193050 us)
[Central]  SENDING 		To 1	ACK 	Size 24	  Sequence Number 1	(193050 us)
LOG 385100 us Sab1 ORIGINAL Packet: 1
LOG 385100 us Sab1 000011101001010100101000111000011000000000000000000000000000000010000000000000000000000000000000010000000000000000000000000000000100000000000000000000000000000010100100000000000000000000000000
LOG 385100 us Sab1 CORRUPTED Packet: 1
LOG 385100 us Sab1 000011101001010100101000111000011000000000000000000000000000000010000000000000000000000000000000010000000000000000000000000000000100000000000000000000000000000010100100000000000000000000000000
[Central]  RECEIVED 	From 1		Data %	Size 24	  Sequence Number 2	(385100 us)
[Central]  SENDING 		To 1	ACK 	Size 24	  Sequence Number 2	(385100 us)
[Local]   RECEIVED 	From 2		ACK 	Size 24	  Sequence Number 1	(386050 us)

		RTT of packet with SN 1 : 386 ms
		BASE : 1	NEXTSN : 3

[Local]   RECEIVED 	From 2		ACK 	Size 24	  Sequence Number 2	(578100 us)

		RTT of packet with SN 2 : 386 ms
		BASE : 2	NEXTSN : 3


		@@@@ timeout 0@@@@
		nextSNTemp : 4, nextSN : 0


		@@@@ timeout 2@@@@
		nextSNTemp : 6, nextSN : 2

[Local]   SENDING 		To 2	Data *	Size 24	  Sequence Number 3	(792150 us)
[Local]   SENDING 		To 2	Data *	Size 24	  Sequence Number 3	(984200 us)
LOG 985150 us Sab1 ORIGINAL Packet: 4
LOG 985150 us Sab1 000011101001010100101000111000011000000000000000000000000000000010000000000000000000000000000000010000000000000000000000000000001100000000000000000000000000000001010100000000000000000000000000
LOG 985150 us Sab1 CORRUPTED Packet: 4
LOG 985150 us Sab1 000011101001010100101000111000011000000000000000000000000000000010000000000000000000000000000000010000000000000000000000000000001100000000000000000000000000000001010100000000000000000000000000
[Central]  RECEIVED 	From 1		Data *	Size 24	  Sequence Number 3	(985150 us)
[Central]  SENDING 		To 1	ACK 	Size 24	  Sequence Number 3	(985150 us)
[Local]   SENDING 		To 2	Data &	Size 24	  Sequence Number 4	(1176250 us)
LOG 1177200 us Sab1 ORIGINAL Packet: 5
LOG 1177200 us Sab1 000011101001010100101000111000011000000000000000000000000000000010000000000000000000000000000000010000000000000000000000000000001100000000000000000000000000000001010100000000000000000000000000
LOG 1177200 us Sab1 CORRUPTED Packet: 5
LOG 1177200 us Sab1 000011101001010100101000111000011000000000000000000000000000000010000000000000000000000000000000010000000000000000000000000000001100000000000000000000000000000001010100000000000000000000000000
[Central]  RECEIVED 	From 1		Data *	Size 24	  Sequence Number 3	(1177200 us)
[Central]  SENDING 		To 1	ACK 	Size 24	  Sequence Number 3	(1177200 us)
[Local]   RECEIVED 	From 2		ACK 	Size 24	  Sequence Number 3	(1178150 us)

		RTT of packet with SN 3 : 193950 us
		BASE : 3	NEXTSN : 5

[Local]   SENDING 		To 2	Data +	Size 24	  Sequence Number 5	(1368300 us)
LOG 1369250 us Sab1 ORIGINAL Packet: 7
LOG 1369250 us Sab1 000011101001010100101000111000011000000000000000000000000000000010000000000000000000000000000000010000000000000000000000000000000010000000000000000000000000000001100100000000000000000000000000
LOG 1369250 us Sab1 CORRUPTED Packet: 7
LOG 1369250 us Sab1 000011101001010100101000111000011000000000000000000000000000000010000000000000000000000000000000010000000000000000000000000000000010000000000000000000000000000001100100000000000000000000000000
[Central]  RECEIVED 	From 1		Data &	Size 24	  Sequence Number 4	(1369250 us)
[Central]  SENDING 		To 1	ACK 	Size 24	  Sequence Number 4	(1369250 us)
[Local]   RECEIVED 	From 2		ACK 	Size 24	  Sequence Number 3	(1370200 us)

		RTT of packet with SN 3 : 386 ms
		BASE : 4	NEXTSN : 6

[Local]   SENDING 		To 2	Data #	Size 24	  Sequence Number 6	(1560350 us)
LOG 1561300 us Sab1 ORIGINAL Packet: 9
LOG 1561300 us Sab1 000011101001010100101000111000011000000000000000000000000000000010000000000000000000000000000000010000000000000000000000000000001010000000000000000000000000000011010100000000000000000000000000
LOG 1561300 us Sab1 CORRUPTED Packet: 9
LOG 1561300 us Sab1 000011101001010100101000111000011000000000000000000000000000000010000000000000000000000000000000010000000000000000000000000000001010000000000000000000000000000011010100000000000000000000000000
[Central]  RECEIVED 	From 1		Data +	Size 24	  Sequence Number 5	(1561300 us)
[Central]  SENDING 		To 1	ACK 	Size 24	  Sequence Number 5	(1561300 us)
[Local]   RECEIVED 	From 2		ACK 	Size 24	  Sequence Number 4	(1562250 us)

		RTT of packet with SN 4 : 386 ms
		BASE : 5	NEXTSN : 7

[Local]   SENDING 		To 2	Data "	Size 24	  Sequence Number 7	(1752400 us)
LOG 1753350 us Sab1 ORIGINAL Packet: 11
LOG 1753350 us Sab1 000011101001010100101000111000011000000000000000000000000000000010000000000000000000000000000000010000000000000000000000000000000110000000000000000000000000000011000100000000000000000000000000
LOG 1753350 us Sab1 CORRUPTED Packet: 11
LOG 1753350 us Sab1 000011101001010100101000111000011000000000000000000000000000000010000000000000000000000000000000010000000000000000000000000000000110000000000000000000000000000011000100000000000000000000000000
[Central]  RECEIVED 	From 1		Data #	Size 24	  Sequence Number 6	(1753350 us)
[Central]  SENDING 		To 1	ACK 	Size 24	  Sequence Number 6	(1753350 us)
[Local]   RECEIVED 	From 2		ACK 	Size 24	  Sequence Number 5	(1754300 us)

		RTT of packet with SN 5 : 386 ms
		BASE : 6	NEXTSN : 8

LOG 1945400 us Sab1 ORIGINAL Packet: 13
LOG 1945400 us Sab1 000011101001010100101000111000011000000000000000000000000000000010000000000000000000000000000000010000000000000000000000000000001110000000000000000000000000000001000100000000000000000000000000
LOG 1945400 us Sab1 CORRUPTED Packet: 13
LOG 1945400 us Sab1 000011101001010100101000111000011000000000000000000000000000000010000000000000000000000000000000010000000000000000000000000000001110000000000000000000000000000001000100000000000000000000000000
[Central]  RECEIVED 	From 1		Data "	Size 24	  Sequence Number 7	(1945400 us)
[Central]  SENDING 		To 1	ACK 	Size 24	  Sequence Number 7	(1945400 us)
[Local]   RECEIVED 	From 2		ACK 	Size 24	  Sequence Number 6	(1946350 us)

		RTT of packet with SN 6 : 386 ms
		BASE : 7	NEXTSN : 8


		@@@@ timeout 0@@@@
		nextSNTemp : 4, nextSN : 0

[Local]   RECEIVED 	From 2		ACK 	Size 24	  Sequence Number 7	(2138400 us)

		RTT of packet with SN 7 : 386 ms
		BASE : 8	NEXTSN : 8


		@@@@ timeout 8@@@@
		nextSNTemp : 12, nextSN : 8

[Local]   SENDING 		To 2	Data $	Size 24	  Sequence Number 8	(2138400 us)
[Local]   SENDING 		To 2	Data &	Size 24	  Sequence Number 9	(2330450 us)
LOG 2331400 us Sab1 ORIGINAL Packet: 16
LOG 2331400 us Sab1 000011101001010100101000111000011000000000000000000000000000000010000000000000000000000000000000010000000000000000000000000000000001000000000000000000000000000000100100000000000000000000000000
LOG 2331400 us Sab1 CORRUPTED Packet: 16
LOG 2331400 us Sab1 000011101001010100101000111000011000000000000000000000000000000010000000000000000000000000000000010000000000000000000000000000000001000000000000000000000000000000100100000000000000000000000000
[Central]  RECEIVED 	From 1		Data $	Size 24	  Sequence Number 8	(2331400 us)
[Central]  SENDING 		To 1	ACK 	Size 24	  Sequence Number 8	(2331400 us)
[Local]   SENDING 		To 2	Data '	Size 24	  Sequence Number 10	(2522500 us)
LOG 2523450 us Sab1 ORIGINAL Packet: 17
LOG 2523450 us Sab1 000011101001010100101000111000011000000000000000000000000000000010000000000000000000000000000000010000000000000000000000000000001001000000000000000000000000000001100100000000000000000000000000
LOG 2523450 us Sab1 CORRUPTED Packet: 17
LOG 2523450 us Sab1 000011101001010100101000111000011000000000000000000000000000000010000000000000000000000000000000010000000000000000000000000000001001000000000000000000000000000001100100000000000000000000000000
[Central]  RECEIVED 	From 1		Data &	Size 24	  Sequence Number 9	(2523450 us)
[Central]  SENDING 		To 1	ACK 	Size 24	  Sequence Number 9	(2523450 us)
[Local]   RECEIVED 	From 2		ACK 	Size 24	  Sequence Number 8	(2524400 us)

		RTT of packet with SN 8 : 386 ms
		BASE : 9	NEXTSN : 11

[Local]   SENDING 		To 2	Data ,	Size 24	  Sequence Number 11	(2714550 us)
LOG 2715500 us Sab1 ORIGINAL Packet: 19
LOG 2715500 us Sab1 000011101001010100101000111000011000000000000000000000000000000010000000000000000000000000000000010000000000000000000000000000000101000000000000000000000000000011100100000000000000000000000000
LOG 2715500 us Sab1 CORRUPTED Packet: 19
LOG 2715500 us Sab1 000011101001010100101000111000011000000000000000000000000000000010000000000000000000000000000000010000000000000000000000000000000101000000000000000000000000000011100100000000000000000000000000
[Central]  RECEIVED 	From 1		Data '	Size 24	  Sequence Number 10	(2715500 us)
[Central]  SENDING 		To 1	ACK 	Size 24	  Sequence Number 10	(2715500 us)
[Local]   RECEIVED 	From 2		ACK 	Size 24	  Sequence Number 9	(2716450 us)

		RTT of packet with SN 9 : 386 ms
		BASE : 10	NEXTSN : 12

[Local]   SENDING 		To 2	Data .	Size 24	  Sequence Number 12	(2906600 us)
LOG 2907550 us Sab1 ORIGINAL Packet: 21
LOG 2907550 us Sab1 000011101001010100101000111000011000000000000000000000000000000010000000000000000000000000000000010000000000000000000000000000001101000000000000000000000000000000110100000000000000000000000000
LOG 2907550 us Sab1 CORRUPTED Packet: 21
LOG 2907550 us Sab1 000011101001010100101000111000011000000000000000000000000000000010000000000000000000000000000000010000000000000000000000000000001101000000000000000000000000000000110100000000000000000000000000
[Central]  RECEIVED 	From 1		Data ,	Size 24	  Sequence Number 11	(2907550 us)
[Central]  SENDING 		To 1	ACK 	Size 24	  Sequence Number 11	(2907550 us)
[Local]   RECEIVED 	From 2		ACK 	Size 24	  Sequence Number 10	(2908500 us)

		RTT of packet with SN 10 : 386 ms
		BASE : 11	NEXTSN : 13

[Local]   SENDING 		To 2	Data !	Size 24	  Sequence Number 13	(3098650 us)
LOG 3099600 us Sab1 ORIGINAL Packet: 23
LOG 3099600 us Sab1 000011101001010100101000111000011000000000000000000000000000000010000000000000000000000000000000010000000000000000000000000000000011000000000000000000000000000001110100000000000000000000000000
LOG 3099600 us Sab1 CORRUPTED Packet: 23
LOG 3099600 us Sab1 000011101001010100101000111000011000000000000000000000000000000010000000000000000000000000000000010000000000000000000000000000000011000000000000000000000000000001110100000000000000000000000000
[Central]  RECEIVED 	From 1		Data .	Size 24	  Sequence Number 12	(3099600 us)
[Central]  SENDING 		To 1	ACK 	Size 24	  Sequence Number 12	(3099600 us)
[Local]   RECEIVED 	From 2		ACK 	Size 24	  Sequence Number 11	(3100550 us)

		RTT of packet with SN 11 : 386 ms
		BASE : 12	NEXTSN : 14

LOG 3291650 us Sab1 ORIGINAL Packet: 25
LOG 3291650 us Sab1 000011101001010100101000111000011000000000000000000000000000000010000000000000000000000000000000010000000000000000000000000000001011000000000000000000000000000010000100000000000000000000000000
LOG 3291650 us Sab1 CORRUPTED Packet: 25
LOG 3291650 us Sab1 000011101001010100101000111000011000000000000000000000000000000010000000000000000000000000000000010000000000000000000000000000001011000000000000000000000000000010000100000000000000000000000000
[Central]  RECEIVED 	From 1		Data !	Size 24	  Sequence Number 13	(3291650 us)
[Central]  SENDING 		To 1	ACK 	Size 24	  Sequence Number 13	(3291650 us)
[Local]   RECEIVED 	From 2		ACK 	Size 24	  Sequence Number 12	(3292600 us)

		RTT of packet with SN 12 : 386 ms
		BASE : 13	NEXTSN : 14


		@@@@ timeout 0@@@@
		nextSNTemp : 4, nextSN : 0

[Local]   RECEIVED 	From 2		ACK 	Size 24	  Sequence Number 13	(3484650 us)

		RTT of packet with SN 13 : 386 ms
		BASE : 14	NEXTSN : 14


		@@@@ timeout 14@@@@
		nextSNTemp : 18, nextSN : 14

[Local]   SENDING 		To 2	Data +	Size 24	  Sequence Number 14	(3484650 us)
[Local]   SENDING 		To 2	Data )	Size 24	  Sequence Number 15	(3676700 us)
LOG 3677650 us Sab1 ORIGINAL Packet: 28
LOG 3677650 us Sab1 000011101001010100101000111000011000000000000000000000000000000010000000000000000000000000000000010000000000000000000000000000000111000000000000000000000000000011010100000000000000000000000000
LOG 3677650 us Sab1 CORRUPTED Packet: 28
LOG 3677650 us Sab1 000011101001010100101000111000011000000000000000000000000000000010000000000000000000000000000000010000000000000000000000000000000111000000000000000000000000000011010100000000000000000000000000
[Central]  RECEIVED 	From 1		Data +	Size 24	  Sequence Number 14	(3677650 us)
[Central]  SENDING 		To 1	ACK 	Size 24	  Sequence Number 14	(3677650 us)
[Local]   SENDING 		To 2	Data #	Size 24	  Sequence Number 16	(3868750 us)
LOG 3869700 us Sab1 ORIGINAL Packet: 29
LOG 3869700 us Sab1 000011101001010100101000111000011000000000000000000000000000000010000000000000000000000000000000010000000000000000000000000000001111000000000000000000000000000010010100000000000000000000000000
LOG 3869700 us Sab1 CORRUPTED Packet: 29
LOG 3869700 us Sab1 000011101001010100101000111000011000000000000000000000000000000010000000000000000000000000000000010000000000000000000000000000001111000000000000000000000000000010010100000000000000000000000000
[Central]  RECEIVED 	From 1		Data )	Size 24	  Sequence Number 15	(3869700 us)
[Central]  SENDING 		To 1	ACK 	Size 24	  Sequence Number 15	(3869700 us)
[Local]   RECEIVED 	From 2		ACK 	Size 24	  Sequence Number 14	(3870650 us)

		RTT of packet with SN 14 : 386 ms
		BASE : 15	NEXTSN : 17

[Local]   SENDING 		To 2	Data #	Size 24	  Sequence Number 17	(4060800 us)
LOG 4061750 us Sab1 ORIGINAL Packet: 31
LOG 4061750 us Sab1 000011101001010100101000111000011000000000000000000000000000000010000000000000000000000000000000010000000000000000000000000000000000100000000000000000000000000011000100000000000000000000000000
LOG 4061750 us Sab1 CORRUPTED Packet: 31
LOG 4061750 us Sab1 000011101001010100101000111000011000000000000000000000000000000010000000000000000000000000000000010000000000000000000000000000000000100000000000000000000000000011000100000000000000000000000000
[Central]  RECEIVED 	From 1		Data #	Size 24	  Sequence Number 16	(4061750 us)
[Central]  SENDING 		To 1	ACK 	Size 24	  Sequence Number 16	(4061750 us)
[Local]   RECEIVED 	From 2		ACK 	Size 24	  Sequence Number 15	(4062700 us)

		RTT of packet with SN 15 : 386 ms
		BASE : 16	NEXTSN : 18

[Local]   SENDING 		To 2	Data $	Size 24	  Sequence Number 18	(4252850 us)
LOG 4253800 us Sab1 ORIGINAL Packet: 33
LOG 4253800 us Sab1 000011101001010100101000111000011000000000000000000000000000000010000000000000000000000000000000010000000000000000000000000000001000100000000000000000000000000011000100000000000000000000000000
LOG 4253800 us Sab1 CORRUPTED Packet: 33
LOG 4253800 us Sab1 000011101001010100101000111000011000000000000000000000000000000010000000000000000000000000000000010000000000000000000000000000001000100000000000000000000000000011000100000000000000000000000000
[Central]  RECEIVED 	From 1		Data #	Size 24	  Sequence Number 17	(4253800 us)
[Central]  SENDING 		To 1	ACK 	Size 24	  Sequence Number 17	(4253800 us)
[Local]   RECEIVED 	From 2		ACK 	Size 24	  Sequence Number 16	(4254750 us)

		RTT of packet with SN 16 : 386 ms
		BASE : 17	NEXTSN : 19

[Local]   SENDING 		To 2	Data !	Size 24	  Sequence Number 19	(4444900 us)
LOG 4445850 us Sab1 ORIGINAL Packet: 35
LOG 4445850 us Sab1 000011101001010100101000111000011000000000000000000000000000000010000000000000000000000000000000010000000000000000000000000000000100100000000000000000000000000000100100000000000000000000000000
LOG 4445850 us Sab1 CORRUPTED Packet: 35
LOG 4445850 us Sab1 000011101001010100101000111000011000000000000000000000000000000010000000000000000000000000000000010000000000000000000000000000000100100000000000000000000000000000100100000000000000000000000000
[Central]  RECEIVED 	From 1		Data $	Size 24	  Sequence Number 18	(4445850 us)
[Central]  SENDING 		To 1	ACK 	Size 24	  Sequence Number 18	(4445850 us)
[Local]   RECEIVED 	From 2		ACK 	Size 24	  Sequence Number 17	(4446800 us)

		RTT of packet with SN 17 : 386 ms
		BASE : 18	NEXTSN : 20

LOG 4637900 us Sab1 ORIGINAL Packet: 37
LOG 4637900 us Sab1 000011101001010100101000111000011000000000000000000000000000000010000000000000000000000000000000010000000000000000000000000000001100100000000000000000000000000010000100000000000000000000000000
LOG 4637900 us Sab1 CORRUPTED Packet: 37
LOG 4637900 us Sab1 000011101001010100101000111000011000000000000000000000000000000010000000000000000000000000000000010000000000000000000000000000001100100000000000000000000000000010000100000000000000000000000000
[Central]  RECEIVED 	From 1		Data !	Size 24	  Sequence Number 19	(4637900 us)
[Central]  SENDING 		To 1	ACK 	Size 24	  Sequence Number 19	(4637900 us)
[Local]   RECEIVED 	From 2		ACK 	Size 24	  Sequence Number 18	(4638850 us)

		RTT of packet with SN 18 : 386 ms
		BASE : 19	NEXTSN : 20


		@@@@ timeout 0@@@@
		nextSNTemp : 4, nextSN : 0

[Local]   RECEIVED 	From 2		ACK 	Size 24	  Sequence Number 19	(4830900 us)

		RTT of packet with SN 19 : 386 ms
		BASE : 20	NEXTSN : 20


		@@@@ timeout 20@@@@
		nextSNTemp : 24, nextSN : 20

[Local]   SENDING 		To 2	Data &	Size 24	  Sequence Number 20	(4830900 us)
[Local]   SENDING 		To 2	Data #	Size 24	  Sequence Number 21	(5022950 us)
LOG 5023900 us Sab1 ORIGINAL Packet: 40
LOG 5023900 us Sab1 000011101001010100101000111000011000000000000000000000000000000010000000000000000000000000000000010000000000000000000000000000000010100000000000000000000000000001100100000000000000000000000000
LOG 5023900 us Sab1 CORRUPTED Packet: 40
LOG 5023900 us Sab1 000011101001010100101000111000011000000000000000000000000000000010000000000000000000000000000000010000000000000000000000000000000010100000000000000000000000000001100100000000000000000000000000
[Central]  RECEIVED 	From 1		Data &	Size 24	  Sequence Number 20	(5023900 us)
[Central]  SENDING 		To 1	ACK 	Size 24	  Sequence Number 20	(5023900 us)
[Local]   SENDING 		To 2	Data -	Size 24	  Sequence Number 22	(5215 ms)
LOG 5215950 us Sab1 ORIGINAL Packet: 41
LOG 5215950 us Sab1 000011101001010100101000111000011000000000000000000000000000000010000000000000000000000000000000010000000000000000000000000000001010100000000000000000000000000011000100000000000000000000000000
LOG 5215950 us Sab1 CORRUPTED Packet: 41
LOG 5215950 us Sab1 000011101001010100101000111000011000000000000000000000000000000010000000000000000000000000000000010000000000000000000000000000001010100000000000000000000000000011000100000000000000000000000000
[Central]  RECEIVED 	From 1		Data #	Size 24	  Sequence Number 21	(5215950 us)
[Central]  SENDING 		To 1	ACK 	Size 24	  Sequence Number 21	(5215950 us)
[Local]   RECEIVED 	From 2		ACK 	Size 24	  Sequence Number 20	(5216900 us)

		RTT of packet with SN 20 : 386 ms
		BASE : 21	NEXTSN : 23

[Local]   SENDING 		To 2	Data -	Size 24	  Sequence Number 23	(5407050 us)
LOG 5408 ms Sab1 ORIGINAL Packet: 43
LOG 5408 ms Sab1 000011101001010100101000111000011000000000000000000000000000000010000000000000000000000000000000010000000000000000000000000000000110100000000000000000000000000010110100000000000000000000000000
LOG 5408 ms Sab1 CORRUPTED Packet: 43
LOG 5408 ms Sab1 000011101001010100101000111000011000000000000000000000000000000010000000000000000000000000000000010000000000000000000000000000000110100000000000000000000000000010110100000000000000000000000000
[Central]  RECEIVED 	From 1		Data -	Size 24	  Sequence Number 22	(5408 ms)
[Central]  SENDING 		To 1	ACK 	Size 24	  Sequence Number 22	(5408 ms)
[Local]   RECEIVED 	From 2		ACK 	Size 24	  Sequence Number 21	(5408950 us)

		RTT of packet with SN 21 : 386 ms
		BASE : 22	NEXTSN : 24

[Local]   SENDING 		To 2	Data .	Size 24	  Sequence Number 24	(5599100 us)
LOG 5600050 us Sab1 ORIGINAL Packet: 45
LOG 5600050 us Sab1 000011101001010100101000111000011000000000000000000000000000000010000000000000000000000000000000010000000000000000000000000000001110100000000000000000000000000010110100000000000000000000000000
LOG 5600050 us Sab1 CORRUPTED Packet: 45
LOG 5600050 us Sab1 000011101001010100101000111000011000000000000000000000000000000010000000000000000000000000000000010000000000000000000000000000001110100000000000000000000000000010110100000000000000000000000000
[Central]  RECEIVED 	From 1		Data -	Size 24	  Sequence Number 23	(5600050 us)
[Central]  SENDING 		To 1	ACK 	Size 24	  Sequence Number 23	(5600050 us)
[Local]   RECEIVED 	From 2		ACK 	Size 24	  Sequence Number 22	(5601 ms)

		RTT of packet with SN 22 : 386 ms
		BASE : 23	NEXTSN : 25

[Local]   SENDING 		To 2	Data &	Size 24	  Sequence Number 25	(5791150 us)
LOG 5792100 us Sab1 ORIGINAL Packet: 47
LOG 5792100 us Sab1 000011101001010100101000111000011000000000000000000000000000000010000000000000000000000000000000010000000000000000000000000000000001100000000000000000000000000001110100000000000000000000000000
LOG 5792100 us Sab1 CORRUPTED Packet: 47
LOG 5792100 us Sab1 000011101001010100101000111000011000000000000000000000000000000010000000000000000000000000000000010000000000000000000000000000000001100000000000000000000000000001110100000000000000000000000000
[Central]  RECEIVED 	From 1		Data .	Size 24	  Sequence Number 24	(5792100 us)
[Central]  SENDING 		To 1	ACK 	Size 24	  Sequence Number 24	(5792100 us)
[Local]   RECEIVED 	From 2		ACK 	Size 24	  Sequence Number 23	(5793050 us)

		RTT of packet with SN 23 : 386 ms
		BASE : 24	NEXTSN : 26

LOG 5984150 us Sab1 ORIGINAL Packet: 49
LOG 5984150 us Sab1 000011101001010100101000111000011000000000000000000000000000000010000000000000000000000000000000010000000000000000000000000000001001100000000000000000000000000001100100000000000000000000000000
LOG 5984150 us Sab1 CORRUPTED Packet: 49
LOG 5984150 us Sab1 000011101001010100101000111000011000000000000000000000000000000010000000000000000000000000000000010000000000000000000000000000001001100000000000000000000000000001100100000000000000000000000000
[Central]  RECEIVED 	From 1		Data &	Size 24	  Sequence Number 25	(5984150 us)
[Central]  SENDING 		To 1	ACK 	Size 24	  Sequence Number 25	(5984150 us)
[Local]   RECEIVED 	From 2		ACK 	Size 24	  Sequence Number 24	(5985100 us)

		RTT of packet with SN 24 : 386 ms
		BASE : 25	NEXTSN : 26


		@@@@ timeout 0@@@@
		nextSNTemp : 4, nextSN : 0

[Local]   RECEIVED 	From 2		ACK 	Size 24	  Sequence Number 25	(6177150 us)

		RTT of packet with SN 25 : 386 ms
		BASE : 26	NEXTSN : 26


		@@@@ timeout 26@@@@
		nextSNTemp : 30, nextSN : 26

[Local]   SENDING 		To 2	Data &	Size 24	  Sequence Number 26	(6177150 us)
[Local]   SENDING 		To 2	Data !	Size 24	  Sequence Number 27	(6369200 us)
LOG 6370150 us Sab1 ORIGINAL Packet: 52
LOG 6370150 us Sab1 000011101001010100101000111000011000000000000000000000000000000010000000000000000000000000000000010000000000000000000000000000000101100000000000000000000000000001100100000000000000000000000000
LOG 6370150 us Sab1 CORRUPTED Packet: 52
LOG 6370150 us Sab1 000011101001010100101000111000011000000000000000000000000000000010000000000000000000000000000000010000000000000000000000000000000101100000000000000000000000000001100100000000000000000000000000
[Central]  RECEIVED 	From 1		Data &	Size 24	  Sequence Number 26	(6370150 us)
[Central]  SENDING 		To 1	ACK 	Size 24	  Sequence Number 26	(6370150 us)
[Local]   SENDING 		To 2	Data +	Size 24	  Sequence Number 28	(6561250 us)
LOG 6562200 us Sab1 ORIGINAL Packet: 53
LOG 6562200 us Sab1 000011101001010100101000111000011000000000000000000000000000000010000000000000000000000000000000010000000000000000000000000000001101100000000000000000000000000010000100000000000000000000000000
LOG 6562200 us Sab1 CORRUPTED Packet: 53
LOG 6562200 us Sab1 000011101001010100101000111000011000000000000000000000000000000010000000000000000000000000000000010000000000000000000000000000001101100000000000000000000000000010000100000000000000000000000000
[Central]  RECEIVED 	From 1		Data !	Size 24	  Sequence Number 27	(6562200 us)
[Central]  SENDING 		To 1	ACK 	Size 24	  Sequence Number 27	(6562200 us)
[Local]   RECEIVED 	From 2		ACK 	Size 24	  Sequence Number 26	(6563150 us)

		RTT of packet with SN 26 : 386 ms
		BASE : 27	NEXTSN : 29

[Local]   SENDING 		To 2	Data $	Size 24	  Sequence Number 29	(6753300 us)
LOG 6754250 us Sab1 ORIGINAL Packet: 55
LOG 6754250 us Sab1 000011101001010100101000111000011000000000000000000000000000000010000000000000000000000000000000010000000000000000000000000000000011100000000000000000000000000011010100000000000000000000000000
LOG 6754250 us Sab1 CORRUPTED Packet: 55
LOG 6754250 us Sab1 000011101001010100101000111000011000000000000000000000000000000010000000000000000000000000000000010000000000000000000000000000000011100000000000000000000000000011010100000000000000000000000000
[Central]  RECEIVED 	From 1		Data +	Size 24	  Sequence Number 28	(6754250 us)
[Central]  SENDING 		To 1	ACK 	Size 24	  Sequence Number 28	(6754250 us)
[Local]   RECEIVED 	From 2		ACK 	Size 24	  Sequence Number 27	(6755200 us)

		RTT of packet with SN 27 : 386 ms
		BASE : 28	NEXTSN : 30

[Local]   SENDING 		To 2	Data *	Size 24	  Sequence Number 30	(6945350 us)
LOG 6946300 us Sab1 ORIGINAL Packet: 57
LOG 6946300 us Sab1 000011101001010100101000111000011000000000000000000000000000000010000000000000000000000000000000010000000000000000000000000000001011100000000000000000000000000000100100000000000000000000000000
LOG 6946300 us Sab1 CORRUPTING bit: 117 of Packet: 57 with ERROR_BIT: 0.0001
LOG 6946300 us Sab1 CORRUPTED Packet: 57
LOG 6946300 us Sab1 000011101001010100101000111000011000000000000000000000000000000010000000000000000000000000000000010000000000000000000100000000001011100000000000000000000000000000100100000000000000000000000000
[Central]  RECEIVED 	From 1		Data $	Size 24	  Sequence Number 29	(6946300 us)
[Central]  SENDING 		To 1	ACK 	Size 24	  Sequence Number 29	(6946300 us)
[Local]   RECEIVED 	From 2		ACK 	Size 24	  Sequence Number 28	(6947250 us)

		RTT of packet with SN 28 : 386 ms
		BASE : 29	NEXTSN : 31

[Local]   SENDING 		To 2	Data "	Size 24	  Sequence Number 31	(7137400 us)
LOG 7138350 us Sab1 ORIGINAL Packet: 59
LOG 7138350 us Sab1 000011101001010100101000111000011000000000000000000000000000000010000000000000000000000000000000010000000000000000000000000000000111100000000000000000000000000001010100000000000000000000000000
LOG 7138350 us Sab1 CORRUPTED Packet: 59
LOG 7138350 us Sab1 000011101001010100101000111000011000000000000000000000000000000010000000000000000000000000000000010000000000000000000000000000000111100000000000000000000000000001010100000000000000000000000000
[Central]  RECEIVED 	From 1		Data *	Size 24	  Sequence Number 30	(7138350 us)
[Central]  SENDING 		To 1	ACK 	Size 24	  Sequence Number 30	(7138350 us)
[Local]   RECEIVED 	From 2		ACK 	Size 24	  Sequence Number 29	(7139300 us)

		RTT of packet with SN 29 : 386 ms
		BASE : 30	NEXTSN : 32

LOG 7330400 us Sab1 ORIGINAL Packet: 61
LOG 7330400 us Sab1 000011101001010100101000111000011000000000000000000000000000000010000000000000000000000000000000010000000000000000000000000000001111100000000000000000000000000001000100000000000000000000000000
LOG 7330400 us Sab1 CORRUPTED Packet: 61
LOG 7330400 us Sab1 000011101001010100101000111000011000000000000000000000000000000010000000000000000000000000000000010000000000000000000000000000001111100000000000000000000000000001000100000000000000000000000000
[Central]  RECEIVED 	From 1		Data "	Size 24	  Sequence Number 31	(7330400 us)
[Central]  SENDING 		To 1	ACK 	Size 24	  Sequence Number 31	(7330400 us)
[Local]   RECEIVED 	From 2		ACK 	Size 24	  Sequence Number 30	(7331350 us)

		RTT of packet with SN 30 : 386 ms
		BASE : 31	NEXTSN : 32


		@@@@ timeout 0@@@@
		nextSNTemp : 4, nextSN : 0

[Central]   SENDING 		To 2097154	Data $	Size 24	  Sequence Number 29	(7522450 us)
[Local]   RECEIVED 	From 2		ACK 	Size 24	  Sequence Number 31	(7523400 us)

		RTT of packet with SN 31 : 386 ms
		BASE : 32	NEXTSN : 32


		@@@@ timeout 32@@@@
		nextSNTemp : 36, nextSN : 32

[Local]   SENDING 		To 2	Data !	Size 24	  Sequence Number 32	(7523400 us)
[Central]   SENDING 		To 2097154	Data  	Size 24	  Sequence Number 1	(7714500 us)
[Local]  RECEIVED 	From 1		Data $	Size 24	  Sequence Number 29	(7715450 us)
[Local]  SENDING 		To 2	ACK 	Size 24	  Sequence Number 0	(7715450 us)
LOG 7716400 us Sab1 ORIGINAL Packet: 65
LOG 7716400 us Sab1 000011101001010100101000111000011000000000000000000000000000000010000000000000000000000000000000010000000000000000000000000000000000010000000000000000000000000010000100000000000000000000000000
LOG 7716400 us Sab1 CORRUPTED Packet: 65
LOG 7716400 us Sab1 000011101001010100101000111000011000000000000000000000000000000010000000000000000000000000000000010000000000000000000000000000000000010000000000000000000000000010000100000000000000000000000000
[Central]  RECEIVED 	From 1		Data !	Size 24	  Sequence Number 32	(7716400 us)
[Central]  SENDING 		To 1	ACK 	Size 24	  Sequence Number 32	(7906550 us)
[Local]  RECEIVED 	From 1		Data  	Size 24	  Sequence Number 1	(7907500 us)
[Local]  SENDING 		To 2	ACK 	Size 24	  Sequence Number 1	(7907500 us)
LOG 7908450 us Sab1 ORIGINAL Packet: 67
LOG 7908450 us Sab1 100001101110010100101000111000011000000000000000000000000000000010000000000000000000000000000000010000000000000000000000000000000000000000000000000000000000000000000000000000000000000000000000
LOG 7908450 us Sab1 CORRUPTED Packet: 67
LOG 7908450 us Sab1 100001101110010100101000111000011000000000000000000000000000000010000000000000000000000000000000010000000000000000000000000000000000000000000000000000000000000000000000000000000000000000000000

		Error - Wrong ACK --- Expected : 0, Actual : 0 -- the ACK will be discarded


Info: /OSCI/SystemC: Simulation stopped by user.
