
Local   <-->  Central with FullDuplex channel

+----------------------------------------------------------------------------------------------+
|TASK     ACTION        FROM    TO      DATA    SIZE      SEQUENCE NUMBER       TIME STAMP     |
+----------------------------------------------------------------------------------------------+
[Local]   SENDING 		To 2	Data "	Size 24	  Sequence Number 1	(50 us)
[Local]   SENDING 		To 2	Data %	Size 24	  Sequence Number 2	(192100 us)
LOG 193050 us Sab1 ORIGINAL Packet: 0
LOG 193050 us Sab1 000011101001000111011100101000111000000000000000000000000000000010000000000000000000000000000000010000000000000000000000000000001000000000000000000000000000000001000100000000000000000000000000
LOG 193050 us Sab1 CORRUPTED Packet: 0
LOG 193050 us Sab1 000011101001000111011100101000111000000000000000000000000000000010000000000000000000000000000000010000000000000000000000000000001000000000000000000000000000000001000100000000000000000000000000
[Central]  RECEIVED 	From 1		Data "	Size 24	  Sequence Number 1	(193050 us)
[Central]  SENDING 		To 1	ACK 	Size 24	  Sequence Number 1	(193050 us)
LOG 385100 us Sab1 ORIGINAL Packet: 1
LOG 385100 us Sab1 000011101001000111011100101000111000000000000000000000000000000010000000000000000000000000000000010000000000000000000000000000000100000000000000000000000000000010100100000000000000000000000000
LOG 385100 us Sab1 CORRUPTED Packet: 1
LOG 385100 us Sab1 000011101001000111011100101000111000000000000000000000000000000010000000000000000000000000000000010000000000000000000000000000000100000000000000000000000000000010100100000000000000000000000000
[Central]  RECEIVED 	From 1		Data %	Size 24	  Sequence Number 2	(385100 us)
[Central]  SENDING 		To 1	ACK 	Size 24	  Sequence Number 2	(385100 us)
[Local]   RECEIVED 	From 2		ACK 	Size 24	  Sequence Number 1	(386050 us)

		RTT of packet with SN 1 : 386 ms
		BASE : 1	NEXTSN : 3

[Local]   RECEIVED 	From 2		ACK 	Size 24	  Sequence Number 2	(578100 us)

		RTT of packet with SN 2 : 386 ms
		BASE : 2	NEXTSN : 3


		@@@@ timeout 0@@@@
		nextSNTemp : 4, nextSN : 0


		@@@@ timeout 2@@@@
		nextSNTemp : 6, nextSN : 2

[Local]   SENDING 		To 2	Data *	Size 24	  Sequence Number 3	(792150 us)
[Local]   SENDING 		To 2	Data *	Size 24	  Sequence Number 3	(984200 us)
LOG 985150 us Sab1 ORIGINAL Packet: 4
LOG 985150 us Sab1 000011101001000111011100101000111000000000000000000000000000000010000000000000000000000000000000010000000000000000000000000000001100000000000000000000000000000001010100000000000000000000000000
LOG 985150 us Sab1 CORRUPTED Packet: 4
LOG 985150 us Sab1 000011101001000111011100101000111000000000000000000000000000000010000000000000000000000000000000010000000000000000000000000000001100000000000000000000000000000001010100000000000000000000000000
[Central]  RECEIVED 	From 1		Data *	Size 24	  Sequence Number 3	(985150 us)
[Central]  SENDING 		To 1	ACK 	Size 24	  Sequence Number 3	(985150 us)
[Local]   SENDING 		To 2	Data &	Size 24	  Sequence Number 4	(1176250 us)
LOG 1177200 us Sab1 ORIGINAL Packet: 5
LOG 1177200 us Sab1 000011101001000111011100101000111000000000000000000000000000000010000000000000000000000000000000010000000000000000000000000000001100000000000000000000000000000001010100000000000000000000000000
LOG 1177200 us Sab1 CORRUPTED Packet: 5
LOG 1177200 us Sab1 000011101001000111011100101000111000000000000000000000000000000010000000000000000000000000000000010000000000000000000000000000001100000000000000000000000000000001010100000000000000000000000000
[Central]  RECEIVED 	From 1		Data *	Size 24	  Sequence Number 3	(1177200 us)
[Central]  SENDING 		To 1	ACK 	Size 24	  Sequence Number 3	(1177200 us)
[Local]   RECEIVED 	From 2		ACK 	Size 24	  Sequence Number 3	(1178150 us)

		RTT of packet with SN 3 : 193950 us
		BASE : 3	NEXTSN : 5

[Local]   SENDING 		To 2	Data +	Size 24	  Sequence Number 5	(1368300 us)
LOG 1369250 us Sab1 ORIGINAL Packet: 7
LOG 1369250 us Sab1 000011101001000111011100101000111000000000000000000000000000000010000000000000000000000000000000010000000000000000000000000000000010000000000000000000000000000001100100000000000000000000000000
LOG 1369250 us Sab1 CORRUPTED Packet: 7
LOG 1369250 us Sab1 000011101001000111011100101000111000000000000000000000000000000010000000000000000000000000000000010000000000000000000000000000000010000000000000000000000000000001100100000000000000000000000000
[Central]  RECEIVED 	From 1		Data &	Size 24	  Sequence Number 4	(1369250 us)
[Central]  SENDING 		To 1	ACK 	Size 24	  Sequence Number 4	(1369250 us)
[Local]   RECEIVED 	From 2		ACK 	Size 24	  Sequence Number 3	(1370200 us)

		RTT of packet with SN 3 : 386 ms
		BASE : 4	NEXTSN : 6

[Local]   SENDING 		To 2	Data #	Size 24	  Sequence Number 6	(1560350 us)
LOG 1561300 us Sab1 ORIGINAL Packet: 9
LOG 1561300 us Sab1 000011101001000111011100101000111000000000000000000000000000000010000000000000000000000000000000010000000000000000000000000000001010000000000000000000000000000011010100000000000000000000000000
LOG 1561300 us Sab1 CORRUPTED Packet: 9
LOG 1561300 us Sab1 000011101001000111011100101000111000000000000000000000000000000010000000000000000000000000000000010000000000000000000000000000001010000000000000000000000000000011010100000000000000000000000000

		@@@@ timeout 0@@@@
		nextSNTemp : 4, nextSN : 0

[Local]   RECEIVED 	From 2		ACK 	Size 24	  Sequence Number 4	(1562250 us)

		RTT of packet with SN 4 : 386 ms
		BASE : 5	NEXTSN : 7

[Local]   SENDING 		To 2	Data "	Size 24	  Sequence Number 7	(1752400 us)
LOG 1753350 us Sab1 ORIGINAL Packet: 11
LOG 1753350 us Sab1 000011101001000111011100101000111000000000000000000000000000000010000000000000000000000000000000010000000000000000000000000000000110000000000000000000000000000011000100000000000000000000000000
LOG 1753350 us Sab1 CORRUPTED Packet: 11
LOG 1753350 us Sab1 000011101001000111011100101000111000000000000000000000000000000010000000000000000000000000000000010000000000000000000000000000000110000000000000000000000000000011000100000000000000000000000000
[Central]  RECEIVED 	From 1		Data #	Size 24	  Sequence Number 6	(1753350 us)
[Central]  SENDING 		To 1	ACK 	Size 24	  Sequence Number 4	(1753350 us)
LOG 1945400 us Sab1 ORIGINAL Packet: 12
LOG 1945400 us Sab1 000011101001000111011100101000111000000000000000000000000000000010000000000000000000000000000000010000000000000000000000000000001110000000000000000000000000000001000100000000000000000000000000
LOG 1945400 us Sab1 CORRUPTED Packet: 12
LOG 1945400 us Sab1 000011101001000111011100101000111000000000000000000000000000000010000000000000000000000000000000010000000000000000000000000000001110000000000000000000000000000001000100000000000000000000000000
[Central]  RECEIVED 	From 1		Data "	Size 24	  Sequence Number 7	(1945400 us)
[Central]  SENDING 		To 1	ACK 	Size 24	  Sequence Number 4	(1945400 us)

		Error - Wrong ACK --- Expected : 5, Actual : 4 -- the ACK will be discarded


		@@@@ timeout 5@@@@
		nextSNTemp : 9, nextSN : 5

[Local]   SENDING 		To 2	Data +	Size 24	  Sequence Number 5	(1968350 us)

		Error - Wrong ACK --- Expected : 5, Actual : 4 -- the ACK will be discarded

[Local]   SENDING 		To 2	Data #	Size 24	  Sequence Number 6	(2160400 us)
LOG 2161350 us Sab1 ORIGINAL Packet: 15
LOG 2161350 us Sab1 000011101001000111011100101000111000000000000000000000000000000010000000000000000000000000000000010000000000000000000000000000001010000000000000000000000000000011010100000000000000000000000000
LOG 2161350 us Sab1 CORRUPTED Packet: 15
LOG 2161350 us Sab1 000011101001000111011100101000111000000000000000000000000000000010000000000000000000000000000000010000000000000000000000000000001010000000000000000000000000000011010100000000000000000000000000

		@@@@ timeout 0@@@@
		nextSNTemp : 4, nextSN : 0

[Local]   SENDING 		To 2	Data "	Size 24	  Sequence Number 7	(2352450 us)
LOG 2353400 us Sab1 ORIGINAL Packet: 16
LOG 2353400 us Sab1 000011101001000111011100101000111000000000000000000000000000000010000000000000000000000000000000010000000000000000000000000000000110000000000000000000000000000011000100000000000000000000000000
LOG 2353400 us Sab1 CORRUPTED Packet: 16
LOG 2353400 us Sab1 000011101001000111011100101000111000000000000000000000000000000010000000000000000000000000000000010000000000000000000000000000000110000000000000000000000000000011000100000000000000000000000000
[Central]  RECEIVED 	From 1		Data #	Size 24	  Sequence Number 6	(2353400 us)
[Central]  SENDING 		To 1	ACK 	Size 24	  Sequence Number 4	(2353400 us)
[Local]   SENDING 		To 2	Data $	Size 24	  Sequence Number 8	(2544500 us)
LOG 2545450 us Sab1 ORIGINAL Packet: 17
LOG 2545450 us Sab1 000011101001000111011100101000111000000000000000000000000000000010000000000000000000000000000000010000000000000000000000000000001110000000000000000000000000000001000100000000000000000000000000
LOG 2545450 us Sab1 CORRUPTED Packet: 17
LOG 2545450 us Sab1 000011101001000111011100101000111000000000000000000000000000000010000000000000000000000000000000010000000000000000000000000000001110000000000000000000000000000001000100000000000000000000000000
[Central]  RECEIVED 	From 1		Data "	Size 24	  Sequence Number 7	(2545450 us)
[Central]  SENDING 		To 1	ACK 	Size 24	  Sequence Number 4	(2545450 us)

		Error - Wrong ACK --- Expected : 5, Actual : 4 -- the ACK will be discarded


		@@@@ timeout 5@@@@
		nextSNTemp : 9, nextSN : 5

[Local]   SENDING 		To 2	Data +	Size 24	  Sequence Number 5	(2736550 us)
LOG 2737500 us Sab1 ORIGINAL Packet: 19
LOG 2737500 us Sab1 000011101001000111011100101000111000000000000000000000000000000010000000000000000000000000000000010000000000000000000000000000000001000000000000000000000000000000100100000000000000000000000000
LOG 2737500 us Sab1 CORRUPTED Packet: 19
LOG 2737500 us Sab1 000011101001000111011100101000111000000000000000000000000000000010000000000000000000000000000000010000000000000000000000000000000001000000000000000000000000000000100100000000000000000000000000
[Central]  RECEIVED 	From 1		Data $	Size 24	  Sequence Number 8	(2737500 us)
[Central]  SENDING 		To 1	ACK 	Size 24	  Sequence Number 4	(2737500 us)

		Error - Wrong ACK --- Expected : 5, Actual : 4 -- the ACK will be discarded

[Local]   SENDING 		To 2	Data #	Size 24	  Sequence Number 6	(2928600 us)
LOG 2929550 us Sab1 ORIGINAL Packet: 21
LOG 2929550 us Sab1 000011101001000111011100101000111000000000000000000000000000000010000000000000000000000000000000010000000000000000000000000000001010000000000000000000000000000011010100000000000000000000000000
LOG 2929550 us Sab1 CORRUPTED Packet: 21
LOG 2929550 us Sab1 000011101001000111011100101000111000000000000000000000000000000010000000000000000000000000000000010000000000000000000000000000001010000000000000000000000000000011010100000000000000000000000000
[Central]  RECEIVED 	From 1		Data +	Size 24	  Sequence Number 5	(2929550 us)
[Central]  SENDING 		To 1	ACK 	Size 24	  Sequence Number 5	(2929550 us)

		Error - Wrong ACK --- Expected : 5, Actual : 4 -- the ACK will be discarded

[Local]   SENDING 		To 2	Data "	Size 24	  Sequence Number 7	(3120650 us)
LOG 3121600 us Sab1 ORIGINAL Packet: 23
LOG 3121600 us Sab1 000011101001000111011100101000111000000000000000000000000000000010000000000000000000000000000000010000000000000000000000000000000110000000000000000000000000000011000100000000000000000000000000
LOG 3121600 us Sab1 CORRUPTED Packet: 23
LOG 3121600 us Sab1 000011101001000111011100101000111000000000000000000000000000000010000000000000000000000000000000010000000000000000000000000000000110000000000000000000000000000011000100000000000000000000000000
[Central]  RECEIVED 	From 1		Data #	Size 24	  Sequence Number 6	(3121600 us)
[Central]  SENDING 		To 1	ACK 	Size 24	  Sequence Number 6	(3121600 us)
[Local]   RECEIVED 	From 2		ACK 	Size 24	  Sequence Number 5	(3122550 us)

		RTT of packet with SN 5 : 386 ms
		BASE : 6	NEXTSN : 8

[Local]   SENDING 		To 2	Data $	Size 24	  Sequence Number 8	(3312700 us)
LOG 3313650 us Sab1 ORIGINAL Packet: 25
LOG 3313650 us Sab1 000011101001000111011100101000111000000000000000000000000000000010000000000000000000000000000000010000000000000000000000000000001110000000000000000000000000000001000100000000000000000000000000
LOG 3313650 us Sab1 CORRUPTED Packet: 25
LOG 3313650 us Sab1 000011101001000111011100101000111000000000000000000000000000000010000000000000000000000000000000010000000000000000000000000000001110000000000000000000000000000001000100000000000000000000000000
[Central]  RECEIVED 	From 1		Data "	Size 24	  Sequence Number 7	(3313650 us)
[Central]  SENDING 		To 1	ACK 	Size 24	  Sequence Number 7	(3313650 us)
[Local]   RECEIVED 	From 2		ACK 	Size 24	  Sequence Number 6	(3314600 us)

		RTT of packet with SN 6 : 386 ms
		BASE : 7	NEXTSN : 9

[Local]   SENDING 		To 2	Data &	Size 24	  Sequence Number 9	(3504750 us)
LOG 3505700 us Sab1 ORIGINAL Packet: 27
LOG 3505700 us Sab1 000011101001000111011100101000111000000000000000000000000000000010000000000000000000000000000000010000000000000000000000000000000001000000000000000000000000000000100100000000000000000000000000
LOG 3505700 us Sab1 CORRUPTED Packet: 27
LOG 3505700 us Sab1 000011101001000111011100101000111000000000000000000000000000000010000000000000000000000000000000010000000000000000000000000000000001000000000000000000000000000000100100000000000000000000000000

		@@@@ timeout 0@@@@
		nextSNTemp : 4, nextSN : 0

[Local]   RECEIVED 	From 2		ACK 	Size 24	  Sequence Number 7	(3506650 us)

		RTT of packet with SN 7 : 386 ms
		BASE : 8	NEXTSN : 10

[Local]   SENDING 		To 2	Data '	Size 24	  Sequence Number 10	(3696800 us)
LOG 3697750 us Sab1 ORIGINAL Packet: 29
LOG 3697750 us Sab1 000011101001000111011100101000111000000000000000000000000000000010000000000000000000000000000000010000000000000000000000000000001001000000000000000000000000000001100100000000000000000000000000
LOG 3697750 us Sab1 CORRUPTED Packet: 29
LOG 3697750 us Sab1 000011101001000111011100101000111000000000000000000000000000000010000000000000000000000000000000010000000000000000000000000000001001000000000000000000000000000001100100000000000000000000000000
LOG 3889800 us Sab1 ORIGINAL Packet: 30
LOG 3889800 us Sab1 000011101001000111011100101000111000000000000000000000000000000010000000000000000000000000000000010000000000000000000000000000000101000000000000000000000000000011100100000000000000000000000000
LOG 3889800 us Sab1 CORRUPTED Packet: 30
LOG 3889800 us Sab1 000011101001000111011100101000111000000000000000000000000000000010000000000000000000000000000000010000000000000000000000000000000101000000000000000000000000000011100100000000000000000000000000
[Central]  RECEIVED 	From 1		Data '	Size 24	  Sequence Number 10	(3889800 us)
[Central]  SENDING 		To 1	ACK 	Size 24	  Sequence Number 7	(3889800 us)

		@@@@ timeout 8@@@@
		nextSNTemp : 12, nextSN : 8

[Local]   SENDING 		To 2	Data $	Size 24	  Sequence Number 8	(3912750 us)

		Error - Wrong ACK --- Expected : 8, Actual : 7 -- the ACK will be discarded

[Local]   SENDING 		To 2	Data &	Size 24	  Sequence Number 9	(4104800 us)
LOG 4105750 us Sab1 ORIGINAL Packet: 32
LOG 4105750 us Sab1 000011101001000111011100101000111000000000000000000000000000000010000000000000000000000000000000010000000000000000000000000000000001000000000000000000000000000000100100000000000000000000000000
LOG 4105750 us Sab1 CORRUPTED Packet: 32
LOG 4105750 us Sab1 000011101001000111011100101000111000000000000000000000000000000010000000000000000000000000000000010000000000000000000000000000000001000000000000000000000000000000100100000000000000000000000000
[Central]  RECEIVED 	From 1		Data $	Size 24	  Sequence Number 8	(4105750 us)
[Central]  SENDING 		To 1	ACK 	Size 24	  Sequence Number 8	(4105750 us)
[Local]   SENDING 		To 2	Data '	Size 24	  Sequence Number 10	(4296850 us)
LOG 4297800 us Sab1 ORIGINAL Packet: 33
LOG 4297800 us Sab1 000011101001000111011100101000111000000000000000000000000000000010000000000000000000000000000000010000000000000000000000000000001001000000000000000000000000000001100100000000000000000000000000
LOG 4297800 us Sab1 CORRUPTED Packet: 33
LOG 4297800 us Sab1 000011101001000111011100101000111000000000000000000000000000000010000000000000000000000000000000010000000000000000000000000000001001000000000000000000000000000001100100000000000000000000000000
[Central]  RECEIVED 	From 1		Data &	Size 24	  Sequence Number 9	(4297800 us)
[Central]  SENDING 		To 1	ACK 	Size 24	  Sequence Number 9	(4297800 us)
[Local]   RECEIVED 	From 2		ACK 	Size 24	  Sequence Number 8	(4298750 us)

		RTT of packet with SN 8 : 386 ms
		BASE : 9	NEXTSN : 11

[Local]   SENDING 		To 2	Data ,	Size 24	  Sequence Number 11	(4488900 us)
LOG 4489850 us Sab1 ORIGINAL Packet: 35
LOG 4489850 us Sab1 000011101001000111011100101000111000000000000000000000000000000010000000000000000000000000000000010000000000000000000000000000000101000000000000000000000000000011100100000000000000000000000000
LOG 4489850 us Sab1 CORRUPTED Packet: 35
LOG 4489850 us Sab1 000011101001000111011100101000111000000000000000000000000000000010000000000000000000000000000000010000000000000000000000000000000101000000000000000000000000000011100100000000000000000000000000
[Central]  RECEIVED 	From 1		Data '	Size 24	  Sequence Number 10	(4489850 us)
[Central]  SENDING 		To 1	ACK 	Size 24	  Sequence Number 10	(4489850 us)
[Local]   RECEIVED 	From 2		ACK 	Size 24	  Sequence Number 9	(4490800 us)

		RTT of packet with SN 9 : 386 ms
		BASE : 10	NEXTSN : 12

[Local]   SENDING 		To 2	Data .	Size 24	  Sequence Number 12	(4680950 us)
LOG 4681900 us Sab1 ORIGINAL Packet: 37
LOG 4681900 us Sab1 000011101001000111011100101000111000000000000000000000000000000010000000000000000000000000000000010000000000000000000000000000001101000000000000000000000000000000110100000000000000000000000000
LOG 4681900 us Sab1 CORRUPTED Packet: 37
LOG 4681900 us Sab1 000011101001000111011100101000111000000000000000000000000000000010000000000000000000000000000000010000000000000000000000000000001101000000000000000000000000000000110100000000000000000000000000
[Central]  RECEIVED 	From 1		Data ,	Size 24	  Sequence Number 11	(4681900 us)
[Central]  SENDING 		To 1	ACK 	Size 24	  Sequence Number 11	(4681900 us)
[Local]   RECEIVED 	From 2		ACK 	Size 24	  Sequence Number 10	(4682850 us)

		RTT of packet with SN 10 : 386 ms
		BASE : 11	NEXTSN : 13

[Local]   SENDING 		To 2	Data !	Size 24	  Sequence Number 13	(4873 ms)
LOG 4873950 us Sab1 ORIGINAL Packet: 39
LOG 4873950 us Sab1 000011101001000111011100101000111000000000000000000000000000000010000000000000000000000000000000010000000000000000000000000000000011000000000000000000000000000001110100000000000000000000000000
LOG 4873950 us Sab1 CORRUPTED Packet: 39
LOG 4873950 us Sab1 000011101001000111011100101000111000000000000000000000000000000010000000000000000000000000000000010000000000000000000000000000000011000000000000000000000000000001110100000000000000000000000000
[Central]  RECEIVED 	From 1		Data .	Size 24	  Sequence Number 12	(4873950 us)
[Central]  SENDING 		To 1	ACK 	Size 24	  Sequence Number 12	(4873950 us)
[Local]   RECEIVED 	From 2		ACK 	Size 24	  Sequence Number 11	(4874900 us)

		RTT of packet with SN 11 : 386 ms
		BASE : 12	NEXTSN : 14

LOG 5066 ms Sab1 ORIGINAL Packet: 41
LOG 5066 ms Sab1 000011101001000111011100101000111000000000000000000000000000000010000000000000000000000000000000010000000000000000000000000000001011000000000000000000000000000010000100000000000000000000000000
LOG 5066 ms Sab1 CORRUPTED Packet: 41
LOG 5066 ms Sab1 000011101001000111011100101000111000000000000000000000000000000010000000000000000000000000000000010000000000000000000000000000001011000000000000000000000000000010000100000000000000000000000000

		@@@@ timeout 0@@@@
		nextSNTemp : 4, nextSN : 0

[Local]   RECEIVED 	From 2		ACK 	Size 24	  Sequence Number 12	(5066950 us)

		RTT of packet with SN 12 : 386 ms
		BASE : 13	NEXTSN : 14


		@@@@ timeout 13@@@@
		nextSNTemp : 17, nextSN : 13

[Local]   SENDING 		To 2	Data !	Size 24	  Sequence Number 13	(5473050 us)
[Local]   SENDING 		To 2	Data +	Size 24	  Sequence Number 14	(5665100 us)
LOG 5666050 us Sab1 ORIGINAL Packet: 43
LOG 5666050 us Sab1 000011101001000111011100101000111000000000000000000000000000000010000000000000000000000000000000010000000000000000000000000000001011000000000000000000000000000010000100000000000000000000000000
LOG 5666050 us Sab1 CORRUPTED Packet: 43
LOG 5666050 us Sab1 000011101001000111011100101000111000000000000000000000000000000010000000000000000000000000000000010000000000000000000000000000001011000000000000000000000000000010000100000000000000000000000000
[Central]  RECEIVED 	From 1		Data !	Size 24	  Sequence Number 13	(5666050 us)
[Central]  SENDING 		To 1	ACK 	Size 24	  Sequence Number 13	(5666050 us)
[Local]   SENDING 		To 2	Data )	Size 24	  Sequence Number 15	(5857150 us)
LOG 5858100 us Sab1 ORIGINAL Packet: 44
LOG 5858100 us Sab1 000011101001000111011100101000111000000000000000000000000000000010000000000000000000000000000000010000000000000000000000000000000111000000000000000000000000000011010100000000000000000000000000
LOG 5858100 us Sab1 CORRUPTED Packet: 44
LOG 5858100 us Sab1 000011101001000111011100101000111000000000000000000000000000000010000000000000000000000000000000010000000000000000000000000000000111000000000000000000000000000011010100000000000000000000000000
[Central]  RECEIVED 	From 1		Data +	Size 24	  Sequence Number 14	(5858100 us)
[Central]  SENDING 		To 1	ACK 	Size 24	  Sequence Number 14	(5858100 us)
[Local]   RECEIVED 	From 2		ACK 	Size 24	  Sequence Number 13	(5859050 us)

		RTT of packet with SN 13 : 386 ms
		BASE : 14	NEXTSN : 16

[Local]   SENDING 		To 2	Data #	Size 24	  Sequence Number 16	(6049200 us)
LOG 6050150 us Sab1 ORIGINAL Packet: 46
LOG 6050150 us Sab1 000011101001000111011100101000111000000000000000000000000000000010000000000000000000000000000000010000000000000000000000000000001111000000000000000000000000000010010100000000000000000000000000
LOG 6050150 us Sab1 CORRUPTED Packet: 46
LOG 6050150 us Sab1 000011101001000111011100101000111000000000000000000000000000000010000000000000000000000000000000010000000000000000000000000000001111000000000000000000000000000010010100000000000000000000000000
[Central]  RECEIVED 	From 1		Data )	Size 24	  Sequence Number 15	(6050150 us)
[Central]  SENDING 		To 1	ACK 	Size 24	  Sequence Number 15	(6050150 us)
[Local]   RECEIVED 	From 2		ACK 	Size 24	  Sequence Number 14	(6051100 us)

		RTT of packet with SN 14 : 386 ms
		BASE : 15	NEXTSN : 17

[Local]   SENDING 		To 2	Data #	Size 24	  Sequence Number 17	(6241250 us)
LOG 6242200 us Sab1 ORIGINAL Packet: 48
LOG 6242200 us Sab1 000011101001000111011100101000111000000000000000000000000000000010000000000000000000000000000000010000000000000000000000000000000000100000000000000000000000000011000100000000000000000000000000
LOG 6242200 us Sab1 CORRUPTED Packet: 48
LOG 6242200 us Sab1 000011101001000111011100101000111000000000000000000000000000000010000000000000000000000000000000010000000000000000000000000000000000100000000000000000000000000011000100000000000000000000000000
[Central]  RECEIVED 	From 1		Data #	Size 24	  Sequence Number 16	(6242200 us)
[Central]  SENDING 		To 1	ACK 	Size 24	  Sequence Number 16	(6242200 us)
[Local]   RECEIVED 	From 2		ACK 	Size 24	  Sequence Number 15	(6243150 us)

		RTT of packet with SN 15 : 386 ms
		BASE : 16	NEXTSN : 18

[Local]   SENDING 		To 2	Data $	Size 24	  Sequence Number 18	(6433300 us)
LOG 6434250 us Sab1 ORIGINAL Packet: 50
LOG 6434250 us Sab1 000011101001000111011100101000111000000000000000000000000000000010000000000000000000000000000000010000000000000000000000000000001000100000000000000000000000000011000100000000000000000000000000
LOG 6434250 us Sab1 CORRUPTED Packet: 50
LOG 6434250 us Sab1 000011101001000111011100101000111000000000000000000000000000000010000000000000000000000000000000010000000000000000000000000000001000100000000000000000000000000011000100000000000000000000000000

		@@@@ timeout 0@@@@
		nextSNTemp : 4, nextSN : 0

[Local]   RECEIVED 	From 2		ACK 	Size 24	  Sequence Number 16	(6435200 us)

		RTT of packet with SN 16 : 386 ms
		BASE : 17	NEXTSN : 19

LOG 6626300 us Sab1 ORIGINAL Packet: 52
LOG 6626300 us Sab1 000011101001000111011100101000111000000000000000000000000000000010000000000000000000000000000000010000000000000000000000000000000100100000000000000000000000000000100100000000000000000000000000
LOG 6626300 us Sab1 CORRUPTED Packet: 52
LOG 6626300 us Sab1 000011101001000111011100101000111000000000000000000000000000000010000000000000000000000000000000010000000000000000000000000000000100100000000000000000000000000000100100000000000000000000000000
[Central]  RECEIVED 	From 1		Data $	Size 24	  Sequence Number 18	(6626300 us)
[Central]  SENDING 		To 1	ACK 	Size 24	  Sequence Number 16	(6626300 us)

		Error - Wrong ACK --- Expected : 17, Actual : 16 -- the ACK will be discarded


		@@@@ timeout 17@@@@
		nextSNTemp : 21, nextSN : 17

[Local]   SENDING 		To 2	Data #	Size 24	  Sequence Number 17	(6841300 us)
[Local]   SENDING 		To 2	Data $	Size 24	  Sequence Number 18	(7033350 us)
LOG 7034300 us Sab1 ORIGINAL Packet: 54
LOG 7034300 us Sab1 000011101001000111011100101000111000000000000000000000000000000010000000000000000000000000000000010000000000000000000000000000001000100000000000000000000000000011000100000000000000000000000000
LOG 7034300 us Sab1 CORRUPTED Packet: 54
LOG 7034300 us Sab1 000011101001000111011100101000111000000000000000000000000000000010000000000000000000000000000000010000000000000000000000000000001000100000000000000000000000000011000100000000000000000000000000
[Central]  RECEIVED 	From 1		Data #	Size 24	  Sequence Number 17	(7034300 us)
[Central]  SENDING 		To 1	ACK 	Size 24	  Sequence Number 17	(7034300 us)
[Local]   SENDING 		To 2	Data !	Size 24	  Sequence Number 19	(7225400 us)
LOG 7226350 us Sab1 ORIGINAL Packet: 55
LOG 7226350 us Sab1 000011101001000111011100101000111000000000000000000000000000000010000000000000000000000000000000010000000000000000000000000000000100100000000000000000000000000000100100000000000000000000000000
LOG 7226350 us Sab1 CORRUPTED Packet: 55
LOG 7226350 us Sab1 000011101001000111011100101000111000000000000000000000000000000010000000000000000000000000000000010000000000000000000000000000000100100000000000000000000000000000100100000000000000000000000000
[Central]  RECEIVED 	From 1		Data $	Size 24	  Sequence Number 18	(7226350 us)
[Central]  SENDING 		To 1	ACK 	Size 24	  Sequence Number 18	(7226350 us)
[Local]   RECEIVED 	From 2		ACK 	Size 24	  Sequence Number 17	(7227300 us)

		RTT of packet with SN 17 : 386 ms
		BASE : 18	NEXTSN : 20

[Local]   SENDING 		To 2	Data &	Size 24	  Sequence Number 20	(7417450 us)
LOG 7418400 us Sab1 ORIGINAL Packet: 57
LOG 7418400 us Sab1 000011101001000111011100101000111000000000000000000000000000000010000000000000000000000000000000010000000000000000000000000000001100100000000000000000000000000010000100000000000000000000000000
LOG 7418400 us Sab1 CORRUPTED Packet: 57
LOG 7418400 us Sab1 000011101001000111011100101000111000000000000000000000000000000010000000000000000000000000000000010000000000000000000000000000001100100000000000000000000000000010000100000000000000000000000000
[Central]  RECEIVED 	From 1		Data !	Size 24	  Sequence Number 19	(7418400 us)
[Central]  SENDING 		To 1	ACK 	Size 24	  Sequence Number 19	(7418400 us)
[Local]   RECEIVED 	From 2		ACK 	Size 24	  Sequence Number 18	(7419350 us)

		RTT of packet with SN 18 : 386 ms
		BASE : 19	NEXTSN : 21

[Local]   SENDING 		To 2	Data #	Size 24	  Sequence Number 21	(7609500 us)
LOG 7610450 us Sab1 ORIGINAL Packet: 59
LOG 7610450 us Sab1 000011101001000111011100101000111000000000000000000000000000000010000000000000000000000000000000010000000000000000000000000000000010100000000000000000000000000001100100000000000000000000000000
LOG 7610450 us Sab1 CORRUPTED Packet: 59
LOG 7610450 us Sab1 000011101001000111011100101000111000000000000000000000000000000010000000000000000000000000000000010000000000000000000000000000000010100000000000000000000000000001100100000000000000000000000000

		@@@@ timeout 0@@@@
		nextSNTemp : 4, nextSN : 0

[Local]   RECEIVED 	From 2		ACK 	Size 24	  Sequence Number 19	(7611400 us)

		RTT of packet with SN 19 : 386 ms
		BASE : 20	NEXTSN : 22

[Local]   SENDING 		To 2	Data -	Size 24	  Sequence Number 22	(7801550 us)
LOG 7802500 us Sab1 ORIGINAL Packet: 61
LOG 7802500 us Sab1 000011101001000111011100101000111000000000000000000000000000000010000000000000000000000000000000010000000000000000000000000000001010100000000000000000000000000011000100000000000000000000000000
LOG 7802500 us Sab1 CORRUPTED Packet: 61
LOG 7802500 us Sab1 000011101001000111011100101000111000000000000000000000000000000010000000000000000000000000000000010000000000000000000000000000001010100000000000000000000000000011000100000000000000000000000000
[Central]  RECEIVED 	From 1		Data #	Size 24	  Sequence Number 21	(7802500 us)
[Central]  SENDING 		To 1	ACK 	Size 24	  Sequence Number 19	(7802500 us)
LOG 7994550 us Sab1 ORIGINAL Packet: 62
LOG 7994550 us Sab1 000011101001000111011100101000111000000000000000000000000000000010000000000000000000000000000000010000000000000000000000000000000110100000000000000000000000000010110100000000000000000000000000
LOG 7994550 us Sab1 CORRUPTED Packet: 62
LOG 7994550 us Sab1 000011101001000111011100101000111000000000000000000000000000000010000000000000000000000000000000010000000000000000000000000000000110100000000000000000000000000010110100000000000000000000000000
[Central]  RECEIVED 	From 1		Data -	Size 24	  Sequence Number 22	(7994550 us)
[Central]  SENDING 		To 1	ACK 	Size 24	  Sequence Number 19	(7994550 us)

		Error - Wrong ACK --- Expected : 20, Actual : 19 -- the ACK will be discarded


Info: /OSCI/SystemC: Simulation stopped by user.
