
Local   <-->  Central with FullDuplex channel

+----------------------------------------------------------------------------------------------+
|TASK     ACTION        FROM    TO      DATA    SIZE      SEQUENCE NUMBER       TIME STAMP     |
+----------------------------------------------------------------------------------------------+

		@@@@ timeout 1@@@@
		nextSNTemp : 5, nextSN : 1

[Local]   SENDING 		To 2	Data "	Size 24	  Sequence Number 1	(600050 us)

		@@@@ timeout 1@@@@
		nextSNTemp : 5, nextSN : 1

[Local]   SENDING 		To 2	Data %	Size 24	  Sequence Number 2	(792100 us)
LOG 793050 us Sab1 ORIGINAL Packet: 0
LOG 793050 us Sab1 000011101001100111111011000100101000000000000000000000000000000010000000000000000000000000000000010000000000000000000000000000001000000000000000000000000000000001000100000000000000000000000000
LOG 793050 us Sab1 CORRUPTED Packet: 0
LOG 793050 us Sab1 000011101001100111111011000100101000000000000000000000000000000010000000000000000000000000000000010000000000000000000000000000001000000000000000000000000000000001000100000000000000000000000000
[Central]  RECEIVED 	From 1		Data "	Size 24	  Sequence Number 1	(793050 us)
[Central]  SENDING 		To 1	ACK 	Size 24	  Sequence Number 1	(793050 us)
[Local]   SENDING 		To 2	Data *	Size 24	  Sequence Number 3	(984150 us)
LOG 985100 us Sab1 ORIGINAL Packet: 1
LOG 985100 us Sab1 000011101001100111111011000100101000000000000000000000000000000010000000000000000000000000000000010000000000000000000000000000000100000000000000000000000000000010100100000000000000000000000000
LOG 985100 us Sab1 CORRUPTED Packet: 1
LOG 985100 us Sab1 000011101001100111111011000100101000000000000000000000000000000010000000000000000000000000000000010000000000000000000000000000000100000000000000000000000000000010100100000000000000000000000000
[Central]  RECEIVED 	From 1		Data %	Size 24	  Sequence Number 2	(985100 us)
[Central]  SENDING 		To 1	ACK 	Size 24	  Sequence Number 2	(985100 us)
[Local]   RECEIVED 	From 2		ACK 	Size 24	  Sequence Number 1	(986050 us)

		RTT of packet with SN 1 : 386 ms
		BASE : 2	NEXTSN : 4

[Local]   SENDING 		To 2	Data &	Size 24	  Sequence Number 4	(1176200 us)
LOG 1177150 us Sab1 ORIGINAL Packet: 3
LOG 1177150 us Sab1 000011101001100111111011000100101000000000000000000000000000000010000000000000000000000000000000010000000000000000000000000000001100000000000000000000000000000001010100000000000000000000000000
LOG 1177150 us Sab1 CORRUPTED Packet: 3
LOG 1177150 us Sab1 000011101001100111111011000100101000000000000000000000000000000010000000000000000000000000000000010000000000000000000000000000001100000000000000000000000000000001010100000000000000000000000000
[Local]   RECEIVED 	From 2		ACK 	Size 24	  Sequence Number 2	(1178100 us)

		RTT of packet with SN 2 : 386 ms
		BASE : 3	NEXTSN : 5


		@@@@ timeout 1@@@@
		nextSNTemp : 5, nextSN : 1

[Local]   SENDING 		To 2	Data "	Size 24	  Sequence Number 5	(1368250 us)
LOG 1369200 us Sab1 ORIGINAL Packet: 5
LOG 1369200 us Sab1 000011101001100111111011000100101000000000000000000000000000000010000000000000000000000000000000010000000000000000000000000000000010000000000000000000000000000001100100000000000000000000000000
LOG 1369200 us Sab1 CORRUPTED Packet: 5
LOG 1369200 us Sab1 000011101001100111111011000100101000000000000000000000000000000010000000000000000000000000000000010000000000000000000000000000000010000000000000000000000000000001100100000000000000000000000000
LOG 1561250 us Sab1 ORIGINAL Packet: 6
LOG 1561250 us Sab1 000011101001100111111011000100101000000000000000000000000000000010000000000000000000000000000000010000000000000000000000000000001010000000000000000000000000000001000100000000000000000000000000
LOG 1561250 us Sab1 CORRUPTED Packet: 6
LOG 1561250 us Sab1 000011101001100111111011000100101000000000000000000000000000000010000000000000000000000000000000010000000000000000000000000000001010000000000000000000000000000001000100000000000000000000000000
[Central]  RECEIVED 	From 1		Data "	Size 24	  Sequence Number 5	(1561250 us)
[Central]  SENDING 		To 1	ACK 	Size 24	  Sequence Number 2	(1561250 us)

		@@@@ timeout 3@@@@
		nextSNTemp : 7, nextSN : 3

[Local]   SENDING 		To 2	Data *	Size 24	  Sequence Number 3	(1584200 us)

		Error - Wrong ACK --- Expected : 3, Actual : 2 -- the ACK will be discarded

[Local]   SENDING 		To 2	Data &	Size 24	  Sequence Number 4	(1776250 us)
LOG 1777200 us Sab1 ORIGINAL Packet: 8
LOG 1777200 us Sab1 000011101001100111111011000100101000000000000000000000000000000010000000000000000000000000000000010000000000000000000000000000001100000000000000000000000000000001010100000000000000000000000000
LOG 1777200 us Sab1 CORRUPTED Packet: 8
LOG 1777200 us Sab1 000011101001100111111011000100101000000000000000000000000000000010000000000000000000000000000000010000000000000000000000000000001100000000000000000000000000000001010100000000000000000000000000

		@@@@ timeout 1@@@@
		nextSNTemp : 5, nextSN : 1

[Local]   SENDING 		To 2	Data "	Size 24	  Sequence Number 5	(1968300 us)
LOG 1969250 us Sab1 ORIGINAL Packet: 9
LOG 1969250 us Sab1 000011101001100111111011000100101000000000000000000000000000000010000000000000000000000000000000010000000000000000000000000000000010000000000000000000000000000001100100000000000000000000000000
LOG 1969250 us Sab1 CORRUPTED Packet: 9
LOG 1969250 us Sab1 000011101001100111111011000100101000000000000000000000000000000010000000000000000000000000000000010000000000000000000000000000000010000000000000000000000000000001100100000000000000000000000000
[Local]   SENDING 		To 2	Data $	Size 24	  Sequence Number 6	(2160350 us)
LOG 2161300 us Sab1 ORIGINAL Packet: 10
LOG 2161300 us Sab1 000011101001100111111011000100101000000000000000000000000000000010000000000000000000000000000000010000000000000000000000000000001010000000000000000000000000000001000100000000000000000000000000
LOG 2161300 us Sab1 CORRUPTED Packet: 10
LOG 2161300 us Sab1 000011101001100111111011000100101000000000000000000000000000000010000000000000000000000000000000010000000000000000000000000000001010000000000000000000000000000001000100000000000000000000000000

		@@@@ timeout 3@@@@
		nextSNTemp : 7, nextSN : 3

[Local]   SENDING 		To 2	Data *	Size 24	  Sequence Number 3	(2352400 us)
LOG 2353350 us Sab1 ORIGINAL Packet: 11
LOG 2353350 us Sab1 000011101001100111111011000100101000000000000000000000000000000010000000000000000000000000000000010000000000000000000000000000000110000000000000000000000000000000100100000000000000000000000000
LOG 2353350 us Sab1 CORRUPTED Packet: 11
LOG 2353350 us Sab1 000011101001100111111011000100101000000000000000000000000000000010000000000000000000000000000000010000000000000000000000000000000110000000000000000000000000000000100100000000000000000000000000

		@@@@ timeout 1@@@@
		nextSNTemp : 5, nextSN : 1

[Local]   SENDING 		To 2	Data &	Size 24	  Sequence Number 4	(2544450 us)
LOG 2545400 us Sab1 ORIGINAL Packet: 12
LOG 2545400 us Sab1 000011101001100111111011000100101000000000000000000000000000000010000000000000000000000000000000010000000000000000000000000000001100000000000000000000000000000001010100000000000000000000000000
LOG 2545400 us Sab1 CORRUPTED Packet: 12
LOG 2545400 us Sab1 000011101001100111111011000100101000000000000000000000000000000010000000000000000000000000000000010000000000000000000000000000001100000000000000000000000000000001010100000000000000000000000000
[Central]  RECEIVED 	From 1		Data *	Size 24	  Sequence Number 3	(2545400 us)
[Central]  SENDING 		To 1	ACK 	Size 24	  Sequence Number 3	(2545400 us)
[Local]   SENDING 		To 2	Data "	Size 24	  Sequence Number 5	(2736500 us)
LOG 2737450 us Sab1 ORIGINAL Packet: 13
LOG 2737450 us Sab1 000011101001100111111011000100101000000000000000000000000000000010000000000000000000000000000000010000000000000000000000000000000010000000000000000000000000000001100100000000000000000000000000
LOG 2737450 us Sab1 CORRUPTED Packet: 13
LOG 2737450 us Sab1 000011101001100111111011000100101000000000000000000000000000000010000000000000000000000000000000010000000000000000000000000000000010000000000000000000000000000001100100000000000000000000000000
[Central]  RECEIVED 	From 1		Data &	Size 24	  Sequence Number 4	(2737450 us)
[Central]  SENDING 		To 1	ACK 	Size 24	  Sequence Number 4	(2737450 us)
[Local]   RECEIVED 	From 2		ACK 	Size 24	  Sequence Number 3	(2738400 us)

		RTT of packet with SN 3 : 386 ms
		BASE : 4	NEXTSN : 6

[Local]   SENDING 		To 2	Data $	Size 24	  Sequence Number 6	(2928550 us)
LOG 2929500 us Sab1 ORIGINAL Packet: 15
LOG 2929500 us Sab1 000011101001100111111011000100101000000000000000000000000000000010000000000000000000000000000000010000000000000000000000000000001010000000000000000000000000000001000100000000000000000000000000
LOG 2929500 us Sab1 CORRUPTED Packet: 15
LOG 2929500 us Sab1 000011101001100111111011000100101000000000000000000000000000000010000000000000000000000000000000010000000000000000000000000000001010000000000000000000000000000001000100000000000000000000000000
[Central]  RECEIVED 	From 1		Data "	Size 24	  Sequence Number 5	(2929500 us)
[Central]  SENDING 		To 1	ACK 	Size 24	  Sequence Number 5	(2929500 us)
[Local]   RECEIVED 	From 2		ACK 	Size 24	  Sequence Number 4	(2930450 us)

		RTT of packet with SN 4 : 386 ms
		BASE : 5	NEXTSN : 7

[Local]   SENDING 		To 2	Data +	Size 24	  Sequence Number 7	(3120600 us)
LOG 3121550 us Sab1 ORIGINAL Packet: 17
LOG 3121550 us Sab1 000011101001100111111011000100101000000000000000000000000000000010000000000000000000000000000000010000000000000000000000000000000110000000000000000000000000000000100100000000000000000000000000
LOG 3121550 us Sab1 CORRUPTED Packet: 17
LOG 3121550 us Sab1 000011101001100111111011000100101000000000000000000000000000000010000000000000000000000000000000010000000000000000000000000000000110000000000000000000000000000000100100000000000000000000000000

		@@@@ timeout 1@@@@
		nextSNTemp : 5, nextSN : 1

[Local]   RECEIVED 	From 2		ACK 	Size 24	  Sequence Number 5	(3122500 us)

		RTT of packet with SN 5 : 386 ms
		BASE : 6	NEXTSN : 8

LOG 3313600 us Sab1 ORIGINAL Packet: 19
LOG 3313600 us Sab1 000011101001100111111011000100101000000000000000000000000000000010000000000000000000000000000000010000000000000000000000000000001110000000000000000000000000000011010100000000000000000000000000
LOG 3313600 us Sab1 CORRUPTED Packet: 19
LOG 3313600 us Sab1 000011101001100111111011000100101000000000000000000000000000000010000000000000000000000000000000010000000000000000000000000000001110000000000000000000000000000011010100000000000000000000000000
[Central]  RECEIVED 	From 1		Data +	Size 24	  Sequence Number 7	(3313600 us)
[Central]  SENDING 		To 1	ACK 	Size 24	  Sequence Number 5	(3313600 us)

		Error - Wrong ACK --- Expected : 6, Actual : 5 -- the ACK will be discarded


		@@@@ timeout 6@@@@
		nextSNTemp : 10, nextSN : 6

[Local]   SENDING 		To 2	Data $	Size 24	  Sequence Number 6	(3528600 us)
[Local]   SENDING 		To 2	Data +	Size 24	  Sequence Number 7	(3720650 us)
LOG 3721600 us Sab1 ORIGINAL Packet: 21
LOG 3721600 us Sab1 000011101001100111111011000100101000000000000000000000000000000010000000000000000000000000000000010000000000000000000000000000000110000000000000000000000000000000100100000000000000000000000000
LOG 3721600 us Sab1 CORRUPTED Packet: 21
LOG 3721600 us Sab1 000011101001100111111011000100101000000000000000000000000000000010000000000000000000000000000000010000000000000000000000000000000110000000000000000000000000000000100100000000000000000000000000

		@@@@ timeout 1@@@@
		nextSNTemp : 5, nextSN : 1

[Local]   SENDING 		To 2	Data #	Size 24	  Sequence Number 8	(3912700 us)
LOG 3913650 us Sab1 ORIGINAL Packet: 22
LOG 3913650 us Sab1 000011101001100111111011000100101000000000000000000000000000000010000000000000000000000000000000010000000000000000000000000000001110000000000000000000000000000011010100000000000000000000000000
LOG 3913650 us Sab1 CORRUPTED Packet: 22
LOG 3913650 us Sab1 000011101001100111111011000100101000000000000000000000000000000010000000000000000000000000000000010000000000000000000000000000001110000000000000000000000000000011010100000000000000000000000000
[Local]   SENDING 		To 2	Data "	Size 24	  Sequence Number 9	(4104750 us)
LOG 4105700 us Sab1 ORIGINAL Packet: 23
LOG 4105700 us Sab1 000011101001100111111011000100101000000000000000000000000000000010000000000000000000000000000000010000000000000000000000000000000001000000000000000000000000000011000100000000000000000000000000
LOG 4105700 us Sab1 CORRUPTED Packet: 23
LOG 4105700 us Sab1 000011101001100111111011000100101000000000000000000000000000000010000000000000000000000000000000010000000000000000000000000000000001000000000000000000000000000011000100000000000000000000000000
[Central]  RECEIVED 	From 1		Data #	Size 24	  Sequence Number 8	(4105700 us)
[Central]  SENDING 		To 1	ACK 	Size 24	  Sequence Number 5	(4105700 us)

		@@@@ timeout 6@@@@
		nextSNTemp : 10, nextSN : 6

[Local]   SENDING 		To 2	Data $	Size 24	  Sequence Number 6	(4296800 us)
LOG 4297750 us Sab1 ORIGINAL Packet: 24
LOG 4297750 us Sab1 000011101001100111111011000100101000000000000000000000000000000010000000000000000000000000000000010000000000000000000000000000001001000000000000000000000000000001000100000000000000000000000000
LOG 4297750 us Sab1 CORRUPTED Packet: 24
LOG 4297750 us Sab1 000011101001100111111011000100101000000000000000000000000000000010000000000000000000000000000000010000000000000000000000000000001001000000000000000000000000000001000100000000000000000000000000
[Central]  RECEIVED 	From 1		Data "	Size 24	  Sequence Number 9	(4297750 us)
[Central]  SENDING 		To 1	ACK 	Size 24	  Sequence Number 5	(4297750 us)

		Error - Wrong ACK --- Expected : 6, Actual : 5 -- the ACK will be discarded

[Local]   SENDING 		To 2	Data +	Size 24	  Sequence Number 7	(4488850 us)
LOG 4489800 us Sab1 ORIGINAL Packet: 26
LOG 4489800 us Sab1 000011101001100111111011000100101000000000000000000000000000000010000000000000000000000000000000010000000000000000000000000000000110000000000000000000000000000000100100000000000000000000000000
LOG 4489800 us Sab1 CORRUPTED Packet: 26
LOG 4489800 us Sab1 000011101001100111111011000100101000000000000000000000000000000010000000000000000000000000000000010000000000000000000000000000000110000000000000000000000000000000100100000000000000000000000000

		@@@@ timeout 1@@@@
		nextSNTemp : 5, nextSN : 1


		Error - Wrong ACK --- Expected : 6, Actual : 5 -- the ACK will be discarded

[Local]   SENDING 		To 2	Data #	Size 24	  Sequence Number 8	(4680900 us)
LOG 4681850 us Sab1 ORIGINAL Packet: 28
LOG 4681850 us Sab1 000011101001100111111011000100101000000000000000000000000000000010000000000000000000000000000000010000000000000000000000000000001110000000000000000000000000000011010100000000000000000000000000
LOG 4681850 us Sab1 CORRUPTED Packet: 28
LOG 4681850 us Sab1 000011101001100111111011000100101000000000000000000000000000000010000000000000000000000000000000010000000000000000000000000000001110000000000000000000000000000011010100000000000000000000000000
[Central]  RECEIVED 	From 1		Data +	Size 24	  Sequence Number 7	(4681850 us)
[Central]  SENDING 		To 1	ACK 	Size 24	  Sequence Number 5	(4681850 us)
[Local]   SENDING 		To 2	Data "	Size 24	  Sequence Number 9	(4872950 us)
LOG 4873900 us Sab1 ORIGINAL Packet: 29
LOG 4873900 us Sab1 000011101001100111111011000100101000000000000000000000000000000010000000000000000000000000000000010000000000000000000000000000000001000000000000000000000000000011000100000000000000000000000000
LOG 4873900 us Sab1 CORRUPTED Packet: 29
LOG 4873900 us Sab1 000011101001100111111011000100101000000000000000000000000000000010000000000000000000000000000000010000000000000000000000000000000001000000000000000000000000000011000100000000000000000000000000
[Central]  RECEIVED 	From 1		Data #	Size 24	  Sequence Number 8	(4873900 us)
[Central]  SENDING 		To 1	ACK 	Size 24	  Sequence Number 5	(4873900 us)

		Error - Wrong ACK --- Expected : 6, Actual : 5 -- the ACK will be discarded


		@@@@ timeout 6@@@@
		nextSNTemp : 10, nextSN : 6

[Local]   SENDING 		To 2	Data $	Size 24	  Sequence Number 6	(5065 ms)
LOG 5065950 us Sab1 ORIGINAL Packet: 31
LOG 5065950 us Sab1 000011101001100111111011000100101000000000000000000000000000000010000000000000000000000000000000010000000000000000000000000000001001000000000000000000000000000001000100000000000000000000000000
LOG 5065950 us Sab1 CORRUPTED Packet: 31
LOG 5065950 us Sab1 000011101001100111111011000100101000000000000000000000000000000010000000000000000000000000000000010000000000000000000000000000001001000000000000000000000000000001000100000000000000000000000000
[Central]  RECEIVED 	From 1		Data "	Size 24	  Sequence Number 9	(5065950 us)
[Central]  SENDING 		To 1	ACK 	Size 24	  Sequence Number 5	(5065950 us)

		Error - Wrong ACK --- Expected : 6, Actual : 5 -- the ACK will be discarded

[Local]   SENDING 		To 2	Data +	Size 24	  Sequence Number 7	(5257050 us)
LOG 5258 ms Sab1 ORIGINAL Packet: 33
LOG 5258 ms Sab1 000011101001100111111011000100101000000000000000000000000000000010000000000000000000000000000000010000000000000000000000000000000110000000000000000000000000000000100100000000000000000000000000
LOG 5258 ms Sab1 CORRUPTED Packet: 33
LOG 5258 ms Sab1 000011101001100111111011000100101000000000000000000000000000000010000000000000000000000000000000010000000000000000000000000000000110000000000000000000000000000000100100000000000000000000000000
[Central]  RECEIVED 	From 1		Data $	Size 24	  Sequence Number 6	(5258 ms)
[Central]  SENDING 		To 1	ACK 	Size 24	  Sequence Number 6	(5258 ms)

		Error - Wrong ACK --- Expected : 6, Actual : 5 -- the ACK will be discarded

[Local]   SENDING 		To 2	Data #	Size 24	  Sequence Number 8	(5449100 us)
LOG 5450050 us Sab1 ORIGINAL Packet: 35
LOG 5450050 us Sab1 000011101001100111111011000100101000000000000000000000000000000010000000000000000000000000000000010000000000000000000000000000001110000000000000000000000000000011010100000000000000000000000000
LOG 5450050 us Sab1 CORRUPTED Packet: 35
LOG 5450050 us Sab1 000011101001100111111011000100101000000000000000000000000000000010000000000000000000000000000000010000000000000000000000000000001110000000000000000000000000000011010100000000000000000000000000
[Central]  RECEIVED 	From 1		Data +	Size 24	  Sequence Number 7	(5450050 us)
[Central]  SENDING 		To 1	ACK 	Size 24	  Sequence Number 7	(5450050 us)
[Local]   RECEIVED 	From 2		ACK 	Size 24	  Sequence Number 6	(5451 ms)

		RTT of packet with SN 6 : 386 ms
		BASE : 7	NEXTSN : 9

[Local]   SENDING 		To 2	Data "	Size 24	  Sequence Number 9	(5641150 us)
LOG 5642100 us Sab1 ORIGINAL Packet: 37
LOG 5642100 us Sab1 000011101001100111111011000100101000000000000000000000000000000010000000000000000000000000000000010000000000000000000000000000000001000000000000000000000000000011000100000000000000000000000000
LOG 5642100 us Sab1 CORRUPTED Packet: 37
LOG 5642100 us Sab1 000011101001100111111011000100101000000000000000000000000000000010000000000000000000000000000000010000000000000000000000000000000001000000000000000000000000000011000100000000000000000000000000
[Central]  RECEIVED 	From 1		Data #	Size 24	  Sequence Number 8	(5642100 us)
[Central]  SENDING 		To 1	ACK 	Size 24	  Sequence Number 8	(5642100 us)
[Local]   RECEIVED 	From 2		ACK 	Size 24	  Sequence Number 7	(5643050 us)

		RTT of packet with SN 7 : 386 ms
		BASE : 8	NEXTSN : 10

[Local]   SENDING 		To 2	Data $	Size 24	  Sequence Number 10	(5833200 us)
LOG 5834150 us Sab1 ORIGINAL Packet: 39
LOG 5834150 us Sab1 000011101001100111111011000100101000000000000000000000000000000010000000000000000000000000000000010000000000000000000000000000001001000000000000000000000000000001000100000000000000000000000000
LOG 5834150 us Sab1 CORRUPTED Packet: 39
LOG 5834150 us Sab1 000011101001100111111011000100101000000000000000000000000000000010000000000000000000000000000000010000000000000000000000000000001001000000000000000000000000000001000100000000000000000000000000
[Central]  RECEIVED 	From 1		Data "	Size 24	  Sequence Number 9	(5834150 us)
[Central]  SENDING 		To 1	ACK 	Size 24	  Sequence Number 9	(5834150 us)
[Local]   RECEIVED 	From 2		ACK 	Size 24	  Sequence Number 8	(5835100 us)

		RTT of packet with SN 8 : 386 ms
		BASE : 9	NEXTSN : 11

LOG 6026200 us Sab1 ORIGINAL Packet: 41
LOG 6026200 us Sab1 000011101001100111111011000100101000000000000000000000000000000010000000000000000000000000000000010000000000000000000000000000000101000000000000000000000000000000100100000000000000000000000000
LOG 6026200 us Sab1 CORRUPTED Packet: 41
LOG 6026200 us Sab1 000011101001100111111011000100101000000000000000000000000000000010000000000000000000000000000000010000000000000000000000000000000101000000000000000000000000000000100100000000000000000000000000
[Central]  RECEIVED 	From 1		Data $	Size 24	  Sequence Number 10	(6026200 us)
[Central]  SENDING 		To 1	ACK 	Size 24	  Sequence Number 10	(6026200 us)
[Local]   RECEIVED 	From 2		ACK 	Size 24	  Sequence Number 9	(6027150 us)

		RTT of packet with SN 9 : 386 ms
		BASE : 10	NEXTSN : 11


		@@@@ timeout 1@@@@
		nextSNTemp : 5, nextSN : 1

[Local]   RECEIVED 	From 2		ACK 	Size 24	  Sequence Number 10	(6219200 us)

		RTT of packet with SN 10 : 386 ms
		BASE : 11	NEXTSN : 11


		@@@@ timeout 11@@@@
		nextSNTemp : 15, nextSN : 11

[Local]   SENDING 		To 2	Data #	Size 24	  Sequence Number 11	(6219200 us)
[Local]   SENDING 		To 2	Data &	Size 24	  Sequence Number 12	(6411250 us)
LOG 6412200 us Sab1 ORIGINAL Packet: 44
LOG 6412200 us Sab1 000011101001100111111011000100101000000000000000000000000000000010000000000000000000000000000000010000000000000000000000000000001101000000000000000000000000000011000100000000000000000000000000
LOG 6412200 us Sab1 CORRUPTED Packet: 44
LOG 6412200 us Sab1 000011101001100111111011000100101000000000000000000000000000000010000000000000000000000000000000010000000000000000000000000000001101000000000000000000000000000011000100000000000000000000000000
[Local]   SENDING 		To 2	Data '	Size 24	  Sequence Number 13	(6603300 us)
LOG 6604250 us Sab1 ORIGINAL Packet: 45
LOG 6604250 us Sab1 000011101001100111111011000100101000000000000000000000000000000010000000000000000000000000000000010000000000000000000000000000000011000000000000000000000000000001100100000000000000000000000000
LOG 6604250 us Sab1 CORRUPTED Packet: 45
LOG 6604250 us Sab1 000011101001100111111011000100101000000000000000000000000000000010000000000000000000000000000000010000000000000000000000000000000011000000000000000000000000000001100100000000000000000000000000
[Local]   SENDING 		To 2	Data ,	Size 24	  Sequence Number 14	(6795350 us)
LOG 6796300 us Sab1 ORIGINAL Packet: 46
LOG 6796300 us Sab1 000011101001100111111011000100101000000000000000000000000000000010000000000000000000000000000000010000000000000000000000000000001011000000000000000000000000000011100100000000000000000000000000
LOG 6796300 us Sab1 CORRUPTED Packet: 46
LOG 6796300 us Sab1 000011101001100111111011000100101000000000000000000000000000000010000000000000000000000000000000010000000000000000000000000000001011000000000000000000000000000011100100000000000000000000000000

		@@@@ timeout 1@@@@
		nextSNTemp : 5, nextSN : 1


		@@@@ timeout 11@@@@
		nextSNTemp : 15, nextSN : 11

[Local]   SENDING 		To 2	Data  	Size 24	  Sequence Number 11	(6987400 us)
LOG 6988350 us Sab1 ORIGINAL Packet: 47
LOG 6988350 us Sab1 000011101001100111111011000100101000000000000000000000000000000010000000000000000000000000000000010000000000000000000000000000000111000000000000000000000000000000110100000000000000000000000000
LOG 6988350 us Sab1 CORRUPTED Packet: 47
LOG 6988350 us Sab1 000011101001100111111011000100101000000000000000000000000000000010000000000000000000000000000000010000000000000000000000000000000111000000000000000000000000000000110100000000000000000000000000
[Local]   SENDING 		To 2	Data &	Size 24	  Sequence Number 12	(7179450 us)
LOG 7180400 us Sab1 ORIGINAL Packet: 48
LOG 7180400 us Sab1 000011101001100111111011000100101000000000000000000000000000000010000000000000000000000000000000010000000000000000000000000000001101000000000000000000000000000000000000000000000000000000000000
LOG 7180400 us Sab1 CORRUPTED Packet: 48
LOG 7180400 us Sab1 000011101001100111111011000100101000000000000000000000000000000010000000000000000000000000000000010000000000000000000000000000001101000000000000000000000000000000000000000000000000000000000000
[Central]  RECEIVED 	From 1		Data  	Size 24	  Sequence Number 11	(7180400 us)
[Central]  SENDING 		To 1	ACK 	Size 24	  Sequence Number 11	(7180400 us)
[Local]   SENDING 		To 2	Data '	Size 24	  Sequence Number 13	(7371500 us)
LOG 7372450 us Sab1 ORIGINAL Packet: 49
LOG 7372450 us Sab1 000011101001100111111011000100101000000000000000000000000000000010000000000000000000000000000000010000000000000000000000000000000011000000000000000000000000000001100100000000000000000000000000
LOG 7372450 us Sab1 CORRUPTED Packet: 49
LOG 7372450 us Sab1 000011101001100111111011000100101000000000000000000000000000000010000000000000000000000000000000010000000000000000000000000000000011000000000000000000000000000001100100000000000000000000000000
[Local]   RECEIVED 	From 2		ACK 	Size 24	  Sequence Number 11	(7373400 us)

		RTT of packet with SN 11 : 386 ms
		BASE : 12	NEXTSN : 14


		@@@@ timeout 1@@@@
		nextSNTemp : 5, nextSN : 1

[Local]   SENDING 		To 2	Data ,	Size 24	  Sequence Number 14	(7563550 us)
LOG 7564500 us Sab1 ORIGINAL Packet: 51
LOG 7564500 us Sab1 000011101001100111111011000100101000000000000000000000000000000010000000000000000000000000000000010000000000000000000000000000001011000000000000000000000000000011100100000000000000000000000000
LOG 7564500 us Sab1 CORRUPTED Packet: 51
LOG 7564500 us Sab1 000011101001100111111011000100101000000000000000000000000000000010000000000000000000000000000000010000000000000000000000000000001011000000000000000000000000000011100100000000000000000000000000
[Local]   SENDING 		To 2	Data .	Size 24	  Sequence Number 15	(7755600 us)
LOG 7756550 us Sab1 ORIGINAL Packet: 52
LOG 7756550 us Sab1 000011101001100111111011000100101000000000000000000000000000000010000000000000000000000000000000010000000000000000000000000000000111000000000000000000000000000000110100000000000000000000000000
LOG 7756550 us Sab1 CORRUPTED Packet: 52
LOG 7756550 us Sab1 000011101001100111111011000100101000000000000000000000000000000010000000000000000000000000000000010000000000000000000000000000000111000000000000000000000000000000110100000000000000000000000000
[Central]  RECEIVED 	From 1		Data ,	Size 24	  Sequence Number 14	(7756550 us)
[Central]  SENDING 		To 1	ACK 	Size 24	  Sequence Number 11	(7756550 us)

		@@@@ timeout 12@@@@
		nextSNTemp : 16, nextSN : 12

[Local]   SENDING 		To 2	Data &	Size 24	  Sequence Number 12	(7947650 us)
LOG 7948600 us Sab1 ORIGINAL Packet: 53
LOG 7948600 us Sab1 000011101001100111111011000100101000000000000000000000000000000010000000000000000000000000000000010000000000000000000000000000001111000000000000000000000000000001110100000000000000000000000000
LOG 7948600 us Sab1 CORRUPTED Packet: 53
LOG 7948600 us Sab1 000011101001100111111011000100101000000000000000000000000000000010000000000000000000000000000000010000000000000000000000000000001111000000000000000000000000000001110100000000000000000000000000
[Central]  RECEIVED 	From 1		Data .	Size 24	  Sequence Number 15	(7948600 us)
[Central]  SENDING 		To 1	ACK 	Size 24	  Sequence Number 11	(7948600 us)

		Error - Wrong ACK --- Expected : 12, Actual : 11 -- the ACK will be discarded


Info: /OSCI/SystemC: Simulation stopped by user.
