
Local   <-->  Central with FullDuplex channel

+----------------------------------------------------------------------------------------------+
|TASK     ACTION        FROM    TO      DATA    SIZE      SEQUENCE NUMBER       TIME STAMP     |
+----------------------------------------------------------------------------------------------+
[Local]   SENDING 		To 2	Data "	Size 24	  Sequence Number 1	(50 us)
[Local]   SENDING 		To 2	Data %	Size 24	  Sequence Number 2	(192100 us)
LOG 193050 us Sab1 ORIGINAL Packet: 0
LOG 193050 us Sab1 000011101001110011000101011011011000000000000000000000000000000010000000000000000000000000000000010000000000000000000000000000001000000000000000000000000000000001000100000000000000000000000000
LOG 193050 us Sab1 CORRUPTED Packet: 0
LOG 193050 us Sab1 000011101001110011000101011011011000000000000000000000000000000010000000000000000000000000000000010000000000000000000000000000001000000000000000000000000000000001000100000000000000000000000000
[Central]  RECEIVED 	From 1		Data "	Size 24	  Sequence Number 1	(193050 us)
[Central]  SENDING 		To 1	ACK 	Size 24	  Sequence Number 1	(193050 us)
LOG 385100 us Sab1 ORIGINAL Packet: 1
LOG 385100 us Sab1 000011101001110011000101011011011000000000000000000000000000000010000000000000000000000000000000010000000000000000000000000000000100000000000000000000000000000010100100000000000000000000000000
LOG 385100 us Sab1 CORRUPTED Packet: 1
LOG 385100 us Sab1 000011101001110011000101011011011000000000000000000000000000000010000000000000000000000000000000010000000000000000000000000000000100000000000000000000000000000010100100000000000000000000000000
[Central]  RECEIVED 	From 1		Data %	Size 24	  Sequence Number 2	(385100 us)
[Central]  SENDING 		To 1	ACK 	Size 24	  Sequence Number 2	(410100 us)
[Local]   RECEIVED 	From 2		ACK 	Size 24	  Sequence Number 1	(411050 us)

		RTT of packet with SN 1 : 411050 us
		BASE : 2	NEXTSN : 3


		@@@@ timeout 1@@@@
		nextSNTemp : 5, nextSN : 1

[Local]   RECEIVED 	From 2		ACK 	Size 24	  Sequence Number 2	(628100 us)

		RTT of packet with SN 2 : 436 ms
		BASE : 3	NEXTSN : 3


		@@@@ timeout 3@@@@
		nextSNTemp : 7, nextSN : 3

[Local]   SENDING 		To 2	Data *	Size 24	  Sequence Number 3	(628100 us)
[Local]   SENDING 		To 2	Data &	Size 24	  Sequence Number 4	(820150 us)
LOG 821100 us Sab1 ORIGINAL Packet: 4
LOG 821100 us Sab1 000011101001110011000101011011011000000000000000000000000000000010000000000000000000000000000000010000000000000000000000000000001100000000000000000000000000000001010100000000000000000000000000
LOG 821100 us Sab1 CORRUPTED Packet: 4
LOG 821100 us Sab1 000011101001110011000101011011011000000000000000000000000000000010000000000000000000000000000000010000000000000000000000000000001100000000000000000000000000000001010100000000000000000000000000
[Central]  RECEIVED 	From 1		Data *	Size 24	  Sequence Number 3	(821100 us)
[Central]  SENDING 		To 1	ACK 	Size 24	  Sequence Number 3	(821100 us)
[Local]   SENDING 		To 2	Data +	Size 24	  Sequence Number 5	(1012200 us)
LOG 1013150 us Sab1 ORIGINAL Packet: 5
LOG 1013150 us Sab1 000011101001110011000101011011011000000000000000000000000000000010000000000000000000000000000000010000000000000000000000000000000010000000000000000000000000000001100100000000000000000000000000
LOG 1013150 us Sab1 CORRUPTED Packet: 5
LOG 1013150 us Sab1 000011101001110011000101011011011000000000000000000000000000000010000000000000000000000000000000010000000000000000000000000000000010000000000000000000000000000001100100000000000000000000000000
[Central]  RECEIVED 	From 1		Data &	Size 24	  Sequence Number 4	(1013150 us)
[Central]  SENDING 		To 1	ACK 	Size 24	  Sequence Number 4	(1038150 us)
[Local]   RECEIVED 	From 2		ACK 	Size 24	  Sequence Number 3	(1039100 us)

		RTT of packet with SN 3 : 411 ms
		BASE : 4	NEXTSN : 6

[Local]   SENDING 		To 2	Data #	Size 24	  Sequence Number 6	(1204250 us)
LOG 1205200 us Sab1 ORIGINAL Packet: 7
LOG 1205200 us Sab1 000011101001110011000101011011011000000000000000000000000000000010000000000000000000000000000000010000000000000000000000000000001010000000000000000000000000000011010100000000000000000000000000
LOG 1205200 us Sab1 CORRUPTED Packet: 7
LOG 1205200 us Sab1 000011101001110011000101011011011000000000000000000000000000000010000000000000000000000000000000010000000000000000000000000000001010000000000000000000000000000011010100000000000000000000000000
[Central]  RECEIVED 	From 1		Data +	Size 24	  Sequence Number 5	(1205200 us)
[Central]  SENDING 		To 1	ACK 	Size 24	  Sequence Number 5	(1255200 us)
[Local]   RECEIVED 	From 2		ACK 	Size 24	  Sequence Number 4	(1256150 us)

		RTT of packet with SN 4 : 436 ms
		BASE : 5	NEXTSN : 7

[Local]   SENDING 		To 2	Data "	Size 24	  Sequence Number 7	(1396300 us)
LOG 1397250 us Sab1 ORIGINAL Packet: 9
LOG 1397250 us Sab1 000011101001110011000101011011011000000000000000000000000000000010000000000000000000000000000000010000000000000000000000000000000110000000000000000000000000000011000100000000000000000000000000
LOG 1397250 us Sab1 CORRUPTED Packet: 9
LOG 1397250 us Sab1 000011101001110011000101011011011000000000000000000000000000000010000000000000000000000000000000010000000000000000000000000000000110000000000000000000000000000011000100000000000000000000000000
[Central]  RECEIVED 	From 1		Data #	Size 24	  Sequence Number 6	(1397250 us)
[Central]  SENDING 		To 1	ACK 	Size 24	  Sequence Number 6	(1472250 us)
[Local]   RECEIVED 	From 2		ACK 	Size 24	  Sequence Number 5	(1473200 us)

		RTT of packet with SN 5 : 461 ms
		BASE : 6	NEXTSN : 8

[Local]   SENDING 		To 2	Data $	Size 24	  Sequence Number 8	(1588350 us)
LOG 1589300 us Sab1 ORIGINAL Packet: 11
LOG 1589300 us Sab1 000011101001110011000101011011011000000000000000000000000000000010000000000000000000000000000000010000000000000000000000000000001110000000000000000000000000000001000100000000000000000000000000
LOG 1589300 us Sab1 CORRUPTED Packet: 11
LOG 1589300 us Sab1 000011101001110011000101011011011000000000000000000000000000000010000000000000000000000000000000010000000000000000000000000000001110000000000000000000000000000001000100000000000000000000000000
[Central]  RECEIVED 	From 1		Data "	Size 24	  Sequence Number 7	(1589300 us)
[Central]  SENDING 		To 1	ACK 	Size 24	  Sequence Number 7	(1689300 us)
[Local]   RECEIVED 	From 2		ACK 	Size 24	  Sequence Number 6	(1690250 us)

		RTT of packet with SN 6 : 486 ms
		BASE : 7	NEXTSN : 9

LOG 1781350 us Sab1 ORIGINAL Packet: 13
LOG 1781350 us Sab1 000011101001110011000101011011011000000000000000000000000000000010000000000000000000000000000000010000000000000000000000000000000001000000000000000000000000000000100100000000000000000000000000
LOG 1781350 us Sab1 CORRUPTED Packet: 13
LOG 1781350 us Sab1 000011101001110011000101011011011000000000000000000000000000000010000000000000000000000000000000010000000000000000000000000000000001000000000000000000000000000000100100000000000000000000000000
[Central]  RECEIVED 	From 1		Data $	Size 24	  Sequence Number 8	(1781350 us)
[Central]  SENDING 		To 1	ACK 	Size 24	  Sequence Number 8	(1906350 us)
[Local]   RECEIVED 	From 2		ACK 	Size 24	  Sequence Number 7	(1907300 us)

		RTT of packet with SN 7 : 511 ms
		BASE : 8	NEXTSN : 9


		@@@@ timeout 1@@@@
		nextSNTemp : 5, nextSN : 1

[Local]   RECEIVED 	From 2		ACK 	Size 24	  Sequence Number 8	(2124350 us)

		RTT of packet with SN 8 : 536 ms
		BASE : 9	NEXTSN : 9


		@@@@ timeout 9@@@@
		nextSNTemp : 13, nextSN : 9

[Local]   SENDING 		To 2	Data &	Size 24	  Sequence Number 9	(2124350 us)
[Local]   SENDING 		To 2	Data '	Size 24	  Sequence Number 10	(2316400 us)
LOG 2317350 us Sab1 ORIGINAL Packet: 16
LOG 2317350 us Sab1 000011101001110011000101011011011000000000000000000000000000000010000000000000000000000000000000010000000000000000000000000000001001000000000000000000000000000001100100000000000000000000000000
LOG 2317350 us Sab1 CORRUPTED Packet: 16
LOG 2317350 us Sab1 000011101001110011000101011011011000000000000000000000000000000010000000000000000000000000000000010000000000000000000000000000001001000000000000000000000000000001100100000000000000000000000000
[Central]  RECEIVED 	From 1		Data &	Size 24	  Sequence Number 9	(2317350 us)
[Central]  SENDING 		To 1	ACK 	Size 24	  Sequence Number 9	(2317350 us)
[Local]   SENDING 		To 2	Data ,	Size 24	  Sequence Number 11	(2508450 us)
LOG 2509400 us Sab1 ORIGINAL Packet: 17
LOG 2509400 us Sab1 000011101001110011000101011011011000000000000000000000000000000010000000000000000000000000000000010000000000000000000000000000000101000000000000000000000000000011100100000000000000000000000000
LOG 2509400 us Sab1 CORRUPTED Packet: 17
LOG 2509400 us Sab1 000011101001110011000101011011011000000000000000000000000000000010000000000000000000000000000000010000000000000000000000000000000101000000000000000000000000000011100100000000000000000000000000
[Central]  RECEIVED 	From 1		Data '	Size 24	  Sequence Number 10	(2509400 us)
[Central]  SENDING 		To 1	ACK 	Size 24	  Sequence Number 10	(2534400 us)
[Local]   RECEIVED 	From 2		ACK 	Size 24	  Sequence Number 9	(2535350 us)

		RTT of packet with SN 9 : 411 ms
		BASE : 10	NEXTSN : 12

[Local]   SENDING 		To 2	Data .	Size 24	  Sequence Number 12	(2700500 us)
LOG 2701450 us Sab1 ORIGINAL Packet: 19
LOG 2701450 us Sab1 000011101001110011000101011011011000000000000000000000000000000010000000000000000000000000000000010000000000000000000000000000001101000000000000000000000000000000110100000000000000000000000000
LOG 2701450 us Sab1 CORRUPTED Packet: 19
LOG 2701450 us Sab1 000011101001110011000101011011011000000000000000000000000000000010000000000000000000000000000000010000000000000000000000000000001101000000000000000000000000000000110100000000000000000000000000
[Central]  RECEIVED 	From 1		Data ,	Size 24	  Sequence Number 11	(2701450 us)
[Central]  SENDING 		To 1	ACK 	Size 24	  Sequence Number 11	(2751450 us)
[Local]   RECEIVED 	From 2		ACK 	Size 24	  Sequence Number 10	(2752400 us)

		RTT of packet with SN 10 : 436 ms
		BASE : 11	NEXTSN : 13

[Local]   SENDING 		To 2	Data !	Size 24	  Sequence Number 13	(2892550 us)
LOG 2893500 us Sab1 ORIGINAL Packet: 21
LOG 2893500 us Sab1 000011101001110011000101011011011000000000000000000000000000000010000000000000000000000000000000010000000000000000000000000000000011000000000000000000000000000001110100000000000000000000000000
LOG 2893500 us Sab1 CORRUPTED Packet: 21
LOG 2893500 us Sab1 000011101001110011000101011011011000000000000000000000000000000010000000000000000000000000000000010000000000000000000000000000000011000000000000000000000000000001110100000000000000000000000000
[Central]  RECEIVED 	From 1		Data .	Size 24	  Sequence Number 12	(2893500 us)
[Central]  SENDING 		To 1	ACK 	Size 24	  Sequence Number 12	(2968500 us)
[Local]   RECEIVED 	From 2		ACK 	Size 24	  Sequence Number 11	(2969450 us)

		RTT of packet with SN 11 : 461 ms
		BASE : 12	NEXTSN : 14

[Local]   SENDING 		To 2	Data +	Size 24	  Sequence Number 14	(3084600 us)
LOG 3085550 us Sab1 ORIGINAL Packet: 23
LOG 3085550 us Sab1 000011101001110011000101011011011000000000000000000000000000000010000000000000000000000000000000010000000000000000000000000000001011000000000000000000000000000010000100000000000000000000000000
LOG 3085550 us Sab1 CORRUPTED Packet: 23
LOG 3085550 us Sab1 000011101001110011000101011011011000000000000000000000000000000010000000000000000000000000000000010000000000000000000000000000001011000000000000000000000000000010000100000000000000000000000000
[Central]  RECEIVED 	From 1		Data !	Size 24	  Sequence Number 13	(3085550 us)
[Central]  SENDING 		To 1	ACK 	Size 24	  Sequence Number 13	(3185550 us)
[Local]   RECEIVED 	From 2		ACK 	Size 24	  Sequence Number 12	(3186500 us)

		RTT of packet with SN 12 : 486 ms
		BASE : 13	NEXTSN : 15

LOG 3277600 us Sab1 ORIGINAL Packet: 25
LOG 3277600 us Sab1 000011101001110011000101011011011000000000000000000000000000000010000000000000000000000000000000010000000000000000000000000000000111000000000000000000000000000011010100000000000000000000000000
LOG 3277600 us Sab1 CORRUPTED Packet: 25
LOG 3277600 us Sab1 000011101001110011000101011011011000000000000000000000000000000010000000000000000000000000000000010000000000000000000000000000000111000000000000000000000000000011010100000000000000000000000000
[Central]  RECEIVED 	From 1		Data +	Size 24	  Sequence Number 14	(3277600 us)
[Central]  SENDING 		To 1	ACK 	Size 24	  Sequence Number 14	(3402600 us)
[Local]   RECEIVED 	From 2		ACK 	Size 24	  Sequence Number 13	(3403550 us)

		RTT of packet with SN 13 : 511 ms
		BASE : 14	NEXTSN : 15


		@@@@ timeout 1@@@@
		nextSNTemp : 5, nextSN : 1

[Local]   RECEIVED 	From 2		ACK 	Size 24	  Sequence Number 14	(3620600 us)

		RTT of packet with SN 14 : 536 ms
		BASE : 15	NEXTSN : 15


		@@@@ timeout 15@@@@
		nextSNTemp : 19, nextSN : 15

[Local]   SENDING 		To 2	Data )	Size 24	  Sequence Number 15	(3620600 us)
[Local]   SENDING 		To 2	Data #	Size 24	  Sequence Number 16	(3812650 us)
LOG 3813600 us Sab1 ORIGINAL Packet: 28
LOG 3813600 us Sab1 000011101001110011000101011011011000000000000000000000000000000010000000000000000000000000000000010000000000000000000000000000001111000000000000000000000000000010010100000000000000000000000000
LOG 3813600 us Sab1 CORRUPTED Packet: 28
LOG 3813600 us Sab1 000011101001110011000101011011011000000000000000000000000000000010000000000000000000000000000000010000000000000000000000000000001111000000000000000000000000000010010100000000000000000000000000
[Central]  RECEIVED 	From 1		Data )	Size 24	  Sequence Number 15	(3813600 us)
[Central]  SENDING 		To 1	ACK 	Size 24	  Sequence Number 15	(3813600 us)
[Local]   SENDING 		To 2	Data #	Size 24	  Sequence Number 17	(4004700 us)
LOG 4005650 us Sab1 ORIGINAL Packet: 29
LOG 4005650 us Sab1 000011101001110011000101011011011000000000000000000000000000000010000000000000000000000000000000010000000000000000000000000000000000100000000000000000000000000011000100000000000000000000000000
LOG 4005650 us Sab1 CORRUPTED Packet: 29
LOG 4005650 us Sab1 000011101001110011000101011011011000000000000000000000000000000010000000000000000000000000000000010000000000000000000000000000000000100000000000000000000000000011000100000000000000000000000000
[Central]  RECEIVED 	From 1		Data #	Size 24	  Sequence Number 16	(4005650 us)
[Central]  SENDING 		To 1	ACK 	Size 24	  Sequence Number 16	(4030650 us)
[Local]   RECEIVED 	From 2		ACK 	Size 24	  Sequence Number 15	(4031600 us)

		RTT of packet with SN 15 : 411 ms
		BASE : 16	NEXTSN : 18

[Local]   SENDING 		To 2	Data !	Size 24	  Sequence Number 18	(4196750 us)
LOG 4197700 us Sab1 ORIGINAL Packet: 31
LOG 4197700 us Sab1 000011101001110011000101011011011000000000000000000000000000000010000000000000000000000000000000010000000000000000000000000000001000100000000000000000000000000011000100000000000000000000000000
LOG 4197700 us Sab1 CORRUPTED Packet: 31
LOG 4197700 us Sab1 000011101001110011000101011011011000000000000000000000000000000010000000000000000000000000000000010000000000000000000000000000001000100000000000000000000000000011000100000000000000000000000000
[Central]  RECEIVED 	From 1		Data #	Size 24	  Sequence Number 17	(4197700 us)
[Central]  SENDING 		To 1	ACK 	Size 24	  Sequence Number 17	(4247700 us)
[Local]   RECEIVED 	From 2		ACK 	Size 24	  Sequence Number 16	(4248650 us)

		RTT of packet with SN 16 : 436 ms
		BASE : 17	NEXTSN : 19

[Local]   SENDING 		To 2	Data &	Size 24	  Sequence Number 19	(4388800 us)
LOG 4389750 us Sab1 ORIGINAL Packet: 33
LOG 4389750 us Sab1 000011101001110011000101011011011000000000000000000000000000000010000000000000000000000000000000010000000000000000000000000000000100100000000000000000000000000010000100000000000000000000000000
LOG 4389750 us Sab1 CORRUPTED Packet: 33
LOG 4389750 us Sab1 000011101001110011000101011011011000000000000000000000000000000010000000000000000000000000000000010000000000000000000000000000000100100000000000000000000000000010000100000000000000000000000000
[Central]  RECEIVED 	From 1		Data !	Size 24	  Sequence Number 18	(4389750 us)
[Central]  SENDING 		To 1	ACK 	Size 24	  Sequence Number 18	(4464750 us)
[Local]   RECEIVED 	From 2		ACK 	Size 24	  Sequence Number 17	(4465700 us)

		RTT of packet with SN 17 : 461 ms
		BASE : 18	NEXTSN : 20

[Local]   SENDING 		To 2	Data *	Size 24	  Sequence Number 20	(4580850 us)
LOG 4581800 us Sab1 ORIGINAL Packet: 35
LOG 4581800 us Sab1 000011101001110011000101011011011000000000000000000000000000000010000000000000000000000000000000010000000000000000000000000000001100100000000000000000000000000001100100000000000000000000000000
LOG 4581800 us Sab1 CORRUPTED Packet: 35
LOG 4581800 us Sab1 000011101001110011000101011011011000000000000000000000000000000010000000000000000000000000000000010000000000000000000000000000001100100000000000000000000000000001100100000000000000000000000000
[Central]  RECEIVED 	From 1		Data &	Size 24	  Sequence Number 19	(4581800 us)
[Central]  SENDING 		To 1	ACK 	Size 24	  Sequence Number 19	(4681800 us)
[Local]   RECEIVED 	From 2		ACK 	Size 24	  Sequence Number 18	(4682750 us)

		RTT of packet with SN 18 : 486 ms
		BASE : 19	NEXTSN : 21

LOG 4773850 us Sab1 ORIGINAL Packet: 37
LOG 4773850 us Sab1 000011101001110011000101011011011000000000000000000000000000000010000000000000000000000000000000010000000000000000000000000000000010100000000000000000000000000001010100000000000000000000000000
LOG 4773850 us Sab1 CORRUPTED Packet: 37
LOG 4773850 us Sab1 000011101001110011000101011011011000000000000000000000000000000010000000000000000000000000000000010000000000000000000000000000000010100000000000000000000000000001010100000000000000000000000000
[Central]  RECEIVED 	From 1		Data *	Size 24	  Sequence Number 20	(4773850 us)
[Central]  SENDING 		To 1	ACK 	Size 24	  Sequence Number 20	(4898850 us)
[Local]   RECEIVED 	From 2		ACK 	Size 24	  Sequence Number 19	(4899800 us)

		RTT of packet with SN 19 : 511 ms
		BASE : 20	NEXTSN : 21


		@@@@ timeout 1@@@@
		nextSNTemp : 5, nextSN : 1

[Local]   RECEIVED 	From 2		ACK 	Size 24	  Sequence Number 20	(5116850 us)

		RTT of packet with SN 20 : 536 ms
		BASE : 21	NEXTSN : 21


		@@@@ timeout 21@@@@
		nextSNTemp : 25, nextSN : 21

[Local]   SENDING 		To 2	Data #	Size 24	  Sequence Number 21	(5116850 us)
[Local]   SENDING 		To 2	Data -	Size 24	  Sequence Number 22	(5308900 us)
LOG 5309850 us Sab1 ORIGINAL Packet: 40
LOG 5309850 us Sab1 000011101001110011000101011011011000000000000000000000000000000010000000000000000000000000000000010000000000000000000000000000001010100000000000000000000000000011000100000000000000000000000000
LOG 5309850 us Sab1 CORRUPTED Packet: 40
LOG 5309850 us Sab1 000011101001110011000101011011011000000000000000000000000000000010000000000000000000000000000000010000000000000000000000000000001010100000000000000000000000000011000100000000000000000000000000
[Central]  RECEIVED 	From 1		Data #	Size 24	  Sequence Number 21	(5309850 us)
[Central]  SENDING 		To 1	ACK 	Size 24	  Sequence Number 21	(5309850 us)
[Local]   SENDING 		To 2	Data .	Size 24	  Sequence Number 23	(5500950 us)
LOG 5501900 us Sab1 ORIGINAL Packet: 41
LOG 5501900 us Sab1 000011101001110011000101011011011000000000000000000000000000000010000000000000000000000000000000010000000000000000000000000000000110100000000000000000000000000010110100000000000000000000000000
LOG 5501900 us Sab1 CORRUPTED Packet: 41
LOG 5501900 us Sab1 000011101001110011000101011011011000000000000000000000000000000010000000000000000000000000000000010000000000000000000000000000000110100000000000000000000000000010110100000000000000000000000000
[Central]  RECEIVED 	From 1		Data -	Size 24	  Sequence Number 22	(5501900 us)
[Central]  SENDING 		To 1	ACK 	Size 24	  Sequence Number 22	(5526900 us)
[Local]   RECEIVED 	From 2		ACK 	Size 24	  Sequence Number 21	(5527850 us)

		RTT of packet with SN 21 : 411 ms
		BASE : 22	NEXTSN : 24

[Local]   SENDING 		To 2	Data "	Size 24	  Sequence Number 24	(5693 ms)
LOG 5693950 us Sab1 ORIGINAL Packet: 43
LOG 5693950 us Sab1 000011101001110011000101011011011000000000000000000000000000000010000000000000000000000000000000010000000000000000000000000000001110100000000000000000000000000001110100000000000000000000000000
LOG 5693950 us Sab1 CORRUPTED Packet: 43
LOG 5693950 us Sab1 000011101001110011000101011011011000000000000000000000000000000010000000000000000000000000000000010000000000000000000000000000001110100000000000000000000000000001110100000000000000000000000000
[Central]  RECEIVED 	From 1		Data .	Size 24	  Sequence Number 23	(5693950 us)
[Central]  SENDING 		To 1	ACK 	Size 24	  Sequence Number 23	(5743950 us)
[Local]   RECEIVED 	From 2		ACK 	Size 24	  Sequence Number 22	(5744900 us)

		RTT of packet with SN 22 : 436 ms
		BASE : 23	NEXTSN : 25

[Local]   SENDING 		To 2	Data &	Size 24	  Sequence Number 25	(5885050 us)
LOG 5886 ms Sab1 ORIGINAL Packet: 45
LOG 5886 ms Sab1 000011101001110011000101011011011000000000000000000000000000000010000000000000000000000000000000010000000000000000000000000000000001100000000000000000000000000001000100000000000000000000000000
LOG 5886 ms Sab1 CORRUPTED Packet: 45
LOG 5886 ms Sab1 000011101001110011000101011011011000000000000000000000000000000010000000000000000000000000000000010000000000000000000000000000000001100000000000000000000000000001000100000000000000000000000000
[Central]  RECEIVED 	From 1		Data "	Size 24	  Sequence Number 24	(5886 ms)
[Central]  SENDING 		To 1	ACK 	Size 24	  Sequence Number 24	(5961 ms)
[Local]   RECEIVED 	From 2		ACK 	Size 24	  Sequence Number 23	(5961950 us)

		RTT of packet with SN 23 : 461 ms
		BASE : 24	NEXTSN : 26

[Local]   SENDING 		To 2	Data !	Size 24	  Sequence Number 26	(6077100 us)
LOG 6078050 us Sab1 ORIGINAL Packet: 47
LOG 6078050 us Sab1 000011101001110011000101011011011000000000000000000000000000000010000000000000000000000000000000010000000000000000000000000000001001100000000000000000000000000001100100000000000000000000000000
LOG 6078050 us Sab1 CORRUPTED Packet: 47
LOG 6078050 us Sab1 000011101001110011000101011011011000000000000000000000000000000010000000000000000000000000000000010000000000000000000000000000001001100000000000000000000000000001100100000000000000000000000000
[Central]  RECEIVED 	From 1		Data &	Size 24	  Sequence Number 25	(6078050 us)
[Central]  SENDING 		To 1	ACK 	Size 24	  Sequence Number 25	(6178050 us)
[Local]   RECEIVED 	From 2		ACK 	Size 24	  Sequence Number 24	(6179 ms)

		RTT of packet with SN 24 : 486 ms
		BASE : 25	NEXTSN : 27

LOG 6270100 us Sab1 ORIGINAL Packet: 49
LOG 6270100 us Sab1 000011101001110011000101011011011000000000000000000000000000000010000000000000000000000000000000010000000000000000000000000000000101100000000000000000000000000010000100000000000000000000000000
LOG 6270100 us Sab1 CORRUPTED Packet: 49
LOG 6270100 us Sab1 000011101001110011000101011011011000000000000000000000000000000010000000000000000000000000000000010000000000000000000000000000000101100000000000000000000000000010000100000000000000000000000000
[Central]  RECEIVED 	From 1		Data !	Size 24	  Sequence Number 26	(6270100 us)
[Central]  SENDING 		To 1	ACK 	Size 24	  Sequence Number 26	(6395100 us)
[Local]   RECEIVED 	From 2		ACK 	Size 24	  Sequence Number 25	(6396050 us)

		RTT of packet with SN 25 : 511 ms
		BASE : 26	NEXTSN : 27


		@@@@ timeout 1@@@@
		nextSNTemp : 5, nextSN : 1

[Local]   RECEIVED 	From 2		ACK 	Size 24	  Sequence Number 26	(6613100 us)

		RTT of packet with SN 26 : 536 ms
		BASE : 27	NEXTSN : 27


		@@@@ timeout 27@@@@
		nextSNTemp : 31, nextSN : 27

[Local]   SENDING 		To 2	Data +	Size 24	  Sequence Number 27	(6613100 us)
[Local]   SENDING 		To 2	Data -	Size 24	  Sequence Number 28	(6805150 us)
LOG 6806100 us Sab1 ORIGINAL Packet: 52
LOG 6806100 us Sab1 000011101001110011000101011011011000000000000000000000000000000010000000000000000000000000000000010000000000000000000000000000001101100000000000000000000000000011010100000000000000000000000000
LOG 6806100 us Sab1 CORRUPTED Packet: 52
LOG 6806100 us Sab1 000011101001110011000101011011011000000000000000000000000000000010000000000000000000000000000000010000000000000000000000000000001101100000000000000000000000000011010100000000000000000000000000
[Central]  RECEIVED 	From 1		Data +	Size 24	  Sequence Number 27	(6806100 us)
[Central]  SENDING 		To 1	ACK 	Size 24	  Sequence Number 27	(6806100 us)
[Local]   SENDING 		To 2	Data *	Size 24	  Sequence Number 29	(6997200 us)
LOG 6998150 us Sab1 ORIGINAL Packet: 53
LOG 6998150 us Sab1 000011101001110011000101011011011000000000000000000000000000000010000000000000000000000000000000010000000000000000000000000000000011100000000000000000000000000010110100000000000000000000000000
LOG 6998150 us Sab1 CORRUPTED Packet: 53
LOG 6998150 us Sab1 000011101001110011000101011011011000000000000000000000000000000010000000000000000000000000000000010000000000000000000000000000000011100000000000000000000000000010110100000000000000000000000000
[Central]  RECEIVED 	From 1		Data -	Size 24	  Sequence Number 28	(6998150 us)
[Central]  SENDING 		To 1	ACK 	Size 24	  Sequence Number 28	(7023150 us)
[Local]   RECEIVED 	From 2		ACK 	Size 24	  Sequence Number 27	(7024100 us)

		RTT of packet with SN 27 : 411 ms
		BASE : 28	NEXTSN : 30

[Local]   SENDING 		To 2	Data "	Size 24	  Sequence Number 30	(7189250 us)
LOG 7190200 us Sab1 ORIGINAL Packet: 55
LOG 7190200 us Sab1 000011101001110011000101011011011000000000000000000000000000000010000000000000000000000000000000010000000000000000000000000000001011100000000000000000000000000001010100000000000000000000000000
LOG 7190200 us Sab1 CORRUPTED Packet: 55
LOG 7190200 us Sab1 000011101001110011000101011011011000000000000000000000000000000010000000000000000000000000000000010000000000000000000000000000001011100000000000000000000000000001010100000000000000000000000000
[Central]  RECEIVED 	From 1		Data *	Size 24	  Sequence Number 29	(7190200 us)
[Central]  SENDING 		To 1	ACK 	Size 24	  Sequence Number 29	(7240200 us)
[Local]   RECEIVED 	From 2		ACK 	Size 24	  Sequence Number 28	(7241150 us)

		RTT of packet with SN 28 : 436 ms
		BASE : 29	NEXTSN : 31

[Local]   SENDING 		To 2	Data !	Size 24	  Sequence Number 31	(7381300 us)
LOG 7382250 us Sab1 ORIGINAL Packet: 57
LOG 7382250 us Sab1 000011101001110011000101011011011000000000000000000000000000000010000000000000000000000000000000010000000000000000000000000000000111100000000000000000000000000001000100000000000000000000000000
LOG 7382250 us Sab1 CORRUPTED Packet: 57
LOG 7382250 us Sab1 000011101001110011000101011011011000000000000000000000000000000010000000000000000000000000000000010000000000000000000000000000000111100000000000000000000000000001000100000000000000000000000000
[Central]  RECEIVED 	From 1		Data "	Size 24	  Sequence Number 30	(7382250 us)
[Central]  SENDING 		To 1	ACK 	Size 24	  Sequence Number 30	(7457250 us)
[Local]   RECEIVED 	From 2		ACK 	Size 24	  Sequence Number 29	(7458200 us)

		RTT of packet with SN 29 : 461 ms
		BASE : 30	NEXTSN : 32

[Local]   SENDING 		To 2	Data *	Size 24	  Sequence Number 32	(7573350 us)
LOG 7574300 us Sab1 ORIGINAL Packet: 59
LOG 7574300 us Sab1 000011101001110011000101011011011000000000000000000000000000000010000000000000000000000000000000010000000000000000000000000000001111100000000000000000000000000010000100000000000000000000000000
LOG 7574300 us Sab1 CORRUPTED Packet: 59
LOG 7574300 us Sab1 000011101001110011000101011011011000000000000000000000000000000010000000000000000000000000000000010000000000000000000000000000001111100000000000000000000000000010000100000000000000000000000000
[Central]  RECEIVED 	From 1		Data !	Size 24	  Sequence Number 31	(7574300 us)
[Central]  SENDING 		To 1	ACK 	Size 24	  Sequence Number 31	(7674300 us)
[Local]   RECEIVED 	From 2		ACK 	Size 24	  Sequence Number 30	(7675250 us)

		RTT of packet with SN 30 : 486 ms
		BASE : 31	NEXTSN : 33

LOG 7766350 us Sab1 ORIGINAL Packet: 61
LOG 7766350 us Sab1 000011101001110011000101011011011000000000000000000000000000000010000000000000000000000000000000010000000000000000000000000000000000010000000000000000000000000001010100000000000000000000000000
LOG 7766350 us Sab1 CORRUPTED Packet: 61
LOG 7766350 us Sab1 000011101001110011000101011011011000000000000000000000000000000010000000000000000000000000000000010000000000000000000000000000000000010000000000000000000000000001010100000000000000000000000000
[Central]  RECEIVED 	From 1		Data *	Size 24	  Sequence Number 32	(7766350 us)
[Central]  SENDING 		To 1	ACK 	Size 24	  Sequence Number 32	(7891350 us)
[Local]   RECEIVED 	From 2		ACK 	Size 24	  Sequence Number 31	(7892300 us)

		RTT of packet with SN 31 : 511 ms
		BASE : 32	NEXTSN : 33


Info: /OSCI/SystemC: Simulation stopped by user.
