
Local   <-->  Central with FullDuplex channel

+----------------------------------------------------------------------------------------------+
|TASK     ACTION        FROM    TO      DATA    SIZE      SEQUENCE NUMBER       TIME STAMP     |
+----------------------------------------------------------------------------------------------+
[Local]   SENDING 		To 2	Data "	Size 24	  Sequence Number 1	(50 us)
[Local]   SENDING 		To 2	Data %	Size 24	  Sequence Number 2	(192100 us)
LOG 193050 us Sab1 ORIGINAL Packet: 0
LOG 193050 us Sab1 000011101001111010010111001100001000000000000000000000000000000010000000000000000000000000000000010000000000000000000000000000001000000000000000000000000000000001000100000000000000000000000000
LOG 193050 us Sab1 CORRUPTED Packet: 0
LOG 193050 us Sab1 000011101001111010010111001100001000000000000000000000000000000010000000000000000000000000000000010000000000000000000000000000001000000000000000000000000000000001000100000000000000000000000000
[Central]  RECEIVED 	From 1		Data "	Size 24	  Sequence Number 1	(193050 us)
[Central]  SENDING 		To 1	ACK 	Size 24	  Sequence Number 1	(193050 us)
LOG 385100 us Sab1 ORIGINAL Packet: 1
LOG 385100 us Sab1 000011101001111010010111001100001000000000000000000000000000000010000000000000000000000000000000010000000000000000000000000000000100000000000000000000000000000010100100000000000000000000000000
LOG 385100 us Sab1 CORRUPTED Packet: 1
LOG 385100 us Sab1 000011101001111010010111001100001000000000000000000000000000000010000000000000000000000000000000010000000000000000000000000000000100000000000000000000000000000010100100000000000000000000000000
[Central]  RECEIVED 	From 1		Data %	Size 24	  Sequence Number 2	(385100 us)
[Central]  SENDING 		To 1	ACK 	Size 24	  Sequence Number 2	(385100 us)
[Local]   RECEIVED 	From 2		ACK 	Size 24	  Sequence Number 1	(386050 us)

		RTT of packet with SN 1 : 386 ms
		BASE : 1	NEXTSN : 3

[Local]   RECEIVED 	From 2		ACK 	Size 24	  Sequence Number 2	(578100 us)

		RTT of packet with SN 2 : 386 ms
		BASE : 2	NEXTSN : 3


		@@@@ timeout 0@@@@
		nextSNTemp : 4, nextSN : 0


		@@@@ timeout 2@@@@
		nextSNTemp : 6, nextSN : 2

[Local]   SENDING 		To 2	Data *	Size 24	  Sequence Number 3	(792150 us)
[Local]   SENDING 		To 2	Data *	Size 24	  Sequence Number 3	(984200 us)
LOG 985150 us Sab1 ORIGINAL Packet: 4
LOG 985150 us Sab1 000011101001111010010111001100001000000000000000000000000000000010000000000000000000000000000000010000000000000000000000000000001100000000000000000000000000000001010100000000000000000000000000
LOG 985150 us Sab1 CORRUPTED Packet: 4
LOG 985150 us Sab1 000011101001111010010111001100001000000000000000000000000000000010000000000000000000000000000000010000000000000000000000000000001100000000000000000000000000000001010100000000000000000000000000
[Central]  RECEIVED 	From 1		Data *	Size 24	  Sequence Number 3	(985150 us)
[Central]  SENDING 		To 1	ACK 	Size 24	  Sequence Number 3	(985150 us)
[Local]   SENDING 		To 2	Data &	Size 24	  Sequence Number 4	(1176250 us)
LOG 1177200 us Sab1 ORIGINAL Packet: 5
LOG 1177200 us Sab1 000011101001111010010111001100001000000000000000000000000000000010000000000000000000000000000000010000000000000000000000000000001100000000000000000000000000000001010100000000000000000000000000
LOG 1177200 us Sab1 CORRUPTED Packet: 5
LOG 1177200 us Sab1 000011101001111010010111001100001000000000000000000000000000000010000000000000000000000000000000010000000000000000000000000000001100000000000000000000000000000001010100000000000000000000000000
[Central]  RECEIVED 	From 1		Data *	Size 24	  Sequence Number 3	(1177200 us)
[Central]  SENDING 		To 1	ACK 	Size 24	  Sequence Number 3	(1177200 us)
[Local]   RECEIVED 	From 2		ACK 	Size 24	  Sequence Number 3	(1178150 us)

		RTT of packet with SN 3 : 193950 us
		BASE : 3	NEXTSN : 5

[Local]   SENDING 		To 2	Data +	Size 24	  Sequence Number 5	(1368300 us)
LOG 1369250 us Sab1 ORIGINAL Packet: 7
LOG 1369250 us Sab1 000011101001111010010111001100001000000000000000000000000000000010000000000000000000000000000000010000000000000000000000000000000010000000000000000000000000000001100100000000000000000000000000
LOG 1369250 us Sab1 CORRUPTED Packet: 7
LOG 1369250 us Sab1 000011101001111010010111001100001000000000000000000000000000000010000000000000000000000000000000010000000000000000000000000000000010000000000000000000000000000001100100000000000000000000000000
[Central]  RECEIVED 	From 1		Data &	Size 24	  Sequence Number 4	(1369250 us)
[Central]  SENDING 		To 1	ACK 	Size 24	  Sequence Number 4	(1369250 us)
[Local]   RECEIVED 	From 2		ACK 	Size 24	  Sequence Number 3	(1370200 us)

		RTT of packet with SN 3 : 386 ms
		BASE : 4	NEXTSN : 6

[Local]   SENDING 		To 2	Data #	Size 24	  Sequence Number 6	(1560350 us)
LOG 1561300 us Sab1 ORIGINAL Packet: 9
LOG 1561300 us Sab1 000011101001111010010111001100001000000000000000000000000000000010000000000000000000000000000000010000000000000000000000000000001010000000000000000000000000000011010100000000000000000000000000
LOG 1561300 us Sab1 CORRUPTED Packet: 9
LOG 1561300 us Sab1 000011101001111010010111001100001000000000000000000000000000000010000000000000000000000000000000010000000000000000000000000000001010000000000000000000000000000011010100000000000000000000000000
[Central]  RECEIVED 	From 1		Data +	Size 24	  Sequence Number 5	(1561300 us)
[Central]  SENDING 		To 1	ACK 	Size 24	  Sequence Number 5	(1561300 us)
[Local]   RECEIVED 	From 2		ACK 	Size 24	  Sequence Number 4	(1562250 us)

		RTT of packet with SN 4 : 386 ms
		BASE : 5	NEXTSN : 7

[Local]   SENDING 		To 2	Data "	Size 24	  Sequence Number 7	(1752400 us)
LOG 1753350 us Sab1 ORIGINAL Packet: 11
LOG 1753350 us Sab1 000011101001111010010111001100001000000000000000000000000000000010000000000000000000000000000000010000000000000000000000000000000110000000000000000000000000000011000100000000000000000000000000
LOG 1753350 us Sab1 CORRUPTED Packet: 11
LOG 1753350 us Sab1 000011101001111010010111001100001000000000000000000000000000000010000000000000000000000000000000010000000000000000000000000000000110000000000000000000000000000011000100000000000000000000000000
[Central]  RECEIVED 	From 1		Data #	Size 24	  Sequence Number 6	(1753350 us)
[Central]  SENDING 		To 1	ACK 	Size 24	  Sequence Number 6	(1753350 us)
[Local]   RECEIVED 	From 2		ACK 	Size 24	  Sequence Number 5	(1754300 us)

		RTT of packet with SN 5 : 386 ms
		BASE : 6	NEXTSN : 8

LOG 1945400 us Sab1 ORIGINAL Packet: 13
LOG 1945400 us Sab1 000011101001111010010111001100001000000000000000000000000000000010000000000000000000000000000000010000000000000000000000000000001110000000000000000000000000000001000100000000000000000000000000
LOG 1945400 us Sab1 CORRUPTED Packet: 13
LOG 1945400 us Sab1 000011101001111010010111001100001000000000000000000000000000000010000000000000000000000000000000010000000000000000000000000000001110000000000000000000000000000001000100000000000000000000000000
[Central]  RECEIVED 	From 1		Data "	Size 24	  Sequence Number 7	(1945400 us)
[Central]  SENDING 		To 1	ACK 	Size 24	  Sequence Number 7	(1945400 us)
[Local]   RECEIVED 	From 2		ACK 	Size 24	  Sequence Number 6	(1946350 us)

		RTT of packet with SN 6 : 386 ms
		BASE : 7	NEXTSN : 8


		@@@@ timeout 0@@@@
		nextSNTemp : 4, nextSN : 0

[Local]   RECEIVED 	From 2		ACK 	Size 24	  Sequence Number 7	(2138400 us)

		RTT of packet with SN 7 : 386 ms
		BASE : 8	NEXTSN : 8


		@@@@ timeout 8@@@@
		nextSNTemp : 12, nextSN : 8

[Local]   SENDING 		To 2	Data $	Size 24	  Sequence Number 8	(2138400 us)
[Local]   SENDING 		To 2	Data &	Size 24	  Sequence Number 9	(2330450 us)
LOG 2331400 us Sab1 ORIGINAL Packet: 16
LOG 2331400 us Sab1 000011101001111010010111001100001000000000000000000000000000000010000000000000000000000000000000010000000000000000000000000000000001000000000000000000000000000000100100000000000000000000000000
LOG 2331400 us Sab1 CORRUPTED Packet: 16
LOG 2331400 us Sab1 000011101001111010010111001100001000000000000000000000000000000010000000000000000000000000000000010000000000000000000000000000000001000000000000000000000000000000100100000000000000000000000000
[Central]  RECEIVED 	From 1		Data $	Size 24	  Sequence Number 8	(2331400 us)
[Central]  SENDING 		To 1	ACK 	Size 24	  Sequence Number 8	(2331400 us)
[Local]   SENDING 		To 2	Data '	Size 24	  Sequence Number 10	(2522500 us)
LOG 2523450 us Sab1 ORIGINAL Packet: 17
LOG 2523450 us Sab1 000011101001111010010111001100001000000000000000000000000000000010000000000000000000000000000000010000000000000000000000000000001001000000000000000000000000000001100100000000000000000000000000
LOG 2523450 us Sab1 CORRUPTED Packet: 17
LOG 2523450 us Sab1 000011101001111010010111001100001000000000000000000000000000000010000000000000000000000000000000010000000000000000000000000000001001000000000000000000000000000001100100000000000000000000000000
[Central]  RECEIVED 	From 1		Data &	Size 24	  Sequence Number 9	(2523450 us)
[Central]  SENDING 		To 1	ACK 	Size 24	  Sequence Number 9	(2523450 us)
[Local]   RECEIVED 	From 2		ACK 	Size 24	  Sequence Number 8	(2524400 us)

		RTT of packet with SN 8 : 386 ms
		BASE : 9	NEXTSN : 11

[Local]   SENDING 		To 2	Data ,	Size 24	  Sequence Number 11	(2714550 us)
LOG 2715500 us Sab1 ORIGINAL Packet: 19
LOG 2715500 us Sab1 000011101001111010010111001100001000000000000000000000000000000010000000000000000000000000000000010000000000000000000000000000000101000000000000000000000000000011100100000000000000000000000000
LOG 2715500 us Sab1 CORRUPTED Packet: 19
LOG 2715500 us Sab1 000011101001111010010111001100001000000000000000000000000000000010000000000000000000000000000000010000000000000000000000000000000101000000000000000000000000000011100100000000000000000000000000
[Central]  RECEIVED 	From 1		Data '	Size 24	  Sequence Number 10	(2715500 us)
[Central]  SENDING 		To 1	ACK 	Size 24	  Sequence Number 10	(2715500 us)
[Local]   RECEIVED 	From 2		ACK 	Size 24	  Sequence Number 9	(2716450 us)

		RTT of packet with SN 9 : 386 ms
		BASE : 10	NEXTSN : 12

[Local]   SENDING 		To 2	Data .	Size 24	  Sequence Number 12	(2906600 us)
LOG 2907550 us Sab1 ORIGINAL Packet: 21
LOG 2907550 us Sab1 000011101001111010010111001100001000000000000000000000000000000010000000000000000000000000000000010000000000000000000000000000001101000000000000000000000000000000110100000000000000000000000000
LOG 2907550 us Sab1 CORRUPTED Packet: 21
LOG 2907550 us Sab1 000011101001111010010111001100001000000000000000000000000000000010000000000000000000000000000000010000000000000000000000000000001101000000000000000000000000000000110100000000000000000000000000
[Central]  RECEIVED 	From 1		Data ,	Size 24	  Sequence Number 11	(2907550 us)
[Central]  SENDING 		To 1	ACK 	Size 24	  Sequence Number 11	(2907550 us)
[Local]   RECEIVED 	From 2		ACK 	Size 24	  Sequence Number 10	(2908500 us)

		RTT of packet with SN 10 : 386 ms
		BASE : 11	NEXTSN : 13

[Local]   SENDING 		To 2	Data !	Size 24	  Sequence Number 13	(3098650 us)
LOG 3099600 us Sab1 ORIGINAL Packet: 23
LOG 3099600 us Sab1 000011101001111010010111001100001000000000000000000000000000000010000000000000000000000000000000010000000000000000000000000000000011000000000000000000000000000001110100000000000000000000000000
LOG 3099600 us Sab1 CORRUPTED Packet: 23
LOG 3099600 us Sab1 000011101001111010010111001100001000000000000000000000000000000010000000000000000000000000000000010000000000000000000000000000000011000000000000000000000000000001110100000000000000000000000000
[Central]  RECEIVED 	From 1		Data .	Size 24	  Sequence Number 12	(3099600 us)
[Central]  SENDING 		To 1	ACK 	Size 24	  Sequence Number 12	(3099600 us)
[Local]   RECEIVED 	From 2		ACK 	Size 24	  Sequence Number 11	(3100550 us)

		RTT of packet with SN 11 : 386 ms
		BASE : 12	NEXTSN : 14

LOG 3291650 us Sab1 ORIGINAL Packet: 25
LOG 3291650 us Sab1 000011101001111010010111001100001000000000000000000000000000000010000000000000000000000000000000010000000000000000000000000000001011000000000000000000000000000010000100000000000000000000000000
LOG 3291650 us Sab1 CORRUPTING bit: 137 of Packet: 25 with ERROR_BIT: 0.0007
LOG 3291650 us Sab1 CORRUPTED Packet: 25
LOG 3291650 us Sab1 000011101001111010010111001100001000000000000000000000000000000010000000000000000000000000000000010000000000000000000000000000001011000001000000000000000000000010000100000000000000000000000000
[Central]  RECEIVED 	From 1		Data !	Size 24	  Sequence Number 525	(3291650 us)
[Central]  SENDING 		To 1	ACK 	Size 24	  Sequence Number 12	(3291650 us)
[Local]   RECEIVED 	From 2		ACK 	Size 24	  Sequence Number 12	(3292600 us)

		RTT of packet with SN 12 : 386 ms
		BASE : 13	NEXTSN : 14


		@@@@ timeout 0@@@@
		nextSNTemp : 4, nextSN : 0


		Error - Wrong ACK --- Expected : 13, Actual : 12 -- the ACK will be discarded


		@@@@ timeout 13@@@@
		nextSNTemp : 17, nextSN : 13

[Local]   SENDING 		To 2	Data !	Size 24	  Sequence Number 13	(3698700 us)
[Local]   SENDING 		To 2	Data +	Size 24	  Sequence Number 14	(3890750 us)
LOG 3891700 us Sab1 ORIGINAL Packet: 28
LOG 3891700 us Sab1 000011101001111010010111001100001000000000000000000000000000000010000000000000000000000000000000010000000000000000000000000000001011000000000000000000000000000010000100000000000000000000000000
LOG 3891700 us Sab1 CORRUPTED Packet: 28
LOG 3891700 us Sab1 000011101001111010010111001100001000000000000000000000000000000010000000000000000000000000000000010000000000000000000000000000001011000000000000000000000000000010000100000000000000000000000000
[Central]  RECEIVED 	From 1		Data !	Size 24	  Sequence Number 13	(3891700 us)
[Central]  SENDING 		To 1	ACK 	Size 24	  Sequence Number 13	(3891700 us)
[Local]   SENDING 		To 2	Data )	Size 24	  Sequence Number 15	(4082800 us)
LOG 4083750 us Sab1 ORIGINAL Packet: 29
LOG 4083750 us Sab1 000011101001111010010111001100001000000000000000000000000000000010000000000000000000000000000000010000000000000000000000000000000111000000000000000000000000000011010100000000000000000000000000
LOG 4083750 us Sab1 CORRUPTED Packet: 29
LOG 4083750 us Sab1 000011101001111010010111001100001000000000000000000000000000000010000000000000000000000000000000010000000000000000000000000000000111000000000000000000000000000011010100000000000000000000000000
[Central]  RECEIVED 	From 1		Data +	Size 24	  Sequence Number 14	(4083750 us)
[Central]  SENDING 		To 1	ACK 	Size 24	  Sequence Number 14	(4083750 us)
[Local]   RECEIVED 	From 2		ACK 	Size 24	  Sequence Number 13	(4084700 us)

		RTT of packet with SN 13 : 386 ms
		BASE : 14	NEXTSN : 16

[Local]   SENDING 		To 2	Data #	Size 24	  Sequence Number 16	(4274850 us)
LOG 4275800 us Sab1 ORIGINAL Packet: 31
LOG 4275800 us Sab1 000011101001111010010111001100001000000000000000000000000000000010000000000000000000000000000000010000000000000000000000000000001111000000000000000000000000000010010100000000000000000000000000
LOG 4275800 us Sab1 CORRUPTED Packet: 31
LOG 4275800 us Sab1 000011101001111010010111001100001000000000000000000000000000000010000000000000000000000000000000010000000000000000000000000000001111000000000000000000000000000010010100000000000000000000000000
[Central]  RECEIVED 	From 1		Data )	Size 24	  Sequence Number 15	(4275800 us)
[Central]  SENDING 		To 1	ACK 	Size 24	  Sequence Number 15	(4275800 us)
[Local]   RECEIVED 	From 2		ACK 	Size 24	  Sequence Number 14	(4276750 us)

		RTT of packet with SN 14 : 386 ms
		BASE : 15	NEXTSN : 17

[Local]   SENDING 		To 2	Data #	Size 24	  Sequence Number 17	(4466900 us)
LOG 4467850 us Sab1 ORIGINAL Packet: 33
LOG 4467850 us Sab1 000011101001111010010111001100001000000000000000000000000000000010000000000000000000000000000000010000000000000000000000000000000000100000000000000000000000000011000100000000000000000000000000
LOG 4467850 us Sab1 CORRUPTED Packet: 33
LOG 4467850 us Sab1 000011101001111010010111001100001000000000000000000000000000000010000000000000000000000000000000010000000000000000000000000000000000100000000000000000000000000011000100000000000000000000000000
[Central]  RECEIVED 	From 1		Data #	Size 24	  Sequence Number 16	(4467850 us)
[Central]  SENDING 		To 1	ACK 	Size 24	  Sequence Number 16	(4467850 us)
[Local]   RECEIVED 	From 2		ACK 	Size 24	  Sequence Number 15	(4468800 us)

		RTT of packet with SN 15 : 386 ms
		BASE : 16	NEXTSN : 18

[Local]   SENDING 		To 2	Data $	Size 24	  Sequence Number 18	(4658950 us)
LOG 4659900 us Sab1 ORIGINAL Packet: 35
LOG 4659900 us Sab1 000011101001111010010111001100001000000000000000000000000000000010000000000000000000000000000000010000000000000000000000000000001000100000000000000000000000000011000100000000000000000000000000
LOG 4659900 us Sab1 CORRUPTED Packet: 35
LOG 4659900 us Sab1 000011101001111010010111001100001000000000000000000000000000000010000000000000000000000000000000010000000000000000000000000000001000100000000000000000000000000011000100000000000000000000000000
[Central]  RECEIVED 	From 1		Data #	Size 24	  Sequence Number 17	(4659900 us)
[Central]  SENDING 		To 1	ACK 	Size 24	  Sequence Number 17	(4659900 us)
[Local]   RECEIVED 	From 2		ACK 	Size 24	  Sequence Number 16	(4660850 us)

		RTT of packet with SN 16 : 386 ms
		BASE : 17	NEXTSN : 19

LOG 4851950 us Sab1 ORIGINAL Packet: 37
LOG 4851950 us Sab1 000011101001111010010111001100001000000000000000000000000000000010000000000000000000000000000000010000000000000000000000000000000100100000000000000000000000000000100100000000000000000000000000
LOG 4851950 us Sab1 CORRUPTED Packet: 37
LOG 4851950 us Sab1 000011101001111010010111001100001000000000000000000000000000000010000000000000000000000000000000010000000000000000000000000000000100100000000000000000000000000000100100000000000000000000000000
[Central]  RECEIVED 	From 1		Data $	Size 24	  Sequence Number 18	(4851950 us)
[Central]  SENDING 		To 1	ACK 	Size 24	  Sequence Number 18	(4851950 us)
[Local]   RECEIVED 	From 2		ACK 	Size 24	  Sequence Number 17	(4852900 us)

		RTT of packet with SN 17 : 386 ms
		BASE : 18	NEXTSN : 19


		@@@@ timeout 0@@@@
		nextSNTemp : 4, nextSN : 0

[Local]   RECEIVED 	From 2		ACK 	Size 24	  Sequence Number 18	(5044950 us)

		RTT of packet with SN 18 : 386 ms
		BASE : 19	NEXTSN : 19


		@@@@ timeout 19@@@@
		nextSNTemp : 23, nextSN : 19

[Local]   SENDING 		To 2	Data !	Size 24	  Sequence Number 19	(5044950 us)
[Local]   SENDING 		To 2	Data &	Size 24	  Sequence Number 20	(5237 ms)
LOG 5237950 us Sab1 ORIGINAL Packet: 40
LOG 5237950 us Sab1 000011101001111010010111001100001000000000000000000000000000000010000000000000000000000000000000010000000000000000000000000000001100100000000000000000000000000010000100000000000000000000000000
LOG 5237950 us Sab1 CORRUPTED Packet: 40
LOG 5237950 us Sab1 000011101001111010010111001100001000000000000000000000000000000010000000000000000000000000000000010000000000000000000000000000001100100000000000000000000000000010000100000000000000000000000000
[Central]  RECEIVED 	From 1		Data !	Size 24	  Sequence Number 19	(5237950 us)
[Central]  SENDING 		To 1	ACK 	Size 24	  Sequence Number 19	(5237950 us)
[Local]   SENDING 		To 2	Data #	Size 24	  Sequence Number 21	(5429050 us)
LOG 5430 ms Sab1 ORIGINAL Packet: 41
LOG 5430 ms Sab1 000011101001111010010111001100001000000000000000000000000000000010000000000000000000000000000000010000000000000000000000000000000010100000000000000000000000000001100100000000000000000000000000
LOG 5430 ms Sab1 CORRUPTED Packet: 41
LOG 5430 ms Sab1 000011101001111010010111001100001000000000000000000000000000000010000000000000000000000000000000010000000000000000000000000000000010100000000000000000000000000001100100000000000000000000000000
[Central]  RECEIVED 	From 1		Data &	Size 24	  Sequence Number 20	(5430 ms)
[Central]  SENDING 		To 1	ACK 	Size 24	  Sequence Number 20	(5430 ms)
[Local]   RECEIVED 	From 2		ACK 	Size 24	  Sequence Number 19	(5430950 us)

		RTT of packet with SN 19 : 386 ms
		BASE : 20	NEXTSN : 22

[Local]   SENDING 		To 2	Data -	Size 24	  Sequence Number 22	(5621100 us)
LOG 5622050 us Sab1 ORIGINAL Packet: 43
LOG 5622050 us Sab1 000011101001111010010111001100001000000000000000000000000000000010000000000000000000000000000000010000000000000000000000000000001010100000000000000000000000000011000100000000000000000000000000
LOG 5622050 us Sab1 CORRUPTED Packet: 43
LOG 5622050 us Sab1 000011101001111010010111001100001000000000000000000000000000000010000000000000000000000000000000010000000000000000000000000000001010100000000000000000000000000011000100000000000000000000000000
[Central]  RECEIVED 	From 1		Data #	Size 24	  Sequence Number 21	(5622050 us)
[Central]  SENDING 		To 1	ACK 	Size 24	  Sequence Number 21	(5622050 us)
[Local]   RECEIVED 	From 2		ACK 	Size 24	  Sequence Number 20	(5623 ms)

		RTT of packet with SN 20 : 386 ms
		BASE : 21	NEXTSN : 23

[Local]   SENDING 		To 2	Data -	Size 24	  Sequence Number 23	(5813150 us)
LOG 5814100 us Sab1 ORIGINAL Packet: 45
LOG 5814100 us Sab1 000011101001111010010111001100001000000000000000000000000000000010000000000000000000000000000000010000000000000000000000000000000110100000000000000000000000000010110100000000000000000000000000
LOG 5814100 us Sab1 CORRUPTED Packet: 45
LOG 5814100 us Sab1 000011101001111010010111001100001000000000000000000000000000000010000000000000000000000000000000010000000000000000000000000000000110100000000000000000000000000010110100000000000000000000000000
[Central]  RECEIVED 	From 1		Data -	Size 24	  Sequence Number 22	(5814100 us)
[Central]  SENDING 		To 1	ACK 	Size 24	  Sequence Number 22	(5814100 us)
[Local]   RECEIVED 	From 2		ACK 	Size 24	  Sequence Number 21	(5815050 us)

		RTT of packet with SN 21 : 386 ms
		BASE : 22	NEXTSN : 24

[Local]   SENDING 		To 2	Data .	Size 24	  Sequence Number 24	(6005200 us)
LOG 6006150 us Sab1 ORIGINAL Packet: 47
LOG 6006150 us Sab1 000011101001111010010111001100001000000000000000000000000000000010000000000000000000000000000000010000000000000000000000000000001110100000000000000000000000000010110100000000000000000000000000
LOG 6006150 us Sab1 CORRUPTED Packet: 47
LOG 6006150 us Sab1 000011101001111010010111001100001000000000000000000000000000000010000000000000000000000000000000010000000000000000000000000000001110100000000000000000000000000010110100000000000000000000000000
[Central]  RECEIVED 	From 1		Data -	Size 24	  Sequence Number 23	(6006150 us)
[Central]  SENDING 		To 1	ACK 	Size 24	  Sequence Number 23	(6006150 us)
[Local]   RECEIVED 	From 2		ACK 	Size 24	  Sequence Number 22	(6007100 us)

		RTT of packet with SN 22 : 386 ms
		BASE : 23	NEXTSN : 25

LOG 6198200 us Sab1 ORIGINAL Packet: 49
LOG 6198200 us Sab1 000011101001111010010111001100001000000000000000000000000000000010000000000000000000000000000000010000000000000000000000000000000001100000000000000000000000000001110100000000000000000000000000
LOG 6198200 us Sab1 CORRUPTING bit: 25 of Packet: 49 with ERROR_BIT: 0.0007
LOG 6198200 us Sab1 CORRUPTED Packet: 49
LOG 6198200 us Sab1 000011101001111010010111011100001000000000000000000000000000000010000000000000000000000000000000010000000000000000000000000000000001100000000000000000000000000001110100000000000000000000000000
[Central]  RECEIVED 	From 1		Data .	Size 24	  Sequence Number 24	(6198200 us)
[Central]  SENDING 		To 1	ACK 	Size 24	  Sequence Number 24	(6198200 us)
[Local]   RECEIVED 	From 2		ACK 	Size 24	  Sequence Number 23	(6199150 us)

		RTT of packet with SN 23 : 386 ms
		BASE : 24	NEXTSN : 25


		@@@@ timeout 0@@@@
		nextSNTemp : 4, nextSN : 0

[Local]   RECEIVED 	From 2		ACK 	Size 24	  Sequence Number 24	(6391200 us)

		RTT of packet with SN 24 : 386 ms
		BASE : 25	NEXTSN : 25


		@@@@ timeout 25@@@@
		nextSNTemp : 29, nextSN : 25

[Local]   SENDING 		To 2	Data &	Size 24	  Sequence Number 25	(6391200 us)
[Local]   SENDING 		To 2	Data &	Size 24	  Sequence Number 26	(6583250 us)
LOG 6584200 us Sab1 ORIGINAL Packet: 52
LOG 6584200 us Sab1 000011101001111010010111001100001000000000000000000000000000000010000000000000000000000000000000010000000000000000000000000000001001100000000000000000000000000001100100000000000000000000000000
LOG 6584200 us Sab1 CORRUPTED Packet: 52
LOG 6584200 us Sab1 000011101001111010010111001100001000000000000000000000000000000010000000000000000000000000000000010000000000000000000000000000001001100000000000000000000000000001100100000000000000000000000000
[Central]  RECEIVED 	From 1		Data &	Size 24	  Sequence Number 25	(6584200 us)
[Central]  SENDING 		To 1	ACK 	Size 24	  Sequence Number 25	(6584200 us)
[Local]   SENDING 		To 2	Data !	Size 24	  Sequence Number 27	(6775300 us)
LOG 6776250 us Sab1 ORIGINAL Packet: 53
LOG 6776250 us Sab1 000011101001111010010111001100001000000000000000000000000000000010000000000000000000000000000000010000000000000000000000000000000101100000000000000000000000000001100100000000000000000000000000
LOG 6776250 us Sab1 CORRUPTED Packet: 53
LOG 6776250 us Sab1 000011101001111010010111001100001000000000000000000000000000000010000000000000000000000000000000010000000000000000000000000000000101100000000000000000000000000001100100000000000000000000000000
[Central]  RECEIVED 	From 1		Data &	Size 24	  Sequence Number 26	(6776250 us)
[Central]  SENDING 		To 1	ACK 	Size 24	  Sequence Number 26	(6776250 us)
[Local]   RECEIVED 	From 2		ACK 	Size 24	  Sequence Number 25	(6777200 us)

		RTT of packet with SN 25 : 386 ms
		BASE : 26	NEXTSN : 28

[Local]   SENDING 		To 2	Data +	Size 24	  Sequence Number 28	(6967350 us)
LOG 6968300 us Sab1 ORIGINAL Packet: 55
LOG 6968300 us Sab1 000011101001111010010111001100001000000000000000000000000000000010000000000000000000000000000000010000000000000000000000000000001101100000000000000000000000000010000100000000000000000000000000
LOG 6968300 us Sab1 CORRUPTED Packet: 55
LOG 6968300 us Sab1 000011101001111010010111001100001000000000000000000000000000000010000000000000000000000000000000010000000000000000000000000000001101100000000000000000000000000010000100000000000000000000000000
[Central]  RECEIVED 	From 1		Data !	Size 24	  Sequence Number 27	(6968300 us)
[Central]  SENDING 		To 1	ACK 	Size 24	  Sequence Number 27	(6968300 us)
[Local]   RECEIVED 	From 2		ACK 	Size 24	  Sequence Number 26	(6969250 us)

		RTT of packet with SN 26 : 386 ms
		BASE : 27	NEXTSN : 29

[Local]   SENDING 		To 2	Data $	Size 24	  Sequence Number 29	(7159400 us)
LOG 7160350 us Sab1 ORIGINAL Packet: 57
LOG 7160350 us Sab1 000011101001111010010111001100001000000000000000000000000000000010000000000000000000000000000000010000000000000000000000000000000011100000000000000000000000000011010100000000000000000000000000
LOG 7160350 us Sab1 CORRUPTED Packet: 57
LOG 7160350 us Sab1 000011101001111010010111001100001000000000000000000000000000000010000000000000000000000000000000010000000000000000000000000000000011100000000000000000000000000011010100000000000000000000000000
[Central]  RECEIVED 	From 1		Data +	Size 24	  Sequence Number 28	(7160350 us)
[Central]  SENDING 		To 1	ACK 	Size 24	  Sequence Number 28	(7160350 us)
[Local]   RECEIVED 	From 2		ACK 	Size 24	  Sequence Number 27	(7161300 us)

		RTT of packet with SN 27 : 386 ms
		BASE : 28	NEXTSN : 30

[Local]   SENDING 		To 2	Data *	Size 24	  Sequence Number 30	(7351450 us)
LOG 7352400 us Sab1 ORIGINAL Packet: 59
LOG 7352400 us Sab1 000011101001111010010111001100001000000000000000000000000000000010000000000000000000000000000000010000000000000000000000000000001011100000000000000000000000000000100100000000000000000000000000
LOG 7352400 us Sab1 CORRUPTED Packet: 59
LOG 7352400 us Sab1 000011101001111010010111001100001000000000000000000000000000000010000000000000000000000000000000010000000000000000000000000000001011100000000000000000000000000000100100000000000000000000000000
[Central]  RECEIVED 	From 1		Data $	Size 24	  Sequence Number 29	(7352400 us)
[Central]  SENDING 		To 1	ACK 	Size 24	  Sequence Number 29	(7352400 us)
[Local]   RECEIVED 	From 2		ACK 	Size 24	  Sequence Number 28	(7353350 us)

		RTT of packet with SN 28 : 386 ms
		BASE : 29	NEXTSN : 31

LOG 7544450 us Sab1 ORIGINAL Packet: 61
LOG 7544450 us Sab1 000011101001111010010111001100001000000000000000000000000000000010000000000000000000000000000000010000000000000000000000000000000111100000000000000000000000000001010100000000000000000000000000
LOG 7544450 us Sab1 CORRUPTED Packet: 61
LOG 7544450 us Sab1 000011101001111010010111001100001000000000000000000000000000000010000000000000000000000000000000010000000000000000000000000000000111100000000000000000000000000001010100000000000000000000000000
[Central]  RECEIVED 	From 1		Data *	Size 24	  Sequence Number 30	(7544450 us)
[Central]  SENDING 		To 1	ACK 	Size 24	  Sequence Number 30	(7544450 us)
[Local]   RECEIVED 	From 2		ACK 	Size 24	  Sequence Number 29	(7545400 us)

		RTT of packet with SN 29 : 386 ms
		BASE : 30	NEXTSN : 31


		@@@@ timeout 0@@@@
		nextSNTemp : 4, nextSN : 0

[Local]   RECEIVED 	From 2		ACK 	Size 24	  Sequence Number 30	(7737450 us)

		RTT of packet with SN 30 : 386 ms
		BASE : 31	NEXTSN : 31


		@@@@ timeout 31@@@@
		nextSNTemp : 35, nextSN : 31

[Local]   SENDING 		To 2	Data "	Size 24	  Sequence Number 31	(7737450 us)
[Local]   SENDING 		To 2	Data !	Size 24	  Sequence Number 32	(7929500 us)
LOG 7930450 us Sab1 ORIGINAL Packet: 64
LOG 7930450 us Sab1 000011101001111010010111001100001000000000000000000000000000000010000000000000000000000000000000010000000000000000000000000000001111100000000000000000000000000001000100000000000000000000000000
LOG 7930450 us Sab1 CORRUPTED Packet: 64
LOG 7930450 us Sab1 000011101001111010010111001100001000000000000000000000000000000010000000000000000000000000000000010000000000000000000000000000001111100000000000000000000000000001000100000000000000000000000000
[Central]  RECEIVED 	From 1		Data "	Size 24	  Sequence Number 31	(7930450 us)
[Central]  SENDING 		To 1	ACK 	Size 24	  Sequence Number 31	(7930450 us)

Info: /OSCI/SystemC: Simulation stopped by user.
