
Local   <-->  Central with FullDuplex channel

+----------------------------------------------------------------------------------------------+
|TASK     ACTION        FROM    TO      DATA    SIZE      SEQUENCE NUMBER       TIME STAMP     |
+----------------------------------------------------------------------------------------------+

		@@@@ timeout 1@@@@
		nextSNTemp : 5, nextSN : 1

[Local]   SENDING 		To 2	Data "	Size 24	  Sequence Number 1	(600050 us)

		@@@@ timeout 1@@@@
		nextSNTemp : 5, nextSN : 1

[Local]   SENDING 		To 2	Data %	Size 24	  Sequence Number 2	(792100 us)
LOG 793050 us Sab1 ORIGINAL Packet: 0
LOG 793050 us Sab1 000011101001001011000101111010101000000000000000000000000000000010000000000000000000000000000000010000000000000000000000000000001000000000000000000000000000000001000100000000000000000000000000
LOG 793050 us Sab1 CORRUPTING bit: 113 of Packet: 0 with ERROR_BIT: 0.009
LOG 793050 us Sab1 CORRUPTED Packet: 0
LOG 793050 us Sab1 000011101001001011000101111010101000000000000000000000000000000010000000000000000000000000000000010000000000000001000000000000001000000000000000000000000000000001000100000000000000000000000000
[Central]  RECEIVED 	From 1		Data "	Size 24	  Sequence Number 1	(793050 us)
[Central]  SENDING 		To 1	ACK 	Size 24	  Sequence Number 1	(793050 us)
[Local]   SENDING 		To 2	Data *	Size 24	  Sequence Number 3	(984150 us)
LOG 985100 us Sab1 ORIGINAL Packet: 1
LOG 985100 us Sab1 000011101001001011000101111010101000000000000000000000000000000010000000000000000000000000000000010000000000000000000000000000000100000000000000000000000000000010100100000000000000000000000000
LOG 985100 us Sab1 CORRUPTING bit: 88 of Packet: 1 with ERROR_BIT: 0.009
LOG 985100 us Sab1 CORRUPTED Packet: 1
LOG 985100 us Sab1 000011101001001011000101111010101000000000000000000000000000000010000000000000000000000010000000010000000000000000000000000000000100000000000000000000000000000010100100000000000000000000000000
[Central]  RECEIVED 	From 1		Data %	Size 24	  Sequence Number 2	(985100 us)
[Central]  SENDING 		To 16777217	ACK 	Size 24	  Sequence Number 2	(985100 us)
[Local]   RECEIVED 	From 2		ACK 	Size 24	  Sequence Number 1	(986050 us)

		RTT of packet with SN 1 : 386 ms
		BASE : 2	NEXTSN : 4

[Local]   SENDING 		To 2	Data &	Size 24	  Sequence Number 4	(1176200 us)
LOG 1177150 us Sab1 ORIGINAL Packet: 3
LOG 1177150 us Sab1 000011101001001011000101111010101000000000000000000000000000000010000000000000000000000000000000010000000000000000000000000000001100000000000000000000000000000001010100000000000000000000000000
LOG 1177150 us Sab1 CORRUPTING bit: 4 of Packet: 3 with ERROR_BIT: 0.009
LOG 1177150 us Sab1 CORRUPTING bit: 152 of Packet: 3 with ERROR_BIT: 0.009
LOG 1177150 us Sab1 CORRUPTED Packet: 3
LOG 1177150 us Sab1 000001101001001011000101111010101000000000000000000000000000000010000000000000000000000000000000010000000000000000000000000000001100000000000000000000001000000001010100000000000000000000000000
[Central]   SENDING 		To 131074	Data "	Size 24	  Sequence Number 1	(1177150 us)
[Local]   RECEIVED 	From 2		ACK 	Size 24	  Sequence Number 2	(1178100 us)

		RTT of packet with SN 2 : 386 ms
		BASE : 3	NEXTSN : 5

[Local]   SENDING 		To 2	Data "	Size 24	  Sequence Number 5	(1368250 us)
LOG 1369200 us Sab1 ORIGINAL Packet: 5
LOG 1369200 us Sab1 000011101001001011000101111010101000000000000000000000000000000010000000000000000000000000000000010000000000000000000000000000000010000000000000000000000000000001100100000000000000000000000000
LOG 1369200 us Sab1 CORRUPTING bit: 165 of Packet: 5 with ERROR_BIT: 0.009
LOG 1369200 us Sab1 CORRUPTED Packet: 5
LOG 1369200 us Sab1 000011101001001011000101111010101000000000000000000000000000000010000000000000000000000000000000010000000000000000000000000000000010000000000000000000000000000001100000000000000000000000000000
[Central]  RECEIVED 	From 1		Data 	Size 24	  Sequence Number 4	(1369200 us)
[Central]  SENDING 		To 1	ACK 	Size 24	  Sequence Number 2	(1369200 us)
[Local]  RECEIVED 	From 1		Data "	Size 24	  Sequence Number 1	(1370150 us)
[Local]  SENDING 		To 2	ACK 	Size 24	  Sequence Number 1	(1560300 us)
LOG 1561250 us Sab1 ORIGINAL Packet: 7
LOG 1561250 us Sab1 000011101001001011000101111010101000000000000000000000000000000010000000000000000000000000000000010000000000000000000000000000001010000000000000000000000000000001000100000000000000000000000000
LOG 1561250 us Sab1 CORRUPTING bit: 62 of Packet: 7 with ERROR_BIT: 0.009
LOG 1561250 us Sab1 CORRUPTED Packet: 7
LOG 1561250 us Sab1 000011101001001011000101111010101000000000000000000000000000001010000000000000000000000000000000010000000000000000000000000000001010000000000000000000000000000001000100000000000000000000000000
[Central]  RECEIVED 	From 1073741825		Data "	Size 24	  Sequence Number 5	(1561250 us)
[Central]  SENDING 		To 1	ACK 	Size 24	  Sequence Number 2	(1561250 us)

		Error - Wrong ACK --- Expected : 3, Actual : 2 -- the ACK will be discarded


		@@@@ timeout 3@@@@
		nextSNTemp : 7, nextSN : 3

[Local]   SENDING 		To 2	Data *	Size 24	  Sequence Number 3	(1752350 us)
LOG 1753300 us Sab1 ORIGINAL Packet: 9
LOG 1753300 us Sab1 100001101110001011000101111010101000000000000000000000000000000010000000000000000000000000000000010000000000000000000000000000001000000000000000000000000000000000000000000000000000000000000000
LOG 1753300 us Sab1 CORRUPTING bit: 43 of Packet: 9 with ERROR_BIT: 0.009
LOG 1753300 us Sab1 CORRUPTING bit: 139 of Packet: 9 with ERROR_BIT: 0.009
LOG 1753300 us Sab1 CORRUPTED Packet: 9
LOG 1753300 us Sab1 100001101110001011000101111010101000000000010000000000000000000010000000000000000000000000000000010000000000000000000000000000001000000000010000000000000000000000000000000000000000000000000000
[Central]   RECEIVED 	From 2049		ACK 	Size 24	  Sequence Number 2049	(1753300 us)

		RTT of packet with SN 2049 : 1753300 us
		BASE : 2	NEXTSN : 2


		#### timeout 2049#### 1753300 us

		@@@@ timeout 2@@@@
		nextSNTemp : 6, nextSN : 2


		Error - Wrong ACK --- Expected : 3, Actual : 2 -- the ACK will be discarded

[Local]   SENDING 		To 2	Data &	Size 24	  Sequence Number 4	(1944400 us)
LOG 1945350 us Sab1 ORIGINAL Packet: 11
LOG 1945350 us Sab1 000011101001001011000101111010101000000000000000000000000000000010000000000000000000000000000000010000000000000000000000000000001100000000000000000000000000000001010100000000000000000000000000
LOG 1945350 us Sab1 CORRUPTING bit: 93 of Packet: 11 with ERROR_BIT: 0.009
LOG 1945350 us Sab1 CORRUPTED Packet: 11
LOG 1945350 us Sab1 000011101001001011000101111010101000000000000000000000000000000010000000000000000000000000000100010000000000000000000000000000001100000000000000000000000000000001010100000000000000000000000000
[Central]  RECEIVED 	From 1		Data *	Size 24	  Sequence Number 3	(1945350 us)
[Central]  SENDING 		To 536870913	ACK 	Size 24	  Sequence Number 3	(1945350 us)
[Local]   SENDING 		To 2	Data "	Size 24	  Sequence Number 5	(2136450 us)
LOG 2137400 us Sab1 ORIGINAL Packet: 12
LOG 2137400 us Sab1 000011101001001011000101111010101000000000000000000000000000000010000000000000000000000000000000010000000000000000000000000000000010000000000000000000000000000001100100000000000000000000000000
LOG 2137400 us Sab1 CORRUPTING bit: 21 of Packet: 12 with ERROR_BIT: 0.009
LOG 2137400 us Sab1 CORRUPTING bit: 32 of Packet: 12 with ERROR_BIT: 0.009
LOG 2137400 us Sab1 CORRUPTED Packet: 12
LOG 2137400 us Sab1 000011101001001011000001111010100000000000000000000000000000000010000000000000000000000000000000010000000000000000000000000000000010000000000000000000000000000001100100000000000000000000000000
[Central]  RECEIVED 	From 0		Data &	Size 24	  Sequence Number 4	(2137400 us)
[Central]  SENDING 		To 1	ACK 	Size 24	  Sequence Number 4	(2137400 us)
[Local]   RECEIVED 	From 2		ACK 	Size 24	  Sequence Number 3	(2138350 us)

		RTT of packet with SN 3 : 386 ms
		BASE : 4	NEXTSN : 6

[Local]   SENDING 		To 2	Data $	Size 24	  Sequence Number 6	(2328500 us)
LOG 2329450 us Sab1 ORIGINAL Packet: 14
LOG 2329450 us Sab1 000011101001001011000101111010101000000000000000000000000000000010000000000000000000000000000000010000000000000000000000000000001010000000000000000000000000000001000100000000000000000000000000
LOG 2329450 us Sab1 CORRUPTING bit: 38 of Packet: 14 with ERROR_BIT: 0.009
LOG 2329450 us Sab1 CORRUPTING bit: 180 of Packet: 14 with ERROR_BIT: 0.009
LOG 2329450 us Sab1 CORRUPTED Packet: 14
LOG 2329450 us Sab1 000011101001001011000101111010101000001000000000000000000000000010000000000000000000000000000000010000000000000000000000000000001010000000000000000000000000000001000100000000000000100000000000
[Central]  RECEIVED 	From 65		Data "	Size 24	  Sequence Number 5	(2329450 us)
[Central]  SENDING 		To 1	ACK 	Size 24	  Sequence Number 5	(2329450 us)
[Local]   RECEIVED 	From 2		ACK 	Size 24	  Sequence Number 4	(2330400 us)

		RTT of packet with SN 4 : 386 ms
		BASE : 5	NEXTSN : 7

[Local]   SENDING 		To 2	Data +	Size 24	  Sequence Number 7	(2520550 us)
LOG 2521500 us Sab1 ORIGINAL Packet: 16
LOG 2521500 us Sab1 000011101001001011000101111010101000000000000000000000000000000010000000000000000000000000000000010000000000000000000000000000000110000000000000000000000000000000100100000000000000000000000000
LOG 2521500 us Sab1 CORRUPTED Packet: 16
LOG 2521500 us Sab1 000011101001001011000101111010101000000000000000000000000000000010000000000000000000000000000000010000000000000000000000000000000110000000000000000000000000000000100100000000000000000000000000
[Central]  RECEIVED 	From 1		Data $	Size 24	  Sequence Number 6	(2521500 us)
[Central]  SENDING 		To 1	ACK 	Size 24	  Sequence Number 6	(2521500 us)
[Local]   RECEIVED 	From 2		ACK 	Size 24	  Sequence Number 5	(2522450 us)

		RTT of packet with SN 5 : 386 ms
		BASE : 6	NEXTSN : 8

LOG 2713550 us Sab1 ORIGINAL Packet: 18
LOG 2713550 us Sab1 000011101001001011000101111010101000000000000000000000000000000010000000000000000000000000000000010000000000000000000000000000001110000000000000000000000000000011010100000000000000000000000000
LOG 2713550 us Sab1 CORRUPTING bit: 3 of Packet: 18 with ERROR_BIT: 0.009
LOG 2713550 us Sab1 CORRUPTING bit: 161 of Packet: 18 with ERROR_BIT: 0.009
LOG 2713550 us Sab1 CORRUPTING bit: 177 of Packet: 18 with ERROR_BIT: 0.009
LOG 2713550 us Sab1 CORRUPTED Packet: 18
LOG 2713550 us Sab1 000111101001001011000101111010101000000000000000000000000000000010000000000000000000000000000000010000000000000000000000000000001110000000000000000000000000000010010100000000000100000000000000

		@@@@ timeout 2@@@@
		nextSNTemp : 6, nextSN : 2

[Local]   RECEIVED 	From 2		ACK 	Size 24	  Sequence Number 6	(2714500 us)

		RTT of packet with SN 6 : 386 ms
		BASE : 7	NEXTSN : 8


		@@@@ timeout 7@@@@
		nextSNTemp : 11, nextSN : 7

[Local]   SENDING 		To 2	Data +	Size 24	  Sequence Number 7	(3120600 us)
[Local]   SENDING 		To 2	Data #	Size 24	  Sequence Number 8	(3312650 us)
LOG 3313600 us Sab1 ORIGINAL Packet: 20
LOG 3313600 us Sab1 000011101001001011000101111010101000000000000000000000000000000010000000000000000000000000000000010000000000000000000000000000001110000000000000000000000000000011010100000000000000000000000000
LOG 3313600 us Sab1 CORRUPTED Packet: 20
LOG 3313600 us Sab1 000011101001001011000101111010101000000000000000000000000000000010000000000000000000000000000000010000000000000000000000000000001110000000000000000000000000000011010100000000000000000000000000
[Central]  RECEIVED 	From 1		Data +	Size 24	  Sequence Number 7	(3313600 us)
[Central]  SENDING 		To 1	ACK 	Size 24	  Sequence Number 7	(3313600 us)
[Local]   SENDING 		To 2	Data "	Size 24	  Sequence Number 9	(3504700 us)
LOG 3505650 us Sab1 ORIGINAL Packet: 21
LOG 3505650 us Sab1 000011101001001011000101111010101000000000000000000000000000000010000000000000000000000000000000010000000000000000000000000000000001000000000000000000000000000011000100000000000000000000000000
LOG 3505650 us Sab1 CORRUPTING bit: 12 of Packet: 21 with ERROR_BIT: 0.009
LOG 3505650 us Sab1 CORRUPTED Packet: 21
LOG 3505650 us Sab1 000011101001101011000101111010101000000000000000000000000000000010000000000000000000000000000000010000000000000000000000000000000001000000000000000000000000000011000100000000000000000000000000
[Central]  RECEIVED 	From 1		Data #	Size 24	  Sequence Number 8	(3505650 us)
[Central]  SENDING 		To 1	ACK 	Size 24	  Sequence Number 8	(3505650 us)
[Local]   RECEIVED 	From 2		ACK 	Size 24	  Sequence Number 7	(3506600 us)

		RTT of packet with SN 7 : 386 ms
		BASE : 8	NEXTSN : 10

[Local]   SENDING 		To 2	Data $	Size 24	  Sequence Number 10	(3696750 us)
LOG 3697700 us Sab1 ORIGINAL Packet: 23
LOG 3697700 us Sab1 000011101001001011000101111010101000000000000000000000000000000010000000000000000000000000000000010000000000000000000000000000001001000000000000000000000000000001000100000000000000000000000000
LOG 3697700 us Sab1 CORRUPTING bit: 17 of Packet: 23 with ERROR_BIT: 0.009
LOG 3697700 us Sab1 CORRUPTING bit: 92 of Packet: 23 with ERROR_BIT: 0.009
LOG 3697700 us Sab1 CORRUPTED Packet: 23
LOG 3697700 us Sab1 000011101001001010000101111010101000000000000000000000000000000010000000000000000000000000001000010000000000000000000000000000001001000000000000000000000000000001000100000000000000000000000000
[Central]  RECEIVED 	From 1		Data "	Size 24	  Sequence Number 9	(3697700 us)
[Central]  SENDING 		To 268435457	ACK 	Size 24	  Sequence Number 9	(3697700 us)
[Local]   RECEIVED 	From 2		ACK 	Size 24	  Sequence Number 8	(3698650 us)

		RTT of packet with SN 8 : 386 ms
		BASE : 9	NEXTSN : 11

[Local]   SENDING 		To 2	Data #	Size 24	  Sequence Number 11	(3888800 us)
LOG 3889750 us Sab1 ORIGINAL Packet: 25
LOG 3889750 us Sab1 000011101001001011000101111010101000000000000000000000000000000010000000000000000000000000000000010000000000000000000000000000000101000000000000000000000000000000100100000000000000000000000000
LOG 3889750 us Sab1 CORRUPTING bit: 1 of Packet: 25 with ERROR_BIT: 0.009
LOG 3889750 us Sab1 CORRUPTING bit: 44 of Packet: 25 with ERROR_BIT: 0.009
LOG 3889750 us Sab1 CORRUPTING bit: 120 of Packet: 25 with ERROR_BIT: 0.009
LOG 3889750 us Sab1 CORRUPTED Packet: 25
LOG 3889750 us Sab1 010011101001001011000101111010101000000000001000000000000000000010000000000000000000000000000000010000000000000000000000100000000101000000000000000000000000000000100100000000000000000000000000

		@@@@ timeout 2@@@@
		nextSNTemp : 6, nextSN : 2

[Local]   RECEIVED 	From 2		ACK 	Size 24	  Sequence Number 9	(3890700 us)

		RTT of packet with SN 9 : 386 ms
		BASE : 10	NEXTSN : 12

LOG 4081800 us Sab1 ORIGINAL Packet: 27
LOG 4081800 us Sab1 000011101001001011000101111010101000000000000000000000000000000010000000000000000000000000000000010000000000000000000000000000001101000000000000000000000000000011000100000000000000000000000000
LOG 4081800 us Sab1 CORRUPTING bit: 114 of Packet: 27 with ERROR_BIT: 0.009
LOG 4081800 us Sab1 CORRUPTED Packet: 27
LOG 4081800 us Sab1 000011101001001011000101111010101000000000000000000000000000000010000000000000000000000000000000010000000000000000100000000000001101000000000000000000000000000011000100000000000000000000000000
[Central]  RECEIVED 	From 1		Data #	Size 24	  Sequence Number 11	(4081800 us)
[Central]  SENDING 		To 1	ACK 	Size 24	  Sequence Number 9	(4081800 us)
[Central]   SENDING 		To 262146	Data #	Size 24	  Sequence Number 11	(4273850 us)

		Error - Wrong ACK --- Expected : 10, Actual : 9 -- the ACK will be discarded


		@@@@ timeout 10@@@@
		nextSNTemp : 14, nextSN : 10

[Local]   SENDING 		To 2	Data $	Size 24	  Sequence Number 10	(4296800 us)
[Local]  RECEIVED 	From 1		Data #	Size 24	  Sequence Number 11	(4466850 us)
[Local]  SENDING 		To 2	ACK 	Size 24	  Sequence Number 1	(4488850 us)
LOG 4489800 us Sab1 ORIGINAL Packet: 30
LOG 4489800 us Sab1 000011101001001011000101111010101000000000000000000000000000000010000000000000000000000000000000010000000000000000000000000000000101000000000000000000000000000000100100000000000000000000000000
LOG 4489800 us Sab1 CORRUPTING bit: 117 of Packet: 30 with ERROR_BIT: 0.009
LOG 4489800 us Sab1 CORRUPTED Packet: 30
LOG 4489800 us Sab1 000011101001001011000101111010101000000000000000000000000000000010000000000000000000000000000000010000000000000000000100000000000101000000000000000000000000000000100100000000000000000000000000
[Central]  RECEIVED 	From 1		Data $	Size 24	  Sequence Number 10	(4489800 us)
[Central]  SENDING 		To 1	ACK 	Size 24	  Sequence Number 10	(4489800 us)
[Local]   SENDING 		To 2	Data #	Size 24	  Sequence Number 11	(4680900 us)
LOG 4681850 us Sab1 ORIGINAL Packet: 31
LOG 4681850 us Sab1 100001101110001011000101111010101000000000000000000000000000000010000000000000000000000000000000010000000000000000000000000000001000000000000000000000000000000000000000000000000000000000000000
LOG 4681850 us Sab1 CORRUPTING bit: 82 of Packet: 31 with ERROR_BIT: 0.009
LOG 4681850 us Sab1 CORRUPTED Packet: 31
LOG 4681850 us Sab1 100001101110001011000101111010101000000000000000000000000000000010000000000000000010000000000000010000000000000000000000000000001000000000000000000000000000000000000000000000000000000000000000

		Error - Wrong ACK --- Expected : 2, Actual : 1 -- the ACK will be discarded


		@@@@ timeout 2@@@@
		nextSNTemp : 6, nextSN : 2

[Local]   RECEIVED 	From 2		ACK 	Size 24	  Sequence Number 10	(4682800 us)

		RTT of packet with SN 10 : 386 ms
		BASE : 11	NEXTSN : 12

[Local]   SENDING 		To 2	Data &	Size 24	  Sequence Number 12	(4872950 us)
LOG 4873900 us Sab1 ORIGINAL Packet: 33
LOG 4873900 us Sab1 000011101001001011000101111010101000000000000000000000000000000010000000000000000000000000000000010000000000000000000000000000001101000000000000000000000000000011000100000000000000000000000000
LOG 4873900 us Sab1 CORRUPTING bit: 63 of Packet: 33 with ERROR_BIT: 0.009
LOG 4873900 us Sab1 CORRUPTING bit: 103 of Packet: 33 with ERROR_BIT: 0.009
LOG 4873900 us Sab1 CORRUPTING bit: 159 of Packet: 33 with ERROR_BIT: 0.009
LOG 4873900 us Sab1 CORRUPTED Packet: 33
LOG 4873900 us Sab1 000011101001001011000101111010101000000000000000000000000000000110000000000000000000000000000000010000010000000000000000000000001101000000000000000000000000000111000100000000000000000000000000
[Central]  RECEIVED 	From 2147483649		Data #	Size 24	  Sequence Number 2147483659	(4873900 us)
[Central]  SENDING 		To 1	ACK 	Size 24	  Sequence Number 10	(4873900 us)
[Local]   SENDING 		To 2	Data '	Size 24	  Sequence Number 13	(5065 ms)
LOG 5065950 us Sab1 ORIGINAL Packet: 34
LOG 5065950 us Sab1 000011101001001011000101111010101000000000000000000000000000000010000000000000000000000000000000010000000000000000000000000000000011000000000000000000000000000001100100000000000000000000000000
LOG 5065950 us Sab1 CORRUPTING bit: 11 of Packet: 34 with ERROR_BIT: 0.009
LOG 5065950 us Sab1 CORRUPTED Packet: 34
LOG 5065950 us Sab1 000011101000001011000101111010101000000000000000000000000000000010000000000000000000000000000000010000000000000000000000000000000011000000000000000000000000000001100100000000000000000000000000
[Central]  RECEIVED 	From 1		Data &	Size 24	  Sequence Number 12	(5065950 us)
[Central]  SENDING 		To 1	ACK 	Size 24	  Sequence Number 10	(5065950 us)

		Error - Wrong ACK --- Expected : 11, Actual : 10 -- the ACK will be discarded

[Local]   SENDING 		To 2	Data ,	Size 24	  Sequence Number 14	(5257050 us)
LOG 5258 ms Sab1 ORIGINAL Packet: 36
LOG 5258 ms Sab1 000011101001001011000101111010101000000000000000000000000000000010000000000000000000000000000000010000000000000000000000000000001011000000000000000000000000000011100100000000000000000000000000
LOG 5258 ms Sab1 CORRUPTING bit: 7 of Packet: 36 with ERROR_BIT: 0.009
LOG 5258 ms Sab1 CORRUPTED Packet: 36
LOG 5258 ms Sab1 000011111001001011000101111010101000000000000000000000000000000010000000000000000000000000000000010000000000000000000000000000001011000000000000000000000000000011100100000000000000000000000000

		Error - Wrong ACK --- Expected : 11, Actual : 10 -- the ACK will be discarded


		@@@@ timeout 2@@@@
		nextSNTemp : 6, nextSN : 2


		@@@@ timeout 11@@@@
		nextSNTemp : 15, nextSN : 11

[Local]   SENDING 		To 2	Data #	Size 24	  Sequence Number 11	(5449100 us)
LOG 5450050 us Sab1 ORIGINAL Packet: 38
LOG 5450050 us Sab1 000011101001001011000101111010101000000000000000000000000000000010000000000000000000000000000000010000000000000000000000000000000111000000000000000000000000000000110100000000000000000000000000
LOG 5450050 us Sab1 CORRUPTING bit: 14 of Packet: 38 with ERROR_BIT: 0.009
LOG 5450050 us Sab1 CORRUPTING bit: 184 of Packet: 38 with ERROR_BIT: 0.009
LOG 5450050 us Sab1 CORRUPTED Packet: 38
LOG 5450050 us Sab1 000011101001000011000101111010101000000000000000000000000000000010000000000000000000000000000000010000000000000000000000000000000111000000000000000000000000000000110100000000000000000010000000
[Central]  RECEIVED 	From 1		Data ,	Size 24	  Sequence Number 14	(5450050 us)
[Central]  SENDING 		To 1	ACK 	Size 24	  Sequence Number 10	(5450050 us)
[Local]   SENDING 		To 2	Data &	Size 24	  Sequence Number 12	(5641150 us)
LOG 5642100 us Sab1 ORIGINAL Packet: 39
LOG 5642100 us Sab1 000011101001001011000101111010101000000000000000000000000000000010000000000000000000000000000000010000000000000000000000000000001101000000000000000000000000000011000100000000000000000000000000
LOG 5642100 us Sab1 CORRUPTING bit: 191 of Packet: 39 with ERROR_BIT: 0.009
LOG 5642100 us Sab1 CORRUPTED Packet: 39
LOG 5642100 us Sab1 000011101001001011000101111010101000000000000000000000000000000010000000000000000000000000000000010000000000000000000000000000001101000000000000000000000000000011000100000000000000000000000001
[Central]  RECEIVED 	From 1		Data #	Size 24	  Sequence Number 11	(5642100 us)
[Central]  SENDING 		To 1	ACK 	Size 24	  Sequence Number 11	(5642100 us)

		Error - Wrong ACK --- Expected : 11, Actual : 10 -- the ACK will be discarded

[Local]   SENDING 		To 2	Data '	Size 24	  Sequence Number 13	(5833200 us)
LOG 5834150 us Sab1 ORIGINAL Packet: 41
LOG 5834150 us Sab1 000011101001001011000101111010101000000000000000000000000000000010000000000000000000000000000000010000000000000000000000000000000011000000000000000000000000000001100100000000000000000000000000
LOG 5834150 us Sab1 CORRUPTING bit: 41 of Packet: 41 with ERROR_BIT: 0.009
LOG 5834150 us Sab1 CORRUPTED Packet: 41
LOG 5834150 us Sab1 000011101001001011000101111010101000000001000000000000000000000010000000000000000000000000000000010000000000000000000000000000000011000000000000000000000000000001100100000000000000000000000000
[Central]  RECEIVED 	From 513		Data &	Size 24	  Sequence Number 12	(5834150 us)
[Central]  SENDING 		To 1	ACK 	Size 24	  Sequence Number 12	(5834150 us)
[Local]   RECEIVED 	From 2		ACK 	Size 24	  Sequence Number 11	(5835100 us)

		RTT of packet with SN 11 : 386 ms
		BASE : 12	NEXTSN : 14

[Local]   SENDING 		To 2	Data ,	Size 24	  Sequence Number 14	(6025250 us)
LOG 6026200 us Sab1 ORIGINAL Packet: 43
LOG 6026200 us Sab1 000011101001001011000101111010101000000000000000000000000000000010000000000000000000000000000000010000000000000000000000000000001011000000000000000000000000000011100100000000000000000000000000
LOG 6026200 us Sab1 CORRUPTING bit: 52 of Packet: 43 with ERROR_BIT: 0.009
LOG 6026200 us Sab1 CORRUPTED Packet: 43
LOG 6026200 us Sab1 000011101001001011000101111010101000000000000000000010000000000010000000000000000000000000000000010000000000000000000000000000001011000000000000000000000000000011100100000000000000000000000000
[Central]  RECEIVED 	From 1048577		Data '	Size 24	  Sequence Number 13	(6026200 us)
[Central]  SENDING 		To 1	ACK 	Size 24	  Sequence Number 13	(6026200 us)
[Local]   RECEIVED 	From 2		ACK 	Size 24	  Sequence Number 12	(6027150 us)

		RTT of packet with SN 12 : 386 ms
		BASE : 13	NEXTSN : 15

[Local]   SENDING 		To 2	Data .	Size 24	  Sequence Number 15	(6217300 us)
LOG 6218250 us Sab1 ORIGINAL Packet: 45
LOG 6218250 us Sab1 000011101001001011000101111010101000000000000000000000000000000010000000000000000000000000000000010000000000000000000000000000000111000000000000000000000000000000110100000000000000000000000000
LOG 6218250 us Sab1 CORRUPTING bit: 81 of Packet: 45 with ERROR_BIT: 0.009
LOG 6218250 us Sab1 CORRUPTING bit: 131 of Packet: 45 with ERROR_BIT: 0.009
LOG 6218250 us Sab1 CORRUPTED Packet: 45
LOG 6218250 us Sab1 000011101001001011000101111010101000000000000000000000000000000010000000000000000100000000000000010000000000000000000000000000000110000000000000000000000000000000110100000000000000000000000000
[Central]  RECEIVED 	From 1		Data ,	Size 24	  Sequence Number 6	(6218250 us)
[Central]  SENDING 		To 131073	ACK 	Size 24	  Sequence Number 13	(6218250 us)
[Local]   RECEIVED 	From 2		ACK 	Size 24	  Sequence Number 13	(6219200 us)

		RTT of packet with SN 13 : 386 ms
		BASE : 14	NEXTSN : 16

LOG 6410300 us Sab1 ORIGINAL Packet: 47
LOG 6410300 us Sab1 000011101001001011000101111010101000000000000000000000000000000010000000000000000000000000000000010000000000000000000000000000001111000000000000000000000000000001110100000000000000000000000000
LOG 6410300 us Sab1 CORRUPTING bit: 46 of Packet: 47 with ERROR_BIT: 0.009
LOG 6410300 us Sab1 CORRUPTING bit: 187 of Packet: 47 with ERROR_BIT: 0.009
LOG 6410300 us Sab1 CORRUPTED Packet: 47
LOG 6410300 us Sab1 000011101001001011000101111010101000000000000010000000000000000010000000000000000000000000000000010000000000000000000000000000001111000000000000000000000000000001110100000000000000000000010000
[Central]  RECEIVED 	From 16385		Data .	Size 24	  Sequence Number 15	(6410300 us)
[Central]  SENDING 		To 1	ACK 	Size 24	  Sequence Number 13	(6410300 us)

		Error - Wrong ACK --- Expected : 14, Actual : 13 -- the ACK will be discarded


		@@@@ timeout 2@@@@
		nextSNTemp : 6, nextSN : 2


		Error - Wrong ACK --- Expected : 14, Actual : 13 -- the ACK will be discarded


		@@@@ timeout 14@@@@
		nextSNTemp : 18, nextSN : 14

[Local]   SENDING 		To 2	Data ,	Size 24	  Sequence Number 14	(6625300 us)
[Local]   SENDING 		To 2	Data .	Size 24	  Sequence Number 15	(6817350 us)
LOG 6818300 us Sab1 ORIGINAL Packet: 50
LOG 6818300 us Sab1 000011101001001011000101111010101000000000000000000000000000000010000000000000000000000000000000010000000000000000000000000000000111000000000000000000000000000000110100000000000000000000000000
LOG 6818300 us Sab1 CORRUPTING bit: 45 of Packet: 50 with ERROR_BIT: 0.009
LOG 6818300 us Sab1 CORRUPTING bit: 183 of Packet: 50 with ERROR_BIT: 0.009
LOG 6818300 us Sab1 CORRUPTED Packet: 50
LOG 6818300 us Sab1 000011101001001011000101111010101000000000000100000000000000000010000000000000000000000000000000010000000000000000000000000000000111000000000000000000000000000000110100000000000000000100000000
[Central]  RECEIVED 	From 8193		Data ,	Size 24	  Sequence Number 14	(6818300 us)
[Central]  SENDING 		To 1	ACK 	Size 24	  Sequence Number 14	(6818300 us)
[Local]   SENDING 		To 2	Data !	Size 24	  Sequence Number 16	(7009400 us)
LOG 7010350 us Sab1 ORIGINAL Packet: 51
LOG 7010350 us Sab1 000011101001001011000101111010101000000000000000000000000000000010000000000000000000000000000000010000000000000000000000000000001111000000000000000000000000000001110100000000000000000000000000
LOG 7010350 us Sab1 CORRUPTED Packet: 51
LOG 7010350 us Sab1 000011101001001011000101111010101000000000000000000000000000000010000000000000000000000000000000010000000000000000000000000000001111000000000000000000000000000001110100000000000000000000000000
[Central]  RECEIVED 	From 1		Data .	Size 24	  Sequence Number 15	(7010350 us)
[Central]  SENDING 		To 1	ACK 	Size 24	  Sequence Number 15	(7010350 us)
[Local]   RECEIVED 	From 2		ACK 	Size 24	  Sequence Number 14	(7011300 us)

		RTT of packet with SN 14 : 386 ms
		BASE : 15	NEXTSN : 17

[Local]   SENDING 		To 2	Data #	Size 24	  Sequence Number 17	(7201450 us)
LOG 7202400 us Sab1 ORIGINAL Packet: 53
LOG 7202400 us Sab1 000011101001001011000101111010101000000000000000000000000000000010000000000000000000000000000000010000000000000000000000000000000000100000000000000000000000000010000100000000000000000000000000
LOG 7202400 us Sab1 CORRUPTING bit: 18 of Packet: 53 with ERROR_BIT: 0.009
LOG 7202400 us Sab1 CORRUPTING bit: 57 of Packet: 53 with ERROR_BIT: 0.009
LOG 7202400 us Sab1 CORRUPTING bit: 128 of Packet: 53 with ERROR_BIT: 0.009
LOG 7202400 us Sab1 CORRUPTING bit: 148 of Packet: 53 with ERROR_BIT: 0.009
LOG 7202400 us Sab1 CORRUPTED Packet: 53
LOG 7202400 us Sab1 000011101001001011100101111010101000000000000000000000000100000010000000000000000000000000000000010000000000000000000000000000001000100000000000000010000000000010000100000000000000000000000000
[Central]  RECEIVED 	From 33554433		Data !	Size 24	  Sequence Number 1048593	(7202400 us)
[Central]  SENDING 		To 1	ACK 	Size 24	  Sequence Number 15	(7202400 us)
[Local]   RECEIVED 	From 2		ACK 	Size 24	  Sequence Number 15	(7203350 us)

		RTT of packet with SN 15 : 386 ms
		BASE : 16	NEXTSN : 18

[Local]   SENDING 		To 2	Data $	Size 24	  Sequence Number 18	(7393500 us)
LOG 7394450 us Sab1 ORIGINAL Packet: 55
LOG 7394450 us Sab1 000011101001001011000101111010101000000000000000000000000000000010000000000000000000000000000000010000000000000000000000000000001000100000000000000000000000000011000100000000000000000000000000
LOG 7394450 us Sab1 CORRUPTING bit: 142 of Packet: 55 with ERROR_BIT: 0.009
LOG 7394450 us Sab1 CORRUPTING bit: 145 of Packet: 55 with ERROR_BIT: 0.009
LOG 7394450 us Sab1 CORRUPTED Packet: 55
LOG 7394450 us Sab1 000011101001001011000101111010101000000000000000000000000000000010000000000000000000000000000000010000000000000000000000000000001000100000000010010000000000000011000100000000000000000000000000
[Central]  RECEIVED 	From 1		Data #	Size 24	  Sequence Number 147473	(7394450 us)
[Central]  SENDING 		To 1	ACK 	Size 24	  Sequence Number 15	(7394450 us)

		Error - Wrong ACK --- Expected : 16, Actual : 15 -- the ACK will be discarded

LOG 7586500 us Sab1 ORIGINAL Packet: 57
LOG 7586500 us Sab1 000011101001001011000101111010101000000000000000000000000000000010000000000000000000000000000000010000000000000000000000000000000100100000000000000000000000000000100100000000000000000000000000
LOG 7586500 us Sab1 CORRUPTING bit: 38 of Packet: 57 with ERROR_BIT: 0.009
LOG 7586500 us Sab1 CORRUPTING bit: 101 of Packet: 57 with ERROR_BIT: 0.009
LOG 7586500 us Sab1 CORRUPTED Packet: 57
LOG 7586500 us Sab1 000011101001001011000101111010101000001000000000000000000000000010000000000000000000000000000000010001000000000000000000000000000100100000000000000000000000000000100100000000000000000000000000
[Central]  RECEIVED 	From 65		Data $	Size 24	  Sequence Number 18	(7586500 us)
[Central]  SENDING 		To 1	ACK 	Size 24	  Sequence Number 15	(7586500 us)

		Error - Wrong ACK --- Expected : 16, Actual : 15 -- the ACK will be discarded


		@@@@ timeout 16@@@@
		nextSNTemp : 20, nextSN : 16

[Local]   SENDING 		To 2	Data !	Size 24	  Sequence Number 16	(7609450 us)

		@@@@ timeout 2@@@@
		nextSNTemp : 6, nextSN : 2


		Error - Wrong ACK --- Expected : 16, Actual : 15 -- the ACK will be discarded

[Local]   SENDING 		To 2	Data #	Size 24	  Sequence Number 17	(7801500 us)
LOG 7802450 us Sab1 ORIGINAL Packet: 60
LOG 7802450 us Sab1 000011101001001011000101111010101000000000000000000000000000000010000000000000000000000000000000010000000000000000000000000000000000100000000000000000000000000010000100000000000000000000000000
LOG 7802450 us Sab1 CORRUPTING bit: 8 of Packet: 60 with ERROR_BIT: 0.009
LOG 7802450 us Sab1 CORRUPTED Packet: 60
LOG 7802450 us Sab1 000011100001001011000101111010101000000000000000000000000000000010000000000000000000000000000000010000000000000000000000000000000000100000000000000000000000000010000100000000000000000000000000
[Central]  RECEIVED 	From 1		Data !	Size 24	  Sequence Number 16	(7802450 us)
[Central]  SENDING 		To 1	ACK 	Size 24	  Sequence Number 16	(7802450 us)
[Local]   SENDING 		To 2	Data $	Size 24	  Sequence Number 18	(7993550 us)
LOG 7994500 us Sab1 ORIGINAL Packet: 61
LOG 7994500 us Sab1 000011101001001011000101111010101000000000000000000000000000000010000000000000000000000000000000010000000000000000000000000000001000100000000000000000000000000011000100000000000000000000000000
LOG 7994500 us Sab1 CORRUPTING bit: 15 of Packet: 61 with ERROR_BIT: 0.009
LOG 7994500 us Sab1 CORRUPTING bit: 185 of Packet: 61 with ERROR_BIT: 0.009
LOG 7994500 us Sab1 CORRUPTED Packet: 61
LOG 7994500 us Sab1 000011101001001111000101111010101000000000000000000000000000000010000000000000000000000000000000010000000000000000000000000000001000100000000000000000000000000011000100000000000000000001000000
[Central]  RECEIVED 	From 1		Data #	Size 24	  Sequence Number 17	(7994500 us)
[Central]  SENDING 		To 1	ACK 	Size 24	  Sequence Number 17	(7994500 us)
[Local]   RECEIVED 	From 2		ACK 	Size 24	  Sequence Number 16	(7995450 us)

		RTT of packet with SN 16 : 386 ms
		BASE : 17	NEXTSN : 19


Info: /OSCI/SystemC: Simulation stopped by user.
