
Local   <-->  Central with FullDuplex channel

+----------------------------------------------------------------------------------------------+
|TASK     ACTION        FROM    TO      DATA    SIZE      SEQUENCE NUMBER       TIME STAMP     |
+----------------------------------------------------------------------------------------------+
[Local]   SENDING 		To 2	Data "	Size 24	  Sequence Number 1	(50 us)
[Local]   SENDING 		To 2	Data %	Size 24	  Sequence Number 2	(192100 us)
LOG 193050 us Sab1 ORIGINAL Packet: 0
LOG 193050 us Sab1 000011101001100001110111100110101000000000000000000000000000000010000000000000000000000000000000010000000000000000000000000000001000000000000000000000000000000001000100000000000000000000000000
LOG 193050 us Sab1 CORRUPTED Packet: 0
LOG 193050 us Sab1 000011101001100001110111100110101000000000000000000000000000000010000000000000000000000000000000010000000000000000000000000000001000000000000000000000000000000001000100000000000000000000000000
[Central]  RECEIVED 	From 1		Data "	Size 24	  Sequence Number 1	(193050 us)
[Central]  SENDING 		To 1	ACK 	Size 24	  Sequence Number 1	(193050 us)
LOG 385100 us Sab1 ORIGINAL Packet: 1
LOG 385100 us Sab1 000011101001100001110111100110101000000000000000000000000000000010000000000000000000000000000000010000000000000000000000000000000100000000000000000000000000000010100100000000000000000000000000
LOG 385100 us Sab1 CORRUPTED Packet: 1
LOG 385100 us Sab1 000011101001100001110111100110101000000000000000000000000000000010000000000000000000000000000000010000000000000000000000000000000100000000000000000000000000000010100100000000000000000000000000
[Central]  RECEIVED 	From 1		Data %	Size 24	  Sequence Number 2	(385100 us)
[Central]  SENDING 		To 1	ACK 	Size 24	  Sequence Number 2	(475100 us)
[Local]   RECEIVED 	From 2		ACK 	Size 24	  Sequence Number 1	(476050 us)

		RTT of packet with SN 1 : 476050 us
		BASE : 2	NEXTSN : 3


		@@@@ timeout 1@@@@
		nextSNTemp : 5, nextSN : 1

[Local]   RECEIVED 	From 2		ACK 	Size 24	  Sequence Number 2	(758100 us)

		RTT of packet with SN 2 : 566 ms
		BASE : 3	NEXTSN : 3


		@@@@ timeout 3@@@@
		nextSNTemp : 7, nextSN : 3

[Local]   SENDING 		To 2	Data *	Size 24	  Sequence Number 3	(758100 us)
[Local]   SENDING 		To 2	Data &	Size 24	  Sequence Number 4	(950150 us)
LOG 951100 us Sab1 ORIGINAL Packet: 4
LOG 951100 us Sab1 000011101001100001110111100110101000000000000000000000000000000010000000000000000000000000000000010000000000000000000000000000001100000000000000000000000000000001010100000000000000000000000000
LOG 951100 us Sab1 CORRUPTED Packet: 4
LOG 951100 us Sab1 000011101001100001110111100110101000000000000000000000000000000010000000000000000000000000000000010000000000000000000000000000001100000000000000000000000000000001010100000000000000000000000000
[Central]  RECEIVED 	From 1		Data *	Size 24	  Sequence Number 3	(951100 us)
[Central]  SENDING 		To 1	ACK 	Size 24	  Sequence Number 3	(951100 us)
[Local]   SENDING 		To 2	Data +	Size 24	  Sequence Number 5	(1142200 us)
LOG 1143150 us Sab1 ORIGINAL Packet: 5
LOG 1143150 us Sab1 000011101001100001110111100110101000000000000000000000000000000010000000000000000000000000000000010000000000000000000000000000000010000000000000000000000000000001100100000000000000000000000000
LOG 1143150 us Sab1 CORRUPTED Packet: 5
LOG 1143150 us Sab1 000011101001100001110111100110101000000000000000000000000000000010000000000000000000000000000000010000000000000000000000000000000010000000000000000000000000000001100100000000000000000000000000
[Central]  RECEIVED 	From 1		Data &	Size 24	  Sequence Number 4	(1143150 us)
[Central]  SENDING 		To 1	ACK 	Size 24	  Sequence Number 4	(1233150 us)
[Local]   RECEIVED 	From 2		ACK 	Size 24	  Sequence Number 3	(1234100 us)

		RTT of packet with SN 3 : 476 ms
		BASE : 4	NEXTSN : 6

[Local]   SENDING 		To 2	Data #	Size 24	  Sequence Number 6	(1334250 us)
LOG 1335200 us Sab1 ORIGINAL Packet: 7
LOG 1335200 us Sab1 000011101001100001110111100110101000000000000000000000000000000010000000000000000000000000000000010000000000000000000000000000001010000000000000000000000000000011010100000000000000000000000000
LOG 1335200 us Sab1 CORRUPTED Packet: 7
LOG 1335200 us Sab1 000011101001100001110111100110101000000000000000000000000000000010000000000000000000000000000000010000000000000000000000000000001010000000000000000000000000000011010100000000000000000000000000
[Central]  RECEIVED 	From 1		Data +	Size 24	  Sequence Number 5	(1335200 us)
[Central]  SENDING 		To 1	ACK 	Size 24	  Sequence Number 5	(1515200 us)
[Local]   RECEIVED 	From 2		ACK 	Size 24	  Sequence Number 4	(1516150 us)

		RTT of packet with SN 4 : 566 ms
		BASE : 5	NEXTSN : 7

[Local]   SENDING 		To 2	Data "	Size 24	  Sequence Number 7	(1526300 us)
LOG 1527250 us Sab1 ORIGINAL Packet: 9
LOG 1527250 us Sab1 000011101001100001110111100110101000000000000000000000000000000010000000000000000000000000000000010000000000000000000000000000000110000000000000000000000000000011000100000000000000000000000000
LOG 1527250 us Sab1 CORRUPTED Packet: 9
LOG 1527250 us Sab1 000011101001100001110111100110101000000000000000000000000000000010000000000000000000000000000000010000000000000000000000000000000110000000000000000000000000000011000100000000000000000000000000
[Central]  RECEIVED 	From 1		Data #	Size 24	  Sequence Number 6	(1527250 us)
[Local]   SENDING 		To 2	Data $	Size 24	  Sequence Number 8	(1718350 us)
LOG 1719300 us Sab1 ORIGINAL Packet: 11
LOG 1719300 us Sab1 000011101001100001110111100110101000000000000000000000000000000010000000000000000000000000000000010000000000000000000000000000001110000000000000000000000000000001000100000000000000000000000000
LOG 1719300 us Sab1 CORRUPTED Packet: 11
LOG 1719300 us Sab1 000011101001100001110111100110101000000000000000000000000000000010000000000000000000000000000000010000000000000000000000000000001110000000000000000000000000000001000100000000000000000000000000
[Central]  RECEIVED 	From 1		Data "	Size 24	  Sequence Number 7	(1719300 us)
[Central]  SENDING 		To 1	ACK 	Size 24	  Sequence Number 6	(1797250 us)
[Local]   RECEIVED 	From 2		ACK 	Size 24	  Sequence Number 5	(1798200 us)

		RTT of packet with SN 5 : 656 ms
		BASE : 6	NEXTSN : 9


		#### timeout 5#### 1798200 us
LOG 1911350 us Sab1 ORIGINAL Packet: 12
LOG 1911350 us Sab1 000011101001100001110111100110101000000000000000000000000000000010000000000000000000000000000000010000000000000000000000000000000001000000000000000000000000000000100100000000000000000000000000
LOG 1911350 us Sab1 CORRUPTED Packet: 12
LOG 1911350 us Sab1 000011101001100001110111100110101000000000000000000000000000000010000000000000000000000000000000010000000000000000000000000000000001000000000000000000000000000000100100000000000000000000000000
[Central]  RECEIVED 	From 1		Data $	Size 24	  Sequence Number 8	(1911350 us)

		@@@@ timeout 6@@@@
		nextSNTemp : 10, nextSN : 6

[Local]   SENDING 		To 2	Data #	Size 24	  Sequence Number 6	(1934300 us)
[Central]  SENDING 		To 1	ACK 	Size 24	  Sequence Number 7	(2079300 us)
[Local]   RECEIVED 	From 2		ACK 	Size 24	  Sequence Number 6	(2080250 us)

		RTT of packet with SN 6 : 145950 us
		BASE : 7	NEXTSN : 7


		@@@@ timeout 7@@@@
		nextSNTemp : 11, nextSN : 7

[Local]   SENDING 		To 2	Data "	Size 24	  Sequence Number 7	(2126350 us)
LOG 2127300 us Sab1 ORIGINAL Packet: 14
LOG 2127300 us Sab1 000011101001100001110111100110101000000000000000000000000000000010000000000000000000000000000000010000000000000000000000000000000110000000000000000000000000000011000100000000000000000000000000
LOG 2127300 us Sab1 CORRUPTED Packet: 14
LOG 2127300 us Sab1 000011101001100001110111100110101000000000000000000000000000000010000000000000000000000000000000010000000000000000000000000000000110000000000000000000000000000011000100000000000000000000000000
[Central]  RECEIVED 	From 1		Data #	Size 24	  Sequence Number 6	(2127300 us)
[Local]   SENDING 		To 2	Data $	Size 24	  Sequence Number 8	(2318400 us)
LOG 2319350 us Sab1 ORIGINAL Packet: 16
LOG 2319350 us Sab1 000011101001100001110111100110101000000000000000000000000000000010000000000000000000000000000000010000000000000000000000000000001110000000000000000000000000000001000100000000000000000000000000
LOG 2319350 us Sab1 CORRUPTED Packet: 16
LOG 2319350 us Sab1 000011101001100001110111100110101000000000000000000000000000000010000000000000000000000000000000010000000000000000000000000000001110000000000000000000000000000001000100000000000000000000000000
[Central]  RECEIVED 	From 1		Data "	Size 24	  Sequence Number 7	(2319350 us)
[Central]  SENDING 		To 1	ACK 	Size 24	  Sequence Number 8	(2361350 us)
[Local]   RECEIVED 	From 2		ACK 	Size 24	  Sequence Number 7	(2362300 us)

		RTT of packet with SN 7 : 235950 us
		BASE : 8	NEXTSN : 9

[Local]   SENDING 		To 2	Data &	Size 24	  Sequence Number 9	(2510450 us)
LOG 2511400 us Sab1 ORIGINAL Packet: 17
LOG 2511400 us Sab1 000011101001100001110111100110101000000000000000000000000000000010000000000000000000000000000000010000000000000000000000000000000001000000000000000000000000000000100100000000000000000000000000
LOG 2511400 us Sab1 CORRUPTED Packet: 17
LOG 2511400 us Sab1 000011101001100001110111100110101000000000000000000000000000000010000000000000000000000000000000010000000000000000000000000000000001000000000000000000000000000000100100000000000000000000000000
[Central]  RECEIVED 	From 1		Data $	Size 24	  Sequence Number 8	(2511400 us)
[Central]  SENDING 		To 1	ACK 	Size 24	  Sequence Number 8	(2643400 us)
[Local]   RECEIVED 	From 2		ACK 	Size 24	  Sequence Number 8	(2644350 us)

		RTT of packet with SN 8 : 325950 us
		BASE : 9	NEXTSN : 10

[Local]   SENDING 		To 2	Data '	Size 24	  Sequence Number 10	(2702500 us)
LOG 2703450 us Sab1 ORIGINAL Packet: 19
LOG 2703450 us Sab1 000011101001100001110111100110101000000000000000000000000000000010000000000000000000000000000000010000000000000000000000000000001001000000000000000000000000000001100100000000000000000000000000
LOG 2703450 us Sab1 CORRUPTED Packet: 19
LOG 2703450 us Sab1 000011101001100001110111100110101000000000000000000000000000000010000000000000000000000000000000010000000000000000000000000000001001000000000000000000000000000001100100000000000000000000000000
[Central]  RECEIVED 	From 1		Data &	Size 24	  Sequence Number 9	(2703450 us)
[Local]   SENDING 		To 2	Data ,	Size 24	  Sequence Number 11	(2894550 us)
LOG 2895500 us Sab1 ORIGINAL Packet: 21
LOG 2895500 us Sab1 000011101001100001110111100110101000000000000000000000000000000010000000000000000000000000000000010000000000000000000000000000000101000000000000000000000000000011100100000000000000000000000000
LOG 2895500 us Sab1 CORRUPTED Packet: 21
LOG 2895500 us Sab1 000011101001100001110111100110101000000000000000000000000000000010000000000000000000000000000000010000000000000000000000000000000101000000000000000000000000000011100100000000000000000000000000
[Central]  RECEIVED 	From 1		Data '	Size 24	  Sequence Number 10	(2895500 us)
[Central]  SENDING 		To 1	ACK 	Size 24	  Sequence Number 8	(2925450 us)

		Error - Wrong ACK --- Expected : 9, Actual : 8 -- the ACK will be discarded

[Local]   SENDING 		To 2	Data .	Size 24	  Sequence Number 12	(3086600 us)
LOG 3087550 us Sab1 ORIGINAL Packet: 22
LOG 3087550 us Sab1 000011101001100001110111100110101000000000000000000000000000000010000000000000000000000000000000010000000000000000000000000000001101000000000000000000000000000000110100000000000000000000000000
LOG 3087550 us Sab1 CORRUPTED Packet: 22
LOG 3087550 us Sab1 000011101001100001110111100110101000000000000000000000000000000010000000000000000000000000000000010000000000000000000000000000001101000000000000000000000000000000110100000000000000000000000000
[Central]  RECEIVED 	From 1		Data ,	Size 24	  Sequence Number 11	(3087550 us)
[Central]  SENDING 		To 1	ACK 	Size 24	  Sequence Number 8	(3207500 us)

		Error - Wrong ACK --- Expected : 9, Actual : 8 -- the ACK will be discarded


		@@@@ timeout 9@@@@
		nextSNTemp : 13, nextSN : 9

[Local]   SENDING 		To 2	Data &	Size 24	  Sequence Number 9	(3278650 us)
LOG 3279600 us Sab1 ORIGINAL Packet: 24
LOG 3279600 us Sab1 000011101001100001110111100110101000000000000000000000000000000010000000000000000000000000000000010000000000000000000000000000000011000000000000000000000000000001110100000000000000000000000000
LOG 3279600 us Sab1 CORRUPTED Packet: 24
LOG 3279600 us Sab1 000011101001100001110111100110101000000000000000000000000000000010000000000000000000000000000000010000000000000000000000000000000011000000000000000000000000000001110100000000000000000000000000
[Central]  RECEIVED 	From 1		Data .	Size 24	  Sequence Number 12	(3279600 us)
[Local]   SENDING 		To 2	Data '	Size 24	  Sequence Number 10	(3470700 us)
LOG 3471650 us Sab1 ORIGINAL Packet: 26
LOG 3471650 us Sab1 000011101001100001110111100110101000000000000000000000000000000010000000000000000000000000000000010000000000000000000000000000001001000000000000000000000000000001100100000000000000000000000000
LOG 3471650 us Sab1 CORRUPTED Packet: 26
LOG 3471650 us Sab1 000011101001100001110111100110101000000000000000000000000000000010000000000000000000000000000000010000000000000000000000000000001001000000000000000000000000000001100100000000000000000000000000
[Central]  RECEIVED 	From 1		Data &	Size 24	  Sequence Number 9	(3471650 us)
[Central]  SENDING 		To 1	ACK 	Size 24	  Sequence Number 9	(3489550 us)

		Error - Wrong ACK --- Expected : 9, Actual : 8 -- the ACK will be discarded

[Local]   SENDING 		To 2	Data ,	Size 24	  Sequence Number 11	(3662750 us)
LOG 3663700 us Sab1 ORIGINAL Packet: 27
LOG 3663700 us Sab1 000011101001100001110111100110101000000000000000000000000000000010000000000000000000000000000000010000000000000000000000000000000101000000000000000000000000000011100100000000000000000000000000
LOG 3663700 us Sab1 CORRUPTED Packet: 27
LOG 3663700 us Sab1 000011101001100001110111100110101000000000000000000000000000000010000000000000000000000000000000010000000000000000000000000000000101000000000000000000000000000011100100000000000000000000000000
[Central]  RECEIVED 	From 1		Data '	Size 24	  Sequence Number 10	(3663700 us)
[Central]  SENDING 		To 1	ACK 	Size 24	  Sequence Number 10	(3771600 us)
[Local]   RECEIVED 	From 2		ACK 	Size 24	  Sequence Number 9	(3772550 us)

		RTT of packet with SN 9 : 493900 us
		BASE : 10	NEXTSN : 12

[Local]   SENDING 		To 2	Data .	Size 24	  Sequence Number 12	(3854800 us)
LOG 3855750 us Sab1 ORIGINAL Packet: 29
LOG 3855750 us Sab1 000011101001100001110111100110101000000000000000000000000000000010000000000000000000000000000000010000000000000000000000000000001101000000000000000000000000000000110100000000000000000000000000
LOG 3855750 us Sab1 CORRUPTED Packet: 29
LOG 3855750 us Sab1 000011101001100001110111100110101000000000000000000000000000000010000000000000000000000000000000010000000000000000000000000000001101000000000000000000000000000000110100000000000000000000000000
[Central]  RECEIVED 	From 1		Data ,	Size 24	  Sequence Number 11	(3855750 us)
[Local]   SENDING 		To 2	Data !	Size 24	  Sequence Number 13	(4046850 us)
LOG 4047800 us Sab1 ORIGINAL Packet: 31
LOG 4047800 us Sab1 000011101001100001110111100110101000000000000000000000000000000010000000000000000000000000000000010000000000000000000000000000000011000000000000000000000000000001110100000000000000000000000000
LOG 4047800 us Sab1 CORRUPTED Packet: 31
LOG 4047800 us Sab1 000011101001100001110111100110101000000000000000000000000000000010000000000000000000000000000000010000000000000000000000000000000011000000000000000000000000000001110100000000000000000000000000
[Central]  RECEIVED 	From 1		Data .	Size 24	  Sequence Number 12	(4047800 us)
[Central]  SENDING 		To 1	ACK 	Size 24	  Sequence Number 11	(4053650 us)
[Local]   RECEIVED 	From 2		ACK 	Size 24	  Sequence Number 10	(4054600 us)

		RTT of packet with SN 10 : 583900 us
		BASE : 11	NEXTSN : 14

[Local]   SENDING 		To 2	Data +	Size 24	  Sequence Number 14	(4238900 us)
LOG 4239850 us Sab1 ORIGINAL Packet: 32
LOG 4239850 us Sab1 000011101001100001110111100110101000000000000000000000000000000010000000000000000000000000000000010000000000000000000000000000001011000000000000000000000000000010000100000000000000000000000000
LOG 4239850 us Sab1 CORRUPTED Packet: 32
LOG 4239850 us Sab1 000011101001100001110111100110101000000000000000000000000000000010000000000000000000000000000000010000000000000000000000000000001011000000000000000000000000000010000100000000000000000000000000
[Central]  RECEIVED 	From 1		Data !	Size 24	  Sequence Number 13	(4239850 us)
[Central]  SENDING 		To 1	ACK 	Size 24	  Sequence Number 12	(4335700 us)
[Local]   RECEIVED 	From 2		ACK 	Size 24	  Sequence Number 11	(4336650 us)

		RTT of packet with SN 11 : 673900 us
		BASE : 12	NEXTSN : 15


		#### timeout 11#### 4336650 us
LOG 4431900 us Sab1 ORIGINAL Packet: 34
LOG 4431900 us Sab1 000011101001100001110111100110101000000000000000000000000000000010000000000000000000000000000000010000000000000000000000000000000111000000000000000000000000000011010100000000000000000000000000
LOG 4431900 us Sab1 CORRUPTED Packet: 34
LOG 4431900 us Sab1 000011101001100001110111100110101000000000000000000000000000000010000000000000000000000000000000010000000000000000000000000000000111000000000000000000000000000011010100000000000000000000000000
[Central]  RECEIVED 	From 1		Data +	Size 24	  Sequence Number 14	(4431900 us)

		@@@@ timeout 12@@@@
		nextSNTemp : 16, nextSN : 12

[Local]   SENDING 		To 2	Data .	Size 24	  Sequence Number 12	(4454850 us)
[Central]  SENDING 		To 1	ACK 	Size 24	  Sequence Number 12	(4617750 us)
[Local]   RECEIVED 	From 2		ACK 	Size 24	  Sequence Number 12	(4618700 us)

		RTT of packet with SN 12 : 163850 us
		BASE : 13	NEXTSN : 13


		@@@@ timeout 13@@@@
		nextSNTemp : 17, nextSN : 13

[Local]   SENDING 		To 2	Data !	Size 24	  Sequence Number 13	(4646900 us)
LOG 4647850 us Sab1 ORIGINAL Packet: 36
LOG 4647850 us Sab1 000011101001100001110111100110101000000000000000000000000000000010000000000000000000000000000000010000000000000000000000000000000011000000000000000000000000000001110100000000000000000000000000
LOG 4647850 us Sab1 CORRUPTED Packet: 36
LOG 4647850 us Sab1 000011101001100001110111100110101000000000000000000000000000000010000000000000000000000000000000010000000000000000000000000000000011000000000000000000000000000001110100000000000000000000000000
[Central]  RECEIVED 	From 1		Data .	Size 24	  Sequence Number 12	(4647850 us)
[Local]   SENDING 		To 2	Data +	Size 24	  Sequence Number 14	(4838950 us)
LOG 4839900 us Sab1 ORIGINAL Packet: 38
LOG 4839900 us Sab1 000011101001100001110111100110101000000000000000000000000000000010000000000000000000000000000000010000000000000000000000000000001011000000000000000000000000000010000100000000000000000000000000
LOG 4839900 us Sab1 CORRUPTED Packet: 38
LOG 4839900 us Sab1 000011101001100001110111100110101000000000000000000000000000000010000000000000000000000000000000010000000000000000000000000000001011000000000000000000000000000010000100000000000000000000000000
[Central]  RECEIVED 	From 1		Data !	Size 24	  Sequence Number 13	(4839900 us)
[Central]  SENDING 		To 1	ACK 	Size 24	  Sequence Number 12	(4899800 us)

		Error - Wrong ACK --- Expected : 13, Actual : 12 -- the ACK will be discarded

[Local]   SENDING 		To 2	Data )	Size 24	  Sequence Number 15	(5031 ms)
LOG 5031950 us Sab1 ORIGINAL Packet: 39
LOG 5031950 us Sab1 000011101001100001110111100110101000000000000000000000000000000010000000000000000000000000000000010000000000000000000000000000000111000000000000000000000000000011010100000000000000000000000000
LOG 5031950 us Sab1 CORRUPTED Packet: 39
LOG 5031950 us Sab1 000011101001100001110111100110101000000000000000000000000000000010000000000000000000000000000000010000000000000000000000000000000111000000000000000000000000000011010100000000000000000000000000
[Central]  RECEIVED 	From 1		Data +	Size 24	  Sequence Number 14	(5031950 us)
[Central]  SENDING 		To 1	ACK 	Size 24	  Sequence Number 12	(5181850 us)

		Error - Wrong ACK --- Expected : 13, Actual : 12 -- the ACK will be discarded

[Local]   SENDING 		To 2	Data #	Size 24	  Sequence Number 16	(5223050 us)
LOG 5224 ms Sab1 ORIGINAL Packet: 41
LOG 5224 ms Sab1 000011101001100001110111100110101000000000000000000000000000000010000000000000000000000000000000010000000000000000000000000000001111000000000000000000000000000010010100000000000000000000000000
LOG 5224 ms Sab1 CORRUPTED Packet: 41
LOG 5224 ms Sab1 000011101001100001110111100110101000000000000000000000000000000010000000000000000000000000000000010000000000000000000000000000001111000000000000000000000000000010010100000000000000000000000000
[Central]  RECEIVED 	From 1		Data )	Size 24	  Sequence Number 15	(5224 ms)

		@@@@ timeout 13@@@@
		nextSNTemp : 17, nextSN : 13

[Local]   SENDING 		To 2	Data !	Size 24	  Sequence Number 13	(5415100 us)
LOG 5416050 us Sab1 ORIGINAL Packet: 43
LOG 5416050 us Sab1 000011101001100001110111100110101000000000000000000000000000000010000000000000000000000000000000010000000000000000000000000000000000100000000000000000000000000011000100000000000000000000000000
LOG 5416050 us Sab1 CORRUPTED Packet: 43
LOG 5416050 us Sab1 000011101001100001110111100110101000000000000000000000000000000010000000000000000000000000000000010000000000000000000000000000000000100000000000000000000000000011000100000000000000000000000000
[Central]  RECEIVED 	From 1		Data #	Size 24	  Sequence Number 16	(5416050 us)
[Central]  SENDING 		To 1	ACK 	Size 24	  Sequence Number 12	(5463900 us)

		Error - Wrong ACK --- Expected : 13, Actual : 12 -- the ACK will be discarded

[Local]   SENDING 		To 2	Data +	Size 24	  Sequence Number 14	(5607150 us)
LOG 5608100 us Sab1 ORIGINAL Packet: 44
LOG 5608100 us Sab1 000011101001100001110111100110101000000000000000000000000000000010000000000000000000000000000000010000000000000000000000000000001011000000000000000000000000000010000100000000000000000000000000
LOG 5608100 us Sab1 CORRUPTED Packet: 44
LOG 5608100 us Sab1 000011101001100001110111100110101000000000000000000000000000000010000000000000000000000000000000010000000000000000000000000000001011000000000000000000000000000010000100000000000000000000000000
[Central]  RECEIVED 	From 1		Data !	Size 24	  Sequence Number 13	(5608100 us)
[Central]  SENDING 		To 1	ACK 	Size 24	  Sequence Number 13	(5745950 us)

		Error - Wrong ACK --- Expected : 13, Actual : 12 -- the ACK will be discarded

[Local]   SENDING 		To 2	Data )	Size 24	  Sequence Number 15	(5799200 us)
LOG 5800150 us Sab1 ORIGINAL Packet: 46
LOG 5800150 us Sab1 000011101001100001110111100110101000000000000000000000000000000010000000000000000000000000000000010000000000000000000000000000000111000000000000000000000000000011010100000000000000000000000000
LOG 5800150 us Sab1 CORRUPTED Packet: 46
LOG 5800150 us Sab1 000011101001100001110111100110101000000000000000000000000000000010000000000000000000000000000000010000000000000000000000000000000111000000000000000000000000000011010100000000000000000000000000
[Central]  RECEIVED 	From 1		Data +	Size 24	  Sequence Number 14	(5800150 us)
[Local]   SENDING 		To 2	Data #	Size 24	  Sequence Number 16	(5991250 us)
LOG 5992200 us Sab1 ORIGINAL Packet: 48
LOG 5992200 us Sab1 000011101001100001110111100110101000000000000000000000000000000010000000000000000000000000000000010000000000000000000000000000001111000000000000000000000000000010010100000000000000000000000000
LOG 5992200 us Sab1 CORRUPTED Packet: 48
LOG 5992200 us Sab1 000011101001100001110111100110101000000000000000000000000000000010000000000000000000000000000000010000000000000000000000000000001111000000000000000000000000000010010100000000000000000000000000
[Central]  RECEIVED 	From 1		Data )	Size 24	  Sequence Number 15	(5992200 us)
[Central]  SENDING 		To 1	ACK 	Size 24	  Sequence Number 14	(6028 ms)
[Local]   RECEIVED 	From 2		ACK 	Size 24	  Sequence Number 13	(6028950 us)

		RTT of packet with SN 13 : 613850 us
		BASE : 14	NEXTSN : 17


		#### timeout 13#### 6028950 us
[Local]   SENDING 		To 2	Data #	Size 24	  Sequence Number 17	(6183300 us)
LOG 6184250 us Sab1 ORIGINAL Packet: 49
LOG 6184250 us Sab1 000011101001100001110111100110101000000000000000000000000000000010000000000000000000000000000000010000000000000000000000000000000000100000000000000000000000000011000100000000000000000000000000
LOG 6184250 us Sab1 CORRUPTED Packet: 49
LOG 6184250 us Sab1 000011101001100001110111100110101000000000000000000000000000000010000000000000000000000000000000010000000000000000000000000000000000100000000000000000000000000011000100000000000000000000000000
[Central]  RECEIVED 	From 1		Data #	Size 24	  Sequence Number 16	(6184250 us)
[Central]  SENDING 		To 1	ACK 	Size 24	  Sequence Number 14	(6310050 us)
[Local]   RECEIVED 	From 2		ACK 	Size 24	  Sequence Number 14	(6311 ms)

		RTT of packet with SN 14 : 703850 us
		BASE : 15	NEXTSN : 18


		#### timeout 14#### 6311 ms
[Local]   SENDING 		To 2	Data $	Size 24	  Sequence Number 18	(6375350 us)
LOG 6376300 us Sab1 ORIGINAL Packet: 51
LOG 6376300 us Sab1 000011101001100001110111100110101000000000000000000000000000000010000000000000000000000000000000010000000000000000000000000000001000100000000000000000000000000011000100000000000000000000000000
LOG 6376300 us Sab1 CORRUPTED Packet: 51
LOG 6376300 us Sab1 000011101001100001110111100110101000000000000000000000000000000010000000000000000000000000000000010000000000000000000000000000001000100000000000000000000000000011000100000000000000000000000000
[Central]  RECEIVED 	From 1		Data #	Size 24	  Sequence Number 17	(6376300 us)

		@@@@ timeout 15@@@@
		nextSNTemp : 19, nextSN : 15

[Local]   SENDING 		To 2	Data )	Size 24	  Sequence Number 15	(6567400 us)
LOG 6568350 us Sab1 ORIGINAL Packet: 53
LOG 6568350 us Sab1 000011101001100001110111100110101000000000000000000000000000000010000000000000000000000000000000010000000000000000000000000000000100100000000000000000000000000000100100000000000000000000000000
LOG 6568350 us Sab1 CORRUPTED Packet: 53
LOG 6568350 us Sab1 000011101001100001110111100110101000000000000000000000000000000010000000000000000000000000000000010000000000000000000000000000000100100000000000000000000000000000100100000000000000000000000000
[Central]  RECEIVED 	From 1		Data $	Size 24	  Sequence Number 18	(6568350 us)
[Central]  SENDING 		To 1	ACK 	Size 24	  Sequence Number 14	(6592100 us)

		Error - Wrong ACK --- Expected : 15, Actual : 14 -- the ACK will be discarded

[Local]   SENDING 		To 2	Data #	Size 24	  Sequence Number 16	(6759450 us)
LOG 6760400 us Sab1 ORIGINAL Packet: 54
LOG 6760400 us Sab1 000011101001100001110111100110101000000000000000000000000000000010000000000000000000000000000000010000000000000000000000000000001111000000000000000000000000000010010100000000000000000000000000
LOG 6760400 us Sab1 CORRUPTED Packet: 54
LOG 6760400 us Sab1 000011101001100001110111100110101000000000000000000000000000000010000000000000000000000000000000010000000000000000000000000000001111000000000000000000000000000010010100000000000000000000000000
[Central]  RECEIVED 	From 1		Data )	Size 24	  Sequence Number 15	(6760400 us)
[Central]  SENDING 		To 1	ACK 	Size 24	  Sequence Number 14	(6874150 us)

		Error - Wrong ACK --- Expected : 15, Actual : 14 -- the ACK will be discarded

[Local]   SENDING 		To 2	Data #	Size 24	  Sequence Number 17	(6951500 us)
LOG 6952450 us Sab1 ORIGINAL Packet: 56
LOG 6952450 us Sab1 000011101001100001110111100110101000000000000000000000000000000010000000000000000000000000000000010000000000000000000000000000000000100000000000000000000000000011000100000000000000000000000000
LOG 6952450 us Sab1 CORRUPTED Packet: 56
LOG 6952450 us Sab1 000011101001100001110111100110101000000000000000000000000000000010000000000000000000000000000000010000000000000000000000000000000000100000000000000000000000000011000100000000000000000000000000
[Central]  RECEIVED 	From 1		Data #	Size 24	  Sequence Number 16	(6952450 us)
[Local]   SENDING 		To 2	Data $	Size 24	  Sequence Number 18	(7143550 us)
LOG 7144500 us Sab1 ORIGINAL Packet: 58
LOG 7144500 us Sab1 000011101001100001110111100110101000000000000000000000000000000010000000000000000000000000000000010000000000000000000000000000001000100000000000000000000000000011000100000000000000000000000000
LOG 7144500 us Sab1 CORRUPTED Packet: 58
LOG 7144500 us Sab1 000011101001100001110111100110101000000000000000000000000000000010000000000000000000000000000000010000000000000000000000000000001000100000000000000000000000000011000100000000000000000000000000
[Central]  RECEIVED 	From 1		Data #	Size 24	  Sequence Number 17	(7144500 us)
[Central]  SENDING 		To 1	ACK 	Size 24	  Sequence Number 15	(7156200 us)

		Error - Wrong ACK --- Expected : 15, Actual : 14 -- the ACK will be discarded


		@@@@ timeout 15@@@@
		nextSNTemp : 19, nextSN : 15

[Local]   SENDING 		To 2	Data )	Size 24	  Sequence Number 15	(7335600 us)
LOG 7336550 us Sab1 ORIGINAL Packet: 59
LOG 7336550 us Sab1 000011101001100001110111100110101000000000000000000000000000000010000000000000000000000000000000010000000000000000000000000000000100100000000000000000000000000000100100000000000000000000000000
LOG 7336550 us Sab1 CORRUPTED Packet: 59
LOG 7336550 us Sab1 000011101001100001110111100110101000000000000000000000000000000010000000000000000000000000000000010000000000000000000000000000000100100000000000000000000000000000100100000000000000000000000000
[Central]  RECEIVED 	From 1		Data $	Size 24	  Sequence Number 18	(7336550 us)
[Central]  SENDING 		To 1	ACK 	Size 24	  Sequence Number 16	(7438250 us)
[Local]   RECEIVED 	From 2		ACK 	Size 24	  Sequence Number 15	(7439200 us)

		RTT of packet with SN 15 : 103600 us
		BASE : 16	NEXTSN : 16


		@@@@ timeout 16@@@@
		nextSNTemp : 20, nextSN : 16

[Local]   SENDING 		To 2	Data #	Size 24	  Sequence Number 16	(7527650 us)
LOG 7528600 us Sab1 ORIGINAL Packet: 61
LOG 7528600 us Sab1 000011101001100001110111100110101000000000000000000000000000000010000000000000000000000000000000010000000000000000000000000000001111000000000000000000000000000010010100000000000000000000000000
LOG 7528600 us Sab1 CORRUPTED Packet: 61
LOG 7528600 us Sab1 000011101001100001110111100110101000000000000000000000000000000010000000000000000000000000000000010000000000000000000000000000001111000000000000000000000000000010010100000000000000000000000000
[Central]  RECEIVED 	From 1		Data )	Size 24	  Sequence Number 15	(7528600 us)
[Local]   SENDING 		To 2	Data #	Size 24	  Sequence Number 17	(7719700 us)
[Central]  SENDING 		To 1	ACK 	Size 24	  Sequence Number 16	(7720300 us)
LOG 7720650 us Sab1 ORIGINAL Packet: 63
LOG 7720650 us Sab1 000011101001100001110111100110101000000000000000000000000000000010000000000000000000000000000000010000000000000000000000000000000000100000000000000000000000000011000100000000000000000000000000
LOG 7720650 us Sab1 CORRUPTED Packet: 63
LOG 7720650 us Sab1 000011101001100001110111100110101000000000000000000000000000000010000000000000000000000000000000010000000000000000000000000000000000100000000000000000000000000011000100000000000000000000000000
[Central]  RECEIVED 	From 1		Data #	Size 24	  Sequence Number 16	(7720650 us)
[Local]   RECEIVED 	From 2		ACK 	Size 24	  Sequence Number 16	(7721250 us)

		RTT of packet with SN 16 : 193600 us
		BASE : 17	NEXTSN : 18

[Local]   SENDING 		To 2	Data $	Size 24	  Sequence Number 18	(7911750 us)
LOG 7912700 us Sab1 ORIGINAL Packet: 64
LOG 7912700 us Sab1 000011101001100001110111100110101000000000000000000000000000000010000000000000000000000000000000010000000000000000000000000000001000100000000000000000000000000011000100000000000000000000000000
LOG 7912700 us Sab1 CORRUPTED Packet: 64
LOG 7912700 us Sab1 000011101001100001110111100110101000000000000000000000000000000010000000000000000000000000000000010000000000000000000000000000001000100000000000000000000000000011000100000000000000000000000000
[Central]  RECEIVED 	From 1		Data #	Size 24	  Sequence Number 17	(7912700 us)

Info: /OSCI/SystemC: Simulation stopped by user.
