
Local   <-->  Central with FullDuplex channel

+----------------------------------------------------------------------------------------------+
|TASK     ACTION        FROM    TO      DATA    SIZE      SEQUENCE NUMBER       TIME STAMP     |
+----------------------------------------------------------------------------------------------+
[Local]   SENDING 		To 2	Data "	Size 24	  Sequence Number 1	(50 us)
[Local]   SENDING 		To 2	Data %	Size 24	  Sequence Number 2	(192100 us)
LOG 193050 us Sab1 ORIGINAL Packet: 0
LOG 193050 us Sab1 000011101001011010101100100011001000000000000000000000000000000010000000000000000000000000000000010000000000000000000000000000001000000000000000000000000000000001000100000000000000000000000000
LOG 193050 us Sab1 CORRUPTED Packet: 0
LOG 193050 us Sab1 000011101001011010101100100011001000000000000000000000000000000010000000000000000000000000000000010000000000000000000000000000001000000000000000000000000000000001000100000000000000000000000000
[Central]  RECEIVED 	From 1		Data "	Size 24	  Sequence Number 1	(193050 us)
[Central]  SENDING 		To 1	ACK 	Size 24	  Sequence Number 1	(193050 us)
LOG 385100 us Sab1 ORIGINAL Packet: 1
LOG 385100 us Sab1 000011101001011010101100100011001000000000000000000000000000000010000000000000000000000000000000010000000000000000000000000000000100000000000000000000000000000010100100000000000000000000000000
LOG 385100 us Sab1 CORRUPTED Packet: 1
LOG 385100 us Sab1 000011101001011010101100100011001000000000000000000000000000000010000000000000000000000000000000010000000000000000000000000000000100000000000000000000000000000010100100000000000000000000000000
[Central]  RECEIVED 	From 1		Data %	Size 24	  Sequence Number 2	(385100 us)
[Central]  SENDING 		To 1	ACK 	Size 24	  Sequence Number 2	(385100 us)
[Local]   RECEIVED 	From 2		ACK 	Size 24	  Sequence Number 1	(386050 us)

		RTT of packet with SN 1 : 386050 us
		BASE : 2	NEXTSN : 3

[Local]   RECEIVED 	From 2		ACK 	Size 24	  Sequence Number 2	(578100 us)

		RTT of packet with SN 2 : 386 ms
		BASE : 3	NEXTSN : 3


		@@@@ timeout 1@@@@
		nextSNTemp : 5, nextSN : 1


		@@@@ timeout 3@@@@
		nextSNTemp : 7, nextSN : 3

[Local]   SENDING 		To 2	Data *	Size 24	  Sequence Number 3	(600050 us)
[Local]   SENDING 		To 2	Data &	Size 24	  Sequence Number 4	(792100 us)
LOG 793050 us Sab1 ORIGINAL Packet: 4
LOG 793050 us Sab1 000011101001011010101100100011001000000000000000000000000000000010000000000000000000000000000000010000000000000000000000000000001100000000000000000000000000000001010100000000000000000000000000
LOG 793050 us Sab1 CORRUPTED Packet: 4
LOG 793050 us Sab1 000011101001011010101100100011001000000000000000000000000000000010000000000000000000000000000000010000000000000000000000000000001100000000000000000000000000000001010100000000000000000000000000
[Central]  RECEIVED 	From 1		Data *	Size 24	  Sequence Number 3	(793050 us)
[Central]  SENDING 		To 1	ACK 	Size 24	  Sequence Number 3	(793050 us)
[Local]   SENDING 		To 2	Data +	Size 24	  Sequence Number 5	(984150 us)
LOG 985100 us Sab1 ORIGINAL Packet: 5
LOG 985100 us Sab1 000011101001011010101100100011001000000000000000000000000000000010000000000000000000000000000000010000000000000000000000000000000010000000000000000000000000000001100100000000000000000000000000
LOG 985100 us Sab1 CORRUPTED Packet: 5
LOG 985100 us Sab1 000011101001011010101100100011001000000000000000000000000000000010000000000000000000000000000000010000000000000000000000000000000010000000000000000000000000000001100100000000000000000000000000
[Central]  RECEIVED 	From 1		Data &	Size 24	  Sequence Number 4	(985100 us)
[Central]  SENDING 		To 1	ACK 	Size 24	  Sequence Number 4	(985100 us)
[Local]   RECEIVED 	From 2		ACK 	Size 24	  Sequence Number 3	(986050 us)

		RTT of packet with SN 3 : 386 ms
		BASE : 4	NEXTSN : 6

[Local]   SENDING 		To 2	Data #	Size 24	  Sequence Number 6	(1176200 us)
LOG 1177150 us Sab1 ORIGINAL Packet: 7
LOG 1177150 us Sab1 000011101001011010101100100011001000000000000000000000000000000010000000000000000000000000000000010000000000000000000000000000001010000000000000000000000000000011010100000000000000000000000000
LOG 1177150 us Sab1 CORRUPTED Packet: 7
LOG 1177150 us Sab1 000011101001011010101100100011001000000000000000000000000000000010000000000000000000000000000000010000000000000000000000000000001010000000000000000000000000000011010100000000000000000000000000
[Central]  RECEIVED 	From 1		Data +	Size 24	  Sequence Number 5	(1177150 us)
[Central]  SENDING 		To 1	ACK 	Size 24	  Sequence Number 5	(1177150 us)
[Local]   RECEIVED 	From 2		ACK 	Size 24	  Sequence Number 4	(1178100 us)

		RTT of packet with SN 4 : 386 ms
		BASE : 5	NEXTSN : 7

[Local]   SENDING 		To 2	Data "	Size 24	  Sequence Number 7	(1368250 us)
LOG 1369200 us Sab1 ORIGINAL Packet: 9
LOG 1369200 us Sab1 000011101001011010101100100011001000000000000000000000000000000010000000000000000000000000000000010000000000000000000000000000000110000000000000000000000000000011000100000000000000000000000000
LOG 1369200 us Sab1 CORRUPTED Packet: 9
LOG 1369200 us Sab1 000011101001011010101100100011001000000000000000000000000000000010000000000000000000000000000000010000000000000000000000000000000110000000000000000000000000000011000100000000000000000000000000
[Central]  RECEIVED 	From 1		Data #	Size 24	  Sequence Number 6	(1369200 us)
[Central]  SENDING 		To 1	ACK 	Size 24	  Sequence Number 6	(1369200 us)
[Local]   RECEIVED 	From 2		ACK 	Size 24	  Sequence Number 5	(1370150 us)

		RTT of packet with SN 5 : 386 ms
		BASE : 6	NEXTSN : 8

[Local]   SENDING 		To 2	Data $	Size 24	  Sequence Number 8	(1560300 us)
LOG 1561250 us Sab1 ORIGINAL Packet: 11
LOG 1561250 us Sab1 000011101001011010101100100011001000000000000000000000000000000010000000000000000000000000000000010000000000000000000000000000001110000000000000000000000000000001000100000000000000000000000000
LOG 1561250 us Sab1 CORRUPTED Packet: 11
LOG 1561250 us Sab1 000011101001011010101100100011001000000000000000000000000000000010000000000000000000000000000000010000000000000000000000000000001110000000000000000000000000000001000100000000000000000000000000
[Central]  RECEIVED 	From 1		Data "	Size 24	  Sequence Number 7	(1561250 us)
[Central]  SENDING 		To 1	ACK 	Size 24	  Sequence Number 7	(1561250 us)
[Local]   RECEIVED 	From 2		ACK 	Size 24	  Sequence Number 6	(1562200 us)

		RTT of packet with SN 6 : 386 ms
		BASE : 7	NEXTSN : 9

LOG 1753300 us Sab1 ORIGINAL Packet: 13
LOG 1753300 us Sab1 000011101001011010101100100011001000000000000000000000000000000010000000000000000000000000000000010000000000000000000000000000000001000000000000000000000000000000100100000000000000000000000000
LOG 1753300 us Sab1 CORRUPTED Packet: 13
LOG 1753300 us Sab1 000011101001011010101100100011001000000000000000000000000000000010000000000000000000000000000000010000000000000000000000000000000001000000000000000000000000000000100100000000000000000000000000
[Central]  RECEIVED 	From 1		Data $	Size 24	  Sequence Number 8	(1753300 us)
[Central]  SENDING 		To 1	ACK 	Size 24	  Sequence Number 8	(1753300 us)
[Local]   RECEIVED 	From 2		ACK 	Size 24	  Sequence Number 7	(1754250 us)

		RTT of packet with SN 7 : 386 ms
		BASE : 8	NEXTSN : 9


		@@@@ timeout 1@@@@
		nextSNTemp : 5, nextSN : 1

[Local]   RECEIVED 	From 2		ACK 	Size 24	  Sequence Number 8	(1946300 us)

		RTT of packet with SN 8 : 386 ms
		BASE : 9	NEXTSN : 9


		@@@@ timeout 9@@@@
		nextSNTemp : 13, nextSN : 9

[Local]   SENDING 		To 2	Data &	Size 24	  Sequence Number 9	(1946300 us)
[Local]   SENDING 		To 2	Data '	Size 24	  Sequence Number 10	(2138350 us)
LOG 2139300 us Sab1 ORIGINAL Packet: 16
LOG 2139300 us Sab1 000011101001011010101100100011001000000000000000000000000000000010000000000000000000000000000000010000000000000000000000000000001001000000000000000000000000000001100100000000000000000000000000
LOG 2139300 us Sab1 CORRUPTED Packet: 16
LOG 2139300 us Sab1 000011101001011010101100100011001000000000000000000000000000000010000000000000000000000000000000010000000000000000000000000000001001000000000000000000000000000001100100000000000000000000000000
[Central]  RECEIVED 	From 1		Data &	Size 24	  Sequence Number 9	(2139300 us)
[Central]  SENDING 		To 1	ACK 	Size 24	  Sequence Number 9	(2139300 us)
[Local]   SENDING 		To 2	Data ,	Size 24	  Sequence Number 11	(2330400 us)
LOG 2331350 us Sab1 ORIGINAL Packet: 17
LOG 2331350 us Sab1 000011101001011010101100100011001000000000000000000000000000000010000000000000000000000000000000010000000000000000000000000000000101000000000000000000000000000011100100000000000000000000000000
LOG 2331350 us Sab1 CORRUPTED Packet: 17
LOG 2331350 us Sab1 000011101001011010101100100011001000000000000000000000000000000010000000000000000000000000000000010000000000000000000000000000000101000000000000000000000000000011100100000000000000000000000000
[Central]  RECEIVED 	From 1		Data '	Size 24	  Sequence Number 10	(2331350 us)
[Central]  SENDING 		To 1	ACK 	Size 24	  Sequence Number 10	(2331350 us)
[Local]   RECEIVED 	From 2		ACK 	Size 24	  Sequence Number 9	(2332300 us)

		RTT of packet with SN 9 : 386 ms
		BASE : 10	NEXTSN : 12

[Local]   SENDING 		To 2	Data .	Size 24	  Sequence Number 12	(2522450 us)
LOG 2523400 us Sab1 ORIGINAL Packet: 19
LOG 2523400 us Sab1 000011101001011010101100100011001000000000000000000000000000000010000000000000000000000000000000010000000000000000000000000000001101000000000000000000000000000000110100000000000000000000000000
LOG 2523400 us Sab1 CORRUPTED Packet: 19
LOG 2523400 us Sab1 000011101001011010101100100011001000000000000000000000000000000010000000000000000000000000000000010000000000000000000000000000001101000000000000000000000000000000110100000000000000000000000000
[Central]  RECEIVED 	From 1		Data ,	Size 24	  Sequence Number 11	(2523400 us)
[Central]  SENDING 		To 1	ACK 	Size 24	  Sequence Number 11	(2523400 us)
[Local]   RECEIVED 	From 2		ACK 	Size 24	  Sequence Number 10	(2524350 us)

		RTT of packet with SN 10 : 386 ms
		BASE : 11	NEXTSN : 13

[Local]   SENDING 		To 2	Data !	Size 24	  Sequence Number 13	(2714500 us)
LOG 2715450 us Sab1 ORIGINAL Packet: 21
LOG 2715450 us Sab1 000011101001011010101100100011001000000000000000000000000000000010000000000000000000000000000000010000000000000000000000000000000011000000000000000000000000000001110100000000000000000000000000
LOG 2715450 us Sab1 CORRUPTED Packet: 21
LOG 2715450 us Sab1 000011101001011010101100100011001000000000000000000000000000000010000000000000000000000000000000010000000000000000000000000000000011000000000000000000000000000001110100000000000000000000000000
[Central]  RECEIVED 	From 1		Data .	Size 24	  Sequence Number 12	(2715450 us)
[Central]  SENDING 		To 1	ACK 	Size 24	  Sequence Number 12	(2715450 us)
[Local]   RECEIVED 	From 2		ACK 	Size 24	  Sequence Number 11	(2716400 us)

		RTT of packet with SN 11 : 386 ms
		BASE : 12	NEXTSN : 14

[Local]   SENDING 		To 2	Data +	Size 24	  Sequence Number 14	(2906550 us)
LOG 2907500 us Sab1 ORIGINAL Packet: 23
LOG 2907500 us Sab1 000011101001011010101100100011001000000000000000000000000000000010000000000000000000000000000000010000000000000000000000000000001011000000000000000000000000000010000100000000000000000000000000
LOG 2907500 us Sab1 CORRUPTED Packet: 23
LOG 2907500 us Sab1 000011101001011010101100100011001000000000000000000000000000000010000000000000000000000000000000010000000000000000000000000000001011000000000000000000000000000010000100000000000000000000000000
[Central]  RECEIVED 	From 1		Data !	Size 24	  Sequence Number 13	(2907500 us)
[Central]  SENDING 		To 1	ACK 	Size 24	  Sequence Number 13	(2907500 us)
[Local]   RECEIVED 	From 2		ACK 	Size 24	  Sequence Number 12	(2908450 us)

		RTT of packet with SN 12 : 386 ms
		BASE : 13	NEXTSN : 15

LOG 3099550 us Sab1 ORIGINAL Packet: 25
LOG 3099550 us Sab1 000011101001011010101100100011001000000000000000000000000000000010000000000000000000000000000000010000000000000000000000000000000111000000000000000000000000000011010100000000000000000000000000
LOG 3099550 us Sab1 CORRUPTED Packet: 25
LOG 3099550 us Sab1 000011101001011010101100100011001000000000000000000000000000000010000000000000000000000000000000010000000000000000000000000000000111000000000000000000000000000011010100000000000000000000000000
[Central]  RECEIVED 	From 1		Data +	Size 24	  Sequence Number 14	(3099550 us)
[Central]  SENDING 		To 1	ACK 	Size 24	  Sequence Number 14	(3099550 us)
[Local]   RECEIVED 	From 2		ACK 	Size 24	  Sequence Number 13	(3100500 us)

		RTT of packet with SN 13 : 386 ms
		BASE : 14	NEXTSN : 15


		@@@@ timeout 1@@@@
		nextSNTemp : 5, nextSN : 1

[Local]   RECEIVED 	From 2		ACK 	Size 24	  Sequence Number 14	(3292550 us)

		RTT of packet with SN 14 : 386 ms
		BASE : 15	NEXTSN : 15


		@@@@ timeout 15@@@@
		nextSNTemp : 19, nextSN : 15

[Local]   SENDING 		To 2	Data )	Size 24	  Sequence Number 15	(3292550 us)
[Local]   SENDING 		To 2	Data #	Size 24	  Sequence Number 16	(3484600 us)
LOG 3485550 us Sab1 ORIGINAL Packet: 28
LOG 3485550 us Sab1 000011101001011010101100100011001000000000000000000000000000000010000000000000000000000000000000010000000000000000000000000000001111000000000000000000000000000010010100000000000000000000000000
LOG 3485550 us Sab1 CORRUPTED Packet: 28
LOG 3485550 us Sab1 000011101001011010101100100011001000000000000000000000000000000010000000000000000000000000000000010000000000000000000000000000001111000000000000000000000000000010010100000000000000000000000000
[Central]  RECEIVED 	From 1		Data )	Size 24	  Sequence Number 15	(3485550 us)
[Central]  SENDING 		To 1	ACK 	Size 24	  Sequence Number 15	(3485550 us)
[Local]   SENDING 		To 2	Data $	Size 24	  Sequence Number 17	(3676650 us)
LOG 3677600 us Sab1 ORIGINAL Packet: 29
LOG 3677600 us Sab1 000011101001011010101100100011001000000000000000000000000000000010000000000000000000000000000000010000000000000000000000000000000000100000000000000000000000000011000100000000000000000000000000
LOG 3677600 us Sab1 CORRUPTED Packet: 29
LOG 3677600 us Sab1 000011101001011010101100100011001000000000000000000000000000000010000000000000000000000000000000010000000000000000000000000000000000100000000000000000000000000011000100000000000000000000000000
[Central]  RECEIVED 	From 1		Data #	Size 24	  Sequence Number 16	(3677600 us)
[Central]  SENDING 		To 1	ACK 	Size 24	  Sequence Number 16	(3677600 us)
[Local]   RECEIVED 	From 2		ACK 	Size 24	  Sequence Number 15	(3678550 us)

		RTT of packet with SN 15 : 386 ms
		BASE : 16	NEXTSN : 18

[Local]   SENDING 		To 2	Data !	Size 24	  Sequence Number 18	(3868700 us)
LOG 3869650 us Sab1 ORIGINAL Packet: 31
LOG 3869650 us Sab1 000011101001011010101100100011001000000000000000000000000000000010000000000000000000000000000000010000000000000000000000000000001000100000000000000000000000000000100100000000000000000000000000
LOG 3869650 us Sab1 CORRUPTED Packet: 31
LOG 3869650 us Sab1 000011101001011010101100100011001000000000000000000000000000000010000000000000000000000000000000010000000000000000000000000000001000100000000000000000000000000000100100000000000000000000000000
[Central]  RECEIVED 	From 1		Data $	Size 24	  Sequence Number 17	(3869650 us)
[Central]  SENDING 		To 1	ACK 	Size 24	  Sequence Number 17	(3869650 us)
[Local]   RECEIVED 	From 2		ACK 	Size 24	  Sequence Number 16	(3870600 us)

		RTT of packet with SN 16 : 386 ms
		BASE : 17	NEXTSN : 19

[Local]   SENDING 		To 2	Data &	Size 24	  Sequence Number 19	(4060750 us)
LOG 4061700 us Sab1 ORIGINAL Packet: 33
LOG 4061700 us Sab1 000011101001011010101100100011001000000000000000000000000000000010000000000000000000000000000000010000000000000000000000000000000100100000000000000000000000000010000100000000000000000000000000
LOG 4061700 us Sab1 CORRUPTED Packet: 33
LOG 4061700 us Sab1 000011101001011010101100100011001000000000000000000000000000000010000000000000000000000000000000010000000000000000000000000000000100100000000000000000000000000010000100000000000000000000000000
[Central]  RECEIVED 	From 1		Data !	Size 24	  Sequence Number 18	(4061700 us)
[Central]  SENDING 		To 1	ACK 	Size 24	  Sequence Number 18	(4061700 us)
[Local]   RECEIVED 	From 2		ACK 	Size 24	  Sequence Number 17	(4062650 us)

		RTT of packet with SN 17 : 386 ms
		BASE : 18	NEXTSN : 20

[Local]   SENDING 		To 2	Data *	Size 24	  Sequence Number 20	(4252800 us)
LOG 4253750 us Sab1 ORIGINAL Packet: 35
LOG 4253750 us Sab1 000011101001011010101100100011001000000000000000000000000000000010000000000000000000000000000000010000000000000000000000000000001100100000000000000000000000000001100100000000000000000000000000
LOG 4253750 us Sab1 CORRUPTED Packet: 35
LOG 4253750 us Sab1 000011101001011010101100100011001000000000000000000000000000000010000000000000000000000000000000010000000000000000000000000000001100100000000000000000000000000001100100000000000000000000000000
[Central]  RECEIVED 	From 1		Data &	Size 24	  Sequence Number 19	(4253750 us)
[Central]  SENDING 		To 1	ACK 	Size 24	  Sequence Number 19	(4253750 us)
[Local]   RECEIVED 	From 2		ACK 	Size 24	  Sequence Number 18	(4254700 us)

		RTT of packet with SN 18 : 386 ms
		BASE : 19	NEXTSN : 21

LOG 4445800 us Sab1 ORIGINAL Packet: 37
LOG 4445800 us Sab1 000011101001011010101100100011001000000000000000000000000000000010000000000000000000000000000000010000000000000000000000000000000010100000000000000000000000000001010100000000000000000000000000
LOG 4445800 us Sab1 CORRUPTED Packet: 37
LOG 4445800 us Sab1 000011101001011010101100100011001000000000000000000000000000000010000000000000000000000000000000010000000000000000000000000000000010100000000000000000000000000001010100000000000000000000000000
[Central]  RECEIVED 	From 1		Data *	Size 24	  Sequence Number 20	(4445800 us)
[Central]  SENDING 		To 1	ACK 	Size 24	  Sequence Number 20	(4445800 us)
[Local]   RECEIVED 	From 2		ACK 	Size 24	  Sequence Number 19	(4446750 us)

		RTT of packet with SN 19 : 386 ms
		BASE : 20	NEXTSN : 21


		@@@@ timeout 1@@@@
		nextSNTemp : 5, nextSN : 1

[Local]   RECEIVED 	From 2		ACK 	Size 24	  Sequence Number 20	(4638800 us)

		RTT of packet with SN 20 : 386 ms
		BASE : 21	NEXTSN : 21


		@@@@ timeout 21@@@@
		nextSNTemp : 25, nextSN : 21

[Local]   SENDING 		To 2	Data -	Size 24	  Sequence Number 21	(4638800 us)
[Local]   SENDING 		To 2	Data -	Size 24	  Sequence Number 22	(4830850 us)
LOG 4831800 us Sab1 ORIGINAL Packet: 40
LOG 4831800 us Sab1 000011101001011010101100100011001000000000000000000000000000000010000000000000000000000000000000010000000000000000000000000000001010100000000000000000000000000010110100000000000000000000000000
LOG 4831800 us Sab1 CORRUPTED Packet: 40
LOG 4831800 us Sab1 000011101001011010101100100011001000000000000000000000000000000010000000000000000000000000000000010000000000000000000000000000001010100000000000000000000000000010110100000000000000000000000000
[Central]  RECEIVED 	From 1		Data -	Size 24	  Sequence Number 21	(4831800 us)
[Central]  SENDING 		To 1	ACK 	Size 24	  Sequence Number 21	(4831800 us)
[Local]   SENDING 		To 2	Data .	Size 24	  Sequence Number 23	(5022900 us)
LOG 5023850 us Sab1 ORIGINAL Packet: 41
LOG 5023850 us Sab1 000011101001011010101100100011001000000000000000000000000000000010000000000000000000000000000000010000000000000000000000000000000110100000000000000000000000000010110100000000000000000000000000
LOG 5023850 us Sab1 CORRUPTED Packet: 41
LOG 5023850 us Sab1 000011101001011010101100100011001000000000000000000000000000000010000000000000000000000000000000010000000000000000000000000000000110100000000000000000000000000010110100000000000000000000000000
[Central]  RECEIVED 	From 1		Data -	Size 24	  Sequence Number 22	(5023850 us)
[Central]  SENDING 		To 1	ACK 	Size 24	  Sequence Number 22	(5023850 us)
[Local]   RECEIVED 	From 2		ACK 	Size 24	  Sequence Number 21	(5024800 us)

		RTT of packet with SN 21 : 386 ms
		BASE : 22	NEXTSN : 24

[Local]   SENDING 		To 2	Data "	Size 24	  Sequence Number 24	(5214950 us)
LOG 5215900 us Sab1 ORIGINAL Packet: 43
LOG 5215900 us Sab1 000011101001011010101100100011001000000000000000000000000000000010000000000000000000000000000000010000000000000000000000000000001110100000000000000000000000000001110100000000000000000000000000
LOG 5215900 us Sab1 CORRUPTED Packet: 43
LOG 5215900 us Sab1 000011101001011010101100100011001000000000000000000000000000000010000000000000000000000000000000010000000000000000000000000000001110100000000000000000000000000001110100000000000000000000000000
[Central]  RECEIVED 	From 1		Data .	Size 24	  Sequence Number 23	(5215900 us)
[Central]  SENDING 		To 1	ACK 	Size 24	  Sequence Number 23	(5215900 us)
[Local]   RECEIVED 	From 2		ACK 	Size 24	  Sequence Number 22	(5216850 us)

		RTT of packet with SN 22 : 386 ms
		BASE : 23	NEXTSN : 25

[Local]   SENDING 		To 2	Data &	Size 24	  Sequence Number 25	(5407 ms)
LOG 5407950 us Sab1 ORIGINAL Packet: 45
LOG 5407950 us Sab1 000011101001011010101100100011001000000000000000000000000000000010000000000000000000000000000000010000000000000000000000000000000001100000000000000000000000000001000100000000000000000000000000
LOG 5407950 us Sab1 CORRUPTED Packet: 45
LOG 5407950 us Sab1 000011101001011010101100100011001000000000000000000000000000000010000000000000000000000000000000010000000000000000000000000000000001100000000000000000000000000001000100000000000000000000000000
[Central]  RECEIVED 	From 1		Data "	Size 24	  Sequence Number 24	(5407950 us)
[Central]  SENDING 		To 1	ACK 	Size 24	  Sequence Number 24	(5407950 us)
[Local]   RECEIVED 	From 2		ACK 	Size 24	  Sequence Number 23	(5408900 us)

		RTT of packet with SN 23 : 386 ms
		BASE : 24	NEXTSN : 26

[Local]   SENDING 		To 2	Data !	Size 24	  Sequence Number 26	(5599050 us)

		@@@@ timeout 1@@@@
		nextSNTemp : 5, nextSN : 1

LOG 5600 ms Sab1 ORIGINAL Packet: 47
LOG 5600 ms Sab1 000011101001011010101100100011001000000000000000000000000000000010000000000000000000000000000000010000000000000000000000000000001001100000000000000000000000000001100100000000000000000000000000
LOG 5600 ms Sab1 CORRUPTED Packet: 47
LOG 5600 ms Sab1 000011101001011010101100100011001000000000000000000000000000000010000000000000000000000000000000010000000000000000000000000000001001100000000000000000000000000001100100000000000000000000000000
[Central]  RECEIVED 	From 1		Data &	Size 24	  Sequence Number 25	(5600 ms)
[Central]  SENDING 		To 1	ACK 	Size 24	  Sequence Number 25	(5600050 us)
[Local]   RECEIVED 	From 2		ACK 	Size 24	  Sequence Number 24	(5600950 us)

		RTT of packet with SN 24 : 386 ms
		BASE : 25	NEXTSN : 27

LOG 5792050 us Sab1 ORIGINAL Packet: 49
LOG 5792050 us Sab1 000011101001011010101100100011001000000000000000000000000000000010000000000000000000000000000000010000000000000000000000000000000101100000000000000000000000000010000100000000000000000000000000
LOG 5792050 us Sab1 CORRUPTED Packet: 49
LOG 5792050 us Sab1 000011101001011010101100100011001000000000000000000000000000000010000000000000000000000000000000010000000000000000000000000000000101100000000000000000000000000010000100000000000000000000000000
[Central]  RECEIVED 	From 1		Data !	Size 24	  Sequence Number 26	(5792050 us)
[Central]  SENDING 		To 1	ACK 	Size 24	  Sequence Number 26	(5792100 us)
[Local]   RECEIVED 	From 2		ACK 	Size 24	  Sequence Number 25	(5793050 us)

		RTT of packet with SN 25 : 386050 us
		BASE : 26	NEXTSN : 27

[Local]   RECEIVED 	From 2		ACK 	Size 24	  Sequence Number 26	(5985100 us)

		RTT of packet with SN 26 : 386050 us
		BASE : 27	NEXTSN : 27


		@@@@ timeout 27@@@@
		nextSNTemp : 31, nextSN : 27

[Local]   SENDING 		To 2	Data +	Size 24	  Sequence Number 27	(5985100 us)
[Local]   SENDING 		To 2	Data -	Size 24	  Sequence Number 28	(6177150 us)
LOG 6178100 us Sab1 ORIGINAL Packet: 52
LOG 6178100 us Sab1 000011101001011010101100100011001000000000000000000000000000000010000000000000000000000000000000010000000000000000000000000000001101100000000000000000000000000011010100000000000000000000000000
LOG 6178100 us Sab1 CORRUPTED Packet: 52
LOG 6178100 us Sab1 000011101001011010101100100011001000000000000000000000000000000010000000000000000000000000000000010000000000000000000000000000001101100000000000000000000000000011010100000000000000000000000000
[Central]  RECEIVED 	From 1		Data +	Size 24	  Sequence Number 27	(6178100 us)
[Central]  SENDING 		To 1	ACK 	Size 24	  Sequence Number 27	(6178100 us)
[Local]   SENDING 		To 2	Data *	Size 24	  Sequence Number 29	(6369200 us)
LOG 6370150 us Sab1 ORIGINAL Packet: 53
LOG 6370150 us Sab1 000011101001011010101100100011001000000000000000000000000000000010000000000000000000000000000000010000000000000000000000000000000011100000000000000000000000000010110100000000000000000000000000
LOG 6370150 us Sab1 CORRUPTED Packet: 53
LOG 6370150 us Sab1 000011101001011010101100100011001000000000000000000000000000000010000000000000000000000000000000010000000000000000000000000000000011100000000000000000000000000010110100000000000000000000000000
[Central]  RECEIVED 	From 1		Data -	Size 24	  Sequence Number 28	(6370150 us)
[Central]  SENDING 		To 1	ACK 	Size 24	  Sequence Number 28	(6370150 us)
[Local]   RECEIVED 	From 2		ACK 	Size 24	  Sequence Number 27	(6371100 us)

		RTT of packet with SN 27 : 386 ms
		BASE : 28	NEXTSN : 30

[Local]   SENDING 		To 2	Data "	Size 24	  Sequence Number 30	(6561250 us)
LOG 6562200 us Sab1 ORIGINAL Packet: 55
LOG 6562200 us Sab1 000011101001011010101100100011001000000000000000000000000000000010000000000000000000000000000000010000000000000000000000000000001011100000000000000000000000000001010100000000000000000000000000
LOG 6562200 us Sab1 CORRUPTED Packet: 55
LOG 6562200 us Sab1 000011101001011010101100100011001000000000000000000000000000000010000000000000000000000000000000010000000000000000000000000000001011100000000000000000000000000001010100000000000000000000000000
[Central]  RECEIVED 	From 1		Data *	Size 24	  Sequence Number 29	(6562200 us)
[Central]  SENDING 		To 1	ACK 	Size 24	  Sequence Number 29	(6562200 us)
[Local]   RECEIVED 	From 2		ACK 	Size 24	  Sequence Number 28	(6563150 us)

		RTT of packet with SN 28 : 386 ms
		BASE : 29	NEXTSN : 31

[Local]   SENDING 		To 2	Data !	Size 24	  Sequence Number 31	(6753300 us)
LOG 6754250 us Sab1 ORIGINAL Packet: 57
LOG 6754250 us Sab1 000011101001011010101100100011001000000000000000000000000000000010000000000000000000000000000000010000000000000000000000000000000111100000000000000000000000000001000100000000000000000000000000
LOG 6754250 us Sab1 CORRUPTED Packet: 57
LOG 6754250 us Sab1 000011101001011010101100100011001000000000000000000000000000000010000000000000000000000000000000010000000000000000000000000000000111100000000000000000000000000001000100000000000000000000000000
[Central]  RECEIVED 	From 1		Data "	Size 24	  Sequence Number 30	(6754250 us)
[Central]  SENDING 		To 1	ACK 	Size 24	  Sequence Number 30	(6754250 us)
[Local]   RECEIVED 	From 2		ACK 	Size 24	  Sequence Number 29	(6755200 us)

		RTT of packet with SN 29 : 386 ms
		BASE : 30	NEXTSN : 32

[Local]   SENDING 		To 2	Data *	Size 24	  Sequence Number 32	(6945350 us)
LOG 6946300 us Sab1 ORIGINAL Packet: 59
LOG 6946300 us Sab1 000011101001011010101100100011001000000000000000000000000000000010000000000000000000000000000000010000000000000000000000000000001111100000000000000000000000000010000100000000000000000000000000
LOG 6946300 us Sab1 CORRUPTED Packet: 59
LOG 6946300 us Sab1 000011101001011010101100100011001000000000000000000000000000000010000000000000000000000000000000010000000000000000000000000000001111100000000000000000000000000010000100000000000000000000000000
[Central]  RECEIVED 	From 1		Data !	Size 24	  Sequence Number 31	(6946300 us)
[Central]  SENDING 		To 1	ACK 	Size 24	  Sequence Number 31	(6946300 us)
[Local]   RECEIVED 	From 2		ACK 	Size 24	  Sequence Number 30	(6947250 us)

		RTT of packet with SN 30 : 386 ms
		BASE : 31	NEXTSN : 33

LOG 7138350 us Sab1 ORIGINAL Packet: 61
LOG 7138350 us Sab1 000011101001011010101100100011001000000000000000000000000000000010000000000000000000000000000000010000000000000000000000000000000000010000000000000000000000000001010100000000000000000000000000
LOG 7138350 us Sab1 CORRUPTED Packet: 61
LOG 7138350 us Sab1 000011101001011010101100100011001000000000000000000000000000000010000000000000000000000000000000010000000000000000000000000000000000010000000000000000000000000001010100000000000000000000000000
[Central]  RECEIVED 	From 1		Data *	Size 24	  Sequence Number 32	(7138350 us)
[Central]  SENDING 		To 1	ACK 	Size 24	  Sequence Number 32	(7138350 us)
[Local]   RECEIVED 	From 2		ACK 	Size 24	  Sequence Number 31	(7139300 us)

		RTT of packet with SN 31 : 386 ms
		BASE : 32	NEXTSN : 33


		@@@@ timeout 1@@@@
		nextSNTemp : 5, nextSN : 1

[Local]   RECEIVED 	From 2		ACK 	Size 24	  Sequence Number 32	(7331350 us)

		RTT of packet with SN 32 : 386 ms
		BASE : 33	NEXTSN : 33


		@@@@ timeout 33@@@@
		nextSNTemp : 37, nextSN : 33

[Local]   SENDING 		To 2	Data "	Size 24	  Sequence Number 33	(7331350 us)
[Local]   SENDING 		To 2	Data ,	Size 24	  Sequence Number 34	(7523400 us)
LOG 7524350 us Sab1 ORIGINAL Packet: 64
LOG 7524350 us Sab1 000011101001011010101100100011001000000000000000000000000000000010000000000000000000000000000000010000000000000000000000000000001000010000000000000000000000000001000100000000000000000000000000
LOG 7524350 us Sab1 CORRUPTED Packet: 64
LOG 7524350 us Sab1 000011101001011010101100100011001000000000000000000000000000000010000000000000000000000000000000010000000000000000000000000000001000010000000000000000000000000001000100000000000000000000000000
[Central]  RECEIVED 	From 1		Data "	Size 24	  Sequence Number 33	(7524350 us)
[Central]  SENDING 		To 1	ACK 	Size 24	  Sequence Number 33	(7524350 us)
[Local]   SENDING 		To 2	Data &	Size 24	  Sequence Number 35	(7715450 us)
LOG 7716400 us Sab1 ORIGINAL Packet: 65
LOG 7716400 us Sab1 000011101001011010101100100011001000000000000000000000000000000010000000000000000000000000000000010000000000000000000000000000000100010000000000000000000000000000110100000000000000000000000000
LOG 7716400 us Sab1 CORRUPTED Packet: 65
LOG 7716400 us Sab1 000011101001011010101100100011001000000000000000000000000000000010000000000000000000000000000000010000000000000000000000000000000100010000000000000000000000000000110100000000000000000000000000
[Central]  RECEIVED 	From 1		Data ,	Size 24	  Sequence Number 34	(7716400 us)
[Central]  SENDING 		To 1	ACK 	Size 24	  Sequence Number 34	(7716400 us)
[Local]   RECEIVED 	From 2		ACK 	Size 24	  Sequence Number 33	(7717350 us)

		RTT of packet with SN 33 : 386 ms
		BASE : 34	NEXTSN : 36

[Local]   SENDING 		To 2	Data (	Size 24	  Sequence Number 36	(7907500 us)
LOG 7908450 us Sab1 ORIGINAL Packet: 67
LOG 7908450 us Sab1 000011101001011010101100100011001000000000000000000000000000000010000000000000000000000000000000010000000000000000000000000000001100010000000000000000000000000001100100000000000000000000000000
LOG 7908450 us Sab1 CORRUPTED Packet: 67
LOG 7908450 us Sab1 000011101001011010101100100011001000000000000000000000000000000010000000000000000000000000000000010000000000000000000000000000001100010000000000000000000000000001100100000000000000000000000000
[Central]  RECEIVED 	From 1		Data &	Size 24	  Sequence Number 35	(7908450 us)
[Central]  SENDING 		To 1	ACK 	Size 24	  Sequence Number 35	(7908450 us)
[Local]   RECEIVED 	From 2		ACK 	Size 24	  Sequence Number 34	(7909400 us)

		RTT of packet with SN 34 : 386 ms
		BASE : 35	NEXTSN : 37


Info: /OSCI/SystemC: Simulation stopped by user.
