
Local   <-->  Central with FullDuplex channel

+----------------------------------------------------------------------------------------------+
|TASK     ACTION        FROM    TO      DATA    SIZE      SEQUENCE NUMBER       TIME STAMP     |
+----------------------------------------------------------------------------------------------+
[Local]   SENDING 		To 2	Data "	Size 24	  Sequence Number 1	(50 us)
[Local]   SENDING 		To 2	Data %	Size 24	  Sequence Number 2	(241100 us)
LOG 242050 us Sab1 ORIGINAL Packet: 0
LOG 242050 us Sab1 000011101001100111010000111010011000000000000000000000000000000010000000000000000000000000000000010000000000000000000000000000001000000000000000000000000000000001000100000000000000000000000000
LOG 242050 us Sab1 CORRUPTED Packet: 0
LOG 242050 us Sab1 000011101001100111010000111010011000000000000000000000000000000010000000000000000000000000000000010000000000000000000000000000001000000000000000000000000000000001000100000000000000000000000000
[Central]  RECEIVED 	From 1		Data "	Size 24	  Sequence Number 1	(242050 us)
[Central]  SENDING 		To 1	ACK 	Size 24	  Sequence Number 1	(242050 us)
LOG 483100 us Sab1 ORIGINAL Packet: 1
LOG 483100 us Sab1 000011101001100111010000111010011000000000000000000000000000000010000000000000000000000000000000010000000000000000000000000000000100000000000000000000000000000010100100000000000000000000000000
LOG 483100 us Sab1 CORRUPTED Packet: 1
LOG 483100 us Sab1 000011101001100111010000111010011000000000000000000000000000000010000000000000000000000000000000010000000000000000000000000000000100000000000000000000000000000010100100000000000000000000000000
[Central]  RECEIVED 	From 1		Data %	Size 24	  Sequence Number 2	(483100 us)
[Central]  SENDING 		To 1	ACK 	Size 24	  Sequence Number 2	(483100 us)
LOG 484050 us Sab2 ORIGINAL Packet: 2
LOG 484050 us Sab2 100001101110100111010000111010010100000000000000000000000000000001000000000000000000000000000000100000000000000000000000000000001000000000000000000000000000000000000000000000000000000000000000
LOG 484050 us Sab2 CORRUPTED Packet: 2
LOG 484050 us Sab2 100001101110100111010000111010010100000000000000000000000000000001000000000000000000000000000000100000000000000000000000000000001000000000000000000000000000000000000000000000000000000000000000
[Local]   RECEIVED 	From 2		ACK 	Size 24	  Sequence Number 1	(484050 us)

		RTT of packet with SN 1 : 484050 us
		BASE : 2	NEXTSN : 3


		@@@@ timeout 1@@@@
		nextSNTemp : 5, nextSN : 1

LOG 725100 us Sab2 ORIGINAL Packet: 3
LOG 725100 us Sab2 100001101110100111010000111010010100000000000000000000000000000001000000000000000000000000000000100000000000000000000000000000000100000000000000000000000000000000000000000000000000000000000000
LOG 725100 us Sab2 CORRUPTED Packet: 3
LOG 725100 us Sab2 100001101110100111010000111010010100000000000000000000000000000001000000000000000000000000000000100000000000000000000000000000000100000000000000000000000000000000000000000000000000000000000000
[Local]   RECEIVED 	From 2		ACK 	Size 24	  Sequence Number 2	(725100 us)

		RTT of packet with SN 2 : 484 ms
		BASE : 3	NEXTSN : 3


		@@@@ timeout 3@@@@
		nextSNTemp : 7, nextSN : 3

[Local]   SENDING 		To 2	Data *	Size 24	  Sequence Number 3	(725100 us)
[Local]   SENDING 		To 2	Data &	Size 24	  Sequence Number 4	(966150 us)
LOG 967100 us Sab1 ORIGINAL Packet: 4
LOG 967100 us Sab1 000011101001100111010000111010011000000000000000000000000000000010000000000000000000000000000000010000000000000000000000000000001100000000000000000000000000000001010100000000000000000000000000
LOG 967100 us Sab1 CORRUPTED Packet: 4
LOG 967100 us Sab1 000011101001100111010000111010011000000000000000000000000000000010000000000000000000000000000000010000000000000000000000000000001100000000000000000000000000000001010100000000000000000000000000
[Central]  RECEIVED 	From 1		Data *	Size 24	  Sequence Number 3	(967100 us)
[Central]  SENDING 		To 1	ACK 	Size 24	  Sequence Number 3	(967100 us)
[Local]   SENDING 		To 2	Data "	Size 24	  Sequence Number 5	(1207200 us)
LOG 1208150 us Sab1 ORIGINAL Packet: 5
LOG 1208150 us Sab1 000011101001100111010000111010011000000000000000000000000000000010000000000000000000000000000000010000000000000000000000000000000010000000000000000000000000000001100100000000000000000000000000
LOG 1208150 us Sab1 CORRUPTED Packet: 5
LOG 1208150 us Sab1 000011101001100111010000111010011000000000000000000000000000000010000000000000000000000000000000010000000000000000000000000000000010000000000000000000000000000001100100000000000000000000000000
[Central]  RECEIVED 	From 1		Data &	Size 24	  Sequence Number 4	(1208150 us)
[Central]  SENDING 		To 1	ACK 	Size 24	  Sequence Number 4	(1208150 us)
LOG 1209100 us Sab2 ORIGINAL Packet: 6
LOG 1209100 us Sab2 100001101110100111010000111010010100000000000000000000000000000001000000000000000000000000000000100000000000000000000000000000001100000000000000000000000000000000000000000000000000000000000000
LOG 1209100 us Sab2 CORRUPTED Packet: 6
LOG 1209100 us Sab2 100001101110100111010000111010010100000000000000000000000000000001000000000000000000000000000000100000000000000000000000000000001100000000000000000000000000000000000000000000000000000000000000
[Local]   RECEIVED 	From 2		ACK 	Size 24	  Sequence Number 3	(1209100 us)

		RTT of packet with SN 3 : 484 ms
		BASE : 4	NEXTSN : 6

[Local]   SENDING 		To 2	Data #	Size 24	  Sequence Number 6	(1448250 us)
LOG 1449200 us Sab1 ORIGINAL Packet: 7
LOG 1449200 us Sab1 000011101001100111010000111010011000000000000000000000000000000010000000000000000000000000000000010000000000000000000000000000001010000000000000000000000000000001000100000000000000000000000000
LOG 1449200 us Sab1 CORRUPTED Packet: 7
LOG 1449200 us Sab1 000011101001100111010000111010011000000000000000000000000000000010000000000000000000000000000000010000000000000000000000000000001010000000000000000000000000000001000100000000000000000000000000
[Central]  RECEIVED 	From 1		Data "	Size 24	  Sequence Number 5	(1449200 us)
[Central]  SENDING 		To 1	ACK 	Size 24	  Sequence Number 5	(1449200 us)
LOG 1450150 us Sab2 ORIGINAL Packet: 8
LOG 1450150 us Sab2 100001101110100111010000111010010100000000000000000000000000000001000000000000000000000000000000100000000000000000000000000000000010000000000000000000000000000000000000000000000000000000000000
LOG 1450150 us Sab2 CORRUPTED Packet: 8
LOG 1450150 us Sab2 100001101110100111010000111010010100000000000000000000000000000001000000000000000000000000000000100000000000000000000000000000000010000000000000000000000000000000000000000000000000000000000000
[Local]   RECEIVED 	From 2		ACK 	Size 24	  Sequence Number 4	(1450150 us)

		RTT of packet with SN 4 : 484 ms
		BASE : 5	NEXTSN : 7

[Local]   SENDING 		To 2	Data "	Size 24	  Sequence Number 7	(1689300 us)
LOG 1690250 us Sab1 ORIGINAL Packet: 9
LOG 1690250 us Sab1 000011101001100111010000111010011000000000000000000000000000000010000000000000000000000000000000010000000000000000000000000000000110000000000000000000000000000011000100000000000000000000000000
LOG 1690250 us Sab1 CORRUPTED Packet: 9
LOG 1690250 us Sab1 000011101001100111010000111010011000000000000000000000000000000010000000000000000000000000000000010000000000000000000000000000000110000000000000000000000000000011000100000000000000000000000000
[Central]  RECEIVED 	From 1		Data #	Size 24	  Sequence Number 6	(1690250 us)
[Central]  SENDING 		To 1	ACK 	Size 24	  Sequence Number 6	(1690250 us)
LOG 1691200 us Sab2 ORIGINAL Packet: 10
LOG 1691200 us Sab2 100001101110100111010000111010010100000000000000000000000000000001000000000000000000000000000000100000000000000000000000000000001010000000000000000000000000000000000000000000000000000000000000
LOG 1691200 us Sab2 CORRUPTED Packet: 10
LOG 1691200 us Sab2 100001101110100111010000111010010100000000000000000000000000000001000000000000000000000000000000100000000000000000000000000000001010000000000000000000000000000000000000000000000000000000000000
[Local]   RECEIVED 	From 2		ACK 	Size 24	  Sequence Number 5	(1691200 us)

		RTT of packet with SN 5 : 484 ms
		BASE : 6	NEXTSN : 8

[Local]   SENDING 		To 2	Data $	Size 24	  Sequence Number 8	(1930350 us)
LOG 1931300 us Sab1 ORIGINAL Packet: 11
LOG 1931300 us Sab1 000011101001100111010000111010011000000000000000000000000000000010000000000000000000000000000000010000000000000000000000000000001110000000000000000000000000000001000100000000000000000000000000
LOG 1931300 us Sab1 CORRUPTED Packet: 11
LOG 1931300 us Sab1 000011101001100111010000111010011000000000000000000000000000000010000000000000000000000000000000010000000000000000000000000000001110000000000000000000000000000001000100000000000000000000000000
[Central]  RECEIVED 	From 1		Data "	Size 24	  Sequence Number 7	(1931300 us)
[Central]  SENDING 		To 1	ACK 	Size 24	  Sequence Number 7	(1931300 us)
LOG 1932250 us Sab2 ORIGINAL Packet: 12
LOG 1932250 us Sab2 100001101110100111010000111010010100000000000000000000000000000001000000000000000000000000000000100000000000000000000000000000000110000000000000000000000000000000000000000000000000000000000000
LOG 1932250 us Sab2 CORRUPTED Packet: 12
LOG 1932250 us Sab2 100001101110100111010000111010010100000000000000000000000000000001000000000000000000000000000000100000000000000000000000000000000110000000000000000000000000000000000000000000000000000000000000
[Local]   RECEIVED 	From 2		ACK 	Size 24	  Sequence Number 6	(1932250 us)

		RTT of packet with SN 6 : 484 ms
		BASE : 7	NEXTSN : 9

LOG 2172350 us Sab1 ORIGINAL Packet: 13
LOG 2172350 us Sab1 000011101001100111010000111010011000000000000000000000000000000010000000000000000000000000000000010000000000000000000000000000000001000000000000000000000000000000100100000000000000000000000000
LOG 2172350 us Sab1 CORRUPTED Packet: 13
LOG 2172350 us Sab1 000011101001100111010000111010011000000000000000000000000000000010000000000000000000000000000000010000000000000000000000000000000001000000000000000000000000000000100100000000000000000000000000
[Central]  RECEIVED 	From 1		Data $	Size 24	  Sequence Number 8	(2172350 us)
[Central]  SENDING 		To 1	ACK 	Size 24	  Sequence Number 8	(2172350 us)
LOG 2173300 us Sab2 ORIGINAL Packet: 14
LOG 2173300 us Sab2 100001101110100111010000111010010100000000000000000000000000000001000000000000000000000000000000100000000000000000000000000000001110000000000000000000000000000000000000000000000000000000000000
LOG 2173300 us Sab2 CORRUPTED Packet: 14
LOG 2173300 us Sab2 100001101110100111010000111010010100000000000000000000000000000001000000000000000000000000000000100000000000000000000000000000001110000000000000000000000000000000000000000000000000000000000000
[Local]   RECEIVED 	From 2		ACK 	Size 24	  Sequence Number 7	(2173300 us)

		RTT of packet with SN 7 : 484 ms
		BASE : 8	NEXTSN : 9


		@@@@ timeout 1@@@@
		nextSNTemp : 5, nextSN : 1

LOG 2414350 us Sab2 ORIGINAL Packet: 15
LOG 2414350 us Sab2 100001101110100111010000111010010100000000000000000000000000000001000000000000000000000000000000100000000000000000000000000000000001000000000000000000000000000000000000000000000000000000000000
LOG 2414350 us Sab2 CORRUPTED Packet: 15
LOG 2414350 us Sab2 100001101110100111010000111010010100000000000000000000000000000001000000000000000000000000000000100000000000000000000000000000000001000000000000000000000000000000000000000000000000000000000000
[Local]   RECEIVED 	From 2		ACK 	Size 24	  Sequence Number 8	(2414350 us)

		RTT of packet with SN 8 : 484 ms
		BASE : 9	NEXTSN : 9


		@@@@ timeout 9@@@@
		nextSNTemp : 13, nextSN : 9

[Local]   SENDING 		To 2	Data #	Size 24	  Sequence Number 9	(2414350 us)
[Local]   SENDING 		To 2	Data &	Size 24	  Sequence Number 10	(2655400 us)
LOG 2656350 us Sab1 ORIGINAL Packet: 16
LOG 2656350 us Sab1 000011101001100111010000111010011000000000000000000000000000000010000000000000000000000000000000010000000000000000000000000000001001000000000000000000000000000011000100000000000000000000000000
LOG 2656350 us Sab1 CORRUPTED Packet: 16
LOG 2656350 us Sab1 000011101001100111010000111010011000000000000000000000000000000010000000000000000000000000000000010000000000000000000000000000001001000000000000000000000000000011000100000000000000000000000000
[Central]  RECEIVED 	From 1		Data #	Size 24	  Sequence Number 9	(2656350 us)
[Central]  SENDING 		To 1	ACK 	Size 24	  Sequence Number 9	(2656350 us)
[Local]   SENDING 		To 2	Data !	Size 24	  Sequence Number 11	(2896450 us)
LOG 2897400 us Sab1 ORIGINAL Packet: 17
LOG 2897400 us Sab1 000011101001100111010000111010011000000000000000000000000000000010000000000000000000000000000000010000000000000000000000000000000101000000000000000000000000000001100100000000000000000000000000
LOG 2897400 us Sab1 CORRUPTED Packet: 17
LOG 2897400 us Sab1 000011101001100111010000111010011000000000000000000000000000000010000000000000000000000000000000010000000000000000000000000000000101000000000000000000000000000001100100000000000000000000000000
[Central]  RECEIVED 	From 1		Data &	Size 24	  Sequence Number 10	(2897400 us)
[Central]  SENDING 		To 1	ACK 	Size 24	  Sequence Number 10	(2897400 us)
LOG 2898350 us Sab2 ORIGINAL Packet: 18
LOG 2898350 us Sab2 100001101110100111010000111010010100000000000000000000000000000001000000000000000000000000000000100000000000000000000000000000001001000000000000000000000000000000000000000000000000000000000000
LOG 2898350 us Sab2 CORRUPTED Packet: 18
LOG 2898350 us Sab2 100001101110100111010000111010010100000000000000000000000000000001000000000000000000000000000000100000000000000000000000000000001001000000000000000000000000000000000000000000000000000000000000
[Local]   RECEIVED 	From 2		ACK 	Size 24	  Sequence Number 9	(2898350 us)

		RTT of packet with SN 9 : 484 ms
		BASE : 10	NEXTSN : 12

[Local]   SENDING 		To 2	Data +	Size 24	  Sequence Number 12	(3137500 us)
LOG 3138450 us Sab1 ORIGINAL Packet: 19
LOG 3138450 us Sab1 000011101001100111010000111010011000000000000000000000000000000010000000000000000000000000000000010000000000000000000000000000001101000000000000000000000000000010000100000000000000000000000000
LOG 3138450 us Sab1 CORRUPTED Packet: 19
LOG 3138450 us Sab1 000011101001100111010000111010011000000000000000000000000000000010000000000000000000000000000000010000000000000000000000000000001101000000000000000000000000000010000100000000000000000000000000
[Central]  RECEIVED 	From 1		Data !	Size 24	  Sequence Number 11	(3138450 us)
[Central]  SENDING 		To 1	ACK 	Size 24	  Sequence Number 11	(3138450 us)
LOG 3139400 us Sab2 ORIGINAL Packet: 20
LOG 3139400 us Sab2 100001101110100111010000111010010100000000000000000000000000000001000000000000000000000000000000100000000000000000000000000000000101000000000000000000000000000000000000000000000000000000000000
LOG 3139400 us Sab2 CORRUPTED Packet: 20
LOG 3139400 us Sab2 100001101110100111010000111010010100000000000000000000000000000001000000000000000000000000000000100000000000000000000000000000000101000000000000000000000000000000000000000000000000000000000000
[Local]   RECEIVED 	From 2		ACK 	Size 24	  Sequence Number 10	(3139400 us)

		RTT of packet with SN 10 : 484 ms
		BASE : 11	NEXTSN : 13

[Local]   SENDING 		To 2	Data )	Size 24	  Sequence Number 13	(3378550 us)
LOG 3379500 us Sab1 ORIGINAL Packet: 21
LOG 3379500 us Sab1 000011101001100111010000111010011000000000000000000000000000000010000000000000000000000000000000010000000000000000000000000000000011000000000000000000000000000011010100000000000000000000000000
LOG 3379500 us Sab1 CORRUPTED Packet: 21
LOG 3379500 us Sab1 000011101001100111010000111010011000000000000000000000000000000010000000000000000000000000000000010000000000000000000000000000000011000000000000000000000000000011010100000000000000000000000000
[Central]  RECEIVED 	From 1		Data +	Size 24	  Sequence Number 12	(3379500 us)
[Central]  SENDING 		To 1	ACK 	Size 24	  Sequence Number 12	(3379500 us)
LOG 3380450 us Sab2 ORIGINAL Packet: 22
LOG 3380450 us Sab2 100001101110100111010000111010010100000000000000000000000000000001000000000000000000000000000000100000000000000000000000000000001101000000000000000000000000000000000000000000000000000000000000
LOG 3380450 us Sab2 CORRUPTED Packet: 22
LOG 3380450 us Sab2 100001101110100111010000111010010100000000000000000000000000000001000000000000000000000000000000100000000000000000000000000000001101000000000000000000000000000000000000000000000000000000000000
[Local]   RECEIVED 	From 2		ACK 	Size 24	  Sequence Number 11	(3380450 us)

		RTT of packet with SN 11 : 484 ms
		BASE : 12	NEXTSN : 14

[Local]   SENDING 		To 2	Data #	Size 24	  Sequence Number 14	(3619600 us)
LOG 3620550 us Sab1 ORIGINAL Packet: 23
LOG 3620550 us Sab1 000011101001100111010000111010011000000000000000000000000000000010000000000000000000000000000000010000000000000000000000000000001011000000000000000000000000000010010100000000000000000000000000
LOG 3620550 us Sab1 CORRUPTED Packet: 23
LOG 3620550 us Sab1 000011101001100111010000111010011000000000000000000000000000000010000000000000000000000000000000010000000000000000000000000000001011000000000000000000000000000010010100000000000000000000000000
[Central]  RECEIVED 	From 1		Data )	Size 24	  Sequence Number 13	(3620550 us)
[Central]  SENDING 		To 1	ACK 	Size 24	  Sequence Number 13	(3620550 us)
LOG 3621500 us Sab2 ORIGINAL Packet: 24
LOG 3621500 us Sab2 100001101110100111010000111010010100000000000000000000000000000001000000000000000000000000000000100000000000000000000000000000000011000000000000000000000000000000000000000000000000000000000000
LOG 3621500 us Sab2 CORRUPTED Packet: 24
LOG 3621500 us Sab2 100001101110100111010000111010010100000000000000000000000000000001000000000000000000000000000000100000000000000000000000000000000011000000000000000000000000000000000000000000000000000000000000
[Local]   RECEIVED 	From 2		ACK 	Size 24	  Sequence Number 12	(3621500 us)

		RTT of packet with SN 12 : 484 ms
		BASE : 13	NEXTSN : 15

LOG 3861600 us Sab1 ORIGINAL Packet: 25
LOG 3861600 us Sab1 000011101001100111010000111010011000000000000000000000000000000010000000000000000000000000000000010000000000000000000000000000000111000000000000000000000000000011000100000000000000000000000000
LOG 3861600 us Sab1 CORRUPTED Packet: 25
LOG 3861600 us Sab1 000011101001100111010000111010011000000000000000000000000000000010000000000000000000000000000000010000000000000000000000000000000111000000000000000000000000000011000100000000000000000000000000
[Central]  RECEIVED 	From 1		Data #	Size 24	  Sequence Number 14	(3861600 us)
[Central]  SENDING 		To 1	ACK 	Size 24	  Sequence Number 14	(3861600 us)
LOG 3862550 us Sab2 ORIGINAL Packet: 26
LOG 3862550 us Sab2 100001101110100111010000111010010100000000000000000000000000000001000000000000000000000000000000100000000000000000000000000000001011000000000000000000000000000000000000000000000000000000000000
LOG 3862550 us Sab2 CORRUPTED Packet: 26
LOG 3862550 us Sab2 100001101110100111010000111010010100000000000000000000000000000001000000000000000000000000000000100000000000000000000000000000001011000000000000000000000000000000000000000000000000000000000000
[Local]   RECEIVED 	From 2		ACK 	Size 24	  Sequence Number 13	(3862550 us)

		RTT of packet with SN 13 : 484 ms
		BASE : 14	NEXTSN : 15


		@@@@ timeout 1@@@@
		nextSNTemp : 5, nextSN : 1

LOG 4103600 us Sab2 ORIGINAL Packet: 27
LOG 4103600 us Sab2 100001101110100111010000111010010100000000000000000000000000000001000000000000000000000000000000100000000000000000000000000000000111000000000000000000000000000000000000000000000000000000000000
LOG 4103600 us Sab2 CORRUPTED Packet: 27
LOG 4103600 us Sab2 100001101110100111010000111010010100000000000000000000000000000001000000000000000000000000000000100000000000000000000000000000000111000000000000000000000000000000000000000000000000000000000000
[Local]   RECEIVED 	From 2		ACK 	Size 24	  Sequence Number 14	(4103600 us)

		RTT of packet with SN 14 : 484 ms
		BASE : 15	NEXTSN : 15


		@@@@ timeout 15@@@@
		nextSNTemp : 19, nextSN : 15

[Local]   SENDING 		To 2	Data #	Size 24	  Sequence Number 15	(4103600 us)
[Local]   SENDING 		To 2	Data !	Size 24	  Sequence Number 16	(4344650 us)
LOG 4345600 us Sab1 ORIGINAL Packet: 28
LOG 4345600 us Sab1 000011101001100111010000111010011000000000000000000000000000000010000000000000000000000000000000010000000000000000000000000000001111000000000000000000000000000011000100000000000000000000000000
LOG 4345600 us Sab1 CORRUPTED Packet: 28
LOG 4345600 us Sab1 000011101001100111010000111010011000000000000000000000000000000010000000000000000000000000000000010000000000000000000000000000001111000000000000000000000000000011000100000000000000000000000000
[Central]  RECEIVED 	From 1		Data #	Size 24	  Sequence Number 15	(4345600 us)
[Central]  SENDING 		To 1	ACK 	Size 24	  Sequence Number 15	(4345600 us)
[Local]   SENDING 		To 2	Data &	Size 24	  Sequence Number 17	(4585700 us)
LOG 4586650 us Sab1 ORIGINAL Packet: 29
LOG 4586650 us Sab1 000011101001100111010000111010011000000000000000000000000000000010000000000000000000000000000000010000000000000000000000000000000000100000000000000000000000000010000100000000000000000000000000
LOG 4586650 us Sab1 CORRUPTED Packet: 29
LOG 4586650 us Sab1 000011101001100111010000111010011000000000000000000000000000000010000000000000000000000000000000010000000000000000000000000000000000100000000000000000000000000010000100000000000000000000000000
[Central]  RECEIVED 	From 1		Data !	Size 24	  Sequence Number 16	(4586650 us)
[Central]  SENDING 		To 1	ACK 	Size 24	  Sequence Number 16	(4586650 us)
LOG 4587600 us Sab2 ORIGINAL Packet: 30
LOG 4587600 us Sab2 100001101110100111010000111010010100000000000000000000000000000001000000000000000000000000000000100000000000000000000000000000001111000000000000000000000000000000000000000000000000000000000000
LOG 4587600 us Sab2 CORRUPTED Packet: 30
LOG 4587600 us Sab2 100001101110100111010000111010010100000000000000000000000000000001000000000000000000000000000000100000000000000000000000000000001111000000000000000000000000000000000000000000000000000000000000
[Local]   RECEIVED 	From 2		ACK 	Size 24	  Sequence Number 15	(4587600 us)

		RTT of packet with SN 15 : 484 ms
		BASE : 16	NEXTSN : 18

[Local]   SENDING 		To 2	Data *	Size 24	  Sequence Number 18	(4826750 us)
LOG 4827700 us Sab1 ORIGINAL Packet: 31
LOG 4827700 us Sab1 000011101001100111010000111010011000000000000000000000000000000010000000000000000000000000000000010000000000000000000000000000001000100000000000000000000000000001100100000000000000000000000000
LOG 4827700 us Sab1 CORRUPTED Packet: 31
LOG 4827700 us Sab1 000011101001100111010000111010011000000000000000000000000000000010000000000000000000000000000000010000000000000000000000000000001000100000000000000000000000000001100100000000000000000000000000
[Central]  RECEIVED 	From 1		Data &	Size 24	  Sequence Number 17	(4827700 us)
[Central]  SENDING 		To 1	ACK 	Size 24	  Sequence Number 17	(4827700 us)
LOG 4828650 us Sab2 ORIGINAL Packet: 32
LOG 4828650 us Sab2 100001101110100111010000111010010100000000000000000000000000000001000000000000000000000000000000100000000000000000000000000000000000100000000000000000000000000000000000000000000000000000000000
LOG 4828650 us Sab2 CORRUPTED Packet: 32
LOG 4828650 us Sab2 100001101110100111010000111010010100000000000000000000000000000001000000000000000000000000000000100000000000000000000000000000000000100000000000000000000000000000000000000000000000000000000000
[Local]   RECEIVED 	From 2		ACK 	Size 24	  Sequence Number 16	(4828650 us)

		RTT of packet with SN 16 : 484 ms
		BASE : 17	NEXTSN : 19

[Local]   SENDING 		To 2	Data #	Size 24	  Sequence Number 19	(5067800 us)
LOG 5068750 us Sab1 ORIGINAL Packet: 33
LOG 5068750 us Sab1 000011101001100111010000111010011000000000000000000000000000000010000000000000000000000000000000010000000000000000000000000000000100100000000000000000000000000001010100000000000000000000000000
LOG 5068750 us Sab1 CORRUPTED Packet: 33
LOG 5068750 us Sab1 000011101001100111010000111010011000000000000000000000000000000010000000000000000000000000000000010000000000000000000000000000000100100000000000000000000000000001010100000000000000000000000000
[Central]  RECEIVED 	From 1		Data *	Size 24	  Sequence Number 18	(5068750 us)
[Central]  SENDING 		To 1	ACK 	Size 24	  Sequence Number 18	(5068750 us)
LOG 5069700 us Sab2 ORIGINAL Packet: 34
LOG 5069700 us Sab2 100001101110100111010000111010010100000000000000000000000000000001000000000000000000000000000000100000000000000000000000000000001000100000000000000000000000000000000000000000000000000000000000
LOG 5069700 us Sab2 CORRUPTED Packet: 34
LOG 5069700 us Sab2 100001101110100111010000111010010100000000000000000000000000000001000000000000000000000000000000100000000000000000000000000000001000100000000000000000000000000000000000000000000000000000000000
[Local]   RECEIVED 	From 2		ACK 	Size 24	  Sequence Number 17	(5069700 us)

		RTT of packet with SN 17 : 484 ms
		BASE : 18	NEXTSN : 20

[Local]   SENDING 		To 2	Data -	Size 24	  Sequence Number 20	(5308850 us)
LOG 5309800 us Sab1 ORIGINAL Packet: 35
LOG 5309800 us Sab1 000011101001100111010000111010011000000000000000000000000000000010000000000000000000000000000000010000000000000000000000000000001100100000000000000000000000000011000100000000000000000000000000
LOG 5309800 us Sab1 CORRUPTED Packet: 35
LOG 5309800 us Sab1 000011101001100111010000111010011000000000000000000000000000000010000000000000000000000000000000010000000000000000000000000000001100100000000000000000000000000011000100000000000000000000000000
[Central]  RECEIVED 	From 1		Data #	Size 24	  Sequence Number 19	(5309800 us)
[Central]  SENDING 		To 1	ACK 	Size 24	  Sequence Number 19	(5309800 us)
LOG 5310750 us Sab2 ORIGINAL Packet: 36
LOG 5310750 us Sab2 100001101110100111010000111010010100000000000000000000000000000001000000000000000000000000000000100000000000000000000000000000000100100000000000000000000000000000000000000000000000000000000000
LOG 5310750 us Sab2 CORRUPTED Packet: 36
LOG 5310750 us Sab2 100001101110100111010000111010010100000000000000000000000000000001000000000000000000000000000000100000000000000000000000000000000100100000000000000000000000000000000000000000000000000000000000
[Local]   RECEIVED 	From 2		ACK 	Size 24	  Sequence Number 18	(5310750 us)

		RTT of packet with SN 18 : 484 ms
		BASE : 19	NEXTSN : 21

LOG 5550850 us Sab1 ORIGINAL Packet: 37
LOG 5550850 us Sab1 000011101001100111010000111010011000000000000000000000000000000010000000000000000000000000000000010000000000000000000000000000000010100000000000000000000000000010110100000000000000000000000000
LOG 5550850 us Sab1 CORRUPTED Packet: 37
LOG 5550850 us Sab1 000011101001100111010000111010011000000000000000000000000000000010000000000000000000000000000000010000000000000000000000000000000010100000000000000000000000000010110100000000000000000000000000
[Central]  RECEIVED 	From 1		Data -	Size 24	  Sequence Number 20	(5550850 us)
[Central]  SENDING 		To 1	ACK 	Size 24	  Sequence Number 20	(5550850 us)
LOG 5551800 us Sab2 ORIGINAL Packet: 38
LOG 5551800 us Sab2 100001101110100111010000111010010100000000000000000000000000000001000000000000000000000000000000100000000000000000000000000000001100100000000000000000000000000000000000000000000000000000000000
LOG 5551800 us Sab2 CORRUPTED Packet: 38
LOG 5551800 us Sab2 100001101110100111010000111010010100000000000000000000000000000001000000000000000000000000000000100000000000000000000000000000001100100000000000000000000000000000000000000000000000000000000000
[Local]   RECEIVED 	From 2		ACK 	Size 24	  Sequence Number 19	(5551800 us)

		RTT of packet with SN 19 : 484 ms
		BASE : 20	NEXTSN : 21


		@@@@ timeout 1@@@@
		nextSNTemp : 5, nextSN : 1

LOG 5792850 us Sab2 ORIGINAL Packet: 39
LOG 5792850 us Sab2 100001101110100111010000111010010100000000000000000000000000000001000000000000000000000000000000100000000000000000000000000000000010100000000000000000000000000000000000000000000000000000000000
LOG 5792850 us Sab2 CORRUPTED Packet: 39
LOG 5792850 us Sab2 100001101110100111010000111010010100000000000000000000000000000001000000000000000000000000000000100000000000000000000000000000000010100000000000000000000000000000000000000000000000000000000000
[Local]   RECEIVED 	From 2		ACK 	Size 24	  Sequence Number 20	(5792850 us)

		RTT of packet with SN 20 : 484 ms
		BASE : 21	NEXTSN : 21


		@@@@ timeout 21@@@@
		nextSNTemp : 25, nextSN : 21

[Local]   SENDING 		To 2	Data .	Size 24	  Sequence Number 21	(5792850 us)
[Local]   SENDING 		To 2	Data "	Size 24	  Sequence Number 22	(6033900 us)
LOG 6034850 us Sab1 ORIGINAL Packet: 40
LOG 6034850 us Sab1 000011101001100111010000111010011000000000000000000000000000000010000000000000000000000000000000010000000000000000000000000000001010100000000000000000000000000001110100000000000000000000000000
LOG 6034850 us Sab1 CORRUPTED Packet: 40
LOG 6034850 us Sab1 000011101001100111010000111010011000000000000000000000000000000010000000000000000000000000000000010000000000000000000000000000001010100000000000000000000000000001110100000000000000000000000000
[Central]  RECEIVED 	From 1		Data .	Size 24	  Sequence Number 21	(6034850 us)
[Central]  SENDING 		To 1	ACK 	Size 24	  Sequence Number 21	(6034850 us)
[Local]   SENDING 		To 2	Data &	Size 24	  Sequence Number 23	(6274950 us)
LOG 6275900 us Sab1 ORIGINAL Packet: 41
LOG 6275900 us Sab1 000011101001100111010000111010011000000000000000000000000000000010000000000000000000000000000000010000000000000000000000000000000110100000000000000000000000000001000100000000000000000000000000
LOG 6275900 us Sab1 CORRUPTED Packet: 41
LOG 6275900 us Sab1 000011101001100111010000111010011000000000000000000000000000000010000000000000000000000000000000010000000000000000000000000000000110100000000000000000000000000001000100000000000000000000000000
[Central]  RECEIVED 	From 1		Data "	Size 24	  Sequence Number 22	(6275900 us)
[Central]  SENDING 		To 1	ACK 	Size 24	  Sequence Number 22	(6275900 us)
LOG 6276850 us Sab2 ORIGINAL Packet: 42
LOG 6276850 us Sab2 100001101110100111010000111010010100000000000000000000000000000001000000000000000000000000000000100000000000000000000000000000001010100000000000000000000000000000000000000000000000000000000000
LOG 6276850 us Sab2 CORRUPTED Packet: 42
LOG 6276850 us Sab2 100001101110100111010000111010010100000000000000000000000000000001000000000000000000000000000000100000000000000000000000000000001010100000000000000000000000000000000000000000000000000000000000
[Local]   RECEIVED 	From 2		ACK 	Size 24	  Sequence Number 21	(6276850 us)

		RTT of packet with SN 21 : 484 ms
		BASE : 22	NEXTSN : 24

[Local]   SENDING 		To 2	Data &	Size 24	  Sequence Number 24	(6516 ms)
LOG 6516950 us Sab1 ORIGINAL Packet: 43
LOG 6516950 us Sab1 000011101001100111010000111010011000000000000000000000000000000010000000000000000000000000000000010000000000000000000000000000001110100000000000000000000000000001100100000000000000000000000000
LOG 6516950 us Sab1 CORRUPTED Packet: 43
LOG 6516950 us Sab1 000011101001100111010000111010011000000000000000000000000000000010000000000000000000000000000000010000000000000000000000000000001110100000000000000000000000000001100100000000000000000000000000
[Central]  RECEIVED 	From 1		Data &	Size 24	  Sequence Number 23	(6516950 us)
[Central]  SENDING 		To 1	ACK 	Size 24	  Sequence Number 23	(6516950 us)
LOG 6517900 us Sab2 ORIGINAL Packet: 44
LOG 6517900 us Sab2 100001101110100111010000111010010100000000000000000000000000000001000000000000000000000000000000100000000000000000000000000000000110100000000000000000000000000000000000000000000000000000000000
LOG 6517900 us Sab2 CORRUPTED Packet: 44
LOG 6517900 us Sab2 100001101110100111010000111010010100000000000000000000000000000001000000000000000000000000000000100000000000000000000000000000000110100000000000000000000000000000000000000000000000000000000000
[Local]   RECEIVED 	From 2		ACK 	Size 24	  Sequence Number 22	(6517900 us)

		RTT of packet with SN 22 : 484 ms
		BASE : 23	NEXTSN : 25

[Local]   SENDING 		To 2	Data !	Size 24	  Sequence Number 25	(6757050 us)
LOG 6758 ms Sab1 ORIGINAL Packet: 45
LOG 6758 ms Sab1 000011101001100111010000111010011000000000000000000000000000000010000000000000000000000000000000010000000000000000000000000000000001100000000000000000000000000001100100000000000000000000000000
LOG 6758 ms Sab1 CORRUPTED Packet: 45
LOG 6758 ms Sab1 000011101001100111010000111010011000000000000000000000000000000010000000000000000000000000000000010000000000000000000000000000000001100000000000000000000000000001100100000000000000000000000000
[Central]  RECEIVED 	From 1		Data &	Size 24	  Sequence Number 24	(6758 ms)
[Central]  SENDING 		To 1	ACK 	Size 24	  Sequence Number 24	(6758 ms)
LOG 6758950 us Sab2 ORIGINAL Packet: 46
LOG 6758950 us Sab2 100001101110100111010000111010010100000000000000000000000000000001000000000000000000000000000000100000000000000000000000000000001110100000000000000000000000000000000000000000000000000000000000
LOG 6758950 us Sab2 CORRUPTED Packet: 46
LOG 6758950 us Sab2 100001101110100111010000111010010100000000000000000000000000000001000000000000000000000000000000100000000000000000000000000000001110100000000000000000000000000000000000000000000000000000000000
[Local]   RECEIVED 	From 2		ACK 	Size 24	  Sequence Number 23	(6758950 us)

		RTT of packet with SN 23 : 484 ms
		BASE : 24	NEXTSN : 26

[Local]   SENDING 		To 2	Data $	Size 24	  Sequence Number 26	(6998100 us)
LOG 6999050 us Sab1 ORIGINAL Packet: 47
LOG 6999050 us Sab1 000011101001100111010000111010011000000000000000000000000000000010000000000000000000000000000000010000000000000000000000000000001001100000000000000000000000000010000100000000000000000000000000
LOG 6999050 us Sab1 CORRUPTED Packet: 47
LOG 6999050 us Sab1 000011101001100111010000111010011000000000000000000000000000000010000000000000000000000000000000010000000000000000000000000000001001100000000000000000000000000010000100000000000000000000000000
[Central]  RECEIVED 	From 1		Data !	Size 24	  Sequence Number 25	(6999050 us)
[Central]  SENDING 		To 1	ACK 	Size 24	  Sequence Number 25	(6999050 us)
LOG 7 s Sab2 ORIGINAL Packet: 48
LOG 7 s Sab2 100001101110100111010000111010010100000000000000000000000000000001000000000000000000000000000000100000000000000000000000000000000001100000000000000000000000000000000000000000000000000000000000
LOG 7 s Sab2 CORRUPTED Packet: 48
LOG 7 s Sab2 100001101110100111010000111010010100000000000000000000000000000001000000000000000000000000000000100000000000000000000000000000000001100000000000000000000000000000000000000000000000000000000000
[Local]   RECEIVED 	From 2		ACK 	Size 24	  Sequence Number 24	(7 s)

		RTT of packet with SN 24 : 484 ms
		BASE : 25	NEXTSN : 27

LOG 7240100 us Sab1 ORIGINAL Packet: 49
LOG 7240100 us Sab1 000011101001100111010000111010011000000000000000000000000000000010000000000000000000000000000000010000000000000000000000000000000101100000000000000000000000000000100100000000000000000000000000
LOG 7240100 us Sab1 CORRUPTED Packet: 49
LOG 7240100 us Sab1 000011101001100111010000111010011000000000000000000000000000000010000000000000000000000000000000010000000000000000000000000000000101100000000000000000000000000000100100000000000000000000000000
[Central]  RECEIVED 	From 1		Data $	Size 24	  Sequence Number 26	(7240100 us)
[Central]  SENDING 		To 1	ACK 	Size 24	  Sequence Number 26	(7240100 us)
LOG 7241050 us Sab2 ORIGINAL Packet: 50
LOG 7241050 us Sab2 100001101110100111010000111010010100000000000000000000000000000001000000000000000000000000000000100000000000000000000000000000001001100000000000000000000000000000000000000000000000000000000000
LOG 7241050 us Sab2 CORRUPTED Packet: 50
LOG 7241050 us Sab2 100001101110100111010000111010010100000000000000000000000000000001000000000000000000000000000000100000000000000000000000000000001001100000000000000000000000000000000000000000000000000000000000
[Local]   RECEIVED 	From 2		ACK 	Size 24	  Sequence Number 25	(7241050 us)

		RTT of packet with SN 25 : 484 ms
		BASE : 26	NEXTSN : 27


		@@@@ timeout 1@@@@
		nextSNTemp : 5, nextSN : 1

LOG 7482100 us Sab2 ORIGINAL Packet: 51
LOG 7482100 us Sab2 100001101110100111010000111010010100000000000000000000000000000001000000000000000000000000000000100000000000000000000000000000000101100000000000000000000000000000000000000000000000000000000000
LOG 7482100 us Sab2 CORRUPTED Packet: 51
LOG 7482100 us Sab2 100001101110100111010000111010010100000000000000000000000000000001000000000000000000000000000000100000000000000000000000000000000101100000000000000000000000000000000000000000000000000000000000
[Local]   RECEIVED 	From 2		ACK 	Size 24	  Sequence Number 26	(7482100 us)

		RTT of packet with SN 26 : 484 ms
		BASE : 27	NEXTSN : 27


		@@@@ timeout 27@@@@
		nextSNTemp : 31, nextSN : 27

[Local]   SENDING 		To 2	Data *	Size 24	  Sequence Number 27	(7482100 us)
[Local]   SENDING 		To 2	Data "	Size 24	  Sequence Number 28	(7723150 us)
LOG 7724100 us Sab1 ORIGINAL Packet: 52
LOG 7724100 us Sab1 000011101001100111010000111010011000000000000000000000000000000010000000000000000000000000000000010000000000000000000000000000001101100000000000000000000000000001010100000000000000000000000000
LOG 7724100 us Sab1 CORRUPTED Packet: 52
LOG 7724100 us Sab1 000011101001100111010000111010011000000000000000000000000000000010000000000000000000000000000000010000000000000000000000000000001101100000000000000000000000000001010100000000000000000000000000
[Central]  RECEIVED 	From 1		Data *	Size 24	  Sequence Number 27	(7724100 us)
[Central]  SENDING 		To 1	ACK 	Size 24	  Sequence Number 27	(7724100 us)
[Local]   SENDING 		To 2	Data !	Size 24	  Sequence Number 29	(7964200 us)
LOG 7965150 us Sab1 ORIGINAL Packet: 53
LOG 7965150 us Sab1 000011101001100111010000111010011000000000000000000000000000000010000000000000000000000000000000010000000000000000000000000000000011100000000000000000000000000001000100000000000000000000000000
LOG 7965150 us Sab1 CORRUPTED Packet: 53
LOG 7965150 us Sab1 000011101001100111010000111010011000000000000000000000000000000010000000000000000000000000000000010000000000000000000000000000000011100000000000000000000000000001000100000000000000000000000000
[Central]  RECEIVED 	From 1		Data "	Size 24	  Sequence Number 28	(7965150 us)
[Central]  SENDING 		To 1	ACK 	Size 24	  Sequence Number 28	(7965150 us)
LOG 7966100 us Sab2 ORIGINAL Packet: 54
LOG 7966100 us Sab2 100001101110100111010000111010010100000000000000000000000000000001000000000000000000000000000000100000000000000000000000000000001101100000000000000000000000000000000000000000000000000000000000
LOG 7966100 us Sab2 CORRUPTED Packet: 54
LOG 7966100 us Sab2 100001101110100111010000111010010100000000000000000000000000000001000000000000000000000000000000100000000000000000000000000000001101100000000000000000000000000000000000000000000000000000000000
[Local]   RECEIVED 	From 2		ACK 	Size 24	  Sequence Number 27	(7966100 us)

		RTT of packet with SN 27 : 484 ms
		BASE : 28	NEXTSN : 30


Info: /OSCI/SystemC: Simulation stopped by user.
