
Local   <-->  Central with FullDuplex channel

+----------------------------------------------------------------------------------------------+
|TASK     ACTION        FROM    TO      DATA    SIZE      SEQUENCE NUMBER       TIME STAMP     |
+----------------------------------------------------------------------------------------------+
[Local]   SENDING 		To 2	Data "	Size 24	  Sequence Number 1	(50 us)
[Local]   SENDING 		To 2	Data %	Size 24	  Sequence Number 2	(192100 us)
LOG 193050 us Sab1 ORIGINAL Packet: 0
LOG 193050 us Sab1 000011101001100110100110111010101000000000000000000000000000000010000000000000000000000000000000010000000000000000000000000000001000000000000000000000000000000001000100000000000000000000000000
LOG 193050 us Sab1 CORRUPTED Packet: 0
LOG 193050 us Sab1 000011101001100110100110111010101000000000000000000000000000000010000000000000000000000000000000010000000000000000000000000000001000000000000000000000000000000001000100000000000000000000000000
[Central]  RECEIVED 	From 1		Data "	Size 24	  Sequence Number 1	(193050 us)
[Central]  SENDING 		To 1	ACK 	Size 24	  Sequence Number 1	(193050 us)
LOG 385100 us Sab1 ORIGINAL Packet: 1
LOG 385100 us Sab1 000011101001100110100110111010101000000000000000000000000000000010000000000000000000000000000000010000000000000000000000000000000100000000000000000000000000000010100100000000000000000000000000
LOG 385100 us Sab1 CORRUPTED Packet: 1
LOG 385100 us Sab1 000011101001100110100110111010101000000000000000000000000000000010000000000000000000000000000000010000000000000000000000000000000100000000000000000000000000000010100100000000000000000000000000
[Central]  RECEIVED 	From 1		Data %	Size 24	  Sequence Number 2	(385100 us)
[Central]  SENDING 		To 1	ACK 	Size 24	  Sequence Number 2	(385100 us)
[Local]   RECEIVED 	From 2		ACK 	Size 24	  Sequence Number 1	(386050 us)

		RTT of packet with SN 1 : 386050 us
		BASE : 2	NEXTSN : 3

[Local]   RECEIVED 	From 2		ACK 	Size 24	  Sequence Number 2	(578100 us)

		RTT of packet with SN 2 : 386 ms
		BASE : 3	NEXTSN : 3


		@@@@ timeout 1@@@@
		nextSNTemp : 5, nextSN : 1


		@@@@ timeout 3@@@@
		nextSNTemp : 7, nextSN : 3

[Local]   SENDING 		To 2	Data *	Size 24	  Sequence Number 3	(600050 us)
[Local]   SENDING 		To 2	Data &	Size 24	  Sequence Number 4	(792100 us)
LOG 793050 us Sab1 ORIGINAL Packet: 4
LOG 793050 us Sab1 000011101001100110100110111010101000000000000000000000000000000010000000000000000000000000000000010000000000000000000000000000001100000000000000000000000000000001010100000000000000000000000000
LOG 793050 us Sab1 CORRUPTED Packet: 4
LOG 793050 us Sab1 000011101001100110100110111010101000000000000000000000000000000010000000000000000000000000000000010000000000000000000000000000001100000000000000000000000000000001010100000000000000000000000000
[Central]  RECEIVED 	From 1		Data *	Size 24	  Sequence Number 3	(793050 us)
[Central]  SENDING 		To 1	ACK 	Size 24	  Sequence Number 3	(793050 us)
[Local]   SENDING 		To 2	Data +	Size 24	  Sequence Number 5	(984150 us)
LOG 985100 us Sab1 ORIGINAL Packet: 5
LOG 985100 us Sab1 000011101001100110100110111010101000000000000000000000000000000010000000000000000000000000000000010000000000000000000000000000000010000000000000000000000000000001100100000000000000000000000000
LOG 985100 us Sab1 CORRUPTED Packet: 5
LOG 985100 us Sab1 000011101001100110100110111010101000000000000000000000000000000010000000000000000000000000000000010000000000000000000000000000000010000000000000000000000000000001100100000000000000000000000000
[Central]  RECEIVED 	From 1		Data &	Size 24	  Sequence Number 4	(985100 us)
[Central]  SENDING 		To 1	ACK 	Size 24	  Sequence Number 4	(985100 us)
[Local]   RECEIVED 	From 2		ACK 	Size 24	  Sequence Number 3	(986050 us)

		RTT of packet with SN 3 : 386 ms
		BASE : 4	NEXTSN : 6

[Local]   SENDING 		To 2	Data #	Size 24	  Sequence Number 6	(1176200 us)
LOG 1177150 us Sab1 ORIGINAL Packet: 7
LOG 1177150 us Sab1 000011101001100110100110111010101000000000000000000000000000000010000000000000000000000000000000010000000000000000000000000000001010000000000000000000000000000011010100000000000000000000000000
LOG 1177150 us Sab1 CORRUPTED Packet: 7
LOG 1177150 us Sab1 000011101001100110100110111010101000000000000000000000000000000010000000000000000000000000000000010000000000000000000000000000001010000000000000000000000000000011010100000000000000000000000000
[Central]  RECEIVED 	From 1		Data +	Size 24	  Sequence Number 5	(1177150 us)
[Central]  SENDING 		To 1	ACK 	Size 24	  Sequence Number 5	(1177150 us)
[Local]   RECEIVED 	From 2		ACK 	Size 24	  Sequence Number 4	(1178100 us)

		RTT of packet with SN 4 : 386 ms
		BASE : 5	NEXTSN : 7

[Local]   SENDING 		To 2	Data "	Size 24	  Sequence Number 7	(1368250 us)
LOG 1369200 us Sab1 ORIGINAL Packet: 9
LOG 1369200 us Sab1 000011101001100110100110111010101000000000000000000000000000000010000000000000000000000000000000010000000000000000000000000000000110000000000000000000000000000011000100000000000000000000000000
LOG 1369200 us Sab1 CORRUPTED Packet: 9
LOG 1369200 us Sab1 000011101001100110100110111010101000000000000000000000000000000010000000000000000000000000000000010000000000000000000000000000000110000000000000000000000000000011000100000000000000000000000000
[Central]  RECEIVED 	From 1		Data #	Size 24	  Sequence Number 6	(1369200 us)
[Central]  SENDING 		To 1	ACK 	Size 24	  Sequence Number 6	(1369200 us)
[Local]   RECEIVED 	From 2		ACK 	Size 24	  Sequence Number 5	(1370150 us)

		RTT of packet with SN 5 : 386 ms
		BASE : 6	NEXTSN : 8

[Local]   SENDING 		To 2	Data $	Size 24	  Sequence Number 8	(1560300 us)
LOG 1561250 us Sab1 ORIGINAL Packet: 11
LOG 1561250 us Sab1 000011101001100110100110111010101000000000000000000000000000000010000000000000000000000000000000010000000000000000000000000000001110000000000000000000000000000001000100000000000000000000000000
LOG 1561250 us Sab1 CORRUPTED Packet: 11
LOG 1561250 us Sab1 000011101001100110100110111010101000000000000000000000000000000010000000000000000000000000000000010000000000000000000000000000001110000000000000000000000000000001000100000000000000000000000000
[Central]  RECEIVED 	From 1		Data "	Size 24	  Sequence Number 7	(1561250 us)
[Central]  SENDING 		To 1	ACK 	Size 24	  Sequence Number 7	(1561250 us)
[Local]   RECEIVED 	From 2		ACK 	Size 24	  Sequence Number 6	(1562200 us)

		RTT of packet with SN 6 : 386 ms
		BASE : 7	NEXTSN : 9

LOG 1753300 us Sab1 ORIGINAL Packet: 13
LOG 1753300 us Sab1 000011101001100110100110111010101000000000000000000000000000000010000000000000000000000000000000010000000000000000000000000000000001000000000000000000000000000000100100000000000000000000000000
LOG 1753300 us Sab1 CORRUPTED Packet: 13
LOG 1753300 us Sab1 000011101001100110100110111010101000000000000000000000000000000010000000000000000000000000000000010000000000000000000000000000000001000000000000000000000000000000100100000000000000000000000000
[Central]  RECEIVED 	From 1		Data $	Size 24	  Sequence Number 8	(1753300 us)
[Central]  SENDING 		To 1	ACK 	Size 24	  Sequence Number 8	(1753300 us)
[Local]   RECEIVED 	From 2		ACK 	Size 24	  Sequence Number 7	(1754250 us)

		RTT of packet with SN 7 : 386 ms
		BASE : 8	NEXTSN : 9


		@@@@ timeout 1@@@@
		nextSNTemp : 5, nextSN : 1

[Local]   RECEIVED 	From 2		ACK 	Size 24	  Sequence Number 8	(1946300 us)

		RTT of packet with SN 8 : 386 ms
		BASE : 9	NEXTSN : 9


		@@@@ timeout 9@@@@
		nextSNTemp : 13, nextSN : 9

[Local]   SENDING 		To 2	Data &	Size 24	  Sequence Number 9	(1946300 us)
[Local]   SENDING 		To 2	Data '	Size 24	  Sequence Number 10	(2138350 us)
LOG 2139300 us Sab1 ORIGINAL Packet: 16
LOG 2139300 us Sab1 000011101001100110100110111010101000000000000000000000000000000010000000000000000000000000000000010000000000000000000000000000001001000000000000000000000000000001100100000000000000000000000000
LOG 2139300 us Sab1 CORRUPTED Packet: 16
LOG 2139300 us Sab1 000011101001100110100110111010101000000000000000000000000000000010000000000000000000000000000000010000000000000000000000000000001001000000000000000000000000000001100100000000000000000000000000
[Central]  RECEIVED 	From 1		Data &	Size 24	  Sequence Number 9	(2139300 us)
[Central]  SENDING 		To 1	ACK 	Size 24	  Sequence Number 9	(2139300 us)
[Local]   SENDING 		To 2	Data ,	Size 24	  Sequence Number 11	(2330400 us)
LOG 2331350 us Sab1 ORIGINAL Packet: 17
LOG 2331350 us Sab1 000011101001100110100110111010101000000000000000000000000000000010000000000000000000000000000000010000000000000000000000000000000101000000000000000000000000000011100100000000000000000000000000
LOG 2331350 us Sab1 CORRUPTED Packet: 17
LOG 2331350 us Sab1 000011101001100110100110111010101000000000000000000000000000000010000000000000000000000000000000010000000000000000000000000000000101000000000000000000000000000011100100000000000000000000000000
[Central]  RECEIVED 	From 1		Data '	Size 24	  Sequence Number 10	(2331350 us)
[Central]  SENDING 		To 1	ACK 	Size 24	  Sequence Number 10	(2331350 us)
[Local]   RECEIVED 	From 2		ACK 	Size 24	  Sequence Number 9	(2332300 us)

		RTT of packet with SN 9 : 386 ms
		BASE : 10	NEXTSN : 12

[Local]   SENDING 		To 2	Data .	Size 24	  Sequence Number 12	(2522450 us)
LOG 2523400 us Sab1 ORIGINAL Packet: 19
LOG 2523400 us Sab1 000011101001100110100110111010101000000000000000000000000000000010000000000000000000000000000000010000000000000000000000000000001101000000000000000000000000000000110100000000000000000000000000
LOG 2523400 us Sab1 CORRUPTED Packet: 19
LOG 2523400 us Sab1 000011101001100110100110111010101000000000000000000000000000000010000000000000000000000000000000010000000000000000000000000000001101000000000000000000000000000000110100000000000000000000000000
[Central]  RECEIVED 	From 1		Data ,	Size 24	  Sequence Number 11	(2523400 us)
[Central]  SENDING 		To 1	ACK 	Size 24	  Sequence Number 11	(2523400 us)
[Local]   RECEIVED 	From 2		ACK 	Size 24	  Sequence Number 10	(2524350 us)

		RTT of packet with SN 10 : 386 ms
		BASE : 11	NEXTSN : 13

[Local]   SENDING 		To 2	Data !	Size 24	  Sequence Number 13	(2714500 us)
LOG 2715450 us Sab1 ORIGINAL Packet: 21
LOG 2715450 us Sab1 000011101001100110100110111010101000000000000000000000000000000010000000000000000000000000000000010000000000000000000000000000000011000000000000000000000000000001110100000000000000000000000000
LOG 2715450 us Sab1 CORRUPTED Packet: 21
LOG 2715450 us Sab1 000011101001100110100110111010101000000000000000000000000000000010000000000000000000000000000000010000000000000000000000000000000011000000000000000000000000000001110100000000000000000000000000
[Central]  RECEIVED 	From 1		Data .	Size 24	  Sequence Number 12	(2715450 us)
[Central]  SENDING 		To 1	ACK 	Size 24	  Sequence Number 12	(2715450 us)
[Local]   RECEIVED 	From 2		ACK 	Size 24	  Sequence Number 11	(2716400 us)

		RTT of packet with SN 11 : 386 ms
		BASE : 12	NEXTSN : 14

[Local]   SENDING 		To 2	Data +	Size 24	  Sequence Number 14	(2906550 us)
LOG 2907500 us Sab1 ORIGINAL Packet: 23
LOG 2907500 us Sab1 000011101001100110100110111010101000000000000000000000000000000010000000000000000000000000000000010000000000000000000000000000001011000000000000000000000000000010000100000000000000000000000000
LOG 2907500 us Sab1 CORRUPTED Packet: 23
LOG 2907500 us Sab1 000011101001100110100110111010101000000000000000000000000000000010000000000000000000000000000000010000000000000000000000000000001011000000000000000000000000000010000100000000000000000000000000
[Central]  RECEIVED 	From 1		Data !	Size 24	  Sequence Number 13	(2907500 us)
[Central]  SENDING 		To 1	ACK 	Size 24	  Sequence Number 13	(2907500 us)
[Local]   RECEIVED 	From 2		ACK 	Size 24	  Sequence Number 12	(2908450 us)

		RTT of packet with SN 12 : 386 ms
		BASE : 13	NEXTSN : 15

LOG 3099550 us Sab1 ORIGINAL Packet: 25
LOG 3099550 us Sab1 000011101001100110100110111010101000000000000000000000000000000010000000000000000000000000000000010000000000000000000000000000000111000000000000000000000000000011010100000000000000000000000000
LOG 3099550 us Sab1 CORRUPTING bit: 137 of Packet: 25 with ERROR_BIT: 0.0007
LOG 3099550 us Sab1 CORRUPTED Packet: 25
LOG 3099550 us Sab1 000011101001100110100110111010101000000000000000000000000000000010000000000000000000000000000000010000000000000000000000000000000111000001000000000000000000000011010100000000000000000000000000
[Central]  RECEIVED 	From 1		Data +	Size 24	  Sequence Number 526	(3099550 us)
[Central]  SENDING 		To 1	ACK 	Size 24	  Sequence Number 13	(3099550 us)
[Local]   RECEIVED 	From 2		ACK 	Size 24	  Sequence Number 13	(3100500 us)

		RTT of packet with SN 13 : 386 ms
		BASE : 14	NEXTSN : 15


		@@@@ timeout 1@@@@
		nextSNTemp : 5, nextSN : 1


		Error - Wrong ACK --- Expected : 14, Actual : 13 -- the ACK will be discarded


		@@@@ timeout 14@@@@
		nextSNTemp : 18, nextSN : 14

[Local]   SENDING 		To 2	Data )	Size 24	  Sequence Number 15	(3506600 us)
[Local]   SENDING 		To 2	Data #	Size 24	  Sequence Number 16	(3698650 us)
LOG 3699600 us Sab1 ORIGINAL Packet: 28
LOG 3699600 us Sab1 000011101001100110100110111010101000000000000000000000000000000010000000000000000000000000000000010000000000000000000000000000001111000000000000000000000000000010010100000000000000000000000000
LOG 3699600 us Sab1 CORRUPTED Packet: 28
LOG 3699600 us Sab1 000011101001100110100110111010101000000000000000000000000000000010000000000000000000000000000000010000000000000000000000000000001111000000000000000000000000000010010100000000000000000000000000
[Central]  RECEIVED 	From 1		Data )	Size 24	  Sequence Number 15	(3699600 us)
[Central]  SENDING 		To 1	ACK 	Size 24	  Sequence Number 13	(3699600 us)
[Local]   SENDING 		To 2	Data $	Size 24	  Sequence Number 17	(3890700 us)
LOG 3891650 us Sab1 ORIGINAL Packet: 29
LOG 3891650 us Sab1 000011101001100110100110111010101000000000000000000000000000000010000000000000000000000000000000010000000000000000000000000000000000100000000000000000000000000011000100000000000000000000000000
LOG 3891650 us Sab1 CORRUPTED Packet: 29
LOG 3891650 us Sab1 000011101001100110100110111010101000000000000000000000000000000010000000000000000000000000000000010000000000000000000000000000000000100000000000000000000000000011000100000000000000000000000000
[Central]  RECEIVED 	From 1		Data #	Size 24	  Sequence Number 16	(3891650 us)
[Central]  SENDING 		To 1	ACK 	Size 24	  Sequence Number 13	(3891650 us)

		Error - Wrong ACK --- Expected : 14, Actual : 13 -- the ACK will be discarded

[Local]   SENDING 		To 2	Data !	Size 24	  Sequence Number 18	(4082750 us)
LOG 4083700 us Sab1 ORIGINAL Packet: 31
LOG 4083700 us Sab1 000011101001100110100110111010101000000000000000000000000000000010000000000000000000000000000000010000000000000000000000000000001000100000000000000000000000000000100100000000000000000000000000
LOG 4083700 us Sab1 CORRUPTED Packet: 31
LOG 4083700 us Sab1 000011101001100110100110111010101000000000000000000000000000000010000000000000000000000000000000010000000000000000000000000000001000100000000000000000000000000000100100000000000000000000000000
[Central]  RECEIVED 	From 1		Data $	Size 24	  Sequence Number 17	(4083700 us)
[Central]  SENDING 		To 1	ACK 	Size 24	  Sequence Number 13	(4083700 us)

		Error - Wrong ACK --- Expected : 14, Actual : 13 -- the ACK will be discarded


		@@@@ timeout 14@@@@
		nextSNTemp : 18, nextSN : 14

[Local]   SENDING 		To 2	Data +	Size 24	  Sequence Number 14	(4274800 us)
LOG 4275750 us Sab1 ORIGINAL Packet: 33
LOG 4275750 us Sab1 000011101001100110100110111010101000000000000000000000000000000010000000000000000000000000000000010000000000000000000000000000000100100000000000000000000000000010000100000000000000000000000000
LOG 4275750 us Sab1 CORRUPTED Packet: 33
LOG 4275750 us Sab1 000011101001100110100110111010101000000000000000000000000000000010000000000000000000000000000000010000000000000000000000000000000100100000000000000000000000000010000100000000000000000000000000
[Central]  RECEIVED 	From 1		Data !	Size 24	  Sequence Number 18	(4275750 us)
[Central]  SENDING 		To 1	ACK 	Size 24	  Sequence Number 13	(4275750 us)

		Error - Wrong ACK --- Expected : 14, Actual : 13 -- the ACK will be discarded

[Local]   SENDING 		To 2	Data )	Size 24	  Sequence Number 15	(4466850 us)
LOG 4467800 us Sab1 ORIGINAL Packet: 35
LOG 4467800 us Sab1 000011101001100110100110111010101000000000000000000000000000000010000000000000000000000000000000010000000000000000000000000000000111000000000000000000000000000011010100000000000000000000000000
LOG 4467800 us Sab1 CORRUPTED Packet: 35
LOG 4467800 us Sab1 000011101001100110100110111010101000000000000000000000000000000010000000000000000000000000000000010000000000000000000000000000000111000000000000000000000000000011010100000000000000000000000000
[Central]  RECEIVED 	From 1		Data +	Size 24	  Sequence Number 14	(4467800 us)
[Central]  SENDING 		To 1	ACK 	Size 24	  Sequence Number 14	(4467800 us)

		Error - Wrong ACK --- Expected : 14, Actual : 13 -- the ACK will be discarded

[Local]   SENDING 		To 2	Data #	Size 24	  Sequence Number 16	(4658900 us)
LOG 4659850 us Sab1 ORIGINAL Packet: 37
LOG 4659850 us Sab1 000011101001100110100110111010101000000000000000000000000000000010000000000000000000000000000000010000000000000000000000000000001111000000000000000000000000000010010100000000000000000000000000
LOG 4659850 us Sab1 CORRUPTED Packet: 37
LOG 4659850 us Sab1 000011101001100110100110111010101000000000000000000000000000000010000000000000000000000000000000010000000000000000000000000000001111000000000000000000000000000010010100000000000000000000000000
[Central]  RECEIVED 	From 1		Data )	Size 24	  Sequence Number 15	(4659850 us)
[Central]  SENDING 		To 1	ACK 	Size 24	  Sequence Number 15	(4659850 us)
[Local]   RECEIVED 	From 2		ACK 	Size 24	  Sequence Number 14	(4660800 us)

		RTT of packet with SN 14 : 386 ms
		BASE : 15	NEXTSN : 17

[Local]   SENDING 		To 2	Data $	Size 24	  Sequence Number 17	(4850950 us)
LOG 4851900 us Sab1 ORIGINAL Packet: 39
LOG 4851900 us Sab1 000011101001100110100110111010101000000000000000000000000000000010000000000000000000000000000000010000000000000000000000000000000000100000000000000000000000000011000100000000000000000000000000
LOG 4851900 us Sab1 CORRUPTED Packet: 39
LOG 4851900 us Sab1 000011101001100110100110111010101000000000000000000000000000000010000000000000000000000000000000010000000000000000000000000000000000100000000000000000000000000011000100000000000000000000000000
[Central]  RECEIVED 	From 1		Data #	Size 24	  Sequence Number 16	(4851900 us)
[Central]  SENDING 		To 1	ACK 	Size 24	  Sequence Number 16	(4851900 us)
[Local]   RECEIVED 	From 2		ACK 	Size 24	  Sequence Number 15	(4852850 us)

		RTT of packet with SN 15 : 386 ms
		BASE : 16	NEXTSN : 18

[Local]   SENDING 		To 2	Data &	Size 24	  Sequence Number 19	(5043 ms)
LOG 5043950 us Sab1 ORIGINAL Packet: 41
LOG 5043950 us Sab1 000011101001100110100110111010101000000000000000000000000000000010000000000000000000000000000000010000000000000000000000000000001000100000000000000000000000000000100100000000000000000000000000
LOG 5043950 us Sab1 CORRUPTED Packet: 41
LOG 5043950 us Sab1 000011101001100110100110111010101000000000000000000000000000000010000000000000000000000000000000010000000000000000000000000000001000100000000000000000000000000000100100000000000000000000000000
[Central]  RECEIVED 	From 1		Data $	Size 24	  Sequence Number 17	(5043950 us)
[Central]  SENDING 		To 1	ACK 	Size 24	  Sequence Number 17	(5043950 us)
[Local]   RECEIVED 	From 2		ACK 	Size 24	  Sequence Number 16	(5044900 us)

		RTT of packet with SN 16 : 386 ms
		BASE : 17	NEXTSN : 19

LOG 5236 ms Sab1 ORIGINAL Packet: 43
LOG 5236 ms Sab1 000011101001100110100110111010101000000000000000000000000000000010000000000000000000000000000000010000000000000000000000000000001100100000000000000000000000000001100100000000000000000000000000
LOG 5236 ms Sab1 CORRUPTED Packet: 43
LOG 5236 ms Sab1 000011101001100110100110111010101000000000000000000000000000000010000000000000000000000000000000010000000000000000000000000000001100100000000000000000000000000001100100000000000000000000000000
[Central]  RECEIVED 	From 1		Data &	Size 24	  Sequence Number 19	(5236 ms)
[Central]  SENDING 		To 1	ACK 	Size 24	  Sequence Number 17	(5236 ms)
[Local]   RECEIVED 	From 2		ACK 	Size 24	  Sequence Number 17	(5236950 us)

		RTT of packet with SN 17 : 386 ms
		BASE : 18	NEXTSN : 19


		@@@@ timeout 18@@@@
		nextSNTemp : 22, nextSN : 18

[Local]   SENDING 		To 2	Data !	Size 24	  Sequence Number 18	(5236950 us)

		@@@@ timeout 1@@@@
		nextSNTemp : 5, nextSN : 1


		Error - Wrong ACK --- Expected : 18, Actual : 17 -- the ACK will be discarded

[Local]   SENDING 		To 2	Data *	Size 24	  Sequence Number 20	(5429 ms)
LOG 5429950 us Sab1 ORIGINAL Packet: 46
LOG 5429950 us Sab1 000011101001100110100110111010101000000000000000000000000000000010000000000000000000000000000000010000000000000000000000000000000100100000000000000000000000000010000100000000000000000000000000
LOG 5429950 us Sab1 CORRUPTED Packet: 46
LOG 5429950 us Sab1 000011101001100110100110111010101000000000000000000000000000000010000000000000000000000000000000010000000000000000000000000000000100100000000000000000000000000010000100000000000000000000000000
[Central]  RECEIVED 	From 1		Data !	Size 24	  Sequence Number 18	(5429950 us)
[Central]  SENDING 		To 1	ACK 	Size 24	  Sequence Number 18	(5429950 us)
[Local]   SENDING 		To 2	Data -	Size 24	  Sequence Number 21	(5621050 us)
LOG 5622 ms Sab1 ORIGINAL Packet: 47
LOG 5622 ms Sab1 000011101001100110100110111010101000000000000000000000000000000010000000000000000000000000000000010000000000000000000000000000000010100000000000000000000000000001010100000000000000000000000000
LOG 5622 ms Sab1 CORRUPTED Packet: 47
LOG 5622 ms Sab1 000011101001100110100110111010101000000000000000000000000000000010000000000000000000000000000000010000000000000000000000000000000010100000000000000000000000000001010100000000000000000000000000
[Central]  RECEIVED 	From 1		Data *	Size 24	  Sequence Number 20	(5622 ms)
[Central]  SENDING 		To 1	ACK 	Size 24	  Sequence Number 18	(5622 ms)
[Local]   RECEIVED 	From 2		ACK 	Size 24	  Sequence Number 18	(5622950 us)

		RTT of packet with SN 18 : 386 ms
		BASE : 19	NEXTSN : 21


		@@@@ timeout 19@@@@
		nextSNTemp : 23, nextSN : 19

[Local]   SENDING 		To 2	Data &	Size 24	  Sequence Number 19	(5813100 us)
LOG 5814050 us Sab1 ORIGINAL Packet: 49
LOG 5814050 us Sab1 000011101001100110100110111010101000000000000000000000000000000010000000000000000000000000000000010000000000000000000000000000001010100000000000000000000000000010110100000000000000000000000000
LOG 5814050 us Sab1 CORRUPTED Packet: 49
LOG 5814050 us Sab1 000011101001100110100110111010101000000000000000000000000000000010000000000000000000000000000000010000000000000000000000000000001010100000000000000000000000000010110100000000000000000000000000
[Central]  RECEIVED 	From 1		Data -	Size 24	  Sequence Number 21	(5814050 us)
[Central]  SENDING 		To 1	ACK 	Size 24	  Sequence Number 18	(5814050 us)

		Error - Wrong ACK --- Expected : 19, Actual : 18 -- the ACK will be discarded

[Local]   SENDING 		To 2	Data *	Size 24	  Sequence Number 20	(6005150 us)
LOG 6006100 us Sab1 ORIGINAL Packet: 51
LOG 6006100 us Sab1 000011101001100110100110111010101000000000000000000000000000000010000000000000000000000000000000010000000000000000000000000000001100100000000000000000000000000001100100000000000000000000000000
LOG 6006100 us Sab1 CORRUPTED Packet: 51
LOG 6006100 us Sab1 000011101001100110100110111010101000000000000000000000000000000010000000000000000000000000000000010000000000000000000000000000001100100000000000000000000000000001100100000000000000000000000000
[Central]  RECEIVED 	From 1		Data &	Size 24	  Sequence Number 19	(6006100 us)
[Central]  SENDING 		To 1	ACK 	Size 24	  Sequence Number 19	(6006100 us)

		Error - Wrong ACK --- Expected : 19, Actual : 18 -- the ACK will be discarded

[Local]   SENDING 		To 2	Data -	Size 24	  Sequence Number 22	(6197200 us)
LOG 6198150 us Sab1 ORIGINAL Packet: 53
LOG 6198150 us Sab1 000011101001100110100110111010101000000000000000000000000000000010000000000000000000000000000000010000000000000000000000000000000010100000000000000000000000000001010100000000000000000000000000
LOG 6198150 us Sab1 CORRUPTING bit: 44 of Packet: 53 with ERROR_BIT: 0.0007
LOG 6198150 us Sab1 CORRUPTED Packet: 53
LOG 6198150 us Sab1 000011101001100110100110111010101000000000001000000000000000000010000000000000000000000000000000010000000000000000000000000000000010100000000000000000000000000001010100000000000000000000000000
[Central]  RECEIVED 	From 4097		Data *	Size 24	  Sequence Number 20	(6198150 us)
[Central]  SENDING 		To 1	ACK 	Size 24	  Sequence Number 20	(6198150 us)
[Local]   RECEIVED 	From 2		ACK 	Size 24	  Sequence Number 19	(6199100 us)

		RTT of packet with SN 19 : 386 ms
		BASE : 20	NEXTSN : 22

[Local]   SENDING 		To 2	Data .	Size 24	  Sequence Number 23	(6389250 us)
LOG 6390200 us Sab1 ORIGINAL Packet: 55
LOG 6390200 us Sab1 000011101001100110100110111010101000000000000000000000000000000010000000000000000000000000000000010000000000000000000000000000000110100000000000000000000000000010110100000000000000000000000000
LOG 6390200 us Sab1 CORRUPTED Packet: 55
LOG 6390200 us Sab1 000011101001100110100110111010101000000000000000000000000000000010000000000000000000000000000000010000000000000000000000000000000110100000000000000000000000000010110100000000000000000000000000
[Central]  RECEIVED 	From 1		Data -	Size 24	  Sequence Number 22	(6390200 us)
[Central]  SENDING 		To 1	ACK 	Size 24	  Sequence Number 20	(6390200 us)
[Local]   RECEIVED 	From 2		ACK 	Size 24	  Sequence Number 20	(6391150 us)

		RTT of packet with SN 20 : 386 ms
		BASE : 21	NEXTSN : 23


		@@@@ timeout 21@@@@
		nextSNTemp : 25, nextSN : 21

[Local]   SENDING 		To 2	Data -	Size 24	  Sequence Number 21	(6581300 us)
LOG 6582250 us Sab1 ORIGINAL Packet: 57
LOG 6582250 us Sab1 000011101001100110100110111010101000000000000000000000000000000010000000000000000000000000000000010000000000000000000000000000001110100000000000000000000000000001110100000000000000000000000000
LOG 6582250 us Sab1 CORRUPTED Packet: 57
LOG 6582250 us Sab1 000011101001100110100110111010101000000000000000000000000000000010000000000000000000000000000000010000000000000000000000000000001110100000000000000000000000000001110100000000000000000000000000
[Central]  RECEIVED 	From 1		Data .	Size 24	  Sequence Number 23	(6582250 us)
[Central]  SENDING 		To 1	ACK 	Size 24	  Sequence Number 20	(6582250 us)

		Error - Wrong ACK --- Expected : 21, Actual : 20 -- the ACK will be discarded

[Local]   SENDING 		To 2	Data -	Size 24	  Sequence Number 22	(6773350 us)
LOG 6774300 us Sab1 ORIGINAL Packet: 59
LOG 6774300 us Sab1 000011101001100110100110111010101000000000000000000000000000000010000000000000000000000000000000010000000000000000000000000000001010100000000000000000000000000010110100000000000000000000000000
LOG 6774300 us Sab1 CORRUPTED Packet: 59
LOG 6774300 us Sab1 000011101001100110100110111010101000000000000000000000000000000010000000000000000000000000000000010000000000000000000000000000001010100000000000000000000000000010110100000000000000000000000000
[Central]  RECEIVED 	From 1		Data -	Size 24	  Sequence Number 21	(6774300 us)
[Central]  SENDING 		To 1	ACK 	Size 24	  Sequence Number 21	(6774300 us)

		Error - Wrong ACK --- Expected : 21, Actual : 20 -- the ACK will be discarded

[Local]   SENDING 		To 2	Data "	Size 24	  Sequence Number 24	(6965400 us)
LOG 6966350 us Sab1 ORIGINAL Packet: 61
LOG 6966350 us Sab1 000011101001100110100110111010101000000000000000000000000000000010000000000000000000000000000000010000000000000000000000000000000110100000000000000000000000000010110100000000000000000000000000
LOG 6966350 us Sab1 CORRUPTED Packet: 61
LOG 6966350 us Sab1 000011101001100110100110111010101000000000000000000000000000000010000000000000000000000000000000010000000000000000000000000000000110100000000000000000000000000010110100000000000000000000000000
[Central]  RECEIVED 	From 1		Data -	Size 24	  Sequence Number 22	(6966350 us)
[Central]  SENDING 		To 1	ACK 	Size 24	  Sequence Number 22	(6966350 us)
[Local]   RECEIVED 	From 2		ACK 	Size 24	  Sequence Number 21	(6967300 us)

		RTT of packet with SN 21 : 386 ms
		BASE : 22	NEXTSN : 24

[Local]   SENDING 		To 2	Data &	Size 24	  Sequence Number 25	(7157450 us)
LOG 7158400 us Sab1 ORIGINAL Packet: 63
LOG 7158400 us Sab1 000011101001100110100110111010101000000000000000000000000000000010000000000000000000000000000000010000000000000000000000000000000001100000000000000000000000000001000100000000000000000000000000
LOG 7158400 us Sab1 CORRUPTED Packet: 63
LOG 7158400 us Sab1 000011101001100110100110111010101000000000000000000000000000000010000000000000000000000000000000010000000000000000000000000000000001100000000000000000000000000001000100000000000000000000000000
[Central]  RECEIVED 	From 1		Data "	Size 24	  Sequence Number 24	(7158400 us)
[Central]  SENDING 		To 1	ACK 	Size 24	  Sequence Number 22	(7158400 us)
[Local]   RECEIVED 	From 2		ACK 	Size 24	  Sequence Number 22	(7159350 us)

		RTT of packet with SN 22 : 386 ms
		BASE : 23	NEXTSN : 25


		@@@@ timeout 23@@@@
		nextSNTemp : 27, nextSN : 23

[Local]   SENDING 		To 2	Data .	Size 24	  Sequence Number 23	(7349500 us)
LOG 7350450 us Sab1 ORIGINAL Packet: 65
LOG 7350450 us Sab1 000011101001100110100110111010101000000000000000000000000000000010000000000000000000000000000000010000000000000000000000000000001001100000000000000000000000000001100100000000000000000000000000
LOG 7350450 us Sab1 CORRUPTED Packet: 65
LOG 7350450 us Sab1 000011101001100110100110111010101000000000000000000000000000000010000000000000000000000000000000010000000000000000000000000000001001100000000000000000000000000001100100000000000000000000000000
[Central]  RECEIVED 	From 1		Data &	Size 24	  Sequence Number 25	(7350450 us)
[Central]  SENDING 		To 1	ACK 	Size 24	  Sequence Number 22	(7350450 us)

		Error - Wrong ACK --- Expected : 23, Actual : 22 -- the ACK will be discarded

[Local]   SENDING 		To 2	Data "	Size 24	  Sequence Number 24	(7541550 us)
LOG 7542500 us Sab1 ORIGINAL Packet: 67
LOG 7542500 us Sab1 000011101001100110100110111010101000000000000000000000000000000010000000000000000000000000000000010000000000000000000000000000001110100000000000000000000000000001110100000000000000000000000000
LOG 7542500 us Sab1 CORRUPTED Packet: 67
LOG 7542500 us Sab1 000011101001100110100110111010101000000000000000000000000000000010000000000000000000000000000000010000000000000000000000000000001110100000000000000000000000000001110100000000000000000000000000
[Central]  RECEIVED 	From 1		Data .	Size 24	  Sequence Number 23	(7542500 us)
[Central]  SENDING 		To 1	ACK 	Size 24	  Sequence Number 23	(7542500 us)

		Error - Wrong ACK --- Expected : 23, Actual : 22 -- the ACK will be discarded

[Local]   SENDING 		To 2	Data !	Size 24	  Sequence Number 26	(7733600 us)
LOG 7734550 us Sab1 ORIGINAL Packet: 69
LOG 7734550 us Sab1 000011101001100110100110111010101000000000000000000000000000000010000000000000000000000000000000010000000000000000000000000000000001100000000000000000000000000001000100000000000000000000000000
LOG 7734550 us Sab1 CORRUPTED Packet: 69
LOG 7734550 us Sab1 000011101001100110100110111010101000000000000000000000000000000010000000000000000000000000000000010000000000000000000000000000000001100000000000000000000000000001000100000000000000000000000000
[Central]  RECEIVED 	From 1		Data "	Size 24	  Sequence Number 24	(7734550 us)
[Central]  SENDING 		To 1	ACK 	Size 24	  Sequence Number 24	(7734550 us)
[Local]   RECEIVED 	From 2		ACK 	Size 24	  Sequence Number 23	(7735500 us)

		RTT of packet with SN 23 : 386 ms
		BASE : 24	NEXTSN : 26

[Local]   SENDING 		To 2	Data +	Size 24	  Sequence Number 27	(7925650 us)
LOG 7926600 us Sab1 ORIGINAL Packet: 71
LOG 7926600 us Sab1 000011101001100110100110111010101000000000000000000000000000000010000000000000000000000000000000010000000000000000000000000000000101100000000000000000000000000010000100000000000000000000000000
LOG 7926600 us Sab1 CORRUPTED Packet: 71
LOG 7926600 us Sab1 000011101001100110100110111010101000000000000000000000000000000010000000000000000000000000000000010000000000000000000000000000000101100000000000000000000000000010000100000000000000000000000000
[Central]  RECEIVED 	From 1		Data !	Size 24	  Sequence Number 26	(7926600 us)
[Central]  SENDING 		To 1	ACK 	Size 24	  Sequence Number 24	(7926600 us)
[Local]   RECEIVED 	From 2		ACK 	Size 24	  Sequence Number 24	(7927550 us)

		RTT of packet with SN 24 : 386 ms
		BASE : 25	NEXTSN : 27


Info: /OSCI/SystemC: Simulation stopped by user.
