
Local   <-->  Central with FullDuplex channel

+----------------------------------------------------------------------------------------------+
|TASK     ACTION        FROM    TO      DATA    SIZE      SEQUENCE NUMBER       TIME STAMP     |
+----------------------------------------------------------------------------------------------+
[Local]   SENDING 		To 2	Data "	Size 24	  Sequence Number 1	(50 us)
[Local]   SENDING 		To 2	Data %	Size 24	  Sequence Number 2	(192100 us)
LOG 193050 us Sab1 ORIGINAL Packet: 0
LOG 193050 us Sab1 000011101001010100110100100010001000000000000000000000000000000010000000000000000000000000000000010000000000000000000000000000001000000000000000000000000000000001000100000000000000000000000000
LOG 193050 us Sab1 CORRUPTED Packet: 0
LOG 193050 us Sab1 000011101001010100110100100010001000000000000000000000000000000010000000000000000000000000000000010000000000000000000000000000001000000000000000000000000000000001000100000000000000000000000000
[Central]  RECEIVED 	From 1		Data "	Size 24	  Sequence Number 1	(193050 us)
[Central]  SENDING 		To 1	ACK 	Size 24	  Sequence Number 1	(193050 us)
LOG 385100 us Sab1 ORIGINAL Packet: 1
LOG 385100 us Sab1 000011101001010100110100100010001000000000000000000000000000000010000000000000000000000000000000010000000000000000000000000000000100000000000000000000000000000010100100000000000000000000000000
LOG 385100 us Sab1 CORRUPTED Packet: 1
LOG 385100 us Sab1 000011101001010100110100100010001000000000000000000000000000000010000000000000000000000000000000010000000000000000000000000000000100000000000000000000000000000010100100000000000000000000000000
[Central]  RECEIVED 	From 1		Data %	Size 24	  Sequence Number 2	(385100 us)
[Central]  SENDING 		To 1	ACK 	Size 24	  Sequence Number 2	(385100 us)
[Local]   RECEIVED 	From 2		ACK 	Size 24	  Sequence Number 1	(386050 us)

		RTT of packet with SN 1 : 386050 us
		BASE : 2	NEXTSN : 3

[Local]   RECEIVED 	From 2		ACK 	Size 24	  Sequence Number 2	(578100 us)

		RTT of packet with SN 2 : 386 ms
		BASE : 3	NEXTSN : 3


		@@@@ timeout 1@@@@
		nextSNTemp : 5, nextSN : 1


		@@@@ timeout 3@@@@
		nextSNTemp : 7, nextSN : 3

[Local]   SENDING 		To 2	Data *	Size 24	  Sequence Number 3	(600050 us)
[Local]   SENDING 		To 2	Data &	Size 24	  Sequence Number 4	(792100 us)
LOG 793050 us Sab1 ORIGINAL Packet: 4
LOG 793050 us Sab1 000011101001010100110100100010001000000000000000000000000000000010000000000000000000000000000000010000000000000000000000000000001100000000000000000000000000000001010100000000000000000000000000
LOG 793050 us Sab1 CORRUPTED Packet: 4
LOG 793050 us Sab1 000011101001010100110100100010001000000000000000000000000000000010000000000000000000000000000000010000000000000000000000000000001100000000000000000000000000000001010100000000000000000000000000
[Central]  RECEIVED 	From 1		Data *	Size 24	  Sequence Number 3	(793050 us)
[Central]  SENDING 		To 1	ACK 	Size 24	  Sequence Number 3	(793050 us)
[Local]   SENDING 		To 2	Data +	Size 24	  Sequence Number 5	(984150 us)
LOG 985100 us Sab1 ORIGINAL Packet: 5
LOG 985100 us Sab1 000011101001010100110100100010001000000000000000000000000000000010000000000000000000000000000000010000000000000000000000000000000010000000000000000000000000000001100100000000000000000000000000
LOG 985100 us Sab1 CORRUPTED Packet: 5
LOG 985100 us Sab1 000011101001010100110100100010001000000000000000000000000000000010000000000000000000000000000000010000000000000000000000000000000010000000000000000000000000000001100100000000000000000000000000
[Central]  RECEIVED 	From 1		Data &	Size 24	  Sequence Number 4	(985100 us)
[Central]  SENDING 		To 1	ACK 	Size 24	  Sequence Number 4	(985100 us)
[Local]   RECEIVED 	From 2		ACK 	Size 24	  Sequence Number 3	(986050 us)

		RTT of packet with SN 3 : 386 ms
		BASE : 4	NEXTSN : 6

[Local]   SENDING 		To 2	Data #	Size 24	  Sequence Number 6	(1176200 us)
LOG 1177150 us Sab1 ORIGINAL Packet: 7
LOG 1177150 us Sab1 000011101001010100110100100010001000000000000000000000000000000010000000000000000000000000000000010000000000000000000000000000001010000000000000000000000000000011010100000000000000000000000000
LOG 1177150 us Sab1 CORRUPTED Packet: 7
LOG 1177150 us Sab1 000011101001010100110100100010001000000000000000000000000000000010000000000000000000000000000000010000000000000000000000000000001010000000000000000000000000000011010100000000000000000000000000
[Central]  RECEIVED 	From 1		Data +	Size 24	  Sequence Number 5	(1177150 us)
[Central]  SENDING 		To 1	ACK 	Size 24	  Sequence Number 5	(1177150 us)
[Local]   RECEIVED 	From 2		ACK 	Size 24	  Sequence Number 4	(1178100 us)

		RTT of packet with SN 4 : 386 ms
		BASE : 5	NEXTSN : 7

[Local]   SENDING 		To 2	Data "	Size 24	  Sequence Number 7	(1368250 us)
LOG 1369200 us Sab1 ORIGINAL Packet: 9
LOG 1369200 us Sab1 000011101001010100110100100010001000000000000000000000000000000010000000000000000000000000000000010000000000000000000000000000000110000000000000000000000000000011000100000000000000000000000000
LOG 1369200 us Sab1 CORRUPTED Packet: 9
LOG 1369200 us Sab1 000011101001010100110100100010001000000000000000000000000000000010000000000000000000000000000000010000000000000000000000000000000110000000000000000000000000000011000100000000000000000000000000
[Central]  RECEIVED 	From 1		Data #	Size 24	  Sequence Number 6	(1369200 us)
[Central]  SENDING 		To 1	ACK 	Size 24	  Sequence Number 6	(1369200 us)
[Local]   RECEIVED 	From 2		ACK 	Size 24	  Sequence Number 5	(1370150 us)

		RTT of packet with SN 5 : 386 ms
		BASE : 6	NEXTSN : 8

[Local]   SENDING 		To 2	Data $	Size 24	  Sequence Number 8	(1560300 us)
LOG 1561250 us Sab1 ORIGINAL Packet: 11
LOG 1561250 us Sab1 000011101001010100110100100010001000000000000000000000000000000010000000000000000000000000000000010000000000000000000000000000001110000000000000000000000000000001000100000000000000000000000000
LOG 1561250 us Sab1 CORRUPTED Packet: 11
LOG 1561250 us Sab1 000011101001010100110100100010001000000000000000000000000000000010000000000000000000000000000000010000000000000000000000000000001110000000000000000000000000000001000100000000000000000000000000
[Central]  RECEIVED 	From 1		Data "	Size 24	  Sequence Number 7	(1561250 us)
[Central]  SENDING 		To 1	ACK 	Size 24	  Sequence Number 7	(1561250 us)
[Local]   RECEIVED 	From 2		ACK 	Size 24	  Sequence Number 6	(1562200 us)

		RTT of packet with SN 6 : 386 ms
		BASE : 7	NEXTSN : 9

LOG 1753300 us Sab1 ORIGINAL Packet: 13
LOG 1753300 us Sab1 000011101001010100110100100010001000000000000000000000000000000010000000000000000000000000000000010000000000000000000000000000000001000000000000000000000000000000100100000000000000000000000000
LOG 1753300 us Sab1 CORRUPTED Packet: 13
LOG 1753300 us Sab1 000011101001010100110100100010001000000000000000000000000000000010000000000000000000000000000000010000000000000000000000000000000001000000000000000000000000000000100100000000000000000000000000
[Central]  RECEIVED 	From 1		Data $	Size 24	  Sequence Number 8	(1753300 us)
[Central]  SENDING 		To 1	ACK 	Size 24	  Sequence Number 8	(1753300 us)
[Local]   RECEIVED 	From 2		ACK 	Size 24	  Sequence Number 7	(1754250 us)

		RTT of packet with SN 7 : 386 ms
		BASE : 8	NEXTSN : 9


		@@@@ timeout 1@@@@
		nextSNTemp : 5, nextSN : 1

[Local]   RECEIVED 	From 2		ACK 	Size 24	  Sequence Number 8	(1946300 us)

		RTT of packet with SN 8 : 386 ms
		BASE : 9	NEXTSN : 9


		@@@@ timeout 9@@@@
		nextSNTemp : 13, nextSN : 9

[Local]   SENDING 		To 2	Data &	Size 24	  Sequence Number 9	(1946300 us)
[Local]   SENDING 		To 2	Data '	Size 24	  Sequence Number 10	(2138350 us)
LOG 2139300 us Sab1 ORIGINAL Packet: 16
LOG 2139300 us Sab1 000011101001010100110100100010001000000000000000000000000000000010000000000000000000000000000000010000000000000000000000000000001001000000000000000000000000000001100100000000000000000000000000
LOG 2139300 us Sab1 CORRUPTED Packet: 16
LOG 2139300 us Sab1 000011101001010100110100100010001000000000000000000000000000000010000000000000000000000000000000010000000000000000000000000000001001000000000000000000000000000001100100000000000000000000000000
[Central]  RECEIVED 	From 1		Data &	Size 24	  Sequence Number 9	(2139300 us)
[Central]  SENDING 		To 1	ACK 	Size 24	  Sequence Number 9	(2139300 us)
[Local]   SENDING 		To 2	Data ,	Size 24	  Sequence Number 11	(2330400 us)
LOG 2331350 us Sab1 ORIGINAL Packet: 17
LOG 2331350 us Sab1 000011101001010100110100100010001000000000000000000000000000000010000000000000000000000000000000010000000000000000000000000000000101000000000000000000000000000011100100000000000000000000000000
LOG 2331350 us Sab1 CORRUPTED Packet: 17
LOG 2331350 us Sab1 000011101001010100110100100010001000000000000000000000000000000010000000000000000000000000000000010000000000000000000000000000000101000000000000000000000000000011100100000000000000000000000000
[Local]   RECEIVED 	From 2		ACK 	Size 24	  Sequence Number 9	(2332300 us)

		RTT of packet with SN 9 : 386 ms
		BASE : 10	NEXTSN : 12

[Local]   SENDING 		To 2	Data .	Size 24	  Sequence Number 12	(2522450 us)
LOG 2523400 us Sab1 ORIGINAL Packet: 19
LOG 2523400 us Sab1 000011101001010100110100100010001000000000000000000000000000000010000000000000000000000000000000010000000000000000000000000000001101000000000000000000000000000000110100000000000000000000000000
LOG 2523400 us Sab1 CORRUPTED Packet: 19
LOG 2523400 us Sab1 000011101001010100110100100010001000000000000000000000000000000010000000000000000000000000000000010000000000000000000000000000001101000000000000000000000000000000110100000000000000000000000000
[Central]  RECEIVED 	From 1		Data ,	Size 24	  Sequence Number 11	(2523400 us)
[Central]  SENDING 		To 1	ACK 	Size 24	  Sequence Number 9	(2523400 us)
[Local]   SENDING 		To 2	Data !	Size 24	  Sequence Number 13	(2714500 us)
LOG 2715450 us Sab1 ORIGINAL Packet: 20
LOG 2715450 us Sab1 000011101001010100110100100010001000000000000000000000000000000010000000000000000000000000000000010000000000000000000000000000000011000000000000000000000000000001110100000000000000000000000000
LOG 2715450 us Sab1 CORRUPTED Packet: 20
LOG 2715450 us Sab1 000011101001010100110100100010001000000000000000000000000000000010000000000000000000000000000000010000000000000000000000000000000011000000000000000000000000000001110100000000000000000000000000
[Central]  RECEIVED 	From 1		Data .	Size 24	  Sequence Number 12	(2715450 us)
[Central]  SENDING 		To 1	ACK 	Size 24	  Sequence Number 9	(2715450 us)

		Error - Wrong ACK --- Expected : 10, Actual : 9 -- the ACK will be discarded


		@@@@ timeout 10@@@@
		nextSNTemp : 14, nextSN : 10

[Local]   SENDING 		To 2	Data '	Size 24	  Sequence Number 10	(2906550 us)
LOG 2907500 us Sab1 ORIGINAL Packet: 22
LOG 2907500 us Sab1 000011101001010100110100100010001000000000000000000000000000000010000000000000000000000000000000010000000000000000000000000000001011000000000000000000000000000010000100000000000000000000000000
LOG 2907500 us Sab1 CORRUPTED Packet: 22
LOG 2907500 us Sab1 000011101001010100110100100010001000000000000000000000000000000010000000000000000000000000000000010000000000000000000000000000001011000000000000000000000000000010000100000000000000000000000000
[Central]  RECEIVED 	From 1		Data !	Size 24	  Sequence Number 13	(2907500 us)
[Central]  SENDING 		To 1	ACK 	Size 24	  Sequence Number 9	(2907500 us)

		Error - Wrong ACK --- Expected : 10, Actual : 9 -- the ACK will be discarded

[Local]   SENDING 		To 2	Data ,	Size 24	  Sequence Number 11	(3098600 us)
LOG 3099550 us Sab1 ORIGINAL Packet: 24
LOG 3099550 us Sab1 000011101001010100110100100010001000000000000000000000000000000010000000000000000000000000000000010000000000000000000000000000000101000000000000000000000000000011100100000000000000000000000000
LOG 3099550 us Sab1 CORRUPTED Packet: 24
LOG 3099550 us Sab1 000011101001010100110100100010001000000000000000000000000000000010000000000000000000000000000000010000000000000000000000000000000101000000000000000000000000000011100100000000000000000000000000
[Central]  RECEIVED 	From 1		Data '	Size 24	  Sequence Number 10	(3099550 us)
[Central]  SENDING 		To 1	ACK 	Size 24	  Sequence Number 10	(3099550 us)

		Error - Wrong ACK --- Expected : 10, Actual : 9 -- the ACK will be discarded

[Local]   SENDING 		To 2	Data .	Size 24	  Sequence Number 12	(3290650 us)
LOG 3291600 us Sab1 ORIGINAL Packet: 26
LOG 3291600 us Sab1 000011101001010100110100100010001000000000000000000000000000000010000000000000000000000000000000010000000000000000000000000000001101000000000000000000000000000000110100000000000000000000000000
LOG 3291600 us Sab1 CORRUPTED Packet: 26
LOG 3291600 us Sab1 000011101001010100110100100010001000000000000000000000000000000010000000000000000000000000000000010000000000000000000000000000001101000000000000000000000000000000110100000000000000000000000000
[Central]  RECEIVED 	From 1		Data ,	Size 24	  Sequence Number 11	(3291600 us)
[Central]  SENDING 		To 1	ACK 	Size 24	  Sequence Number 11	(3291600 us)
[Local]   RECEIVED 	From 2		ACK 	Size 24	  Sequence Number 10	(3292550 us)

		RTT of packet with SN 10 : 386 ms
		BASE : 11	NEXTSN : 13

[Local]   SENDING 		To 2	Data !	Size 24	  Sequence Number 13	(3482700 us)
LOG 3483650 us Sab1 ORIGINAL Packet: 28
LOG 3483650 us Sab1 000011101001010100110100100010001000000000000000000000000000000010000000000000000000000000000000010000000000000000000000000000000011000000000000000000000000000001110100000000000000000000000000
LOG 3483650 us Sab1 CORRUPTED Packet: 28
LOG 3483650 us Sab1 000011101001010100110100100010001000000000000000000000000000000010000000000000000000000000000000010000000000000000000000000000000011000000000000000000000000000001110100000000000000000000000000
[Central]  RECEIVED 	From 1		Data .	Size 24	  Sequence Number 12	(3483650 us)
[Central]  SENDING 		To 1	ACK 	Size 24	  Sequence Number 12	(3483650 us)
[Local]   RECEIVED 	From 2		ACK 	Size 24	  Sequence Number 11	(3484600 us)

		RTT of packet with SN 11 : 386 ms
		BASE : 12	NEXTSN : 14

[Local]   SENDING 		To 2	Data +	Size 24	  Sequence Number 14	(3674750 us)
LOG 3675700 us Sab1 ORIGINAL Packet: 30
LOG 3675700 us Sab1 000011101001010100110100100010001000000000000000000000000000000010000000000000000000000000000000010000000000000000000000000000001011000000000000000000000000000010000100000000000000000000000000
LOG 3675700 us Sab1 CORRUPTED Packet: 30
LOG 3675700 us Sab1 000011101001010100110100100010001000000000000000000000000000000010000000000000000000000000000000010000000000000000000000000000001011000000000000000000000000000010000100000000000000000000000000

		@@@@ timeout 1@@@@
		nextSNTemp : 5, nextSN : 1

[Local]   RECEIVED 	From 2		ACK 	Size 24	  Sequence Number 12	(3676650 us)

		RTT of packet with SN 12 : 386 ms
		BASE : 13	NEXTSN : 15

[Local]   SENDING 		To 2	Data )	Size 24	  Sequence Number 15	(3866800 us)
LOG 3867750 us Sab1 ORIGINAL Packet: 32
LOG 3867750 us Sab1 000011101001010100110100100010001000000000000000000000000000000010000000000000000000000000000000010000000000000000000000000000000111000000000000000000000000000011010100000000000000000000000000
LOG 3867750 us Sab1 CORRUPTED Packet: 32
LOG 3867750 us Sab1 000011101001010100110100100010001000000000000000000000000000000010000000000000000000000000000000010000000000000000000000000000000111000000000000000000000000000011010100000000000000000000000000
[Central]  RECEIVED 	From 1		Data +	Size 24	  Sequence Number 14	(3867750 us)
[Central]  SENDING 		To 1	ACK 	Size 24	  Sequence Number 12	(3867750 us)
LOG 4059800 us Sab1 ORIGINAL Packet: 33
LOG 4059800 us Sab1 000011101001010100110100100010001000000000000000000000000000000010000000000000000000000000000000010000000000000000000000000000001111000000000000000000000000000010010100000000000000000000000000
LOG 4059800 us Sab1 CORRUPTED Packet: 33
LOG 4059800 us Sab1 000011101001010100110100100010001000000000000000000000000000000010000000000000000000000000000000010000000000000000000000000000001111000000000000000000000000000010010100000000000000000000000000

		Error - Wrong ACK --- Expected : 13, Actual : 12 -- the ACK will be discarded


		@@@@ timeout 13@@@@
		nextSNTemp : 17, nextSN : 13

[Local]   SENDING 		To 2	Data !	Size 24	  Sequence Number 13	(4082750 us)
[Local]   SENDING 		To 2	Data +	Size 24	  Sequence Number 14	(4274800 us)
LOG 4275750 us Sab1 ORIGINAL Packet: 35
LOG 4275750 us Sab1 000011101001010100110100100010001000000000000000000000000000000010000000000000000000000000000000010000000000000000000000000000001011000000000000000000000000000010000100000000000000000000000000
LOG 4275750 us Sab1 CORRUPTED Packet: 35
LOG 4275750 us Sab1 000011101001010100110100100010001000000000000000000000000000000010000000000000000000000000000000010000000000000000000000000000001011000000000000000000000000000010000100000000000000000000000000
[Central]  RECEIVED 	From 1		Data !	Size 24	  Sequence Number 13	(4275750 us)
[Central]  SENDING 		To 1	ACK 	Size 24	  Sequence Number 13	(4275750 us)
[Local]   SENDING 		To 2	Data )	Size 24	  Sequence Number 15	(4466850 us)
LOG 4467800 us Sab1 ORIGINAL Packet: 36
LOG 4467800 us Sab1 000011101001010100110100100010001000000000000000000000000000000010000000000000000000000000000000010000000000000000000000000000000111000000000000000000000000000011010100000000000000000000000000
LOG 4467800 us Sab1 CORRUPTED Packet: 36
LOG 4467800 us Sab1 000011101001010100110100100010001000000000000000000000000000000010000000000000000000000000000000010000000000000000000000000000000111000000000000000000000000000011010100000000000000000000000000
[Central]  RECEIVED 	From 1		Data +	Size 24	  Sequence Number 14	(4467800 us)
[Central]  SENDING 		To 1	ACK 	Size 24	  Sequence Number 14	(4467800 us)
[Local]   RECEIVED 	From 2		ACK 	Size 24	  Sequence Number 13	(4468750 us)

		RTT of packet with SN 13 : 386 ms
		BASE : 14	NEXTSN : 16

[Local]   SENDING 		To 2	Data #	Size 24	  Sequence Number 16	(4658900 us)
LOG 4659850 us Sab1 ORIGINAL Packet: 38
LOG 4659850 us Sab1 000011101001010100110100100010001000000000000000000000000000000010000000000000000000000000000000010000000000000000000000000000001111000000000000000000000000000010010100000000000000000000000000
LOG 4659850 us Sab1 CORRUPTED Packet: 38
LOG 4659850 us Sab1 000011101001010100110100100010001000000000000000000000000000000010000000000000000000000000000000010000000000000000000000000000001111000000000000000000000000000010010100000000000000000000000000
[Central]  RECEIVED 	From 1		Data )	Size 24	  Sequence Number 15	(4659850 us)
[Central]  SENDING 		To 1	ACK 	Size 24	  Sequence Number 15	(4659850 us)
[Local]   RECEIVED 	From 2		ACK 	Size 24	  Sequence Number 14	(4660800 us)

		RTT of packet with SN 14 : 386 ms
		BASE : 15	NEXTSN : 17

[Local]   SENDING 		To 2	Data $	Size 24	  Sequence Number 17	(4850950 us)
LOG 4851900 us Sab1 ORIGINAL Packet: 40
LOG 4851900 us Sab1 000011101001010100110100100010001000000000000000000000000000000010000000000000000000000000000000010000000000000000000000000000000000100000000000000000000000000011000100000000000000000000000000
LOG 4851900 us Sab1 CORRUPTED Packet: 40
LOG 4851900 us Sab1 000011101001010100110100100010001000000000000000000000000000000010000000000000000000000000000000010000000000000000000000000000000000100000000000000000000000000011000100000000000000000000000000
[Central]  RECEIVED 	From 1		Data #	Size 24	  Sequence Number 16	(4851900 us)
[Central]  SENDING 		To 1	ACK 	Size 24	  Sequence Number 16	(4851900 us)
[Local]   RECEIVED 	From 2		ACK 	Size 24	  Sequence Number 15	(4852850 us)

		RTT of packet with SN 15 : 386 ms
		BASE : 16	NEXTSN : 18

[Local]   SENDING 		To 2	Data !	Size 24	  Sequence Number 18	(5043 ms)
LOG 5043950 us Sab1 ORIGINAL Packet: 42
LOG 5043950 us Sab1 000011101001010100110100100010001000000000000000000000000000000010000000000000000000000000000000010000000000000000000000000000001000100000000000000000000000000000100100000000000000000000000000
LOG 5043950 us Sab1 CORRUPTED Packet: 42
LOG 5043950 us Sab1 000011101001010100110100100010001000000000000000000000000000000010000000000000000000000000000000010000000000000000000000000000001000100000000000000000000000000000100100000000000000000000000000
[Central]  RECEIVED 	From 1		Data $	Size 24	  Sequence Number 17	(5043950 us)
[Central]  SENDING 		To 1	ACK 	Size 24	  Sequence Number 17	(5043950 us)
[Local]   RECEIVED 	From 2		ACK 	Size 24	  Sequence Number 16	(5044900 us)

		RTT of packet with SN 16 : 386 ms
		BASE : 17	NEXTSN : 19

LOG 5236 ms Sab1 ORIGINAL Packet: 44
LOG 5236 ms Sab1 000011101001010100110100100010001000000000000000000000000000000010000000000000000000000000000000010000000000000000000000000000000100100000000000000000000000000010000100000000000000000000000000
LOG 5236 ms Sab1 CORRUPTED Packet: 44
LOG 5236 ms Sab1 000011101001010100110100100010001000000000000000000000000000000010000000000000000000000000000000010000000000000000000000000000000100100000000000000000000000000010000100000000000000000000000000
[Central]  RECEIVED 	From 1		Data !	Size 24	  Sequence Number 18	(5236 ms)
[Central]  SENDING 		To 1	ACK 	Size 24	  Sequence Number 18	(5236 ms)
[Local]   RECEIVED 	From 2		ACK 	Size 24	  Sequence Number 17	(5236950 us)

		RTT of packet with SN 17 : 386 ms
		BASE : 18	NEXTSN : 19


		@@@@ timeout 1@@@@
		nextSNTemp : 5, nextSN : 1

[Local]   RECEIVED 	From 2		ACK 	Size 24	  Sequence Number 18	(5429 ms)

		RTT of packet with SN 18 : 386 ms
		BASE : 19	NEXTSN : 19


		@@@@ timeout 19@@@@
		nextSNTemp : 23, nextSN : 19

[Local]   SENDING 		To 2	Data &	Size 24	  Sequence Number 19	(5429 ms)
[Local]   SENDING 		To 2	Data *	Size 24	  Sequence Number 20	(5621050 us)
LOG 5622 ms Sab1 ORIGINAL Packet: 47
LOG 5622 ms Sab1 000011101001010100110100100010001000000000000000000000000000000010000000000000000000000000000000010000000000000000000000000000001100100000000000000000000000000001100100000000000000000000000000
LOG 5622 ms Sab1 CORRUPTED Packet: 47
LOG 5622 ms Sab1 000011101001010100110100100010001000000000000000000000000000000010000000000000000000000000000000010000000000000000000000000000001100100000000000000000000000000001100100000000000000000000000000
[Central]  RECEIVED 	From 1		Data &	Size 24	  Sequence Number 19	(5622 ms)
[Central]  SENDING 		To 1	ACK 	Size 24	  Sequence Number 19	(5622 ms)
[Local]   SENDING 		To 2	Data -	Size 24	  Sequence Number 21	(5813100 us)
LOG 5814050 us Sab1 ORIGINAL Packet: 48
LOG 5814050 us Sab1 000011101001010100110100100010001000000000000000000000000000000010000000000000000000000000000000010000000000000000000000000000000010100000000000000000000000000001010100000000000000000000000000
LOG 5814050 us Sab1 CORRUPTED Packet: 48
LOG 5814050 us Sab1 000011101001010100110100100010001000000000000000000000000000000010000000000000000000000000000000010000000000000000000000000000000010100000000000000000000000000001010100000000000000000000000000
[Central]  RECEIVED 	From 1		Data *	Size 24	  Sequence Number 20	(5814050 us)
[Central]  SENDING 		To 1	ACK 	Size 24	  Sequence Number 20	(5814050 us)
[Local]   RECEIVED 	From 2		ACK 	Size 24	  Sequence Number 19	(5815 ms)

		RTT of packet with SN 19 : 386 ms
		BASE : 20	NEXTSN : 22

[Local]   SENDING 		To 2	Data -	Size 24	  Sequence Number 22	(6005150 us)
LOG 6006100 us Sab1 ORIGINAL Packet: 50
LOG 6006100 us Sab1 000011101001010100110100100010001000000000000000000000000000000010000000000000000000000000000000010000000000000000000000000000001010100000000000000000000000000010110100000000000000000000000000
LOG 6006100 us Sab1 CORRUPTED Packet: 50
LOG 6006100 us Sab1 000011101001010100110100100010001000000000000000000000000000000010000000000000000000000000000000010000000000000000000000000000001010100000000000000000000000000010110100000000000000000000000000
[Central]  RECEIVED 	From 1		Data -	Size 24	  Sequence Number 21	(6006100 us)
[Central]  SENDING 		To 1	ACK 	Size 24	  Sequence Number 21	(6006100 us)
[Local]   RECEIVED 	From 2		ACK 	Size 24	  Sequence Number 20	(6007050 us)

		RTT of packet with SN 20 : 386 ms
		BASE : 21	NEXTSN : 23

[Local]   SENDING 		To 2	Data .	Size 24	  Sequence Number 23	(6197200 us)
LOG 6198150 us Sab1 ORIGINAL Packet: 52
LOG 6198150 us Sab1 000011101001010100110100100010001000000000000000000000000000000010000000000000000000000000000000010000000000000000000000000000000110100000000000000000000000000010110100000000000000000000000000
LOG 6198150 us Sab1 CORRUPTED Packet: 52
LOG 6198150 us Sab1 000011101001010100110100100010001000000000000000000000000000000010000000000000000000000000000000010000000000000000000000000000000110100000000000000000000000000010110100000000000000000000000000
[Central]  RECEIVED 	From 1		Data -	Size 24	  Sequence Number 22	(6198150 us)
[Central]  SENDING 		To 1	ACK 	Size 24	  Sequence Number 22	(6198150 us)
[Local]   RECEIVED 	From 2		ACK 	Size 24	  Sequence Number 21	(6199100 us)

		RTT of packet with SN 21 : 386 ms
		BASE : 22	NEXTSN : 24

[Local]   SENDING 		To 2	Data "	Size 24	  Sequence Number 24	(6389250 us)
LOG 6390200 us Sab1 ORIGINAL Packet: 54
LOG 6390200 us Sab1 000011101001010100110100100010001000000000000000000000000000000010000000000000000000000000000000010000000000000000000000000000001110100000000000000000000000000001110100000000000000000000000000
LOG 6390200 us Sab1 CORRUPTED Packet: 54
LOG 6390200 us Sab1 000011101001010100110100100010001000000000000000000000000000000010000000000000000000000000000000010000000000000000000000000000001110100000000000000000000000000001110100000000000000000000000000
[Central]  RECEIVED 	From 1		Data .	Size 24	  Sequence Number 23	(6390200 us)
[Central]  SENDING 		To 1	ACK 	Size 24	  Sequence Number 23	(6390200 us)
[Local]   RECEIVED 	From 2		ACK 	Size 24	  Sequence Number 22	(6391150 us)

		RTT of packet with SN 22 : 386 ms
		BASE : 23	NEXTSN : 25

LOG 6582250 us Sab1 ORIGINAL Packet: 56
LOG 6582250 us Sab1 000011101001010100110100100010001000000000000000000000000000000010000000000000000000000000000000010000000000000000000000000000000001100000000000000000000000000001000100000000000000000000000000
LOG 6582250 us Sab1 CORRUPTED Packet: 56
LOG 6582250 us Sab1 000011101001010100110100100010001000000000000000000000000000000010000000000000000000000000000000010000000000000000000000000000000001100000000000000000000000000001000100000000000000000000000000
[Central]  RECEIVED 	From 1		Data "	Size 24	  Sequence Number 24	(6582250 us)
[Central]  SENDING 		To 1	ACK 	Size 24	  Sequence Number 24	(6582250 us)
[Local]   RECEIVED 	From 2		ACK 	Size 24	  Sequence Number 23	(6583200 us)

		RTT of packet with SN 23 : 386 ms
		BASE : 24	NEXTSN : 25


		@@@@ timeout 1@@@@
		nextSNTemp : 5, nextSN : 1

[Local]   RECEIVED 	From 2		ACK 	Size 24	  Sequence Number 24	(6775250 us)

		RTT of packet with SN 24 : 386 ms
		BASE : 25	NEXTSN : 25


		@@@@ timeout 25@@@@
		nextSNTemp : 29, nextSN : 25

[Local]   SENDING 		To 2	Data &	Size 24	  Sequence Number 25	(6775250 us)
[Local]   SENDING 		To 2	Data !	Size 24	  Sequence Number 26	(6967300 us)
LOG 6968250 us Sab1 ORIGINAL Packet: 59
LOG 6968250 us Sab1 000011101001010100110100100010001000000000000000000000000000000010000000000000000000000000000000010000000000000000000000000000001001100000000000000000000000000001100100000000000000000000000000
LOG 6968250 us Sab1 CORRUPTED Packet: 59
LOG 6968250 us Sab1 000011101001010100110100100010001000000000000000000000000000000010000000000000000000000000000000010000000000000000000000000000001001100000000000000000000000000001100100000000000000000000000000
[Central]  RECEIVED 	From 1		Data &	Size 24	  Sequence Number 25	(6968250 us)
[Central]  SENDING 		To 1	ACK 	Size 24	  Sequence Number 25	(6968250 us)
[Local]   SENDING 		To 2	Data +	Size 24	  Sequence Number 27	(7159350 us)
LOG 7160300 us Sab1 ORIGINAL Packet: 60
LOG 7160300 us Sab1 000011101001010100110100100010001000000000000000000000000000000010000000000000000000000000000000010000000000000000000000000000000101100000000000000000000000000010000100000000000000000000000000
LOG 7160300 us Sab1 CORRUPTED Packet: 60
LOG 7160300 us Sab1 000011101001010100110100100010001000000000000000000000000000000010000000000000000000000000000000010000000000000000000000000000000101100000000000000000000000000010000100000000000000000000000000
[Central]  RECEIVED 	From 1		Data !	Size 24	  Sequence Number 26	(7160300 us)
[Central]  SENDING 		To 1	ACK 	Size 24	  Sequence Number 26	(7160300 us)
[Local]   RECEIVED 	From 2		ACK 	Size 24	  Sequence Number 25	(7161250 us)

		RTT of packet with SN 25 : 386 ms
		BASE : 26	NEXTSN : 28

[Local]   SENDING 		To 2	Data -	Size 24	  Sequence Number 28	(7351400 us)
LOG 7352350 us Sab1 ORIGINAL Packet: 62
LOG 7352350 us Sab1 000011101001010100110100100010001000000000000000000000000000000010000000000000000000000000000000010000000000000000000000000000001101100000000000000000000000000011010100000000000000000000000000
LOG 7352350 us Sab1 CORRUPTED Packet: 62
LOG 7352350 us Sab1 000011101001010100110100100010001000000000000000000000000000000010000000000000000000000000000000010000000000000000000000000000001101100000000000000000000000000011010100000000000000000000000000
[Central]  RECEIVED 	From 1		Data +	Size 24	  Sequence Number 27	(7352350 us)
[Central]  SENDING 		To 1	ACK 	Size 24	  Sequence Number 27	(7352350 us)
[Local]   RECEIVED 	From 2		ACK 	Size 24	  Sequence Number 26	(7353300 us)

		RTT of packet with SN 26 : 386 ms
		BASE : 27	NEXTSN : 29

[Local]   SENDING 		To 2	Data *	Size 24	  Sequence Number 29	(7543450 us)
LOG 7544400 us Sab1 ORIGINAL Packet: 64
LOG 7544400 us Sab1 000011101001010100110100100010001000000000000000000000000000000010000000000000000000000000000000010000000000000000000000000000000011100000000000000000000000000010110100000000000000000000000000
LOG 7544400 us Sab1 CORRUPTED Packet: 64
LOG 7544400 us Sab1 000011101001010100110100100010001000000000000000000000000000000010000000000000000000000000000000010000000000000000000000000000000011100000000000000000000000000010110100000000000000000000000000
[Central]  RECEIVED 	From 1		Data -	Size 24	  Sequence Number 28	(7544400 us)
[Central]  SENDING 		To 1	ACK 	Size 24	  Sequence Number 28	(7544400 us)
[Local]   RECEIVED 	From 2		ACK 	Size 24	  Sequence Number 27	(7545350 us)

		RTT of packet with SN 27 : 386 ms
		BASE : 28	NEXTSN : 30

[Local]   SENDING 		To 2	Data "	Size 24	  Sequence Number 30	(7735500 us)
LOG 7736450 us Sab1 ORIGINAL Packet: 66
LOG 7736450 us Sab1 000011101001010100110100100010001000000000000000000000000000000010000000000000000000000000000000010000000000000000000000000000001011100000000000000000000000000001010100000000000000000000000000
LOG 7736450 us Sab1 CORRUPTED Packet: 66
LOG 7736450 us Sab1 000011101001010100110100100010001000000000000000000000000000000010000000000000000000000000000000010000000000000000000000000000001011100000000000000000000000000001010100000000000000000000000000
[Central]  RECEIVED 	From 1		Data *	Size 24	  Sequence Number 29	(7736450 us)
[Central]  SENDING 		To 1	ACK 	Size 24	  Sequence Number 29	(7736450 us)
[Local]   RECEIVED 	From 2		ACK 	Size 24	  Sequence Number 28	(7737400 us)

		RTT of packet with SN 28 : 386 ms
		BASE : 29	NEXTSN : 31

LOG 7928500 us Sab1 ORIGINAL Packet: 68
LOG 7928500 us Sab1 000011101001010100110100100010001000000000000000000000000000000010000000000000000000000000000000010000000000000000000000000000000111100000000000000000000000000001000100000000000000000000000000
LOG 7928500 us Sab1 CORRUPTED Packet: 68
LOG 7928500 us Sab1 000011101001010100110100100010001000000000000000000000000000000010000000000000000000000000000000010000000000000000000000000000000111100000000000000000000000000001000100000000000000000000000000
[Central]  RECEIVED 	From 1		Data "	Size 24	  Sequence Number 30	(7928500 us)
[Central]  SENDING 		To 1	ACK 	Size 24	  Sequence Number 30	(7928500 us)
[Local]   RECEIVED 	From 2		ACK 	Size 24	  Sequence Number 29	(7929450 us)

		RTT of packet with SN 29 : 386 ms
		BASE : 30	NEXTSN : 31


Info: /OSCI/SystemC: Simulation stopped by user.
