
Local   <-->  Central with FullDuplex channel

+----------------------------------------------------------------------------------------------+
|TASK     ACTION        FROM    TO      DATA    SIZE      SEQUENCE NUMBER       TIME STAMP     |
+----------------------------------------------------------------------------------------------+
[Local]   SENDING 		To 2	Data "	Size 24	  Sequence Number 1	(50 us)
[Local]   SENDING 		To 2	Data %	Size 24	  Sequence Number 2	(192100 us)
LOG 283050 us Sab1 ORIGINAL Packet: 0
LOG 283050 us Sab1 000011101001101101011111000110111000000000000000000000000000000010000000000000000000000000000000010000000000000000000000000000001000000000000000000000000000000001000100000000000000000000000000
LOG 283050 us Sab1 CORRUPTED Packet: 0
LOG 283050 us Sab1 000011101001101101011111000110111000000000000000000000000000000010000000000000000000000000000000010000000000000000000000000000001000000000000000000000000000000001000100000000000000000000000000
[Central]  RECEIVED 	From 1		Data "	Size 24	  Sequence Number 1	(283050 us)
[Central]  SENDING 		To 1	ACK 	Size 24	  Sequence Number 1	(283050 us)
LOG 475100 us Sab1 ORIGINAL Packet: 1
LOG 475100 us Sab1 000011101001101101011111000110111000000000000000000000000000000010000000000000000000000000000000010000000000000000000000000000000100000000000000000000000000000010100100000000000000000000000000
LOG 475100 us Sab1 CORRUPTED Packet: 1
LOG 475100 us Sab1 000011101001101101011111000110111000000000000000000000000000000010000000000000000000000000000000010000000000000000000000000000000100000000000000000000000000000010100100000000000000000000000000
[Central]  RECEIVED 	From 1		Data %	Size 24	  Sequence Number 2	(475100 us)
[Central]  SENDING 		To 1	ACK 	Size 24	  Sequence Number 2	(475100 us)
[Local]   RECEIVED 	From 2		ACK 	Size 24	  Sequence Number 1	(476050 us)

		RTT of packet with SN 1 : 476050 us
		BASE : 2	NEXTSN : 3


		@@@@ timeout 1@@@@
		nextSNTemp : 5, nextSN : 1

[Local]   RECEIVED 	From 2		ACK 	Size 24	  Sequence Number 2	(668100 us)

		RTT of packet with SN 2 : 476 ms
		BASE : 3	NEXTSN : 3


		@@@@ timeout 3@@@@
		nextSNTemp : 7, nextSN : 3

[Local]   SENDING 		To 2	Data *	Size 24	  Sequence Number 3	(668100 us)
[Local]   SENDING 		To 2	Data &	Size 24	  Sequence Number 4	(860150 us)
LOG 951100 us Sab1 ORIGINAL Packet: 4
LOG 951100 us Sab1 000011101001101101011111000110111000000000000000000000000000000010000000000000000000000000000000010000000000000000000000000000001100000000000000000000000000000001010100000000000000000000000000
LOG 951100 us Sab1 CORRUPTED Packet: 4
LOG 951100 us Sab1 000011101001101101011111000110111000000000000000000000000000000010000000000000000000000000000000010000000000000000000000000000001100000000000000000000000000000001010100000000000000000000000000
[Central]  RECEIVED 	From 1		Data *	Size 24	  Sequence Number 3	(951100 us)
[Central]  SENDING 		To 1	ACK 	Size 24	  Sequence Number 3	(951100 us)
[Local]   SENDING 		To 2	Data "	Size 24	  Sequence Number 5	(1052200 us)
LOG 1143150 us Sab1 ORIGINAL Packet: 5
LOG 1143150 us Sab1 000011101001101101011111000110111000000000000000000000000000000010000000000000000000000000000000010000000000000000000000000000000010000000000000000000000000000001100100000000000000000000000000
LOG 1143150 us Sab1 CORRUPTED Packet: 5
LOG 1143150 us Sab1 000011101001101101011111000110111000000000000000000000000000000010000000000000000000000000000000010000000000000000000000000000000010000000000000000000000000000001100100000000000000000000000000
[Central]  RECEIVED 	From 1		Data &	Size 24	  Sequence Number 4	(1143150 us)
[Central]  SENDING 		To 1	ACK 	Size 24	  Sequence Number 4	(1143150 us)
[Local]   RECEIVED 	From 2		ACK 	Size 24	  Sequence Number 3	(1144100 us)

		RTT of packet with SN 3 : 476 ms
		BASE : 4	NEXTSN : 6

[Local]   SENDING 		To 2	Data $	Size 24	  Sequence Number 6	(1244250 us)
LOG 1335200 us Sab1 ORIGINAL Packet: 7
LOG 1335200 us Sab1 000011101001101101011111000110111000000000000000000000000000000010000000000000000000000000000000010000000000000000000000000000001010000000000000000000000000000001000100000000000000000000000000
LOG 1335200 us Sab1 CORRUPTED Packet: 7
LOG 1335200 us Sab1 000011101001101101011111000110111000000000000000000000000000000010000000000000000000000000000000010000000000000000000000000000001010000000000000000000000000000001000100000000000000000000000000
[Central]  RECEIVED 	From 1		Data "	Size 24	  Sequence Number 5	(1335200 us)
[Central]  SENDING 		To 1	ACK 	Size 24	  Sequence Number 5	(1335200 us)
[Local]   RECEIVED 	From 2		ACK 	Size 24	  Sequence Number 4	(1336150 us)

		RTT of packet with SN 4 : 476 ms
		BASE : 5	NEXTSN : 7

[Local]   SENDING 		To 2	Data "	Size 24	  Sequence Number 7	(1436300 us)
LOG 1527250 us Sab1 ORIGINAL Packet: 9
LOG 1527250 us Sab1 000011101001101101011111000110111000000000000000000000000000000010000000000000000000000000000000010000000000000000000000000000000110000000000000000000000000000000100100000000000000000000000000
LOG 1527250 us Sab1 CORRUPTED Packet: 9
LOG 1527250 us Sab1 000011101001101101011111000110111000000000000000000000000000000010000000000000000000000000000000010000000000000000000000000000000110000000000000000000000000000000100100000000000000000000000000
[Central]  RECEIVED 	From 1		Data $	Size 24	  Sequence Number 6	(1527250 us)
[Central]  SENDING 		To 1	ACK 	Size 24	  Sequence Number 6	(1527250 us)
[Local]   RECEIVED 	From 2		ACK 	Size 24	  Sequence Number 5	(1528200 us)

		RTT of packet with SN 5 : 476 ms
		BASE : 6	NEXTSN : 8

[Local]   SENDING 		To 2	Data $	Size 24	  Sequence Number 8	(1628350 us)
LOG 1719300 us Sab1 ORIGINAL Packet: 11
LOG 1719300 us Sab1 000011101001101101011111000110111000000000000000000000000000000010000000000000000000000000000000010000000000000000000000000000001110000000000000000000000000000001000100000000000000000000000000
LOG 1719300 us Sab1 CORRUPTED Packet: 11
LOG 1719300 us Sab1 000011101001101101011111000110111000000000000000000000000000000010000000000000000000000000000000010000000000000000000000000000001110000000000000000000000000000001000100000000000000000000000000
[Central]  RECEIVED 	From 1		Data "	Size 24	  Sequence Number 7	(1719300 us)
[Central]  SENDING 		To 1	ACK 	Size 24	  Sequence Number 7	(1719300 us)
[Local]   RECEIVED 	From 2		ACK 	Size 24	  Sequence Number 6	(1720250 us)

		RTT of packet with SN 6 : 476 ms
		BASE : 7	NEXTSN : 9

LOG 1911350 us Sab1 ORIGINAL Packet: 13
LOG 1911350 us Sab1 000011101001101101011111000110111000000000000000000000000000000010000000000000000000000000000000010000000000000000000000000000000001000000000000000000000000000000100100000000000000000000000000
LOG 1911350 us Sab1 CORRUPTED Packet: 13
LOG 1911350 us Sab1 000011101001101101011111000110111000000000000000000000000000000010000000000000000000000000000000010000000000000000000000000000000001000000000000000000000000000000100100000000000000000000000000
[Central]  RECEIVED 	From 1		Data $	Size 24	  Sequence Number 8	(1911350 us)
[Central]  SENDING 		To 1	ACK 	Size 24	  Sequence Number 8	(1911350 us)
[Local]   RECEIVED 	From 2		ACK 	Size 24	  Sequence Number 7	(1912300 us)

		RTT of packet with SN 7 : 476 ms
		BASE : 8	NEXTSN : 9


		@@@@ timeout 1@@@@
		nextSNTemp : 5, nextSN : 1

[Local]   RECEIVED 	From 2		ACK 	Size 24	  Sequence Number 8	(2104350 us)

		RTT of packet with SN 8 : 476 ms
		BASE : 9	NEXTSN : 9


		@@@@ timeout 9@@@@
		nextSNTemp : 13, nextSN : 9

[Local]   SENDING 		To 2	Data #	Size 24	  Sequence Number 9	(2104350 us)
[Local]   SENDING 		To 2	Data &	Size 24	  Sequence Number 10	(2296400 us)
LOG 2387350 us Sab1 ORIGINAL Packet: 16
LOG 2387350 us Sab1 000011101001101101011111000110111000000000000000000000000000000010000000000000000000000000000000010000000000000000000000000000001001000000000000000000000000000011000100000000000000000000000000
LOG 2387350 us Sab1 CORRUPTED Packet: 16
LOG 2387350 us Sab1 000011101001101101011111000110111000000000000000000000000000000010000000000000000000000000000000010000000000000000000000000000001001000000000000000000000000000011000100000000000000000000000000
[Central]  RECEIVED 	From 1		Data #	Size 24	  Sequence Number 9	(2387350 us)
[Central]  SENDING 		To 1	ACK 	Size 24	  Sequence Number 9	(2387350 us)
[Local]   SENDING 		To 2	Data ,	Size 24	  Sequence Number 11	(2488450 us)
LOG 2579400 us Sab1 ORIGINAL Packet: 17
LOG 2579400 us Sab1 000011101001101101011111000110111000000000000000000000000000000010000000000000000000000000000000010000000000000000000000000000000101000000000000000000000000000001100100000000000000000000000000
LOG 2579400 us Sab1 CORRUPTED Packet: 17
LOG 2579400 us Sab1 000011101001101101011111000110111000000000000000000000000000000010000000000000000000000000000000010000000000000000000000000000000101000000000000000000000000000001100100000000000000000000000000
[Central]  RECEIVED 	From 1		Data &	Size 24	  Sequence Number 10	(2579400 us)
[Central]  SENDING 		To 1	ACK 	Size 24	  Sequence Number 10	(2579400 us)
[Local]   RECEIVED 	From 2		ACK 	Size 24	  Sequence Number 9	(2580350 us)

		RTT of packet with SN 9 : 476 ms
		BASE : 10	NEXTSN : 12

[Local]   SENDING 		To 2	Data .	Size 24	  Sequence Number 12	(2680500 us)
LOG 2771450 us Sab1 ORIGINAL Packet: 19
LOG 2771450 us Sab1 000011101001101101011111000110111000000000000000000000000000000010000000000000000000000000000000010000000000000000000000000000001101000000000000000000000000000000110100000000000000000000000000
LOG 2771450 us Sab1 CORRUPTED Packet: 19
LOG 2771450 us Sab1 000011101001101101011111000110111000000000000000000000000000000010000000000000000000000000000000010000000000000000000000000000001101000000000000000000000000000000110100000000000000000000000000
[Central]  RECEIVED 	From 1		Data ,	Size 24	  Sequence Number 11	(2771450 us)
[Central]  SENDING 		To 1	ACK 	Size 24	  Sequence Number 11	(2771450 us)
[Local]   RECEIVED 	From 2		ACK 	Size 24	  Sequence Number 10	(2772400 us)

		RTT of packet with SN 10 : 476 ms
		BASE : 11	NEXTSN : 13

[Local]   SENDING 		To 2	Data !	Size 24	  Sequence Number 13	(2872550 us)
LOG 2963500 us Sab1 ORIGINAL Packet: 21
LOG 2963500 us Sab1 000011101001101101011111000110111000000000000000000000000000000010000000000000000000000000000000010000000000000000000000000000000011000000000000000000000000000001110100000000000000000000000000
LOG 2963500 us Sab1 CORRUPTED Packet: 21
LOG 2963500 us Sab1 000011101001101101011111000110111000000000000000000000000000000010000000000000000000000000000000010000000000000000000000000000000011000000000000000000000000000001110100000000000000000000000000
[Central]  RECEIVED 	From 1		Data .	Size 24	  Sequence Number 12	(2963500 us)
[Central]  SENDING 		To 1	ACK 	Size 24	  Sequence Number 12	(2963500 us)
[Local]   RECEIVED 	From 2		ACK 	Size 24	  Sequence Number 11	(2964450 us)

		RTT of packet with SN 11 : 476 ms
		BASE : 12	NEXTSN : 14

[Local]   SENDING 		To 2	Data +	Size 24	  Sequence Number 14	(3064600 us)
LOG 3155550 us Sab1 ORIGINAL Packet: 23
LOG 3155550 us Sab1 000011101001101101011111000110111000000000000000000000000000000010000000000000000000000000000000010000000000000000000000000000001011000000000000000000000000000010000100000000000000000000000000
LOG 3155550 us Sab1 CORRUPTED Packet: 23
LOG 3155550 us Sab1 000011101001101101011111000110111000000000000000000000000000000010000000000000000000000000000000010000000000000000000000000000001011000000000000000000000000000010000100000000000000000000000000
[Central]  RECEIVED 	From 1		Data !	Size 24	  Sequence Number 13	(3155550 us)
[Central]  SENDING 		To 1	ACK 	Size 24	  Sequence Number 13	(3155550 us)
[Local]   RECEIVED 	From 2		ACK 	Size 24	  Sequence Number 12	(3156500 us)

		RTT of packet with SN 12 : 476 ms
		BASE : 13	NEXTSN : 15

LOG 3347600 us Sab1 ORIGINAL Packet: 25
LOG 3347600 us Sab1 000011101001101101011111000110111000000000000000000000000000000010000000000000000000000000000000010000000000000000000000000000000111000000000000000000000000000011010100000000000000000000000000
LOG 3347600 us Sab1 CORRUPTED Packet: 25
LOG 3347600 us Sab1 000011101001101101011111000110111000000000000000000000000000000010000000000000000000000000000000010000000000000000000000000000000111000000000000000000000000000011010100000000000000000000000000
[Central]  RECEIVED 	From 1		Data +	Size 24	  Sequence Number 14	(3347600 us)
[Central]  SENDING 		To 1	ACK 	Size 24	  Sequence Number 14	(3347600 us)
[Local]   RECEIVED 	From 2		ACK 	Size 24	  Sequence Number 13	(3348550 us)

		RTT of packet with SN 13 : 476 ms
		BASE : 14	NEXTSN : 15


		@@@@ timeout 1@@@@
		nextSNTemp : 5, nextSN : 1

[Local]   RECEIVED 	From 2		ACK 	Size 24	  Sequence Number 14	(3540600 us)

		RTT of packet with SN 14 : 476 ms
		BASE : 15	NEXTSN : 15


		@@@@ timeout 15@@@@
		nextSNTemp : 19, nextSN : 15

[Local]   SENDING 		To 2	Data )	Size 24	  Sequence Number 15	(3540600 us)
[Local]   SENDING 		To 2	Data #	Size 24	  Sequence Number 16	(3732650 us)
LOG 3823600 us Sab1 ORIGINAL Packet: 28
LOG 3823600 us Sab1 000011101001101101011111000110111000000000000000000000000000000010000000000000000000000000000000010000000000000000000000000000001111000000000000000000000000000010010100000000000000000000000000
LOG 3823600 us Sab1 CORRUPTED Packet: 28
LOG 3823600 us Sab1 000011101001101101011111000110111000000000000000000000000000000010000000000000000000000000000000010000000000000000000000000000001111000000000000000000000000000010010100000000000000000000000000
[Central]  RECEIVED 	From 1		Data )	Size 24	  Sequence Number 15	(3823600 us)
[Central]  SENDING 		To 1	ACK 	Size 24	  Sequence Number 15	(3823600 us)
[Local]   SENDING 		To 2	Data #	Size 24	  Sequence Number 17	(3924700 us)
LOG 4015650 us Sab1 ORIGINAL Packet: 29
LOG 4015650 us Sab1 000011101001101101011111000110111000000000000000000000000000000010000000000000000000000000000000010000000000000000000000000000000000100000000000000000000000000011000100000000000000000000000000
LOG 4015650 us Sab1 CORRUPTED Packet: 29
LOG 4015650 us Sab1 000011101001101101011111000110111000000000000000000000000000000010000000000000000000000000000000010000000000000000000000000000000000100000000000000000000000000011000100000000000000000000000000
[Central]  RECEIVED 	From 1		Data #	Size 24	  Sequence Number 16	(4015650 us)
[Central]  SENDING 		To 1	ACK 	Size 24	  Sequence Number 16	(4015650 us)
[Local]   RECEIVED 	From 2		ACK 	Size 24	  Sequence Number 15	(4016600 us)

		RTT of packet with SN 15 : 476 ms
		BASE : 16	NEXTSN : 18

[Local]   SENDING 		To 2	Data $	Size 24	  Sequence Number 18	(4116750 us)
LOG 4207700 us Sab1 ORIGINAL Packet: 31
LOG 4207700 us Sab1 000011101001101101011111000110111000000000000000000000000000000010000000000000000000000000000000010000000000000000000000000000001000100000000000000000000000000011000100000000000000000000000000
LOG 4207700 us Sab1 CORRUPTED Packet: 31
LOG 4207700 us Sab1 000011101001101101011111000110111000000000000000000000000000000010000000000000000000000000000000010000000000000000000000000000001000100000000000000000000000000011000100000000000000000000000000
[Central]  RECEIVED 	From 1		Data #	Size 24	  Sequence Number 17	(4207700 us)
[Central]  SENDING 		To 1	ACK 	Size 24	  Sequence Number 17	(4207700 us)
[Local]   RECEIVED 	From 2		ACK 	Size 24	  Sequence Number 16	(4208650 us)

		RTT of packet with SN 16 : 476 ms
		BASE : 17	NEXTSN : 19

[Local]   SENDING 		To 2	Data !	Size 24	  Sequence Number 19	(4308800 us)
LOG 4399750 us Sab1 ORIGINAL Packet: 33
LOG 4399750 us Sab1 000011101001101101011111000110111000000000000000000000000000000010000000000000000000000000000000010000000000000000000000000000000100100000000000000000000000000000100100000000000000000000000000
LOG 4399750 us Sab1 CORRUPTED Packet: 33
LOG 4399750 us Sab1 000011101001101101011111000110111000000000000000000000000000000010000000000000000000000000000000010000000000000000000000000000000100100000000000000000000000000000100100000000000000000000000000
[Central]  RECEIVED 	From 1		Data $	Size 24	  Sequence Number 18	(4399750 us)
[Central]  SENDING 		To 1	ACK 	Size 24	  Sequence Number 18	(4399750 us)
[Local]   RECEIVED 	From 2		ACK 	Size 24	  Sequence Number 17	(4400700 us)

		RTT of packet with SN 17 : 476 ms
		BASE : 18	NEXTSN : 20

[Local]   SENDING 		To 2	Data &	Size 24	  Sequence Number 20	(4500850 us)
LOG 4591800 us Sab1 ORIGINAL Packet: 35
LOG 4591800 us Sab1 000011101001101101011111000110111000000000000000000000000000000010000000000000000000000000000000010000000000000000000000000000001100100000000000000000000000000010000100000000000000000000000000
LOG 4591800 us Sab1 CORRUPTED Packet: 35
LOG 4591800 us Sab1 000011101001101101011111000110111000000000000000000000000000000010000000000000000000000000000000010000000000000000000000000000001100100000000000000000000000000010000100000000000000000000000000
[Central]  RECEIVED 	From 1		Data !	Size 24	  Sequence Number 19	(4591800 us)
[Central]  SENDING 		To 1	ACK 	Size 24	  Sequence Number 19	(4591800 us)
[Local]   RECEIVED 	From 2		ACK 	Size 24	  Sequence Number 18	(4592750 us)

		RTT of packet with SN 18 : 476 ms
		BASE : 19	NEXTSN : 21

LOG 4783850 us Sab1 ORIGINAL Packet: 37
LOG 4783850 us Sab1 000011101001101101011111000110111000000000000000000000000000000010000000000000000000000000000000010000000000000000000000000000000010100000000000000000000000000001100100000000000000000000000000
LOG 4783850 us Sab1 CORRUPTED Packet: 37
LOG 4783850 us Sab1 000011101001101101011111000110111000000000000000000000000000000010000000000000000000000000000000010000000000000000000000000000000010100000000000000000000000000001100100000000000000000000000000
[Central]  RECEIVED 	From 1		Data &	Size 24	  Sequence Number 20	(4783850 us)
[Central]  SENDING 		To 1	ACK 	Size 24	  Sequence Number 20	(4783850 us)
[Local]   RECEIVED 	From 2		ACK 	Size 24	  Sequence Number 19	(4784800 us)

		RTT of packet with SN 19 : 476 ms
		BASE : 20	NEXTSN : 21


		@@@@ timeout 1@@@@
		nextSNTemp : 5, nextSN : 1

[Local]   RECEIVED 	From 2		ACK 	Size 24	  Sequence Number 20	(4976850 us)

		RTT of packet with SN 20 : 476 ms
		BASE : 21	NEXTSN : 21


		@@@@ timeout 21@@@@
		nextSNTemp : 25, nextSN : 21

[Local]   SENDING 		To 2	Data #	Size 24	  Sequence Number 21	(4976850 us)
[Local]   SENDING 		To 2	Data -	Size 24	  Sequence Number 22	(5168900 us)
LOG 5259850 us Sab1 ORIGINAL Packet: 40
LOG 5259850 us Sab1 000011101001101101011111000110111000000000000000000000000000000010000000000000000000000000000000010000000000000000000000000000001010100000000000000000000000000011000100000000000000000000000000
LOG 5259850 us Sab1 CORRUPTED Packet: 40
LOG 5259850 us Sab1 000011101001101101011111000110111000000000000000000000000000000010000000000000000000000000000000010000000000000000000000000000001010100000000000000000000000000011000100000000000000000000000000
[Central]  RECEIVED 	From 1		Data #	Size 24	  Sequence Number 21	(5259850 us)
[Central]  SENDING 		To 1	ACK 	Size 24	  Sequence Number 21	(5259850 us)
[Local]   SENDING 		To 2	Data -	Size 24	  Sequence Number 23	(5360950 us)
LOG 5451900 us Sab1 ORIGINAL Packet: 41
LOG 5451900 us Sab1 000011101001101101011111000110111000000000000000000000000000000010000000000000000000000000000000010000000000000000000000000000000110100000000000000000000000000010110100000000000000000000000000
LOG 5451900 us Sab1 CORRUPTED Packet: 41
LOG 5451900 us Sab1 000011101001101101011111000110111000000000000000000000000000000010000000000000000000000000000000010000000000000000000000000000000110100000000000000000000000000010110100000000000000000000000000
[Central]  RECEIVED 	From 1		Data -	Size 24	  Sequence Number 22	(5451900 us)
[Central]  SENDING 		To 1	ACK 	Size 24	  Sequence Number 22	(5451900 us)
[Local]   RECEIVED 	From 2		ACK 	Size 24	  Sequence Number 21	(5452850 us)

		RTT of packet with SN 21 : 476 ms
		BASE : 22	NEXTSN : 24

[Local]   SENDING 		To 2	Data "	Size 24	  Sequence Number 24	(5553 ms)
LOG 5643950 us Sab1 ORIGINAL Packet: 43
LOG 5643950 us Sab1 000011101001101101011111000110111000000000000000000000000000000010000000000000000000000000000000010000000000000000000000000000001110100000000000000000000000000010110100000000000000000000000000
LOG 5643950 us Sab1 CORRUPTED Packet: 43
LOG 5643950 us Sab1 000011101001101101011111000110111000000000000000000000000000000010000000000000000000000000000000010000000000000000000000000000001110100000000000000000000000000010110100000000000000000000000000
[Central]  RECEIVED 	From 1		Data -	Size 24	  Sequence Number 23	(5643950 us)
[Central]  SENDING 		To 1	ACK 	Size 24	  Sequence Number 23	(5643950 us)
[Local]   RECEIVED 	From 2		ACK 	Size 24	  Sequence Number 22	(5644900 us)

		RTT of packet with SN 22 : 476 ms
		BASE : 23	NEXTSN : 25

[Local]   SENDING 		To 2	Data &	Size 24	  Sequence Number 25	(5745050 us)
LOG 5836 ms Sab1 ORIGINAL Packet: 45
LOG 5836 ms Sab1 000011101001101101011111000110111000000000000000000000000000000010000000000000000000000000000000010000000000000000000000000000000001100000000000000000000000000001000100000000000000000000000000
LOG 5836 ms Sab1 CORRUPTED Packet: 45
LOG 5836 ms Sab1 000011101001101101011111000110111000000000000000000000000000000010000000000000000000000000000000010000000000000000000000000000000001100000000000000000000000000001000100000000000000000000000000
[Central]  RECEIVED 	From 1		Data "	Size 24	  Sequence Number 24	(5836 ms)
[Central]  SENDING 		To 1	ACK 	Size 24	  Sequence Number 24	(5836 ms)
[Local]   RECEIVED 	From 2		ACK 	Size 24	  Sequence Number 23	(5836950 us)

		RTT of packet with SN 23 : 476 ms
		BASE : 24	NEXTSN : 26

[Local]   SENDING 		To 2	Data &	Size 24	  Sequence Number 26	(5937100 us)
LOG 6028050 us Sab1 ORIGINAL Packet: 47
LOG 6028050 us Sab1 000011101001101101011111000110111000000000000000000000000000000010000000000000000000000000000000010000000000000000000000000000001001100000000000000000000000000001100100000000000000000000000000
LOG 6028050 us Sab1 CORRUPTED Packet: 47
LOG 6028050 us Sab1 000011101001101101011111000110111000000000000000000000000000000010000000000000000000000000000000010000000000000000000000000000001001100000000000000000000000000001100100000000000000000000000000
[Central]  RECEIVED 	From 1		Data &	Size 24	  Sequence Number 25	(6028050 us)
[Central]  SENDING 		To 1	ACK 	Size 24	  Sequence Number 25	(6028050 us)
[Local]   RECEIVED 	From 2		ACK 	Size 24	  Sequence Number 24	(6029 ms)

		RTT of packet with SN 24 : 476 ms
		BASE : 25	NEXTSN : 27

LOG 6220100 us Sab1 ORIGINAL Packet: 49
LOG 6220100 us Sab1 000011101001101101011111000110111000000000000000000000000000000010000000000000000000000000000000010000000000000000000000000000000101100000000000000000000000000001100100000000000000000000000000
LOG 6220100 us Sab1 CORRUPTED Packet: 49
LOG 6220100 us Sab1 000011101001101101011111000110111000000000000000000000000000000010000000000000000000000000000000010000000000000000000000000000000101100000000000000000000000000001100100000000000000000000000000
[Central]  RECEIVED 	From 1		Data &	Size 24	  Sequence Number 26	(6220100 us)
[Central]  SENDING 		To 1	ACK 	Size 24	  Sequence Number 26	(6220100 us)
[Local]   RECEIVED 	From 2		ACK 	Size 24	  Sequence Number 25	(6221050 us)

		RTT of packet with SN 25 : 476 ms
		BASE : 26	NEXTSN : 27


		@@@@ timeout 1@@@@
		nextSNTemp : 5, nextSN : 1

[Local]   RECEIVED 	From 2		ACK 	Size 24	  Sequence Number 26	(6413100 us)

		RTT of packet with SN 26 : 476 ms
		BASE : 27	NEXTSN : 27


		@@@@ timeout 27@@@@
		nextSNTemp : 31, nextSN : 27

[Local]   SENDING 		To 2	Data !	Size 24	  Sequence Number 27	(6413100 us)
[Local]   SENDING 		To 2	Data -	Size 24	  Sequence Number 28	(6605150 us)
LOG 6696100 us Sab1 ORIGINAL Packet: 52
LOG 6696100 us Sab1 000011101001101101011111000110111000000000000000000000000000000010000000000000000000000000000000010000000000000000000000000000001101100000000000000000000000000010000100000000000000000000000000
LOG 6696100 us Sab1 CORRUPTED Packet: 52
LOG 6696100 us Sab1 000011101001101101011111000110111000000000000000000000000000000010000000000000000000000000000000010000000000000000000000000000001101100000000000000000000000000010000100000000000000000000000000
[Central]  RECEIVED 	From 1		Data !	Size 24	  Sequence Number 27	(6696100 us)
[Central]  SENDING 		To 1	ACK 	Size 24	  Sequence Number 27	(6696100 us)
[Local]   SENDING 		To 2	Data $	Size 24	  Sequence Number 29	(6797200 us)
LOG 6888150 us Sab1 ORIGINAL Packet: 53
LOG 6888150 us Sab1 000011101001101101011111000110111000000000000000000000000000000010000000000000000000000000000000010000000000000000000000000000000011100000000000000000000000000010110100000000000000000000000000
LOG 6888150 us Sab1 CORRUPTED Packet: 53
LOG 6888150 us Sab1 000011101001101101011111000110111000000000000000000000000000000010000000000000000000000000000000010000000000000000000000000000000011100000000000000000000000000010110100000000000000000000000000
[Central]  RECEIVED 	From 1		Data -	Size 24	  Sequence Number 28	(6888150 us)
[Central]  SENDING 		To 1	ACK 	Size 24	  Sequence Number 28	(6888150 us)
[Local]   RECEIVED 	From 2		ACK 	Size 24	  Sequence Number 27	(6889100 us)

		RTT of packet with SN 27 : 476 ms
		BASE : 28	NEXTSN : 30

[Local]   SENDING 		To 2	Data *	Size 24	  Sequence Number 30	(6989250 us)
LOG 7080200 us Sab1 ORIGINAL Packet: 55
LOG 7080200 us Sab1 000011101001101101011111000110111000000000000000000000000000000010000000000000000000000000000000010000000000000000000000000000001011100000000000000000000000000000100100000000000000000000000000
LOG 7080200 us Sab1 CORRUPTED Packet: 55
LOG 7080200 us Sab1 000011101001101101011111000110111000000000000000000000000000000010000000000000000000000000000000010000000000000000000000000000001011100000000000000000000000000000100100000000000000000000000000
[Central]  RECEIVED 	From 1		Data $	Size 24	  Sequence Number 29	(7080200 us)
[Central]  SENDING 		To 1	ACK 	Size 24	  Sequence Number 29	(7080200 us)
[Local]   RECEIVED 	From 2		ACK 	Size 24	  Sequence Number 28	(7081150 us)

		RTT of packet with SN 28 : 476 ms
		BASE : 29	NEXTSN : 31

[Local]   SENDING 		To 2	Data "	Size 24	  Sequence Number 31	(7181300 us)
LOG 7272250 us Sab1 ORIGINAL Packet: 57
LOG 7272250 us Sab1 000011101001101101011111000110111000000000000000000000000000000010000000000000000000000000000000010000000000000000000000000000000111100000000000000000000000000001010100000000000000000000000000
LOG 7272250 us Sab1 CORRUPTED Packet: 57
LOG 7272250 us Sab1 000011101001101101011111000110111000000000000000000000000000000010000000000000000000000000000000010000000000000000000000000000000111100000000000000000000000000001010100000000000000000000000000
[Central]  RECEIVED 	From 1		Data *	Size 24	  Sequence Number 30	(7272250 us)
[Central]  SENDING 		To 1	ACK 	Size 24	  Sequence Number 30	(7272250 us)
[Local]   RECEIVED 	From 2		ACK 	Size 24	  Sequence Number 29	(7273200 us)

		RTT of packet with SN 29 : 476 ms
		BASE : 30	NEXTSN : 32

[Local]   SENDING 		To 2	Data *	Size 24	  Sequence Number 32	(7373350 us)
LOG 7464300 us Sab1 ORIGINAL Packet: 59
LOG 7464300 us Sab1 000011101001101101011111000110111000000000000000000000000000000010000000000000000000000000000000010000000000000000000000000000001111100000000000000000000000000001000100000000000000000000000000
LOG 7464300 us Sab1 CORRUPTED Packet: 59
LOG 7464300 us Sab1 000011101001101101011111000110111000000000000000000000000000000010000000000000000000000000000000010000000000000000000000000000001111100000000000000000000000000001000100000000000000000000000000
[Central]  RECEIVED 	From 1		Data "	Size 24	  Sequence Number 31	(7464300 us)
[Central]  SENDING 		To 1	ACK 	Size 24	  Sequence Number 31	(7464300 us)
[Local]   RECEIVED 	From 2		ACK 	Size 24	  Sequence Number 30	(7465250 us)

		RTT of packet with SN 30 : 476 ms
		BASE : 31	NEXTSN : 33

LOG 7656350 us Sab1 ORIGINAL Packet: 61
LOG 7656350 us Sab1 000011101001101101011111000110111000000000000000000000000000000010000000000000000000000000000000010000000000000000000000000000000000010000000000000000000000000001010100000000000000000000000000
LOG 7656350 us Sab1 CORRUPTED Packet: 61
LOG 7656350 us Sab1 000011101001101101011111000110111000000000000000000000000000000010000000000000000000000000000000010000000000000000000000000000000000010000000000000000000000000001010100000000000000000000000000
[Central]  RECEIVED 	From 1		Data *	Size 24	  Sequence Number 32	(7656350 us)
[Central]  SENDING 		To 1	ACK 	Size 24	  Sequence Number 32	(7656350 us)
[Local]   RECEIVED 	From 2		ACK 	Size 24	  Sequence Number 31	(7657300 us)

		RTT of packet with SN 31 : 476 ms
		BASE : 32	NEXTSN : 33


		@@@@ timeout 1@@@@
		nextSNTemp : 5, nextSN : 1

[Local]   RECEIVED 	From 2		ACK 	Size 24	  Sequence Number 32	(7849350 us)

		RTT of packet with SN 32 : 476 ms
		BASE : 33	NEXTSN : 33


		@@@@ timeout 33@@@@
		nextSNTemp : 37, nextSN : 33

[Local]   SENDING 		To 2	Data #	Size 24	  Sequence Number 33	(7849350 us)

Info: /OSCI/SystemC: Simulation stopped by user.
