
Local   <-->  Central with FullDuplex channel

+----------------------------------------------------------------------------------------------+
|TASK     ACTION        FROM    TO      DATA    SIZE      SEQUENCE NUMBER       TIME STAMP     |
+----------------------------------------------------------------------------------------------+
[Local]   SENDING 		To 2	Data "	Size 24	  Sequence Number 1	(50 us)
[Local]   SENDING 		To 2	Data %	Size 24	  Sequence Number 2	(242100 us)
LOG 243050 us Sab1 ORIGINAL Packet: 0
LOG 243050 us Sab1 000011101001010001001110101100011000000000000000000000000000000010000000000000000000000000000000010000000000000000000000000000001000000000000000000000000000000001000100000000000000000000000000
LOG 243050 us Sab1 CORRUPTED Packet: 0
LOG 243050 us Sab1 000011101001010001001110101100011000000000000000000000000000000010000000000000000000000000000000010000000000000000000000000000001000000000000000000000000000000001000100000000000000000000000000
[Central]  RECEIVED 	From 1		Data "	Size 24	  Sequence Number 1	(243050 us)
[Central]  SENDING 		To 1	ACK 	Size 24	  Sequence Number 1	(243050 us)
LOG 485100 us Sab1 ORIGINAL Packet: 1
LOG 485100 us Sab1 000011101001010001001110101100011000000000000000000000000000000010000000000000000000000000000000010000000000000000000000000000000100000000000000000000000000000010100100000000000000000000000000
LOG 485100 us Sab1 CORRUPTED Packet: 1
LOG 485100 us Sab1 000011101001010001001110101100011000000000000000000000000000000010000000000000000000000000000000010000000000000000000000000000000100000000000000000000000000000010100100000000000000000000000000
[Central]  RECEIVED 	From 1		Data %	Size 24	  Sequence Number 2	(485100 us)
[Central]  SENDING 		To 1	ACK 	Size 24	  Sequence Number 2	(485100 us)
LOG 486050 us Sab2 ORIGINAL Packet: 2
LOG 486050 us Sab2 100001101110010001001110101100010100000000000000000000000000000001000000000000000000000000000000100000000000000000000000000000001000000000000000000000000000000000000000000000000000000000000000
LOG 486050 us Sab2 CORRUPTED Packet: 2
LOG 486050 us Sab2 100001101110010001001110101100010100000000000000000000000000000001000000000000000000000000000000100000000000000000000000000000001000000000000000000000000000000000000000000000000000000000000000
[Local]   RECEIVED 	From 2		ACK 	Size 24	  Sequence Number 1	(486050 us)

		RTT of packet with SN 1 : 486050 us
		BASE : 2	NEXTSN : 3


		@@@@ timeout 1@@@@
		nextSNTemp : 5, nextSN : 1

LOG 728100 us Sab2 ORIGINAL Packet: 3
LOG 728100 us Sab2 100001101110010001001110101100010100000000000000000000000000000001000000000000000000000000000000100000000000000000000000000000000100000000000000000000000000000000000000000000000000000000000000
LOG 728100 us Sab2 CORRUPTED Packet: 3
LOG 728100 us Sab2 100001101110010001001110101100010100000000000000000000000000000001000000000000000000000000000000100000000000000000000000000000000100000000000000000000000000000000000000000000000000000000000000
[Local]   RECEIVED 	From 2		ACK 	Size 24	  Sequence Number 2	(728100 us)

		RTT of packet with SN 2 : 486 ms
		BASE : 3	NEXTSN : 3


		@@@@ timeout 3@@@@
		nextSNTemp : 7, nextSN : 3

[Local]   SENDING 		To 2	Data *	Size 24	  Sequence Number 3	(728100 us)
[Local]   SENDING 		To 2	Data &	Size 24	  Sequence Number 4	(970150 us)
LOG 971100 us Sab1 ORIGINAL Packet: 4
LOG 971100 us Sab1 000011101001010001001110101100011000000000000000000000000000000010000000000000000000000000000000010000000000000000000000000000001100000000000000000000000000000001010100000000000000000000000000
LOG 971100 us Sab1 CORRUPTED Packet: 4
LOG 971100 us Sab1 000011101001010001001110101100011000000000000000000000000000000010000000000000000000000000000000010000000000000000000000000000001100000000000000000000000000000001010100000000000000000000000000
[Central]  RECEIVED 	From 1		Data *	Size 24	  Sequence Number 3	(971100 us)
[Central]  SENDING 		To 1	ACK 	Size 24	  Sequence Number 3	(971100 us)
[Local]   SENDING 		To 2	Data "	Size 24	  Sequence Number 5	(1212200 us)
LOG 1213150 us Sab1 ORIGINAL Packet: 5
LOG 1213150 us Sab1 000011101001010001001110101100011000000000000000000000000000000010000000000000000000000000000000010000000000000000000000000000000010000000000000000000000000000001100100000000000000000000000000
LOG 1213150 us Sab1 CORRUPTED Packet: 5
LOG 1213150 us Sab1 000011101001010001001110101100011000000000000000000000000000000010000000000000000000000000000000010000000000000000000000000000000010000000000000000000000000000001100100000000000000000000000000
[Central]  RECEIVED 	From 1		Data &	Size 24	  Sequence Number 4	(1213150 us)
[Central]  SENDING 		To 1	ACK 	Size 24	  Sequence Number 4	(1213150 us)
LOG 1214100 us Sab2 ORIGINAL Packet: 6
LOG 1214100 us Sab2 100001101110010001001110101100010100000000000000000000000000000001000000000000000000000000000000100000000000000000000000000000001100000000000000000000000000000000000000000000000000000000000000
LOG 1214100 us Sab2 CORRUPTED Packet: 6
LOG 1214100 us Sab2 100001101110010001001110101100010100000000000000000000000000000001000000000000000000000000000000100000000000000000000000000000001100000000000000000000000000000000000000000000000000000000000000
[Local]   RECEIVED 	From 2		ACK 	Size 24	  Sequence Number 3	(1214100 us)

		RTT of packet with SN 3 : 486 ms
		BASE : 4	NEXTSN : 6

[Local]   SENDING 		To 2	Data #	Size 24	  Sequence Number 6	(1454250 us)
LOG 1455200 us Sab1 ORIGINAL Packet: 7
LOG 1455200 us Sab1 000011101001010001001110101100011000000000000000000000000000000010000000000000000000000000000000010000000000000000000000000000001010000000000000000000000000000001000100000000000000000000000000
LOG 1455200 us Sab1 CORRUPTED Packet: 7
LOG 1455200 us Sab1 000011101001010001001110101100011000000000000000000000000000000010000000000000000000000000000000010000000000000000000000000000001010000000000000000000000000000001000100000000000000000000000000
[Central]  RECEIVED 	From 1		Data "	Size 24	  Sequence Number 5	(1455200 us)
[Central]  SENDING 		To 1	ACK 	Size 24	  Sequence Number 5	(1455200 us)
LOG 1456150 us Sab2 ORIGINAL Packet: 8
LOG 1456150 us Sab2 100001101110010001001110101100010100000000000000000000000000000001000000000000000000000000000000100000000000000000000000000000000010000000000000000000000000000000000000000000000000000000000000
LOG 1456150 us Sab2 CORRUPTED Packet: 8
LOG 1456150 us Sab2 100001101110010001001110101100010100000000000000000000000000000001000000000000000000000000000000100000000000000000000000000000000010000000000000000000000000000000000000000000000000000000000000
[Local]   RECEIVED 	From 2		ACK 	Size 24	  Sequence Number 4	(1456150 us)

		RTT of packet with SN 4 : 486 ms
		BASE : 5	NEXTSN : 7

[Local]   SENDING 		To 2	Data "	Size 24	  Sequence Number 7	(1696300 us)
LOG 1697250 us Sab1 ORIGINAL Packet: 9
LOG 1697250 us Sab1 000011101001010001001110101100011000000000000000000000000000000010000000000000000000000000000000010000000000000000000000000000000110000000000000000000000000000011000100000000000000000000000000
LOG 1697250 us Sab1 CORRUPTED Packet: 9
LOG 1697250 us Sab1 000011101001010001001110101100011000000000000000000000000000000010000000000000000000000000000000010000000000000000000000000000000110000000000000000000000000000011000100000000000000000000000000
[Central]  RECEIVED 	From 1		Data #	Size 24	  Sequence Number 6	(1697250 us)
[Central]  SENDING 		To 1	ACK 	Size 24	  Sequence Number 6	(1697250 us)
LOG 1698200 us Sab2 ORIGINAL Packet: 10
LOG 1698200 us Sab2 100001101110010001001110101100010100000000000000000000000000000001000000000000000000000000000000100000000000000000000000000000001010000000000000000000000000000000000000000000000000000000000000
LOG 1698200 us Sab2 CORRUPTED Packet: 10
LOG 1698200 us Sab2 100001101110010001001110101100010100000000000000000000000000000001000000000000000000000000000000100000000000000000000000000000001010000000000000000000000000000000000000000000000000000000000000
[Local]   RECEIVED 	From 2		ACK 	Size 24	  Sequence Number 5	(1698200 us)

		RTT of packet with SN 5 : 486 ms
		BASE : 6	NEXTSN : 8

[Local]   SENDING 		To 2	Data $	Size 24	  Sequence Number 8	(1938350 us)
LOG 1939300 us Sab1 ORIGINAL Packet: 11
LOG 1939300 us Sab1 000011101001010001001110101100011000000000000000000000000000000010000000000000000000000000000000010000000000000000000000000000001110000000000000000000000000000001000100000000000000000000000000
LOG 1939300 us Sab1 CORRUPTED Packet: 11
LOG 1939300 us Sab1 000011101001010001001110101100011000000000000000000000000000000010000000000000000000000000000000010000000000000000000000000000001110000000000000000000000000000001000100000000000000000000000000
[Central]  RECEIVED 	From 1		Data "	Size 24	  Sequence Number 7	(1939300 us)
[Central]  SENDING 		To 1	ACK 	Size 24	  Sequence Number 7	(1939300 us)
LOG 1940250 us Sab2 ORIGINAL Packet: 12
LOG 1940250 us Sab2 100001101110010001001110101100010100000000000000000000000000000001000000000000000000000000000000100000000000000000000000000000000110000000000000000000000000000000000000000000000000000000000000
LOG 1940250 us Sab2 CORRUPTED Packet: 12
LOG 1940250 us Sab2 100001101110010001001110101100010100000000000000000000000000000001000000000000000000000000000000100000000000000000000000000000000110000000000000000000000000000000000000000000000000000000000000
[Local]   RECEIVED 	From 2		ACK 	Size 24	  Sequence Number 6	(1940250 us)

		RTT of packet with SN 6 : 486 ms
		BASE : 7	NEXTSN : 9

LOG 2181350 us Sab1 ORIGINAL Packet: 13
LOG 2181350 us Sab1 000011101001010001001110101100011000000000000000000000000000000010000000000000000000000000000000010000000000000000000000000000000001000000000000000000000000000000100100000000000000000000000000
LOG 2181350 us Sab1 CORRUPTED Packet: 13
LOG 2181350 us Sab1 000011101001010001001110101100011000000000000000000000000000000010000000000000000000000000000000010000000000000000000000000000000001000000000000000000000000000000100100000000000000000000000000
[Central]  RECEIVED 	From 1		Data $	Size 24	  Sequence Number 8	(2181350 us)
[Central]  SENDING 		To 1	ACK 	Size 24	  Sequence Number 8	(2181350 us)
LOG 2182300 us Sab2 ORIGINAL Packet: 14
LOG 2182300 us Sab2 100001101110010001001110101100010100000000000000000000000000000001000000000000000000000000000000100000000000000000000000000000001110000000000000000000000000000000000000000000000000000000000000
LOG 2182300 us Sab2 CORRUPTED Packet: 14
LOG 2182300 us Sab2 100001101110010001001110101100010100000000000000000000000000000001000000000000000000000000000000100000000000000000000000000000001110000000000000000000000000000000000000000000000000000000000000
[Local]   RECEIVED 	From 2		ACK 	Size 24	  Sequence Number 7	(2182300 us)

		RTT of packet with SN 7 : 486 ms
		BASE : 8	NEXTSN : 9


		@@@@ timeout 1@@@@
		nextSNTemp : 5, nextSN : 1

LOG 2424350 us Sab2 ORIGINAL Packet: 15
LOG 2424350 us Sab2 100001101110010001001110101100010100000000000000000000000000000001000000000000000000000000000000100000000000000000000000000000000001000000000000000000000000000000000000000000000000000000000000
LOG 2424350 us Sab2 CORRUPTED Packet: 15
LOG 2424350 us Sab2 100001101110010001001110101100010100000000000000000000000000000001000000000000000000000000000000100000000000000000000000000000000001000000000000000000000000000000000000000000000000000000000000
[Local]   RECEIVED 	From 2		ACK 	Size 24	  Sequence Number 8	(2424350 us)

		RTT of packet with SN 8 : 486 ms
		BASE : 9	NEXTSN : 9


		@@@@ timeout 9@@@@
		nextSNTemp : 13, nextSN : 9

[Local]   SENDING 		To 2	Data #	Size 24	  Sequence Number 9	(2424350 us)
[Local]   SENDING 		To 2	Data &	Size 24	  Sequence Number 10	(2666400 us)
LOG 2667350 us Sab1 ORIGINAL Packet: 16
LOG 2667350 us Sab1 000011101001010001001110101100011000000000000000000000000000000010000000000000000000000000000000010000000000000000000000000000001001000000000000000000000000000011000100000000000000000000000000
LOG 2667350 us Sab1 CORRUPTED Packet: 16
LOG 2667350 us Sab1 000011101001010001001110101100011000000000000000000000000000000010000000000000000000000000000000010000000000000000000000000000001001000000000000000000000000000011000100000000000000000000000000
[Central]  RECEIVED 	From 1		Data #	Size 24	  Sequence Number 9	(2667350 us)
[Central]  SENDING 		To 1	ACK 	Size 24	  Sequence Number 9	(2667350 us)
[Local]   SENDING 		To 2	Data !	Size 24	  Sequence Number 11	(2908450 us)
LOG 2909400 us Sab1 ORIGINAL Packet: 17
LOG 2909400 us Sab1 000011101001010001001110101100011000000000000000000000000000000010000000000000000000000000000000010000000000000000000000000000000101000000000000000000000000000001100100000000000000000000000000
LOG 2909400 us Sab1 CORRUPTED Packet: 17
LOG 2909400 us Sab1 000011101001010001001110101100011000000000000000000000000000000010000000000000000000000000000000010000000000000000000000000000000101000000000000000000000000000001100100000000000000000000000000
[Central]  RECEIVED 	From 1		Data &	Size 24	  Sequence Number 10	(2909400 us)
[Central]  SENDING 		To 1	ACK 	Size 24	  Sequence Number 10	(2909400 us)
LOG 2910350 us Sab2 ORIGINAL Packet: 18
LOG 2910350 us Sab2 100001101110010001001110101100010100000000000000000000000000000001000000000000000000000000000000100000000000000000000000000000001001000000000000000000000000000000000000000000000000000000000000
LOG 2910350 us Sab2 CORRUPTED Packet: 18
LOG 2910350 us Sab2 100001101110010001001110101100010100000000000000000000000000000001000000000000000000000000000000100000000000000000000000000000001001000000000000000000000000000000000000000000000000000000000000
[Local]   RECEIVED 	From 2		ACK 	Size 24	  Sequence Number 9	(2910350 us)

		RTT of packet with SN 9 : 486 ms
		BASE : 10	NEXTSN : 12

[Local]   SENDING 		To 2	Data +	Size 24	  Sequence Number 12	(3150500 us)
LOG 3151450 us Sab1 ORIGINAL Packet: 19
LOG 3151450 us Sab1 000011101001010001001110101100011000000000000000000000000000000010000000000000000000000000000000010000000000000000000000000000001101000000000000000000000000000010000100000000000000000000000000
LOG 3151450 us Sab1 CORRUPTED Packet: 19
LOG 3151450 us Sab1 000011101001010001001110101100011000000000000000000000000000000010000000000000000000000000000000010000000000000000000000000000001101000000000000000000000000000010000100000000000000000000000000
[Central]  RECEIVED 	From 1		Data !	Size 24	  Sequence Number 11	(3151450 us)
[Central]  SENDING 		To 1	ACK 	Size 24	  Sequence Number 11	(3151450 us)
LOG 3152400 us Sab2 ORIGINAL Packet: 20
LOG 3152400 us Sab2 100001101110010001001110101100010100000000000000000000000000000001000000000000000000000000000000100000000000000000000000000000000101000000000000000000000000000000000000000000000000000000000000
LOG 3152400 us Sab2 CORRUPTED Packet: 20
LOG 3152400 us Sab2 100001101110010001001110101100010100000000000000000000000000000001000000000000000000000000000000100000000000000000000000000000000101000000000000000000000000000000000000000000000000000000000000
[Local]   RECEIVED 	From 2		ACK 	Size 24	  Sequence Number 10	(3152400 us)

		RTT of packet with SN 10 : 486 ms
		BASE : 11	NEXTSN : 13

[Local]   SENDING 		To 2	Data )	Size 24	  Sequence Number 13	(3392550 us)
LOG 3393500 us Sab1 ORIGINAL Packet: 21
LOG 3393500 us Sab1 000011101001010001001110101100011000000000000000000000000000000010000000000000000000000000000000010000000000000000000000000000000011000000000000000000000000000011010100000000000000000000000000
LOG 3393500 us Sab1 CORRUPTED Packet: 21
LOG 3393500 us Sab1 000011101001010001001110101100011000000000000000000000000000000010000000000000000000000000000000010000000000000000000000000000000011000000000000000000000000000011010100000000000000000000000000
[Central]  RECEIVED 	From 1		Data +	Size 24	  Sequence Number 12	(3393500 us)
[Central]  SENDING 		To 1	ACK 	Size 24	  Sequence Number 12	(3393500 us)
LOG 3394450 us Sab2 ORIGINAL Packet: 22
LOG 3394450 us Sab2 100001101110010001001110101100010100000000000000000000000000000001000000000000000000000000000000100000000000000000000000000000001101000000000000000000000000000000000000000000000000000000000000
LOG 3394450 us Sab2 CORRUPTED Packet: 22
LOG 3394450 us Sab2 100001101110010001001110101100010100000000000000000000000000000001000000000000000000000000000000100000000000000000000000000000001101000000000000000000000000000000000000000000000000000000000000
[Local]   RECEIVED 	From 2		ACK 	Size 24	  Sequence Number 11	(3394450 us)

		RTT of packet with SN 11 : 486 ms
		BASE : 12	NEXTSN : 14

[Local]   SENDING 		To 2	Data #	Size 24	  Sequence Number 14	(3634600 us)
LOG 3635550 us Sab1 ORIGINAL Packet: 23
LOG 3635550 us Sab1 000011101001010001001110101100011000000000000000000000000000000010000000000000000000000000000000010000000000000000000000000000001011000000000000000000000000000010010100000000000000000000000000
LOG 3635550 us Sab1 CORRUPTED Packet: 23
LOG 3635550 us Sab1 000011101001010001001110101100011000000000000000000000000000000010000000000000000000000000000000010000000000000000000000000000001011000000000000000000000000000010010100000000000000000000000000
[Central]  RECEIVED 	From 1		Data )	Size 24	  Sequence Number 13	(3635550 us)
[Central]  SENDING 		To 1	ACK 	Size 24	  Sequence Number 13	(3635550 us)
LOG 3636500 us Sab2 ORIGINAL Packet: 24
LOG 3636500 us Sab2 100001101110010001001110101100010100000000000000000000000000000001000000000000000000000000000000100000000000000000000000000000000011000000000000000000000000000000000000000000000000000000000000
LOG 3636500 us Sab2 CORRUPTED Packet: 24
LOG 3636500 us Sab2 100001101110010001001110101100010100000000000000000000000000000001000000000000000000000000000000100000000000000000000000000000000011000000000000000000000000000000000000000000000000000000000000
[Local]   RECEIVED 	From 2		ACK 	Size 24	  Sequence Number 12	(3636500 us)

		RTT of packet with SN 12 : 486 ms
		BASE : 13	NEXTSN : 15

LOG 3877600 us Sab1 ORIGINAL Packet: 25
LOG 3877600 us Sab1 000011101001010001001110101100011000000000000000000000000000000010000000000000000000000000000000010000000000000000000000000000000111000000000000000000000000000011000100000000000000000000000000
LOG 3877600 us Sab1 CORRUPTED Packet: 25
LOG 3877600 us Sab1 000011101001010001001110101100011000000000000000000000000000000010000000000000000000000000000000010000000000000000000000000000000111000000000000000000000000000011000100000000000000000000000000
[Central]  RECEIVED 	From 1		Data #	Size 24	  Sequence Number 14	(3877600 us)
[Central]  SENDING 		To 1	ACK 	Size 24	  Sequence Number 14	(3877600 us)
LOG 3878550 us Sab2 ORIGINAL Packet: 26
LOG 3878550 us Sab2 100001101110010001001110101100010100000000000000000000000000000001000000000000000000000000000000100000000000000000000000000000001011000000000000000000000000000000000000000000000000000000000000
LOG 3878550 us Sab2 CORRUPTED Packet: 26
LOG 3878550 us Sab2 100001101110010001001110101100010100000000000000000000000000000001000000000000000000000000000000100000000000000000000000000000001011000000000000000000000000000000000000000000000000000000000000
[Local]   RECEIVED 	From 2		ACK 	Size 24	  Sequence Number 13	(3878550 us)

		RTT of packet with SN 13 : 486 ms
		BASE : 14	NEXTSN : 15


		@@@@ timeout 1@@@@
		nextSNTemp : 5, nextSN : 1

LOG 4120600 us Sab2 ORIGINAL Packet: 27
LOG 4120600 us Sab2 100001101110010001001110101100010100000000000000000000000000000001000000000000000000000000000000100000000000000000000000000000000111000000000000000000000000000000000000000000000000000000000000
LOG 4120600 us Sab2 CORRUPTED Packet: 27
LOG 4120600 us Sab2 100001101110010001001110101100010100000000000000000000000000000001000000000000000000000000000000100000000000000000000000000000000111000000000000000000000000000000000000000000000000000000000000
[Local]   RECEIVED 	From 2		ACK 	Size 24	  Sequence Number 14	(4120600 us)

		RTT of packet with SN 14 : 486 ms
		BASE : 15	NEXTSN : 15


		@@@@ timeout 15@@@@
		nextSNTemp : 19, nextSN : 15

[Local]   SENDING 		To 2	Data #	Size 24	  Sequence Number 15	(4120600 us)
[Local]   SENDING 		To 2	Data !	Size 24	  Sequence Number 16	(4362650 us)
LOG 4363600 us Sab1 ORIGINAL Packet: 28
LOG 4363600 us Sab1 000011101001010001001110101100011000000000000000000000000000000010000000000000000000000000000000010000000000000000000000000000001111000000000000000000000000000011000100000000000000000000000000
LOG 4363600 us Sab1 CORRUPTED Packet: 28
LOG 4363600 us Sab1 000011101001010001001110101100011000000000000000000000000000000010000000000000000000000000000000010000000000000000000000000000001111000000000000000000000000000011000100000000000000000000000000
[Central]  RECEIVED 	From 1		Data #	Size 24	  Sequence Number 15	(4363600 us)
[Central]  SENDING 		To 1	ACK 	Size 24	  Sequence Number 15	(4363600 us)
[Local]   SENDING 		To 2	Data &	Size 24	  Sequence Number 17	(4604700 us)
LOG 4605650 us Sab1 ORIGINAL Packet: 29
LOG 4605650 us Sab1 000011101001010001001110101100011000000000000000000000000000000010000000000000000000000000000000010000000000000000000000000000000000100000000000000000000000000010000100000000000000000000000000
LOG 4605650 us Sab1 CORRUPTED Packet: 29
LOG 4605650 us Sab1 000011101001010001001110101100011000000000000000000000000000000010000000000000000000000000000000010000000000000000000000000000000000100000000000000000000000000010000100000000000000000000000000
[Central]  RECEIVED 	From 1		Data !	Size 24	  Sequence Number 16	(4605650 us)
[Central]  SENDING 		To 1	ACK 	Size 24	  Sequence Number 16	(4605650 us)
LOG 4606600 us Sab2 ORIGINAL Packet: 30
LOG 4606600 us Sab2 100001101110010001001110101100010100000000000000000000000000000001000000000000000000000000000000100000000000000000000000000000001111000000000000000000000000000000000000000000000000000000000000
LOG 4606600 us Sab2 CORRUPTED Packet: 30
LOG 4606600 us Sab2 100001101110010001001110101100010100000000000000000000000000000001000000000000000000000000000000100000000000000000000000000000001111000000000000000000000000000000000000000000000000000000000000
[Local]   RECEIVED 	From 2		ACK 	Size 24	  Sequence Number 15	(4606600 us)

		RTT of packet with SN 15 : 486 ms
		BASE : 16	NEXTSN : 18

[Local]   SENDING 		To 2	Data *	Size 24	  Sequence Number 18	(4846750 us)
LOG 4847700 us Sab1 ORIGINAL Packet: 31
LOG 4847700 us Sab1 000011101001010001001110101100011000000000000000000000000000000010000000000000000000000000000000010000000000000000000000000000001000100000000000000000000000000001100100000000000000000000000000
LOG 4847700 us Sab1 CORRUPTED Packet: 31
LOG 4847700 us Sab1 000011101001010001001110101100011000000000000000000000000000000010000000000000000000000000000000010000000000000000000000000000001000100000000000000000000000000001100100000000000000000000000000
[Central]  RECEIVED 	From 1		Data &	Size 24	  Sequence Number 17	(4847700 us)
[Central]  SENDING 		To 1	ACK 	Size 24	  Sequence Number 17	(4847700 us)
LOG 4848650 us Sab2 ORIGINAL Packet: 32
LOG 4848650 us Sab2 100001101110010001001110101100010100000000000000000000000000000001000000000000000000000000000000100000000000000000000000000000000000100000000000000000000000000000000000000000000000000000000000
LOG 4848650 us Sab2 CORRUPTED Packet: 32
LOG 4848650 us Sab2 100001101110010001001110101100010100000000000000000000000000000001000000000000000000000000000000100000000000000000000000000000000000100000000000000000000000000000000000000000000000000000000000
[Local]   RECEIVED 	From 2		ACK 	Size 24	  Sequence Number 16	(4848650 us)

		RTT of packet with SN 16 : 486 ms
		BASE : 17	NEXTSN : 19

[Local]   SENDING 		To 2	Data #	Size 24	  Sequence Number 19	(5088800 us)
LOG 5089750 us Sab1 ORIGINAL Packet: 33
LOG 5089750 us Sab1 000011101001010001001110101100011000000000000000000000000000000010000000000000000000000000000000010000000000000000000000000000000100100000000000000000000000000001010100000000000000000000000000
LOG 5089750 us Sab1 CORRUPTED Packet: 33
LOG 5089750 us Sab1 000011101001010001001110101100011000000000000000000000000000000010000000000000000000000000000000010000000000000000000000000000000100100000000000000000000000000001010100000000000000000000000000
[Central]  RECEIVED 	From 1		Data *	Size 24	  Sequence Number 18	(5089750 us)
[Central]  SENDING 		To 1	ACK 	Size 24	  Sequence Number 18	(5089750 us)
LOG 5090700 us Sab2 ORIGINAL Packet: 34
LOG 5090700 us Sab2 100001101110010001001110101100010100000000000000000000000000000001000000000000000000000000000000100000000000000000000000000000001000100000000000000000000000000000000000000000000000000000000000
LOG 5090700 us Sab2 CORRUPTED Packet: 34
LOG 5090700 us Sab2 100001101110010001001110101100010100000000000000000000000000000001000000000000000000000000000000100000000000000000000000000000001000100000000000000000000000000000000000000000000000000000000000
[Local]   RECEIVED 	From 2		ACK 	Size 24	  Sequence Number 17	(5090700 us)

		RTT of packet with SN 17 : 486 ms
		BASE : 18	NEXTSN : 20

[Local]   SENDING 		To 2	Data -	Size 24	  Sequence Number 20	(5330850 us)
LOG 5331800 us Sab1 ORIGINAL Packet: 35
LOG 5331800 us Sab1 000011101001010001001110101100011000000000000000000000000000000010000000000000000000000000000000010000000000000000000000000000001100100000000000000000000000000011000100000000000000000000000000
LOG 5331800 us Sab1 CORRUPTED Packet: 35
LOG 5331800 us Sab1 000011101001010001001110101100011000000000000000000000000000000010000000000000000000000000000000010000000000000000000000000000001100100000000000000000000000000011000100000000000000000000000000
[Central]  RECEIVED 	From 1		Data #	Size 24	  Sequence Number 19	(5331800 us)
[Central]  SENDING 		To 1	ACK 	Size 24	  Sequence Number 19	(5331800 us)
LOG 5332750 us Sab2 ORIGINAL Packet: 36
LOG 5332750 us Sab2 100001101110010001001110101100010100000000000000000000000000000001000000000000000000000000000000100000000000000000000000000000000100100000000000000000000000000000000000000000000000000000000000
LOG 5332750 us Sab2 CORRUPTED Packet: 36
LOG 5332750 us Sab2 100001101110010001001110101100010100000000000000000000000000000001000000000000000000000000000000100000000000000000000000000000000100100000000000000000000000000000000000000000000000000000000000
[Local]   RECEIVED 	From 2		ACK 	Size 24	  Sequence Number 18	(5332750 us)

		RTT of packet with SN 18 : 486 ms
		BASE : 19	NEXTSN : 21

LOG 5573850 us Sab1 ORIGINAL Packet: 37
LOG 5573850 us Sab1 000011101001010001001110101100011000000000000000000000000000000010000000000000000000000000000000010000000000000000000000000000000010100000000000000000000000000010110100000000000000000000000000
LOG 5573850 us Sab1 CORRUPTED Packet: 37
LOG 5573850 us Sab1 000011101001010001001110101100011000000000000000000000000000000010000000000000000000000000000000010000000000000000000000000000000010100000000000000000000000000010110100000000000000000000000000
[Central]  RECEIVED 	From 1		Data -	Size 24	  Sequence Number 20	(5573850 us)
[Central]  SENDING 		To 1	ACK 	Size 24	  Sequence Number 20	(5573850 us)
LOG 5574800 us Sab2 ORIGINAL Packet: 38
LOG 5574800 us Sab2 100001101110010001001110101100010100000000000000000000000000000001000000000000000000000000000000100000000000000000000000000000001100100000000000000000000000000000000000000000000000000000000000
LOG 5574800 us Sab2 CORRUPTED Packet: 38
LOG 5574800 us Sab2 100001101110010001001110101100010100000000000000000000000000000001000000000000000000000000000000100000000000000000000000000000001100100000000000000000000000000000000000000000000000000000000000
[Local]   RECEIVED 	From 2		ACK 	Size 24	  Sequence Number 19	(5574800 us)

		RTT of packet with SN 19 : 486 ms
		BASE : 20	NEXTSN : 21


		@@@@ timeout 1@@@@
		nextSNTemp : 5, nextSN : 1

LOG 5816850 us Sab2 ORIGINAL Packet: 39
LOG 5816850 us Sab2 100001101110010001001110101100010100000000000000000000000000000001000000000000000000000000000000100000000000000000000000000000000010100000000000000000000000000000000000000000000000000000000000
LOG 5816850 us Sab2 CORRUPTED Packet: 39
LOG 5816850 us Sab2 100001101110010001001110101100010100000000000000000000000000000001000000000000000000000000000000100000000000000000000000000000000010100000000000000000000000000000000000000000000000000000000000
[Local]   RECEIVED 	From 2		ACK 	Size 24	  Sequence Number 20	(5816850 us)

		RTT of packet with SN 20 : 486 ms
		BASE : 21	NEXTSN : 21


		@@@@ timeout 21@@@@
		nextSNTemp : 25, nextSN : 21

[Local]   SENDING 		To 2	Data .	Size 24	  Sequence Number 21	(5816850 us)
[Local]   SENDING 		To 2	Data "	Size 24	  Sequence Number 22	(6058900 us)
LOG 6059850 us Sab1 ORIGINAL Packet: 40
LOG 6059850 us Sab1 000011101001010001001110101100011000000000000000000000000000000010000000000000000000000000000000010000000000000000000000000000001010100000000000000000000000000001110100000000000000000000000000
LOG 6059850 us Sab1 CORRUPTED Packet: 40
LOG 6059850 us Sab1 000011101001010001001110101100011000000000000000000000000000000010000000000000000000000000000000010000000000000000000000000000001010100000000000000000000000000001110100000000000000000000000000
[Central]  RECEIVED 	From 1		Data .	Size 24	  Sequence Number 21	(6059850 us)
[Central]  SENDING 		To 1	ACK 	Size 24	  Sequence Number 21	(6059850 us)
[Local]   SENDING 		To 2	Data &	Size 24	  Sequence Number 23	(6300950 us)
LOG 6301900 us Sab1 ORIGINAL Packet: 41
LOG 6301900 us Sab1 000011101001010001001110101100011000000000000000000000000000000010000000000000000000000000000000010000000000000000000000000000000110100000000000000000000000000001000100000000000000000000000000
LOG 6301900 us Sab1 CORRUPTED Packet: 41
LOG 6301900 us Sab1 000011101001010001001110101100011000000000000000000000000000000010000000000000000000000000000000010000000000000000000000000000000110100000000000000000000000000001000100000000000000000000000000
[Central]  RECEIVED 	From 1		Data "	Size 24	  Sequence Number 22	(6301900 us)
[Central]  SENDING 		To 1	ACK 	Size 24	  Sequence Number 22	(6301900 us)
LOG 6302850 us Sab2 ORIGINAL Packet: 42
LOG 6302850 us Sab2 100001101110010001001110101100010100000000000000000000000000000001000000000000000000000000000000100000000000000000000000000000001010100000000000000000000000000000000000000000000000000000000000
LOG 6302850 us Sab2 CORRUPTED Packet: 42
LOG 6302850 us Sab2 100001101110010001001110101100010100000000000000000000000000000001000000000000000000000000000000100000000000000000000000000000001010100000000000000000000000000000000000000000000000000000000000
[Local]   RECEIVED 	From 2		ACK 	Size 24	  Sequence Number 21	(6302850 us)

		RTT of packet with SN 21 : 486 ms
		BASE : 22	NEXTSN : 24

[Local]   SENDING 		To 2	Data &	Size 24	  Sequence Number 24	(6543 ms)
LOG 6543950 us Sab1 ORIGINAL Packet: 43
LOG 6543950 us Sab1 000011101001010001001110101100011000000000000000000000000000000010000000000000000000000000000000010000000000000000000000000000001110100000000000000000000000000001100100000000000000000000000000
LOG 6543950 us Sab1 CORRUPTED Packet: 43
LOG 6543950 us Sab1 000011101001010001001110101100011000000000000000000000000000000010000000000000000000000000000000010000000000000000000000000000001110100000000000000000000000000001100100000000000000000000000000
[Central]  RECEIVED 	From 1		Data &	Size 24	  Sequence Number 23	(6543950 us)
[Central]  SENDING 		To 1	ACK 	Size 24	  Sequence Number 23	(6543950 us)
LOG 6544900 us Sab2 ORIGINAL Packet: 44
LOG 6544900 us Sab2 100001101110010001001110101100010100000000000000000000000000000001000000000000000000000000000000100000000000000000000000000000000110100000000000000000000000000000000000000000000000000000000000
LOG 6544900 us Sab2 CORRUPTED Packet: 44
LOG 6544900 us Sab2 100001101110010001001110101100010100000000000000000000000000000001000000000000000000000000000000100000000000000000000000000000000110100000000000000000000000000000000000000000000000000000000000
[Local]   RECEIVED 	From 2		ACK 	Size 24	  Sequence Number 22	(6544900 us)

		RTT of packet with SN 22 : 486 ms
		BASE : 23	NEXTSN : 25

[Local]   SENDING 		To 2	Data !	Size 24	  Sequence Number 25	(6785050 us)
LOG 6786 ms Sab1 ORIGINAL Packet: 45
LOG 6786 ms Sab1 000011101001010001001110101100011000000000000000000000000000000010000000000000000000000000000000010000000000000000000000000000000001100000000000000000000000000001100100000000000000000000000000
LOG 6786 ms Sab1 CORRUPTED Packet: 45
LOG 6786 ms Sab1 000011101001010001001110101100011000000000000000000000000000000010000000000000000000000000000000010000000000000000000000000000000001100000000000000000000000000001100100000000000000000000000000
[Central]  RECEIVED 	From 1		Data &	Size 24	  Sequence Number 24	(6786 ms)
[Central]  SENDING 		To 1	ACK 	Size 24	  Sequence Number 24	(6786 ms)
LOG 6786950 us Sab2 ORIGINAL Packet: 46
LOG 6786950 us Sab2 100001101110010001001110101100010100000000000000000000000000000001000000000000000000000000000000100000000000000000000000000000001110100000000000000000000000000000000000000000000000000000000000
LOG 6786950 us Sab2 CORRUPTED Packet: 46
LOG 6786950 us Sab2 100001101110010001001110101100010100000000000000000000000000000001000000000000000000000000000000100000000000000000000000000000001110100000000000000000000000000000000000000000000000000000000000
[Local]   RECEIVED 	From 2		ACK 	Size 24	  Sequence Number 23	(6786950 us)

		RTT of packet with SN 23 : 486 ms
		BASE : 24	NEXTSN : 26

[Local]   SENDING 		To 2	Data $	Size 24	  Sequence Number 26	(7027100 us)
LOG 7028050 us Sab1 ORIGINAL Packet: 47
LOG 7028050 us Sab1 000011101001010001001110101100011000000000000000000000000000000010000000000000000000000000000000010000000000000000000000000000001001100000000000000000000000000010000100000000000000000000000000
LOG 7028050 us Sab1 CORRUPTED Packet: 47
LOG 7028050 us Sab1 000011101001010001001110101100011000000000000000000000000000000010000000000000000000000000000000010000000000000000000000000000001001100000000000000000000000000010000100000000000000000000000000
[Central]  RECEIVED 	From 1		Data !	Size 24	  Sequence Number 25	(7028050 us)
[Central]  SENDING 		To 1	ACK 	Size 24	  Sequence Number 25	(7028050 us)
LOG 7029 ms Sab2 ORIGINAL Packet: 48
LOG 7029 ms Sab2 100001101110010001001110101100010100000000000000000000000000000001000000000000000000000000000000100000000000000000000000000000000001100000000000000000000000000000000000000000000000000000000000
LOG 7029 ms Sab2 CORRUPTED Packet: 48
LOG 7029 ms Sab2 100001101110010001001110101100010100000000000000000000000000000001000000000000000000000000000000100000000000000000000000000000000001100000000000000000000000000000000000000000000000000000000000
[Local]   RECEIVED 	From 2		ACK 	Size 24	  Sequence Number 24	(7029 ms)

		RTT of packet with SN 24 : 486 ms
		BASE : 25	NEXTSN : 27

LOG 7270100 us Sab1 ORIGINAL Packet: 49
LOG 7270100 us Sab1 000011101001010001001110101100011000000000000000000000000000000010000000000000000000000000000000010000000000000000000000000000000101100000000000000000000000000000100100000000000000000000000000
LOG 7270100 us Sab1 CORRUPTED Packet: 49
LOG 7270100 us Sab1 000011101001010001001110101100011000000000000000000000000000000010000000000000000000000000000000010000000000000000000000000000000101100000000000000000000000000000100100000000000000000000000000
[Central]  RECEIVED 	From 1		Data $	Size 24	  Sequence Number 26	(7270100 us)
[Central]  SENDING 		To 1	ACK 	Size 24	  Sequence Number 26	(7270100 us)
LOG 7271050 us Sab2 ORIGINAL Packet: 50
LOG 7271050 us Sab2 100001101110010001001110101100010100000000000000000000000000000001000000000000000000000000000000100000000000000000000000000000001001100000000000000000000000000000000000000000000000000000000000
LOG 7271050 us Sab2 CORRUPTED Packet: 50
LOG 7271050 us Sab2 100001101110010001001110101100010100000000000000000000000000000001000000000000000000000000000000100000000000000000000000000000001001100000000000000000000000000000000000000000000000000000000000
[Local]   RECEIVED 	From 2		ACK 	Size 24	  Sequence Number 25	(7271050 us)

		RTT of packet with SN 25 : 486 ms
		BASE : 26	NEXTSN : 27


		@@@@ timeout 1@@@@
		nextSNTemp : 5, nextSN : 1

LOG 7513100 us Sab2 ORIGINAL Packet: 51
LOG 7513100 us Sab2 100001101110010001001110101100010100000000000000000000000000000001000000000000000000000000000000100000000000000000000000000000000101100000000000000000000000000000000000000000000000000000000000
LOG 7513100 us Sab2 CORRUPTED Packet: 51
LOG 7513100 us Sab2 100001101110010001001110101100010100000000000000000000000000000001000000000000000000000000000000100000000000000000000000000000000101100000000000000000000000000000000000000000000000000000000000
[Local]   RECEIVED 	From 2		ACK 	Size 24	  Sequence Number 26	(7513100 us)

		RTT of packet with SN 26 : 486 ms
		BASE : 27	NEXTSN : 27


		@@@@ timeout 27@@@@
		nextSNTemp : 31, nextSN : 27

[Local]   SENDING 		To 2	Data *	Size 24	  Sequence Number 27	(7513100 us)
[Local]   SENDING 		To 2	Data "	Size 24	  Sequence Number 28	(7755150 us)
LOG 7756100 us Sab1 ORIGINAL Packet: 52
LOG 7756100 us Sab1 000011101001010001001110101100011000000000000000000000000000000010000000000000000000000000000000010000000000000000000000000000001101100000000000000000000000000001010100000000000000000000000000
LOG 7756100 us Sab1 CORRUPTED Packet: 52
LOG 7756100 us Sab1 000011101001010001001110101100011000000000000000000000000000000010000000000000000000000000000000010000000000000000000000000000001101100000000000000000000000000001010100000000000000000000000000
[Central]  RECEIVED 	From 1		Data *	Size 24	  Sequence Number 27	(7756100 us)
[Central]  SENDING 		To 1	ACK 	Size 24	  Sequence Number 27	(7756100 us)
[Local]   SENDING 		To 2	Data !	Size 24	  Sequence Number 29	(7997200 us)
LOG 7998150 us Sab1 ORIGINAL Packet: 53
LOG 7998150 us Sab1 000011101001010001001110101100011000000000000000000000000000000010000000000000000000000000000000010000000000000000000000000000000011100000000000000000000000000001000100000000000000000000000000
LOG 7998150 us Sab1 CORRUPTED Packet: 53
LOG 7998150 us Sab1 000011101001010001001110101100011000000000000000000000000000000010000000000000000000000000000000010000000000000000000000000000000011100000000000000000000000000001000100000000000000000000000000
[Central]  RECEIVED 	From 1		Data "	Size 24	  Sequence Number 28	(7998150 us)
[Central]  SENDING 		To 1	ACK 	Size 24	  Sequence Number 28	(7998150 us)
LOG 7999100 us Sab2 ORIGINAL Packet: 54
LOG 7999100 us Sab2 100001101110010001001110101100010100000000000000000000000000000001000000000000000000000000000000100000000000000000000000000000001101100000000000000000000000000000000000000000000000000000000000
LOG 7999100 us Sab2 CORRUPTED Packet: 54
LOG 7999100 us Sab2 100001101110010001001110101100010100000000000000000000000000000001000000000000000000000000000000100000000000000000000000000000001101100000000000000000000000000000000000000000000000000000000000
[Local]   RECEIVED 	From 2		ACK 	Size 24	  Sequence Number 27	(7999100 us)

		RTT of packet with SN 27 : 486 ms
		BASE : 28	NEXTSN : 30


Info: /OSCI/SystemC: Simulation stopped by user.
