
Local   <-->  Central with FullDuplex channel

+----------------------------------------------------------------------------------------------+
|TASK     ACTION        FROM    TO      DATA    SIZE      SEQUENCE NUMBER       TIME STAMP     |
+----------------------------------------------------------------------------------------------+
[Local]   SENDING 		To 2	Data "	Size 24	  Sequence Number 1	(50 us)
[Local]   SENDING 		To 2	Data %	Size 24	  Sequence Number 2	(192100 us)
LOG 193050 us Sab1 ORIGINAL Packet: 0
LOG 193050 us Sab1 000011101001001110011001100000001000000000000000000000000000000010000000000000000000000000000000010000000000000000000000000000001000000000000000000000000000000001000100000000000000000000000000
LOG 193050 us Sab1 CORRUPTED Packet: 0
LOG 193050 us Sab1 000011101001001110011001100000001000000000000000000000000000000010000000000000000000000000000000010000000000000000000000000000001000000000000000000000000000000001000100000000000000000000000000
[Central]  RECEIVED 	From 1		Data "	Size 24	  Sequence Number 1	(193050 us)
[Central]  SENDING 		To 1	ACK 	Size 24	  Sequence Number 1	(193050 us)
LOG 385100 us Sab1 ORIGINAL Packet: 1
LOG 385100 us Sab1 000011101001001110011001100000001000000000000000000000000000000010000000000000000000000000000000010000000000000000000000000000000100000000000000000000000000000010100100000000000000000000000000
LOG 385100 us Sab1 CORRUPTED Packet: 1
LOG 385100 us Sab1 000011101001001110011001100000001000000000000000000000000000000010000000000000000000000000000000010000000000000000000000000000000100000000000000000000000000000010100100000000000000000000000000
[Central]  RECEIVED 	From 1		Data %	Size 24	  Sequence Number 2	(385100 us)
[Central]  SENDING 		To 1	ACK 	Size 24	  Sequence Number 2	(385100 us)
[Local]   RECEIVED 	From 2		ACK 	Size 24	  Sequence Number 1	(386050 us)

		RTT of packet with SN 1 : 386050 us
		BASE : 2	NEXTSN : 3

[Local]   RECEIVED 	From 2		ACK 	Size 24	  Sequence Number 2	(578100 us)

		RTT of packet with SN 2 : 386 ms
		BASE : 3	NEXTSN : 3


		@@@@ timeout 1@@@@
		nextSNTemp : 5, nextSN : 1


		@@@@ timeout 3@@@@
		nextSNTemp : 7, nextSN : 3

[Local]   SENDING 		To 2	Data *	Size 24	  Sequence Number 3	(600050 us)
[Local]   SENDING 		To 2	Data &	Size 24	  Sequence Number 4	(792100 us)
LOG 793050 us Sab1 ORIGINAL Packet: 4
LOG 793050 us Sab1 000011101001001110011001100000001000000000000000000000000000000010000000000000000000000000000000010000000000000000000000000000001100000000000000000000000000000001010100000000000000000000000000
LOG 793050 us Sab1 CORRUPTED Packet: 4
LOG 793050 us Sab1 000011101001001110011001100000001000000000000000000000000000000010000000000000000000000000000000010000000000000000000000000000001100000000000000000000000000000001010100000000000000000000000000
[Central]  RECEIVED 	From 1		Data *	Size 24	  Sequence Number 3	(793050 us)
[Central]  SENDING 		To 1	ACK 	Size 24	  Sequence Number 3	(793050 us)
[Local]   SENDING 		To 2	Data +	Size 24	  Sequence Number 5	(984150 us)
LOG 985100 us Sab1 ORIGINAL Packet: 5
LOG 985100 us Sab1 000011101001001110011001100000001000000000000000000000000000000010000000000000000000000000000000010000000000000000000000000000000010000000000000000000000000000001100100000000000000000000000000
LOG 985100 us Sab1 CORRUPTED Packet: 5
LOG 985100 us Sab1 000011101001001110011001100000001000000000000000000000000000000010000000000000000000000000000000010000000000000000000000000000000010000000000000000000000000000001100100000000000000000000000000
[Central]  RECEIVED 	From 1		Data &	Size 24	  Sequence Number 4	(985100 us)
[Central]  SENDING 		To 1	ACK 	Size 24	  Sequence Number 4	(985100 us)
[Local]   RECEIVED 	From 2		ACK 	Size 24	  Sequence Number 3	(986050 us)

		RTT of packet with SN 3 : 386 ms
		BASE : 4	NEXTSN : 6

[Local]   SENDING 		To 2	Data #	Size 24	  Sequence Number 6	(1176200 us)
LOG 1177150 us Sab1 ORIGINAL Packet: 7
LOG 1177150 us Sab1 000011101001001110011001100000001000000000000000000000000000000010000000000000000000000000000000010000000000000000000000000000001010000000000000000000000000000011010100000000000000000000000000
LOG 1177150 us Sab1 CORRUPTED Packet: 7
LOG 1177150 us Sab1 000011101001001110011001100000001000000000000000000000000000000010000000000000000000000000000000010000000000000000000000000000001010000000000000000000000000000011010100000000000000000000000000
[Central]  RECEIVED 	From 1		Data +	Size 24	  Sequence Number 5	(1177150 us)
[Central]  SENDING 		To 1	ACK 	Size 24	  Sequence Number 5	(1177150 us)
[Local]   RECEIVED 	From 2		ACK 	Size 24	  Sequence Number 4	(1178100 us)

		RTT of packet with SN 4 : 386 ms
		BASE : 5	NEXTSN : 7

[Local]   SENDING 		To 2	Data "	Size 24	  Sequence Number 7	(1368250 us)
LOG 1369200 us Sab1 ORIGINAL Packet: 9
LOG 1369200 us Sab1 000011101001001110011001100000001000000000000000000000000000000010000000000000000000000000000000010000000000000000000000000000000110000000000000000000000000000011000100000000000000000000000000
LOG 1369200 us Sab1 CORRUPTED Packet: 9
LOG 1369200 us Sab1 000011101001001110011001100000001000000000000000000000000000000010000000000000000000000000000000010000000000000000000000000000000110000000000000000000000000000011000100000000000000000000000000
[Central]  RECEIVED 	From 1		Data #	Size 24	  Sequence Number 6	(1369200 us)
[Central]  SENDING 		To 1	ACK 	Size 24	  Sequence Number 6	(1369200 us)
[Local]   RECEIVED 	From 2		ACK 	Size 24	  Sequence Number 5	(1370150 us)

		RTT of packet with SN 5 : 386 ms
		BASE : 6	NEXTSN : 8

[Local]   SENDING 		To 2	Data $	Size 24	  Sequence Number 8	(1560300 us)
LOG 1561250 us Sab1 ORIGINAL Packet: 11
LOG 1561250 us Sab1 000011101001001110011001100000001000000000000000000000000000000010000000000000000000000000000000010000000000000000000000000000001110000000000000000000000000000001000100000000000000000000000000
LOG 1561250 us Sab1 CORRUPTED Packet: 11
LOG 1561250 us Sab1 000011101001001110011001100000001000000000000000000000000000000010000000000000000000000000000000010000000000000000000000000000001110000000000000000000000000000001000100000000000000000000000000
[Central]  RECEIVED 	From 1		Data "	Size 24	  Sequence Number 7	(1561250 us)
[Central]  SENDING 		To 1	ACK 	Size 24	  Sequence Number 7	(1561250 us)
[Local]   RECEIVED 	From 2		ACK 	Size 24	  Sequence Number 6	(1562200 us)

		RTT of packet with SN 6 : 386 ms
		BASE : 7	NEXTSN : 9

LOG 1753300 us Sab1 ORIGINAL Packet: 13
LOG 1753300 us Sab1 000011101001001110011001100000001000000000000000000000000000000010000000000000000000000000000000010000000000000000000000000000000001000000000000000000000000000000100100000000000000000000000000
LOG 1753300 us Sab1 CORRUPTED Packet: 13
LOG 1753300 us Sab1 000011101001001110011001100000001000000000000000000000000000000010000000000000000000000000000000010000000000000000000000000000000001000000000000000000000000000000100100000000000000000000000000
[Central]  RECEIVED 	From 1		Data $	Size 24	  Sequence Number 8	(1753300 us)
[Central]  SENDING 		To 1	ACK 	Size 24	  Sequence Number 8	(1753300 us)
[Local]   RECEIVED 	From 2		ACK 	Size 24	  Sequence Number 7	(1754250 us)

		RTT of packet with SN 7 : 386 ms
		BASE : 8	NEXTSN : 9


		@@@@ timeout 1@@@@
		nextSNTemp : 5, nextSN : 1

[Local]   RECEIVED 	From 2		ACK 	Size 24	  Sequence Number 8	(1946300 us)

		RTT of packet with SN 8 : 386 ms
		BASE : 9	NEXTSN : 9


		@@@@ timeout 9@@@@
		nextSNTemp : 13, nextSN : 9

[Local]   SENDING 		To 2	Data &	Size 24	  Sequence Number 9	(1946300 us)
[Local]   SENDING 		To 2	Data '	Size 24	  Sequence Number 10	(2138350 us)
LOG 2139300 us Sab1 ORIGINAL Packet: 16
LOG 2139300 us Sab1 000011101001001110011001100000001000000000000000000000000000000010000000000000000000000000000000010000000000000000000000000000001001000000000000000000000000000001100100000000000000000000000000
LOG 2139300 us Sab1 CORRUPTED Packet: 16
LOG 2139300 us Sab1 000011101001001110011001100000001000000000000000000000000000000010000000000000000000000000000000010000000000000000000000000000001001000000000000000000000000000001100100000000000000000000000000
[Central]  RECEIVED 	From 1		Data &	Size 24	  Sequence Number 9	(2139300 us)
[Central]  SENDING 		To 1	ACK 	Size 24	  Sequence Number 9	(2139300 us)
[Local]   SENDING 		To 2	Data ,	Size 24	  Sequence Number 11	(2330400 us)
LOG 2331350 us Sab1 ORIGINAL Packet: 17
LOG 2331350 us Sab1 000011101001001110011001100000001000000000000000000000000000000010000000000000000000000000000000010000000000000000000000000000000101000000000000000000000000000011100100000000000000000000000000
LOG 2331350 us Sab1 CORRUPTED Packet: 17
LOG 2331350 us Sab1 000011101001001110011001100000001000000000000000000000000000000010000000000000000000000000000000010000000000000000000000000000000101000000000000000000000000000011100100000000000000000000000000
[Local]   RECEIVED 	From 2		ACK 	Size 24	  Sequence Number 9	(2332300 us)

		RTT of packet with SN 9 : 386 ms
		BASE : 10	NEXTSN : 12

[Local]   SENDING 		To 2	Data .	Size 24	  Sequence Number 12	(2522450 us)
LOG 2523400 us Sab1 ORIGINAL Packet: 19
LOG 2523400 us Sab1 000011101001001110011001100000001000000000000000000000000000000010000000000000000000000000000000010000000000000000000000000000001101000000000000000000000000000000110100000000000000000000000000
LOG 2523400 us Sab1 CORRUPTED Packet: 19
LOG 2523400 us Sab1 000011101001001110011001100000001000000000000000000000000000000010000000000000000000000000000000010000000000000000000000000000001101000000000000000000000000000000110100000000000000000000000000
[Central]  RECEIVED 	From 1		Data ,	Size 24	  Sequence Number 11	(2523400 us)
[Central]  SENDING 		To 1	ACK 	Size 24	  Sequence Number 10	(2523400 us)
[Local]   SENDING 		To 2	Data !	Size 24	  Sequence Number 13	(2714500 us)
LOG 2715450 us Sab1 ORIGINAL Packet: 20
LOG 2715450 us Sab1 000011101001001110011001100000001000000000000000000000000000000010000000000000000000000000000000010000000000000000000000000000000011000000000000000000000000000001110100000000000000000000000000
LOG 2715450 us Sab1 CORRUPTED Packet: 20
LOG 2715450 us Sab1 000011101001001110011001100000001000000000000000000000000000000010000000000000000000000000000000010000000000000000000000000000000011000000000000000000000000000001110100000000000000000000000000
[Central]  RECEIVED 	From 1		Data .	Size 24	  Sequence Number 12	(2715450 us)
[Central]  SENDING 		To 1	ACK 	Size 24	  Sequence Number 10	(2715450 us)
[Local]   RECEIVED 	From 2		ACK 	Size 24	  Sequence Number 10	(2716400 us)

		RTT of packet with SN 10 : 578050 us
		BASE : 11	NEXTSN : 14

[Local]   SENDING 		To 2	Data +	Size 24	  Sequence Number 14	(2906550 us)
LOG 2907500 us Sab1 ORIGINAL Packet: 22
LOG 2907500 us Sab1 000011101001001110011001100000001000000000000000000000000000000010000000000000000000000000000000010000000000000000000000000000001011000000000000000000000000000010000100000000000000000000000000
LOG 2907500 us Sab1 CORRUPTED Packet: 22
LOG 2907500 us Sab1 000011101001001110011001100000001000000000000000000000000000000010000000000000000000000000000000010000000000000000000000000000001011000000000000000000000000000010000100000000000000000000000000
[Central]  RECEIVED 	From 1		Data !	Size 24	  Sequence Number 13	(2907500 us)
[Central]  SENDING 		To 1	ACK 	Size 24	  Sequence Number 10	(2907500 us)

		Error - Wrong ACK --- Expected : 11, Actual : 10 -- the ACK will be discarded


		@@@@ timeout 11@@@@
		nextSNTemp : 15, nextSN : 11

[Local]   SENDING 		To 2	Data ,	Size 24	  Sequence Number 11	(3098600 us)
LOG 3099550 us Sab1 ORIGINAL Packet: 24
LOG 3099550 us Sab1 000011101001001110011001100000001000000000000000000000000000000010000000000000000000000000000000010000000000000000000000000000000111000000000000000000000000000011010100000000000000000000000000
LOG 3099550 us Sab1 CORRUPTED Packet: 24
LOG 3099550 us Sab1 000011101001001110011001100000001000000000000000000000000000000010000000000000000000000000000000010000000000000000000000000000000111000000000000000000000000000011010100000000000000000000000000
[Central]  RECEIVED 	From 1		Data +	Size 24	  Sequence Number 14	(3099550 us)
[Central]  SENDING 		To 1	ACK 	Size 24	  Sequence Number 10	(3099550 us)

		Error - Wrong ACK --- Expected : 11, Actual : 10 -- the ACK will be discarded

[Local]   SENDING 		To 2	Data .	Size 24	  Sequence Number 12	(3290650 us)
LOG 3291600 us Sab1 ORIGINAL Packet: 26
LOG 3291600 us Sab1 000011101001001110011001100000001000000000000000000000000000000010000000000000000000000000000000010000000000000000000000000000001101000000000000000000000000000000110100000000000000000000000000
LOG 3291600 us Sab1 CORRUPTED Packet: 26
LOG 3291600 us Sab1 000011101001001110011001100000001000000000000000000000000000000010000000000000000000000000000000010000000000000000000000000000001101000000000000000000000000000000110100000000000000000000000000
[Central]  RECEIVED 	From 1		Data ,	Size 24	  Sequence Number 11	(3291600 us)
[Central]  SENDING 		To 1	ACK 	Size 24	  Sequence Number 10	(3291600 us)

		Error - Wrong ACK --- Expected : 11, Actual : 10 -- the ACK will be discarded

[Local]   SENDING 		To 2	Data !	Size 24	  Sequence Number 13	(3482700 us)
LOG 3483650 us Sab1 ORIGINAL Packet: 28
LOG 3483650 us Sab1 000011101001001110011001100000001000000000000000000000000000000010000000000000000000000000000000010000000000000000000000000000000011000000000000000000000000000001110100000000000000000000000000
LOG 3483650 us Sab1 CORRUPTED Packet: 28
LOG 3483650 us Sab1 000011101001001110011001100000001000000000000000000000000000000010000000000000000000000000000000010000000000000000000000000000000011000000000000000000000000000001110100000000000000000000000000
[Central]  RECEIVED 	From 1		Data .	Size 24	  Sequence Number 12	(3483650 us)
[Central]  SENDING 		To 1	ACK 	Size 24	  Sequence Number 10	(3483650 us)

		Error - Wrong ACK --- Expected : 11, Actual : 10 -- the ACK will be discarded

[Local]   SENDING 		To 2	Data +	Size 24	  Sequence Number 14	(3674750 us)
LOG 3675700 us Sab1 ORIGINAL Packet: 30
LOG 3675700 us Sab1 000011101001001110011001100000001000000000000000000000000000000010000000000000000000000000000000010000000000000000000000000000001011000000000000000000000000000010000100000000000000000000000000
LOG 3675700 us Sab1 CORRUPTED Packet: 30
LOG 3675700 us Sab1 000011101001001110011001100000001000000000000000000000000000000010000000000000000000000000000000010000000000000000000000000000001011000000000000000000000000000010000100000000000000000000000000

		@@@@ timeout 1@@@@
		nextSNTemp : 5, nextSN : 1


		Error - Wrong ACK --- Expected : 11, Actual : 10 -- the ACK will be discarded


		@@@@ timeout 11@@@@
		nextSNTemp : 15, nextSN : 11

[Local]   SENDING 		To 2	Data ,	Size 24	  Sequence Number 11	(3866800 us)
LOG 3867750 us Sab1 ORIGINAL Packet: 32
LOG 3867750 us Sab1 000011101001001110011001100000001000000000000000000000000000000010000000000000000000000000000000010000000000000000000000000000000111000000000000000000000000000011010100000000000000000000000000
LOG 3867750 us Sab1 CORRUPTED Packet: 32
LOG 3867750 us Sab1 000011101001001110011001100000001000000000000000000000000000000010000000000000000000000000000000010000000000000000000000000000000111000000000000000000000000000011010100000000000000000000000000
[Central]  RECEIVED 	From 1		Data +	Size 24	  Sequence Number 14	(3867750 us)
[Central]  SENDING 		To 1	ACK 	Size 24	  Sequence Number 10	(3867750 us)
[Local]   SENDING 		To 2	Data .	Size 24	  Sequence Number 12	(4058850 us)
LOG 4059800 us Sab1 ORIGINAL Packet: 33
LOG 4059800 us Sab1 000011101001001110011001100000001000000000000000000000000000000010000000000000000000000000000000010000000000000000000000000000001101000000000000000000000000000000110100000000000000000000000000
LOG 4059800 us Sab1 CORRUPTED Packet: 33
LOG 4059800 us Sab1 000011101001001110011001100000001000000000000000000000000000000010000000000000000000000000000000010000000000000000000000000000001101000000000000000000000000000000110100000000000000000000000000

		Error - Wrong ACK --- Expected : 11, Actual : 10 -- the ACK will be discarded

[Local]   SENDING 		To 2	Data !	Size 24	  Sequence Number 13	(4250900 us)
LOG 4251850 us Sab1 ORIGINAL Packet: 35
LOG 4251850 us Sab1 000011101001001110011001100000001000000000000000000000000000000010000000000000000000000000000000010000000000000000000000000000000011000000000000000000000000000001110100000000000000000000000000
LOG 4251850 us Sab1 CORRUPTED Packet: 35
LOG 4251850 us Sab1 000011101001001110011001100000001000000000000000000000000000000010000000000000000000000000000000010000000000000000000000000000000011000000000000000000000000000001110100000000000000000000000000
[Central]  RECEIVED 	From 1		Data .	Size 24	  Sequence Number 12	(4251850 us)
[Central]  SENDING 		To 1	ACK 	Size 24	  Sequence Number 10	(4251850 us)
[Local]   SENDING 		To 2	Data +	Size 24	  Sequence Number 14	(4442950 us)
LOG 4443900 us Sab1 ORIGINAL Packet: 36
LOG 4443900 us Sab1 000011101001001110011001100000001000000000000000000000000000000010000000000000000000000000000000010000000000000000000000000000001011000000000000000000000000000010000100000000000000000000000000
LOG 4443900 us Sab1 CORRUPTED Packet: 36
LOG 4443900 us Sab1 000011101001001110011001100000001000000000000000000000000000000010000000000000000000000000000000010000000000000000000000000000001011000000000000000000000000000010000100000000000000000000000000
[Central]  RECEIVED 	From 1		Data !	Size 24	  Sequence Number 13	(4443900 us)
[Central]  SENDING 		To 1	ACK 	Size 24	  Sequence Number 10	(4443900 us)

		Error - Wrong ACK --- Expected : 11, Actual : 10 -- the ACK will be discarded


		@@@@ timeout 11@@@@
		nextSNTemp : 15, nextSN : 11

[Local]   SENDING 		To 2	Data ,	Size 24	  Sequence Number 11	(4635 ms)
LOG 4635950 us Sab1 ORIGINAL Packet: 38
LOG 4635950 us Sab1 000011101001001110011001100000001000000000000000000000000000000010000000000000000000000000000000010000000000000000000000000000000111000000000000000000000000000011010100000000000000000000000000
LOG 4635950 us Sab1 CORRUPTED Packet: 38
LOG 4635950 us Sab1 000011101001001110011001100000001000000000000000000000000000000010000000000000000000000000000000010000000000000000000000000000000111000000000000000000000000000011010100000000000000000000000000
[Central]  RECEIVED 	From 1		Data +	Size 24	  Sequence Number 14	(4635950 us)
[Central]  SENDING 		To 1	ACK 	Size 24	  Sequence Number 10	(4635950 us)

		Error - Wrong ACK --- Expected : 11, Actual : 10 -- the ACK will be discarded

[Local]   SENDING 		To 2	Data .	Size 24	  Sequence Number 12	(4827050 us)
LOG 4828 ms Sab1 ORIGINAL Packet: 40
LOG 4828 ms Sab1 000011101001001110011001100000001000000000000000000000000000000010000000000000000000000000000000010000000000000000000000000000001101000000000000000000000000000000110100000000000000000000000000
LOG 4828 ms Sab1 CORRUPTED Packet: 40
LOG 4828 ms Sab1 000011101001001110011001100000001000000000000000000000000000000010000000000000000000000000000000010000000000000000000000000000001101000000000000000000000000000000110100000000000000000000000000

		@@@@ timeout 1@@@@
		nextSNTemp : 5, nextSN : 1


		Error - Wrong ACK --- Expected : 11, Actual : 10 -- the ACK will be discarded

[Local]   SENDING 		To 2	Data !	Size 24	  Sequence Number 13	(5019100 us)
LOG 5020050 us Sab1 ORIGINAL Packet: 42
LOG 5020050 us Sab1 000011101001001110011001100000001000000000000000000000000000000010000000000000000000000000000000010000000000000000000000000000000011000000000000000000000000000001110100000000000000000000000000
LOG 5020050 us Sab1 CORRUPTED Packet: 42
LOG 5020050 us Sab1 000011101001001110011001100000001000000000000000000000000000000010000000000000000000000000000000010000000000000000000000000000000011000000000000000000000000000001110100000000000000000000000000
[Central]  RECEIVED 	From 1		Data .	Size 24	  Sequence Number 12	(5020050 us)
[Central]  SENDING 		To 1	ACK 	Size 24	  Sequence Number 10	(5020050 us)
[Local]   SENDING 		To 2	Data +	Size 24	  Sequence Number 14	(5211150 us)
LOG 5212100 us Sab1 ORIGINAL Packet: 43
LOG 5212100 us Sab1 000011101001001110011001100000001000000000000000000000000000000010000000000000000000000000000000010000000000000000000000000000001011000000000000000000000000000010000100000000000000000000000000
LOG 5212100 us Sab1 CORRUPTED Packet: 43
LOG 5212100 us Sab1 000011101001001110011001100000001000000000000000000000000000000010000000000000000000000000000000010000000000000000000000000000001011000000000000000000000000000010000100000000000000000000000000
[Central]  RECEIVED 	From 1		Data !	Size 24	  Sequence Number 13	(5212100 us)
[Central]  SENDING 		To 1	ACK 	Size 24	  Sequence Number 10	(5212100 us)

		Error - Wrong ACK --- Expected : 11, Actual : 10 -- the ACK will be discarded


		@@@@ timeout 11@@@@
		nextSNTemp : 15, nextSN : 11

[Local]   SENDING 		To 2	Data ,	Size 24	  Sequence Number 11	(5403200 us)
LOG 5404150 us Sab1 ORIGINAL Packet: 45
LOG 5404150 us Sab1 000011101001001110011001100000001000000000000000000000000000000010000000000000000000000000000000010000000000000000000000000000000111000000000000000000000000000011010100000000000000000000000000
LOG 5404150 us Sab1 CORRUPTED Packet: 45
LOG 5404150 us Sab1 000011101001001110011001100000001000000000000000000000000000000010000000000000000000000000000000010000000000000000000000000000000111000000000000000000000000000011010100000000000000000000000000
[Central]  RECEIVED 	From 1		Data +	Size 24	  Sequence Number 14	(5404150 us)
[Central]  SENDING 		To 1	ACK 	Size 24	  Sequence Number 10	(5404150 us)

		Error - Wrong ACK --- Expected : 11, Actual : 10 -- the ACK will be discarded

[Local]   SENDING 		To 2	Data .	Size 24	  Sequence Number 12	(5595250 us)
LOG 5596200 us Sab1 ORIGINAL Packet: 47
LOG 5596200 us Sab1 000011101001001110011001100000001000000000000000000000000000000010000000000000000000000000000000010000000000000000000000000000001101000000000000000000000000000000110100000000000000000000000000
LOG 5596200 us Sab1 CORRUPTED Packet: 47
LOG 5596200 us Sab1 000011101001001110011001100000001000000000000000000000000000000010000000000000000000000000000000010000000000000000000000000000001101000000000000000000000000000000110100000000000000000000000000
[Central]  RECEIVED 	From 1		Data ,	Size 24	  Sequence Number 11	(5596200 us)
[Central]  SENDING 		To 1	ACK 	Size 24	  Sequence Number 10	(5596200 us)

		Error - Wrong ACK --- Expected : 11, Actual : 10 -- the ACK will be discarded

[Local]   SENDING 		To 2	Data !	Size 24	  Sequence Number 13	(5787300 us)
LOG 5788250 us Sab1 ORIGINAL Packet: 49
LOG 5788250 us Sab1 000011101001001110011001100000001000000000000000000000000000000010000000000000000000000000000000010000000000000000000000000000000011000000000000000000000000000001110100000000000000000000000000
LOG 5788250 us Sab1 CORRUPTED Packet: 49
LOG 5788250 us Sab1 000011101001001110011001100000001000000000000000000000000000000010000000000000000000000000000000010000000000000000000000000000000011000000000000000000000000000001110100000000000000000000000000
[Central]  RECEIVED 	From 1		Data .	Size 24	  Sequence Number 12	(5788250 us)
[Central]  SENDING 		To 1	ACK 	Size 24	  Sequence Number 10	(5788250 us)

		Error - Wrong ACK --- Expected : 11, Actual : 10 -- the ACK will be discarded

[Local]   SENDING 		To 2	Data +	Size 24	  Sequence Number 14	(5979350 us)
LOG 5980300 us Sab1 ORIGINAL Packet: 51
LOG 5980300 us Sab1 000011101001001110011001100000001000000000000000000000000000000010000000000000000000000000000000010000000000000000000000000000001011000000000000000000000000000010000100000000000000000000000000
LOG 5980300 us Sab1 CORRUPTED Packet: 51
LOG 5980300 us Sab1 000011101001001110011001100000001000000000000000000000000000000010000000000000000000000000000000010000000000000000000000000000001011000000000000000000000000000010000100000000000000000000000000
[Central]  RECEIVED 	From 1		Data !	Size 24	  Sequence Number 13	(5980300 us)
[Central]  SENDING 		To 1	ACK 	Size 24	  Sequence Number 10	(5980300 us)

		Error - Wrong ACK --- Expected : 11, Actual : 10 -- the ACK will be discarded


		@@@@ timeout 11@@@@
		nextSNTemp : 15, nextSN : 11

[Local]   SENDING 		To 2	Data ,	Size 24	  Sequence Number 11	(6171400 us)
LOG 6172350 us Sab1 ORIGINAL Packet: 53
LOG 6172350 us Sab1 000011101001001110011001100000001000000000000000000000000000000010000000000000000000000000000000010000000000000000000000000000000111000000000000000000000000000011010100000000000000000000000000
LOG 6172350 us Sab1 CORRUPTED Packet: 53
LOG 6172350 us Sab1 000011101001001110011001100000001000000000000000000000000000000010000000000000000000000000000000010000000000000000000000000000000111000000000000000000000000000011010100000000000000000000000000
[Central]  RECEIVED 	From 1		Data +	Size 24	  Sequence Number 14	(6172350 us)
[Central]  SENDING 		To 1	ACK 	Size 24	  Sequence Number 10	(6172350 us)

		Error - Wrong ACK --- Expected : 11, Actual : 10 -- the ACK will be discarded

[Local]   SENDING 		To 2	Data .	Size 24	  Sequence Number 12	(6363450 us)
LOG 6364400 us Sab1 ORIGINAL Packet: 55
LOG 6364400 us Sab1 000011101001001110011001100000001000000000000000000000000000000010000000000000000000000000000000010000000000000000000000000000001101000000000000000000000000000000110100000000000000000000000000
LOG 6364400 us Sab1 CORRUPTED Packet: 55
LOG 6364400 us Sab1 000011101001001110011001100000001000000000000000000000000000000010000000000000000000000000000000010000000000000000000000000000001101000000000000000000000000000000110100000000000000000000000000
[Central]  RECEIVED 	From 1		Data ,	Size 24	  Sequence Number 11	(6364400 us)
[Central]  SENDING 		To 1	ACK 	Size 24	  Sequence Number 10	(6364400 us)

		Error - Wrong ACK --- Expected : 11, Actual : 10 -- the ACK will be discarded

[Local]   SENDING 		To 2	Data !	Size 24	  Sequence Number 13	(6555500 us)
LOG 6556450 us Sab1 ORIGINAL Packet: 57
LOG 6556450 us Sab1 000011101001001110011001100000001000000000000000000000000000000010000000000000000000000000000000010000000000000000000000000000000011000000000000000000000000000001110100000000000000000000000000
LOG 6556450 us Sab1 CORRUPTED Packet: 57
LOG 6556450 us Sab1 000011101001001110011001100000001000000000000000000000000000000010000000000000000000000000000000010000000000000000000000000000000011000000000000000000000000000001110100000000000000000000000000
[Central]  RECEIVED 	From 1		Data .	Size 24	  Sequence Number 12	(6556450 us)
[Central]  SENDING 		To 1	ACK 	Size 24	  Sequence Number 10	(6556450 us)

		Error - Wrong ACK --- Expected : 11, Actual : 10 -- the ACK will be discarded

[Local]   SENDING 		To 2	Data +	Size 24	  Sequence Number 14	(6747550 us)
LOG 6748500 us Sab1 ORIGINAL Packet: 59
LOG 6748500 us Sab1 000011101001001110011001100000001000000000000000000000000000000010000000000000000000000000000000010000000000000000000000000000001011000000000000000000000000000010000100000000000000000000000000
LOG 6748500 us Sab1 CORRUPTED Packet: 59
LOG 6748500 us Sab1 000011101001001110011001100000001000000000000000000000000000000010000000000000000000000000000000010000000000000000000000000000001011000000000000000000000000000010000100000000000000000000000000
[Central]  RECEIVED 	From 1		Data !	Size 24	  Sequence Number 13	(6748500 us)
[Central]  SENDING 		To 1	ACK 	Size 24	  Sequence Number 10	(6748500 us)

		Error - Wrong ACK --- Expected : 11, Actual : 10 -- the ACK will be discarded


		@@@@ timeout 11@@@@
		nextSNTemp : 15, nextSN : 11

[Local]   SENDING 		To 2	Data ,	Size 24	  Sequence Number 11	(6939600 us)
LOG 6940550 us Sab1 ORIGINAL Packet: 61
LOG 6940550 us Sab1 000011101001001110011001100000001000000000000000000000000000000010000000000000000000000000000000010000000000000000000000000000000111000000000000000000000000000011010100000000000000000000000000
LOG 6940550 us Sab1 CORRUPTED Packet: 61
LOG 6940550 us Sab1 000011101001001110011001100000001000000000000000000000000000000010000000000000000000000000000000010000000000000000000000000000000111000000000000000000000000000011010100000000000000000000000000
[Central]  RECEIVED 	From 1		Data +	Size 24	  Sequence Number 14	(6940550 us)
[Central]  SENDING 		To 1	ACK 	Size 24	  Sequence Number 10	(6940550 us)

		Error - Wrong ACK --- Expected : 11, Actual : 10 -- the ACK will be discarded

[Local]   SENDING 		To 2	Data .	Size 24	  Sequence Number 12	(7131650 us)
LOG 7132600 us Sab1 ORIGINAL Packet: 63
LOG 7132600 us Sab1 000011101001001110011001100000001000000000000000000000000000000010000000000000000000000000000000010000000000000000000000000000001101000000000000000000000000000000110100000000000000000000000000
LOG 7132600 us Sab1 CORRUPTED Packet: 63
LOG 7132600 us Sab1 000011101001001110011001100000001000000000000000000000000000000010000000000000000000000000000000010000000000000000000000000000001101000000000000000000000000000000110100000000000000000000000000
[Central]  RECEIVED 	From 1		Data ,	Size 24	  Sequence Number 11	(7132600 us)
[Central]  SENDING 		To 1	ACK 	Size 24	  Sequence Number 10	(7132600 us)

		Error - Wrong ACK --- Expected : 11, Actual : 10 -- the ACK will be discarded

[Local]   SENDING 		To 2	Data !	Size 24	  Sequence Number 13	(7323700 us)
LOG 7324650 us Sab1 ORIGINAL Packet: 65
LOG 7324650 us Sab1 000011101001001110011001100000001000000000000000000000000000000010000000000000000000000000000000010000000000000000000000000000000011000000000000000000000000000001110100000000000000000000000000
LOG 7324650 us Sab1 CORRUPTED Packet: 65
LOG 7324650 us Sab1 000011101001001110011001100000001000000000000000000000000000000010000000000000000000000000000000010000000000000000000000000000000011000000000000000000000000000001110100000000000000000000000000
[Central]  RECEIVED 	From 1		Data .	Size 24	  Sequence Number 12	(7324650 us)
[Central]  SENDING 		To 1	ACK 	Size 24	  Sequence Number 10	(7324650 us)

		Error - Wrong ACK --- Expected : 11, Actual : 10 -- the ACK will be discarded

[Local]   SENDING 		To 2	Data +	Size 24	  Sequence Number 14	(7515750 us)
LOG 7516700 us Sab1 ORIGINAL Packet: 67
LOG 7516700 us Sab1 000011101001001110011001100000001000000000000000000000000000000010000000000000000000000000000000010000000000000000000000000000001011000000000000000000000000000010000100000000000000000000000000
LOG 7516700 us Sab1 CORRUPTED Packet: 67
LOG 7516700 us Sab1 000011101001001110011001100000001000000000000000000000000000000010000000000000000000000000000000010000000000000000000000000000001011000000000000000000000000000010000100000000000000000000000000
[Central]  RECEIVED 	From 1		Data !	Size 24	  Sequence Number 13	(7516700 us)
[Central]  SENDING 		To 1	ACK 	Size 24	  Sequence Number 10	(7516700 us)

		Error - Wrong ACK --- Expected : 11, Actual : 10 -- the ACK will be discarded


		@@@@ timeout 11@@@@
		nextSNTemp : 15, nextSN : 11

[Local]   SENDING 		To 2	Data ,	Size 24	  Sequence Number 11	(7707800 us)
LOG 7708750 us Sab1 ORIGINAL Packet: 69
LOG 7708750 us Sab1 000011101001001110011001100000001000000000000000000000000000000010000000000000000000000000000000010000000000000000000000000000000111000000000000000000000000000011010100000000000000000000000000
LOG 7708750 us Sab1 CORRUPTED Packet: 69
LOG 7708750 us Sab1 000011101001001110011001100000001000000000000000000000000000000010000000000000000000000000000000010000000000000000000000000000000111000000000000000000000000000011010100000000000000000000000000
[Central]  RECEIVED 	From 1		Data +	Size 24	  Sequence Number 14	(7708750 us)
[Central]  SENDING 		To 1	ACK 	Size 24	  Sequence Number 10	(7708750 us)

		Error - Wrong ACK --- Expected : 11, Actual : 10 -- the ACK will be discarded

[Local]   SENDING 		To 2	Data .	Size 24	  Sequence Number 12	(7899850 us)
LOG 7900800 us Sab1 ORIGINAL Packet: 71
LOG 7900800 us Sab1 000011101001001110011001100000001000000000000000000000000000000010000000000000000000000000000000010000000000000000000000000000001101000000000000000000000000000000110100000000000000000000000000
LOG 7900800 us Sab1 CORRUPTED Packet: 71
LOG 7900800 us Sab1 000011101001001110011001100000001000000000000000000000000000000010000000000000000000000000000000010000000000000000000000000000001101000000000000000000000000000000110100000000000000000000000000
[Central]  RECEIVED 	From 1		Data ,	Size 24	  Sequence Number 11	(7900800 us)
[Central]  SENDING 		To 1	ACK 	Size 24	  Sequence Number 10	(7900800 us)

		Error - Wrong ACK --- Expected : 11, Actual : 10 -- the ACK will be discarded


Info: /OSCI/SystemC: Simulation stopped by user.
