
Local   <-->  Central with FullDuplex channel

+----------------------------------------------------------------------------------------------+
|TASK     ACTION        FROM    TO      DATA    SIZE      SEQUENCE NUMBER       TIME STAMP     |
+----------------------------------------------------------------------------------------------+

		@@@@ timeout 1@@@@
		nextSNTemp : 5, nextSN : 1

[Local]   SENDING 		To 2	Data "	Size 24	  Sequence Number 1	(600050 us)

		@@@@ timeout 1@@@@
		nextSNTemp : 5, nextSN : 1

[Local]   SENDING 		To 2	Data %	Size 24	  Sequence Number 2	(792100 us)
LOG 793050 us Sab1 ORIGINAL Packet: 0
LOG 793050 us Sab1 000011101001101101101110100000011000000000000000000000000000000010000000000000000000000000000000010000000000000000000000000000001000000000000000000000000000000001000100000000000000000000000000
LOG 793050 us Sab1 CORRUPTED Packet: 0
LOG 793050 us Sab1 000011101001101101101110100000011000000000000000000000000000000010000000000000000000000000000000010000000000000000000000000000001000000000000000000000000000000001000100000000000000000000000000
[Central]  RECEIVED 	From 1		Data "	Size 24	  Sequence Number 1	(793050 us)
[Central]  SENDING 		To 1	ACK 	Size 24	  Sequence Number 1	(793050 us)
[Local]   SENDING 		To 2	Data *	Size 24	  Sequence Number 3	(984150 us)
LOG 985100 us Sab1 ORIGINAL Packet: 1
LOG 985100 us Sab1 000011101001101101101110100000011000000000000000000000000000000010000000000000000000000000000000010000000000000000000000000000000100000000000000000000000000000010100100000000000000000000000000
LOG 985100 us Sab1 CORRUPTED Packet: 1
LOG 985100 us Sab1 000011101001101101101110100000011000000000000000000000000000000010000000000000000000000000000000010000000000000000000000000000000100000000000000000000000000000010100100000000000000000000000000
[Central]  RECEIVED 	From 1		Data %	Size 24	  Sequence Number 2	(985100 us)
[Central]  SENDING 		To 1	ACK 	Size 24	  Sequence Number 2	(985100 us)
[Local]   RECEIVED 	From 2		ACK 	Size 24	  Sequence Number 1	(986050 us)

		RTT of packet with SN 1 : 386 ms
		BASE : 2	NEXTSN : 4

[Local]   SENDING 		To 2	Data &	Size 24	  Sequence Number 4	(1176200 us)
LOG 1177150 us Sab1 ORIGINAL Packet: 3
LOG 1177150 us Sab1 000011101001101101101110100000011000000000000000000000000000000010000000000000000000000000000000010000000000000000000000000000001100000000000000000000000000000001010100000000000000000000000000
LOG 1177150 us Sab1 CORRUPTED Packet: 3
LOG 1177150 us Sab1 000011101001101101101110100000011000000000000000000000000000000010000000000000000000000000000000010000000000000000000000000000001100000000000000000000000000000001010100000000000000000000000000
[Central]  RECEIVED 	From 1		Data *	Size 24	  Sequence Number 3	(1177150 us)
[Central]  SENDING 		To 1	ACK 	Size 24	  Sequence Number 3	(1177150 us)
[Local]   RECEIVED 	From 2		ACK 	Size 24	  Sequence Number 2	(1178100 us)

		RTT of packet with SN 2 : 386 ms
		BASE : 3	NEXTSN : 5

[Local]   SENDING 		To 2	Data "	Size 24	  Sequence Number 5	(1368250 us)
LOG 1369200 us Sab1 ORIGINAL Packet: 5
LOG 1369200 us Sab1 000011101001101101101110100000011000000000000000000000000000000010000000000000000000000000000000010000000000000000000000000000000010000000000000000000000000000001100100000000000000000000000000
LOG 1369200 us Sab1 CORRUPTED Packet: 5
LOG 1369200 us Sab1 000011101001101101101110100000011000000000000000000000000000000010000000000000000000000000000000010000000000000000000000000000000010000000000000000000000000000001100100000000000000000000000000
[Central]  RECEIVED 	From 1		Data &	Size 24	  Sequence Number 4	(1369200 us)
[Central]  SENDING 		To 1	ACK 	Size 24	  Sequence Number 4	(1369200 us)
[Local]   RECEIVED 	From 2		ACK 	Size 24	  Sequence Number 3	(1370150 us)

		RTT of packet with SN 3 : 386 ms
		BASE : 4	NEXTSN : 6

LOG 1561250 us Sab1 ORIGINAL Packet: 7
LOG 1561250 us Sab1 000011101001101101101110100000011000000000000000000000000000000010000000000000000000000000000000010000000000000000000000000000001010000000000000000000000000000001000100000000000000000000000000
LOG 1561250 us Sab1 CORRUPTED Packet: 7
LOG 1561250 us Sab1 000011101001101101101110100000011000000000000000000000000000000010000000000000000000000000000000010000000000000000000000000000001010000000000000000000000000000001000100000000000000000000000000
[Central]  RECEIVED 	From 1		Data "	Size 24	  Sequence Number 5	(1561250 us)
[Central]  SENDING 		To 1	ACK 	Size 24	  Sequence Number 5	(1561250 us)
[Local]   RECEIVED 	From 2		ACK 	Size 24	  Sequence Number 4	(1562200 us)

		RTT of packet with SN 4 : 386 ms
		BASE : 5	NEXTSN : 6


		@@@@ timeout 1@@@@
		nextSNTemp : 5, nextSN : 1

[Local]   RECEIVED 	From 2		ACK 	Size 24	  Sequence Number 5	(1754250 us)

		RTT of packet with SN 5 : 386 ms
		BASE : 6	NEXTSN : 6


		@@@@ timeout 6@@@@
		nextSNTemp : 10, nextSN : 6

[Local]   SENDING 		To 2	Data $	Size 24	  Sequence Number 6	(1754250 us)
[Local]   SENDING 		To 2	Data +	Size 24	  Sequence Number 7	(1946300 us)
LOG 1947250 us Sab1 ORIGINAL Packet: 10
LOG 1947250 us Sab1 000011101001101101101110100000011000000000000000000000000000000010000000000000000000000000000000010000000000000000000000000000000110000000000000000000000000000000100100000000000000000000000000
LOG 1947250 us Sab1 CORRUPTED Packet: 10
LOG 1947250 us Sab1 000011101001101101101110100000011000000000000000000000000000000010000000000000000000000000000000010000000000000000000000000000000110000000000000000000000000000000100100000000000000000000000000
[Central]  RECEIVED 	From 1		Data $	Size 24	  Sequence Number 6	(1947250 us)
[Central]  SENDING 		To 1	ACK 	Size 24	  Sequence Number 6	(1947250 us)
[Local]   SENDING 		To 2	Data #	Size 24	  Sequence Number 8	(2138350 us)
LOG 2139300 us Sab1 ORIGINAL Packet: 11
LOG 2139300 us Sab1 000011101001101101101110100000011000000000000000000000000000000010000000000000000000000000000000010000000000000000000000000000001110000000000000000000000000000011010100000000000000000000000000
LOG 2139300 us Sab1 CORRUPTED Packet: 11
LOG 2139300 us Sab1 000011101001101101101110100000011000000000000000000000000000000010000000000000000000000000000000010000000000000000000000000000001110000000000000000000000000000011010100000000000000000000000000
[Central]  RECEIVED 	From 1		Data +	Size 24	  Sequence Number 7	(2139300 us)
[Central]  SENDING 		To 1	ACK 	Size 24	  Sequence Number 7	(2139300 us)
[Local]   RECEIVED 	From 2		ACK 	Size 24	  Sequence Number 6	(2140250 us)

		RTT of packet with SN 6 : 386 ms
		BASE : 7	NEXTSN : 9

[Local]   SENDING 		To 2	Data "	Size 24	  Sequence Number 9	(2330400 us)
LOG 2331350 us Sab1 ORIGINAL Packet: 13
LOG 2331350 us Sab1 000011101001101101101110100000011000000000000000000000000000000010000000000000000000000000000000010000000000000000000000000000000001000000000000000000000000000011000100000000000000000000000000
LOG 2331350 us Sab1 CORRUPTED Packet: 13
LOG 2331350 us Sab1 000011101001101101101110100000011000000000000000000000000000000010000000000000000000000000000000010000000000000000000000000000000001000000000000000000000000000011000100000000000000000000000000
[Central]  RECEIVED 	From 1		Data #	Size 24	  Sequence Number 8	(2331350 us)
[Central]  SENDING 		To 1	ACK 	Size 24	  Sequence Number 8	(2331350 us)
[Local]   RECEIVED 	From 2		ACK 	Size 24	  Sequence Number 7	(2332300 us)

		RTT of packet with SN 7 : 386 ms
		BASE : 8	NEXTSN : 10

[Local]   SENDING 		To 2	Data $	Size 24	  Sequence Number 10	(2522450 us)
LOG 2523400 us Sab1 ORIGINAL Packet: 15
LOG 2523400 us Sab1 000011101001101101101110100000011000000000000000000000000000000010000000000000000000000000000000010000000000000000000000000000001001000000000000000000000000000001000100000000000000000000000000
LOG 2523400 us Sab1 CORRUPTED Packet: 15
LOG 2523400 us Sab1 000011101001101101101110100000011000000000000000000000000000000010000000000000000000000000000000010000000000000000000000000000001001000000000000000000000000000001000100000000000000000000000000
[Central]  RECEIVED 	From 1		Data "	Size 24	  Sequence Number 9	(2523400 us)
[Central]  SENDING 		To 1	ACK 	Size 24	  Sequence Number 9	(2523400 us)
[Local]   RECEIVED 	From 2		ACK 	Size 24	  Sequence Number 8	(2524350 us)

		RTT of packet with SN 8 : 386 ms
		BASE : 9	NEXTSN : 11

LOG 2715450 us Sab1 ORIGINAL Packet: 17
LOG 2715450 us Sab1 000011101001101101101110100000011000000000000000000000000000000010000000000000000000000000000000010000000000000000000000000000000101000000000000000000000000000000100100000000000000000000000000
LOG 2715450 us Sab1 CORRUPTED Packet: 17
LOG 2715450 us Sab1 000011101001101101101110100000011000000000000000000000000000000010000000000000000000000000000000010000000000000000000000000000000101000000000000000000000000000000100100000000000000000000000000
[Central]  RECEIVED 	From 1		Data $	Size 24	  Sequence Number 10	(2715450 us)
[Central]  SENDING 		To 1	ACK 	Size 24	  Sequence Number 10	(2715450 us)
[Local]   RECEIVED 	From 2		ACK 	Size 24	  Sequence Number 9	(2716400 us)

		RTT of packet with SN 9 : 386 ms
		BASE : 10	NEXTSN : 11


		@@@@ timeout 1@@@@
		nextSNTemp : 5, nextSN : 1

[Local]   RECEIVED 	From 2		ACK 	Size 24	  Sequence Number 10	(2908450 us)

		RTT of packet with SN 10 : 386 ms
		BASE : 11	NEXTSN : 11


		@@@@ timeout 11@@@@
		nextSNTemp : 15, nextSN : 11

[Local]   SENDING 		To 2	Data #	Size 24	  Sequence Number 11	(2908450 us)
[Local]   SENDING 		To 2	Data &	Size 24	  Sequence Number 12	(3100500 us)
LOG 3101450 us Sab1 ORIGINAL Packet: 20
LOG 3101450 us Sab1 000011101001101101101110100000011000000000000000000000000000000010000000000000000000000000000000010000000000000000000000000000001101000000000000000000000000000011000100000000000000000000000000
LOG 3101450 us Sab1 CORRUPTED Packet: 20
LOG 3101450 us Sab1 000011101001101101101110100000011000000000000000000000000000000010000000000000000000000000000000010000000000000000000000000000001101000000000000000000000000000011000100000000000000000000000000
[Central]  RECEIVED 	From 1		Data #	Size 24	  Sequence Number 11	(3101450 us)
[Central]  SENDING 		To 1	ACK 	Size 24	  Sequence Number 11	(3101450 us)
[Local]   SENDING 		To 2	Data '	Size 24	  Sequence Number 13	(3292550 us)
LOG 3293500 us Sab1 ORIGINAL Packet: 21
LOG 3293500 us Sab1 000011101001101101101110100000011000000000000000000000000000000010000000000000000000000000000000010000000000000000000000000000000011000000000000000000000000000001100100000000000000000000000000
LOG 3293500 us Sab1 CORRUPTED Packet: 21
LOG 3293500 us Sab1 000011101001101101101110100000011000000000000000000000000000000010000000000000000000000000000000010000000000000000000000000000000011000000000000000000000000000001100100000000000000000000000000
[Central]  RECEIVED 	From 1		Data &	Size 24	  Sequence Number 12	(3293500 us)
[Central]  SENDING 		To 1	ACK 	Size 24	  Sequence Number 12	(3293500 us)
[Local]   RECEIVED 	From 2		ACK 	Size 24	  Sequence Number 11	(3294450 us)

		RTT of packet with SN 11 : 386 ms
		BASE : 12	NEXTSN : 14

[Local]   SENDING 		To 2	Data ,	Size 24	  Sequence Number 14	(3484600 us)
LOG 3485550 us Sab1 ORIGINAL Packet: 23
LOG 3485550 us Sab1 000011101001101101101110100000011000000000000000000000000000000010000000000000000000000000000000010000000000000000000000000000001011000000000000000000000000000011100100000000000000000000000000
LOG 3485550 us Sab1 CORRUPTED Packet: 23
LOG 3485550 us Sab1 000011101001101101101110100000011000000000000000000000000000000010000000000000000000000000000000010000000000000000000000000000001011000000000000000000000000000011100100000000000000000000000000
[Central]  RECEIVED 	From 1		Data '	Size 24	  Sequence Number 13	(3485550 us)
[Central]  SENDING 		To 1	ACK 	Size 24	  Sequence Number 13	(3485550 us)
[Local]   RECEIVED 	From 2		ACK 	Size 24	  Sequence Number 12	(3486500 us)

		RTT of packet with SN 12 : 386 ms
		BASE : 13	NEXTSN : 15

[Local]   SENDING 		To 2	Data .	Size 24	  Sequence Number 15	(3676650 us)
LOG 3677600 us Sab1 ORIGINAL Packet: 25
LOG 3677600 us Sab1 000011101001101101101110100000011000000000000000000000000000000010000000000000000000000000000000010000000000000000000000000000000111000000000000000000000000000000110100000000000000000000000000
LOG 3677600 us Sab1 CORRUPTED Packet: 25
LOG 3677600 us Sab1 000011101001101101101110100000011000000000000000000000000000000010000000000000000000000000000000010000000000000000000000000000000111000000000000000000000000000000110100000000000000000000000000
[Central]  RECEIVED 	From 1		Data ,	Size 24	  Sequence Number 14	(3677600 us)
[Central]  SENDING 		To 1	ACK 	Size 24	  Sequence Number 14	(3677600 us)
[Local]   RECEIVED 	From 2		ACK 	Size 24	  Sequence Number 13	(3678550 us)

		RTT of packet with SN 13 : 386 ms
		BASE : 14	NEXTSN : 16

LOG 3869650 us Sab1 ORIGINAL Packet: 27
LOG 3869650 us Sab1 000011101001101101101110100000011000000000000000000000000000000010000000000000000000000000000000010000000000000000000000000000001111000000000000000000000000000001110100000000000000000000000000
LOG 3869650 us Sab1 CORRUPTED Packet: 27
LOG 3869650 us Sab1 000011101001101101101110100000011000000000000000000000000000000010000000000000000000000000000000010000000000000000000000000000001111000000000000000000000000000001110100000000000000000000000000
[Central]  RECEIVED 	From 1		Data .	Size 24	  Sequence Number 15	(3869650 us)
[Central]  SENDING 		To 1	ACK 	Size 24	  Sequence Number 15	(3869650 us)
[Local]   RECEIVED 	From 2		ACK 	Size 24	  Sequence Number 14	(3870600 us)

		RTT of packet with SN 14 : 386 ms
		BASE : 15	NEXTSN : 16


		@@@@ timeout 1@@@@
		nextSNTemp : 5, nextSN : 1

[Local]   RECEIVED 	From 2		ACK 	Size 24	  Sequence Number 15	(4062650 us)

		RTT of packet with SN 15 : 386 ms
		BASE : 16	NEXTSN : 16


		@@@@ timeout 16@@@@
		nextSNTemp : 20, nextSN : 16

[Local]   SENDING 		To 2	Data !	Size 24	  Sequence Number 16	(4062650 us)
[Local]   SENDING 		To 2	Data #	Size 24	  Sequence Number 17	(4254700 us)
LOG 4255650 us Sab1 ORIGINAL Packet: 30
LOG 4255650 us Sab1 000011101001101101101110100000011000000000000000000000000000000010000000000000000000000000000000010000000000000000000000000000000000100000000000000000000000000010000100000000000000000000000000
LOG 4255650 us Sab1 CORRUPTED Packet: 30
LOG 4255650 us Sab1 000011101001101101101110100000011000000000000000000000000000000010000000000000000000000000000000010000000000000000000000000000000000100000000000000000000000000010000100000000000000000000000000
[Central]  RECEIVED 	From 1		Data !	Size 24	  Sequence Number 16	(4255650 us)
[Central]  SENDING 		To 1	ACK 	Size 24	  Sequence Number 16	(4255650 us)
[Local]   SENDING 		To 2	Data #	Size 24	  Sequence Number 18	(4446750 us)
LOG 4447700 us Sab1 ORIGINAL Packet: 31
LOG 4447700 us Sab1 000011101001101101101110100000011000000000000000000000000000000010000000000000000000000000000000010000000000000000000000000000001000100000000000000000000000000011000100000000000000000000000000
LOG 4447700 us Sab1 CORRUPTED Packet: 31
LOG 4447700 us Sab1 000011101001101101101110100000011000000000000000000000000000000010000000000000000000000000000000010000000000000000000000000000001000100000000000000000000000000011000100000000000000000000000000
[Central]  RECEIVED 	From 1		Data #	Size 24	  Sequence Number 17	(4447700 us)
[Central]  SENDING 		To 1	ACK 	Size 24	  Sequence Number 17	(4447700 us)
[Local]   RECEIVED 	From 2		ACK 	Size 24	  Sequence Number 16	(4448650 us)

		RTT of packet with SN 16 : 386 ms
		BASE : 17	NEXTSN : 19

[Local]   SENDING 		To 2	Data $	Size 24	  Sequence Number 19	(4638800 us)
LOG 4639750 us Sab1 ORIGINAL Packet: 33
LOG 4639750 us Sab1 000011101001101101101110100000011000000000000000000000000000000010000000000000000000000000000000010000000000000000000000000000000100100000000000000000000000000011000100000000000000000000000000
LOG 4639750 us Sab1 CORRUPTED Packet: 33
LOG 4639750 us Sab1 000011101001101101101110100000011000000000000000000000000000000010000000000000000000000000000000010000000000000000000000000000000100100000000000000000000000000011000100000000000000000000000000
[Central]  RECEIVED 	From 1		Data #	Size 24	  Sequence Number 18	(4639750 us)
[Central]  SENDING 		To 1	ACK 	Size 24	  Sequence Number 18	(4639750 us)
[Local]   RECEIVED 	From 2		ACK 	Size 24	  Sequence Number 17	(4640700 us)

		RTT of packet with SN 17 : 386 ms
		BASE : 18	NEXTSN : 20

[Local]   SENDING 		To 2	Data !	Size 24	  Sequence Number 20	(4830850 us)
LOG 4831800 us Sab1 ORIGINAL Packet: 35
LOG 4831800 us Sab1 000011101001101101101110100000011000000000000000000000000000000010000000000000000000000000000000010000000000000000000000000000001100100000000000000000000000000000100100000000000000000000000000
LOG 4831800 us Sab1 CORRUPTED Packet: 35
LOG 4831800 us Sab1 000011101001101101101110100000011000000000000000000000000000000010000000000000000000000000000000010000000000000000000000000000001100100000000000000000000000000000100100000000000000000000000000
[Central]  RECEIVED 	From 1		Data $	Size 24	  Sequence Number 19	(4831800 us)
[Central]  SENDING 		To 1	ACK 	Size 24	  Sequence Number 19	(4831800 us)
[Local]   RECEIVED 	From 2		ACK 	Size 24	  Sequence Number 18	(4832750 us)

		RTT of packet with SN 18 : 386 ms
		BASE : 19	NEXTSN : 21

LOG 5023850 us Sab1 ORIGINAL Packet: 37
LOG 5023850 us Sab1 000011101001101101101110100000011000000000000000000000000000000010000000000000000000000000000000010000000000000000000000000000000010100000000000000000000000000010000100000000000000000000000000
LOG 5023850 us Sab1 CORRUPTED Packet: 37
LOG 5023850 us Sab1 000011101001101101101110100000011000000000000000000000000000000010000000000000000000000000000000010000000000000000000000000000000010100000000000000000000000000010000100000000000000000000000000
[Central]  RECEIVED 	From 1		Data !	Size 24	  Sequence Number 20	(5023850 us)
[Central]  SENDING 		To 1	ACK 	Size 24	  Sequence Number 20	(5023850 us)
[Local]   RECEIVED 	From 2		ACK 	Size 24	  Sequence Number 19	(5024800 us)

		RTT of packet with SN 19 : 386 ms
		BASE : 20	NEXTSN : 21


		@@@@ timeout 1@@@@
		nextSNTemp : 5, nextSN : 1

[Local]   RECEIVED 	From 2		ACK 	Size 24	  Sequence Number 20	(5216850 us)

		RTT of packet with SN 20 : 386 ms
		BASE : 21	NEXTSN : 21


		@@@@ timeout 21@@@@
		nextSNTemp : 25, nextSN : 21

[Local]   SENDING 		To 2	Data *	Size 24	  Sequence Number 21	(5216850 us)
[Local]   SENDING 		To 2	Data #	Size 24	  Sequence Number 22	(5408900 us)
LOG 5409850 us Sab1 ORIGINAL Packet: 40
LOG 5409850 us Sab1 000011101001101101101110100000011000000000000000000000000000000010000000000000000000000000000000010000000000000000000000000000001010100000000000000000000000000001010100000000000000000000000000
LOG 5409850 us Sab1 CORRUPTED Packet: 40
LOG 5409850 us Sab1 000011101001101101101110100000011000000000000000000000000000000010000000000000000000000000000000010000000000000000000000000000001010100000000000000000000000000001010100000000000000000000000000
[Central]  RECEIVED 	From 1		Data *	Size 24	  Sequence Number 21	(5409850 us)
[Central]  SENDING 		To 1	ACK 	Size 24	  Sequence Number 21	(5409850 us)
[Local]   SENDING 		To 2	Data -	Size 24	  Sequence Number 23	(5600950 us)
LOG 5601900 us Sab1 ORIGINAL Packet: 41
LOG 5601900 us Sab1 000011101001101101101110100000011000000000000000000000000000000010000000000000000000000000000000010000000000000000000000000000000110100000000000000000000000000011000100000000000000000000000000
LOG 5601900 us Sab1 CORRUPTED Packet: 41
LOG 5601900 us Sab1 000011101001101101101110100000011000000000000000000000000000000010000000000000000000000000000000010000000000000000000000000000000110100000000000000000000000000011000100000000000000000000000000
[Central]  RECEIVED 	From 1		Data #	Size 24	  Sequence Number 22	(5601900 us)
[Central]  SENDING 		To 1	ACK 	Size 24	  Sequence Number 22	(5601900 us)
[Local]   RECEIVED 	From 2		ACK 	Size 24	  Sequence Number 21	(5602850 us)

		RTT of packet with SN 21 : 386 ms
		BASE : 22	NEXTSN : 24

[Local]   SENDING 		To 2	Data -	Size 24	  Sequence Number 24	(5793 ms)
LOG 5793950 us Sab1 ORIGINAL Packet: 43
LOG 5793950 us Sab1 000011101001101101101110100000011000000000000000000000000000000010000000000000000000000000000000010000000000000000000000000000001110100000000000000000000000000010110100000000000000000000000000
LOG 5793950 us Sab1 CORRUPTED Packet: 43
LOG 5793950 us Sab1 000011101001101101101110100000011000000000000000000000000000000010000000000000000000000000000000010000000000000000000000000000001110100000000000000000000000000010110100000000000000000000000000
[Central]  RECEIVED 	From 1		Data -	Size 24	  Sequence Number 23	(5793950 us)
[Central]  SENDING 		To 1	ACK 	Size 24	  Sequence Number 23	(5793950 us)
[Local]   RECEIVED 	From 2		ACK 	Size 24	  Sequence Number 22	(5794900 us)

		RTT of packet with SN 22 : 386 ms
		BASE : 23	NEXTSN : 25

[Local]   SENDING 		To 2	Data "	Size 24	  Sequence Number 25	(5985050 us)
LOG 5986 ms Sab1 ORIGINAL Packet: 45
LOG 5986 ms Sab1 000011101001101101101110100000011000000000000000000000000000000010000000000000000000000000000000010000000000000000000000000000000001100000000000000000000000000010110100000000000000000000000000
LOG 5986 ms Sab1 CORRUPTED Packet: 45
LOG 5986 ms Sab1 000011101001101101101110100000011000000000000000000000000000000010000000000000000000000000000000010000000000000000000000000000000001100000000000000000000000000010110100000000000000000000000000
[Central]  RECEIVED 	From 1		Data -	Size 24	  Sequence Number 24	(5986 ms)
[Central]  SENDING 		To 1	ACK 	Size 24	  Sequence Number 24	(5986 ms)
[Local]   RECEIVED 	From 2		ACK 	Size 24	  Sequence Number 23	(5986950 us)

		RTT of packet with SN 23 : 386 ms
		BASE : 24	NEXTSN : 26

LOG 6178050 us Sab1 ORIGINAL Packet: 47
LOG 6178050 us Sab1 000011101001101101101110100000011000000000000000000000000000000010000000000000000000000000000000010000000000000000000000000000001001100000000000000000000000000001000100000000000000000000000000
LOG 6178050 us Sab1 CORRUPTED Packet: 47
LOG 6178050 us Sab1 000011101001101101101110100000011000000000000000000000000000000010000000000000000000000000000000010000000000000000000000000000001001100000000000000000000000000001000100000000000000000000000000
[Central]  RECEIVED 	From 1		Data "	Size 24	  Sequence Number 25	(6178050 us)
[Central]  SENDING 		To 1	ACK 	Size 24	  Sequence Number 25	(6178050 us)
[Local]   RECEIVED 	From 2		ACK 	Size 24	  Sequence Number 24	(6179 ms)

		RTT of packet with SN 24 : 386 ms
		BASE : 25	NEXTSN : 26


		@@@@ timeout 1@@@@
		nextSNTemp : 5, nextSN : 1

[Local]   RECEIVED 	From 2		ACK 	Size 24	  Sequence Number 25	(6371050 us)

		RTT of packet with SN 25 : 386 ms
		BASE : 26	NEXTSN : 26


		@@@@ timeout 26@@@@
		nextSNTemp : 30, nextSN : 26

[Local]   SENDING 		To 2	Data &	Size 24	  Sequence Number 26	(6371050 us)
[Local]   SENDING 		To 2	Data &	Size 24	  Sequence Number 27	(6563100 us)
LOG 6564050 us Sab1 ORIGINAL Packet: 50
LOG 6564050 us Sab1 000011101001101101101110100000011000000000000000000000000000000010000000000000000000000000000000010000000000000000000000000000000101100000000000000000000000000001100100000000000000000000000000
LOG 6564050 us Sab1 CORRUPTED Packet: 50
LOG 6564050 us Sab1 000011101001101101101110100000011000000000000000000000000000000010000000000000000000000000000000010000000000000000000000000000000101100000000000000000000000000001100100000000000000000000000000
[Central]  RECEIVED 	From 1		Data &	Size 24	  Sequence Number 26	(6564050 us)
[Central]  SENDING 		To 1	ACK 	Size 24	  Sequence Number 26	(6564050 us)
[Local]   SENDING 		To 2	Data !	Size 24	  Sequence Number 28	(6755150 us)
LOG 6756100 us Sab1 ORIGINAL Packet: 51
LOG 6756100 us Sab1 000011101001101101101110100000011000000000000000000000000000000010000000000000000000000000000000010000000000000000000000000000001101100000000000000000000000000001100100000000000000000000000000
LOG 6756100 us Sab1 CORRUPTED Packet: 51
LOG 6756100 us Sab1 000011101001101101101110100000011000000000000000000000000000000010000000000000000000000000000000010000000000000000000000000000001101100000000000000000000000000001100100000000000000000000000000
[Central]  RECEIVED 	From 1		Data &	Size 24	  Sequence Number 27	(6756100 us)
[Central]  SENDING 		To 1	ACK 	Size 24	  Sequence Number 27	(6756100 us)
[Local]   RECEIVED 	From 2		ACK 	Size 24	  Sequence Number 26	(6757050 us)

		RTT of packet with SN 26 : 386 ms
		BASE : 27	NEXTSN : 29

[Local]   SENDING 		To 2	Data -	Size 24	  Sequence Number 29	(6947200 us)
LOG 6948150 us Sab1 ORIGINAL Packet: 53
LOG 6948150 us Sab1 000011101001101101101110100000011000000000000000000000000000000010000000000000000000000000000000010000000000000000000000000000000011100000000000000000000000000010000100000000000000000000000000
LOG 6948150 us Sab1 CORRUPTED Packet: 53
LOG 6948150 us Sab1 000011101001101101101110100000011000000000000000000000000000000010000000000000000000000000000000010000000000000000000000000000000011100000000000000000000000000010000100000000000000000000000000
[Local]   RECEIVED 	From 2		ACK 	Size 24	  Sequence Number 27	(6949100 us)

		RTT of packet with SN 27 : 386 ms
		BASE : 28	NEXTSN : 30


		@@@@ timeout 1@@@@
		nextSNTemp : 5, nextSN : 1

[Local]   SENDING 		To 2	Data $	Size 24	  Sequence Number 30	(7139250 us)
LOG 7140200 us Sab1 ORIGINAL Packet: 55
LOG 7140200 us Sab1 000011101001101101101110100000011000000000000000000000000000000010000000000000000000000000000000010000000000000000000000000000001011100000000000000000000000000010110100000000000000000000000000
LOG 7140200 us Sab1 CORRUPTED Packet: 55
LOG 7140200 us Sab1 000011101001101101101110100000011000000000000000000000000000000010000000000000000000000000000000010000000000000000000000000000001011100000000000000000000000000010110100000000000000000000000000
[Central]  RECEIVED 	From 1		Data -	Size 24	  Sequence Number 29	(7140200 us)
[Central]  SENDING 		To 1	ACK 	Size 24	  Sequence Number 27	(7140200 us)
LOG 7332250 us Sab1 ORIGINAL Packet: 56
LOG 7332250 us Sab1 000011101001101101101110100000011000000000000000000000000000000010000000000000000000000000000000010000000000000000000000000000000111100000000000000000000000000000100100000000000000000000000000
LOG 7332250 us Sab1 CORRUPTED Packet: 56
LOG 7332250 us Sab1 000011101001101101101110100000011000000000000000000000000000000010000000000000000000000000000000010000000000000000000000000000000111100000000000000000000000000000100100000000000000000000000000
[Central]  RECEIVED 	From 1		Data $	Size 24	  Sequence Number 30	(7332250 us)
[Central]  SENDING 		To 1	ACK 	Size 24	  Sequence Number 27	(7332250 us)

		Error - Wrong ACK --- Expected : 28, Actual : 27 -- the ACK will be discarded


		@@@@ timeout 28@@@@
		nextSNTemp : 32, nextSN : 28

[Local]   SENDING 		To 2	Data !	Size 24	  Sequence Number 28	(7355200 us)

		Error - Wrong ACK --- Expected : 28, Actual : 27 -- the ACK will be discarded

[Local]   SENDING 		To 2	Data -	Size 24	  Sequence Number 29	(7547250 us)
LOG 7548200 us Sab1 ORIGINAL Packet: 59
LOG 7548200 us Sab1 000011101001101101101110100000011000000000000000000000000000000010000000000000000000000000000000010000000000000000000000000000000011100000000000000000000000000010000100000000000000000000000000
LOG 7548200 us Sab1 CORRUPTED Packet: 59
LOG 7548200 us Sab1 000011101001101101101110100000011000000000000000000000000000000010000000000000000000000000000000010000000000000000000000000000000011100000000000000000000000000010000100000000000000000000000000
[Central]  RECEIVED 	From 1		Data !	Size 24	  Sequence Number 28	(7548200 us)
[Central]  SENDING 		To 1	ACK 	Size 24	  Sequence Number 28	(7548200 us)
[Local]   SENDING 		To 2	Data $	Size 24	  Sequence Number 30	(7739300 us)
LOG 7740250 us Sab1 ORIGINAL Packet: 60
LOG 7740250 us Sab1 000011101001101101101110100000011000000000000000000000000000000010000000000000000000000000000000010000000000000000000000000000001011100000000000000000000000000010110100000000000000000000000000
LOG 7740250 us Sab1 CORRUPTED Packet: 60
LOG 7740250 us Sab1 000011101001101101101110100000011000000000000000000000000000000010000000000000000000000000000000010000000000000000000000000000001011100000000000000000000000000010110100000000000000000000000000
[Central]  RECEIVED 	From 1		Data -	Size 24	  Sequence Number 29	(7740250 us)
[Central]  SENDING 		To 1	ACK 	Size 24	  Sequence Number 29	(7740250 us)
[Local]   RECEIVED 	From 2		ACK 	Size 24	  Sequence Number 28	(7741200 us)

		RTT of packet with SN 28 : 386 ms
		BASE : 29	NEXTSN : 31

[Local]   SENDING 		To 2	Data *	Size 24	  Sequence Number 31	(7931350 us)
LOG 7932300 us Sab1 ORIGINAL Packet: 62
LOG 7932300 us Sab1 000011101001101101101110100000011000000000000000000000000000000010000000000000000000000000000000010000000000000000000000000000000111100000000000000000000000000000100100000000000000000000000000
LOG 7932300 us Sab1 CORRUPTED Packet: 62
LOG 7932300 us Sab1 000011101001101101101110100000011000000000000000000000000000000010000000000000000000000000000000010000000000000000000000000000000111100000000000000000000000000000100100000000000000000000000000
[Central]  RECEIVED 	From 1		Data $	Size 24	  Sequence Number 30	(7932300 us)
[Central]  SENDING 		To 1	ACK 	Size 24	  Sequence Number 30	(7932300 us)
[Local]   RECEIVED 	From 2		ACK 	Size 24	  Sequence Number 29	(7933250 us)

		RTT of packet with SN 29 : 386 ms
		BASE : 30	NEXTSN : 32


Info: /OSCI/SystemC: Simulation stopped by user.
