
Local   <-->  Central with FullDuplex channel

+----------------------------------------------------------------------------------------------+
|TASK     ACTION        FROM    TO      DATA    SIZE      SEQUENCE NUMBER       TIME STAMP     |
+----------------------------------------------------------------------------------------------+
[Local]   SENDING 		To 2	Data "	Size 24	  Sequence Number 1	(50 us)
[Local]   SENDING 		To 2	Data %	Size 24	  Sequence Number 2	(192100 us)
LOG 193050 us Sab1 ORIGINAL Packet: 0
LOG 193050 us Sab1 000011101001111110001010001110001000000000000000000000000000000010000000000000000000000000000000010000000000000000000000000000001000000000000000000000000000000001000100000000000000000000000000
LOG 193050 us Sab1 CORRUPTING bit: 66 of Packet: 0 with ERROR_BIT: 0.009
LOG 193050 us Sab1 CORRUPTING bit: 172 of Packet: 0 with ERROR_BIT: 0.009
LOG 193050 us Sab1 CORRUPTED Packet: 0
LOG 193050 us Sab1 000011101001111110001010001110001000000000000000000000000000000010100000000000000000000000000000010000000000000000000000000000001000000000000000000000000000000001000100000010000000000000000000
[Central]  RECEIVED 	From 1		Data "	Size 24	  Sequence Number 1	(193050 us)
[Central]  SENDING 		To 5	ACK 	Size 24	  Sequence Number 1	(193050 us)
LOG 385100 us Sab1 ORIGINAL Packet: 1
LOG 385100 us Sab1 000011101001111110001010001110001000000000000000000000000000000010000000000000000000000000000000010000000000000000000000000000000100000000000000000000000000000010100100000000000000000000000000
LOG 385100 us Sab1 CORRUPTING bit: 188 of Packet: 1 with ERROR_BIT: 0.009
LOG 385100 us Sab1 CORRUPTED Packet: 1
LOG 385100 us Sab1 000011101001111110001010001110001000000000000000000000000000000010000000000000000000000000000000010000000000000000000000000000000100000000000000000000000000000010100100000000000000000000001000
[Central]  RECEIVED 	From 1		Data %	Size 24	  Sequence Number 2	(385100 us)
[Central]  SENDING 		To 1	ACK 	Size 24	  Sequence Number 2	(385100 us)
[Local]   RECEIVED 	From 2		ACK 	Size 24	  Sequence Number 1	(386050 us)

		RTT of packet with SN 1 : 386050 us
		BASE : 2	NEXTSN : 3

[Local]   RECEIVED 	From 2		ACK 	Size 24	  Sequence Number 2	(578100 us)

		RTT of packet with SN 2 : 386 ms
		BASE : 3	NEXTSN : 3


		@@@@ timeout 1@@@@
		nextSNTemp : 5, nextSN : 1


		@@@@ timeout 3@@@@
		nextSNTemp : 7, nextSN : 3

[Local]   SENDING 		To 2	Data *	Size 24	  Sequence Number 3	(600050 us)
[Local]   SENDING 		To 2	Data &	Size 24	  Sequence Number 4	(792100 us)
LOG 793050 us Sab1 ORIGINAL Packet: 4
LOG 793050 us Sab1 000011101001111110001010001110001000000000000000000000000000000010000000000000000000000000000000010000000000000000000000000000001100000000000000000000000000000001010100000000000000000000000000
LOG 793050 us Sab1 CORRUPTING bit: 153 of Packet: 4 with ERROR_BIT: 0.009
LOG 793050 us Sab1 CORRUPTED Packet: 4
LOG 793050 us Sab1 000011101001111110001010001110001000000000000000000000000000000010000000000000000000000000000000010000000000000000000000000000001100000000000000000000000100000001010100000000000000000000000000
[Central]  RECEIVED 	From 1		Data *	Size 24	  Sequence Number 33554435	(793050 us)
[Central]  SENDING 		To 1	ACK 	Size 24	  Sequence Number 3	(793050 us)
[Local]   SENDING 		To 2	Data "	Size 24	  Sequence Number 5	(984150 us)
LOG 985100 us Sab1 ORIGINAL Packet: 5
LOG 985100 us Sab1 000011101001111110001010001110001000000000000000000000000000000010000000000000000000000000000000010000000000000000000000000000000010000000000000000000000000000001100100000000000000000000000000
LOG 985100 us Sab1 CORRUPTING bit: 134 of Packet: 5 with ERROR_BIT: 0.009
LOG 985100 us Sab1 CORRUPTED Packet: 5
LOG 985100 us Sab1 000011101001111110001010001110001000000000000000000000000000000010000000000000000000000000000000010000000000000000000000000000000010001000000000000000000000000001100100000000000000000000000000
[Central]  RECEIVED 	From 1		Data &	Size 24	  Sequence Number 68	(985100 us)
[Central]  SENDING 		To 1	ACK 	Size 24	  Sequence Number 3	(985100 us)
[Local]   RECEIVED 	From 2		ACK 	Size 24	  Sequence Number 3	(986050 us)

		RTT of packet with SN 3 : 386 ms
		BASE : 4	NEXTSN : 6

[Local]   SENDING 		To 2	Data $	Size 24	  Sequence Number 6	(1176200 us)
LOG 1177150 us Sab1 ORIGINAL Packet: 7
LOG 1177150 us Sab1 000011101001111110001010001110001000000000000000000000000000000010000000000000000000000000000000010000000000000000000000000000001010000000000000000000000000000001000100000000000000000000000000
LOG 1177150 us Sab1 CORRUPTING bit: 161 of Packet: 7 with ERROR_BIT: 0.009
LOG 1177150 us Sab1 CORRUPTED Packet: 7
LOG 1177150 us Sab1 000011101001111110001010001110001000000000000000000000000000000010000000000000000000000000000000010000000000000000000000000000001010000000000000000000000000000000000100000000000000000000000000
[Central]  RECEIVED 	From 1		Data  	Size 24	  Sequence Number 5	(1177150 us)
[Central]  SENDING 		To 1	ACK 	Size 24	  Sequence Number 3	(1177150 us)

		Error - Wrong ACK --- Expected : 4, Actual : 3 -- the ACK will be discarded

[Local]   SENDING 		To 2	Data #	Size 24	  Sequence Number 7	(1368250 us)
LOG 1369200 us Sab1 ORIGINAL Packet: 9
LOG 1369200 us Sab1 000011101001111110001010001110001000000000000000000000000000000010000000000000000000000000000000010000000000000000000000000000000110000000000000000000000000000000100100000000000000000000000000
LOG 1369200 us Sab1 CORRUPTING bit: 27 of Packet: 9 with ERROR_BIT: 0.009
LOG 1369200 us Sab1 CORRUPTING bit: 133 of Packet: 9 with ERROR_BIT: 0.009
LOG 1369200 us Sab1 CORRUPTED Packet: 9
LOG 1369200 us Sab1 000011101001111110001010001010001000000000000000000000000000000010000000000000000000000000000000010000000000000000000000000000000110010000000000000000000000000000100100000000000000000000000000
[Central]  RECEIVED 	From 1		Data $	Size 24	  Sequence Number 38	(1369200 us)
[Central]  SENDING 		To 1	ACK 	Size 24	  Sequence Number 3	(1369200 us)

		Error - Wrong ACK --- Expected : 4, Actual : 3 -- the ACK will be discarded


		@@@@ timeout 4@@@@
		nextSNTemp : 8, nextSN : 4

[Local]   SENDING 		To 2	Data &	Size 24	  Sequence Number 4	(1560300 us)
LOG 1561250 us Sab1 ORIGINAL Packet: 11
LOG 1561250 us Sab1 000011101001111110001010001110001000000000000000000000000000000010000000000000000000000000000000010000000000000000000000000000001110000000000000000000000000000011000100000000000000000000000000
LOG 1561250 us Sab1 CORRUPTING bit: 70 of Packet: 11 with ERROR_BIT: 0.009
LOG 1561250 us Sab1 CORRUPTING bit: 84 of Packet: 11 with ERROR_BIT: 0.009
LOG 1561250 us Sab1 CORRUPTING bit: 180 of Packet: 11 with ERROR_BIT: 0.009
LOG 1561250 us Sab1 CORRUPTED Packet: 11
LOG 1561250 us Sab1 000011101001111110001010001110001000000000000000000000000000000010000010000000000000100000000000010000000000000000000000000000001110000000000000000000000000000011000100000000000000100000000000
[Central]  RECEIVED 	From 1		Data #	Size 24	  Sequence Number 7	(1561250 us)
[Central]  SENDING 		To 1048641	ACK 	Size 24	  Sequence Number 3	(1561250 us)

		Error - Wrong ACK --- Expected : 4, Actual : 3 -- the ACK will be discarded

[Local]   SENDING 		To 2	Data "	Size 24	  Sequence Number 5	(1752350 us)
LOG 1753300 us Sab1 ORIGINAL Packet: 13
LOG 1753300 us Sab1 000011101001111110001010001110001000000000000000000000000000000010000000000000000000000000000000010000000000000000000000000000000010000000000000000000000000000001100100000000000000000000000000
LOG 1753300 us Sab1 CORRUPTING bit: 134 of Packet: 13 with ERROR_BIT: 0.009
LOG 1753300 us Sab1 CORRUPTED Packet: 13
LOG 1753300 us Sab1 000011101001111110001010001110001000000000000000000000000000000010000000000000000000000000000000010000000000000000000000000000000010001000000000000000000000000001100100000000000000000000000000
[Central]  RECEIVED 	From 1		Data &	Size 24	  Sequence Number 68	(1753300 us)
[Central]  SENDING 		To 1	ACK 	Size 24	  Sequence Number 3	(1753300 us)

		Error - Wrong ACK --- Expected : 4, Actual : 3 -- the ACK will be discarded

[Local]   SENDING 		To 2	Data $	Size 24	  Sequence Number 6	(1944400 us)
LOG 1945350 us Sab1 ORIGINAL Packet: 15
LOG 1945350 us Sab1 000011101001111110001010001110001000000000000000000000000000000010000000000000000000000000000000010000000000000000000000000000001010000000000000000000000000000001000100000000000000000000000000
LOG 1945350 us Sab1 CORRUPTING bit: 102 of Packet: 15 with ERROR_BIT: 0.009
LOG 1945350 us Sab1 CORRUPTING bit: 113 of Packet: 15 with ERROR_BIT: 0.009
LOG 1945350 us Sab1 CORRUPTED Packet: 15
LOG 1945350 us Sab1 000011101001111110001010001110001000000000000000000000000000000010000000000000000000000000000000010000100000000001000000000000001010000000000000000000000000000001000100000000000000000000000000
[Central]  RECEIVED 	From 1		Data "	Size 24	  Sequence Number 5	(1945350 us)
[Central]  SENDING 		To 1	ACK 	Size 24	  Sequence Number 3	(1945350 us)

		Error - Wrong ACK --- Expected : 4, Actual : 3 -- the ACK will be discarded

[Local]   SENDING 		To 2	Data #	Size 24	  Sequence Number 7	(2136450 us)
LOG 2137400 us Sab1 ORIGINAL Packet: 17
LOG 2137400 us Sab1 000011101001111110001010001110001000000000000000000000000000000010000000000000000000000000000000010000000000000000000000000000000110000000000000000000000000000000100100000000000000000000000000
LOG 2137400 us Sab1 CORRUPTING bit: 119 of Packet: 17 with ERROR_BIT: 0.009
LOG 2137400 us Sab1 CORRUPTED Packet: 17
LOG 2137400 us Sab1 000011101001111110001010001110001000000000000000000000000000000010000000000000000000000000000000010000000000000000000001000000000110000000000000000000000000000000100100000000000000000000000000
[Central]  RECEIVED 	From 1		Data $	Size 24	  Sequence Number 6	(2137400 us)
[Central]  SENDING 		To 1	ACK 	Size 24	  Sequence Number 3	(2137400 us)

		Error - Wrong ACK --- Expected : 4, Actual : 3 -- the ACK will be discarded


		@@@@ timeout 4@@@@
		nextSNTemp : 8, nextSN : 4

[Local]   SENDING 		To 2	Data &	Size 24	  Sequence Number 4	(2328500 us)
LOG 2329450 us Sab1 ORIGINAL Packet: 19
LOG 2329450 us Sab1 000011101001111110001010001110001000000000000000000000000000000010000000000000000000000000000000010000000000000000000000000000001110000000000000000000000000000011000100000000000000000000000000
LOG 2329450 us Sab1 CORRUPTING bit: 69 of Packet: 19 with ERROR_BIT: 0.009
LOG 2329450 us Sab1 CORRUPTED Packet: 19
LOG 2329450 us Sab1 000011101001111110001010001110001000000000000000000000000000000010000100000000000000000000000000010000000000000000000000000000001110000000000000000000000000000011000100000000000000000000000000
[Central]  RECEIVED 	From 1		Data #	Size 24	  Sequence Number 7	(2329450 us)
[Central]  SENDING 		To 33	ACK 	Size 24	  Sequence Number 3	(2329450 us)

		Error - Wrong ACK --- Expected : 4, Actual : 3 -- the ACK will be discarded

[Local]   SENDING 		To 2	Data "	Size 24	  Sequence Number 5	(2520550 us)
LOG 2521500 us Sab1 ORIGINAL Packet: 21
LOG 2521500 us Sab1 000011101001111110001010001110001000000000000000000000000000000010000000000000000000000000000000010000000000000000000000000000000010000000000000000000000000000001100100000000000000000000000000
LOG 2521500 us Sab1 CORRUPTING bit: 10 of Packet: 21 with ERROR_BIT: 0.009
LOG 2521500 us Sab1 CORRUPTING bit: 168 of Packet: 21 with ERROR_BIT: 0.009
LOG 2521500 us Sab1 CORRUPTING bit: 184 of Packet: 21 with ERROR_BIT: 0.009
LOG 2521500 us Sab1 CORRUPTED Packet: 21
LOG 2521500 us Sab1 000011101011111110001010001110001000000000000000000000000000000010000000000000000000000000000000010000000000000000000000000000000010000000000000000000000000000001100100100000000000000010000000
[Central]  RECEIVED 	From 1		Data &	Size 24	  Sequence Number 4	(2521500 us)
[Central]  SENDING 		To 1	ACK 	Size 24	  Sequence Number 3	(2521500 us)

		Error - Wrong ACK --- Expected : 4, Actual : 3 -- the ACK will be discarded

[Local]   SENDING 		To 2	Data $	Size 24	  Sequence Number 6	(2712600 us)
LOG 2713550 us Sab1 ORIGINAL Packet: 23
LOG 2713550 us Sab1 000011101001111110001010001110001000000000000000000000000000000010000000000000000000000000000000010000000000000000000000000000001010000000000000000000000000000001000100000000000000000000000000
LOG 2713550 us Sab1 CORRUPTED Packet: 23
LOG 2713550 us Sab1 000011101001111110001010001110001000000000000000000000000000000010000000000000000000000000000000010000000000000000000000000000001010000000000000000000000000000001000100000000000000000000000000
[Central]  RECEIVED 	From 1		Data "	Size 24	  Sequence Number 5	(2713550 us)
[Central]  SENDING 		To 1	ACK 	Size 24	  Sequence Number 3	(2713550 us)

		Error - Wrong ACK --- Expected : 4, Actual : 3 -- the ACK will be discarded

[Local]   SENDING 		To 2	Data #	Size 24	  Sequence Number 7	(2904650 us)
LOG 2905600 us Sab1 ORIGINAL Packet: 25
LOG 2905600 us Sab1 000011101001111110001010001110001000000000000000000000000000000010000000000000000000000000000000010000000000000000000000000000000110000000000000000000000000000000100100000000000000000000000000
LOG 2905600 us Sab1 CORRUPTING bit: 19 of Packet: 25 with ERROR_BIT: 0.009
LOG 2905600 us Sab1 CORRUPTING bit: 154 of Packet: 25 with ERROR_BIT: 0.009
LOG 2905600 us Sab1 CORRUPTED Packet: 25
LOG 2905600 us Sab1 000011101001111110011010001110001000000000000000000000000000000010000000000000000000000000000000010000000000000000000000000000000110000000000000000000000010000000100100000000000000000000000000
[Central]  RECEIVED 	From 1		Data $	Size 24	  Sequence Number 67108870	(2905600 us)
[Central]  SENDING 		To 1	ACK 	Size 24	  Sequence Number 3	(2905600 us)

		Error - Wrong ACK --- Expected : 4, Actual : 3 -- the ACK will be discarded


		@@@@ timeout 4@@@@
		nextSNTemp : 8, nextSN : 4

[Local]   SENDING 		To 2	Data &	Size 24	  Sequence Number 4	(3096700 us)
LOG 3097650 us Sab1 ORIGINAL Packet: 27
LOG 3097650 us Sab1 000011101001111110001010001110001000000000000000000000000000000010000000000000000000000000000000010000000000000000000000000000001110000000000000000000000000000011000100000000000000000000000000
LOG 3097650 us Sab1 CORRUPTING bit: 50 of Packet: 27 with ERROR_BIT: 0.009
LOG 3097650 us Sab1 CORRUPTED Packet: 27
LOG 3097650 us Sab1 000011101001111110001010001110001000000000000000001000000000000010000000000000000000000000000000010000000000000000000000000000001110000000000000000000000000000011000100000000000000000000000000
[Central]  RECEIVED 	From 262145		Data #	Size 24	  Sequence Number 7	(3097650 us)
[Central]  SENDING 		To 1	ACK 	Size 24	  Sequence Number 3	(3097650 us)

		Error - Wrong ACK --- Expected : 4, Actual : 3 -- the ACK will be discarded

[Local]   SENDING 		To 2	Data "	Size 24	  Sequence Number 5	(3288750 us)
LOG 3289700 us Sab1 ORIGINAL Packet: 29
LOG 3289700 us Sab1 000011101001111110001010001110001000000000000000000000000000000010000000000000000000000000000000010000000000000000000000000000000010000000000000000000000000000001100100000000000000000000000000
LOG 3289700 us Sab1 CORRUPTING bit: 60 of Packet: 29 with ERROR_BIT: 0.009
LOG 3289700 us Sab1 CORRUPTING bit: 98 of Packet: 29 with ERROR_BIT: 0.009
LOG 3289700 us Sab1 CORRUPTING bit: 173 of Packet: 29 with ERROR_BIT: 0.009
LOG 3289700 us Sab1 CORRUPTED Packet: 29
LOG 3289700 us Sab1 000011101001111110001010001110001000000000000000000000000000100010000000000000000000000000000000011000000000000000000000000000000010000000000000000000000000000001100100000001000000000000000000
[Central]  RECEIVED 	From 268435457		Data &	Size 24	  Sequence Number 4	(3289700 us)
[Central]  SENDING 		To 1	ACK 	Size 24	  Sequence Number 3	(3289700 us)

		Error - Wrong ACK --- Expected : 4, Actual : 3 -- the ACK will be discarded

[Local]   SENDING 		To 2	Data $	Size 24	  Sequence Number 6	(3480800 us)
LOG 3481750 us Sab1 ORIGINAL Packet: 31
LOG 3481750 us Sab1 000011101001111110001010001110001000000000000000000000000000000010000000000000000000000000000000010000000000000000000000000000001010000000000000000000000000000001000100000000000000000000000000
LOG 3481750 us Sab1 CORRUPTING bit: 82 of Packet: 31 with ERROR_BIT: 0.009
LOG 3481750 us Sab1 CORRUPTING bit: 125 of Packet: 31 with ERROR_BIT: 0.009
LOG 3481750 us Sab1 CORRUPTED Packet: 31
LOG 3481750 us Sab1 000011101001111110001010001110001000000000000000000000000000000010000000000000000010000000000000010000000000000000000000000001001010000000000000000000000000000001000100000000000000000000000000
[Central]  RECEIVED 	From 1		Data "	Size 24	  Sequence Number 5	(3481750 us)
[Central]  SENDING 		To 262145	ACK 	Size 24	  Sequence Number 3	(3481750 us)

		Error - Wrong ACK --- Expected : 4, Actual : 3 -- the ACK will be discarded

[Local]   SENDING 		To 2	Data #	Size 24	  Sequence Number 7	(3672850 us)
LOG 3673800 us Sab1 ORIGINAL Packet: 33
LOG 3673800 us Sab1 000011101001111110001010001110001000000000000000000000000000000010000000000000000000000000000000010000000000000000000000000000000110000000000000000000000000000000100100000000000000000000000000
LOG 3673800 us Sab1 CORRUPTING bit: 9 of Packet: 33 with ERROR_BIT: 0.009
LOG 3673800 us Sab1 CORRUPTING bit: 46 of Packet: 33 with ERROR_BIT: 0.009
LOG 3673800 us Sab1 CORRUPTED Packet: 33
LOG 3673800 us Sab1 000011101101111110001010001110001000000000000010000000000000000010000000000000000000000000000000010000000000000000000000000000000110000000000000000000000000000000100100000000000000000000000000
[Central]  RECEIVED 	From 16385		Data $	Size 24	  Sequence Number 6	(3673800 us)
[Central]  SENDING 		To 1	ACK 	Size 24	  Sequence Number 3	(3673800 us)

		Error - Wrong ACK --- Expected : 4, Actual : 3 -- the ACK will be discarded


		@@@@ timeout 4@@@@
		nextSNTemp : 8, nextSN : 4

[Local]   SENDING 		To 2	Data &	Size 24	  Sequence Number 4	(3864900 us)
LOG 3865850 us Sab1 ORIGINAL Packet: 35
LOG 3865850 us Sab1 000011101001111110001010001110001000000000000000000000000000000010000000000000000000000000000000010000000000000000000000000000001110000000000000000000000000000011000100000000000000000000000000
LOG 3865850 us Sab1 CORRUPTING bit: 49 of Packet: 35 with ERROR_BIT: 0.009
LOG 3865850 us Sab1 CORRUPTED Packet: 35
LOG 3865850 us Sab1 000011101001111110001010001110001000000000000000010000000000000010000000000000000000000000000000010000000000000000000000000000001110000000000000000000000000000011000100000000000000000000000000
[Central]  RECEIVED 	From 131073		Data #	Size 24	  Sequence Number 7	(3865850 us)
[Central]  SENDING 		To 1	ACK 	Size 24	  Sequence Number 3	(3865850 us)

		Error - Wrong ACK --- Expected : 4, Actual : 3 -- the ACK will be discarded

[Local]   SENDING 		To 2	Data "	Size 24	  Sequence Number 5	(4056950 us)
LOG 4057900 us Sab1 ORIGINAL Packet: 37
LOG 4057900 us Sab1 000011101001111110001010001110001000000000000000000000000000000010000000000000000000000000000000010000000000000000000000000000000010000000000000000000000000000001100100000000000000000000000000
LOG 4057900 us Sab1 CORRUPTING bit: 25 of Packet: 37 with ERROR_BIT: 0.009
LOG 4057900 us Sab1 CORRUPTING bit: 78 of Packet: 37 with ERROR_BIT: 0.009
LOG 4057900 us Sab1 CORRUPTING bit: 84 of Packet: 37 with ERROR_BIT: 0.009
LOG 4057900 us Sab1 CORRUPTED Packet: 37
LOG 4057900 us Sab1 000011101001111110001010011110001000000000000000000000000000000010000000000000100000100000000000010000000000000000000000000000000010000000000000000000000000000001100100000000000000000000000000
[Central]  RECEIVED 	From 1		Data &	Size 24	  Sequence Number 4	(4057900 us)
[Central]  SENDING 		To 1064961	ACK 	Size 24	  Sequence Number 3	(4057900 us)

		Error - Wrong ACK --- Expected : 4, Actual : 3 -- the ACK will be discarded

[Local]   SENDING 		To 2	Data $	Size 24	  Sequence Number 6	(4249 ms)
LOG 4249950 us Sab1 ORIGINAL Packet: 39
LOG 4249950 us Sab1 000011101001111110001010001110001000000000000000000000000000000010000000000000000000000000000000010000000000000000000000000000001010000000000000000000000000000001000100000000000000000000000000
LOG 4249950 us Sab1 CORRUPTING bit: 110 of Packet: 39 with ERROR_BIT: 0.009
LOG 4249950 us Sab1 CORRUPTED Packet: 39
LOG 4249950 us Sab1 000011101001111110001010001110001000000000000000000000000000000010000000000000000000000000000000010000000000001000000000000000001010000000000000000000000000000001000100000000000000000000000000
[Central]  RECEIVED 	From 1		Data "	Size 24	  Sequence Number 5	(4249950 us)
[Central]  SENDING 		To 1	ACK 	Size 24	  Sequence Number 3	(4249950 us)

		Error - Wrong ACK --- Expected : 4, Actual : 3 -- the ACK will be discarded

[Local]   SENDING 		To 2	Data #	Size 24	  Sequence Number 7	(4441050 us)
LOG 4442 ms Sab1 ORIGINAL Packet: 41
LOG 4442 ms Sab1 000011101001111110001010001110001000000000000000000000000000000010000000000000000000000000000000010000000000000000000000000000000110000000000000000000000000000000100100000000000000000000000000
LOG 4442 ms Sab1 CORRUPTING bit: 35 of Packet: 41 with ERROR_BIT: 0.009
LOG 4442 ms Sab1 CORRUPTING bit: 40 of Packet: 41 with ERROR_BIT: 0.009
LOG 4442 ms Sab1 CORRUPTED Packet: 41
LOG 4442 ms Sab1 000011101001111110001010001110001001000010000000000000000000000010000000000000000000000000000000010000000000000000000000000000000110000000000000000000000000000000100100000000000000000000000000
[Central]  RECEIVED 	From 265		Data $	Size 24	  Sequence Number 6	(4442 ms)
[Central]  SENDING 		To 1	ACK 	Size 24	  Sequence Number 3	(4442 ms)

		Error - Wrong ACK --- Expected : 4, Actual : 3 -- the ACK will be discarded


		@@@@ timeout 4@@@@
		nextSNTemp : 8, nextSN : 4

[Local]   SENDING 		To 2	Data &	Size 24	  Sequence Number 4	(4633100 us)
LOG 4634050 us Sab1 ORIGINAL Packet: 43
LOG 4634050 us Sab1 000011101001111110001010001110001000000000000000000000000000000010000000000000000000000000000000010000000000000000000000000000001110000000000000000000000000000011000100000000000000000000000000
LOG 4634050 us Sab1 CORRUPTING bit: 40 of Packet: 43 with ERROR_BIT: 0.009
LOG 4634050 us Sab1 CORRUPTING bit: 56 of Packet: 43 with ERROR_BIT: 0.009
LOG 4634050 us Sab1 CORRUPTING bit: 57 of Packet: 43 with ERROR_BIT: 0.009
LOG 4634050 us Sab1 CORRUPTED Packet: 43
LOG 4634050 us Sab1 000011101001111110001010001110001000000010000000000000001100000010000000000000000000000000000000010000000000000000000000000000001110000000000000000000000000000011000100000000000000000000000000
[Central]  RECEIVED 	From 50331905		Data #	Size 24	  Sequence Number 7	(4634050 us)
[Central]  SENDING 		To 1	ACK 	Size 24	  Sequence Number 3	(4634050 us)

		Error - Wrong ACK --- Expected : 4, Actual : 3 -- the ACK will be discarded

[Local]   SENDING 		To 2	Data "	Size 24	  Sequence Number 5	(4825150 us)
LOG 4826100 us Sab1 ORIGINAL Packet: 45
LOG 4826100 us Sab1 000011101001111110001010001110001000000000000000000000000000000010000000000000000000000000000000010000000000000000000000000000000010000000000000000000000000000001100100000000000000000000000000
LOG 4826100 us Sab1 CORRUPTING bit: 81 of Packet: 45 with ERROR_BIT: 0.009
LOG 4826100 us Sab1 CORRUPTING bit: 135 of Packet: 45 with ERROR_BIT: 0.009
LOG 4826100 us Sab1 CORRUPTING bit: 154 of Packet: 45 with ERROR_BIT: 0.009
LOG 4826100 us Sab1 CORRUPTED Packet: 45
LOG 4826100 us Sab1 000011101001111110001010001110001000000000000000000000000000000010000000000000000100000000000000010000000000000000000000000000000010000100000000000000000010000001100100000000000000000000000000
[Central]  RECEIVED 	From 1		Data &	Size 24	  Sequence Number 67108996	(4826100 us)
[Central]  SENDING 		To 131073	ACK 	Size 24	  Sequence Number 3	(4826100 us)

		Error - Wrong ACK --- Expected : 4, Actual : 3 -- the ACK will be discarded

[Local]   SENDING 		To 2	Data $	Size 24	  Sequence Number 6	(5017200 us)
LOG 5018150 us Sab1 ORIGINAL Packet: 47
LOG 5018150 us Sab1 000011101001111110001010001110001000000000000000000000000000000010000000000000000000000000000000010000000000000000000000000000001010000000000000000000000000000001000100000000000000000000000000
LOG 5018150 us Sab1 CORRUPTING bit: 132 of Packet: 47 with ERROR_BIT: 0.009
LOG 5018150 us Sab1 CORRUPTING bit: 174 of Packet: 47 with ERROR_BIT: 0.009
LOG 5018150 us Sab1 CORRUPTING bit: 175 of Packet: 47 with ERROR_BIT: 0.009
LOG 5018150 us Sab1 CORRUPTED Packet: 47
LOG 5018150 us Sab1 000011101001111110001010001110001000000000000000000000000000000010000000000000000000000000000000010000000000000000000000000000001010100000000000000000000000000001000100000000110000000000000000
[Central]  RECEIVED 	From 1		Data "	Size 24	  Sequence Number 21	(5018150 us)
[Central]  SENDING 		To 1	ACK 	Size 24	  Sequence Number 3	(5018150 us)

		Error - Wrong ACK --- Expected : 4, Actual : 3 -- the ACK will be discarded

[Local]   SENDING 		To 2	Data #	Size 24	  Sequence Number 7	(5209250 us)
LOG 5210200 us Sab1 ORIGINAL Packet: 49
LOG 5210200 us Sab1 000011101001111110001010001110001000000000000000000000000000000010000000000000000000000000000000010000000000000000000000000000000110000000000000000000000000000000100100000000000000000000000000
LOG 5210200 us Sab1 CORRUPTING bit: 168 of Packet: 49 with ERROR_BIT: 0.009
LOG 5210200 us Sab1 CORRUPTED Packet: 49
LOG 5210200 us Sab1 000011101001111110001010001110001000000000000000000000000000000010000000000000000000000000000000010000000000000000000000000000000110000000000000000000000000000000100100100000000000000000000000
[Central]  RECEIVED 	From 1		Data $	Size 24	  Sequence Number 6	(5210200 us)
[Central]  SENDING 		To 1	ACK 	Size 24	  Sequence Number 3	(5210200 us)

		Error - Wrong ACK --- Expected : 4, Actual : 3 -- the ACK will be discarded


		@@@@ timeout 4@@@@
		nextSNTemp : 8, nextSN : 4

[Local]   SENDING 		To 2	Data &	Size 24	  Sequence Number 4	(5401300 us)
LOG 5402250 us Sab1 ORIGINAL Packet: 51
LOG 5402250 us Sab1 000011101001111110001010001110001000000000000000000000000000000010000000000000000000000000000000010000000000000000000000000000001110000000000000000000000000000011000100000000000000000000000000
LOG 5402250 us Sab1 CORRUPTING bit: 76 of Packet: 51 with ERROR_BIT: 0.009
LOG 5402250 us Sab1 CORRUPTING bit: 103 of Packet: 51 with ERROR_BIT: 0.009
LOG 5402250 us Sab1 CORRUPTING bit: 118 of Packet: 51 with ERROR_BIT: 0.009
LOG 5402250 us Sab1 CORRUPTED Packet: 51
LOG 5402250 us Sab1 000011101001111110001010001110001000000000000000000000000000000010000000000010000000000000000000010000010000000000000010000000001110000000000000000000000000000011000100000000000000000000000000
[Central]  RECEIVED 	From 1		Data #	Size 24	  Sequence Number 7	(5402250 us)
[Central]  SENDING 		To 4097	ACK 	Size 24	  Sequence Number 3	(5402250 us)

		Error - Wrong ACK --- Expected : 4, Actual : 3 -- the ACK will be discarded

[Local]   SENDING 		To 2	Data "	Size 24	  Sequence Number 5	(5593350 us)
LOG 5594300 us Sab1 ORIGINAL Packet: 53
LOG 5594300 us Sab1 000011101001111110001010001110001000000000000000000000000000000010000000000000000000000000000000010000000000000000000000000000000010000000000000000000000000000001100100000000000000000000000000
LOG 5594300 us Sab1 CORRUPTING bit: 56 of Packet: 53 with ERROR_BIT: 0.009
LOG 5594300 us Sab1 CORRUPTING bit: 189 of Packet: 53 with ERROR_BIT: 0.009
LOG 5594300 us Sab1 CORRUPTED Packet: 53
LOG 5594300 us Sab1 000011101001111110001010001110001000000000000000000000001000000010000000000000000000000000000000010000000000000000000000000000000010000000000000000000000000000001100100000000000000000000000100
[Central]  RECEIVED 	From 16777217		Data &	Size 24	  Sequence Number 4	(5594300 us)
[Central]  SENDING 		To 1	ACK 	Size 24	  Sequence Number 3	(5594300 us)

		Error - Wrong ACK --- Expected : 4, Actual : 3 -- the ACK will be discarded

[Local]   SENDING 		To 2	Data $	Size 24	  Sequence Number 6	(5785400 us)
LOG 5786350 us Sab1 ORIGINAL Packet: 55
LOG 5786350 us Sab1 000011101001111110001010001110001000000000000000000000000000000010000000000000000000000000000000010000000000000000000000000000001010000000000000000000000000000001000100000000000000000000000000
LOG 5786350 us Sab1 CORRUPTING bit: 190 of Packet: 55 with ERROR_BIT: 0.009
LOG 5786350 us Sab1 CORRUPTED Packet: 55
LOG 5786350 us Sab1 000011101001111110001010001110001000000000000000000000000000000010000000000000000000000000000000010000000000000000000000000000001010000000000000000000000000000001000100000000000000000000000010
[Central]  RECEIVED 	From 1		Data "	Size 24	  Sequence Number 5	(5786350 us)
[Central]  SENDING 		To 1	ACK 	Size 24	  Sequence Number 3	(5786350 us)

		Error - Wrong ACK --- Expected : 4, Actual : 3 -- the ACK will be discarded

[Local]   SENDING 		To 2	Data #	Size 24	  Sequence Number 7	(5977450 us)
LOG 5978400 us Sab1 ORIGINAL Packet: 57
LOG 5978400 us Sab1 000011101001111110001010001110001000000000000000000000000000000010000000000000000000000000000000010000000000000000000000000000000110000000000000000000000000000000100100000000000000000000000000
LOG 5978400 us Sab1 CORRUPTING bit: 83 of Packet: 57 with ERROR_BIT: 0.009
LOG 5978400 us Sab1 CORRUPTED Packet: 57
LOG 5978400 us Sab1 000011101001111110001010001110001000000000000000000000000000000010000000000000000001000000000000010000000000000000000000000000000110000000000000000000000000000000100100000000000000000000000000
[Central]  RECEIVED 	From 1		Data $	Size 24	  Sequence Number 6	(5978400 us)
[Central]  SENDING 		To 524289	ACK 	Size 24	  Sequence Number 3	(5978400 us)

		Error - Wrong ACK --- Expected : 4, Actual : 3 -- the ACK will be discarded


		@@@@ timeout 4@@@@
		nextSNTemp : 8, nextSN : 4

[Local]   SENDING 		To 2	Data &	Size 24	  Sequence Number 4	(6169500 us)
LOG 6170450 us Sab1 ORIGINAL Packet: 59
LOG 6170450 us Sab1 000011101001111110001010001110001000000000000000000000000000000010000000000000000000000000000000010000000000000000000000000000001110000000000000000000000000000011000100000000000000000000000000
LOG 6170450 us Sab1 CORRUPTING bit: 36 of Packet: 59 with ERROR_BIT: 0.009
LOG 6170450 us Sab1 CORRUPTING bit: 79 of Packet: 59 with ERROR_BIT: 0.009
LOG 6170450 us Sab1 CORRUPTED Packet: 59
LOG 6170450 us Sab1 000011101001111110001010001110001000100000000000000000000000000010000000000000010000000000000000010000000000000000000000000000001110000000000000000000000000000011000100000000000000000000000000
[Central]  RECEIVED 	From 17		Data #	Size 24	  Sequence Number 7	(6170450 us)
[Central]  SENDING 		To 32769	ACK 	Size 24	  Sequence Number 3	(6170450 us)

		Error - Wrong ACK --- Expected : 4, Actual : 3 -- the ACK will be discarded

[Local]   SENDING 		To 2	Data "	Size 24	  Sequence Number 5	(6361550 us)
LOG 6362500 us Sab1 ORIGINAL Packet: 61
LOG 6362500 us Sab1 000011101001111110001010001110001000000000000000000000000000000010000000000000000000000000000000010000000000000000000000000000000010000000000000000000000000000001100100000000000000000000000000
LOG 6362500 us Sab1 CORRUPTING bit: 20 of Packet: 61 with ERROR_BIT: 0.009
LOG 6362500 us Sab1 CORRUPTING bit: 61 of Packet: 61 with ERROR_BIT: 0.009
LOG 6362500 us Sab1 CORRUPTING bit: 100 of Packet: 61 with ERROR_BIT: 0.009
LOG 6362500 us Sab1 CORRUPTING bit: 171 of Packet: 61 with ERROR_BIT: 0.009
LOG 6362500 us Sab1 CORRUPTING bit: 191 of Packet: 61 with ERROR_BIT: 0.009
LOG 6362500 us Sab1 CORRUPTED Packet: 61
LOG 6362500 us Sab1 000011101001111110000010001110001000000000000000000000000000010010000000000000000000000000000000010010000000000000000000000000000010000000000000000000000000000001100100000100000000000000000001
[Central]  RECEIVED 	From 536870913		Data &	Size 24	  Sequence Number 4	(6362500 us)
[Central]  SENDING 		To 1	ACK 	Size 24	  Sequence Number 3	(6362500 us)

		Error - Wrong ACK --- Expected : 4, Actual : 3 -- the ACK will be discarded

[Local]   SENDING 		To 2	Data $	Size 24	  Sequence Number 6	(6553600 us)
LOG 6554550 us Sab1 ORIGINAL Packet: 63
LOG 6554550 us Sab1 000011101001111110001010001110001000000000000000000000000000000010000000000000000000000000000000010000000000000000000000000000001010000000000000000000000000000001000100000000000000000000000000
LOG 6554550 us Sab1 CORRUPTING bit: 185 of Packet: 63 with ERROR_BIT: 0.009
LOG 6554550 us Sab1 CORRUPTED Packet: 63
LOG 6554550 us Sab1 000011101001111110001010001110001000000000000000000000000000000010000000000000000000000000000000010000000000000000000000000000001010000000000000000000000000000001000100000000000000000001000000
[Central]  RECEIVED 	From 1		Data "	Size 24	  Sequence Number 5	(6554550 us)
[Central]  SENDING 		To 1	ACK 	Size 24	  Sequence Number 3	(6554550 us)

		Error - Wrong ACK --- Expected : 4, Actual : 3 -- the ACK will be discarded

[Local]   SENDING 		To 2	Data #	Size 24	  Sequence Number 7	(6745650 us)
LOG 6746600 us Sab1 ORIGINAL Packet: 65
LOG 6746600 us Sab1 000011101001111110001010001110001000000000000000000000000000000010000000000000000000000000000000010000000000000000000000000000000110000000000000000000000000000000100100000000000000000000000000
LOG 6746600 us Sab1 CORRUPTING bit: 78 of Packet: 65 with ERROR_BIT: 0.009
LOG 6746600 us Sab1 CORRUPTED Packet: 65
LOG 6746600 us Sab1 000011101001111110001010001110001000000000000000000000000000000010000000000000100000000000000000010000000000000000000000000000000110000000000000000000000000000000100100000000000000000000000000
[Central]  RECEIVED 	From 1		Data $	Size 24	  Sequence Number 6	(6746600 us)
[Central]  SENDING 		To 16385	ACK 	Size 24	  Sequence Number 3	(6746600 us)

		Error - Wrong ACK --- Expected : 4, Actual : 3 -- the ACK will be discarded


		@@@@ timeout 4@@@@
		nextSNTemp : 8, nextSN : 4

[Local]   SENDING 		To 2	Data &	Size 24	  Sequence Number 4	(6937700 us)
LOG 6938650 us Sab1 ORIGINAL Packet: 67
LOG 6938650 us Sab1 000011101001111110001010001110001000000000000000000000000000000010000000000000000000000000000000010000000000000000000000000000001110000000000000000000000000000011000100000000000000000000000000
LOG 6938650 us Sab1 CORRUPTING bit: 64 of Packet: 67 with ERROR_BIT: 0.009
LOG 6938650 us Sab1 CORRUPTING bit: 128 of Packet: 67 with ERROR_BIT: 0.009
LOG 6938650 us Sab1 CORRUPTED Packet: 67
LOG 6938650 us Sab1 000011101001111110001010001110001000000000000000000000000000000000000000000000000000000000000000010000000000000000000000000000000110000000000000000000000000000011000100000000000000000000000000
[Central]  RECEIVED 	From 1		Data #	Size 24	  Sequence Number 6	(6938650 us)
[Central]  SENDING 		To 0	ACK 	Size 24	  Sequence Number 3	(6938650 us)

		Error - Wrong ACK --- Expected : 4, Actual : 3 -- the ACK will be discarded

[Local]   SENDING 		To 2	Data "	Size 24	  Sequence Number 5	(7129750 us)
LOG 7130700 us Sab1 ORIGINAL Packet: 69
LOG 7130700 us Sab1 000011101001111110001010001110001000000000000000000000000000000010000000000000000000000000000000010000000000000000000000000000000010000000000000000000000000000001100100000000000000000000000000
LOG 7130700 us Sab1 CORRUPTING bit: 147 of Packet: 69 with ERROR_BIT: 0.009
LOG 7130700 us Sab1 CORRUPTING bit: 180 of Packet: 69 with ERROR_BIT: 0.009
LOG 7130700 us Sab1 CORRUPTED Packet: 69
LOG 7130700 us Sab1 000011101001111110001010001110001000000000000000000000000000000010000000000000000000000000000000010000000000000000000000000000000010000000000000000100000000000001100100000000000000100000000000
[Central]  RECEIVED 	From 1		Data &	Size 24	  Sequence Number 524292	(7130700 us)
[Central]  SENDING 		To 1	ACK 	Size 24	  Sequence Number 3	(7130700 us)

		Error - Wrong ACK --- Expected : 4, Actual : 3 -- the ACK will be discarded

[Local]   SENDING 		To 2	Data $	Size 24	  Sequence Number 6	(7321800 us)
LOG 7322750 us Sab1 ORIGINAL Packet: 71
LOG 7322750 us Sab1 000011101001111110001010001110001000000000000000000000000000000010000000000000000000000000000000010000000000000000000000000000001010000000000000000000000000000001000100000000000000000000000000
LOG 7322750 us Sab1 CORRUPTING bit: 158 of Packet: 71 with ERROR_BIT: 0.009
LOG 7322750 us Sab1 CORRUPTED Packet: 71
LOG 7322750 us Sab1 000011101001111110001010001110001000000000000000000000000000000010000000000000000000000000000000010000000000000000000000000000001010000000000000000000000000001001000100000000000000000000000000
[Central]  RECEIVED 	From 1		Data "	Size 24	  Sequence Number 1073741829	(7322750 us)
[Central]  SENDING 		To 1	ACK 	Size 24	  Sequence Number 3	(7322750 us)

		Error - Wrong ACK --- Expected : 4, Actual : 3 -- the ACK will be discarded

[Local]   SENDING 		To 2	Data #	Size 24	  Sequence Number 7	(7513850 us)
LOG 7514800 us Sab1 ORIGINAL Packet: 73
LOG 7514800 us Sab1 000011101001111110001010001110001000000000000000000000000000000010000000000000000000000000000000010000000000000000000000000000000110000000000000000000000000000000100100000000000000000000000000
LOG 7514800 us Sab1 CORRUPTING bit: 10 of Packet: 73 with ERROR_BIT: 0.009
LOG 7514800 us Sab1 CORRUPTING bit: 46 of Packet: 73 with ERROR_BIT: 0.009
LOG 7514800 us Sab1 CORRUPTING bit: 49 of Packet: 73 with ERROR_BIT: 0.009
LOG 7514800 us Sab1 CORRUPTING bit: 185 of Packet: 73 with ERROR_BIT: 0.009
LOG 7514800 us Sab1 CORRUPTED Packet: 73
LOG 7514800 us Sab1 000011101011111110001010001110001000000000000010010000000000000010000000000000000000000000000000010000000000000000000000000000000110000000000000000000000000000000100100000000000000000001000000
[Central]  RECEIVED 	From 147457		Data $	Size 24	  Sequence Number 6	(7514800 us)
[Central]  SENDING 		To 1	ACK 	Size 24	  Sequence Number 3	(7514800 us)

		Error - Wrong ACK --- Expected : 4, Actual : 3 -- the ACK will be discarded


		@@@@ timeout 4@@@@
		nextSNTemp : 8, nextSN : 4

[Local]   SENDING 		To 2	Data &	Size 24	  Sequence Number 4	(7705900 us)
LOG 7706850 us Sab1 ORIGINAL Packet: 75
LOG 7706850 us Sab1 000011101001111110001010001110001000000000000000000000000000000010000000000000000000000000000000010000000000000000000000000000001110000000000000000000000000000011000100000000000000000000000000
LOG 7706850 us Sab1 CORRUPTED Packet: 75
LOG 7706850 us Sab1 000011101001111110001010001110001000000000000000000000000000000010000000000000000000000000000000010000000000000000000000000000001110000000000000000000000000000011000100000000000000000000000000
[Central]  RECEIVED 	From 1		Data #	Size 24	  Sequence Number 7	(7706850 us)
[Central]  SENDING 		To 1	ACK 	Size 24	  Sequence Number 3	(7706850 us)

		Error - Wrong ACK --- Expected : 4, Actual : 3 -- the ACK will be discarded

[Local]   SENDING 		To 2	Data "	Size 24	  Sequence Number 5	(7897950 us)
LOG 7898900 us Sab1 ORIGINAL Packet: 77
LOG 7898900 us Sab1 000011101001111110001010001110001000000000000000000000000000000010000000000000000000000000000000010000000000000000000000000000000010000000000000000000000000000001100100000000000000000000000000
LOG 7898900 us Sab1 CORRUPTING bit: 3 of Packet: 77 with ERROR_BIT: 0.009
LOG 7898900 us Sab1 CORRUPTING bit: 43 of Packet: 77 with ERROR_BIT: 0.009
LOG 7898900 us Sab1 CORRUPTED Packet: 77
LOG 7898900 us Sab1 000111101001111110001010001110001000000000010000000000000000000010000000000000000000000000000000010000000000000000000000000000000010000000000000000000000000000001100100000000000000000000000000

		@@@@ timeout 1@@@@
		nextSNTemp : 5, nextSN : 1

[Central]   SENDING 		To 131138	Data "	Size 24	  Sequence Number 5	(7898900 us)

		Error - Wrong ACK --- Expected : 4, Actual : 3 -- the ACK will be discarded


Info: /OSCI/SystemC: Simulation stopped by user.
