
Local   <-->  Central with FullDuplex channel

+----------------------------------------------------------------------------------------------+
|TASK     ACTION        FROM    TO      DATA    SIZE      SEQUENCE NUMBER       TIME STAMP     |
+----------------------------------------------------------------------------------------------+
[Local]   SENDING 		To 2	Data "	Size 24	  Sequence Number 1	(50 us)
[Local]   SENDING 		To 2	Data %	Size 24	  Sequence Number 2	(192100 us)
LOG 193050 us Sab1 ORIGINAL Packet: 0
LOG 193050 us Sab1 000011101001011101100110100100011000000000000000000000000000000010000000000000000000000000000000010000000000000000000000000000001000000000000000000000000000000001000100000000000000000000000000
LOG 193050 us Sab1 CORRUPTED Packet: 0
LOG 193050 us Sab1 000011101001011101100110100100011000000000000000000000000000000010000000000000000000000000000000010000000000000000000000000000001000000000000000000000000000000001000100000000000000000000000000
[Central]  RECEIVED 	From 1		Data "	Size 24	  Sequence Number 1	(193050 us)
[Central]  SENDING 		To 1	ACK 	Size 24	  Sequence Number 1	(193050 us)
LOG 385100 us Sab1 ORIGINAL Packet: 1
LOG 385100 us Sab1 000011101001011101100110100100011000000000000000000000000000000010000000000000000000000000000000010000000000000000000000000000000100000000000000000000000000000010100100000000000000000000000000
LOG 385100 us Sab1 CORRUPTED Packet: 1
LOG 385100 us Sab1 000011101001011101100110100100011000000000000000000000000000000010000000000000000000000000000000010000000000000000000000000000000100000000000000000000000000000010100100000000000000000000000000
[Central]  RECEIVED 	From 1		Data %	Size 24	  Sequence Number 2	(385100 us)
[Central]  SENDING 		To 1	ACK 	Size 24	  Sequence Number 2	(415100 us)
[Local]   RECEIVED 	From 2		ACK 	Size 24	  Sequence Number 1	(416050 us)

		RTT of packet with SN 1 : 416050 us
		BASE : 2	NEXTSN : 3


		@@@@ timeout 1@@@@
		nextSNTemp : 5, nextSN : 1

[Local]   RECEIVED 	From 2		ACK 	Size 24	  Sequence Number 2	(638100 us)

		RTT of packet with SN 2 : 446 ms
		BASE : 3	NEXTSN : 3


		@@@@ timeout 3@@@@
		nextSNTemp : 7, nextSN : 3

[Local]   SENDING 		To 2	Data *	Size 24	  Sequence Number 3	(638100 us)
[Local]   SENDING 		To 2	Data &	Size 24	  Sequence Number 4	(830150 us)
LOG 831100 us Sab1 ORIGINAL Packet: 4
LOG 831100 us Sab1 000011101001011101100110100100011000000000000000000000000000000010000000000000000000000000000000010000000000000000000000000000001100000000000000000000000000000001010100000000000000000000000000
LOG 831100 us Sab1 CORRUPTED Packet: 4
LOG 831100 us Sab1 000011101001011101100110100100011000000000000000000000000000000010000000000000000000000000000000010000000000000000000000000000001100000000000000000000000000000001010100000000000000000000000000
[Central]  RECEIVED 	From 1		Data *	Size 24	  Sequence Number 3	(831100 us)
[Central]  SENDING 		To 1	ACK 	Size 24	  Sequence Number 3	(831100 us)
[Local]   SENDING 		To 2	Data +	Size 24	  Sequence Number 5	(1022200 us)
LOG 1023150 us Sab1 ORIGINAL Packet: 5
LOG 1023150 us Sab1 000011101001011101100110100100011000000000000000000000000000000010000000000000000000000000000000010000000000000000000000000000000010000000000000000000000000000001100100000000000000000000000000
LOG 1023150 us Sab1 CORRUPTED Packet: 5
LOG 1023150 us Sab1 000011101001011101100110100100011000000000000000000000000000000010000000000000000000000000000000010000000000000000000000000000000010000000000000000000000000000001100100000000000000000000000000
[Central]  RECEIVED 	From 1		Data &	Size 24	  Sequence Number 4	(1023150 us)
[Central]  SENDING 		To 1	ACK 	Size 24	  Sequence Number 4	(1053150 us)
[Local]   RECEIVED 	From 2		ACK 	Size 24	  Sequence Number 3	(1054100 us)

		RTT of packet with SN 3 : 416 ms
		BASE : 4	NEXTSN : 6

[Local]   SENDING 		To 2	Data #	Size 24	  Sequence Number 6	(1214250 us)
LOG 1215200 us Sab1 ORIGINAL Packet: 7
LOG 1215200 us Sab1 000011101001011101100110100100011000000000000000000000000000000010000000000000000000000000000000010000000000000000000000000000001010000000000000000000000000000011010100000000000000000000000000
LOG 1215200 us Sab1 CORRUPTED Packet: 7
LOG 1215200 us Sab1 000011101001011101100110100100011000000000000000000000000000000010000000000000000000000000000000010000000000000000000000000000001010000000000000000000000000000011010100000000000000000000000000
[Central]  RECEIVED 	From 1		Data +	Size 24	  Sequence Number 5	(1215200 us)
[Central]  SENDING 		To 1	ACK 	Size 24	  Sequence Number 5	(1275200 us)
[Local]   RECEIVED 	From 2		ACK 	Size 24	  Sequence Number 4	(1276150 us)

		RTT of packet with SN 4 : 446 ms
		BASE : 5	NEXTSN : 7

[Local]   SENDING 		To 2	Data "	Size 24	  Sequence Number 7	(1406300 us)
LOG 1407250 us Sab1 ORIGINAL Packet: 9
LOG 1407250 us Sab1 000011101001011101100110100100011000000000000000000000000000000010000000000000000000000000000000010000000000000000000000000000000110000000000000000000000000000011000100000000000000000000000000
LOG 1407250 us Sab1 CORRUPTED Packet: 9
LOG 1407250 us Sab1 000011101001011101100110100100011000000000000000000000000000000010000000000000000000000000000000010000000000000000000000000000000110000000000000000000000000000011000100000000000000000000000000
[Central]  RECEIVED 	From 1		Data #	Size 24	  Sequence Number 6	(1407250 us)
[Central]  SENDING 		To 1	ACK 	Size 24	  Sequence Number 6	(1497250 us)
[Local]   RECEIVED 	From 2		ACK 	Size 24	  Sequence Number 5	(1498200 us)

		RTT of packet with SN 5 : 476 ms
		BASE : 6	NEXTSN : 8

[Local]   SENDING 		To 2	Data $	Size 24	  Sequence Number 8	(1598350 us)
LOG 1599300 us Sab1 ORIGINAL Packet: 11
LOG 1599300 us Sab1 000011101001011101100110100100011000000000000000000000000000000010000000000000000000000000000000010000000000000000000000000000001110000000000000000000000000000001000100000000000000000000000000
LOG 1599300 us Sab1 CORRUPTED Packet: 11
LOG 1599300 us Sab1 000011101001011101100110100100011000000000000000000000000000000010000000000000000000000000000000010000000000000000000000000000001110000000000000000000000000000001000100000000000000000000000000
[Central]  RECEIVED 	From 1		Data "	Size 24	  Sequence Number 7	(1599300 us)
[Central]  SENDING 		To 1	ACK 	Size 24	  Sequence Number 7	(1719300 us)
[Local]   RECEIVED 	From 2		ACK 	Size 24	  Sequence Number 6	(1720250 us)

		RTT of packet with SN 6 : 506 ms
		BASE : 7	NEXTSN : 9

LOG 1791350 us Sab1 ORIGINAL Packet: 13
LOG 1791350 us Sab1 000011101001011101100110100100011000000000000000000000000000000010000000000000000000000000000000010000000000000000000000000000000001000000000000000000000000000000100100000000000000000000000000
LOG 1791350 us Sab1 CORRUPTED Packet: 13
LOG 1791350 us Sab1 000011101001011101100110100100011000000000000000000000000000000010000000000000000000000000000000010000000000000000000000000000000001000000000000000000000000000000100100000000000000000000000000
[Central]  RECEIVED 	From 1		Data $	Size 24	  Sequence Number 8	(1791350 us)
[Central]  SENDING 		To 1	ACK 	Size 24	  Sequence Number 8	(1941350 us)
[Local]   RECEIVED 	From 2		ACK 	Size 24	  Sequence Number 7	(1942300 us)

		RTT of packet with SN 7 : 536 ms
		BASE : 8	NEXTSN : 9


		@@@@ timeout 1@@@@
		nextSNTemp : 5, nextSN : 1

[Local]   RECEIVED 	From 2		ACK 	Size 24	  Sequence Number 8	(2164350 us)

		RTT of packet with SN 8 : 566 ms
		BASE : 9	NEXTSN : 9


		@@@@ timeout 9@@@@
		nextSNTemp : 13, nextSN : 9

[Local]   SENDING 		To 2	Data &	Size 24	  Sequence Number 9	(2164350 us)
[Local]   SENDING 		To 2	Data '	Size 24	  Sequence Number 10	(2356400 us)
LOG 2357350 us Sab1 ORIGINAL Packet: 16
LOG 2357350 us Sab1 000011101001011101100110100100011000000000000000000000000000000010000000000000000000000000000000010000000000000000000000000000001001000000000000000000000000000001100100000000000000000000000000
LOG 2357350 us Sab1 CORRUPTED Packet: 16
LOG 2357350 us Sab1 000011101001011101100110100100011000000000000000000000000000000010000000000000000000000000000000010000000000000000000000000000001001000000000000000000000000000001100100000000000000000000000000
[Central]  RECEIVED 	From 1		Data &	Size 24	  Sequence Number 9	(2357350 us)
[Central]  SENDING 		To 1	ACK 	Size 24	  Sequence Number 9	(2357350 us)
[Local]   SENDING 		To 2	Data ,	Size 24	  Sequence Number 11	(2548450 us)
LOG 2549400 us Sab1 ORIGINAL Packet: 17
LOG 2549400 us Sab1 000011101001011101100110100100011000000000000000000000000000000010000000000000000000000000000000010000000000000000000000000000000101000000000000000000000000000011100100000000000000000000000000
LOG 2549400 us Sab1 CORRUPTED Packet: 17
LOG 2549400 us Sab1 000011101001011101100110100100011000000000000000000000000000000010000000000000000000000000000000010000000000000000000000000000000101000000000000000000000000000011100100000000000000000000000000
[Central]  RECEIVED 	From 1		Data '	Size 24	  Sequence Number 10	(2549400 us)
[Central]  SENDING 		To 1	ACK 	Size 24	  Sequence Number 10	(2579400 us)
[Local]   RECEIVED 	From 2		ACK 	Size 24	  Sequence Number 9	(2580350 us)

		RTT of packet with SN 9 : 416 ms
		BASE : 10	NEXTSN : 12

[Local]   SENDING 		To 2	Data .	Size 24	  Sequence Number 12	(2740500 us)
LOG 2741450 us Sab1 ORIGINAL Packet: 19
LOG 2741450 us Sab1 000011101001011101100110100100011000000000000000000000000000000010000000000000000000000000000000010000000000000000000000000000001101000000000000000000000000000000110100000000000000000000000000
LOG 2741450 us Sab1 CORRUPTED Packet: 19
LOG 2741450 us Sab1 000011101001011101100110100100011000000000000000000000000000000010000000000000000000000000000000010000000000000000000000000000001101000000000000000000000000000000110100000000000000000000000000
[Central]  RECEIVED 	From 1		Data ,	Size 24	  Sequence Number 11	(2741450 us)
[Central]  SENDING 		To 1	ACK 	Size 24	  Sequence Number 11	(2801450 us)
[Local]   RECEIVED 	From 2		ACK 	Size 24	  Sequence Number 10	(2802400 us)

		RTT of packet with SN 10 : 446 ms
		BASE : 11	NEXTSN : 13

[Local]   SENDING 		To 2	Data !	Size 24	  Sequence Number 13	(2932550 us)
LOG 2933500 us Sab1 ORIGINAL Packet: 21
LOG 2933500 us Sab1 000011101001011101100110100100011000000000000000000000000000000010000000000000000000000000000000010000000000000000000000000000000011000000000000000000000000000001110100000000000000000000000000
LOG 2933500 us Sab1 CORRUPTED Packet: 21
LOG 2933500 us Sab1 000011101001011101100110100100011000000000000000000000000000000010000000000000000000000000000000010000000000000000000000000000000011000000000000000000000000000001110100000000000000000000000000
[Central]  RECEIVED 	From 1		Data .	Size 24	  Sequence Number 12	(2933500 us)
[Central]  SENDING 		To 1	ACK 	Size 24	  Sequence Number 12	(3023500 us)
[Local]   RECEIVED 	From 2		ACK 	Size 24	  Sequence Number 11	(3024450 us)

		RTT of packet with SN 11 : 476 ms
		BASE : 12	NEXTSN : 14

[Local]   SENDING 		To 2	Data +	Size 24	  Sequence Number 14	(3124600 us)
LOG 3125550 us Sab1 ORIGINAL Packet: 23
LOG 3125550 us Sab1 000011101001011101100110100100011000000000000000000000000000000010000000000000000000000000000000010000000000000000000000000000001011000000000000000000000000000010000100000000000000000000000000
LOG 3125550 us Sab1 CORRUPTED Packet: 23
LOG 3125550 us Sab1 000011101001011101100110100100011000000000000000000000000000000010000000000000000000000000000000010000000000000000000000000000001011000000000000000000000000000010000100000000000000000000000000
[Central]  RECEIVED 	From 1		Data !	Size 24	  Sequence Number 13	(3125550 us)
[Central]  SENDING 		To 1	ACK 	Size 24	  Sequence Number 13	(3245550 us)
[Local]   RECEIVED 	From 2		ACK 	Size 24	  Sequence Number 12	(3246500 us)

		RTT of packet with SN 12 : 506 ms
		BASE : 13	NEXTSN : 15

LOG 3317600 us Sab1 ORIGINAL Packet: 25
LOG 3317600 us Sab1 000011101001011101100110100100011000000000000000000000000000000010000000000000000000000000000000010000000000000000000000000000000111000000000000000000000000000011010100000000000000000000000000
LOG 3317600 us Sab1 CORRUPTED Packet: 25
LOG 3317600 us Sab1 000011101001011101100110100100011000000000000000000000000000000010000000000000000000000000000000010000000000000000000000000000000111000000000000000000000000000011010100000000000000000000000000
[Central]  RECEIVED 	From 1		Data +	Size 24	  Sequence Number 14	(3317600 us)
[Central]  SENDING 		To 1	ACK 	Size 24	  Sequence Number 14	(3467600 us)
[Local]   RECEIVED 	From 2		ACK 	Size 24	  Sequence Number 13	(3468550 us)

		RTT of packet with SN 13 : 536 ms
		BASE : 14	NEXTSN : 15


		@@@@ timeout 1@@@@
		nextSNTemp : 5, nextSN : 1

[Local]   RECEIVED 	From 2		ACK 	Size 24	  Sequence Number 14	(3690600 us)

		RTT of packet with SN 14 : 566 ms
		BASE : 15	NEXTSN : 15


		@@@@ timeout 15@@@@
		nextSNTemp : 19, nextSN : 15

[Local]   SENDING 		To 2	Data )	Size 24	  Sequence Number 15	(3690600 us)
[Local]   SENDING 		To 2	Data #	Size 24	  Sequence Number 16	(3882650 us)
LOG 3883600 us Sab1 ORIGINAL Packet: 28
LOG 3883600 us Sab1 000011101001011101100110100100011000000000000000000000000000000010000000000000000000000000000000010000000000000000000000000000001111000000000000000000000000000010010100000000000000000000000000
LOG 3883600 us Sab1 CORRUPTED Packet: 28
LOG 3883600 us Sab1 000011101001011101100110100100011000000000000000000000000000000010000000000000000000000000000000010000000000000000000000000000001111000000000000000000000000000010010100000000000000000000000000
[Central]  RECEIVED 	From 1		Data )	Size 24	  Sequence Number 15	(3883600 us)
[Central]  SENDING 		To 1	ACK 	Size 24	  Sequence Number 15	(3883600 us)
[Local]   SENDING 		To 2	Data #	Size 24	  Sequence Number 17	(4074700 us)
LOG 4075650 us Sab1 ORIGINAL Packet: 29
LOG 4075650 us Sab1 000011101001011101100110100100011000000000000000000000000000000010000000000000000000000000000000010000000000000000000000000000000000100000000000000000000000000011000100000000000000000000000000
LOG 4075650 us Sab1 CORRUPTED Packet: 29
LOG 4075650 us Sab1 000011101001011101100110100100011000000000000000000000000000000010000000000000000000000000000000010000000000000000000000000000000000100000000000000000000000000011000100000000000000000000000000
[Central]  RECEIVED 	From 1		Data #	Size 24	  Sequence Number 16	(4075650 us)
[Central]  SENDING 		To 1	ACK 	Size 24	  Sequence Number 16	(4105650 us)
[Local]   RECEIVED 	From 2		ACK 	Size 24	  Sequence Number 15	(4106600 us)

		RTT of packet with SN 15 : 416 ms
		BASE : 16	NEXTSN : 18

[Local]   SENDING 		To 2	Data !	Size 24	  Sequence Number 18	(4266750 us)
LOG 4267700 us Sab1 ORIGINAL Packet: 31
LOG 4267700 us Sab1 000011101001011101100110100100011000000000000000000000000000000010000000000000000000000000000000010000000000000000000000000000001000100000000000000000000000000011000100000000000000000000000000
LOG 4267700 us Sab1 CORRUPTED Packet: 31
LOG 4267700 us Sab1 000011101001011101100110100100011000000000000000000000000000000010000000000000000000000000000000010000000000000000000000000000001000100000000000000000000000000011000100000000000000000000000000
[Central]  RECEIVED 	From 1		Data #	Size 24	  Sequence Number 17	(4267700 us)
[Central]  SENDING 		To 1	ACK 	Size 24	  Sequence Number 17	(4327700 us)
[Local]   RECEIVED 	From 2		ACK 	Size 24	  Sequence Number 16	(4328650 us)

		RTT of packet with SN 16 : 446 ms
		BASE : 17	NEXTSN : 19

[Local]   SENDING 		To 2	Data &	Size 24	  Sequence Number 19	(4458800 us)
LOG 4459750 us Sab1 ORIGINAL Packet: 33
LOG 4459750 us Sab1 000011101001011101100110100100011000000000000000000000000000000010000000000000000000000000000000010000000000000000000000000000000100100000000000000000000000000010000100000000000000000000000000
LOG 4459750 us Sab1 CORRUPTED Packet: 33
LOG 4459750 us Sab1 000011101001011101100110100100011000000000000000000000000000000010000000000000000000000000000000010000000000000000000000000000000100100000000000000000000000000010000100000000000000000000000000
[Central]  RECEIVED 	From 1		Data !	Size 24	  Sequence Number 18	(4459750 us)
[Central]  SENDING 		To 1	ACK 	Size 24	  Sequence Number 18	(4549750 us)
[Local]   RECEIVED 	From 2		ACK 	Size 24	  Sequence Number 17	(4550700 us)

		RTT of packet with SN 17 : 476 ms
		BASE : 18	NEXTSN : 20

[Local]   SENDING 		To 2	Data *	Size 24	  Sequence Number 20	(4650850 us)
LOG 4651800 us Sab1 ORIGINAL Packet: 35
LOG 4651800 us Sab1 000011101001011101100110100100011000000000000000000000000000000010000000000000000000000000000000010000000000000000000000000000001100100000000000000000000000000001100100000000000000000000000000
LOG 4651800 us Sab1 CORRUPTED Packet: 35
LOG 4651800 us Sab1 000011101001011101100110100100011000000000000000000000000000000010000000000000000000000000000000010000000000000000000000000000001100100000000000000000000000000001100100000000000000000000000000
[Central]  RECEIVED 	From 1		Data &	Size 24	  Sequence Number 19	(4651800 us)
[Central]  SENDING 		To 1	ACK 	Size 24	  Sequence Number 19	(4771800 us)
[Local]   RECEIVED 	From 2		ACK 	Size 24	  Sequence Number 18	(4772750 us)

		RTT of packet with SN 18 : 506 ms
		BASE : 19	NEXTSN : 21

LOG 4843850 us Sab1 ORIGINAL Packet: 37
LOG 4843850 us Sab1 000011101001011101100110100100011000000000000000000000000000000010000000000000000000000000000000010000000000000000000000000000000010100000000000000000000000000001010100000000000000000000000000
LOG 4843850 us Sab1 CORRUPTED Packet: 37
LOG 4843850 us Sab1 000011101001011101100110100100011000000000000000000000000000000010000000000000000000000000000000010000000000000000000000000000000010100000000000000000000000000001010100000000000000000000000000
[Central]  RECEIVED 	From 1		Data *	Size 24	  Sequence Number 20	(4843850 us)
[Central]  SENDING 		To 1	ACK 	Size 24	  Sequence Number 20	(4993850 us)
[Local]   RECEIVED 	From 2		ACK 	Size 24	  Sequence Number 19	(4994800 us)

		RTT of packet with SN 19 : 536 ms
		BASE : 20	NEXTSN : 21


		@@@@ timeout 1@@@@
		nextSNTemp : 5, nextSN : 1

[Local]   RECEIVED 	From 2		ACK 	Size 24	  Sequence Number 20	(5216850 us)

		RTT of packet with SN 20 : 566 ms
		BASE : 21	NEXTSN : 21


		@@@@ timeout 21@@@@
		nextSNTemp : 25, nextSN : 21

[Local]   SENDING 		To 2	Data #	Size 24	  Sequence Number 21	(5216850 us)
[Local]   SENDING 		To 2	Data -	Size 24	  Sequence Number 22	(5408900 us)
LOG 5409850 us Sab1 ORIGINAL Packet: 40
LOG 5409850 us Sab1 000011101001011101100110100100011000000000000000000000000000000010000000000000000000000000000000010000000000000000000000000000001010100000000000000000000000000011000100000000000000000000000000
LOG 5409850 us Sab1 CORRUPTED Packet: 40
LOG 5409850 us Sab1 000011101001011101100110100100011000000000000000000000000000000010000000000000000000000000000000010000000000000000000000000000001010100000000000000000000000000011000100000000000000000000000000
[Central]  RECEIVED 	From 1		Data #	Size 24	  Sequence Number 21	(5409850 us)
[Central]  SENDING 		To 1	ACK 	Size 24	  Sequence Number 21	(5409850 us)
[Local]   SENDING 		To 2	Data .	Size 24	  Sequence Number 23	(5600950 us)
LOG 5601900 us Sab1 ORIGINAL Packet: 41
LOG 5601900 us Sab1 000011101001011101100110100100011000000000000000000000000000000010000000000000000000000000000000010000000000000000000000000000000110100000000000000000000000000010110100000000000000000000000000
LOG 5601900 us Sab1 CORRUPTED Packet: 41
LOG 5601900 us Sab1 000011101001011101100110100100011000000000000000000000000000000010000000000000000000000000000000010000000000000000000000000000000110100000000000000000000000000010110100000000000000000000000000
[Central]  RECEIVED 	From 1		Data -	Size 24	  Sequence Number 22	(5601900 us)
[Central]  SENDING 		To 1	ACK 	Size 24	  Sequence Number 22	(5631900 us)
[Local]   RECEIVED 	From 2		ACK 	Size 24	  Sequence Number 21	(5632850 us)

		RTT of packet with SN 21 : 416 ms
		BASE : 22	NEXTSN : 24

[Local]   SENDING 		To 2	Data "	Size 24	  Sequence Number 24	(5793 ms)
LOG 5793950 us Sab1 ORIGINAL Packet: 43
LOG 5793950 us Sab1 000011101001011101100110100100011000000000000000000000000000000010000000000000000000000000000000010000000000000000000000000000001110100000000000000000000000000001110100000000000000000000000000
LOG 5793950 us Sab1 CORRUPTED Packet: 43
LOG 5793950 us Sab1 000011101001011101100110100100011000000000000000000000000000000010000000000000000000000000000000010000000000000000000000000000001110100000000000000000000000000001110100000000000000000000000000
[Central]  RECEIVED 	From 1		Data .	Size 24	  Sequence Number 23	(5793950 us)
[Central]  SENDING 		To 1	ACK 	Size 24	  Sequence Number 23	(5853950 us)
[Local]   RECEIVED 	From 2		ACK 	Size 24	  Sequence Number 22	(5854900 us)

		RTT of packet with SN 22 : 446 ms
		BASE : 23	NEXTSN : 25

[Local]   SENDING 		To 2	Data &	Size 24	  Sequence Number 25	(5985050 us)
LOG 5986 ms Sab1 ORIGINAL Packet: 45
LOG 5986 ms Sab1 000011101001011101100110100100011000000000000000000000000000000010000000000000000000000000000000010000000000000000000000000000000001100000000000000000000000000001000100000000000000000000000000
LOG 5986 ms Sab1 CORRUPTED Packet: 45
LOG 5986 ms Sab1 000011101001011101100110100100011000000000000000000000000000000010000000000000000000000000000000010000000000000000000000000000000001100000000000000000000000000001000100000000000000000000000000
[Central]  RECEIVED 	From 1		Data "	Size 24	  Sequence Number 24	(5986 ms)
[Central]  SENDING 		To 1	ACK 	Size 24	  Sequence Number 24	(6076 ms)
[Local]   RECEIVED 	From 2		ACK 	Size 24	  Sequence Number 23	(6076950 us)

		RTT of packet with SN 23 : 476 ms
		BASE : 24	NEXTSN : 26

[Local]   SENDING 		To 2	Data !	Size 24	  Sequence Number 26	(6177100 us)
LOG 6178050 us Sab1 ORIGINAL Packet: 47
LOG 6178050 us Sab1 000011101001011101100110100100011000000000000000000000000000000010000000000000000000000000000000010000000000000000000000000000001001100000000000000000000000000001100100000000000000000000000000
LOG 6178050 us Sab1 CORRUPTED Packet: 47
LOG 6178050 us Sab1 000011101001011101100110100100011000000000000000000000000000000010000000000000000000000000000000010000000000000000000000000000001001100000000000000000000000000001100100000000000000000000000000
[Central]  RECEIVED 	From 1		Data &	Size 24	  Sequence Number 25	(6178050 us)
[Central]  SENDING 		To 1	ACK 	Size 24	  Sequence Number 25	(6298050 us)
[Local]   RECEIVED 	From 2		ACK 	Size 24	  Sequence Number 24	(6299 ms)

		RTT of packet with SN 24 : 506 ms
		BASE : 25	NEXTSN : 27

LOG 6370100 us Sab1 ORIGINAL Packet: 49
LOG 6370100 us Sab1 000011101001011101100110100100011000000000000000000000000000000010000000000000000000000000000000010000000000000000000000000000000101100000000000000000000000000010000100000000000000000000000000
LOG 6370100 us Sab1 CORRUPTED Packet: 49
LOG 6370100 us Sab1 000011101001011101100110100100011000000000000000000000000000000010000000000000000000000000000000010000000000000000000000000000000101100000000000000000000000000010000100000000000000000000000000
[Central]  RECEIVED 	From 1		Data !	Size 24	  Sequence Number 26	(6370100 us)
[Central]  SENDING 		To 1	ACK 	Size 24	  Sequence Number 26	(6520100 us)
[Local]   RECEIVED 	From 2		ACK 	Size 24	  Sequence Number 25	(6521050 us)

		RTT of packet with SN 25 : 536 ms
		BASE : 26	NEXTSN : 27


		@@@@ timeout 1@@@@
		nextSNTemp : 5, nextSN : 1

[Local]   RECEIVED 	From 2		ACK 	Size 24	  Sequence Number 26	(6743100 us)

		RTT of packet with SN 26 : 566 ms
		BASE : 27	NEXTSN : 27


		@@@@ timeout 27@@@@
		nextSNTemp : 31, nextSN : 27

[Local]   SENDING 		To 2	Data +	Size 24	  Sequence Number 27	(6743100 us)
[Local]   SENDING 		To 2	Data -	Size 24	  Sequence Number 28	(6935150 us)
LOG 6936100 us Sab1 ORIGINAL Packet: 52
LOG 6936100 us Sab1 000011101001011101100110100100011000000000000000000000000000000010000000000000000000000000000000010000000000000000000000000000001101100000000000000000000000000011010100000000000000000000000000
LOG 6936100 us Sab1 CORRUPTED Packet: 52
LOG 6936100 us Sab1 000011101001011101100110100100011000000000000000000000000000000010000000000000000000000000000000010000000000000000000000000000001101100000000000000000000000000011010100000000000000000000000000
[Central]  RECEIVED 	From 1		Data +	Size 24	  Sequence Number 27	(6936100 us)
[Central]  SENDING 		To 1	ACK 	Size 24	  Sequence Number 27	(6936100 us)
[Local]   SENDING 		To 2	Data $	Size 24	  Sequence Number 29	(7127200 us)
LOG 7128150 us Sab1 ORIGINAL Packet: 53
LOG 7128150 us Sab1 000011101001011101100110100100011000000000000000000000000000000010000000000000000000000000000000010000000000000000000000000000000011100000000000000000000000000010110100000000000000000000000000
LOG 7128150 us Sab1 CORRUPTED Packet: 53
LOG 7128150 us Sab1 000011101001011101100110100100011000000000000000000000000000000010000000000000000000000000000000010000000000000000000000000000000011100000000000000000000000000010110100000000000000000000000000
[Central]  RECEIVED 	From 1		Data -	Size 24	  Sequence Number 28	(7128150 us)
[Central]  SENDING 		To 1	ACK 	Size 24	  Sequence Number 28	(7158150 us)
[Local]   RECEIVED 	From 2		ACK 	Size 24	  Sequence Number 27	(7159100 us)

		RTT of packet with SN 27 : 416 ms
		BASE : 28	NEXTSN : 30

[Local]   SENDING 		To 2	Data "	Size 24	  Sequence Number 30	(7319250 us)
LOG 7320200 us Sab1 ORIGINAL Packet: 55
LOG 7320200 us Sab1 000011101001011101100110100100011000000000000000000000000000000010000000000000000000000000000000010000000000000000000000000000001011100000000000000000000000000000100100000000000000000000000000
LOG 7320200 us Sab1 CORRUPTED Packet: 55
LOG 7320200 us Sab1 000011101001011101100110100100011000000000000000000000000000000010000000000000000000000000000000010000000000000000000000000000001011100000000000000000000000000000100100000000000000000000000000
[Central]  RECEIVED 	From 1		Data $	Size 24	  Sequence Number 29	(7320200 us)
[Central]  SENDING 		To 1	ACK 	Size 24	  Sequence Number 29	(7380200 us)
[Local]   RECEIVED 	From 2		ACK 	Size 24	  Sequence Number 28	(7381150 us)

		RTT of packet with SN 28 : 446 ms
		BASE : 29	NEXTSN : 31

[Local]   SENDING 		To 2	Data !	Size 24	  Sequence Number 31	(7511300 us)
LOG 7512250 us Sab1 ORIGINAL Packet: 57
LOG 7512250 us Sab1 000011101001011101100110100100011000000000000000000000000000000010000000000000000000000000000000010000000000000000000000000000000111100000000000000000000000000001000100000000000000000000000000
LOG 7512250 us Sab1 CORRUPTED Packet: 57
LOG 7512250 us Sab1 000011101001011101100110100100011000000000000000000000000000000010000000000000000000000000000000010000000000000000000000000000000111100000000000000000000000000001000100000000000000000000000000
[Central]  RECEIVED 	From 1		Data "	Size 24	  Sequence Number 30	(7512250 us)
[Central]  SENDING 		To 1	ACK 	Size 24	  Sequence Number 30	(7602250 us)
[Local]   RECEIVED 	From 2		ACK 	Size 24	  Sequence Number 29	(7603200 us)

		RTT of packet with SN 29 : 476 ms
		BASE : 30	NEXTSN : 32

[Local]   SENDING 		To 2	Data *	Size 24	  Sequence Number 32	(7703350 us)
LOG 7704300 us Sab1 ORIGINAL Packet: 59
LOG 7704300 us Sab1 000011101001011101100110100100011000000000000000000000000000000010000000000000000000000000000000010000000000000000000000000000001111100000000000000000000000000010000100000000000000000000000000
LOG 7704300 us Sab1 CORRUPTED Packet: 59
LOG 7704300 us Sab1 000011101001011101100110100100011000000000000000000000000000000010000000000000000000000000000000010000000000000000000000000000001111100000000000000000000000000010000100000000000000000000000000
[Central]  RECEIVED 	From 1		Data !	Size 24	  Sequence Number 31	(7704300 us)
[Central]  SENDING 		To 1	ACK 	Size 24	  Sequence Number 31	(7824300 us)
[Local]   RECEIVED 	From 2		ACK 	Size 24	  Sequence Number 30	(7825250 us)

		RTT of packet with SN 30 : 506 ms
		BASE : 31	NEXTSN : 33

LOG 7896350 us Sab1 ORIGINAL Packet: 61
LOG 7896350 us Sab1 000011101001011101100110100100011000000000000000000000000000000010000000000000000000000000000000010000000000000000000000000000000000010000000000000000000000000001010100000000000000000000000000
LOG 7896350 us Sab1 CORRUPTED Packet: 61
LOG 7896350 us Sab1 000011101001011101100110100100011000000000000000000000000000000010000000000000000000000000000000010000000000000000000000000000000000010000000000000000000000000001010100000000000000000000000000
[Central]  RECEIVED 	From 1		Data *	Size 24	  Sequence Number 32	(7896350 us)

Info: /OSCI/SystemC: Simulation stopped by user.
