
Local   <-->  Central with FullDuplex channel

+----------------------------------------------------------------------------------------------+
|TASK     ACTION        FROM    TO      DATA    SIZE      SEQUENCE NUMBER       TIME STAMP     |
+----------------------------------------------------------------------------------------------+
[Local]   SENDING 		To 2	Data "	Size 24	  Sequence Number 1	(50 us)
[Local]   SENDING 		To 2	Data %	Size 24	  Sequence Number 2	(192100 us)
LOG 193050 us Sab1 ORIGINAL Packet: 0
LOG 193050 us Sab1 000011101001010000010100110010101000000000000000000000000000000010000000000000000000000000000000010000000000000000000000000000001000000000000000000000000000000001000100000000000000000000000000
LOG 193050 us Sab1 CORRUPTED Packet: 0
LOG 193050 us Sab1 000011101001010000010100110010101000000000000000000000000000000010000000000000000000000000000000010000000000000000000000000000001000000000000000000000000000000001000100000000000000000000000000
[Central]  RECEIVED 	From 1		Data "	Size 24	  Sequence Number 1	(193050 us)
[Central]  SENDING 		To 1	ACK 	Size 24	  Sequence Number 1	(193050 us)
LOG 385100 us Sab1 ORIGINAL Packet: 1
LOG 385100 us Sab1 000011101001010000010100110010101000000000000000000000000000000010000000000000000000000000000000010000000000000000000000000000000100000000000000000000000000000010100100000000000000000000000000
LOG 385100 us Sab1 CORRUPTED Packet: 1
LOG 385100 us Sab1 000011101001010000010100110010101000000000000000000000000000000010000000000000000000000000000000010000000000000000000000000000000100000000000000000000000000000010100100000000000000000000000000
[Central]  RECEIVED 	From 1		Data %	Size 24	  Sequence Number 2	(385100 us)
[Central]  SENDING 		To 1	ACK 	Size 24	  Sequence Number 2	(485100 us)
[Local]   RECEIVED 	From 2		ACK 	Size 24	  Sequence Number 1	(486050 us)

		RTT of packet with SN 1 : 486050 us
		BASE : 2	NEXTSN : 3


		@@@@ timeout 1@@@@
		nextSNTemp : 5, nextSN : 1

[Local]   RECEIVED 	From 2		ACK 	Size 24	  Sequence Number 2	(778100 us)

		RTT of packet with SN 2 : 586 ms
		BASE : 3	NEXTSN : 3


		@@@@ timeout 3@@@@
		nextSNTemp : 7, nextSN : 3

[Local]   SENDING 		To 2	Data *	Size 24	  Sequence Number 3	(778100 us)
[Local]   SENDING 		To 2	Data &	Size 24	  Sequence Number 4	(970150 us)
LOG 971100 us Sab1 ORIGINAL Packet: 4
LOG 971100 us Sab1 000011101001010000010100110010101000000000000000000000000000000010000000000000000000000000000000010000000000000000000000000000001100000000000000000000000000000001010100000000000000000000000000
LOG 971100 us Sab1 CORRUPTED Packet: 4
LOG 971100 us Sab1 000011101001010000010100110010101000000000000000000000000000000010000000000000000000000000000000010000000000000000000000000000001100000000000000000000000000000001010100000000000000000000000000
[Central]  RECEIVED 	From 1		Data *	Size 24	  Sequence Number 3	(971100 us)
[Central]  SENDING 		To 1	ACK 	Size 24	  Sequence Number 3	(971100 us)
[Local]   SENDING 		To 2	Data +	Size 24	  Sequence Number 5	(1162200 us)
LOG 1163150 us Sab1 ORIGINAL Packet: 5
LOG 1163150 us Sab1 000011101001010000010100110010101000000000000000000000000000000010000000000000000000000000000000010000000000000000000000000000000010000000000000000000000000000001100100000000000000000000000000
LOG 1163150 us Sab1 CORRUPTED Packet: 5
LOG 1163150 us Sab1 000011101001010000010100110010101000000000000000000000000000000010000000000000000000000000000000010000000000000000000000000000000010000000000000000000000000000001100100000000000000000000000000
[Central]  RECEIVED 	From 1		Data &	Size 24	  Sequence Number 4	(1163150 us)
[Central]  SENDING 		To 1	ACK 	Size 24	  Sequence Number 4	(1263150 us)
[Local]   RECEIVED 	From 2		ACK 	Size 24	  Sequence Number 3	(1264100 us)

		RTT of packet with SN 3 : 486 ms
		BASE : 4	NEXTSN : 6

[Local]   SENDING 		To 2	Data #	Size 24	  Sequence Number 6	(1354250 us)
LOG 1355200 us Sab1 ORIGINAL Packet: 7
LOG 1355200 us Sab1 000011101001010000010100110010101000000000000000000000000000000010000000000000000000000000000000010000000000000000000000000000001010000000000000000000000000000011010100000000000000000000000000
LOG 1355200 us Sab1 CORRUPTED Packet: 7
LOG 1355200 us Sab1 000011101001010000010100110010101000000000000000000000000000000010000000000000000000000000000000010000000000000000000000000000001010000000000000000000000000000011010100000000000000000000000000
[Central]  RECEIVED 	From 1		Data +	Size 24	  Sequence Number 5	(1355200 us)
[Local]   SENDING 		To 2	Data "	Size 24	  Sequence Number 7	(1546300 us)
LOG 1547250 us Sab1 ORIGINAL Packet: 9
LOG 1547250 us Sab1 000011101001010000010100110010101000000000000000000000000000000010000000000000000000000000000000010000000000000000000000000000000110000000000000000000000000000011000100000000000000000000000000
LOG 1547250 us Sab1 CORRUPTED Packet: 9
LOG 1547250 us Sab1 000011101001010000010100110010101000000000000000000000000000000010000000000000000000000000000000010000000000000000000000000000000110000000000000000000000000000011000100000000000000000000000000
[Central]  RECEIVED 	From 1		Data #	Size 24	  Sequence Number 6	(1547250 us)
[Central]  SENDING 		To 1	ACK 	Size 24	  Sequence Number 5	(1555200 us)
[Local]   RECEIVED 	From 2		ACK 	Size 24	  Sequence Number 4	(1556150 us)

		RTT of packet with SN 4 : 586 ms
		BASE : 5	NEXTSN : 8

[Local]   SENDING 		To 2	Data $	Size 24	  Sequence Number 8	(1738350 us)
LOG 1739300 us Sab1 ORIGINAL Packet: 10
LOG 1739300 us Sab1 000011101001010000010100110010101000000000000000000000000000000010000000000000000000000000000000010000000000000000000000000000001110000000000000000000000000000001000100000000000000000000000000
LOG 1739300 us Sab1 CORRUPTED Packet: 10
LOG 1739300 us Sab1 000011101001010000010100110010101000000000000000000000000000000010000000000000000000000000000000010000000000000000000000000000001110000000000000000000000000000001000100000000000000000000000000
[Central]  RECEIVED 	From 1		Data "	Size 24	  Sequence Number 7	(1739300 us)
[Central]  SENDING 		To 1	ACK 	Size 24	  Sequence Number 6	(1847250 us)
[Local]   RECEIVED 	From 2		ACK 	Size 24	  Sequence Number 5	(1848200 us)

		RTT of packet with SN 5 : 686 ms
		BASE : 6	NEXTSN : 9


		#### timeout 5#### 1848200 us
LOG 1931350 us Sab1 ORIGINAL Packet: 12
LOG 1931350 us Sab1 000011101001010000010100110010101000000000000000000000000000000010000000000000000000000000000000010000000000000000000000000000000001000000000000000000000000000000100100000000000000000000000000
LOG 1931350 us Sab1 CORRUPTED Packet: 12
LOG 1931350 us Sab1 000011101001010000010100110010101000000000000000000000000000000010000000000000000000000000000000010000000000000000000000000000000001000000000000000000000000000000100100000000000000000000000000
[Central]  RECEIVED 	From 1		Data $	Size 24	  Sequence Number 8	(1931350 us)

		@@@@ timeout 6@@@@
		nextSNTemp : 10, nextSN : 6

[Local]   SENDING 		To 2	Data #	Size 24	  Sequence Number 6	(1954300 us)
[Central]  SENDING 		To 1	ACK 	Size 24	  Sequence Number 7	(2139300 us)
[Local]   RECEIVED 	From 2		ACK 	Size 24	  Sequence Number 6	(2140250 us)

		RTT of packet with SN 6 : 185950 us
		BASE : 7	NEXTSN : 7


		@@@@ timeout 7@@@@
		nextSNTemp : 11, nextSN : 7

[Local]   SENDING 		To 2	Data "	Size 24	  Sequence Number 7	(2146350 us)
LOG 2147300 us Sab1 ORIGINAL Packet: 14
LOG 2147300 us Sab1 000011101001010000010100110010101000000000000000000000000000000010000000000000000000000000000000010000000000000000000000000000000110000000000000000000000000000011000100000000000000000000000000
LOG 2147300 us Sab1 CORRUPTED Packet: 14
LOG 2147300 us Sab1 000011101001010000010100110010101000000000000000000000000000000010000000000000000000000000000000010000000000000000000000000000000110000000000000000000000000000011000100000000000000000000000000
[Central]  RECEIVED 	From 1		Data #	Size 24	  Sequence Number 6	(2147300 us)
[Local]   SENDING 		To 2	Data $	Size 24	  Sequence Number 8	(2338400 us)
LOG 2339350 us Sab1 ORIGINAL Packet: 16
LOG 2339350 us Sab1 000011101001010000010100110010101000000000000000000000000000000010000000000000000000000000000000010000000000000000000000000000001110000000000000000000000000000001000100000000000000000000000000
LOG 2339350 us Sab1 CORRUPTED Packet: 16
LOG 2339350 us Sab1 000011101001010000010100110010101000000000000000000000000000000010000000000000000000000000000000010000000000000000000000000000001110000000000000000000000000000001000100000000000000000000000000
[Central]  RECEIVED 	From 1		Data "	Size 24	  Sequence Number 7	(2339350 us)
[Central]  SENDING 		To 1	ACK 	Size 24	  Sequence Number 8	(2431350 us)
[Local]   RECEIVED 	From 2		ACK 	Size 24	  Sequence Number 7	(2432300 us)

		RTT of packet with SN 7 : 285950 us
		BASE : 8	NEXTSN : 9

[Local]   SENDING 		To 2	Data &	Size 24	  Sequence Number 9	(2530450 us)
LOG 2531400 us Sab1 ORIGINAL Packet: 17
LOG 2531400 us Sab1 000011101001010000010100110010101000000000000000000000000000000010000000000000000000000000000000010000000000000000000000000000000001000000000000000000000000000000100100000000000000000000000000
LOG 2531400 us Sab1 CORRUPTED Packet: 17
LOG 2531400 us Sab1 000011101001010000010100110010101000000000000000000000000000000010000000000000000000000000000000010000000000000000000000000000000001000000000000000000000000000000100100000000000000000000000000
[Central]  RECEIVED 	From 1		Data $	Size 24	  Sequence Number 8	(2531400 us)
[Local]   SENDING 		To 2	Data '	Size 24	  Sequence Number 10	(2722500 us)
[Central]  SENDING 		To 1	ACK 	Size 24	  Sequence Number 8	(2723400 us)
LOG 2723450 us Sab1 ORIGINAL Packet: 19
LOG 2723450 us Sab1 000011101001010000010100110010101000000000000000000000000000000010000000000000000000000000000000010000000000000000000000000000001001000000000000000000000000000001100100000000000000000000000000
LOG 2723450 us Sab1 CORRUPTED Packet: 19
LOG 2723450 us Sab1 000011101001010000010100110010101000000000000000000000000000000010000000000000000000000000000000010000000000000000000000000000001001000000000000000000000000000001100100000000000000000000000000
[Central]  RECEIVED 	From 1		Data &	Size 24	  Sequence Number 9	(2723450 us)
[Local]   RECEIVED 	From 2		ACK 	Size 24	  Sequence Number 8	(2724350 us)

		RTT of packet with SN 8 : 385950 us
		BASE : 9	NEXTSN : 11

[Local]   SENDING 		To 2	Data ,	Size 24	  Sequence Number 11	(2914550 us)
LOG 2915500 us Sab1 ORIGINAL Packet: 20
LOG 2915500 us Sab1 000011101001010000010100110010101000000000000000000000000000000010000000000000000000000000000000010000000000000000000000000000000101000000000000000000000000000011100100000000000000000000000000
LOG 2915500 us Sab1 CORRUPTED Packet: 20
LOG 2915500 us Sab1 000011101001010000010100110010101000000000000000000000000000000010000000000000000000000000000000010000000000000000000000000000000101000000000000000000000000000011100100000000000000000000000000
[Central]  RECEIVED 	From 1		Data '	Size 24	  Sequence Number 10	(2915500 us)
[Central]  SENDING 		To 1	ACK 	Size 24	  Sequence Number 8	(3015450 us)

		Error - Wrong ACK --- Expected : 9, Actual : 8 -- the ACK will be discarded

[Local]   SENDING 		To 2	Data .	Size 24	  Sequence Number 12	(3106600 us)
LOG 3107550 us Sab1 ORIGINAL Packet: 22
LOG 3107550 us Sab1 000011101001010000010100110010101000000000000000000000000000000010000000000000000000000000000000010000000000000000000000000000001101000000000000000000000000000000110100000000000000000000000000
LOG 3107550 us Sab1 CORRUPTED Packet: 22
LOG 3107550 us Sab1 000011101001010000010100110010101000000000000000000000000000000010000000000000000000000000000000010000000000000000000000000000001101000000000000000000000000000000110100000000000000000000000000
[Central]  RECEIVED 	From 1		Data ,	Size 24	  Sequence Number 11	(3107550 us)

		@@@@ timeout 9@@@@
		nextSNTemp : 13, nextSN : 9

[Local]   SENDING 		To 2	Data &	Size 24	  Sequence Number 9	(3298650 us)
LOG 3299600 us Sab1 ORIGINAL Packet: 24
LOG 3299600 us Sab1 000011101001010000010100110010101000000000000000000000000000000010000000000000000000000000000000010000000000000000000000000000000011000000000000000000000000000001110100000000000000000000000000
LOG 3299600 us Sab1 CORRUPTED Packet: 24
LOG 3299600 us Sab1 000011101001010000010100110010101000000000000000000000000000000010000000000000000000000000000000010000000000000000000000000000000011000000000000000000000000000001110100000000000000000000000000
[Central]  RECEIVED 	From 1		Data .	Size 24	  Sequence Number 12	(3299600 us)
[Central]  SENDING 		To 1	ACK 	Size 24	  Sequence Number 8	(3307500 us)

		Error - Wrong ACK --- Expected : 9, Actual : 8 -- the ACK will be discarded

[Local]   SENDING 		To 2	Data '	Size 24	  Sequence Number 10	(3490700 us)
LOG 3491650 us Sab1 ORIGINAL Packet: 25
LOG 3491650 us Sab1 000011101001010000010100110010101000000000000000000000000000000010000000000000000000000000000000010000000000000000000000000000001001000000000000000000000000000001100100000000000000000000000000
LOG 3491650 us Sab1 CORRUPTED Packet: 25
LOG 3491650 us Sab1 000011101001010000010100110010101000000000000000000000000000000010000000000000000000000000000000010000000000000000000000000000001001000000000000000000000000000001100100000000000000000000000000
[Central]  RECEIVED 	From 1		Data &	Size 24	  Sequence Number 9	(3491650 us)
[Central]  SENDING 		To 1	ACK 	Size 24	  Sequence Number 9	(3599550 us)

		Error - Wrong ACK --- Expected : 9, Actual : 8 -- the ACK will be discarded

[Local]   SENDING 		To 2	Data ,	Size 24	  Sequence Number 11	(3682750 us)
LOG 3683700 us Sab1 ORIGINAL Packet: 27
LOG 3683700 us Sab1 000011101001010000010100110010101000000000000000000000000000000010000000000000000000000000000000010000000000000000000000000000000101000000000000000000000000000011100100000000000000000000000000
LOG 3683700 us Sab1 CORRUPTED Packet: 27
LOG 3683700 us Sab1 000011101001010000010100110010101000000000000000000000000000000010000000000000000000000000000000010000000000000000000000000000000101000000000000000000000000000011100100000000000000000000000000
[Central]  RECEIVED 	From 1		Data '	Size 24	  Sequence Number 10	(3683700 us)
[Local]   SENDING 		To 2	Data .	Size 24	  Sequence Number 12	(3874800 us)
LOG 3875750 us Sab1 ORIGINAL Packet: 29
LOG 3875750 us Sab1 000011101001010000010100110010101000000000000000000000000000000010000000000000000000000000000000010000000000000000000000000000001101000000000000000000000000000000110100000000000000000000000000
LOG 3875750 us Sab1 CORRUPTED Packet: 29
LOG 3875750 us Sab1 000011101001010000010100110010101000000000000000000000000000000010000000000000000000000000000000010000000000000000000000000000001101000000000000000000000000000000110100000000000000000000000000
[Central]  RECEIVED 	From 1		Data ,	Size 24	  Sequence Number 11	(3875750 us)
[Central]  SENDING 		To 1	ACK 	Size 24	  Sequence Number 10	(3891600 us)
[Local]   RECEIVED 	From 2		ACK 	Size 24	  Sequence Number 9	(3892550 us)

		RTT of packet with SN 9 : 593900 us
		BASE : 10	NEXTSN : 13

[Local]   SENDING 		To 2	Data !	Size 24	  Sequence Number 13	(4066850 us)
LOG 4067800 us Sab1 ORIGINAL Packet: 30
LOG 4067800 us Sab1 000011101001010000010100110010101000000000000000000000000000000010000000000000000000000000000000010000000000000000000000000000000011000000000000000000000000000001110100000000000000000000000000
LOG 4067800 us Sab1 CORRUPTED Packet: 30
LOG 4067800 us Sab1 000011101001010000010100110010101000000000000000000000000000000010000000000000000000000000000000010000000000000000000000000000000011000000000000000000000000000001110100000000000000000000000000
[Central]  RECEIVED 	From 1		Data .	Size 24	  Sequence Number 12	(4067800 us)
[Central]  SENDING 		To 1	ACK 	Size 24	  Sequence Number 11	(4183650 us)
[Local]   RECEIVED 	From 2		ACK 	Size 24	  Sequence Number 10	(4184600 us)

		RTT of packet with SN 10 : 693900 us
		BASE : 11	NEXTSN : 14


		#### timeout 10#### 4184600 us
[Local]   SENDING 		To 2	Data +	Size 24	  Sequence Number 14	(4258900 us)
LOG 4259850 us Sab1 ORIGINAL Packet: 32
LOG 4259850 us Sab1 000011101001010000010100110010101000000000000000000000000000000010000000000000000000000000000000010000000000000000000000000000001011000000000000000000000000000010000100000000000000000000000000
LOG 4259850 us Sab1 CORRUPTED Packet: 32
LOG 4259850 us Sab1 000011101001010000010100110010101000000000000000000000000000000010000000000000000000000000000000010000000000000000000000000000001011000000000000000000000000000010000100000000000000000000000000
[Central]  RECEIVED 	From 1		Data !	Size 24	  Sequence Number 13	(4259850 us)

		@@@@ timeout 11@@@@
		nextSNTemp : 15, nextSN : 11

[Local]   SENDING 		To 2	Data ,	Size 24	  Sequence Number 11	(4450950 us)
LOG 4451900 us Sab1 ORIGINAL Packet: 34
LOG 4451900 us Sab1 000011101001010000010100110010101000000000000000000000000000000010000000000000000000000000000000010000000000000000000000000000000111000000000000000000000000000011010100000000000000000000000000
LOG 4451900 us Sab1 CORRUPTED Packet: 34
LOG 4451900 us Sab1 000011101001010000010100110010101000000000000000000000000000000010000000000000000000000000000000010000000000000000000000000000000111000000000000000000000000000011010100000000000000000000000000
[Central]  RECEIVED 	From 1		Data +	Size 24	  Sequence Number 14	(4451900 us)
[Central]  SENDING 		To 1	ACK 	Size 24	  Sequence Number 12	(4475700 us)
[Local]   RECEIVED 	From 2		ACK 	Size 24	  Sequence Number 11	(4476650 us)

		RTT of packet with SN 11 : 25700 us
		BASE : 12	NEXTSN : 12


		@@@@ timeout 12@@@@
		nextSNTemp : 16, nextSN : 12

[Local]   SENDING 		To 2	Data .	Size 24	  Sequence Number 12	(4643 ms)
LOG 4643950 us Sab1 ORIGINAL Packet: 35
LOG 4643950 us Sab1 000011101001010000010100110010101000000000000000000000000000000010000000000000000000000000000000010000000000000000000000000000001101000000000000000000000000000000110100000000000000000000000000
LOG 4643950 us Sab1 CORRUPTED Packet: 35
LOG 4643950 us Sab1 000011101001010000010100110010101000000000000000000000000000000010000000000000000000000000000000010000000000000000000000000000001101000000000000000000000000000000110100000000000000000000000000
[Central]  RECEIVED 	From 1		Data ,	Size 24	  Sequence Number 11	(4643950 us)
[Central]  SENDING 		To 1	ACK 	Size 24	  Sequence Number 12	(4767750 us)
[Local]   RECEIVED 	From 2		ACK 	Size 24	  Sequence Number 12	(4768700 us)

		RTT of packet with SN 12 : 125700 us
		BASE : 13	NEXTSN : 13


		@@@@ timeout 13@@@@
		nextSNTemp : 17, nextSN : 13

[Local]   SENDING 		To 2	Data !	Size 24	  Sequence Number 13	(4835050 us)
LOG 4836 ms Sab1 ORIGINAL Packet: 37
LOG 4836 ms Sab1 000011101001010000010100110010101000000000000000000000000000000010000000000000000000000000000000010000000000000000000000000000000011000000000000000000000000000001110100000000000000000000000000
LOG 4836 ms Sab1 CORRUPTED Packet: 37
LOG 4836 ms Sab1 000011101001010000010100110010101000000000000000000000000000000010000000000000000000000000000000010000000000000000000000000000000011000000000000000000000000000001110100000000000000000000000000
[Central]  RECEIVED 	From 1		Data .	Size 24	  Sequence Number 12	(4836 ms)
[Local]   SENDING 		To 2	Data +	Size 24	  Sequence Number 14	(5027100 us)
LOG 5028050 us Sab1 ORIGINAL Packet: 39
LOG 5028050 us Sab1 000011101001010000010100110010101000000000000000000000000000000010000000000000000000000000000000010000000000000000000000000000001011000000000000000000000000000010000100000000000000000000000000
LOG 5028050 us Sab1 CORRUPTED Packet: 39
LOG 5028050 us Sab1 000011101001010000010100110010101000000000000000000000000000000010000000000000000000000000000000010000000000000000000000000000001011000000000000000000000000000010000100000000000000000000000000
[Central]  RECEIVED 	From 1		Data !	Size 24	  Sequence Number 13	(5028050 us)
[Central]  SENDING 		To 1	ACK 	Size 24	  Sequence Number 12	(5059800 us)

		Error - Wrong ACK --- Expected : 13, Actual : 12 -- the ACK will be discarded

[Local]   SENDING 		To 2	Data )	Size 24	  Sequence Number 15	(5219150 us)
LOG 5220100 us Sab1 ORIGINAL Packet: 40
LOG 5220100 us Sab1 000011101001010000010100110010101000000000000000000000000000000010000000000000000000000000000000010000000000000000000000000000000111000000000000000000000000000011010100000000000000000000000000
LOG 5220100 us Sab1 CORRUPTED Packet: 40
LOG 5220100 us Sab1 000011101001010000010100110010101000000000000000000000000000000010000000000000000000000000000000010000000000000000000000000000000111000000000000000000000000000011010100000000000000000000000000
[Central]  RECEIVED 	From 1		Data +	Size 24	  Sequence Number 14	(5220100 us)
[Central]  SENDING 		To 1	ACK 	Size 24	  Sequence Number 12	(5351850 us)

		Error - Wrong ACK --- Expected : 13, Actual : 12 -- the ACK will be discarded

[Local]   SENDING 		To 2	Data #	Size 24	  Sequence Number 16	(5411200 us)
LOG 5412150 us Sab1 ORIGINAL Packet: 42
LOG 5412150 us Sab1 000011101001010000010100110010101000000000000000000000000000000010000000000000000000000000000000010000000000000000000000000000001111000000000000000000000000000010010100000000000000000000000000
LOG 5412150 us Sab1 CORRUPTED Packet: 42
LOG 5412150 us Sab1 000011101001010000010100110010101000000000000000000000000000000010000000000000000000000000000000010000000000000000000000000000001111000000000000000000000000000010010100000000000000000000000000
[Central]  RECEIVED 	From 1		Data )	Size 24	  Sequence Number 15	(5412150 us)

		@@@@ timeout 13@@@@
		nextSNTemp : 17, nextSN : 13

[Local]   SENDING 		To 2	Data !	Size 24	  Sequence Number 13	(5603250 us)
LOG 5604200 us Sab1 ORIGINAL Packet: 44
LOG 5604200 us Sab1 000011101001010000010100110010101000000000000000000000000000000010000000000000000000000000000000010000000000000000000000000000000000100000000000000000000000000011000100000000000000000000000000
LOG 5604200 us Sab1 CORRUPTED Packet: 44
LOG 5604200 us Sab1 000011101001010000010100110010101000000000000000000000000000000010000000000000000000000000000000010000000000000000000000000000000000100000000000000000000000000011000100000000000000000000000000
[Central]  RECEIVED 	From 1		Data #	Size 24	  Sequence Number 16	(5604200 us)
[Central]  SENDING 		To 1	ACK 	Size 24	  Sequence Number 12	(5643900 us)

		Error - Wrong ACK --- Expected : 13, Actual : 12 -- the ACK will be discarded

[Local]   SENDING 		To 2	Data +	Size 24	  Sequence Number 14	(5795300 us)
LOG 5796250 us Sab1 ORIGINAL Packet: 45
LOG 5796250 us Sab1 000011101001010000010100110010101000000000000000000000000000000010000000000000000000000000000000010000000000000000000000000000001011000000000000000000000000000010000100000000000000000000000000
LOG 5796250 us Sab1 CORRUPTED Packet: 45
LOG 5796250 us Sab1 000011101001010000010100110010101000000000000000000000000000000010000000000000000000000000000000010000000000000000000000000000001011000000000000000000000000000010000100000000000000000000000000
[Central]  RECEIVED 	From 1		Data !	Size 24	  Sequence Number 13	(5796250 us)
[Central]  SENDING 		To 1	ACK 	Size 24	  Sequence Number 13	(5935950 us)

		Error - Wrong ACK --- Expected : 13, Actual : 12 -- the ACK will be discarded

[Local]   SENDING 		To 2	Data )	Size 24	  Sequence Number 15	(5987350 us)
LOG 5988300 us Sab1 ORIGINAL Packet: 47
LOG 5988300 us Sab1 000011101001010000010100110010101000000000000000000000000000000010000000000000000000000000000000010000000000000000000000000000000111000000000000000000000000000011010100000000000000000000000000
LOG 5988300 us Sab1 CORRUPTED Packet: 47
LOG 5988300 us Sab1 000011101001010000010100110010101000000000000000000000000000000010000000000000000000000000000000010000000000000000000000000000000111000000000000000000000000000011010100000000000000000000000000
[Central]  RECEIVED 	From 1		Data +	Size 24	  Sequence Number 14	(5988300 us)
[Local]   SENDING 		To 2	Data #	Size 24	  Sequence Number 16	(6179400 us)
LOG 6180350 us Sab1 ORIGINAL Packet: 49
LOG 6180350 us Sab1 000011101001010000010100110010101000000000000000000000000000000010000000000000000000000000000000010000000000000000000000000000001111000000000000000000000000000010010100000000000000000000000000
LOG 6180350 us Sab1 CORRUPTED Packet: 49
LOG 6180350 us Sab1 000011101001010000010100110010101000000000000000000000000000000010000000000000000000000000000000010000000000000000000000000000001111000000000000000000000000000010010100000000000000000000000000
[Central]  RECEIVED 	From 1		Data )	Size 24	  Sequence Number 15	(6180350 us)
[Central]  SENDING 		To 1	ACK 	Size 24	  Sequence Number 14	(6228 ms)
[Local]   RECEIVED 	From 2		ACK 	Size 24	  Sequence Number 13	(6228950 us)

		RTT of packet with SN 13 : 625700 us
		BASE : 14	NEXTSN : 17


		#### timeout 13#### 6228950 us
[Local]   SENDING 		To 2	Data #	Size 24	  Sequence Number 17	(6371450 us)
LOG 6372400 us Sab1 ORIGINAL Packet: 50
LOG 6372400 us Sab1 000011101001010000010100110010101000000000000000000000000000000010000000000000000000000000000000010000000000000000000000000000000000100000000000000000000000000011000100000000000000000000000000
LOG 6372400 us Sab1 CORRUPTED Packet: 50
LOG 6372400 us Sab1 000011101001010000010100110010101000000000000000000000000000000010000000000000000000000000000000010000000000000000000000000000000000100000000000000000000000000011000100000000000000000000000000
[Central]  RECEIVED 	From 1		Data #	Size 24	  Sequence Number 16	(6372400 us)
[Central]  SENDING 		To 1	ACK 	Size 24	  Sequence Number 14	(6520050 us)
[Local]   RECEIVED 	From 2		ACK 	Size 24	  Sequence Number 14	(6521 ms)

		RTT of packet with SN 14 : 725700 us
		BASE : 15	NEXTSN : 18


		#### timeout 14#### 6521 ms
[Local]   SENDING 		To 2	Data $	Size 24	  Sequence Number 18	(6563500 us)
LOG 6564450 us Sab1 ORIGINAL Packet: 52
LOG 6564450 us Sab1 000011101001010000010100110010101000000000000000000000000000000010000000000000000000000000000000010000000000000000000000000000001000100000000000000000000000000011000100000000000000000000000000
LOG 6564450 us Sab1 CORRUPTED Packet: 52
LOG 6564450 us Sab1 000011101001010000010100110010101000000000000000000000000000000010000000000000000000000000000000010000000000000000000000000000001000100000000000000000000000000011000100000000000000000000000000
[Central]  RECEIVED 	From 1		Data #	Size 24	  Sequence Number 17	(6564450 us)

		@@@@ timeout 15@@@@
		nextSNTemp : 19, nextSN : 15

[Local]   SENDING 		To 2	Data )	Size 24	  Sequence Number 15	(6755550 us)
LOG 6756500 us Sab1 ORIGINAL Packet: 54
LOG 6756500 us Sab1 000011101001010000010100110010101000000000000000000000000000000010000000000000000000000000000000010000000000000000000000000000000100100000000000000000000000000000100100000000000000000000000000
LOG 6756500 us Sab1 CORRUPTED Packet: 54
LOG 6756500 us Sab1 000011101001010000010100110010101000000000000000000000000000000010000000000000000000000000000000010000000000000000000000000000000100100000000000000000000000000000100100000000000000000000000000
[Central]  RECEIVED 	From 1		Data $	Size 24	  Sequence Number 18	(6756500 us)
[Central]  SENDING 		To 1	ACK 	Size 24	  Sequence Number 14	(6812100 us)

		Error - Wrong ACK --- Expected : 15, Actual : 14 -- the ACK will be discarded

[Local]   SENDING 		To 2	Data #	Size 24	  Sequence Number 16	(6947600 us)
LOG 6948550 us Sab1 ORIGINAL Packet: 55
LOG 6948550 us Sab1 000011101001010000010100110010101000000000000000000000000000000010000000000000000000000000000000010000000000000000000000000000001111000000000000000000000000000010010100000000000000000000000000
LOG 6948550 us Sab1 CORRUPTED Packet: 55
LOG 6948550 us Sab1 000011101001010000010100110010101000000000000000000000000000000010000000000000000000000000000000010000000000000000000000000000001111000000000000000000000000000010010100000000000000000000000000
[Central]  RECEIVED 	From 1		Data )	Size 24	  Sequence Number 15	(6948550 us)
[Central]  SENDING 		To 1	ACK 	Size 24	  Sequence Number 14	(7104150 us)

		Error - Wrong ACK --- Expected : 15, Actual : 14 -- the ACK will be discarded

[Local]   SENDING 		To 2	Data #	Size 24	  Sequence Number 17	(7139650 us)
LOG 7140600 us Sab1 ORIGINAL Packet: 57
LOG 7140600 us Sab1 000011101001010000010100110010101000000000000000000000000000000010000000000000000000000000000000010000000000000000000000000000000000100000000000000000000000000011000100000000000000000000000000
LOG 7140600 us Sab1 CORRUPTED Packet: 57
LOG 7140600 us Sab1 000011101001010000010100110010101000000000000000000000000000000010000000000000000000000000000000010000000000000000000000000000000000100000000000000000000000000011000100000000000000000000000000
[Central]  RECEIVED 	From 1		Data #	Size 24	  Sequence Number 16	(7140600 us)
[Local]   SENDING 		To 2	Data $	Size 24	  Sequence Number 18	(7331700 us)
LOG 7332650 us Sab1 ORIGINAL Packet: 59
LOG 7332650 us Sab1 000011101001010000010100110010101000000000000000000000000000000010000000000000000000000000000000010000000000000000000000000000001000100000000000000000000000000011000100000000000000000000000000
LOG 7332650 us Sab1 CORRUPTED Packet: 59
LOG 7332650 us Sab1 000011101001010000010100110010101000000000000000000000000000000010000000000000000000000000000000010000000000000000000000000000001000100000000000000000000000000011000100000000000000000000000000
[Central]  RECEIVED 	From 1		Data #	Size 24	  Sequence Number 17	(7332650 us)
[Central]  SENDING 		To 1	ACK 	Size 24	  Sequence Number 14	(7396200 us)

		Error - Wrong ACK --- Expected : 15, Actual : 14 -- the ACK will be discarded


		@@@@ timeout 15@@@@
		nextSNTemp : 19, nextSN : 15

[Local]   SENDING 		To 2	Data )	Size 24	  Sequence Number 15	(7523750 us)
LOG 7524700 us Sab1 ORIGINAL Packet: 60
LOG 7524700 us Sab1 000011101001010000010100110010101000000000000000000000000000000010000000000000000000000000000000010000000000000000000000000000000100100000000000000000000000000000100100000000000000000000000000
LOG 7524700 us Sab1 CORRUPTED Packet: 60
LOG 7524700 us Sab1 000011101001010000010100110010101000000000000000000000000000000010000000000000000000000000000000010000000000000000000000000000000100100000000000000000000000000000100100000000000000000000000000
[Central]  RECEIVED 	From 1		Data $	Size 24	  Sequence Number 18	(7524700 us)
[Central]  SENDING 		To 1	ACK 	Size 24	  Sequence Number 15	(7688250 us)

		Error - Wrong ACK --- Expected : 15, Actual : 14 -- the ACK will be discarded

[Local]   SENDING 		To 2	Data #	Size 24	  Sequence Number 16	(7715800 us)
LOG 7716750 us Sab1 ORIGINAL Packet: 62
LOG 7716750 us Sab1 000011101001010000010100110010101000000000000000000000000000000010000000000000000000000000000000010000000000000000000000000000001111000000000000000000000000000010010100000000000000000000000000
LOG 7716750 us Sab1 CORRUPTED Packet: 62
LOG 7716750 us Sab1 000011101001010000010100110010101000000000000000000000000000000010000000000000000000000000000000010000000000000000000000000000001111000000000000000000000000000010010100000000000000000000000000
[Central]  RECEIVED 	From 1		Data )	Size 24	  Sequence Number 15	(7716750 us)
[Local]   SENDING 		To 2	Data #	Size 24	  Sequence Number 17	(7907850 us)
LOG 7908800 us Sab1 ORIGINAL Packet: 64
LOG 7908800 us Sab1 000011101001010000010100110010101000000000000000000000000000000010000000000000000000000000000000010000000000000000000000000000000000100000000000000000000000000011000100000000000000000000000000
LOG 7908800 us Sab1 CORRUPTED Packet: 64
LOG 7908800 us Sab1 000011101001010000010100110010101000000000000000000000000000000010000000000000000000000000000000010000000000000000000000000000000000100000000000000000000000000011000100000000000000000000000000
[Central]  RECEIVED 	From 1		Data #	Size 24	  Sequence Number 16	(7908800 us)
[Central]  SENDING 		To 1	ACK 	Size 24	  Sequence Number 16	(7980300 us)
[Local]   RECEIVED 	From 2		ACK 	Size 24	  Sequence Number 15	(7981250 us)

		RTT of packet with SN 15 : 457500 us
		BASE : 16	NEXTSN : 18


Info: /OSCI/SystemC: Simulation stopped by user.
