
Local   <-->  Central with FullDuplex channel

+----------------------------------------------------------------------------------------------+
|TASK     ACTION        FROM    TO      DATA    SIZE      SEQUENCE NUMBER       TIME STAMP     |
+----------------------------------------------------------------------------------------------+
[Local]   SENDING 		To 2	Data "	Size 24	  Sequence Number 1	(50 us)
[Local]   SENDING 		To 2	Data %	Size 24	  Sequence Number 2	(192100 us)
LOG 193050 us Sab1 ORIGINAL Packet: 0
LOG 193050 us Sab1 000011101001111011001011011011101000000000000000000000000000000010000000000000000000000000000000010000000000000000000000000000001000000000000000000000000000000001000100000000000000000000000000
LOG 193050 us Sab1 CORRUPTED Packet: 0
LOG 193050 us Sab1 000011101001111011001011011011101000000000000000000000000000000010000000000000000000000000000000010000000000000000000000000000001000000000000000000000000000000001000100000000000000000000000000
[Central]  RECEIVED 	From 1		Data "	Size 24	  Sequence Number 1	(193050 us)
[Central]  SENDING 		To 1	ACK 	Size 24	  Sequence Number 1	(193050 us)
LOG 385100 us Sab1 ORIGINAL Packet: 1
LOG 385100 us Sab1 000011101001111011001011011011101000000000000000000000000000000010000000000000000000000000000000010000000000000000000000000000000100000000000000000000000000000010100100000000000000000000000000
LOG 385100 us Sab1 CORRUPTED Packet: 1
LOG 385100 us Sab1 000011101001111011001011011011101000000000000000000000000000000010000000000000000000000000000000010000000000000000000000000000000100000000000000000000000000000010100100000000000000000000000000
[Central]  RECEIVED 	From 1		Data %	Size 24	  Sequence Number 2	(385100 us)
[Central]  SENDING 		To 1	ACK 	Size 24	  Sequence Number 2	(385100 us)
[Local]   RECEIVED 	From 2		ACK 	Size 24	  Sequence Number 1	(386050 us)

		RTT of packet with SN 1 : 386050 us
		BASE : 2	NEXTSN : 3

[Local]   RECEIVED 	From 2		ACK 	Size 24	  Sequence Number 2	(578100 us)

		RTT of packet with SN 2 : 386 ms
		BASE : 3	NEXTSN : 3


		@@@@ timeout 1@@@@
		nextSNTemp : 5, nextSN : 1


		@@@@ timeout 3@@@@
		nextSNTemp : 7, nextSN : 3

[Local]   SENDING 		To 2	Data *	Size 24	  Sequence Number 3	(600050 us)
[Local]   SENDING 		To 2	Data &	Size 24	  Sequence Number 4	(792100 us)
LOG 793050 us Sab1 ORIGINAL Packet: 4
LOG 793050 us Sab1 000011101001111011001011011011101000000000000000000000000000000010000000000000000000000000000000010000000000000000000000000000001100000000000000000000000000000001010100000000000000000000000000
LOG 793050 us Sab1 CORRUPTED Packet: 4
LOG 793050 us Sab1 000011101001111011001011011011101000000000000000000000000000000010000000000000000000000000000000010000000000000000000000000000001100000000000000000000000000000001010100000000000000000000000000
[Central]  RECEIVED 	From 1		Data *	Size 24	  Sequence Number 3	(793050 us)
[Central]  SENDING 		To 1	ACK 	Size 24	  Sequence Number 3	(793050 us)
[Local]   SENDING 		To 2	Data +	Size 24	  Sequence Number 5	(984150 us)
LOG 985100 us Sab1 ORIGINAL Packet: 5
LOG 985100 us Sab1 000011101001111011001011011011101000000000000000000000000000000010000000000000000000000000000000010000000000000000000000000000000010000000000000000000000000000001100100000000000000000000000000
LOG 985100 us Sab1 CORRUPTED Packet: 5
LOG 985100 us Sab1 000011101001111011001011011011101000000000000000000000000000000010000000000000000000000000000000010000000000000000000000000000000010000000000000000000000000000001100100000000000000000000000000
[Central]  RECEIVED 	From 1		Data &	Size 24	  Sequence Number 4	(985100 us)
[Central]  SENDING 		To 1	ACK 	Size 24	  Sequence Number 4	(985100 us)
[Local]   RECEIVED 	From 2		ACK 	Size 24	  Sequence Number 3	(986050 us)

		RTT of packet with SN 3 : 386 ms
		BASE : 4	NEXTSN : 6

[Local]   SENDING 		To 2	Data #	Size 24	  Sequence Number 6	(1176200 us)
LOG 1177150 us Sab1 ORIGINAL Packet: 7
LOG 1177150 us Sab1 000011101001111011001011011011101000000000000000000000000000000010000000000000000000000000000000010000000000000000000000000000001010000000000000000000000000000011010100000000000000000000000000
LOG 1177150 us Sab1 CORRUPTED Packet: 7
LOG 1177150 us Sab1 000011101001111011001011011011101000000000000000000000000000000010000000000000000000000000000000010000000000000000000000000000001010000000000000000000000000000011010100000000000000000000000000
[Central]  RECEIVED 	From 1		Data +	Size 24	  Sequence Number 5	(1177150 us)
[Central]  SENDING 		To 1	ACK 	Size 24	  Sequence Number 5	(1177150 us)
[Local]   RECEIVED 	From 2		ACK 	Size 24	  Sequence Number 4	(1178100 us)

		RTT of packet with SN 4 : 386 ms
		BASE : 5	NEXTSN : 7

[Local]   SENDING 		To 2	Data "	Size 24	  Sequence Number 7	(1368250 us)
LOG 1369200 us Sab1 ORIGINAL Packet: 9
LOG 1369200 us Sab1 000011101001111011001011011011101000000000000000000000000000000010000000000000000000000000000000010000000000000000000000000000000110000000000000000000000000000011000100000000000000000000000000
LOG 1369200 us Sab1 CORRUPTED Packet: 9
LOG 1369200 us Sab1 000011101001111011001011011011101000000000000000000000000000000010000000000000000000000000000000010000000000000000000000000000000110000000000000000000000000000011000100000000000000000000000000
[Central]  RECEIVED 	From 1		Data #	Size 24	  Sequence Number 6	(1369200 us)
[Central]  SENDING 		To 1	ACK 	Size 24	  Sequence Number 6	(1369200 us)
[Local]   RECEIVED 	From 2		ACK 	Size 24	  Sequence Number 5	(1370150 us)

		RTT of packet with SN 5 : 386 ms
		BASE : 6	NEXTSN : 8

[Local]   SENDING 		To 2	Data $	Size 24	  Sequence Number 8	(1560300 us)
LOG 1561250 us Sab1 ORIGINAL Packet: 11
LOG 1561250 us Sab1 000011101001111011001011011011101000000000000000000000000000000010000000000000000000000000000000010000000000000000000000000000001110000000000000000000000000000001000100000000000000000000000000
LOG 1561250 us Sab1 CORRUPTED Packet: 11
LOG 1561250 us Sab1 000011101001111011001011011011101000000000000000000000000000000010000000000000000000000000000000010000000000000000000000000000001110000000000000000000000000000001000100000000000000000000000000
[Central]  RECEIVED 	From 1		Data "	Size 24	  Sequence Number 7	(1561250 us)
[Central]  SENDING 		To 1	ACK 	Size 24	  Sequence Number 7	(1561250 us)
[Local]   RECEIVED 	From 2		ACK 	Size 24	  Sequence Number 6	(1562200 us)

		RTT of packet with SN 6 : 386 ms
		BASE : 7	NEXTSN : 9

LOG 1753300 us Sab1 ORIGINAL Packet: 13
LOG 1753300 us Sab1 000011101001111011001011011011101000000000000000000000000000000010000000000000000000000000000000010000000000000000000000000000000001000000000000000000000000000000100100000000000000000000000000
LOG 1753300 us Sab1 CORRUPTED Packet: 13
LOG 1753300 us Sab1 000011101001111011001011011011101000000000000000000000000000000010000000000000000000000000000000010000000000000000000000000000000001000000000000000000000000000000100100000000000000000000000000
[Central]  RECEIVED 	From 1		Data $	Size 24	  Sequence Number 8	(1753300 us)
[Central]  SENDING 		To 1	ACK 	Size 24	  Sequence Number 8	(1753300 us)
[Local]   RECEIVED 	From 2		ACK 	Size 24	  Sequence Number 7	(1754250 us)

		RTT of packet with SN 7 : 386 ms
		BASE : 8	NEXTSN : 9


		@@@@ timeout 1@@@@
		nextSNTemp : 5, nextSN : 1

[Local]   RECEIVED 	From 2		ACK 	Size 24	  Sequence Number 8	(1946300 us)

		RTT of packet with SN 8 : 386 ms
		BASE : 9	NEXTSN : 9


		@@@@ timeout 9@@@@
		nextSNTemp : 13, nextSN : 9

[Local]   SENDING 		To 2	Data &	Size 24	  Sequence Number 9	(1946300 us)
[Local]   SENDING 		To 2	Data '	Size 24	  Sequence Number 10	(2138350 us)
LOG 2139300 us Sab1 ORIGINAL Packet: 16
LOG 2139300 us Sab1 000011101001111011001011011011101000000000000000000000000000000010000000000000000000000000000000010000000000000000000000000000001001000000000000000000000000000001100100000000000000000000000000
LOG 2139300 us Sab1 CORRUPTED Packet: 16
LOG 2139300 us Sab1 000011101001111011001011011011101000000000000000000000000000000010000000000000000000000000000000010000000000000000000000000000001001000000000000000000000000000001100100000000000000000000000000
[Local]   SENDING 		To 2	Data ,	Size 24	  Sequence Number 11	(2330400 us)
LOG 2331350 us Sab1 ORIGINAL Packet: 17
LOG 2331350 us Sab1 000011101001111011001011011011101000000000000000000000000000000010000000000000000000000000000000010000000000000000000000000000000101000000000000000000000000000011100100000000000000000000000000
LOG 2331350 us Sab1 CORRUPTED Packet: 17
LOG 2331350 us Sab1 000011101001111011001011011011101000000000000000000000000000000010000000000000000000000000000000010000000000000000000000000000000101000000000000000000000000000011100100000000000000000000000000
[Local]   SENDING 		To 2	Data .	Size 24	  Sequence Number 12	(2522450 us)
LOG 2523400 us Sab1 ORIGINAL Packet: 18
LOG 2523400 us Sab1 000011101001111011001011011011101000000000000000000000000000000010000000000000000000000000000000010000000000000000000000000000001101000000000000000000000000000000110100000000000000000000000000
LOG 2523400 us Sab1 CORRUPTED Packet: 18
LOG 2523400 us Sab1 000011101001111011001011011011101000000000000000000000000000000010000000000000000000000000000000010000000000000000000000000000001101000000000000000000000000000000110100000000000000000000000000
[Central]  RECEIVED 	From 1		Data ,	Size 24	  Sequence Number 11	(2523400 us)
[Central]  SENDING 		To 1	ACK 	Size 24	  Sequence Number 9	(2523400 us)

		@@@@ timeout 9@@@@
		nextSNTemp : 13, nextSN : 9

[Local]   SENDING 		To 2	Data  	Size 24	  Sequence Number 9	(2714500 us)
LOG 2715450 us Sab1 ORIGINAL Packet: 19
LOG 2715450 us Sab1 000011101001111011001011011011101000000000000000000000000000000010000000000000000000000000000000010000000000000000000000000000000011000000000000000000000000000001110100000000000000000000000000
LOG 2715450 us Sab1 CORRUPTED Packet: 19
LOG 2715450 us Sab1 000011101001111011001011011011101000000000000000000000000000000010000000000000000000000000000000010000000000000000000000000000000011000000000000000000000000000001110100000000000000000000000000
[Central]  RECEIVED 	From 1		Data .	Size 24	  Sequence Number 12	(2715450 us)
[Central]  SENDING 		To 1	ACK 	Size 24	  Sequence Number 9	(2715450 us)
[Local]   RECEIVED 	From 2		ACK 	Size 24	  Sequence Number 9	(2716400 us)

		RTT of packet with SN 9 : 1900 us
		BASE : 10	NEXTSN : 10


		@@@@ timeout 10@@@@
		nextSNTemp : 14, nextSN : 10

[Local]   SENDING 		To 2	Data '	Size 24	  Sequence Number 10	(2906550 us)
LOG 2907500 us Sab1 ORIGINAL Packet: 21
LOG 2907500 us Sab1 000011101001111011001011011011101000000000000000000000000000000010000000000000000000000000000000010000000000000000000000000000001001000000000000000000000000000000000000000000000000000000000000
LOG 2907500 us Sab1 CORRUPTED Packet: 21
LOG 2907500 us Sab1 000011101001111011001011011011101000000000000000000000000000000010000000000000000000000000000000010000000000000000000000000000001001000000000000000000000000000000000000000000000000000000000000
[Central]  RECEIVED 	From 1		Data  	Size 24	  Sequence Number 9	(2907500 us)
[Central]  SENDING 		To 1	ACK 	Size 24	  Sequence Number 9	(2907500 us)

		Error - Wrong ACK --- Expected : 10, Actual : 9 -- the ACK will be discarded

[Local]   SENDING 		To 2	Data ,	Size 24	  Sequence Number 11	(3098600 us)
LOG 3099550 us Sab1 ORIGINAL Packet: 23
LOG 3099550 us Sab1 000011101001111011001011011011101000000000000000000000000000000010000000000000000000000000000000010000000000000000000000000000000101000000000000000000000000000011100100000000000000000000000000
LOG 3099550 us Sab1 CORRUPTED Packet: 23
LOG 3099550 us Sab1 000011101001111011001011011011101000000000000000000000000000000010000000000000000000000000000000010000000000000000000000000000000101000000000000000000000000000011100100000000000000000000000000
[Central]  RECEIVED 	From 1		Data '	Size 24	  Sequence Number 10	(3099550 us)
[Central]  SENDING 		To 1	ACK 	Size 24	  Sequence Number 10	(3099550 us)

		Error - Wrong ACK --- Expected : 10, Actual : 9 -- the ACK will be discarded

[Local]   SENDING 		To 2	Data .	Size 24	  Sequence Number 12	(3290650 us)
LOG 3291600 us Sab1 ORIGINAL Packet: 25
LOG 3291600 us Sab1 000011101001111011001011011011101000000000000000000000000000000010000000000000000000000000000000010000000000000000000000000000001101000000000000000000000000000000110100000000000000000000000000
LOG 3291600 us Sab1 CORRUPTED Packet: 25
LOG 3291600 us Sab1 000011101001111011001011011011101000000000000000000000000000000010000000000000000000000000000000010000000000000000000000000000001101000000000000000000000000000000110100000000000000000000000000
[Central]  RECEIVED 	From 1		Data ,	Size 24	  Sequence Number 11	(3291600 us)
[Central]  SENDING 		To 1	ACK 	Size 24	  Sequence Number 11	(3291600 us)
[Local]   RECEIVED 	From 2		ACK 	Size 24	  Sequence Number 10	(3292550 us)

		RTT of packet with SN 10 : 386 ms
		BASE : 11	NEXTSN : 13

[Local]   SENDING 		To 2	Data !	Size 24	  Sequence Number 13	(3482700 us)
LOG 3483650 us Sab1 ORIGINAL Packet: 27
LOG 3483650 us Sab1 000011101001111011001011011011101000000000000000000000000000000010000000000000000000000000000000010000000000000000000000000000000011000000000000000000000000000001110100000000000000000000000000
LOG 3483650 us Sab1 CORRUPTED Packet: 27
LOG 3483650 us Sab1 000011101001111011001011011011101000000000000000000000000000000010000000000000000000000000000000010000000000000000000000000000000011000000000000000000000000000001110100000000000000000000000000
[Central]  RECEIVED 	From 1		Data .	Size 24	  Sequence Number 12	(3483650 us)
[Central]  SENDING 		To 1	ACK 	Size 24	  Sequence Number 12	(3483650 us)
[Local]   RECEIVED 	From 2		ACK 	Size 24	  Sequence Number 11	(3484600 us)

		RTT of packet with SN 11 : 386 ms
		BASE : 12	NEXTSN : 14

[Local]   SENDING 		To 2	Data +	Size 24	  Sequence Number 14	(3674750 us)
LOG 3675700 us Sab1 ORIGINAL Packet: 29
LOG 3675700 us Sab1 000011101001111011001011011011101000000000000000000000000000000010000000000000000000000000000000010000000000000000000000000000001011000000000000000000000000000010000100000000000000000000000000
LOG 3675700 us Sab1 CORRUPTED Packet: 29
LOG 3675700 us Sab1 000011101001111011001011011011101000000000000000000000000000000010000000000000000000000000000000010000000000000000000000000000001011000000000000000000000000000010000100000000000000000000000000

		@@@@ timeout 1@@@@
		nextSNTemp : 5, nextSN : 1

[Local]   RECEIVED 	From 2		ACK 	Size 24	  Sequence Number 12	(3676650 us)

		RTT of packet with SN 12 : 386 ms
		BASE : 13	NEXTSN : 15

[Local]   SENDING 		To 2	Data )	Size 24	  Sequence Number 15	(3866800 us)
LOG 3867750 us Sab1 ORIGINAL Packet: 31
LOG 3867750 us Sab1 000011101001111011001011011011101000000000000000000000000000000010000000000000000000000000000000010000000000000000000000000000000111000000000000000000000000000011010100000000000000000000000000
LOG 3867750 us Sab1 CORRUPTED Packet: 31
LOG 3867750 us Sab1 000011101001111011001011011011101000000000000000000000000000000010000000000000000000000000000000010000000000000000000000000000000111000000000000000000000000000011010100000000000000000000000000
[Central]  RECEIVED 	From 1		Data +	Size 24	  Sequence Number 14	(3867750 us)
[Central]  SENDING 		To 1	ACK 	Size 24	  Sequence Number 13	(3867750 us)
LOG 4059800 us Sab1 ORIGINAL Packet: 32
LOG 4059800 us Sab1 000011101001111011001011011011101000000000000000000000000000000010000000000000000000000000000000010000000000000000000000000000001111000000000000000000000000000010010100000000000000000000000000
LOG 4059800 us Sab1 CORRUPTED Packet: 32
LOG 4059800 us Sab1 000011101001111011001011011011101000000000000000000000000000000010000000000000000000000000000000010000000000000000000000000000001111000000000000000000000000000010010100000000000000000000000000
[Local]   RECEIVED 	From 2		ACK 	Size 24	  Sequence Number 13	(4060750 us)

		RTT of packet with SN 13 : 578050 us
		BASE : 14	NEXTSN : 16


		@@@@ timeout 14@@@@
		nextSNTemp : 18, nextSN : 14

[Local]   SENDING 		To 2	Data +	Size 24	  Sequence Number 14	(4274800 us)

		@@@@ timeout 1@@@@
		nextSNTemp : 5, nextSN : 1

[Local]   SENDING 		To 2	Data )	Size 24	  Sequence Number 15	(4466850 us)
LOG 4467800 us Sab1 ORIGINAL Packet: 34
LOG 4467800 us Sab1 000011101001111011001011011011101000000000000000000000000000000010000000000000000000000000000000010000000000000000000000000000000111000000000000000000000000000011010100000000000000000000000000
LOG 4467800 us Sab1 CORRUPTED Packet: 34
LOG 4467800 us Sab1 000011101001111011001011011011101000000000000000000000000000000010000000000000000000000000000000010000000000000000000000000000000111000000000000000000000000000011010100000000000000000000000000
[Central]  RECEIVED 	From 1		Data +	Size 24	  Sequence Number 14	(4467800 us)
[Central]  SENDING 		To 1	ACK 	Size 24	  Sequence Number 13	(4467800 us)
[Local]   SENDING 		To 2	Data #	Size 24	  Sequence Number 16	(4658900 us)
LOG 4659850 us Sab1 ORIGINAL Packet: 35
LOG 4659850 us Sab1 000011101001111011001011011011101000000000000000000000000000000010000000000000000000000000000000010000000000000000000000000000001111000000000000000000000000000010010100000000000000000000000000
LOG 4659850 us Sab1 CORRUPTED Packet: 35
LOG 4659850 us Sab1 000011101001111011001011011011101000000000000000000000000000000010000000000000000000000000000000010000000000000000000000000000001111000000000000000000000000000010010100000000000000000000000000

		Error - Wrong ACK --- Expected : 14, Actual : 13 -- the ACK will be discarded

[Local]   SENDING 		To 2	Data $	Size 24	  Sequence Number 17	(4850950 us)
LOG 4851900 us Sab1 ORIGINAL Packet: 37
LOG 4851900 us Sab1 000011101001111011001011011011101000000000000000000000000000000010000000000000000000000000000000010000000000000000000000000000000000100000000000000000000000000011000100000000000000000000000000
LOG 4851900 us Sab1 CORRUPTED Packet: 37
LOG 4851900 us Sab1 000011101001111011001011011011101000000000000000000000000000000010000000000000000000000000000000010000000000000000000000000000000000100000000000000000000000000011000100000000000000000000000000

		@@@@ timeout 1@@@@
		nextSNTemp : 5, nextSN : 1


		@@@@ timeout 14@@@@
		nextSNTemp : 18, nextSN : 14

[Local]   SENDING 		To 2	Data +	Size 24	  Sequence Number 14	(5043 ms)
LOG 5043950 us Sab1 ORIGINAL Packet: 38
LOG 5043950 us Sab1 000011101001111011001011011011101000000000000000000000000000000010000000000000000000000000000000010000000000000000000000000000001000100000000000000000000000000000100100000000000000000000000000
LOG 5043950 us Sab1 CORRUPTED Packet: 38
LOG 5043950 us Sab1 000011101001111011001011011011101000000000000000000000000000000010000000000000000000000000000000010000000000000000000000000000001000100000000000000000000000000000100100000000000000000000000000
[Central]  RECEIVED 	From 1		Data $	Size 24	  Sequence Number 17	(5043950 us)
[Central]  SENDING 		To 1	ACK 	Size 24	  Sequence Number 13	(5043950 us)
[Local]   SENDING 		To 2	Data )	Size 24	  Sequence Number 15	(5235050 us)
LOG 5236 ms Sab1 ORIGINAL Packet: 39
LOG 5236 ms Sab1 000011101001111011001011011011101000000000000000000000000000000010000000000000000000000000000000010000000000000000000000000000000111000000000000000000000000000011010100000000000000000000000000
LOG 5236 ms Sab1 CORRUPTED Packet: 39
LOG 5236 ms Sab1 000011101001111011001011011011101000000000000000000000000000000010000000000000000000000000000000010000000000000000000000000000000111000000000000000000000000000011010100000000000000000000000000
[Central]  RECEIVED 	From 1		Data +	Size 24	  Sequence Number 14	(5236 ms)
[Central]  SENDING 		To 1	ACK 	Size 24	  Sequence Number 13	(5236 ms)

		Error - Wrong ACK --- Expected : 14, Actual : 13 -- the ACK will be discarded

[Local]   SENDING 		To 2	Data #	Size 24	  Sequence Number 16	(5427100 us)
LOG 5428050 us Sab1 ORIGINAL Packet: 41
LOG 5428050 us Sab1 000011101001111011001011011011101000000000000000000000000000000010000000000000000000000000000000010000000000000000000000000000001111000000000000000000000000000010010100000000000000000000000000
LOG 5428050 us Sab1 CORRUPTED Packet: 41
LOG 5428050 us Sab1 000011101001111011001011011011101000000000000000000000000000000010000000000000000000000000000000010000000000000000000000000000001111000000000000000000000000000010010100000000000000000000000000
[Central]  RECEIVED 	From 1		Data )	Size 24	  Sequence Number 15	(5428050 us)
[Central]  SENDING 		To 1	ACK 	Size 24	  Sequence Number 13	(5428050 us)

		Error - Wrong ACK --- Expected : 14, Actual : 13 -- the ACK will be discarded

[Local]   SENDING 		To 2	Data $	Size 24	  Sequence Number 17	(5619150 us)
LOG 5620100 us Sab1 ORIGINAL Packet: 43
LOG 5620100 us Sab1 000011101001111011001011011011101000000000000000000000000000000010000000000000000000000000000000010000000000000000000000000000000000100000000000000000000000000011000100000000000000000000000000
LOG 5620100 us Sab1 CORRUPTED Packet: 43
LOG 5620100 us Sab1 000011101001111011001011011011101000000000000000000000000000000010000000000000000000000000000000010000000000000000000000000000000000100000000000000000000000000011000100000000000000000000000000
[Central]  RECEIVED 	From 1		Data #	Size 24	  Sequence Number 16	(5620100 us)
[Central]  SENDING 		To 1	ACK 	Size 24	  Sequence Number 13	(5620100 us)

		Error - Wrong ACK --- Expected : 14, Actual : 13 -- the ACK will be discarded


		@@@@ timeout 14@@@@
		nextSNTemp : 18, nextSN : 14

[Local]   SENDING 		To 2	Data +	Size 24	  Sequence Number 14	(5811200 us)
LOG 5812150 us Sab1 ORIGINAL Packet: 45
LOG 5812150 us Sab1 000011101001111011001011011011101000000000000000000000000000000010000000000000000000000000000000010000000000000000000000000000001000100000000000000000000000000000100100000000000000000000000000
LOG 5812150 us Sab1 CORRUPTED Packet: 45
LOG 5812150 us Sab1 000011101001111011001011011011101000000000000000000000000000000010000000000000000000000000000000010000000000000000000000000000001000100000000000000000000000000000100100000000000000000000000000
[Central]  RECEIVED 	From 1		Data $	Size 24	  Sequence Number 17	(5812150 us)
[Central]  SENDING 		To 1	ACK 	Size 24	  Sequence Number 13	(5812150 us)

		Error - Wrong ACK --- Expected : 14, Actual : 13 -- the ACK will be discarded

[Local]   SENDING 		To 2	Data )	Size 24	  Sequence Number 15	(6003250 us)
LOG 6004200 us Sab1 ORIGINAL Packet: 47
LOG 6004200 us Sab1 000011101001111011001011011011101000000000000000000000000000000010000000000000000000000000000000010000000000000000000000000000000111000000000000000000000000000011010100000000000000000000000000
LOG 6004200 us Sab1 CORRUPTED Packet: 47
LOG 6004200 us Sab1 000011101001111011001011011011101000000000000000000000000000000010000000000000000000000000000000010000000000000000000000000000000111000000000000000000000000000011010100000000000000000000000000
[Central]  RECEIVED 	From 1		Data +	Size 24	  Sequence Number 14	(6004200 us)
[Central]  SENDING 		To 1	ACK 	Size 24	  Sequence Number 13	(6004200 us)

		Error - Wrong ACK --- Expected : 14, Actual : 13 -- the ACK will be discarded

[Local]   SENDING 		To 2	Data #	Size 24	  Sequence Number 16	(6195300 us)
LOG 6196250 us Sab1 ORIGINAL Packet: 49
LOG 6196250 us Sab1 000011101001111011001011011011101000000000000000000000000000000010000000000000000000000000000000010000000000000000000000000000001111000000000000000000000000000010010100000000000000000000000000
LOG 6196250 us Sab1 CORRUPTED Packet: 49
LOG 6196250 us Sab1 000011101001111011001011011011101000000000000000000000000000000010000000000000000000000000000000010000000000000000000000000000001111000000000000000000000000000010010100000000000000000000000000
[Central]  RECEIVED 	From 1		Data )	Size 24	  Sequence Number 15	(6196250 us)
[Central]  SENDING 		To 1	ACK 	Size 24	  Sequence Number 13	(6196250 us)

		Error - Wrong ACK --- Expected : 14, Actual : 13 -- the ACK will be discarded

[Local]   SENDING 		To 2	Data $	Size 24	  Sequence Number 17	(6387350 us)
LOG 6388300 us Sab1 ORIGINAL Packet: 51
LOG 6388300 us Sab1 000011101001111011001011011011101000000000000000000000000000000010000000000000000000000000000000010000000000000000000000000000000000100000000000000000000000000011000100000000000000000000000000
LOG 6388300 us Sab1 CORRUPTED Packet: 51
LOG 6388300 us Sab1 000011101001111011001011011011101000000000000000000000000000000010000000000000000000000000000000010000000000000000000000000000000000100000000000000000000000000011000100000000000000000000000000

		@@@@ timeout 1@@@@
		nextSNTemp : 5, nextSN : 1


		Error - Wrong ACK --- Expected : 14, Actual : 13 -- the ACK will be discarded


		@@@@ timeout 14@@@@
		nextSNTemp : 18, nextSN : 14

[Local]   SENDING 		To 2	Data +	Size 24	  Sequence Number 14	(6579400 us)
LOG 6580350 us Sab1 ORIGINAL Packet: 53
LOG 6580350 us Sab1 000011101001111011001011011011101000000000000000000000000000000010000000000000000000000000000000010000000000000000000000000000001000100000000000000000000000000000100100000000000000000000000000
LOG 6580350 us Sab1 CORRUPTED Packet: 53
LOG 6580350 us Sab1 000011101001111011001011011011101000000000000000000000000000000010000000000000000000000000000000010000000000000000000000000000001000100000000000000000000000000000100100000000000000000000000000
[Central]  RECEIVED 	From 1		Data $	Size 24	  Sequence Number 17	(6580350 us)
[Central]  SENDING 		To 1	ACK 	Size 24	  Sequence Number 13	(6580350 us)
[Local]   SENDING 		To 2	Data )	Size 24	  Sequence Number 15	(6771450 us)
LOG 6772400 us Sab1 ORIGINAL Packet: 54
LOG 6772400 us Sab1 000011101001111011001011011011101000000000000000000000000000000010000000000000000000000000000000010000000000000000000000000000000111000000000000000000000000000011010100000000000000000000000000
LOG 6772400 us Sab1 CORRUPTED Packet: 54
LOG 6772400 us Sab1 000011101001111011001011011011101000000000000000000000000000000010000000000000000000000000000000010000000000000000000000000000000111000000000000000000000000000011010100000000000000000000000000
[Central]  RECEIVED 	From 1		Data +	Size 24	  Sequence Number 14	(6772400 us)
[Central]  SENDING 		To 1	ACK 	Size 24	  Sequence Number 13	(6772400 us)

		Error - Wrong ACK --- Expected : 14, Actual : 13 -- the ACK will be discarded

[Local]   SENDING 		To 2	Data #	Size 24	  Sequence Number 16	(6963500 us)
LOG 6964450 us Sab1 ORIGINAL Packet: 56
LOG 6964450 us Sab1 000011101001111011001011011011101000000000000000000000000000000010000000000000000000000000000000010000000000000000000000000000001111000000000000000000000000000010010100000000000000000000000000
LOG 6964450 us Sab1 CORRUPTED Packet: 56
LOG 6964450 us Sab1 000011101001111011001011011011101000000000000000000000000000000010000000000000000000000000000000010000000000000000000000000000001111000000000000000000000000000010010100000000000000000000000000
[Central]  RECEIVED 	From 1		Data )	Size 24	  Sequence Number 15	(6964450 us)
[Central]  SENDING 		To 1	ACK 	Size 24	  Sequence Number 13	(6964450 us)

		Error - Wrong ACK --- Expected : 14, Actual : 13 -- the ACK will be discarded

[Local]   SENDING 		To 2	Data $	Size 24	  Sequence Number 17	(7155550 us)
LOG 7156500 us Sab1 ORIGINAL Packet: 58
LOG 7156500 us Sab1 000011101001111011001011011011101000000000000000000000000000000010000000000000000000000000000000010000000000000000000000000000000000100000000000000000000000000011000100000000000000000000000000
LOG 7156500 us Sab1 CORRUPTED Packet: 58
LOG 7156500 us Sab1 000011101001111011001011011011101000000000000000000000000000000010000000000000000000000000000000010000000000000000000000000000000000100000000000000000000000000011000100000000000000000000000000
[Central]  RECEIVED 	From 1		Data #	Size 24	  Sequence Number 16	(7156500 us)
[Central]  SENDING 		To 1	ACK 	Size 24	  Sequence Number 13	(7156500 us)

		Error - Wrong ACK --- Expected : 14, Actual : 13 -- the ACK will be discarded


		@@@@ timeout 14@@@@
		nextSNTemp : 18, nextSN : 14

[Local]   SENDING 		To 2	Data +	Size 24	  Sequence Number 14	(7347600 us)
LOG 7348550 us Sab1 ORIGINAL Packet: 60
LOG 7348550 us Sab1 000011101001111011001011011011101000000000000000000000000000000010000000000000000000000000000000010000000000000000000000000000001000100000000000000000000000000000100100000000000000000000000000
LOG 7348550 us Sab1 CORRUPTED Packet: 60
LOG 7348550 us Sab1 000011101001111011001011011011101000000000000000000000000000000010000000000000000000000000000000010000000000000000000000000000001000100000000000000000000000000000100100000000000000000000000000
[Central]  RECEIVED 	From 1		Data $	Size 24	  Sequence Number 17	(7348550 us)
[Central]  SENDING 		To 1	ACK 	Size 24	  Sequence Number 13	(7348550 us)

		Error - Wrong ACK --- Expected : 14, Actual : 13 -- the ACK will be discarded

[Local]   SENDING 		To 2	Data )	Size 24	  Sequence Number 15	(7539650 us)
LOG 7540600 us Sab1 ORIGINAL Packet: 62
LOG 7540600 us Sab1 000011101001111011001011011011101000000000000000000000000000000010000000000000000000000000000000010000000000000000000000000000000111000000000000000000000000000011010100000000000000000000000000
LOG 7540600 us Sab1 CORRUPTED Packet: 62
LOG 7540600 us Sab1 000011101001111011001011011011101000000000000000000000000000000010000000000000000000000000000000010000000000000000000000000000000111000000000000000000000000000011010100000000000000000000000000

		@@@@ timeout 1@@@@
		nextSNTemp : 5, nextSN : 1


		Error - Wrong ACK --- Expected : 14, Actual : 13 -- the ACK will be discarded

[Local]   SENDING 		To 2	Data #	Size 24	  Sequence Number 16	(7731700 us)
LOG 7732650 us Sab1 ORIGINAL Packet: 64
LOG 7732650 us Sab1 000011101001111011001011011011101000000000000000000000000000000010000000000000000000000000000000010000000000000000000000000000001111000000000000000000000000000010010100000000000000000000000000
LOG 7732650 us Sab1 CORRUPTED Packet: 64
LOG 7732650 us Sab1 000011101001111011001011011011101000000000000000000000000000000010000000000000000000000000000000010000000000000000000000000000001111000000000000000000000000000010010100000000000000000000000000
[Central]  RECEIVED 	From 1		Data )	Size 24	  Sequence Number 15	(7732650 us)
[Central]  SENDING 		To 1	ACK 	Size 24	  Sequence Number 13	(7732650 us)
[Local]   SENDING 		To 2	Data $	Size 24	  Sequence Number 17	(7923750 us)
LOG 7924700 us Sab1 ORIGINAL Packet: 65
LOG 7924700 us Sab1 000011101001111011001011011011101000000000000000000000000000000010000000000000000000000000000000010000000000000000000000000000000000100000000000000000000000000011000100000000000000000000000000
LOG 7924700 us Sab1 CORRUPTED Packet: 65
LOG 7924700 us Sab1 000011101001111011001011011011101000000000000000000000000000000010000000000000000000000000000000010000000000000000000000000000000000100000000000000000000000000011000100000000000000000000000000

		Error - Wrong ACK --- Expected : 14, Actual : 13 -- the ACK will be discarded


Info: /OSCI/SystemC: Simulation stopped by user.
