
Local   <-->  Central with FullDuplex channel

+----------------------------------------------------------------------------------------------+
|TASK     ACTION        FROM    TO      DATA    SIZE      SEQUENCE NUMBER       TIME STAMP     |
+----------------------------------------------------------------------------------------------+
[Local]   SENDING 		To 2	Data "	Size 24	  Sequence Number 1	(50 us)
[Local]   SENDING 		To 2	Data %	Size 24	  Sequence Number 2	(192100 us)
[Central]  RECEIVED 	From 1		Data "	Size 24	  Sequence Number 1	(272050 us)
[Central]  SENDING 		To 1	ACK 	Size 24	  Sequence Number 1	(272050 us)
[Central]  RECEIVED 	From 1		Data %	Size 24	  Sequence Number 2	(464100 us)
[Central]  SENDING 		To 1	ACK 	Size 24	  Sequence Number 2	(464100 us)
[Local]   RECEIVED 	From 2		ACK 	Size 24	  Sequence Number 1	(544050 us)

		RTT of packet with SN 1 : 544050 us
		BASE : 2	NEXTSN : 3


		@@@@ timeout 1@@@@
		nextSNTemp : 5, nextSN : 1

[Local]   RECEIVED 	From 2		ACK 	Size 24	  Sequence Number 2	(736100 us)

		RTT of packet with SN 2 : 544 ms
		BASE : 3	NEXTSN : 3


		@@@@ timeout 3@@@@
		nextSNTemp : 7, nextSN : 3

[Local]   SENDING 		To 2	Data *	Size 24	  Sequence Number 3	(736100 us)
[Local]   SENDING 		To 2	Data &	Size 24	  Sequence Number 4	(928150 us)
[Central]  RECEIVED 	From 1		Data *	Size 24	  Sequence Number 3	(1008100 us)
[Central]  SENDING 		To 1	ACK 	Size 24	  Sequence Number 3	(1008100 us)
[Local]   SENDING 		To 2	Data "	Size 24	  Sequence Number 5	(1120200 us)
[Central]  RECEIVED 	From 1		Data &	Size 24	  Sequence Number 4	(1200150 us)
[Central]  SENDING 		To 1	ACK 	Size 24	  Sequence Number 4	(1200150 us)
[Local]   RECEIVED 	From 2		ACK 	Size 24	  Sequence Number 3	(1280100 us)

		RTT of packet with SN 3 : 544 ms
		BASE : 4	NEXTSN : 6

[Local]   SENDING 		To 2	Data $	Size 24	  Sequence Number 6	(1312250 us)
[Central]  RECEIVED 	From 1		Data "	Size 24	  Sequence Number 5	(1392200 us)
[Central]  SENDING 		To 1	ACK 	Size 24	  Sequence Number 5	(1392200 us)
[Local]   RECEIVED 	From 2		ACK 	Size 24	  Sequence Number 4	(1472150 us)

		RTT of packet with SN 4 : 544 ms
		BASE : 5	NEXTSN : 7

[Local]   SENDING 		To 2	Data +	Size 24	  Sequence Number 7	(1504300 us)
[Central]  RECEIVED 	From 1		Data $	Size 24	  Sequence Number 6	(1584250 us)
[Central]  SENDING 		To 1	ACK 	Size 24	  Sequence Number 6	(1584250 us)
[Local]   RECEIVED 	From 2		ACK 	Size 24	  Sequence Number 5	(1664200 us)

		RTT of packet with SN 5 : 544 ms
		BASE : 6	NEXTSN : 8

[Local]   SENDING 		To 2	Data #	Size 24	  Sequence Number 8	(1696350 us)
[Central]  RECEIVED 	From 1		Data +	Size 24	  Sequence Number 7	(1776300 us)
[Central]  SENDING 		To 1	ACK 	Size 24	  Sequence Number 7	(1776300 us)
[Local]   RECEIVED 	From 2		ACK 	Size 24	  Sequence Number 6	(1856250 us)

		RTT of packet with SN 6 : 544 ms
		BASE : 7	NEXTSN : 9

[Central]  RECEIVED 	From 1		Data #	Size 24	  Sequence Number 8	(1968350 us)
[Central]  SENDING 		To 1	ACK 	Size 24	  Sequence Number 8	(1968350 us)
[Local]   RECEIVED 	From 2		ACK 	Size 24	  Sequence Number 7	(2048300 us)

		RTT of packet with SN 7 : 544 ms
		BASE : 8	NEXTSN : 9


		@@@@ timeout 1@@@@
		nextSNTemp : 5, nextSN : 1

[Local]   RECEIVED 	From 2		ACK 	Size 24	  Sequence Number 8	(2240350 us)

		RTT of packet with SN 8 : 544 ms
		BASE : 9	NEXTSN : 9


		@@@@ timeout 9@@@@
		nextSNTemp : 13, nextSN : 9

[Local]   SENDING 		To 2	Data "	Size 24	  Sequence Number 9	(2240350 us)
[Local]   SENDING 		To 2	Data $	Size 24	  Sequence Number 10	(2432400 us)
[Central]  RECEIVED 	From 1		Data "	Size 24	  Sequence Number 9	(2512350 us)
[Central]  SENDING 		To 1	ACK 	Size 24	  Sequence Number 9	(2512350 us)
[Local]   SENDING 		To 2	Data #	Size 24	  Sequence Number 11	(2624450 us)
[Central]  RECEIVED 	From 1		Data $	Size 24	  Sequence Number 10	(2704400 us)
[Central]  SENDING 		To 1	ACK 	Size 24	  Sequence Number 10	(2704400 us)
[Local]   RECEIVED 	From 2		ACK 	Size 24	  Sequence Number 9	(2784350 us)

		RTT of packet with SN 9 : 544 ms
		BASE : 10	NEXTSN : 12

[Local]   SENDING 		To 2	Data &	Size 24	  Sequence Number 12	(2816500 us)
[Central]  RECEIVED 	From 1		Data #	Size 24	  Sequence Number 11	(2896450 us)
[Central]  SENDING 		To 1	ACK 	Size 24	  Sequence Number 11	(2896450 us)
[Local]   RECEIVED 	From 2		ACK 	Size 24	  Sequence Number 10	(2976400 us)

		RTT of packet with SN 10 : 544 ms
		BASE : 11	NEXTSN : 13

[Local]   SENDING 		To 2	Data '	Size 24	  Sequence Number 13	(3008550 us)
[Central]  RECEIVED 	From 1		Data &	Size 24	  Sequence Number 12	(3088500 us)
[Central]  SENDING 		To 1	ACK 	Size 24	  Sequence Number 12	(3088500 us)
[Local]   RECEIVED 	From 2		ACK 	Size 24	  Sequence Number 11	(3168450 us)

		RTT of packet with SN 11 : 544 ms
		BASE : 12	NEXTSN : 14

[Local]   SENDING 		To 2	Data ,	Size 24	  Sequence Number 14	(3200600 us)
[Central]  RECEIVED 	From 1		Data '	Size 24	  Sequence Number 13	(3280550 us)
[Central]  SENDING 		To 1	ACK 	Size 24	  Sequence Number 13	(3280550 us)
[Local]   RECEIVED 	From 2		ACK 	Size 24	  Sequence Number 12	(3360500 us)

		RTT of packet with SN 12 : 544 ms
		BASE : 13	NEXTSN : 15

[Central]  RECEIVED 	From 1		Data ,	Size 24	  Sequence Number 14	(3472600 us)
[Central]  SENDING 		To 1	ACK 	Size 24	  Sequence Number 14	(3472600 us)
[Local]   RECEIVED 	From 2		ACK 	Size 24	  Sequence Number 13	(3552550 us)

		RTT of packet with SN 13 : 544 ms
		BASE : 14	NEXTSN : 15


		@@@@ timeout 1@@@@
		nextSNTemp : 5, nextSN : 1

[Local]   RECEIVED 	From 2		ACK 	Size 24	  Sequence Number 14	(3744600 us)

		RTT of packet with SN 14 : 544 ms
		BASE : 15	NEXTSN : 15


		@@@@ timeout 15@@@@
		nextSNTemp : 19, nextSN : 15

[Local]   SENDING 		To 2	Data .	Size 24	  Sequence Number 15	(3744600 us)
[Local]   SENDING 		To 2	Data !	Size 24	  Sequence Number 16	(3936650 us)
[Central]  RECEIVED 	From 1		Data .	Size 24	  Sequence Number 15	(4016600 us)
[Central]  SENDING 		To 1	ACK 	Size 24	  Sequence Number 15	(4016600 us)
[Local]   SENDING 		To 2	Data +	Size 24	  Sequence Number 17	(4128700 us)
[Central]  RECEIVED 	From 1		Data !	Size 24	  Sequence Number 16	(4208650 us)
[Central]  SENDING 		To 1	ACK 	Size 24	  Sequence Number 16	(4208650 us)
[Local]   RECEIVED 	From 2		ACK 	Size 24	  Sequence Number 15	(4288600 us)

		RTT of packet with SN 15 : 544 ms
		BASE : 16	NEXTSN : 18

[Local]   SENDING 		To 2	Data )	Size 24	  Sequence Number 18	(4320750 us)
[Central]  RECEIVED 	From 1		Data +	Size 24	  Sequence Number 17	(4400700 us)
[Central]  SENDING 		To 1	ACK 	Size 24	  Sequence Number 17	(4400700 us)
[Local]   RECEIVED 	From 2		ACK 	Size 24	  Sequence Number 16	(4480650 us)

		RTT of packet with SN 16 : 544 ms
		BASE : 17	NEXTSN : 19

[Local]   SENDING 		To 2	Data #	Size 24	  Sequence Number 19	(4512800 us)
[Central]  RECEIVED 	From 1		Data )	Size 24	  Sequence Number 18	(4592750 us)
[Central]  SENDING 		To 1	ACK 	Size 24	  Sequence Number 18	(4592750 us)
[Local]   RECEIVED 	From 2		ACK 	Size 24	  Sequence Number 17	(4672700 us)

		RTT of packet with SN 17 : 544 ms
		BASE : 18	NEXTSN : 20

[Local]   SENDING 		To 2	Data #	Size 24	  Sequence Number 20	(4704850 us)
[Central]  RECEIVED 	From 1		Data #	Size 24	  Sequence Number 19	(4784800 us)
[Central]  SENDING 		To 1	ACK 	Size 24	  Sequence Number 19	(4784800 us)
[Local]   RECEIVED 	From 2		ACK 	Size 24	  Sequence Number 18	(4864750 us)

		RTT of packet with SN 18 : 544 ms
		BASE : 19	NEXTSN : 21

[Central]  RECEIVED 	From 1		Data #	Size 24	  Sequence Number 20	(4976850 us)
[Central]  SENDING 		To 1	ACK 	Size 24	  Sequence Number 20	(4976850 us)
[Local]   RECEIVED 	From 2		ACK 	Size 24	  Sequence Number 19	(5056800 us)

		RTT of packet with SN 19 : 544 ms
		BASE : 20	NEXTSN : 21


		@@@@ timeout 1@@@@
		nextSNTemp : 5, nextSN : 1

[Local]   RECEIVED 	From 2		ACK 	Size 24	  Sequence Number 20	(5248850 us)

		RTT of packet with SN 20 : 544 ms
		BASE : 21	NEXTSN : 21


		@@@@ timeout 21@@@@
		nextSNTemp : 25, nextSN : 21

[Local]   SENDING 		To 2	Data $	Size 24	  Sequence Number 21	(5248850 us)
[Local]   SENDING 		To 2	Data !	Size 24	  Sequence Number 22	(5440900 us)
[Central]  RECEIVED 	From 1		Data $	Size 24	  Sequence Number 21	(5520850 us)
[Central]  SENDING 		To 1	ACK 	Size 24	  Sequence Number 21	(5520850 us)
[Local]   SENDING 		To 2	Data &	Size 24	  Sequence Number 23	(5632950 us)
[Central]  RECEIVED 	From 1		Data !	Size 24	  Sequence Number 22	(5712900 us)
[Central]  SENDING 		To 1	ACK 	Size 24	  Sequence Number 22	(5712900 us)
[Local]   RECEIVED 	From 2		ACK 	Size 24	  Sequence Number 21	(5792850 us)

		RTT of packet with SN 21 : 544 ms
		BASE : 22	NEXTSN : 24

[Local]   SENDING 		To 2	Data *	Size 24	  Sequence Number 24	(5825 ms)
[Central]  RECEIVED 	From 1		Data &	Size 24	  Sequence Number 23	(5904950 us)
[Central]  SENDING 		To 1	ACK 	Size 24	  Sequence Number 23	(5904950 us)
[Local]   RECEIVED 	From 2		ACK 	Size 24	  Sequence Number 22	(5984900 us)

		RTT of packet with SN 22 : 544 ms
		BASE : 23	NEXTSN : 25

[Local]   SENDING 		To 2	Data #	Size 24	  Sequence Number 25	(6017050 us)
[Central]  RECEIVED 	From 1		Data *	Size 24	  Sequence Number 24	(6097 ms)
[Central]  SENDING 		To 1	ACK 	Size 24	  Sequence Number 24	(6097 ms)
[Local]   RECEIVED 	From 2		ACK 	Size 24	  Sequence Number 23	(6176950 us)

		RTT of packet with SN 23 : 544 ms
		BASE : 24	NEXTSN : 26

[Local]   SENDING 		To 2	Data -	Size 24	  Sequence Number 26	(6209100 us)
[Central]  RECEIVED 	From 1		Data #	Size 24	  Sequence Number 25	(6289050 us)
[Central]  SENDING 		To 1	ACK 	Size 24	  Sequence Number 25	(6289050 us)
[Local]   RECEIVED 	From 2		ACK 	Size 24	  Sequence Number 24	(6369 ms)

		RTT of packet with SN 24 : 544 ms
		BASE : 25	NEXTSN : 27

[Central]  RECEIVED 	From 1		Data -	Size 24	  Sequence Number 26	(6481100 us)
[Central]  SENDING 		To 1	ACK 	Size 24	  Sequence Number 26	(6481100 us)
[Local]   RECEIVED 	From 2		ACK 	Size 24	  Sequence Number 25	(6561050 us)

		RTT of packet with SN 25 : 544 ms
		BASE : 26	NEXTSN : 27


		@@@@ timeout 1@@@@
		nextSNTemp : 5, nextSN : 1

[Local]   RECEIVED 	From 2		ACK 	Size 24	  Sequence Number 26	(6753100 us)

		RTT of packet with SN 26 : 544 ms
		BASE : 27	NEXTSN : 27


		@@@@ timeout 27@@@@
		nextSNTemp : 31, nextSN : 27

[Local]   SENDING 		To 2	Data -	Size 24	  Sequence Number 27	(6753100 us)
[Local]   SENDING 		To 2	Data .	Size 24	  Sequence Number 28	(6945150 us)
[Central]  RECEIVED 	From 1		Data -	Size 24	  Sequence Number 27	(7025100 us)
[Central]  SENDING 		To 1	ACK 	Size 24	  Sequence Number 27	(7025100 us)
[Local]   SENDING 		To 2	Data "	Size 24	  Sequence Number 29	(7137200 us)
[Central]  RECEIVED 	From 1		Data .	Size 24	  Sequence Number 28	(7217150 us)
[Central]  SENDING 		To 1	ACK 	Size 24	  Sequence Number 28	(7217150 us)
[Local]   RECEIVED 	From 2		ACK 	Size 24	  Sequence Number 27	(7297100 us)

		RTT of packet with SN 27 : 544 ms
		BASE : 28	NEXTSN : 30

[Local]   SENDING 		To 2	Data &	Size 24	  Sequence Number 30	(7329250 us)
[Central]  RECEIVED 	From 1		Data "	Size 24	  Sequence Number 29	(7409200 us)
[Central]  SENDING 		To 1	ACK 	Size 24	  Sequence Number 29	(7409200 us)
[Local]   RECEIVED 	From 2		ACK 	Size 24	  Sequence Number 28	(7489150 us)

		RTT of packet with SN 28 : 544 ms
		BASE : 29	NEXTSN : 31

[Local]   SENDING 		To 2	Data &	Size 24	  Sequence Number 31	(7521300 us)
[Central]  RECEIVED 	From 1		Data &	Size 24	  Sequence Number 30	(7601250 us)
[Central]  SENDING 		To 1	ACK 	Size 24	  Sequence Number 30	(7601250 us)
[Local]   RECEIVED 	From 2		ACK 	Size 24	  Sequence Number 29	(7681200 us)

		RTT of packet with SN 29 : 544 ms
		BASE : 30	NEXTSN : 32

[Local]   SENDING 		To 2	Data !	Size 24	  Sequence Number 32	(7713350 us)
[Central]  RECEIVED 	From 1		Data &	Size 24	  Sequence Number 31	(7793300 us)
[Central]  SENDING 		To 1	ACK 	Size 24	  Sequence Number 31	(7793300 us)
[Local]   RECEIVED 	From 2		ACK 	Size 24	  Sequence Number 30	(7873250 us)

		RTT of packet with SN 30 : 544 ms
		BASE : 31	NEXTSN : 33

[Central]  RECEIVED 	From 1		Data !	Size 24	  Sequence Number 32	(7985350 us)
[Central]  SENDING 		To 1	ACK 	Size 24	  Sequence Number 32	(7985350 us)

Info: /OSCI/SystemC: Simulation stopped by user.
