
Local   <-->  Central with FullDuplex channel

+----------------------------------------------------------------------------------------------+
|TASK     ACTION        FROM    TO      DATA    SIZE      SEQUENCE NUMBER       TIME STAMP     |
+----------------------------------------------------------------------------------------------+

		@@@@ timeout 1@@@@
		nextSNTemp : 5, nextSN : 1

[Local]   SENDING 		To 2	Data "	Size 24	  Sequence Number 1	(600050 us)

		@@@@ timeout 1@@@@
		nextSNTemp : 5, nextSN : 1

[Local]   SENDING 		To 2	Data %	Size 24	  Sequence Number 2	(792100 us)
[Central]  RECEIVED 	From 1		Data "	Size 24	  Sequence Number 1	(842050 us)
[Central]  SENDING 		To 1	ACK 	Size 24	  Sequence Number 1	(842050 us)
[Local]   SENDING 		To 2	Data *	Size 24	  Sequence Number 3	(984150 us)
[Central]  RECEIVED 	From 1		Data %	Size 24	  Sequence Number 2	(1034100 us)
[Central]  SENDING 		To 1	ACK 	Size 24	  Sequence Number 2	(1034100 us)
[Local]   RECEIVED 	From 2		ACK 	Size 24	  Sequence Number 1	(1084050 us)

		RTT of packet with SN 1 : 484 ms
		BASE : 2	NEXTSN : 4

[Local]   SENDING 		To 2	Data &	Size 24	  Sequence Number 4	(1176200 us)
[Central]  RECEIVED 	From 1		Data *	Size 24	  Sequence Number 3	(1226150 us)
[Central]  SENDING 		To 1	ACK 	Size 24	  Sequence Number 3	(1226150 us)
[Local]   RECEIVED 	From 2		ACK 	Size 24	  Sequence Number 2	(1276100 us)

		RTT of packet with SN 2 : 484 ms
		BASE : 3	NEXTSN : 5

[Local]   SENDING 		To 2	Data "	Size 24	  Sequence Number 5	(1368250 us)
[Central]  RECEIVED 	From 1		Data &	Size 24	  Sequence Number 4	(1418200 us)
[Central]  SENDING 		To 1	ACK 	Size 24	  Sequence Number 4	(1418200 us)
[Local]   RECEIVED 	From 2		ACK 	Size 24	  Sequence Number 3	(1468150 us)

		RTT of packet with SN 3 : 484 ms
		BASE : 4	NEXTSN : 6

[Central]  RECEIVED 	From 1		Data "	Size 24	  Sequence Number 5	(1610250 us)
[Central]  SENDING 		To 1	ACK 	Size 24	  Sequence Number 5	(1610250 us)
[Local]   RECEIVED 	From 2		ACK 	Size 24	  Sequence Number 4	(1660200 us)

		RTT of packet with SN 4 : 484 ms
		BASE : 5	NEXTSN : 6


		@@@@ timeout 1@@@@
		nextSNTemp : 5, nextSN : 1

[Local]   RECEIVED 	From 2		ACK 	Size 24	  Sequence Number 5	(1852250 us)

		RTT of packet with SN 5 : 484 ms
		BASE : 6	NEXTSN : 6


		@@@@ timeout 6@@@@
		nextSNTemp : 10, nextSN : 6

[Local]   SENDING 		To 2	Data $	Size 24	  Sequence Number 6	(1852250 us)
[Local]   SENDING 		To 2	Data +	Size 24	  Sequence Number 7	(2044300 us)
[Central]  RECEIVED 	From 1		Data $	Size 24	  Sequence Number 6	(2094250 us)
[Central]  SENDING 		To 1	ACK 	Size 24	  Sequence Number 6	(2094250 us)
[Local]   SENDING 		To 2	Data #	Size 24	  Sequence Number 8	(2236350 us)
[Central]  RECEIVED 	From 1		Data +	Size 24	  Sequence Number 7	(2286300 us)
[Central]  SENDING 		To 1	ACK 	Size 24	  Sequence Number 7	(2286300 us)
[Local]   RECEIVED 	From 2		ACK 	Size 24	  Sequence Number 6	(2336250 us)

		RTT of packet with SN 6 : 484 ms
		BASE : 7	NEXTSN : 9

[Local]   SENDING 		To 2	Data "	Size 24	  Sequence Number 9	(2428400 us)
[Central]  RECEIVED 	From 1		Data #	Size 24	  Sequence Number 8	(2478350 us)
[Central]  SENDING 		To 1	ACK 	Size 24	  Sequence Number 8	(2478350 us)
[Local]   RECEIVED 	From 2		ACK 	Size 24	  Sequence Number 7	(2528300 us)

		RTT of packet with SN 7 : 484 ms
		BASE : 8	NEXTSN : 10

[Local]   SENDING 		To 2	Data $	Size 24	  Sequence Number 10	(2620450 us)
[Central]  RECEIVED 	From 1		Data "	Size 24	  Sequence Number 9	(2670400 us)
[Central]  SENDING 		To 1	ACK 	Size 24	  Sequence Number 9	(2670400 us)
[Local]   RECEIVED 	From 2		ACK 	Size 24	  Sequence Number 8	(2720350 us)

		RTT of packet with SN 8 : 484 ms
		BASE : 9	NEXTSN : 11

[Central]  RECEIVED 	From 1		Data $	Size 24	  Sequence Number 10	(2862450 us)
[Central]  SENDING 		To 1	ACK 	Size 24	  Sequence Number 10	(2862450 us)
[Local]   RECEIVED 	From 2		ACK 	Size 24	  Sequence Number 9	(2912400 us)

		RTT of packet with SN 9 : 484 ms
		BASE : 10	NEXTSN : 11


		@@@@ timeout 1@@@@
		nextSNTemp : 5, nextSN : 1

[Local]   RECEIVED 	From 2		ACK 	Size 24	  Sequence Number 10	(3104450 us)

		RTT of packet with SN 10 : 484 ms
		BASE : 11	NEXTSN : 11


		@@@@ timeout 11@@@@
		nextSNTemp : 15, nextSN : 11

[Local]   SENDING 		To 2	Data #	Size 24	  Sequence Number 11	(3104450 us)
[Local]   SENDING 		To 2	Data &	Size 24	  Sequence Number 12	(3296500 us)
[Central]  RECEIVED 	From 1		Data #	Size 24	  Sequence Number 11	(3346450 us)
[Central]  SENDING 		To 1	ACK 	Size 24	  Sequence Number 11	(3346450 us)
[Local]   SENDING 		To 2	Data '	Size 24	  Sequence Number 13	(3488550 us)
[Central]  RECEIVED 	From 1		Data &	Size 24	  Sequence Number 12	(3538500 us)
[Central]  SENDING 		To 1	ACK 	Size 24	  Sequence Number 12	(3538500 us)
[Local]   RECEIVED 	From 2		ACK 	Size 24	  Sequence Number 11	(3588450 us)

		RTT of packet with SN 11 : 484 ms
		BASE : 12	NEXTSN : 14

[Local]   SENDING 		To 2	Data ,	Size 24	  Sequence Number 14	(3680600 us)
[Central]  RECEIVED 	From 1		Data '	Size 24	  Sequence Number 13	(3730550 us)
[Central]  SENDING 		To 1	ACK 	Size 24	  Sequence Number 13	(3730550 us)
[Local]   RECEIVED 	From 2		ACK 	Size 24	  Sequence Number 12	(3780500 us)

		RTT of packet with SN 12 : 484 ms
		BASE : 13	NEXTSN : 15

[Local]   SENDING 		To 2	Data .	Size 24	  Sequence Number 15	(3872650 us)
[Central]  RECEIVED 	From 1		Data ,	Size 24	  Sequence Number 14	(3922600 us)
[Central]  SENDING 		To 1	ACK 	Size 24	  Sequence Number 14	(3922600 us)
[Local]   RECEIVED 	From 2		ACK 	Size 24	  Sequence Number 13	(3972550 us)

		RTT of packet with SN 13 : 484 ms
		BASE : 14	NEXTSN : 16

[Central]  RECEIVED 	From 1		Data .	Size 24	  Sequence Number 15	(4114650 us)
[Central]  SENDING 		To 1	ACK 	Size 24	  Sequence Number 15	(4114650 us)
[Local]   RECEIVED 	From 2		ACK 	Size 24	  Sequence Number 14	(4164600 us)

		RTT of packet with SN 14 : 484 ms
		BASE : 15	NEXTSN : 16


		@@@@ timeout 1@@@@
		nextSNTemp : 5, nextSN : 1

[Local]   RECEIVED 	From 2		ACK 	Size 24	  Sequence Number 15	(4356650 us)

		RTT of packet with SN 15 : 484 ms
		BASE : 16	NEXTSN : 16


		@@@@ timeout 16@@@@
		nextSNTemp : 20, nextSN : 16

[Local]   SENDING 		To 2	Data !	Size 24	  Sequence Number 16	(4356650 us)
[Local]   SENDING 		To 2	Data +	Size 24	  Sequence Number 17	(4548700 us)
[Central]  RECEIVED 	From 1		Data !	Size 24	  Sequence Number 16	(4598650 us)
[Central]  SENDING 		To 1	ACK 	Size 24	  Sequence Number 16	(4598650 us)
[Local]   SENDING 		To 2	Data )	Size 24	  Sequence Number 18	(4740750 us)
[Central]  RECEIVED 	From 1		Data +	Size 24	  Sequence Number 17	(4790700 us)
[Central]  SENDING 		To 1	ACK 	Size 24	  Sequence Number 17	(4790700 us)
[Local]   RECEIVED 	From 2		ACK 	Size 24	  Sequence Number 16	(4840650 us)

		RTT of packet with SN 16 : 484 ms
		BASE : 17	NEXTSN : 19

[Local]   SENDING 		To 2	Data #	Size 24	  Sequence Number 19	(4932800 us)
[Central]  RECEIVED 	From 1		Data )	Size 24	  Sequence Number 18	(4982750 us)
[Central]  SENDING 		To 1	ACK 	Size 24	  Sequence Number 18	(4982750 us)
[Local]   RECEIVED 	From 2		ACK 	Size 24	  Sequence Number 17	(5032700 us)

		RTT of packet with SN 17 : 484 ms
		BASE : 18	NEXTSN : 20

[Local]   SENDING 		To 2	Data #	Size 24	  Sequence Number 20	(5124850 us)
[Central]  RECEIVED 	From 1		Data #	Size 24	  Sequence Number 19	(5174800 us)
[Central]  SENDING 		To 1	ACK 	Size 24	  Sequence Number 19	(5174800 us)
[Local]   RECEIVED 	From 2		ACK 	Size 24	  Sequence Number 18	(5224750 us)

		RTT of packet with SN 18 : 484 ms
		BASE : 19	NEXTSN : 21

[Central]  RECEIVED 	From 1		Data #	Size 24	  Sequence Number 20	(5366850 us)
[Central]  SENDING 		To 1	ACK 	Size 24	  Sequence Number 20	(5366850 us)
[Local]   RECEIVED 	From 2		ACK 	Size 24	  Sequence Number 19	(5416800 us)

		RTT of packet with SN 19 : 484 ms
		BASE : 20	NEXTSN : 21


		@@@@ timeout 1@@@@
		nextSNTemp : 5, nextSN : 1

[Local]   RECEIVED 	From 2		ACK 	Size 24	  Sequence Number 20	(5608850 us)

		RTT of packet with SN 20 : 484 ms
		BASE : 21	NEXTSN : 21


		@@@@ timeout 21@@@@
		nextSNTemp : 25, nextSN : 21

[Local]   SENDING 		To 2	Data $	Size 24	  Sequence Number 21	(5608850 us)
[Local]   SENDING 		To 2	Data !	Size 24	  Sequence Number 22	(5800900 us)
[Central]  RECEIVED 	From 1		Data $	Size 24	  Sequence Number 21	(5850850 us)
[Central]  SENDING 		To 1	ACK 	Size 24	  Sequence Number 21	(5850850 us)
[Local]   SENDING 		To 2	Data &	Size 24	  Sequence Number 23	(5992950 us)
[Central]  RECEIVED 	From 1		Data !	Size 24	  Sequence Number 22	(6042900 us)
[Central]  SENDING 		To 1	ACK 	Size 24	  Sequence Number 22	(6042900 us)
[Local]   RECEIVED 	From 2		ACK 	Size 24	  Sequence Number 21	(6092850 us)

		RTT of packet with SN 21 : 484 ms
		BASE : 22	NEXTSN : 24

[Local]   SENDING 		To 2	Data *	Size 24	  Sequence Number 24	(6185 ms)
[Central]  RECEIVED 	From 1		Data &	Size 24	  Sequence Number 23	(6234950 us)
[Central]  SENDING 		To 1	ACK 	Size 24	  Sequence Number 23	(6234950 us)
[Local]   RECEIVED 	From 2		ACK 	Size 24	  Sequence Number 22	(6284900 us)

		RTT of packet with SN 22 : 484 ms
		BASE : 23	NEXTSN : 25

[Local]   SENDING 		To 2	Data #	Size 24	  Sequence Number 25	(6377050 us)
[Central]  RECEIVED 	From 1		Data *	Size 24	  Sequence Number 24	(6427 ms)
[Central]  SENDING 		To 1	ACK 	Size 24	  Sequence Number 24	(6427 ms)
[Local]   RECEIVED 	From 2		ACK 	Size 24	  Sequence Number 23	(6476950 us)

		RTT of packet with SN 23 : 484 ms
		BASE : 24	NEXTSN : 26

[Central]  RECEIVED 	From 1		Data #	Size 24	  Sequence Number 25	(6619050 us)
[Central]  SENDING 		To 1	ACK 	Size 24	  Sequence Number 25	(6619050 us)
[Local]   RECEIVED 	From 2		ACK 	Size 24	  Sequence Number 24	(6669 ms)

		RTT of packet with SN 24 : 484 ms
		BASE : 25	NEXTSN : 26


		@@@@ timeout 1@@@@
		nextSNTemp : 5, nextSN : 1

[Local]   RECEIVED 	From 2		ACK 	Size 24	  Sequence Number 25	(6861050 us)

		RTT of packet with SN 25 : 484 ms
		BASE : 26	NEXTSN : 26


		@@@@ timeout 26@@@@
		nextSNTemp : 30, nextSN : 26

[Local]   SENDING 		To 2	Data -	Size 24	  Sequence Number 26	(6861050 us)
[Local]   SENDING 		To 2	Data -	Size 24	  Sequence Number 27	(7053100 us)
[Central]  RECEIVED 	From 1		Data -	Size 24	  Sequence Number 26	(7103050 us)
[Central]  SENDING 		To 1	ACK 	Size 24	  Sequence Number 26	(7103050 us)
[Local]   SENDING 		To 2	Data .	Size 24	  Sequence Number 28	(7245150 us)
[Central]  RECEIVED 	From 1		Data -	Size 24	  Sequence Number 27	(7295100 us)
[Central]  SENDING 		To 1	ACK 	Size 24	  Sequence Number 27	(7295100 us)
[Local]   RECEIVED 	From 2		ACK 	Size 24	  Sequence Number 26	(7345050 us)

		RTT of packet with SN 26 : 484 ms
		BASE : 27	NEXTSN : 29

[Local]   SENDING 		To 2	Data "	Size 24	  Sequence Number 29	(7437200 us)
[Central]  RECEIVED 	From 1		Data .	Size 24	  Sequence Number 28	(7487150 us)
[Central]  SENDING 		To 1	ACK 	Size 24	  Sequence Number 28	(7487150 us)
[Local]   RECEIVED 	From 2		ACK 	Size 24	  Sequence Number 27	(7537100 us)

		RTT of packet with SN 27 : 484 ms
		BASE : 28	NEXTSN : 30

[Local]   SENDING 		To 2	Data &	Size 24	  Sequence Number 30	(7629250 us)
[Central]  RECEIVED 	From 1		Data "	Size 24	  Sequence Number 29	(7679200 us)
[Central]  SENDING 		To 1	ACK 	Size 24	  Sequence Number 29	(7679200 us)
[Local]   RECEIVED 	From 2		ACK 	Size 24	  Sequence Number 28	(7729150 us)

		RTT of packet with SN 28 : 484 ms
		BASE : 29	NEXTSN : 31

[Central]  RECEIVED 	From 1		Data &	Size 24	  Sequence Number 30	(7871250 us)
[Central]  SENDING 		To 1	ACK 	Size 24	  Sequence Number 30	(7871250 us)
[Local]   RECEIVED 	From 2		ACK 	Size 24	  Sequence Number 29	(7921200 us)

		RTT of packet with SN 29 : 484 ms
		BASE : 30	NEXTSN : 31


Info: /OSCI/SystemC: Simulation stopped by user.
