
Local   <-->  Central with FullDuplex channel

+----------------------------------------------------------------------------------------------+
|TASK     ACTION        FROM    TO      DATA    SIZE      SEQUENCE NUMBER       TIME STAMP     |
+----------------------------------------------------------------------------------------------+
[Local]   SENDING 		To 2	Data "	Size 24	  Sequence Number 1	(50 us)
[Local]   SENDING 		To 2	Data %	Size 24	  Sequence Number 2	(192100 us)
[Central]  RECEIVED 	From 1		Data "	Size 24	  Sequence Number 1	(199050 us)
[Central]  SENDING 		To 1	ACK 	Size 24	  Sequence Number 1	(199050 us)
[Central]  RECEIVED 	From 1		Data %	Size 24	  Sequence Number 2	(391100 us)
[Central]  SENDING 		To 1	ACK 	Size 24	  Sequence Number 2	(391100 us)
[Local]   RECEIVED 	From 2		ACK 	Size 24	  Sequence Number 1	(398050 us)

		RTT of packet with SN 1 : 398050 us
		BASE : 2	NEXTSN : 3

[Local]   RECEIVED 	From 2		ACK 	Size 24	  Sequence Number 2	(590100 us)

		RTT of packet with SN 2 : 398 ms
		BASE : 3	NEXTSN : 3


		@@@@ timeout 1@@@@
		nextSNTemp : 5, nextSN : 1


		@@@@ timeout 3@@@@
		nextSNTemp : 7, nextSN : 3

[Local]   SENDING 		To 2	Data *	Size 24	  Sequence Number 3	(600050 us)
[Local]   SENDING 		To 2	Data &	Size 24	  Sequence Number 4	(792100 us)
[Central]  RECEIVED 	From 1		Data *	Size 24	  Sequence Number 3	(799050 us)
[Central]  SENDING 		To 1	ACK 	Size 24	  Sequence Number 3	(799050 us)
[Local]   SENDING 		To 2	Data "	Size 24	  Sequence Number 5	(984150 us)
[Central]  RECEIVED 	From 1		Data &	Size 24	  Sequence Number 4	(991100 us)
[Central]  SENDING 		To 1	ACK 	Size 24	  Sequence Number 4	(991100 us)
[Local]   RECEIVED 	From 2		ACK 	Size 24	  Sequence Number 3	(998050 us)

		RTT of packet with SN 3 : 398 ms
		BASE : 4	NEXTSN : 6

[Local]   SENDING 		To 2	Data $	Size 24	  Sequence Number 6	(1176200 us)
[Central]  RECEIVED 	From 1		Data "	Size 24	  Sequence Number 5	(1183150 us)
[Central]  SENDING 		To 1	ACK 	Size 24	  Sequence Number 5	(1183150 us)
[Local]   RECEIVED 	From 2		ACK 	Size 24	  Sequence Number 4	(1190100 us)

		RTT of packet with SN 4 : 398 ms
		BASE : 5	NEXTSN : 7

[Local]   SENDING 		To 2	Data +	Size 24	  Sequence Number 7	(1368250 us)
[Central]  RECEIVED 	From 1		Data $	Size 24	  Sequence Number 6	(1375200 us)
[Central]  SENDING 		To 1	ACK 	Size 24	  Sequence Number 6	(1375200 us)
[Local]   RECEIVED 	From 2		ACK 	Size 24	  Sequence Number 5	(1382150 us)

		RTT of packet with SN 5 : 398 ms
		BASE : 6	NEXTSN : 8

[Local]   SENDING 		To 2	Data #	Size 24	  Sequence Number 8	(1560300 us)
[Central]  RECEIVED 	From 1		Data +	Size 24	  Sequence Number 7	(1567250 us)
[Central]  SENDING 		To 1	ACK 	Size 24	  Sequence Number 7	(1567250 us)
[Local]   RECEIVED 	From 2		ACK 	Size 24	  Sequence Number 6	(1574200 us)

		RTT of packet with SN 6 : 398 ms
		BASE : 7	NEXTSN : 9

[Central]  RECEIVED 	From 1		Data #	Size 24	  Sequence Number 8	(1759300 us)
[Central]  SENDING 		To 1	ACK 	Size 24	  Sequence Number 8	(1759300 us)
[Local]   RECEIVED 	From 2		ACK 	Size 24	  Sequence Number 7	(1766250 us)

		RTT of packet with SN 7 : 398 ms
		BASE : 8	NEXTSN : 9


		@@@@ timeout 1@@@@
		nextSNTemp : 5, nextSN : 1

[Local]   RECEIVED 	From 2		ACK 	Size 24	  Sequence Number 8	(1958300 us)

		RTT of packet with SN 8 : 398 ms
		BASE : 9	NEXTSN : 9


		@@@@ timeout 9@@@@
		nextSNTemp : 13, nextSN : 9

[Local]   SENDING 		To 2	Data "	Size 24	  Sequence Number 9	(1958300 us)
[Local]   SENDING 		To 2	Data $	Size 24	  Sequence Number 10	(2150350 us)
[Central]  RECEIVED 	From 1		Data "	Size 24	  Sequence Number 9	(2157300 us)
[Central]  SENDING 		To 1	ACK 	Size 24	  Sequence Number 9	(2157300 us)
[Local]   SENDING 		To 2	Data #	Size 24	  Sequence Number 11	(2342400 us)
[Central]  RECEIVED 	From 1		Data $	Size 24	  Sequence Number 10	(2349350 us)
[Central]  SENDING 		To 1	ACK 	Size 24	  Sequence Number 10	(2349350 us)
[Local]   RECEIVED 	From 2		ACK 	Size 24	  Sequence Number 9	(2356300 us)

		RTT of packet with SN 9 : 398 ms
		BASE : 10	NEXTSN : 12

[Local]   SENDING 		To 2	Data &	Size 24	  Sequence Number 12	(2534450 us)
[Central]  RECEIVED 	From 1		Data #	Size 24	  Sequence Number 11	(2541400 us)
[Central]  SENDING 		To 1	ACK 	Size 24	  Sequence Number 11	(2541400 us)
[Local]   RECEIVED 	From 2		ACK 	Size 24	  Sequence Number 10	(2548350 us)

		RTT of packet with SN 10 : 398 ms
		BASE : 11	NEXTSN : 13

[Local]   SENDING 		To 2	Data '	Size 24	  Sequence Number 13	(2726500 us)
[Central]  RECEIVED 	From 1		Data &	Size 24	  Sequence Number 12	(2733450 us)
[Central]  SENDING 		To 1	ACK 	Size 24	  Sequence Number 12	(2733450 us)
[Local]   RECEIVED 	From 2		ACK 	Size 24	  Sequence Number 11	(2740400 us)

		RTT of packet with SN 11 : 398 ms
		BASE : 12	NEXTSN : 14

[Local]   SENDING 		To 2	Data ,	Size 24	  Sequence Number 14	(2918550 us)
[Central]  RECEIVED 	From 1		Data '	Size 24	  Sequence Number 13	(2925500 us)
[Central]  SENDING 		To 1	ACK 	Size 24	  Sequence Number 13	(2925500 us)
[Local]   RECEIVED 	From 2		ACK 	Size 24	  Sequence Number 12	(2932450 us)

		RTT of packet with SN 12 : 398 ms
		BASE : 13	NEXTSN : 15

[Central]  RECEIVED 	From 1		Data ,	Size 24	  Sequence Number 14	(3117550 us)
[Central]  SENDING 		To 1	ACK 	Size 24	  Sequence Number 14	(3117550 us)
[Local]   RECEIVED 	From 2		ACK 	Size 24	  Sequence Number 13	(3124500 us)

		RTT of packet with SN 13 : 398 ms
		BASE : 14	NEXTSN : 15


		@@@@ timeout 1@@@@
		nextSNTemp : 5, nextSN : 1

[Local]   RECEIVED 	From 2		ACK 	Size 24	  Sequence Number 14	(3316550 us)

		RTT of packet with SN 14 : 398 ms
		BASE : 15	NEXTSN : 15


		@@@@ timeout 15@@@@
		nextSNTemp : 19, nextSN : 15

[Local]   SENDING 		To 2	Data .	Size 24	  Sequence Number 15	(3316550 us)
[Local]   SENDING 		To 2	Data !	Size 24	  Sequence Number 16	(3508600 us)
[Central]  RECEIVED 	From 1		Data .	Size 24	  Sequence Number 15	(3515550 us)
[Central]  SENDING 		To 1	ACK 	Size 24	  Sequence Number 15	(3515550 us)
[Local]   SENDING 		To 2	Data +	Size 24	  Sequence Number 17	(3700650 us)
[Central]  RECEIVED 	From 1		Data !	Size 24	  Sequence Number 16	(3707600 us)
[Central]  SENDING 		To 1	ACK 	Size 24	  Sequence Number 16	(3707600 us)
[Local]   RECEIVED 	From 2		ACK 	Size 24	  Sequence Number 15	(3714550 us)

		RTT of packet with SN 15 : 398 ms
		BASE : 16	NEXTSN : 18

[Local]   SENDING 		To 2	Data )	Size 24	  Sequence Number 18	(3892700 us)
[Central]  RECEIVED 	From 1		Data +	Size 24	  Sequence Number 17	(3899650 us)
[Central]  SENDING 		To 1	ACK 	Size 24	  Sequence Number 17	(3899650 us)
[Local]   RECEIVED 	From 2		ACK 	Size 24	  Sequence Number 16	(3906600 us)

		RTT of packet with SN 16 : 398 ms
		BASE : 17	NEXTSN : 19

[Local]   SENDING 		To 2	Data #	Size 24	  Sequence Number 19	(4084750 us)
[Central]  RECEIVED 	From 1		Data )	Size 24	  Sequence Number 18	(4091700 us)
[Central]  SENDING 		To 1	ACK 	Size 24	  Sequence Number 18	(4091700 us)
[Local]   RECEIVED 	From 2		ACK 	Size 24	  Sequence Number 17	(4098650 us)

		RTT of packet with SN 17 : 398 ms
		BASE : 18	NEXTSN : 20

[Local]   SENDING 		To 2	Data #	Size 24	  Sequence Number 20	(4276800 us)
[Central]  RECEIVED 	From 1		Data #	Size 24	  Sequence Number 19	(4283750 us)
[Central]  SENDING 		To 1	ACK 	Size 24	  Sequence Number 19	(4283750 us)
[Local]   RECEIVED 	From 2		ACK 	Size 24	  Sequence Number 18	(4290700 us)

		RTT of packet with SN 18 : 398 ms
		BASE : 19	NEXTSN : 21

[Central]  RECEIVED 	From 1		Data #	Size 24	  Sequence Number 20	(4475800 us)
[Central]  SENDING 		To 1	ACK 	Size 24	  Sequence Number 20	(4475800 us)
[Local]   RECEIVED 	From 2		ACK 	Size 24	  Sequence Number 19	(4482750 us)

		RTT of packet with SN 19 : 398 ms
		BASE : 20	NEXTSN : 21


		@@@@ timeout 1@@@@
		nextSNTemp : 5, nextSN : 1

[Local]   RECEIVED 	From 2		ACK 	Size 24	  Sequence Number 20	(4674800 us)

		RTT of packet with SN 20 : 398 ms
		BASE : 21	NEXTSN : 21


		@@@@ timeout 21@@@@
		nextSNTemp : 25, nextSN : 21

[Local]   SENDING 		To 2	Data $	Size 24	  Sequence Number 21	(4674800 us)
[Local]   SENDING 		To 2	Data !	Size 24	  Sequence Number 22	(4866850 us)
[Central]  RECEIVED 	From 1		Data $	Size 24	  Sequence Number 21	(4873800 us)
[Central]  SENDING 		To 1	ACK 	Size 24	  Sequence Number 21	(4873800 us)
[Local]   SENDING 		To 2	Data &	Size 24	  Sequence Number 23	(5058900 us)
[Central]  RECEIVED 	From 1		Data !	Size 24	  Sequence Number 22	(5065850 us)
[Central]  SENDING 		To 1	ACK 	Size 24	  Sequence Number 22	(5065850 us)
[Local]   RECEIVED 	From 2		ACK 	Size 24	  Sequence Number 21	(5072800 us)

		RTT of packet with SN 21 : 398 ms
		BASE : 22	NEXTSN : 24

[Local]   SENDING 		To 2	Data *	Size 24	  Sequence Number 24	(5250950 us)
[Central]  RECEIVED 	From 1		Data &	Size 24	  Sequence Number 23	(5257900 us)
[Central]  SENDING 		To 1	ACK 	Size 24	  Sequence Number 23	(5257900 us)
[Local]   RECEIVED 	From 2		ACK 	Size 24	  Sequence Number 22	(5264850 us)

		RTT of packet with SN 22 : 398 ms
		BASE : 23	NEXTSN : 25

[Local]   SENDING 		To 2	Data #	Size 24	  Sequence Number 25	(5443 ms)
[Central]  RECEIVED 	From 1		Data *	Size 24	  Sequence Number 24	(5449950 us)
[Central]  SENDING 		To 1	ACK 	Size 24	  Sequence Number 24	(5449950 us)
[Local]   RECEIVED 	From 2		ACK 	Size 24	  Sequence Number 23	(5456900 us)

		RTT of packet with SN 23 : 398 ms
		BASE : 24	NEXTSN : 26

[Local]   SENDING 		To 2	Data -	Size 24	  Sequence Number 26	(5635050 us)
[Central]  RECEIVED 	From 1		Data #	Size 24	  Sequence Number 25	(5642 ms)
[Central]  SENDING 		To 1	ACK 	Size 24	  Sequence Number 25	(5642 ms)
[Local]   RECEIVED 	From 2		ACK 	Size 24	  Sequence Number 24	(5648950 us)

		RTT of packet with SN 24 : 398 ms
		BASE : 25	NEXTSN : 27

[Central]  RECEIVED 	From 1		Data -	Size 24	  Sequence Number 26	(5834050 us)
[Central]  SENDING 		To 1	ACK 	Size 24	  Sequence Number 26	(5834050 us)
[Local]   RECEIVED 	From 2		ACK 	Size 24	  Sequence Number 25	(5841 ms)

		RTT of packet with SN 25 : 398 ms
		BASE : 26	NEXTSN : 27


		@@@@ timeout 1@@@@
		nextSNTemp : 5, nextSN : 1

[Local]   RECEIVED 	From 2		ACK 	Size 24	  Sequence Number 26	(6033050 us)

		RTT of packet with SN 26 : 398 ms
		BASE : 27	NEXTSN : 27


		@@@@ timeout 27@@@@
		nextSNTemp : 31, nextSN : 27

[Local]   SENDING 		To 2	Data -	Size 24	  Sequence Number 27	(6033050 us)
[Local]   SENDING 		To 2	Data .	Size 24	  Sequence Number 28	(6225100 us)
[Central]  RECEIVED 	From 1		Data -	Size 24	  Sequence Number 27	(6232050 us)
[Central]  SENDING 		To 1	ACK 	Size 24	  Sequence Number 27	(6232050 us)
[Local]   SENDING 		To 2	Data "	Size 24	  Sequence Number 29	(6417150 us)
[Central]  RECEIVED 	From 1		Data .	Size 24	  Sequence Number 28	(6424100 us)
[Central]  SENDING 		To 1	ACK 	Size 24	  Sequence Number 28	(6424100 us)
[Local]   RECEIVED 	From 2		ACK 	Size 24	  Sequence Number 27	(6431050 us)

		RTT of packet with SN 27 : 398 ms
		BASE : 28	NEXTSN : 30

[Local]   SENDING 		To 2	Data &	Size 24	  Sequence Number 30	(6609200 us)
[Central]  RECEIVED 	From 1		Data "	Size 24	  Sequence Number 29	(6616150 us)
[Central]  SENDING 		To 1	ACK 	Size 24	  Sequence Number 29	(6616150 us)
[Local]   RECEIVED 	From 2		ACK 	Size 24	  Sequence Number 28	(6623100 us)

		RTT of packet with SN 28 : 398 ms
		BASE : 29	NEXTSN : 31

[Local]   SENDING 		To 2	Data &	Size 24	  Sequence Number 31	(6801250 us)
[Central]  RECEIVED 	From 1		Data &	Size 24	  Sequence Number 30	(6808200 us)
[Central]  SENDING 		To 1	ACK 	Size 24	  Sequence Number 30	(6808200 us)
[Local]   RECEIVED 	From 2		ACK 	Size 24	  Sequence Number 29	(6815150 us)

		RTT of packet with SN 29 : 398 ms
		BASE : 30	NEXTSN : 32

[Local]   SENDING 		To 2	Data !	Size 24	  Sequence Number 32	(6993300 us)
[Central]  RECEIVED 	From 1		Data &	Size 24	  Sequence Number 31	(7000250 us)
[Central]  SENDING 		To 1	ACK 	Size 24	  Sequence Number 31	(7000250 us)
[Local]   RECEIVED 	From 2		ACK 	Size 24	  Sequence Number 30	(7007200 us)

		RTT of packet with SN 30 : 398 ms
		BASE : 31	NEXTSN : 33

[Central]  RECEIVED 	From 1		Data !	Size 24	  Sequence Number 32	(7192300 us)
[Central]  SENDING 		To 1	ACK 	Size 24	  Sequence Number 32	(7192300 us)
[Local]   RECEIVED 	From 2		ACK 	Size 24	  Sequence Number 31	(7199250 us)

		RTT of packet with SN 31 : 398 ms
		BASE : 32	NEXTSN : 33


		@@@@ timeout 1@@@@
		nextSNTemp : 5, nextSN : 1

[Local]   RECEIVED 	From 2		ACK 	Size 24	  Sequence Number 32	(7391300 us)

		RTT of packet with SN 32 : 398 ms
		BASE : 33	NEXTSN : 33


		@@@@ timeout 33@@@@
		nextSNTemp : 37, nextSN : 33

[Local]   SENDING 		To 2	Data +	Size 24	  Sequence Number 33	(7391300 us)
[Local]   SENDING 		To 2	Data -	Size 24	  Sequence Number 34	(7583350 us)
[Central]  RECEIVED 	From 1		Data +	Size 24	  Sequence Number 33	(7590300 us)
[Central]  SENDING 		To 1	ACK 	Size 24	  Sequence Number 33	(7590300 us)
[Local]   SENDING 		To 2	Data $	Size 24	  Sequence Number 35	(7775400 us)
[Central]  RECEIVED 	From 1		Data -	Size 24	  Sequence Number 34	(7782350 us)
[Central]  SENDING 		To 1	ACK 	Size 24	  Sequence Number 34	(7782350 us)
[Local]   RECEIVED 	From 2		ACK 	Size 24	  Sequence Number 33	(7789300 us)

		RTT of packet with SN 33 : 398 ms
		BASE : 34	NEXTSN : 36

[Local]   SENDING 		To 2	Data *	Size 24	  Sequence Number 36	(7967450 us)
[Central]  RECEIVED 	From 1		Data $	Size 24	  Sequence Number 35	(7974400 us)
[Central]  SENDING 		To 1	ACK 	Size 24	  Sequence Number 35	(7974400 us)
[Local]   RECEIVED 	From 2		ACK 	Size 24	  Sequence Number 34	(7981350 us)

		RTT of packet with SN 34 : 398 ms
		BASE : 35	NEXTSN : 37


Info: /OSCI/SystemC: Simulation stopped by user.
