
Local   <-->  Central with FullDuplex channel

+----------------------------------------------------------------------------------------------+
|TASK     ACTION        FROM    TO      DATA    SIZE      SEQUENCE NUMBER       TIME STAMP     |
+----------------------------------------------------------------------------------------------+

		@@@@ timeout 1@@@@
		nextSNTemp : 5, nextSN : 1

[Local]   SENDING 		To 2	Data "	Size 24	  Sequence Number 1	(600050 us)

		@@@@ timeout 1@@@@
		nextSNTemp : 5, nextSN : 1

[Local]   SENDING 		To 2	Data %	Size 24	  Sequence Number 2	(792100 us)
[Central]  RECEIVED 	From 1		Data "	Size 24	  Sequence Number 1	(862050 us)
[Central]  SENDING 		To 1	ACK 	Size 24	  Sequence Number 1	(862050 us)
[Local]   SENDING 		To 2	Data *	Size 24	  Sequence Number 3	(984150 us)
[Central]  RECEIVED 	From 1		Data %	Size 24	  Sequence Number 2	(1054100 us)
[Central]  SENDING 		To 1	ACK 	Size 24	  Sequence Number 2	(1054100 us)
[Local]   RECEIVED 	From 2		ACK 	Size 24	  Sequence Number 1	(1124050 us)

		RTT of packet with SN 1 : 524 ms
		BASE : 2	NEXTSN : 4

[Local]   SENDING 		To 2	Data &	Size 24	  Sequence Number 4	(1176200 us)
[Central]  RECEIVED 	From 1		Data *	Size 24	  Sequence Number 3	(1246150 us)
[Central]  SENDING 		To 1	ACK 	Size 24	  Sequence Number 3	(1246150 us)
[Local]   RECEIVED 	From 2		ACK 	Size 24	  Sequence Number 2	(1316100 us)

		RTT of packet with SN 2 : 524 ms
		BASE : 3	NEXTSN : 5

[Local]   SENDING 		To 2	Data "	Size 24	  Sequence Number 5	(1368250 us)
[Central]  RECEIVED 	From 1		Data &	Size 24	  Sequence Number 4	(1438200 us)
[Central]  SENDING 		To 1	ACK 	Size 24	  Sequence Number 4	(1438200 us)
[Local]   RECEIVED 	From 2		ACK 	Size 24	  Sequence Number 3	(1508150 us)

		RTT of packet with SN 3 : 524 ms
		BASE : 4	NEXTSN : 6

[Central]  RECEIVED 	From 1		Data "	Size 24	  Sequence Number 5	(1630250 us)
[Central]  SENDING 		To 1	ACK 	Size 24	  Sequence Number 5	(1630250 us)
[Local]   RECEIVED 	From 2		ACK 	Size 24	  Sequence Number 4	(1700200 us)

		RTT of packet with SN 4 : 524 ms
		BASE : 5	NEXTSN : 6


		@@@@ timeout 1@@@@
		nextSNTemp : 5, nextSN : 1

[Local]   RECEIVED 	From 2		ACK 	Size 24	  Sequence Number 5	(1892250 us)

		RTT of packet with SN 5 : 524 ms
		BASE : 6	NEXTSN : 6


		@@@@ timeout 6@@@@
		nextSNTemp : 10, nextSN : 6

[Local]   SENDING 		To 2	Data $	Size 24	  Sequence Number 6	(1892250 us)
[Local]   SENDING 		To 2	Data +	Size 24	  Sequence Number 7	(2084300 us)
[Central]  RECEIVED 	From 1		Data $	Size 24	  Sequence Number 6	(2154250 us)
[Central]  SENDING 		To 1	ACK 	Size 24	  Sequence Number 6	(2154250 us)
[Local]   SENDING 		To 2	Data #	Size 24	  Sequence Number 8	(2276350 us)
[Central]  RECEIVED 	From 1		Data +	Size 24	  Sequence Number 7	(2346300 us)
[Central]  SENDING 		To 1	ACK 	Size 24	  Sequence Number 7	(2346300 us)
[Local]   RECEIVED 	From 2		ACK 	Size 24	  Sequence Number 6	(2416250 us)

		RTT of packet with SN 6 : 524 ms
		BASE : 7	NEXTSN : 9

[Local]   SENDING 		To 2	Data "	Size 24	  Sequence Number 9	(2468400 us)
[Central]  RECEIVED 	From 1		Data #	Size 24	  Sequence Number 8	(2538350 us)
[Central]  SENDING 		To 1	ACK 	Size 24	  Sequence Number 8	(2538350 us)
[Local]   RECEIVED 	From 2		ACK 	Size 24	  Sequence Number 7	(2608300 us)

		RTT of packet with SN 7 : 524 ms
		BASE : 8	NEXTSN : 10

[Local]   SENDING 		To 2	Data $	Size 24	  Sequence Number 10	(2660450 us)
[Central]  RECEIVED 	From 1		Data "	Size 24	  Sequence Number 9	(2730400 us)
[Central]  SENDING 		To 1	ACK 	Size 24	  Sequence Number 9	(2730400 us)
[Local]   RECEIVED 	From 2		ACK 	Size 24	  Sequence Number 8	(2800350 us)

		RTT of packet with SN 8 : 524 ms
		BASE : 9	NEXTSN : 11

[Central]  RECEIVED 	From 1		Data $	Size 24	  Sequence Number 10	(2922450 us)
[Central]  SENDING 		To 1	ACK 	Size 24	  Sequence Number 10	(2922450 us)
[Local]   RECEIVED 	From 2		ACK 	Size 24	  Sequence Number 9	(2992400 us)

		RTT of packet with SN 9 : 524 ms
		BASE : 10	NEXTSN : 11


		@@@@ timeout 1@@@@
		nextSNTemp : 5, nextSN : 1

[Local]   RECEIVED 	From 2		ACK 	Size 24	  Sequence Number 10	(3184450 us)

		RTT of packet with SN 10 : 524 ms
		BASE : 11	NEXTSN : 11


		@@@@ timeout 11@@@@
		nextSNTemp : 15, nextSN : 11

[Local]   SENDING 		To 2	Data #	Size 24	  Sequence Number 11	(3184450 us)
[Local]   SENDING 		To 2	Data &	Size 24	  Sequence Number 12	(3376500 us)
[Central]  RECEIVED 	From 1		Data #	Size 24	  Sequence Number 11	(3446450 us)
[Central]  SENDING 		To 1	ACK 	Size 24	  Sequence Number 11	(3446450 us)
[Local]   SENDING 		To 2	Data '	Size 24	  Sequence Number 13	(3568550 us)
[Central]  RECEIVED 	From 1		Data &	Size 24	  Sequence Number 12	(3638500 us)
[Central]  SENDING 		To 1	ACK 	Size 24	  Sequence Number 12	(3638500 us)
[Local]   RECEIVED 	From 2		ACK 	Size 24	  Sequence Number 11	(3708450 us)

		RTT of packet with SN 11 : 524 ms
		BASE : 12	NEXTSN : 14

[Local]   SENDING 		To 2	Data ,	Size 24	  Sequence Number 14	(3760600 us)
[Central]  RECEIVED 	From 1		Data '	Size 24	  Sequence Number 13	(3830550 us)
[Central]  SENDING 		To 1	ACK 	Size 24	  Sequence Number 13	(3830550 us)
[Local]   RECEIVED 	From 2		ACK 	Size 24	  Sequence Number 12	(3900500 us)

		RTT of packet with SN 12 : 524 ms
		BASE : 13	NEXTSN : 15

[Local]   SENDING 		To 2	Data .	Size 24	  Sequence Number 15	(3952650 us)
[Central]  RECEIVED 	From 1		Data ,	Size 24	  Sequence Number 14	(4022600 us)
[Central]  SENDING 		To 1	ACK 	Size 24	  Sequence Number 14	(4022600 us)
[Local]   RECEIVED 	From 2		ACK 	Size 24	  Sequence Number 13	(4092550 us)

		RTT of packet with SN 13 : 524 ms
		BASE : 14	NEXTSN : 16

[Central]  RECEIVED 	From 1		Data .	Size 24	  Sequence Number 15	(4214650 us)
[Central]  SENDING 		To 1	ACK 	Size 24	  Sequence Number 15	(4214650 us)
[Local]   RECEIVED 	From 2		ACK 	Size 24	  Sequence Number 14	(4284600 us)

		RTT of packet with SN 14 : 524 ms
		BASE : 15	NEXTSN : 16


		@@@@ timeout 1@@@@
		nextSNTemp : 5, nextSN : 1

[Local]   RECEIVED 	From 2		ACK 	Size 24	  Sequence Number 15	(4476650 us)

		RTT of packet with SN 15 : 524 ms
		BASE : 16	NEXTSN : 16


		@@@@ timeout 16@@@@
		nextSNTemp : 20, nextSN : 16

[Local]   SENDING 		To 2	Data !	Size 24	  Sequence Number 16	(4476650 us)
[Local]   SENDING 		To 2	Data +	Size 24	  Sequence Number 17	(4668700 us)
[Central]  RECEIVED 	From 1		Data !	Size 24	  Sequence Number 16	(4738650 us)
[Central]  SENDING 		To 1	ACK 	Size 24	  Sequence Number 16	(4738650 us)
[Local]   SENDING 		To 2	Data )	Size 24	  Sequence Number 18	(4860750 us)
[Central]  RECEIVED 	From 1		Data +	Size 24	  Sequence Number 17	(4930700 us)
[Central]  SENDING 		To 1	ACK 	Size 24	  Sequence Number 17	(4930700 us)
[Local]   RECEIVED 	From 2		ACK 	Size 24	  Sequence Number 16	(5000650 us)

		RTT of packet with SN 16 : 524 ms
		BASE : 17	NEXTSN : 19

[Local]   SENDING 		To 2	Data #	Size 24	  Sequence Number 19	(5052800 us)
[Central]  RECEIVED 	From 1		Data )	Size 24	  Sequence Number 18	(5122750 us)
[Central]  SENDING 		To 1	ACK 	Size 24	  Sequence Number 18	(5122750 us)
[Local]   RECEIVED 	From 2		ACK 	Size 24	  Sequence Number 17	(5192700 us)

		RTT of packet with SN 17 : 524 ms
		BASE : 18	NEXTSN : 20

[Local]   SENDING 		To 2	Data #	Size 24	  Sequence Number 20	(5244850 us)
[Central]  RECEIVED 	From 1		Data #	Size 24	  Sequence Number 19	(5314800 us)
[Central]  SENDING 		To 1	ACK 	Size 24	  Sequence Number 19	(5314800 us)
[Local]   RECEIVED 	From 2		ACK 	Size 24	  Sequence Number 18	(5384750 us)

		RTT of packet with SN 18 : 524 ms
		BASE : 19	NEXTSN : 21

[Central]  RECEIVED 	From 1		Data #	Size 24	  Sequence Number 20	(5506850 us)
[Central]  SENDING 		To 1	ACK 	Size 24	  Sequence Number 20	(5506850 us)
[Local]   RECEIVED 	From 2		ACK 	Size 24	  Sequence Number 19	(5576800 us)

		RTT of packet with SN 19 : 524 ms
		BASE : 20	NEXTSN : 21


		@@@@ timeout 1@@@@
		nextSNTemp : 5, nextSN : 1

[Local]   RECEIVED 	From 2		ACK 	Size 24	  Sequence Number 20	(5768850 us)

		RTT of packet with SN 20 : 524 ms
		BASE : 21	NEXTSN : 21


		@@@@ timeout 21@@@@
		nextSNTemp : 25, nextSN : 21

[Local]   SENDING 		To 2	Data $	Size 24	  Sequence Number 21	(5768850 us)
[Local]   SENDING 		To 2	Data !	Size 24	  Sequence Number 22	(5960900 us)
[Central]  RECEIVED 	From 1		Data $	Size 24	  Sequence Number 21	(6030850 us)
[Central]  SENDING 		To 1	ACK 	Size 24	  Sequence Number 21	(6030850 us)
[Local]   SENDING 		To 2	Data &	Size 24	  Sequence Number 23	(6152950 us)
[Central]  RECEIVED 	From 1		Data !	Size 24	  Sequence Number 22	(6222900 us)
[Central]  SENDING 		To 1	ACK 	Size 24	  Sequence Number 22	(6222900 us)
[Local]   RECEIVED 	From 2		ACK 	Size 24	  Sequence Number 21	(6292850 us)

		RTT of packet with SN 21 : 524 ms
		BASE : 22	NEXTSN : 24

[Local]   SENDING 		To 2	Data *	Size 24	  Sequence Number 24	(6345 ms)
[Central]  RECEIVED 	From 1		Data &	Size 24	  Sequence Number 23	(6414950 us)
[Central]  SENDING 		To 1	ACK 	Size 24	  Sequence Number 23	(6414950 us)
[Local]   RECEIVED 	From 2		ACK 	Size 24	  Sequence Number 22	(6484900 us)

		RTT of packet with SN 22 : 524 ms
		BASE : 23	NEXTSN : 25

[Local]   SENDING 		To 2	Data #	Size 24	  Sequence Number 25	(6537050 us)
[Central]  RECEIVED 	From 1		Data *	Size 24	  Sequence Number 24	(6607 ms)
[Central]  SENDING 		To 1	ACK 	Size 24	  Sequence Number 24	(6607 ms)
[Local]   RECEIVED 	From 2		ACK 	Size 24	  Sequence Number 23	(6676950 us)

		RTT of packet with SN 23 : 524 ms
		BASE : 24	NEXTSN : 26

[Central]  RECEIVED 	From 1		Data #	Size 24	  Sequence Number 25	(6799050 us)
[Central]  SENDING 		To 1	ACK 	Size 24	  Sequence Number 25	(6799050 us)
[Local]   RECEIVED 	From 2		ACK 	Size 24	  Sequence Number 24	(6869 ms)

		RTT of packet with SN 24 : 524 ms
		BASE : 25	NEXTSN : 26


		@@@@ timeout 1@@@@
		nextSNTemp : 5, nextSN : 1

[Local]   RECEIVED 	From 2		ACK 	Size 24	  Sequence Number 25	(7061050 us)

		RTT of packet with SN 25 : 524 ms
		BASE : 26	NEXTSN : 26


		@@@@ timeout 26@@@@
		nextSNTemp : 30, nextSN : 26

[Local]   SENDING 		To 2	Data -	Size 24	  Sequence Number 26	(7061050 us)
[Local]   SENDING 		To 2	Data -	Size 24	  Sequence Number 27	(7253100 us)
[Central]  RECEIVED 	From 1		Data -	Size 24	  Sequence Number 26	(7323050 us)
[Central]  SENDING 		To 1	ACK 	Size 24	  Sequence Number 26	(7323050 us)
[Local]   SENDING 		To 2	Data .	Size 24	  Sequence Number 28	(7445150 us)
[Central]  RECEIVED 	From 1		Data -	Size 24	  Sequence Number 27	(7515100 us)
[Central]  SENDING 		To 1	ACK 	Size 24	  Sequence Number 27	(7515100 us)
[Local]   RECEIVED 	From 2		ACK 	Size 24	  Sequence Number 26	(7585050 us)

		RTT of packet with SN 26 : 524 ms
		BASE : 27	NEXTSN : 29

[Local]   SENDING 		To 2	Data "	Size 24	  Sequence Number 29	(7637200 us)
[Central]  RECEIVED 	From 1		Data .	Size 24	  Sequence Number 28	(7707150 us)
[Central]  SENDING 		To 1	ACK 	Size 24	  Sequence Number 28	(7707150 us)
[Local]   RECEIVED 	From 2		ACK 	Size 24	  Sequence Number 27	(7777100 us)

		RTT of packet with SN 27 : 524 ms
		BASE : 28	NEXTSN : 30

[Local]   SENDING 		To 2	Data &	Size 24	  Sequence Number 30	(7829250 us)
[Central]  RECEIVED 	From 1		Data "	Size 24	  Sequence Number 29	(7899200 us)
[Central]  SENDING 		To 1	ACK 	Size 24	  Sequence Number 29	(7899200 us)
[Local]   RECEIVED 	From 2		ACK 	Size 24	  Sequence Number 28	(7969150 us)

		RTT of packet with SN 28 : 524 ms
		BASE : 29	NEXTSN : 31


Info: /OSCI/SystemC: Simulation stopped by user.
