
Local   <-->  Central with FullDuplex channel

+----------------------------------------------------------------------------------------------+
|TASK     ACTION        FROM    TO      DATA    SIZE      SEQUENCE NUMBER       TIME STAMP     |
+----------------------------------------------------------------------------------------------+
[Local]   SENDING 		To 2	Data "	Size 24	  Sequence Number 1	(50 us)
[Local]   SENDING 		To 2	Data %	Size 24	  Sequence Number 2	(192100 us)
[Central]  RECEIVED 	From 1		Data "	Size 24	  Sequence Number 1	(222050 us)
[Central]  SENDING 		To 1	ACK 	Size 24	  Sequence Number 1	(222050 us)
[Central]  RECEIVED 	From 1		Data %	Size 24	  Sequence Number 2	(414100 us)
[Central]  SENDING 		To 1	ACK 	Size 24	  Sequence Number 2	(414100 us)
[Local]   RECEIVED 	From 2		ACK 	Size 24	  Sequence Number 1	(444050 us)

		RTT of packet with SN 1 : 444050 us
		BASE : 2	NEXTSN : 3


		@@@@ timeout 1@@@@
		nextSNTemp : 5, nextSN : 1

[Local]   RECEIVED 	From 2		ACK 	Size 24	  Sequence Number 2	(636100 us)

		RTT of packet with SN 2 : 444 ms
		BASE : 3	NEXTSN : 3


		@@@@ timeout 3@@@@
		nextSNTemp : 7, nextSN : 3

[Local]   SENDING 		To 2	Data *	Size 24	  Sequence Number 3	(636100 us)
[Local]   SENDING 		To 2	Data &	Size 24	  Sequence Number 4	(828150 us)
[Central]  RECEIVED 	From 1		Data *	Size 24	  Sequence Number 3	(858100 us)
[Central]  SENDING 		To 1	ACK 	Size 24	  Sequence Number 3	(858100 us)
[Local]   SENDING 		To 2	Data "	Size 24	  Sequence Number 5	(1020200 us)
[Central]  RECEIVED 	From 1		Data &	Size 24	  Sequence Number 4	(1050150 us)
[Central]  SENDING 		To 1	ACK 	Size 24	  Sequence Number 4	(1050150 us)
[Local]   RECEIVED 	From 2		ACK 	Size 24	  Sequence Number 3	(1080100 us)

		RTT of packet with SN 3 : 444 ms
		BASE : 4	NEXTSN : 6

[Local]   SENDING 		To 2	Data $	Size 24	  Sequence Number 6	(1212250 us)
[Central]  RECEIVED 	From 1		Data "	Size 24	  Sequence Number 5	(1242200 us)
[Central]  SENDING 		To 1	ACK 	Size 24	  Sequence Number 5	(1242200 us)
[Local]   RECEIVED 	From 2		ACK 	Size 24	  Sequence Number 4	(1272150 us)

		RTT of packet with SN 4 : 444 ms
		BASE : 5	NEXTSN : 7

[Local]   SENDING 		To 2	Data +	Size 24	  Sequence Number 7	(1404300 us)
[Central]  RECEIVED 	From 1		Data $	Size 24	  Sequence Number 6	(1434250 us)
[Central]  SENDING 		To 1	ACK 	Size 24	  Sequence Number 6	(1434250 us)
[Local]   RECEIVED 	From 2		ACK 	Size 24	  Sequence Number 5	(1464200 us)

		RTT of packet with SN 5 : 444 ms
		BASE : 6	NEXTSN : 8

[Local]   SENDING 		To 2	Data #	Size 24	  Sequence Number 8	(1596350 us)
[Central]  RECEIVED 	From 1		Data +	Size 24	  Sequence Number 7	(1626300 us)
[Central]  SENDING 		To 1	ACK 	Size 24	  Sequence Number 7	(1626300 us)
[Local]   RECEIVED 	From 2		ACK 	Size 24	  Sequence Number 6	(1656250 us)

		RTT of packet with SN 6 : 444 ms
		BASE : 7	NEXTSN : 9

[Central]  RECEIVED 	From 1		Data #	Size 24	  Sequence Number 8	(1818350 us)
[Central]  SENDING 		To 1	ACK 	Size 24	  Sequence Number 8	(1818350 us)
[Local]   RECEIVED 	From 2		ACK 	Size 24	  Sequence Number 7	(1848300 us)

		RTT of packet with SN 7 : 444 ms
		BASE : 8	NEXTSN : 9


		@@@@ timeout 1@@@@
		nextSNTemp : 5, nextSN : 1

[Local]   RECEIVED 	From 2		ACK 	Size 24	  Sequence Number 8	(2040350 us)

		RTT of packet with SN 8 : 444 ms
		BASE : 9	NEXTSN : 9


		@@@@ timeout 9@@@@
		nextSNTemp : 13, nextSN : 9

[Local]   SENDING 		To 2	Data "	Size 24	  Sequence Number 9	(2040350 us)
[Local]   SENDING 		To 2	Data $	Size 24	  Sequence Number 10	(2232400 us)
[Central]  RECEIVED 	From 1		Data "	Size 24	  Sequence Number 9	(2262350 us)
[Central]  SENDING 		To 1	ACK 	Size 24	  Sequence Number 9	(2262350 us)
[Local]   SENDING 		To 2	Data #	Size 24	  Sequence Number 11	(2424450 us)
[Central]  RECEIVED 	From 1		Data $	Size 24	  Sequence Number 10	(2454400 us)
[Central]  SENDING 		To 1	ACK 	Size 24	  Sequence Number 10	(2454400 us)
[Local]   RECEIVED 	From 2		ACK 	Size 24	  Sequence Number 9	(2484350 us)

		RTT of packet with SN 9 : 444 ms
		BASE : 10	NEXTSN : 12

[Local]   SENDING 		To 2	Data &	Size 24	  Sequence Number 12	(2616500 us)
[Central]  RECEIVED 	From 1		Data #	Size 24	  Sequence Number 11	(2646450 us)
[Central]  SENDING 		To 1	ACK 	Size 24	  Sequence Number 11	(2646450 us)
[Local]   RECEIVED 	From 2		ACK 	Size 24	  Sequence Number 10	(2676400 us)

		RTT of packet with SN 10 : 444 ms
		BASE : 11	NEXTSN : 13

[Local]   SENDING 		To 2	Data '	Size 24	  Sequence Number 13	(2808550 us)
[Central]  RECEIVED 	From 1		Data &	Size 24	  Sequence Number 12	(2838500 us)
[Central]  SENDING 		To 1	ACK 	Size 24	  Sequence Number 12	(2838500 us)
[Local]   RECEIVED 	From 2		ACK 	Size 24	  Sequence Number 11	(2868450 us)

		RTT of packet with SN 11 : 444 ms
		BASE : 12	NEXTSN : 14

[Local]   SENDING 		To 2	Data ,	Size 24	  Sequence Number 14	(3000600 us)
[Central]  RECEIVED 	From 1		Data '	Size 24	  Sequence Number 13	(3030550 us)
[Central]  SENDING 		To 1	ACK 	Size 24	  Sequence Number 13	(3030550 us)
[Local]   RECEIVED 	From 2		ACK 	Size 24	  Sequence Number 12	(3060500 us)

		RTT of packet with SN 12 : 444 ms
		BASE : 13	NEXTSN : 15

[Central]  RECEIVED 	From 1		Data ,	Size 24	  Sequence Number 14	(3222600 us)
[Central]  SENDING 		To 1	ACK 	Size 24	  Sequence Number 14	(3222600 us)
[Local]   RECEIVED 	From 2		ACK 	Size 24	  Sequence Number 13	(3252550 us)

		RTT of packet with SN 13 : 444 ms
		BASE : 14	NEXTSN : 15


		@@@@ timeout 1@@@@
		nextSNTemp : 5, nextSN : 1

[Local]   RECEIVED 	From 2		ACK 	Size 24	  Sequence Number 14	(3444600 us)

		RTT of packet with SN 14 : 444 ms
		BASE : 15	NEXTSN : 15


		@@@@ timeout 15@@@@
		nextSNTemp : 19, nextSN : 15

[Local]   SENDING 		To 2	Data .	Size 24	  Sequence Number 15	(3444600 us)
[Local]   SENDING 		To 2	Data !	Size 24	  Sequence Number 16	(3636650 us)
[Central]  RECEIVED 	From 1		Data .	Size 24	  Sequence Number 15	(3666600 us)
[Central]  SENDING 		To 1	ACK 	Size 24	  Sequence Number 15	(3666600 us)
[Local]   SENDING 		To 2	Data +	Size 24	  Sequence Number 17	(3828700 us)
[Central]  RECEIVED 	From 1		Data !	Size 24	  Sequence Number 16	(3858650 us)
[Central]  SENDING 		To 1	ACK 	Size 24	  Sequence Number 16	(3858650 us)
[Local]   RECEIVED 	From 2		ACK 	Size 24	  Sequence Number 15	(3888600 us)

		RTT of packet with SN 15 : 444 ms
		BASE : 16	NEXTSN : 18

[Local]   SENDING 		To 2	Data )	Size 24	  Sequence Number 18	(4020750 us)
[Central]  RECEIVED 	From 1		Data +	Size 24	  Sequence Number 17	(4050700 us)
[Central]  SENDING 		To 1	ACK 	Size 24	  Sequence Number 17	(4050700 us)
[Local]   RECEIVED 	From 2		ACK 	Size 24	  Sequence Number 16	(4080650 us)

		RTT of packet with SN 16 : 444 ms
		BASE : 17	NEXTSN : 19

[Local]   SENDING 		To 2	Data #	Size 24	  Sequence Number 19	(4212800 us)
[Central]  RECEIVED 	From 1		Data )	Size 24	  Sequence Number 18	(4242750 us)
[Central]  SENDING 		To 1	ACK 	Size 24	  Sequence Number 18	(4242750 us)
[Local]   RECEIVED 	From 2		ACK 	Size 24	  Sequence Number 17	(4272700 us)

		RTT of packet with SN 17 : 444 ms
		BASE : 18	NEXTSN : 20

[Local]   SENDING 		To 2	Data #	Size 24	  Sequence Number 20	(4404850 us)
[Central]  RECEIVED 	From 1		Data #	Size 24	  Sequence Number 19	(4434800 us)
[Central]  SENDING 		To 1	ACK 	Size 24	  Sequence Number 19	(4434800 us)
[Local]   RECEIVED 	From 2		ACK 	Size 24	  Sequence Number 18	(4464750 us)

		RTT of packet with SN 18 : 444 ms
		BASE : 19	NEXTSN : 21

[Central]  RECEIVED 	From 1		Data #	Size 24	  Sequence Number 20	(4626850 us)
[Central]  SENDING 		To 1	ACK 	Size 24	  Sequence Number 20	(4626850 us)
[Local]   RECEIVED 	From 2		ACK 	Size 24	  Sequence Number 19	(4656800 us)

		RTT of packet with SN 19 : 444 ms
		BASE : 20	NEXTSN : 21


		@@@@ timeout 1@@@@
		nextSNTemp : 5, nextSN : 1

[Local]   RECEIVED 	From 2		ACK 	Size 24	  Sequence Number 20	(4848850 us)

		RTT of packet with SN 20 : 444 ms
		BASE : 21	NEXTSN : 21


		@@@@ timeout 21@@@@
		nextSNTemp : 25, nextSN : 21

[Local]   SENDING 		To 2	Data $	Size 24	  Sequence Number 21	(4848850 us)
[Local]   SENDING 		To 2	Data !	Size 24	  Sequence Number 22	(5040900 us)
[Central]  RECEIVED 	From 1		Data $	Size 24	  Sequence Number 21	(5070850 us)
[Central]  SENDING 		To 1	ACK 	Size 24	  Sequence Number 21	(5070850 us)
[Local]   SENDING 		To 2	Data &	Size 24	  Sequence Number 23	(5232950 us)
[Central]  RECEIVED 	From 1		Data !	Size 24	  Sequence Number 22	(5262900 us)
[Central]  SENDING 		To 1	ACK 	Size 24	  Sequence Number 22	(5262900 us)
[Local]   RECEIVED 	From 2		ACK 	Size 24	  Sequence Number 21	(5292850 us)

		RTT of packet with SN 21 : 444 ms
		BASE : 22	NEXTSN : 24

[Local]   SENDING 		To 2	Data *	Size 24	  Sequence Number 24	(5425 ms)
[Central]  RECEIVED 	From 1		Data &	Size 24	  Sequence Number 23	(5454950 us)
[Central]  SENDING 		To 1	ACK 	Size 24	  Sequence Number 23	(5454950 us)
[Local]   RECEIVED 	From 2		ACK 	Size 24	  Sequence Number 22	(5484900 us)

		RTT of packet with SN 22 : 444 ms
		BASE : 23	NEXTSN : 25

[Local]   SENDING 		To 2	Data #	Size 24	  Sequence Number 25	(5617050 us)
[Central]  RECEIVED 	From 1		Data *	Size 24	  Sequence Number 24	(5647 ms)
[Central]  SENDING 		To 1	ACK 	Size 24	  Sequence Number 24	(5647 ms)
[Local]   RECEIVED 	From 2		ACK 	Size 24	  Sequence Number 23	(5676950 us)

		RTT of packet with SN 23 : 444 ms
		BASE : 24	NEXTSN : 26

[Local]   SENDING 		To 2	Data -	Size 24	  Sequence Number 26	(5809100 us)
[Central]  RECEIVED 	From 1		Data #	Size 24	  Sequence Number 25	(5839050 us)
[Central]  SENDING 		To 1	ACK 	Size 24	  Sequence Number 25	(5839050 us)
[Local]   RECEIVED 	From 2		ACK 	Size 24	  Sequence Number 24	(5869 ms)

		RTT of packet with SN 24 : 444 ms
		BASE : 25	NEXTSN : 27

[Central]  RECEIVED 	From 1		Data -	Size 24	  Sequence Number 26	(6031100 us)
[Central]  SENDING 		To 1	ACK 	Size 24	  Sequence Number 26	(6031100 us)
[Local]   RECEIVED 	From 2		ACK 	Size 24	  Sequence Number 25	(6061050 us)

		RTT of packet with SN 25 : 444 ms
		BASE : 26	NEXTSN : 27


		@@@@ timeout 1@@@@
		nextSNTemp : 5, nextSN : 1

[Local]   RECEIVED 	From 2		ACK 	Size 24	  Sequence Number 26	(6253100 us)

		RTT of packet with SN 26 : 444 ms
		BASE : 27	NEXTSN : 27


		@@@@ timeout 27@@@@
		nextSNTemp : 31, nextSN : 27

[Local]   SENDING 		To 2	Data -	Size 24	  Sequence Number 27	(6253100 us)
[Local]   SENDING 		To 2	Data .	Size 24	  Sequence Number 28	(6445150 us)
[Central]  RECEIVED 	From 1		Data -	Size 24	  Sequence Number 27	(6475100 us)
[Central]  SENDING 		To 1	ACK 	Size 24	  Sequence Number 27	(6475100 us)
[Local]   SENDING 		To 2	Data "	Size 24	  Sequence Number 29	(6637200 us)
[Central]  RECEIVED 	From 1		Data .	Size 24	  Sequence Number 28	(6667150 us)
[Central]  SENDING 		To 1	ACK 	Size 24	  Sequence Number 28	(6667150 us)
[Local]   RECEIVED 	From 2		ACK 	Size 24	  Sequence Number 27	(6697100 us)

		RTT of packet with SN 27 : 444 ms
		BASE : 28	NEXTSN : 30

[Local]   SENDING 		To 2	Data &	Size 24	  Sequence Number 30	(6829250 us)
[Central]  RECEIVED 	From 1		Data "	Size 24	  Sequence Number 29	(6859200 us)
[Central]  SENDING 		To 1	ACK 	Size 24	  Sequence Number 29	(6859200 us)
[Local]   RECEIVED 	From 2		ACK 	Size 24	  Sequence Number 28	(6889150 us)

		RTT of packet with SN 28 : 444 ms
		BASE : 29	NEXTSN : 31

[Local]   SENDING 		To 2	Data &	Size 24	  Sequence Number 31	(7021300 us)
[Central]  RECEIVED 	From 1		Data &	Size 24	  Sequence Number 30	(7051250 us)
[Central]  SENDING 		To 1	ACK 	Size 24	  Sequence Number 30	(7051250 us)
[Local]   RECEIVED 	From 2		ACK 	Size 24	  Sequence Number 29	(7081200 us)

		RTT of packet with SN 29 : 444 ms
		BASE : 30	NEXTSN : 32

[Local]   SENDING 		To 2	Data !	Size 24	  Sequence Number 32	(7213350 us)
[Central]  RECEIVED 	From 1		Data &	Size 24	  Sequence Number 31	(7243300 us)
[Central]  SENDING 		To 1	ACK 	Size 24	  Sequence Number 31	(7243300 us)
[Local]   RECEIVED 	From 2		ACK 	Size 24	  Sequence Number 30	(7273250 us)

		RTT of packet with SN 30 : 444 ms
		BASE : 31	NEXTSN : 33

[Central]  RECEIVED 	From 1		Data !	Size 24	  Sequence Number 32	(7435350 us)
[Central]  SENDING 		To 1	ACK 	Size 24	  Sequence Number 32	(7435350 us)
[Local]   RECEIVED 	From 2		ACK 	Size 24	  Sequence Number 31	(7465300 us)

		RTT of packet with SN 31 : 444 ms
		BASE : 32	NEXTSN : 33


		@@@@ timeout 1@@@@
		nextSNTemp : 5, nextSN : 1

[Local]   RECEIVED 	From 2		ACK 	Size 24	  Sequence Number 32	(7657350 us)

		RTT of packet with SN 32 : 444 ms
		BASE : 33	NEXTSN : 33


		@@@@ timeout 33@@@@
		nextSNTemp : 37, nextSN : 33

[Local]   SENDING 		To 2	Data +	Size 24	  Sequence Number 33	(7657350 us)
[Local]   SENDING 		To 2	Data -	Size 24	  Sequence Number 34	(7849400 us)
[Central]  RECEIVED 	From 1		Data +	Size 24	  Sequence Number 33	(7879350 us)
[Central]  SENDING 		To 1	ACK 	Size 24	  Sequence Number 33	(7879350 us)

Info: /OSCI/SystemC: Simulation stopped by user.
