
Local   <-->  Central with FullDuplex channel

+----------------------------------------------------------------------------------------------+
|TASK     ACTION        FROM    TO      DATA    SIZE      SEQUENCE NUMBER       TIME STAMP     |
+----------------------------------------------------------------------------------------------+
[Local]   SENDING 		To 2	Data "	Size 24	  Sequence Number 1	(50 us)
[Local]   SENDING 		To 2	Data %	Size 24	  Sequence Number 2	(192100 us)
[Central]  RECEIVED 	From 1		Data "	Size 24	  Sequence Number 1	(193050 us)
[Central]  SENDING 		To 1	ACK 	Size 24	  Sequence Number 1	(193050 us)
[Central]  RECEIVED 	From 1		Data %	Size 24	  Sequence Number 2	(385100 us)
[Central]  SENDING 		To 1	ACK 	Size 24	  Sequence Number 2	(385100 us)
[Local]   RECEIVED 	From 2		ACK 	Size 24	  Sequence Number 1	(386050 us)

		RTT of packet with SN 1 : 386 ms
		BASE : 1	NEXTSN : 3

[Local]   RECEIVED 	From 2		ACK 	Size 24	  Sequence Number 2	(578100 us)

		RTT of packet with SN 2 : 386 ms
		BASE : 2	NEXTSN : 3


		@@@@ timeout 0@@@@
		nextSNTemp : 4, nextSN : 0


		@@@@ timeout 2@@@@
		nextSNTemp : 6, nextSN : 2

[Local]   SENDING 		To 2	Data *	Size 24	  Sequence Number 3	(792150 us)
[Local]   SENDING 		To 2	Data *	Size 24	  Sequence Number 3	(984200 us)
[Central]  RECEIVED 	From 1		Data *	Size 24	  Sequence Number 3	(985150 us)
[Central]  SENDING 		To 1	ACK 	Size 24	  Sequence Number 3	(985150 us)
[Local]   SENDING 		To 2	Data &	Size 24	  Sequence Number 4	(1176250 us)
[Central]  RECEIVED 	From 1		Data *	Size 24	  Sequence Number 3	(1177200 us)
[Central]  SENDING 		To 1	ACK 	Size 24	  Sequence Number 3	(1177200 us)
[Local]   RECEIVED 	From 2		ACK 	Size 24	  Sequence Number 3	(1178150 us)

		RTT of packet with SN 3 : 193950 us
		BASE : 3	NEXTSN : 5

[Local]   SENDING 		To 2	Data "	Size 24	  Sequence Number 5	(1368300 us)
[Central]  RECEIVED 	From 1		Data &	Size 24	  Sequence Number 4	(1369250 us)
[Central]  SENDING 		To 1	ACK 	Size 24	  Sequence Number 4	(1369250 us)
[Local]   RECEIVED 	From 2		ACK 	Size 24	  Sequence Number 3	(1370200 us)

		RTT of packet with SN 3 : 386 ms
		BASE : 4	NEXTSN : 6

[Local]   SENDING 		To 2	Data $	Size 24	  Sequence Number 6	(1560350 us)
[Central]  RECEIVED 	From 1		Data "	Size 24	  Sequence Number 5	(1561300 us)
[Central]  SENDING 		To 1	ACK 	Size 24	  Sequence Number 5	(1561300 us)
[Local]   RECEIVED 	From 2		ACK 	Size 24	  Sequence Number 4	(1562250 us)

		RTT of packet with SN 4 : 386 ms
		BASE : 5	NEXTSN : 7

[Local]   SENDING 		To 2	Data +	Size 24	  Sequence Number 7	(1752400 us)
[Central]  RECEIVED 	From 1		Data $	Size 24	  Sequence Number 6	(1753350 us)
[Central]  SENDING 		To 1	ACK 	Size 24	  Sequence Number 6	(1753350 us)
[Local]   RECEIVED 	From 2		ACK 	Size 24	  Sequence Number 5	(1754300 us)

		RTT of packet with SN 5 : 386 ms
		BASE : 6	NEXTSN : 8

[Central]  RECEIVED 	From 1		Data +	Size 24	  Sequence Number 7	(1945400 us)
[Central]  SENDING 		To 1	ACK 	Size 24	  Sequence Number 7	(1945400 us)
[Local]   RECEIVED 	From 2		ACK 	Size 24	  Sequence Number 6	(1946350 us)

		RTT of packet with SN 6 : 386 ms
		BASE : 7	NEXTSN : 8


		@@@@ timeout 0@@@@
		nextSNTemp : 4, nextSN : 0

[Local]   RECEIVED 	From 2		ACK 	Size 24	  Sequence Number 7	(2138400 us)

		RTT of packet with SN 7 : 386 ms
		BASE : 8	NEXTSN : 8


		@@@@ timeout 8@@@@
		nextSNTemp : 12, nextSN : 8

[Local]   SENDING 		To 2	Data #	Size 24	  Sequence Number 8	(2138400 us)
[Local]   SENDING 		To 2	Data "	Size 24	  Sequence Number 9	(2330450 us)
[Central]  RECEIVED 	From 1		Data #	Size 24	  Sequence Number 8	(2331400 us)
[Central]  SENDING 		To 1	ACK 	Size 24	  Sequence Number 8	(2331400 us)
[Local]   SENDING 		To 2	Data $	Size 24	  Sequence Number 10	(2522500 us)
[Central]  RECEIVED 	From 1		Data "	Size 24	  Sequence Number 9	(2523450 us)
[Central]  SENDING 		To 1	ACK 	Size 24	  Sequence Number 9	(2523450 us)
[Local]   RECEIVED 	From 2		ACK 	Size 24	  Sequence Number 8	(2524400 us)

		RTT of packet with SN 8 : 386 ms
		BASE : 9	NEXTSN : 11

[Local]   SENDING 		To 2	Data #	Size 24	  Sequence Number 11	(2714550 us)
[Central]  RECEIVED 	From 1		Data $	Size 24	  Sequence Number 10	(2715500 us)
[Central]  SENDING 		To 1	ACK 	Size 24	  Sequence Number 10	(2715500 us)
[Local]   RECEIVED 	From 2		ACK 	Size 24	  Sequence Number 9	(2716450 us)

		RTT of packet with SN 9 : 386 ms
		BASE : 10	NEXTSN : 12

[Local]   SENDING 		To 2	Data &	Size 24	  Sequence Number 12	(2906600 us)
[Central]  RECEIVED 	From 1		Data #	Size 24	  Sequence Number 11	(2907550 us)
[Central]  SENDING 		To 1	ACK 	Size 24	  Sequence Number 11	(2907550 us)
[Local]   RECEIVED 	From 2		ACK 	Size 24	  Sequence Number 10	(2908500 us)

		RTT of packet with SN 10 : 386 ms
		BASE : 11	NEXTSN : 13

[Local]   SENDING 		To 2	Data '	Size 24	  Sequence Number 13	(3098650 us)
[Central]  RECEIVED 	From 1		Data &	Size 24	  Sequence Number 12	(3099600 us)
[Central]  SENDING 		To 1	ACK 	Size 24	  Sequence Number 12	(3099600 us)
[Local]   RECEIVED 	From 2		ACK 	Size 24	  Sequence Number 11	(3100550 us)

		RTT of packet with SN 11 : 386 ms
		BASE : 12	NEXTSN : 14

[Central]  RECEIVED 	From 1		Data '	Size 24	  Sequence Number 13	(3291650 us)
[Central]  SENDING 		To 1	ACK 	Size 24	  Sequence Number 13	(3291650 us)
[Local]   RECEIVED 	From 2		ACK 	Size 24	  Sequence Number 12	(3292600 us)

		RTT of packet with SN 12 : 386 ms
		BASE : 13	NEXTSN : 14


		@@@@ timeout 0@@@@
		nextSNTemp : 4, nextSN : 0

[Local]   RECEIVED 	From 2		ACK 	Size 24	  Sequence Number 13	(3484650 us)

		RTT of packet with SN 13 : 386 ms
		BASE : 14	NEXTSN : 14


		@@@@ timeout 14@@@@
		nextSNTemp : 18, nextSN : 14

[Local]   SENDING 		To 2	Data ,	Size 24	  Sequence Number 14	(3484650 us)
[Local]   SENDING 		To 2	Data .	Size 24	  Sequence Number 15	(3676700 us)
[Central]  RECEIVED 	From 1		Data ,	Size 24	  Sequence Number 14	(3677650 us)
[Central]  SENDING 		To 1	ACK 	Size 24	  Sequence Number 14	(3677650 us)
[Local]   SENDING 		To 2	Data !	Size 24	  Sequence Number 16	(3868750 us)
[Central]  RECEIVED 	From 1		Data .	Size 24	  Sequence Number 15	(3869700 us)
[Central]  SENDING 		To 1	ACK 	Size 24	  Sequence Number 15	(3869700 us)
[Local]   RECEIVED 	From 2		ACK 	Size 24	  Sequence Number 14	(3870650 us)

		RTT of packet with SN 14 : 386 ms
		BASE : 15	NEXTSN : 17

[Local]   SENDING 		To 2	Data +	Size 24	  Sequence Number 17	(4060800 us)
[Central]  RECEIVED 	From 1		Data !	Size 24	  Sequence Number 16	(4061750 us)
[Central]  SENDING 		To 1	ACK 	Size 24	  Sequence Number 16	(4061750 us)
[Local]   RECEIVED 	From 2		ACK 	Size 24	  Sequence Number 15	(4062700 us)

		RTT of packet with SN 15 : 386 ms
		BASE : 16	NEXTSN : 18

[Local]   SENDING 		To 2	Data )	Size 24	  Sequence Number 18	(4252850 us)
[Central]  RECEIVED 	From 1		Data +	Size 24	  Sequence Number 17	(4253800 us)
[Central]  SENDING 		To 1	ACK 	Size 24	  Sequence Number 17	(4253800 us)
[Local]   RECEIVED 	From 2		ACK 	Size 24	  Sequence Number 16	(4254750 us)

		RTT of packet with SN 16 : 386 ms
		BASE : 17	NEXTSN : 19

[Local]   SENDING 		To 2	Data #	Size 24	  Sequence Number 19	(4444900 us)
[Central]  RECEIVED 	From 1		Data )	Size 24	  Sequence Number 18	(4445850 us)
[Central]  SENDING 		To 1	ACK 	Size 24	  Sequence Number 18	(4445850 us)
[Local]   RECEIVED 	From 2		ACK 	Size 24	  Sequence Number 17	(4446800 us)

		RTT of packet with SN 17 : 386 ms
		BASE : 18	NEXTSN : 20

[Central]  RECEIVED 	From 1		Data #	Size 24	  Sequence Number 19	(4637900 us)
[Central]  SENDING 		To 1	ACK 	Size 24	  Sequence Number 19	(4637900 us)
[Local]   RECEIVED 	From 2		ACK 	Size 24	  Sequence Number 18	(4638850 us)

		RTT of packet with SN 18 : 386 ms
		BASE : 19	NEXTSN : 20


		@@@@ timeout 0@@@@
		nextSNTemp : 4, nextSN : 0

[Local]   RECEIVED 	From 2		ACK 	Size 24	  Sequence Number 19	(4830900 us)

		RTT of packet with SN 19 : 386 ms
		BASE : 20	NEXTSN : 20


		@@@@ timeout 20@@@@
		nextSNTemp : 24, nextSN : 20

[Local]   SENDING 		To 2	Data #	Size 24	  Sequence Number 20	(4830900 us)
[Local]   SENDING 		To 2	Data $	Size 24	  Sequence Number 21	(5022950 us)
[Central]  RECEIVED 	From 1		Data #	Size 24	  Sequence Number 20	(5023900 us)
[Central]  SENDING 		To 1	ACK 	Size 24	  Sequence Number 20	(5023900 us)
[Local]   SENDING 		To 2	Data !	Size 24	  Sequence Number 22	(5215 ms)
[Central]  RECEIVED 	From 1		Data $	Size 24	  Sequence Number 21	(5215950 us)
[Central]  SENDING 		To 1	ACK 	Size 24	  Sequence Number 21	(5215950 us)
[Local]   RECEIVED 	From 2		ACK 	Size 24	  Sequence Number 20	(5216900 us)

		RTT of packet with SN 20 : 386 ms
		BASE : 21	NEXTSN : 23

[Local]   SENDING 		To 2	Data &	Size 24	  Sequence Number 23	(5407050 us)
[Central]  RECEIVED 	From 1		Data !	Size 24	  Sequence Number 22	(5408 ms)
[Central]  SENDING 		To 1	ACK 	Size 24	  Sequence Number 22	(5408 ms)
[Local]   RECEIVED 	From 2		ACK 	Size 24	  Sequence Number 21	(5408950 us)

		RTT of packet with SN 21 : 386 ms
		BASE : 22	NEXTSN : 24

[Local]   SENDING 		To 2	Data *	Size 24	  Sequence Number 24	(5599100 us)
[Central]  RECEIVED 	From 1		Data &	Size 24	  Sequence Number 23	(5600050 us)
[Central]  SENDING 		To 1	ACK 	Size 24	  Sequence Number 23	(5600050 us)
[Local]   RECEIVED 	From 2		ACK 	Size 24	  Sequence Number 22	(5601 ms)

		RTT of packet with SN 22 : 386 ms
		BASE : 23	NEXTSN : 25

[Local]   SENDING 		To 2	Data #	Size 24	  Sequence Number 25	(5791150 us)
[Central]  RECEIVED 	From 1		Data *	Size 24	  Sequence Number 24	(5792100 us)
[Central]  SENDING 		To 1	ACK 	Size 24	  Sequence Number 24	(5792100 us)
[Local]   RECEIVED 	From 2		ACK 	Size 24	  Sequence Number 23	(5793050 us)

		RTT of packet with SN 23 : 386 ms
		BASE : 24	NEXTSN : 26

[Central]  RECEIVED 	From 1		Data #	Size 24	  Sequence Number 25	(5984150 us)
[Central]  SENDING 		To 1	ACK 	Size 24	  Sequence Number 25	(5984150 us)
[Local]   RECEIVED 	From 2		ACK 	Size 24	  Sequence Number 24	(5985100 us)

		RTT of packet with SN 24 : 386 ms
		BASE : 25	NEXTSN : 26


		@@@@ timeout 0@@@@
		nextSNTemp : 4, nextSN : 0

[Local]   RECEIVED 	From 2		ACK 	Size 24	  Sequence Number 25	(6177150 us)

		RTT of packet with SN 25 : 386 ms
		BASE : 26	NEXTSN : 26


		@@@@ timeout 26@@@@
		nextSNTemp : 30, nextSN : 26

[Local]   SENDING 		To 2	Data -	Size 24	  Sequence Number 26	(6177150 us)
[Local]   SENDING 		To 2	Data -	Size 24	  Sequence Number 27	(6369200 us)
[Central]  RECEIVED 	From 1		Data -	Size 24	  Sequence Number 26	(6370150 us)
[Central]  SENDING 		To 1	ACK 	Size 24	  Sequence Number 26	(6370150 us)
[Local]   SENDING 		To 2	Data .	Size 24	  Sequence Number 28	(6561250 us)
[Central]  RECEIVED 	From 1		Data -	Size 24	  Sequence Number 27	(6562200 us)
[Central]  SENDING 		To 1	ACK 	Size 24	  Sequence Number 27	(6562200 us)
[Local]   RECEIVED 	From 2		ACK 	Size 24	  Sequence Number 26	(6563150 us)

		RTT of packet with SN 26 : 386 ms
		BASE : 27	NEXTSN : 29

[Local]   SENDING 		To 2	Data "	Size 24	  Sequence Number 29	(6753300 us)
[Central]  RECEIVED 	From 1		Data .	Size 24	  Sequence Number 28	(6754250 us)
[Central]  SENDING 		To 1	ACK 	Size 24	  Sequence Number 28	(6754250 us)
[Local]   RECEIVED 	From 2		ACK 	Size 24	  Sequence Number 27	(6755200 us)

		RTT of packet with SN 27 : 386 ms
		BASE : 28	NEXTSN : 30

[Local]   SENDING 		To 2	Data &	Size 24	  Sequence Number 30	(6945350 us)
[Central]  RECEIVED 	From 1		Data "	Size 24	  Sequence Number 29	(6946300 us)
[Central]  SENDING 		To 1	ACK 	Size 24	  Sequence Number 29	(6946300 us)
[Local]   RECEIVED 	From 2		ACK 	Size 24	  Sequence Number 28	(6947250 us)

		RTT of packet with SN 28 : 386 ms
		BASE : 29	NEXTSN : 31

[Local]   SENDING 		To 2	Data &	Size 24	  Sequence Number 31	(7137400 us)
[Central]  RECEIVED 	From 1		Data &	Size 24	  Sequence Number 30	(7138350 us)
[Central]  SENDING 		To 1	ACK 	Size 24	  Sequence Number 30	(7138350 us)
[Local]   RECEIVED 	From 2		ACK 	Size 24	  Sequence Number 29	(7139300 us)

		RTT of packet with SN 29 : 386 ms
		BASE : 30	NEXTSN : 32

[Central]  RECEIVED 	From 1		Data &	Size 24	  Sequence Number 31	(7330400 us)
[Central]  SENDING 		To 1	ACK 	Size 24	  Sequence Number 31	(7330400 us)
[Local]   RECEIVED 	From 2		ACK 	Size 24	  Sequence Number 30	(7331350 us)

		RTT of packet with SN 30 : 386 ms
		BASE : 31	NEXTSN : 32


		@@@@ timeout 0@@@@
		nextSNTemp : 4, nextSN : 0

[Local]   RECEIVED 	From 2		ACK 	Size 24	  Sequence Number 31	(7523400 us)

		RTT of packet with SN 31 : 386 ms
		BASE : 32	NEXTSN : 32


		@@@@ timeout 32@@@@
		nextSNTemp : 36, nextSN : 32

[Local]   SENDING 		To 2	Data !	Size 24	  Sequence Number 32	(7523400 us)
[Local]   SENDING 		To 2	Data +	Size 24	  Sequence Number 33	(7715450 us)
[Central]  RECEIVED 	From 1		Data !	Size 24	  Sequence Number 32	(7716400 us)
[Central]  SENDING 		To 1	ACK 	Size 24	  Sequence Number 32	(7716400 us)
[Local]   SENDING 		To 2	Data -	Size 24	  Sequence Number 34	(7907500 us)
[Central]  RECEIVED 	From 1		Data +	Size 24	  Sequence Number 33	(7908450 us)
[Central]  SENDING 		To 1	ACK 	Size 24	  Sequence Number 33	(7908450 us)
[Local]   RECEIVED 	From 2		ACK 	Size 24	  Sequence Number 32	(7909400 us)

		RTT of packet with SN 32 : 386 ms
		BASE : 33	NEXTSN : 35


Info: /OSCI/SystemC: Simulation stopped by user.
