
Local   <-->  Central with FullDuplex channel

+----------------------------------------------------------------------------------------------+
|TASK     ACTION        FROM    TO      DATA    SIZE      SEQUENCE NUMBER       TIME STAMP     |
+----------------------------------------------------------------------------------------------+

		@@@@ timeout 1@@@@
		nextSNTemp : 5, nextSN : 1

[Local]   SENDING 		To 2	Data "	Size 24	  Sequence Number 1	(600050 us)

		@@@@ timeout 1@@@@
		nextSNTemp : 5, nextSN : 1

[Local]   SENDING 		To 2	Data %	Size 24	  Sequence Number 2	(792100 us)
[Central]  RECEIVED 	From 1		Data "	Size 24	  Sequence Number 1	(793050 us)
[Central]  SENDING 		To 1	ACK 	Size 24	  Sequence Number 1	(793050 us)
[Local]   SENDING 		To 2	Data *	Size 24	  Sequence Number 3	(984150 us)
[Central]  RECEIVED 	From 1		Data %	Size 24	  Sequence Number 2	(985100 us)
[Central]  SENDING 		To 1	ACK 	Size 24	  Sequence Number 2	(985100 us)
[Local]   RECEIVED 	From 2		ACK 	Size 24	  Sequence Number 1	(986050 us)

		RTT of packet with SN 1 : 386 ms
		BASE : 2	NEXTSN : 4

[Local]   SENDING 		To 2	Data &	Size 24	  Sequence Number 4	(1176200 us)
[Central]  RECEIVED 	From 1		Data *	Size 24	  Sequence Number 3	(1177150 us)
[Central]  SENDING 		To 1	ACK 	Size 24	  Sequence Number 3	(1177150 us)
[Local]   RECEIVED 	From 2		ACK 	Size 24	  Sequence Number 2	(1178100 us)

		RTT of packet with SN 2 : 386 ms
		BASE : 3	NEXTSN : 5

[Local]   SENDING 		To 2	Data "	Size 24	  Sequence Number 5	(1368250 us)
[Central]  RECEIVED 	From 1		Data &	Size 24	  Sequence Number 4	(1369200 us)
[Central]  SENDING 		To 1	ACK 	Size 24	  Sequence Number 4	(1369200 us)
[Local]   RECEIVED 	From 2		ACK 	Size 24	  Sequence Number 3	(1370150 us)

		RTT of packet with SN 3 : 386 ms
		BASE : 4	NEXTSN : 6

[Central]  RECEIVED 	From 1		Data "	Size 24	  Sequence Number 5	(1561250 us)
[Central]  SENDING 		To 1	ACK 	Size 24	  Sequence Number 5	(1561250 us)
[Local]   RECEIVED 	From 2		ACK 	Size 24	  Sequence Number 4	(1562200 us)

		RTT of packet with SN 4 : 386 ms
		BASE : 5	NEXTSN : 6


		@@@@ timeout 1@@@@
		nextSNTemp : 5, nextSN : 1

[Local]   RECEIVED 	From 2		ACK 	Size 24	  Sequence Number 5	(1754250 us)

		RTT of packet with SN 5 : 386 ms
		BASE : 6	NEXTSN : 6


		@@@@ timeout 6@@@@
		nextSNTemp : 10, nextSN : 6

[Local]   SENDING 		To 2	Data $	Size 24	  Sequence Number 6	(1754250 us)
[Local]   SENDING 		To 2	Data +	Size 24	  Sequence Number 7	(1946300 us)
[Central]  RECEIVED 	From 1		Data $	Size 24	  Sequence Number 6	(1947250 us)
[Central]  SENDING 		To 1	ACK 	Size 24	  Sequence Number 6	(1947250 us)
[Local]   SENDING 		To 2	Data #	Size 24	  Sequence Number 8	(2138350 us)
[Central]  RECEIVED 	From 1		Data +	Size 24	  Sequence Number 7	(2139300 us)
[Central]  SENDING 		To 1	ACK 	Size 24	  Sequence Number 7	(2139300 us)
[Local]   RECEIVED 	From 2		ACK 	Size 24	  Sequence Number 6	(2140250 us)

		RTT of packet with SN 6 : 386 ms
		BASE : 7	NEXTSN : 9

[Local]   SENDING 		To 2	Data "	Size 24	  Sequence Number 9	(2330400 us)
[Central]  RECEIVED 	From 1		Data #	Size 24	  Sequence Number 8	(2331350 us)
[Central]  SENDING 		To 1	ACK 	Size 24	  Sequence Number 8	(2331350 us)
[Local]   RECEIVED 	From 2		ACK 	Size 24	  Sequence Number 7	(2332300 us)

		RTT of packet with SN 7 : 386 ms
		BASE : 8	NEXTSN : 10

[Local]   SENDING 		To 2	Data $	Size 24	  Sequence Number 10	(2522450 us)
[Central]  RECEIVED 	From 1		Data "	Size 24	  Sequence Number 9	(2523400 us)
[Central]  SENDING 		To 1	ACK 	Size 24	  Sequence Number 9	(2523400 us)
[Local]   RECEIVED 	From 2		ACK 	Size 24	  Sequence Number 8	(2524350 us)

		RTT of packet with SN 8 : 386 ms
		BASE : 9	NEXTSN : 11

[Central]  RECEIVED 	From 1		Data $	Size 24	  Sequence Number 10	(2715450 us)
[Central]  SENDING 		To 1	ACK 	Size 24	  Sequence Number 10	(2715450 us)
[Local]   RECEIVED 	From 2		ACK 	Size 24	  Sequence Number 9	(2716400 us)

		RTT of packet with SN 9 : 386 ms
		BASE : 10	NEXTSN : 11


		@@@@ timeout 1@@@@
		nextSNTemp : 5, nextSN : 1

[Local]   RECEIVED 	From 2		ACK 	Size 24	  Sequence Number 10	(2908450 us)

		RTT of packet with SN 10 : 386 ms
		BASE : 11	NEXTSN : 11


		@@@@ timeout 11@@@@
		nextSNTemp : 15, nextSN : 11

[Local]   SENDING 		To 2	Data #	Size 24	  Sequence Number 11	(2908450 us)
[Local]   SENDING 		To 2	Data &	Size 24	  Sequence Number 12	(3100500 us)
[Central]  RECEIVED 	From 1		Data #	Size 24	  Sequence Number 11	(3101450 us)
[Central]  SENDING 		To 1	ACK 	Size 24	  Sequence Number 11	(3101450 us)
[Local]   SENDING 		To 2	Data '	Size 24	  Sequence Number 13	(3292550 us)
[Central]  RECEIVED 	From 1		Data &	Size 24	  Sequence Number 12	(3293500 us)
[Central]  SENDING 		To 1	ACK 	Size 24	  Sequence Number 12	(3293500 us)
[Local]   RECEIVED 	From 2		ACK 	Size 24	  Sequence Number 11	(3294450 us)

		RTT of packet with SN 11 : 386 ms
		BASE : 12	NEXTSN : 14

[Local]   SENDING 		To 2	Data ,	Size 24	  Sequence Number 14	(3484600 us)
[Central]  RECEIVED 	From 1		Data '	Size 24	  Sequence Number 13	(3485550 us)
[Central]  SENDING 		To 1	ACK 	Size 24	  Sequence Number 13	(3485550 us)
[Local]   RECEIVED 	From 2		ACK 	Size 24	  Sequence Number 12	(3486500 us)

		RTT of packet with SN 12 : 386 ms
		BASE : 13	NEXTSN : 15

[Local]   SENDING 		To 2	Data .	Size 24	  Sequence Number 15	(3676650 us)
[Central]  RECEIVED 	From 1		Data ,	Size 24	  Sequence Number 14	(3677600 us)
[Central]  SENDING 		To 1	ACK 	Size 24	  Sequence Number 14	(3677600 us)
[Local]   RECEIVED 	From 2		ACK 	Size 24	  Sequence Number 13	(3678550 us)

		RTT of packet with SN 13 : 386 ms
		BASE : 14	NEXTSN : 16

[Central]  RECEIVED 	From 1		Data .	Size 24	  Sequence Number 15	(3869650 us)
[Central]  SENDING 		To 1	ACK 	Size 24	  Sequence Number 15	(3869650 us)
[Local]   RECEIVED 	From 2		ACK 	Size 24	  Sequence Number 14	(3870600 us)

		RTT of packet with SN 14 : 386 ms
		BASE : 15	NEXTSN : 16


		@@@@ timeout 1@@@@
		nextSNTemp : 5, nextSN : 1

[Local]   RECEIVED 	From 2		ACK 	Size 24	  Sequence Number 15	(4062650 us)

		RTT of packet with SN 15 : 386 ms
		BASE : 16	NEXTSN : 16


		@@@@ timeout 16@@@@
		nextSNTemp : 20, nextSN : 16

[Local]   SENDING 		To 2	Data !	Size 24	  Sequence Number 16	(4062650 us)
[Local]   SENDING 		To 2	Data +	Size 24	  Sequence Number 17	(4254700 us)
[Central]  RECEIVED 	From 1		Data !	Size 24	  Sequence Number 16	(4255650 us)
[Central]  SENDING 		To 1	ACK 	Size 24	  Sequence Number 16	(4255650 us)
[Local]   SENDING 		To 2	Data )	Size 24	  Sequence Number 18	(4446750 us)
[Central]  RECEIVED 	From 1		Data +	Size 24	  Sequence Number 17	(4447700 us)
[Central]  SENDING 		To 1	ACK 	Size 24	  Sequence Number 17	(4447700 us)
[Local]   RECEIVED 	From 2		ACK 	Size 24	  Sequence Number 16	(4448650 us)

		RTT of packet with SN 16 : 386 ms
		BASE : 17	NEXTSN : 19

[Local]   SENDING 		To 2	Data #	Size 24	  Sequence Number 19	(4638800 us)
[Central]  RECEIVED 	From 1		Data )	Size 24	  Sequence Number 18	(4639750 us)
[Central]  SENDING 		To 1	ACK 	Size 24	  Sequence Number 18	(4639750 us)
[Local]   RECEIVED 	From 2		ACK 	Size 24	  Sequence Number 17	(4640700 us)

		RTT of packet with SN 17 : 386 ms
		BASE : 18	NEXTSN : 20

[Local]   SENDING 		To 2	Data #	Size 24	  Sequence Number 20	(4830850 us)
[Central]  RECEIVED 	From 1		Data #	Size 24	  Sequence Number 19	(4831800 us)
[Central]  SENDING 		To 1	ACK 	Size 24	  Sequence Number 19	(4831800 us)
[Local]   RECEIVED 	From 2		ACK 	Size 24	  Sequence Number 18	(4832750 us)

		RTT of packet with SN 18 : 386 ms
		BASE : 19	NEXTSN : 21

[Central]  RECEIVED 	From 1		Data #	Size 24	  Sequence Number 20	(5023850 us)
[Central]  SENDING 		To 1	ACK 	Size 24	  Sequence Number 20	(5023850 us)
[Local]   RECEIVED 	From 2		ACK 	Size 24	  Sequence Number 19	(5024800 us)

		RTT of packet with SN 19 : 386 ms
		BASE : 20	NEXTSN : 21


		@@@@ timeout 1@@@@
		nextSNTemp : 5, nextSN : 1

[Local]   RECEIVED 	From 2		ACK 	Size 24	  Sequence Number 20	(5216850 us)

		RTT of packet with SN 20 : 386 ms
		BASE : 21	NEXTSN : 21


		@@@@ timeout 21@@@@
		nextSNTemp : 25, nextSN : 21

[Local]   SENDING 		To 2	Data $	Size 24	  Sequence Number 21	(5216850 us)
[Local]   SENDING 		To 2	Data !	Size 24	  Sequence Number 22	(5408900 us)
[Central]  RECEIVED 	From 1		Data $	Size 24	  Sequence Number 21	(5409850 us)
[Central]  SENDING 		To 1	ACK 	Size 24	  Sequence Number 21	(5409850 us)
[Local]   SENDING 		To 2	Data &	Size 24	  Sequence Number 23	(5600950 us)
[Central]  RECEIVED 	From 1		Data !	Size 24	  Sequence Number 22	(5601900 us)
[Central]  SENDING 		To 1	ACK 	Size 24	  Sequence Number 22	(5601900 us)
[Local]   RECEIVED 	From 2		ACK 	Size 24	  Sequence Number 21	(5602850 us)

		RTT of packet with SN 21 : 386 ms
		BASE : 22	NEXTSN : 24

[Local]   SENDING 		To 2	Data *	Size 24	  Sequence Number 24	(5793 ms)
[Central]  RECEIVED 	From 1		Data &	Size 24	  Sequence Number 23	(5793950 us)
[Central]  SENDING 		To 1	ACK 	Size 24	  Sequence Number 23	(5793950 us)
[Local]   RECEIVED 	From 2		ACK 	Size 24	  Sequence Number 22	(5794900 us)

		RTT of packet with SN 22 : 386 ms
		BASE : 23	NEXTSN : 25

[Local]   SENDING 		To 2	Data #	Size 24	  Sequence Number 25	(5985050 us)
[Central]  RECEIVED 	From 1		Data *	Size 24	  Sequence Number 24	(5986 ms)
[Central]  SENDING 		To 1	ACK 	Size 24	  Sequence Number 24	(5986 ms)
[Local]   RECEIVED 	From 2		ACK 	Size 24	  Sequence Number 23	(5986950 us)

		RTT of packet with SN 23 : 386 ms
		BASE : 24	NEXTSN : 26

[Central]  RECEIVED 	From 1		Data #	Size 24	  Sequence Number 25	(6178050 us)
[Central]  SENDING 		To 1	ACK 	Size 24	  Sequence Number 25	(6178050 us)
[Local]   RECEIVED 	From 2		ACK 	Size 24	  Sequence Number 24	(6179 ms)

		RTT of packet with SN 24 : 386 ms
		BASE : 25	NEXTSN : 26


		@@@@ timeout 1@@@@
		nextSNTemp : 5, nextSN : 1

[Local]   RECEIVED 	From 2		ACK 	Size 24	  Sequence Number 25	(6371050 us)

		RTT of packet with SN 25 : 386 ms
		BASE : 26	NEXTSN : 26


		@@@@ timeout 26@@@@
		nextSNTemp : 30, nextSN : 26

[Local]   SENDING 		To 2	Data -	Size 24	  Sequence Number 26	(6371050 us)
[Local]   SENDING 		To 2	Data -	Size 24	  Sequence Number 27	(6563100 us)
[Central]  RECEIVED 	From 1		Data -	Size 24	  Sequence Number 26	(6564050 us)
[Central]  SENDING 		To 1	ACK 	Size 24	  Sequence Number 26	(6564050 us)
[Local]   SENDING 		To 2	Data .	Size 24	  Sequence Number 28	(6755150 us)
[Central]  RECEIVED 	From 1		Data -	Size 24	  Sequence Number 27	(6756100 us)
[Central]  SENDING 		To 1	ACK 	Size 24	  Sequence Number 27	(6756100 us)
[Local]   RECEIVED 	From 2		ACK 	Size 24	  Sequence Number 26	(6757050 us)

		RTT of packet with SN 26 : 386 ms
		BASE : 27	NEXTSN : 29

[Local]   SENDING 		To 2	Data "	Size 24	  Sequence Number 29	(6947200 us)
[Central]  RECEIVED 	From 1		Data .	Size 24	  Sequence Number 28	(6948150 us)
[Central]  SENDING 		To 1	ACK 	Size 24	  Sequence Number 28	(6948150 us)
[Local]   RECEIVED 	From 2		ACK 	Size 24	  Sequence Number 27	(6949100 us)

		RTT of packet with SN 27 : 386 ms
		BASE : 28	NEXTSN : 30

[Local]   SENDING 		To 2	Data &	Size 24	  Sequence Number 30	(7139250 us)
[Central]  RECEIVED 	From 1		Data "	Size 24	  Sequence Number 29	(7140200 us)
[Central]  SENDING 		To 1	ACK 	Size 24	  Sequence Number 29	(7140200 us)
[Local]   RECEIVED 	From 2		ACK 	Size 24	  Sequence Number 28	(7141150 us)

		RTT of packet with SN 28 : 386 ms
		BASE : 29	NEXTSN : 31

[Central]  RECEIVED 	From 1		Data &	Size 24	  Sequence Number 30	(7332250 us)
[Central]  SENDING 		To 1	ACK 	Size 24	  Sequence Number 30	(7332250 us)
[Local]   RECEIVED 	From 2		ACK 	Size 24	  Sequence Number 29	(7333200 us)

		RTT of packet with SN 29 : 386 ms
		BASE : 30	NEXTSN : 31


		@@@@ timeout 1@@@@
		nextSNTemp : 5, nextSN : 1

[Local]   RECEIVED 	From 2		ACK 	Size 24	  Sequence Number 30	(7525250 us)

		RTT of packet with SN 30 : 386 ms
		BASE : 31	NEXTSN : 31


		@@@@ timeout 31@@@@
		nextSNTemp : 35, nextSN : 31

[Local]   SENDING 		To 2	Data &	Size 24	  Sequence Number 31	(7525250 us)
[Local]   SENDING 		To 2	Data !	Size 24	  Sequence Number 32	(7717300 us)
[Central]  RECEIVED 	From 1		Data &	Size 24	  Sequence Number 31	(7718250 us)
[Central]  SENDING 		To 1	ACK 	Size 24	  Sequence Number 31	(7718250 us)
[Local]   SENDING 		To 2	Data +	Size 24	  Sequence Number 33	(7909350 us)
[Central]  RECEIVED 	From 1		Data !	Size 24	  Sequence Number 32	(7910300 us)
[Central]  SENDING 		To 1	ACK 	Size 24	  Sequence Number 32	(7910300 us)
[Local]   RECEIVED 	From 2		ACK 	Size 24	  Sequence Number 31	(7911250 us)

		RTT of packet with SN 31 : 386 ms
		BASE : 32	NEXTSN : 34


Info: /OSCI/SystemC: Simulation stopped by user.
