
Local   <-->  Central with FullDuplex channel

+----------------------------------------------------------------------------------------------+
|TASK     ACTION        FROM    TO      DATA    SIZE      SEQUENCE NUMBER       TIME STAMP     |
+----------------------------------------------------------------------------------------------+
[Local]   SENDING 		To 2	Data "	Size 24	  Sequence Number 1	(50 us)
[Local]   SENDING 		To 2	Data %	Size 24	  Sequence Number 2	(192100 us)
[Central]  RECEIVED 	From 1		Data "	Size 24	  Sequence Number 1	(282050 us)
[Central]  SENDING 		To 1	ACK 	Size 24	  Sequence Number 1	(282050 us)
[Central]  RECEIVED 	From 1		Data %	Size 24	  Sequence Number 2	(474100 us)
[Central]  SENDING 		To 1	ACK 	Size 24	  Sequence Number 2	(474100 us)
[Local]   RECEIVED 	From 2		ACK 	Size 24	  Sequence Number 1	(564050 us)

		RTT of packet with SN 1 : 564050 us
		BASE : 2	NEXTSN : 3


		@@@@ timeout 1@@@@
		nextSNTemp : 5, nextSN : 1

[Local]   RECEIVED 	From 2		ACK 	Size 24	  Sequence Number 2	(756100 us)

		RTT of packet with SN 2 : 564 ms
		BASE : 3	NEXTSN : 3


		@@@@ timeout 3@@@@
		nextSNTemp : 7, nextSN : 3

[Local]   SENDING 		To 2	Data *	Size 24	  Sequence Number 3	(756100 us)
[Local]   SENDING 		To 2	Data &	Size 24	  Sequence Number 4	(948150 us)
[Central]  RECEIVED 	From 1		Data *	Size 24	  Sequence Number 3	(1038100 us)
[Central]  SENDING 		To 1	ACK 	Size 24	  Sequence Number 3	(1038100 us)
[Local]   SENDING 		To 2	Data "	Size 24	  Sequence Number 5	(1140200 us)
[Central]  RECEIVED 	From 1		Data &	Size 24	  Sequence Number 4	(1230150 us)
[Central]  SENDING 		To 1	ACK 	Size 24	  Sequence Number 4	(1230150 us)
[Local]   RECEIVED 	From 2		ACK 	Size 24	  Sequence Number 3	(1320100 us)

		RTT of packet with SN 3 : 564 ms
		BASE : 4	NEXTSN : 6

[Local]   SENDING 		To 2	Data $	Size 24	  Sequence Number 6	(1332250 us)
[Central]  RECEIVED 	From 1		Data "	Size 24	  Sequence Number 5	(1422200 us)
[Central]  SENDING 		To 1	ACK 	Size 24	  Sequence Number 5	(1422200 us)
[Local]   RECEIVED 	From 2		ACK 	Size 24	  Sequence Number 4	(1512150 us)

		RTT of packet with SN 4 : 564 ms
		BASE : 5	NEXTSN : 7

[Local]   SENDING 		To 2	Data +	Size 24	  Sequence Number 7	(1524300 us)
[Central]  RECEIVED 	From 1		Data $	Size 24	  Sequence Number 6	(1614250 us)
[Central]  SENDING 		To 1	ACK 	Size 24	  Sequence Number 6	(1614250 us)
[Local]   RECEIVED 	From 2		ACK 	Size 24	  Sequence Number 5	(1704200 us)

		RTT of packet with SN 5 : 564 ms
		BASE : 6	NEXTSN : 8

[Local]   SENDING 		To 2	Data #	Size 24	  Sequence Number 8	(1716350 us)
[Central]  RECEIVED 	From 1		Data +	Size 24	  Sequence Number 7	(1806300 us)
[Central]  SENDING 		To 1	ACK 	Size 24	  Sequence Number 7	(1806300 us)
[Local]   RECEIVED 	From 2		ACK 	Size 24	  Sequence Number 6	(1896250 us)

		RTT of packet with SN 6 : 564 ms
		BASE : 7	NEXTSN : 9

[Central]  RECEIVED 	From 1		Data #	Size 24	  Sequence Number 8	(1998350 us)
[Central]  SENDING 		To 1	ACK 	Size 24	  Sequence Number 8	(1998350 us)
[Local]   RECEIVED 	From 2		ACK 	Size 24	  Sequence Number 7	(2088300 us)

		RTT of packet with SN 7 : 564 ms
		BASE : 8	NEXTSN : 9


		@@@@ timeout 1@@@@
		nextSNTemp : 5, nextSN : 1

[Local]   RECEIVED 	From 2		ACK 	Size 24	  Sequence Number 8	(2280350 us)

		RTT of packet with SN 8 : 564 ms
		BASE : 9	NEXTSN : 9


		@@@@ timeout 9@@@@
		nextSNTemp : 13, nextSN : 9

[Local]   SENDING 		To 2	Data "	Size 24	  Sequence Number 9	(2280350 us)
[Local]   SENDING 		To 2	Data $	Size 24	  Sequence Number 10	(2472400 us)
[Central]  RECEIVED 	From 1		Data "	Size 24	  Sequence Number 9	(2562350 us)
[Central]  SENDING 		To 1	ACK 	Size 24	  Sequence Number 9	(2562350 us)
[Local]   SENDING 		To 2	Data #	Size 24	  Sequence Number 11	(2664450 us)
[Central]  RECEIVED 	From 1		Data $	Size 24	  Sequence Number 10	(2754400 us)
[Central]  SENDING 		To 1	ACK 	Size 24	  Sequence Number 10	(2754400 us)
[Local]   RECEIVED 	From 2		ACK 	Size 24	  Sequence Number 9	(2844350 us)

		RTT of packet with SN 9 : 564 ms
		BASE : 10	NEXTSN : 12

[Local]   SENDING 		To 2	Data &	Size 24	  Sequence Number 12	(2856500 us)
[Central]  RECEIVED 	From 1		Data #	Size 24	  Sequence Number 11	(2946450 us)
[Central]  SENDING 		To 1	ACK 	Size 24	  Sequence Number 11	(2946450 us)
[Local]   RECEIVED 	From 2		ACK 	Size 24	  Sequence Number 10	(3036400 us)

		RTT of packet with SN 10 : 564 ms
		BASE : 11	NEXTSN : 13

[Local]   SENDING 		To 2	Data '	Size 24	  Sequence Number 13	(3048550 us)
[Central]  RECEIVED 	From 1		Data &	Size 24	  Sequence Number 12	(3138500 us)
[Central]  SENDING 		To 1	ACK 	Size 24	  Sequence Number 12	(3138500 us)
[Local]   RECEIVED 	From 2		ACK 	Size 24	  Sequence Number 11	(3228450 us)

		RTT of packet with SN 11 : 564 ms
		BASE : 12	NEXTSN : 14

[Local]   SENDING 		To 2	Data ,	Size 24	  Sequence Number 14	(3240600 us)
[Central]  RECEIVED 	From 1		Data '	Size 24	  Sequence Number 13	(3330550 us)
[Central]  SENDING 		To 1	ACK 	Size 24	  Sequence Number 13	(3330550 us)
[Local]   RECEIVED 	From 2		ACK 	Size 24	  Sequence Number 12	(3420500 us)

		RTT of packet with SN 12 : 564 ms
		BASE : 13	NEXTSN : 15

[Central]  RECEIVED 	From 1		Data ,	Size 24	  Sequence Number 14	(3522600 us)
[Central]  SENDING 		To 1	ACK 	Size 24	  Sequence Number 14	(3522600 us)
[Local]   RECEIVED 	From 2		ACK 	Size 24	  Sequence Number 13	(3612550 us)

		RTT of packet with SN 13 : 564 ms
		BASE : 14	NEXTSN : 15


		@@@@ timeout 1@@@@
		nextSNTemp : 5, nextSN : 1

[Local]   RECEIVED 	From 2		ACK 	Size 24	  Sequence Number 14	(3804600 us)

		RTT of packet with SN 14 : 564 ms
		BASE : 15	NEXTSN : 15


		@@@@ timeout 15@@@@
		nextSNTemp : 19, nextSN : 15

[Local]   SENDING 		To 2	Data .	Size 24	  Sequence Number 15	(3804600 us)
[Local]   SENDING 		To 2	Data !	Size 24	  Sequence Number 16	(3996650 us)
[Central]  RECEIVED 	From 1		Data .	Size 24	  Sequence Number 15	(4086600 us)
[Central]  SENDING 		To 1	ACK 	Size 24	  Sequence Number 15	(4086600 us)
[Local]   SENDING 		To 2	Data +	Size 24	  Sequence Number 17	(4188700 us)
[Central]  RECEIVED 	From 1		Data !	Size 24	  Sequence Number 16	(4278650 us)
[Central]  SENDING 		To 1	ACK 	Size 24	  Sequence Number 16	(4278650 us)
[Local]   RECEIVED 	From 2		ACK 	Size 24	  Sequence Number 15	(4368600 us)

		RTT of packet with SN 15 : 564 ms
		BASE : 16	NEXTSN : 18

[Local]   SENDING 		To 2	Data )	Size 24	  Sequence Number 18	(4380750 us)
[Central]  RECEIVED 	From 1		Data +	Size 24	  Sequence Number 17	(4470700 us)
[Central]  SENDING 		To 1	ACK 	Size 24	  Sequence Number 17	(4470700 us)
[Local]   RECEIVED 	From 2		ACK 	Size 24	  Sequence Number 16	(4560650 us)

		RTT of packet with SN 16 : 564 ms
		BASE : 17	NEXTSN : 19

[Local]   SENDING 		To 2	Data #	Size 24	  Sequence Number 19	(4572800 us)
[Central]  RECEIVED 	From 1		Data )	Size 24	  Sequence Number 18	(4662750 us)
[Central]  SENDING 		To 1	ACK 	Size 24	  Sequence Number 18	(4662750 us)
[Local]   RECEIVED 	From 2		ACK 	Size 24	  Sequence Number 17	(4752700 us)

		RTT of packet with SN 17 : 564 ms
		BASE : 18	NEXTSN : 20

[Local]   SENDING 		To 2	Data #	Size 24	  Sequence Number 20	(4764850 us)
[Central]  RECEIVED 	From 1		Data #	Size 24	  Sequence Number 19	(4854800 us)
[Central]  SENDING 		To 1	ACK 	Size 24	  Sequence Number 19	(4854800 us)
[Local]   RECEIVED 	From 2		ACK 	Size 24	  Sequence Number 18	(4944750 us)

		RTT of packet with SN 18 : 564 ms
		BASE : 19	NEXTSN : 21

[Central]  RECEIVED 	From 1		Data #	Size 24	  Sequence Number 20	(5046850 us)
[Central]  SENDING 		To 1	ACK 	Size 24	  Sequence Number 20	(5046850 us)
[Local]   RECEIVED 	From 2		ACK 	Size 24	  Sequence Number 19	(5136800 us)

		RTT of packet with SN 19 : 564 ms
		BASE : 20	NEXTSN : 21


		@@@@ timeout 1@@@@
		nextSNTemp : 5, nextSN : 1

[Local]   RECEIVED 	From 2		ACK 	Size 24	  Sequence Number 20	(5328850 us)

		RTT of packet with SN 20 : 564 ms
		BASE : 21	NEXTSN : 21


		@@@@ timeout 21@@@@
		nextSNTemp : 25, nextSN : 21

[Local]   SENDING 		To 2	Data $	Size 24	  Sequence Number 21	(5328850 us)
[Local]   SENDING 		To 2	Data !	Size 24	  Sequence Number 22	(5520900 us)
[Central]  RECEIVED 	From 1		Data $	Size 24	  Sequence Number 21	(5610850 us)
[Central]  SENDING 		To 1	ACK 	Size 24	  Sequence Number 21	(5610850 us)
[Local]   SENDING 		To 2	Data &	Size 24	  Sequence Number 23	(5712950 us)
[Central]  RECEIVED 	From 1		Data !	Size 24	  Sequence Number 22	(5802900 us)
[Central]  SENDING 		To 1	ACK 	Size 24	  Sequence Number 22	(5802900 us)
[Local]   RECEIVED 	From 2		ACK 	Size 24	  Sequence Number 21	(5892850 us)

		RTT of packet with SN 21 : 564 ms
		BASE : 22	NEXTSN : 24

[Local]   SENDING 		To 2	Data *	Size 24	  Sequence Number 24	(5905 ms)
[Central]  RECEIVED 	From 1		Data &	Size 24	  Sequence Number 23	(5994950 us)
[Central]  SENDING 		To 1	ACK 	Size 24	  Sequence Number 23	(5994950 us)
[Local]   RECEIVED 	From 2		ACK 	Size 24	  Sequence Number 22	(6084900 us)

		RTT of packet with SN 22 : 564 ms
		BASE : 23	NEXTSN : 25

[Local]   SENDING 		To 2	Data #	Size 24	  Sequence Number 25	(6097050 us)
[Central]  RECEIVED 	From 1		Data *	Size 24	  Sequence Number 24	(6187 ms)
[Central]  SENDING 		To 1	ACK 	Size 24	  Sequence Number 24	(6187 ms)
[Local]   RECEIVED 	From 2		ACK 	Size 24	  Sequence Number 23	(6276950 us)

		RTT of packet with SN 23 : 564 ms
		BASE : 24	NEXTSN : 26

[Local]   SENDING 		To 2	Data -	Size 24	  Sequence Number 26	(6289100 us)
[Central]  RECEIVED 	From 1		Data #	Size 24	  Sequence Number 25	(6379050 us)
[Central]  SENDING 		To 1	ACK 	Size 24	  Sequence Number 25	(6379050 us)
[Local]   RECEIVED 	From 2		ACK 	Size 24	  Sequence Number 24	(6469 ms)

		RTT of packet with SN 24 : 564 ms
		BASE : 25	NEXTSN : 27

[Central]  RECEIVED 	From 1		Data -	Size 24	  Sequence Number 26	(6571100 us)
[Central]  SENDING 		To 1	ACK 	Size 24	  Sequence Number 26	(6571100 us)
[Local]   RECEIVED 	From 2		ACK 	Size 24	  Sequence Number 25	(6661050 us)

		RTT of packet with SN 25 : 564 ms
		BASE : 26	NEXTSN : 27


		@@@@ timeout 1@@@@
		nextSNTemp : 5, nextSN : 1

[Local]   RECEIVED 	From 2		ACK 	Size 24	  Sequence Number 26	(6853100 us)

		RTT of packet with SN 26 : 564 ms
		BASE : 27	NEXTSN : 27


		@@@@ timeout 27@@@@
		nextSNTemp : 31, nextSN : 27

[Local]   SENDING 		To 2	Data -	Size 24	  Sequence Number 27	(6853100 us)
[Local]   SENDING 		To 2	Data .	Size 24	  Sequence Number 28	(7045150 us)
[Central]  RECEIVED 	From 1		Data -	Size 24	  Sequence Number 27	(7135100 us)
[Central]  SENDING 		To 1	ACK 	Size 24	  Sequence Number 27	(7135100 us)
[Local]   SENDING 		To 2	Data "	Size 24	  Sequence Number 29	(7237200 us)
[Central]  RECEIVED 	From 1		Data .	Size 24	  Sequence Number 28	(7327150 us)
[Central]  SENDING 		To 1	ACK 	Size 24	  Sequence Number 28	(7327150 us)
[Local]   RECEIVED 	From 2		ACK 	Size 24	  Sequence Number 27	(7417100 us)

		RTT of packet with SN 27 : 564 ms
		BASE : 28	NEXTSN : 30

[Local]   SENDING 		To 2	Data &	Size 24	  Sequence Number 30	(7429250 us)
[Central]  RECEIVED 	From 1		Data "	Size 24	  Sequence Number 29	(7519200 us)
[Central]  SENDING 		To 1	ACK 	Size 24	  Sequence Number 29	(7519200 us)
[Local]   RECEIVED 	From 2		ACK 	Size 24	  Sequence Number 28	(7609150 us)

		RTT of packet with SN 28 : 564 ms
		BASE : 29	NEXTSN : 31

[Local]   SENDING 		To 2	Data &	Size 24	  Sequence Number 31	(7621300 us)
[Central]  RECEIVED 	From 1		Data &	Size 24	  Sequence Number 30	(7711250 us)
[Central]  SENDING 		To 1	ACK 	Size 24	  Sequence Number 30	(7711250 us)
[Local]   RECEIVED 	From 2		ACK 	Size 24	  Sequence Number 29	(7801200 us)

		RTT of packet with SN 29 : 564 ms
		BASE : 30	NEXTSN : 32

[Local]   SENDING 		To 2	Data !	Size 24	  Sequence Number 32	(7813350 us)
[Central]  RECEIVED 	From 1		Data &	Size 24	  Sequence Number 31	(7903300 us)
[Central]  SENDING 		To 1	ACK 	Size 24	  Sequence Number 31	(7903300 us)
[Local]   RECEIVED 	From 2		ACK 	Size 24	  Sequence Number 30	(7993250 us)

		RTT of packet with SN 30 : 564 ms
		BASE : 31	NEXTSN : 33


Info: /OSCI/SystemC: Simulation stopped by user.
