
Local   <-->  Central with FullDuplex channel

+----------------------------------------------------------------------------------------------+
|TASK     ACTION        FROM    TO      DATA    SIZE      SEQUENCE NUMBER       TIME STAMP     |
+----------------------------------------------------------------------------------------------+
[Local]   SENDING 		To 2	Data "	Size 24	  Sequence Number 1	(50 us)
[Local]   SENDING 		To 2	Data %	Size 24	  Sequence Number 2	(192100 us)
[Central]  RECEIVED 	From 1		Data "	Size 24	  Sequence Number 1	(262050 us)
[Central]  SENDING 		To 1	ACK 	Size 24	  Sequence Number 1	(262050 us)
[Central]  RECEIVED 	From 1		Data %	Size 24	  Sequence Number 2	(454100 us)
[Central]  SENDING 		To 1	ACK 	Size 24	  Sequence Number 2	(454100 us)
[Local]   RECEIVED 	From 2		ACK 	Size 24	  Sequence Number 1	(524050 us)

		RTT of packet with SN 1 : 524050 us
		BASE : 2	NEXTSN : 3


		@@@@ timeout 1@@@@
		nextSNTemp : 5, nextSN : 1

[Local]   RECEIVED 	From 2		ACK 	Size 24	  Sequence Number 2	(716100 us)

		RTT of packet with SN 2 : 524 ms
		BASE : 3	NEXTSN : 3


		@@@@ timeout 3@@@@
		nextSNTemp : 7, nextSN : 3

[Local]   SENDING 		To 2	Data *	Size 24	  Sequence Number 3	(716100 us)
[Local]   SENDING 		To 2	Data &	Size 24	  Sequence Number 4	(908150 us)
[Central]  RECEIVED 	From 1		Data *	Size 24	  Sequence Number 3	(978100 us)
[Central]  SENDING 		To 1	ACK 	Size 24	  Sequence Number 3	(978100 us)
[Local]   SENDING 		To 2	Data "	Size 24	  Sequence Number 5	(1100200 us)
[Central]  RECEIVED 	From 1		Data &	Size 24	  Sequence Number 4	(1170150 us)
[Central]  SENDING 		To 1	ACK 	Size 24	  Sequence Number 4	(1170150 us)
[Local]   RECEIVED 	From 2		ACK 	Size 24	  Sequence Number 3	(1240100 us)

		RTT of packet with SN 3 : 524 ms
		BASE : 4	NEXTSN : 6

[Local]   SENDING 		To 2	Data $	Size 24	  Sequence Number 6	(1292250 us)
[Central]  RECEIVED 	From 1		Data "	Size 24	  Sequence Number 5	(1362200 us)
[Central]  SENDING 		To 1	ACK 	Size 24	  Sequence Number 5	(1362200 us)
[Local]   RECEIVED 	From 2		ACK 	Size 24	  Sequence Number 4	(1432150 us)

		RTT of packet with SN 4 : 524 ms
		BASE : 5	NEXTSN : 7

[Local]   SENDING 		To 2	Data +	Size 24	  Sequence Number 7	(1484300 us)
[Central]  RECEIVED 	From 1		Data $	Size 24	  Sequence Number 6	(1554250 us)
[Central]  SENDING 		To 1	ACK 	Size 24	  Sequence Number 6	(1554250 us)
[Local]   RECEIVED 	From 2		ACK 	Size 24	  Sequence Number 5	(1624200 us)

		RTT of packet with SN 5 : 524 ms
		BASE : 6	NEXTSN : 8

[Local]   SENDING 		To 2	Data #	Size 24	  Sequence Number 8	(1676350 us)
[Central]  RECEIVED 	From 1		Data +	Size 24	  Sequence Number 7	(1746300 us)
[Central]  SENDING 		To 1	ACK 	Size 24	  Sequence Number 7	(1746300 us)
[Local]   RECEIVED 	From 2		ACK 	Size 24	  Sequence Number 6	(1816250 us)

		RTT of packet with SN 6 : 524 ms
		BASE : 7	NEXTSN : 9

[Central]  RECEIVED 	From 1		Data #	Size 24	  Sequence Number 8	(1938350 us)
[Central]  SENDING 		To 1	ACK 	Size 24	  Sequence Number 8	(1938350 us)
[Local]   RECEIVED 	From 2		ACK 	Size 24	  Sequence Number 7	(2008300 us)

		RTT of packet with SN 7 : 524 ms
		BASE : 8	NEXTSN : 9


		@@@@ timeout 1@@@@
		nextSNTemp : 5, nextSN : 1

[Local]   RECEIVED 	From 2		ACK 	Size 24	  Sequence Number 8	(2200350 us)

		RTT of packet with SN 8 : 524 ms
		BASE : 9	NEXTSN : 9


		@@@@ timeout 9@@@@
		nextSNTemp : 13, nextSN : 9

[Local]   SENDING 		To 2	Data "	Size 24	  Sequence Number 9	(2200350 us)
[Local]   SENDING 		To 2	Data $	Size 24	  Sequence Number 10	(2392400 us)
[Central]  RECEIVED 	From 1		Data "	Size 24	  Sequence Number 9	(2462350 us)
[Central]  SENDING 		To 1	ACK 	Size 24	  Sequence Number 9	(2462350 us)
[Local]   SENDING 		To 2	Data #	Size 24	  Sequence Number 11	(2584450 us)
[Central]  RECEIVED 	From 1		Data $	Size 24	  Sequence Number 10	(2654400 us)
[Central]  SENDING 		To 1	ACK 	Size 24	  Sequence Number 10	(2654400 us)
[Local]   RECEIVED 	From 2		ACK 	Size 24	  Sequence Number 9	(2724350 us)

		RTT of packet with SN 9 : 524 ms
		BASE : 10	NEXTSN : 12

[Local]   SENDING 		To 2	Data &	Size 24	  Sequence Number 12	(2776500 us)
[Central]  RECEIVED 	From 1		Data #	Size 24	  Sequence Number 11	(2846450 us)
[Central]  SENDING 		To 1	ACK 	Size 24	  Sequence Number 11	(2846450 us)
[Local]   RECEIVED 	From 2		ACK 	Size 24	  Sequence Number 10	(2916400 us)

		RTT of packet with SN 10 : 524 ms
		BASE : 11	NEXTSN : 13

[Local]   SENDING 		To 2	Data '	Size 24	  Sequence Number 13	(2968550 us)
[Central]  RECEIVED 	From 1		Data &	Size 24	  Sequence Number 12	(3038500 us)
[Central]  SENDING 		To 1	ACK 	Size 24	  Sequence Number 12	(3038500 us)
[Local]   RECEIVED 	From 2		ACK 	Size 24	  Sequence Number 11	(3108450 us)

		RTT of packet with SN 11 : 524 ms
		BASE : 12	NEXTSN : 14

[Local]   SENDING 		To 2	Data ,	Size 24	  Sequence Number 14	(3160600 us)
[Central]  RECEIVED 	From 1		Data '	Size 24	  Sequence Number 13	(3230550 us)
[Central]  SENDING 		To 1	ACK 	Size 24	  Sequence Number 13	(3230550 us)
[Local]   RECEIVED 	From 2		ACK 	Size 24	  Sequence Number 12	(3300500 us)

		RTT of packet with SN 12 : 524 ms
		BASE : 13	NEXTSN : 15

[Central]  RECEIVED 	From 1		Data ,	Size 24	  Sequence Number 14	(3422600 us)
[Central]  SENDING 		To 1	ACK 	Size 24	  Sequence Number 14	(3422600 us)
[Local]   RECEIVED 	From 2		ACK 	Size 24	  Sequence Number 13	(3492550 us)

		RTT of packet with SN 13 : 524 ms
		BASE : 14	NEXTSN : 15


		@@@@ timeout 1@@@@
		nextSNTemp : 5, nextSN : 1

[Local]   RECEIVED 	From 2		ACK 	Size 24	  Sequence Number 14	(3684600 us)

		RTT of packet with SN 14 : 524 ms
		BASE : 15	NEXTSN : 15


		@@@@ timeout 15@@@@
		nextSNTemp : 19, nextSN : 15

[Local]   SENDING 		To 2	Data .	Size 24	  Sequence Number 15	(3684600 us)
[Local]   SENDING 		To 2	Data !	Size 24	  Sequence Number 16	(3876650 us)
[Central]  RECEIVED 	From 1		Data .	Size 24	  Sequence Number 15	(3946600 us)
[Central]  SENDING 		To 1	ACK 	Size 24	  Sequence Number 15	(3946600 us)
[Local]   SENDING 		To 2	Data +	Size 24	  Sequence Number 17	(4068700 us)
[Central]  RECEIVED 	From 1		Data !	Size 24	  Sequence Number 16	(4138650 us)
[Central]  SENDING 		To 1	ACK 	Size 24	  Sequence Number 16	(4138650 us)
[Local]   RECEIVED 	From 2		ACK 	Size 24	  Sequence Number 15	(4208600 us)

		RTT of packet with SN 15 : 524 ms
		BASE : 16	NEXTSN : 18

[Local]   SENDING 		To 2	Data )	Size 24	  Sequence Number 18	(4260750 us)
[Central]  RECEIVED 	From 1		Data +	Size 24	  Sequence Number 17	(4330700 us)
[Central]  SENDING 		To 1	ACK 	Size 24	  Sequence Number 17	(4330700 us)
[Local]   RECEIVED 	From 2		ACK 	Size 24	  Sequence Number 16	(4400650 us)

		RTT of packet with SN 16 : 524 ms
		BASE : 17	NEXTSN : 19

[Local]   SENDING 		To 2	Data #	Size 24	  Sequence Number 19	(4452800 us)
[Central]  RECEIVED 	From 1		Data )	Size 24	  Sequence Number 18	(4522750 us)
[Central]  SENDING 		To 1	ACK 	Size 24	  Sequence Number 18	(4522750 us)
[Local]   RECEIVED 	From 2		ACK 	Size 24	  Sequence Number 17	(4592700 us)

		RTT of packet with SN 17 : 524 ms
		BASE : 18	NEXTSN : 20

[Local]   SENDING 		To 2	Data #	Size 24	  Sequence Number 20	(4644850 us)
[Central]  RECEIVED 	From 1		Data #	Size 24	  Sequence Number 19	(4714800 us)
[Central]  SENDING 		To 1	ACK 	Size 24	  Sequence Number 19	(4714800 us)
[Local]   RECEIVED 	From 2		ACK 	Size 24	  Sequence Number 18	(4784750 us)

		RTT of packet with SN 18 : 524 ms
		BASE : 19	NEXTSN : 21

[Central]  RECEIVED 	From 1		Data #	Size 24	  Sequence Number 20	(4906850 us)
[Central]  SENDING 		To 1	ACK 	Size 24	  Sequence Number 20	(4906850 us)
[Local]   RECEIVED 	From 2		ACK 	Size 24	  Sequence Number 19	(4976800 us)

		RTT of packet with SN 19 : 524 ms
		BASE : 20	NEXTSN : 21


		@@@@ timeout 1@@@@
		nextSNTemp : 5, nextSN : 1

[Local]   RECEIVED 	From 2		ACK 	Size 24	  Sequence Number 20	(5168850 us)

		RTT of packet with SN 20 : 524 ms
		BASE : 21	NEXTSN : 21


		@@@@ timeout 21@@@@
		nextSNTemp : 25, nextSN : 21

[Local]   SENDING 		To 2	Data $	Size 24	  Sequence Number 21	(5168850 us)
[Local]   SENDING 		To 2	Data !	Size 24	  Sequence Number 22	(5360900 us)
[Central]  RECEIVED 	From 1		Data $	Size 24	  Sequence Number 21	(5430850 us)
[Central]  SENDING 		To 1	ACK 	Size 24	  Sequence Number 21	(5430850 us)
[Local]   SENDING 		To 2	Data &	Size 24	  Sequence Number 23	(5552950 us)
[Central]  RECEIVED 	From 1		Data !	Size 24	  Sequence Number 22	(5622900 us)
[Central]  SENDING 		To 1	ACK 	Size 24	  Sequence Number 22	(5622900 us)
[Local]   RECEIVED 	From 2		ACK 	Size 24	  Sequence Number 21	(5692850 us)

		RTT of packet with SN 21 : 524 ms
		BASE : 22	NEXTSN : 24

[Local]   SENDING 		To 2	Data *	Size 24	  Sequence Number 24	(5745 ms)
[Central]  RECEIVED 	From 1		Data &	Size 24	  Sequence Number 23	(5814950 us)
[Central]  SENDING 		To 1	ACK 	Size 24	  Sequence Number 23	(5814950 us)
[Local]   RECEIVED 	From 2		ACK 	Size 24	  Sequence Number 22	(5884900 us)

		RTT of packet with SN 22 : 524 ms
		BASE : 23	NEXTSN : 25

[Local]   SENDING 		To 2	Data #	Size 24	  Sequence Number 25	(5937050 us)
[Central]  RECEIVED 	From 1		Data *	Size 24	  Sequence Number 24	(6007 ms)
[Central]  SENDING 		To 1	ACK 	Size 24	  Sequence Number 24	(6007 ms)
[Local]   RECEIVED 	From 2		ACK 	Size 24	  Sequence Number 23	(6076950 us)

		RTT of packet with SN 23 : 524 ms
		BASE : 24	NEXTSN : 26

[Local]   SENDING 		To 2	Data -	Size 24	  Sequence Number 26	(6129100 us)
[Central]  RECEIVED 	From 1		Data #	Size 24	  Sequence Number 25	(6199050 us)
[Central]  SENDING 		To 1	ACK 	Size 24	  Sequence Number 25	(6199050 us)
[Local]   RECEIVED 	From 2		ACK 	Size 24	  Sequence Number 24	(6269 ms)

		RTT of packet with SN 24 : 524 ms
		BASE : 25	NEXTSN : 27

[Central]  RECEIVED 	From 1		Data -	Size 24	  Sequence Number 26	(6391100 us)
[Central]  SENDING 		To 1	ACK 	Size 24	  Sequence Number 26	(6391100 us)
[Local]   RECEIVED 	From 2		ACK 	Size 24	  Sequence Number 25	(6461050 us)

		RTT of packet with SN 25 : 524 ms
		BASE : 26	NEXTSN : 27


		@@@@ timeout 1@@@@
		nextSNTemp : 5, nextSN : 1

[Local]   RECEIVED 	From 2		ACK 	Size 24	  Sequence Number 26	(6653100 us)

		RTT of packet with SN 26 : 524 ms
		BASE : 27	NEXTSN : 27


		@@@@ timeout 27@@@@
		nextSNTemp : 31, nextSN : 27

[Local]   SENDING 		To 2	Data -	Size 24	  Sequence Number 27	(6653100 us)
[Local]   SENDING 		To 2	Data .	Size 24	  Sequence Number 28	(6845150 us)
[Central]  RECEIVED 	From 1		Data -	Size 24	  Sequence Number 27	(6915100 us)
[Central]  SENDING 		To 1	ACK 	Size 24	  Sequence Number 27	(6915100 us)
[Local]   SENDING 		To 2	Data "	Size 24	  Sequence Number 29	(7037200 us)
[Central]  RECEIVED 	From 1		Data .	Size 24	  Sequence Number 28	(7107150 us)
[Central]  SENDING 		To 1	ACK 	Size 24	  Sequence Number 28	(7107150 us)
[Local]   RECEIVED 	From 2		ACK 	Size 24	  Sequence Number 27	(7177100 us)

		RTT of packet with SN 27 : 524 ms
		BASE : 28	NEXTSN : 30

[Local]   SENDING 		To 2	Data &	Size 24	  Sequence Number 30	(7229250 us)
[Central]  RECEIVED 	From 1		Data "	Size 24	  Sequence Number 29	(7299200 us)
[Central]  SENDING 		To 1	ACK 	Size 24	  Sequence Number 29	(7299200 us)
[Local]   RECEIVED 	From 2		ACK 	Size 24	  Sequence Number 28	(7369150 us)

		RTT of packet with SN 28 : 524 ms
		BASE : 29	NEXTSN : 31

[Local]   SENDING 		To 2	Data &	Size 24	  Sequence Number 31	(7421300 us)
[Central]  RECEIVED 	From 1		Data &	Size 24	  Sequence Number 30	(7491250 us)
[Central]  SENDING 		To 1	ACK 	Size 24	  Sequence Number 30	(7491250 us)
[Local]   RECEIVED 	From 2		ACK 	Size 24	  Sequence Number 29	(7561200 us)

		RTT of packet with SN 29 : 524 ms
		BASE : 30	NEXTSN : 32

[Local]   SENDING 		To 2	Data !	Size 24	  Sequence Number 32	(7613350 us)
[Central]  RECEIVED 	From 1		Data &	Size 24	  Sequence Number 31	(7683300 us)
[Central]  SENDING 		To 1	ACK 	Size 24	  Sequence Number 31	(7683300 us)
[Local]   RECEIVED 	From 2		ACK 	Size 24	  Sequence Number 30	(7753250 us)

		RTT of packet with SN 30 : 524 ms
		BASE : 31	NEXTSN : 33

[Central]  RECEIVED 	From 1		Data !	Size 24	  Sequence Number 32	(7875350 us)
[Central]  SENDING 		To 1	ACK 	Size 24	  Sequence Number 32	(7875350 us)
[Local]   RECEIVED 	From 2		ACK 	Size 24	  Sequence Number 31	(7945300 us)

		RTT of packet with SN 31 : 524 ms
		BASE : 32	NEXTSN : 33


Info: /OSCI/SystemC: Simulation stopped by user.
