
Local   <-->  Central with FullDuplex channel
Central <-->  Remote  with Shared channel
+----------------------------------------------------------------------------------------------+
|TASK     ACTION        FROM    TO      DATA    SIZE      SEQUENCE NUMBER       TIME STAMP     |
+----------------------------------------------------------------------------------------------+

		@@@@ timeout 1@@@@
		nextSNTemp : 5, nextSN : 1

[Local]   SENDING 		To 3	Data "	Size 24	  Sequence Number 1	(600050 us)

		@@@@ timeout 1@@@@
		nextSNTemp : 5, nextSN : 1


		@@@@ timeout 1@@@@
		nextSNTemp : 5, nextSN : 1

[Local]   SENDING 		To 3	Data %	Size 24	  Sequence Number 2	(792100 us)
[Central]  RECEIVED 	From 1		Data "	Size 24	  Sequence Number 1	(882050 us)
[Central]  SENDING 		To 1	ACK 	Size 24	  Sequence Number 1	(882050 us)
[Local]   SENDING 		To 3	Data *	Size 24	  Sequence Number 3	(984150 us)
[Central]  RECEIVED 	From 1		Data %	Size 24	  Sequence Number 2	(1074100 us)
[Central]  SENDING 		To 1	ACK 	Size 24	  Sequence Number 2	(1074100 us)
[Local]   RECEIVED 	From 2		ACK 	Size 24	  Sequence Number 1	(1164050 us)

		RTT of packet with SN 1 : 564 ms
		BASE : 2	NEXTSN : 4

[Local]   SENDING 		To 3	Data &	Size 24	  Sequence Number 4	(1176200 us)

		@@@@ timeout 1@@@@
		nextSNTemp : 5, nextSN : 1

[Central]  RECEIVED 	From 1		Data *	Size 24	  Sequence Number 3	(1266150 us)
[Central]  SENDING 		To 1	ACK 	Size 24	  Sequence Number 3	(1266150 us)
[Local]   RECEIVED 	From 2		ACK 	Size 24	  Sequence Number 2	(1356100 us)

		RTT of packet with SN 2 : 564 ms
		BASE : 3	NEXTSN : 5

[Local]   SENDING 		To 3	Data "	Size 24	  Sequence Number 5	(1368250 us)
[Central]  RECEIVED 	From 1		Data &	Size 24	  Sequence Number 4	(1458200 us)
[Central]  SENDING 		To 1	ACK 	Size 24	  Sequence Number 4	(1458200 us)
[Local]   RECEIVED 	From 2		ACK 	Size 24	  Sequence Number 3	(1548150 us)

		RTT of packet with SN 3 : 564 ms
		BASE : 4	NEXTSN : 6

[Central]  RECEIVED 	From 1		Data "	Size 24	  Sequence Number 5	(1650250 us)
[Central]  SENDING 		To 1	ACK 	Size 24	  Sequence Number 5	(1650250 us)
[Local]   RECEIVED 	From 2		ACK 	Size 24	  Sequence Number 4	(1740200 us)

		RTT of packet with SN 4 : 564 ms
		BASE : 5	NEXTSN : 6


		@@@@ timeout 1@@@@
		nextSNTemp : 5, nextSN : 1


		@@@@ timeout 1@@@@
		nextSNTemp : 5, nextSN : 1

[Central]   SENDING 		To 3	Data "	Size 24	  Sequence Number 1	(1842300 us)
[Central]   SENDING 		To 3	Data %	Size 24	  Sequence Number 2	(1843118 us)
[Central]   SENDING 		To 3	Data *	Size 24	  Sequence Number 3	(1843936 us)
[Remote]  RECEIVED 	From 1		Data "	Size 24	  Sequence Number 1	(1844068 us)
[Remote]  SENDING 		To 2	ACK 	Size 24	  Sequence Number 1	(1844100 us)
[Central]   SENDING 		To 3	Data &	Size 24	  Sequence Number 4	(1844754 us)
[Remote]  RECEIVED 	From 1		Data *	Size 24	  Sequence Number 3	(1845704 us)
[Remote]  SENDING 		To 2	ACK 	Size 24	  Sequence Number 1	(1845718 us)
[Central]   RECEIVED 	From 3		ACK 	Size 24	  Sequence Number 1	(1847486 us)

		RTT of packet with SN 1 : 5186 us
		BASE : 2	NEXTSN : 5

[Central]   SENDING 		To 3	Data "	Size 24	  Sequence Number 5	(1847522 us)
[Remote]  RECEIVED 	From 1		Data "	Size 24	  Sequence Number 5	(1849290 us)
[Remote]  SENDING 		To 2	ACK 	Size 24	  Sequence Number 1	(1849336 us)

		Error - Wrong ACK --- Expected : 2, Actual : 1 -- the ACK will be discarded

[Local]   RECEIVED 	From 2		ACK 	Size 24	  Sequence Number 5	(1932250 us)

		RTT of packet with SN 5 : 564 ms
		BASE : 6	NEXTSN : 6


		@@@@ timeout 6@@@@
		nextSNTemp : 10, nextSN : 6

[Local]   SENDING 		To 3	Data $	Size 24	  Sequence Number 6	(1932300 us)
[Local]   SENDING 		To 3	Data +	Size 24	  Sequence Number 7	(2124350 us)
[Central]  RECEIVED 	From 1		Data $	Size 24	  Sequence Number 6	(2214300 us)
[Central]  SENDING 		To 1	ACK 	Size 24	  Sequence Number 6	(2214340 us)
[Local]   SENDING 		To 3	Data #	Size 24	  Sequence Number 8	(2316400 us)

		@@@@ timeout 1@@@@
		nextSNTemp : 5, nextSN : 1

[Central]  RECEIVED 	From 1		Data +	Size 24	  Sequence Number 7	(2406350 us)
[Central]  SENDING 		To 1	ACK 	Size 24	  Sequence Number 7	(2406390 us)
[Local]   RECEIVED 	From 2		ACK 	Size 24	  Sequence Number 6	(2496340 us)

		RTT of packet with SN 6 : 564040 us
		BASE : 7	NEXTSN : 9

[Local]   SENDING 		To 3	Data "	Size 24	  Sequence Number 9	(2508450 us)
[Central]  RECEIVED 	From 1		Data #	Size 24	  Sequence Number 8	(2598400 us)
[Central]  SENDING 		To 1	ACK 	Size 24	  Sequence Number 8	(2598440 us)
[Local]   RECEIVED 	From 2		ACK 	Size 24	  Sequence Number 7	(2688390 us)

		RTT of packet with SN 7 : 564040 us
		BASE : 8	NEXTSN : 10

[Local]   SENDING 		To 3	Data $	Size 24	  Sequence Number 10	(2700500 us)
[Central]  RECEIVED 	From 1		Data "	Size 24	  Sequence Number 9	(2790450 us)
[Central]  SENDING 		To 1	ACK 	Size 24	  Sequence Number 9	(2790490 us)
[Local]   RECEIVED 	From 2		ACK 	Size 24	  Sequence Number 8	(2880440 us)

		RTT of packet with SN 8 : 564040 us
		BASE : 9	NEXTSN : 11

[Central]  RECEIVED 	From 1		Data $	Size 24	  Sequence Number 10	(2982500 us)
[Central]  SENDING 		To 1	ACK 	Size 24	  Sequence Number 10	(2982540 us)

		@@@@ timeout 1@@@@
		nextSNTemp : 5, nextSN : 1

[Local]   RECEIVED 	From 2		ACK 	Size 24	  Sequence Number 9	(3072490 us)

		RTT of packet with SN 9 : 564040 us
		BASE : 10	NEXTSN : 11


		@@@@ timeout 2@@@@
		nextSNTemp : 6, nextSN : 2

[Central]   SENDING 		To 3	Data %	Size 24	  Sequence Number 2	(3174590 us)
[Central]   SENDING 		To 3	Data *	Size 24	  Sequence Number 3	(3175408 us)
[Central]   SENDING 		To 3	Data &	Size 24	  Sequence Number 4	(3176226 us)
[Remote]  RECEIVED 	From 1		Data %	Size 24	  Sequence Number 2	(3176358 us)
[Remote]  SENDING 		To 2	ACK 	Size 24	  Sequence Number 2	(3176404 us)
[Central]   SENDING 		To 3	Data "	Size 24	  Sequence Number 5	(3177044 us)
[Remote]  RECEIVED 	From 1		Data &	Size 24	  Sequence Number 4	(3177994 us)
[Remote]  SENDING 		To 2	ACK 	Size 24	  Sequence Number 2	(3178022 us)
[Central]   RECEIVED 	From 3		ACK 	Size 24	  Sequence Number 2	(3179790 us)

		RTT of packet with SN 2 : 5200 us
		BASE : 3	NEXTSN : 6

[Central]   SENDING 		To 3	Data $	Size 24	  Sequence Number 6	(3179812 us)
[Remote]  RECEIVED 	From 1		Data $	Size 24	  Sequence Number 6	(3181580 us)
[Remote]  SENDING 		To 2	ACK 	Size 24	  Sequence Number 2	(3181590 us)

		Error - Wrong ACK --- Expected : 3, Actual : 2 -- the ACK will be discarded

[Local]   RECEIVED 	From 2		ACK 	Size 24	  Sequence Number 10	(3264540 us)

		RTT of packet with SN 10 : 564040 us
		BASE : 11	NEXTSN : 11


		@@@@ timeout 11@@@@
		nextSNTemp : 15, nextSN : 11

[Local]   SENDING 		To 3	Data #	Size 24	  Sequence Number 11	(3264550 us)
[Local]   SENDING 		To 3	Data &	Size 24	  Sequence Number 12	(3456600 us)
[Central]  RECEIVED 	From 1		Data #	Size 24	  Sequence Number 11	(3546550 us)
[Central]  SENDING 		To 1	ACK 	Size 24	  Sequence Number 11	(3546580 us)

		@@@@ timeout 1@@@@
		nextSNTemp : 5, nextSN : 1

[Local]   SENDING 		To 3	Data '	Size 24	  Sequence Number 13	(3648650 us)
[Central]  RECEIVED 	From 1		Data &	Size 24	  Sequence Number 12	(3738600 us)
[Central]  SENDING 		To 1	ACK 	Size 24	  Sequence Number 12	(3738630 us)
[Local]   RECEIVED 	From 2		ACK 	Size 24	  Sequence Number 11	(3828580 us)

		RTT of packet with SN 11 : 564030 us
		BASE : 12	NEXTSN : 14

[Local]   SENDING 		To 3	Data ,	Size 24	  Sequence Number 14	(3840700 us)
[Central]  RECEIVED 	From 1		Data '	Size 24	  Sequence Number 13	(3930650 us)
[Central]  SENDING 		To 1	ACK 	Size 24	  Sequence Number 13	(3930680 us)
[Local]   RECEIVED 	From 2		ACK 	Size 24	  Sequence Number 12	(4020630 us)

		RTT of packet with SN 12 : 564030 us
		BASE : 13	NEXTSN : 15

[Local]   SENDING 		To 3	Data .	Size 24	  Sequence Number 15	(4032750 us)
[Central]  RECEIVED 	From 1		Data ,	Size 24	  Sequence Number 14	(4122700 us)
[Central]  SENDING 		To 1	ACK 	Size 24	  Sequence Number 14	(4122730 us)

		@@@@ timeout 1@@@@
		nextSNTemp : 5, nextSN : 1

[Local]   RECEIVED 	From 2		ACK 	Size 24	  Sequence Number 13	(4212680 us)

		RTT of packet with SN 13 : 564030 us
		BASE : 14	NEXTSN : 16

[Central]  RECEIVED 	From 1		Data .	Size 24	  Sequence Number 15	(4314750 us)
[Central]  SENDING 		To 1	ACK 	Size 24	  Sequence Number 15	(4314780 us)
[Local]   RECEIVED 	From 2		ACK 	Size 24	  Sequence Number 14	(4404730 us)

		RTT of packet with SN 14 : 564030 us
		BASE : 15	NEXTSN : 16


		@@@@ timeout 3@@@@
		nextSNTemp : 7, nextSN : 3

[Central]   SENDING 		To 3	Data *	Size 24	  Sequence Number 3	(4506830 us)
[Central]   SENDING 		To 3	Data &	Size 24	  Sequence Number 4	(4507648 us)
[Central]   SENDING 		To 3	Data "	Size 24	  Sequence Number 5	(4508466 us)
[Remote]  RECEIVED 	From 1		Data *	Size 24	  Sequence Number 3	(4508598 us)
[Remote]  SENDING 		To 2	ACK 	Size 24	  Sequence Number 3	(4508608 us)
[Central]   SENDING 		To 3	Data $	Size 24	  Sequence Number 6	(4509284 us)
[Remote]  RECEIVED 	From 1		Data "	Size 24	  Sequence Number 5	(4510234 us)
[Remote]  SENDING 		To 2	ACK 	Size 24	  Sequence Number 3	(4510276 us)
[Central]   RECEIVED 	From 3		ACK 	Size 24	  Sequence Number 3	(4512044 us)

		RTT of packet with SN 3 : 5214 us
		BASE : 4	NEXTSN : 7

[Central]   SENDING 		To 3	Data +	Size 24	  Sequence Number 7	(4512052 us)
[Remote]  RECEIVED 	From 1		Data +	Size 24	  Sequence Number 7	(4513820 us)
[Remote]  SENDING 		To 2	ACK 	Size 24	  Sequence Number 3	(4513844 us)

		Error - Wrong ACK --- Expected : 4, Actual : 3 -- the ACK will be discarded

[Local]   RECEIVED 	From 2		ACK 	Size 24	  Sequence Number 15	(4596780 us)

		RTT of packet with SN 15 : 564030 us
		BASE : 16	NEXTSN : 16


		@@@@ timeout 16@@@@
		nextSNTemp : 20, nextSN : 16

[Local]   SENDING 		To 3	Data !	Size 24	  Sequence Number 16	(4596800 us)
[Local]   SENDING 		To 3	Data +	Size 24	  Sequence Number 17	(4788850 us)

		@@@@ timeout 1@@@@
		nextSNTemp : 5, nextSN : 1

[Central]  RECEIVED 	From 1		Data !	Size 24	  Sequence Number 16	(4878800 us)
[Central]  SENDING 		To 1	ACK 	Size 24	  Sequence Number 16	(4878820 us)
[Local]   SENDING 		To 3	Data )	Size 24	  Sequence Number 18	(4980900 us)
[Central]  RECEIVED 	From 1		Data +	Size 24	  Sequence Number 17	(5070850 us)
[Central]  SENDING 		To 1	ACK 	Size 24	  Sequence Number 17	(5070870 us)
[Local]   RECEIVED 	From 2		ACK 	Size 24	  Sequence Number 16	(5160820 us)

		RTT of packet with SN 16 : 564020 us
		BASE : 17	NEXTSN : 19

[Local]   SENDING 		To 3	Data #	Size 24	  Sequence Number 19	(5172950 us)
[Central]  RECEIVED 	From 1		Data )	Size 24	  Sequence Number 18	(5262900 us)
[Central]  SENDING 		To 1	ACK 	Size 24	  Sequence Number 18	(5262920 us)
[Local]   RECEIVED 	From 2		ACK 	Size 24	  Sequence Number 17	(5352870 us)

		RTT of packet with SN 17 : 564020 us
		BASE : 18	NEXTSN : 20

[Local]   SENDING 		To 3	Data #	Size 24	  Sequence Number 20	(5365 ms)

		@@@@ timeout 1@@@@
		nextSNTemp : 5, nextSN : 1

[Central]  RECEIVED 	From 1		Data #	Size 24	  Sequence Number 19	(5454950 us)
[Central]  SENDING 		To 1	ACK 	Size 24	  Sequence Number 19	(5454970 us)
[Local]   RECEIVED 	From 2		ACK 	Size 24	  Sequence Number 18	(5544920 us)

		RTT of packet with SN 18 : 564020 us
		BASE : 19	NEXTSN : 21

[Central]  RECEIVED 	From 1		Data #	Size 24	  Sequence Number 20	(5647 ms)
[Central]  SENDING 		To 1	ACK 	Size 24	  Sequence Number 20	(5647020 us)
[Local]   RECEIVED 	From 2		ACK 	Size 24	  Sequence Number 19	(5736970 us)

		RTT of packet with SN 19 : 564020 us
		BASE : 20	NEXTSN : 21


		@@@@ timeout 4@@@@
		nextSNTemp : 8, nextSN : 4

[Central]   SENDING 		To 3	Data &	Size 24	  Sequence Number 4	(5839070 us)
[Central]   SENDING 		To 3	Data "	Size 24	  Sequence Number 5	(5839888 us)
[Central]   SENDING 		To 3	Data $	Size 24	  Sequence Number 6	(5840706 us)
[Remote]  RECEIVED 	From 1		Data &	Size 24	  Sequence Number 4	(5840838 us)
[Remote]  SENDING 		To 2	ACK 	Size 24	  Sequence Number 4	(5840862 us)
[Central]   SENDING 		To 3	Data +	Size 24	  Sequence Number 7	(5841524 us)
[Remote]  RECEIVED 	From 1		Data $	Size 24	  Sequence Number 6	(5842474 us)
[Remote]  SENDING 		To 2	ACK 	Size 24	  Sequence Number 4	(5842480 us)
[Central]   RECEIVED 	From 3		ACK 	Size 24	  Sequence Number 4	(5844248 us)

		RTT of packet with SN 4 : 5178 us
		BASE : 5	NEXTSN : 8

[Central]   SENDING 		To 3	Data #	Size 24	  Sequence Number 8	(5844292 us)
[Remote]  RECEIVED 	From 1		Data #	Size 24	  Sequence Number 8	(5846060 us)
[Remote]  SENDING 		To 2	ACK 	Size 24	  Sequence Number 4	(5846098 us)

		Error - Wrong ACK --- Expected : 5, Actual : 4 -- the ACK will be discarded

[Local]   RECEIVED 	From 2		ACK 	Size 24	  Sequence Number 20	(5929020 us)

		RTT of packet with SN 20 : 564020 us
		BASE : 21	NEXTSN : 21


		@@@@ timeout 21@@@@
		nextSNTemp : 25, nextSN : 21

[Local]   SENDING 		To 3	Data $	Size 24	  Sequence Number 21	(5929050 us)

		@@@@ timeout 1@@@@
		nextSNTemp : 5, nextSN : 1

[Local]   SENDING 		To 3	Data !	Size 24	  Sequence Number 22	(6121100 us)
[Central]  RECEIVED 	From 1		Data $	Size 24	  Sequence Number 21	(6211050 us)
[Central]  SENDING 		To 1	ACK 	Size 24	  Sequence Number 21	(6211060 us)
[Local]   SENDING 		To 3	Data &	Size 24	  Sequence Number 23	(6313150 us)
[Central]  RECEIVED 	From 1		Data !	Size 24	  Sequence Number 22	(6403100 us)
[Central]  SENDING 		To 1	ACK 	Size 24	  Sequence Number 22	(6403110 us)
[Local]   RECEIVED 	From 2		ACK 	Size 24	  Sequence Number 21	(6493060 us)

		RTT of packet with SN 21 : 564010 us
		BASE : 22	NEXTSN : 24

[Local]   SENDING 		To 3	Data *	Size 24	  Sequence Number 24	(6505200 us)
[Central]  RECEIVED 	From 1		Data &	Size 24	  Sequence Number 23	(6595150 us)
[Central]  SENDING 		To 1	ACK 	Size 24	  Sequence Number 23	(6595160 us)

		@@@@ timeout 1@@@@
		nextSNTemp : 5, nextSN : 1

[Local]   RECEIVED 	From 2		ACK 	Size 24	  Sequence Number 22	(6685110 us)

		RTT of packet with SN 22 : 564010 us
		BASE : 23	NEXTSN : 25

[Local]   SENDING 		To 3	Data #	Size 24	  Sequence Number 25	(6697250 us)
[Central]  RECEIVED 	From 1		Data *	Size 24	  Sequence Number 24	(6787200 us)
[Central]  SENDING 		To 1	ACK 	Size 24	  Sequence Number 24	(6787210 us)
[Local]   RECEIVED 	From 2		ACK 	Size 24	  Sequence Number 23	(6877160 us)

		RTT of packet with SN 23 : 564010 us
		BASE : 24	NEXTSN : 26

[Central]  RECEIVED 	From 1		Data #	Size 24	  Sequence Number 25	(6979250 us)
[Central]  SENDING 		To 1	ACK 	Size 24	  Sequence Number 25	(6979260 us)
[Local]   RECEIVED 	From 2		ACK 	Size 24	  Sequence Number 24	(7069210 us)

		RTT of packet with SN 24 : 564010 us
		BASE : 25	NEXTSN : 26


		@@@@ timeout 5@@@@
		nextSNTemp : 9, nextSN : 5

[Central]   SENDING 		To 3	Data "	Size 24	  Sequence Number 5	(7171310 us)
[Central]   SENDING 		To 3	Data $	Size 24	  Sequence Number 6	(7172128 us)
[Central]   SENDING 		To 3	Data +	Size 24	  Sequence Number 7	(7172946 us)
[Remote]  RECEIVED 	From 1		Data "	Size 24	  Sequence Number 5	(7173078 us)
[Remote]  SENDING 		To 2	ACK 	Size 24	  Sequence Number 5	(7173116 us)
[Central]   SENDING 		To 3	Data #	Size 24	  Sequence Number 8	(7173764 us)
[Remote]  RECEIVED 	From 1		Data +	Size 24	  Sequence Number 7	(7174714 us)
[Remote]  SENDING 		To 2	ACK 	Size 24	  Sequence Number 5	(7174734 us)
[Central]   RECEIVED 	From 3		ACK 	Size 24	  Sequence Number 5	(7176502 us)

		RTT of packet with SN 5 : 5192 us
		BASE : 6	NEXTSN : 9

[Central]   SENDING 		To 3	Data "	Size 24	  Sequence Number 9	(7176532 us)
[Remote]  RECEIVED 	From 1		Data "	Size 24	  Sequence Number 9	(7178300 us)
[Remote]  SENDING 		To 2	ACK 	Size 24	  Sequence Number 5	(7178302 us)

		Error - Wrong ACK --- Expected : 6, Actual : 5 -- the ACK will be discarded


		@@@@ timeout 1@@@@
		nextSNTemp : 5, nextSN : 1

[Local]   RECEIVED 	From 2		ACK 	Size 24	  Sequence Number 25	(7261260 us)

		RTT of packet with SN 25 : 564010 us
		BASE : 26	NEXTSN : 26


		@@@@ timeout 26@@@@
		nextSNTemp : 30, nextSN : 26

[Local]   SENDING 		To 3	Data -	Size 24	  Sequence Number 26	(7261300 us)
[Local]   SENDING 		To 3	Data -	Size 24	  Sequence Number 27	(7453350 us)
[Central]  RECEIVED 	From 1		Data -	Size 24	  Sequence Number 26	(7543300 us)
[Central]  SENDING 		To 1	ACK 	Size 24	  Sequence Number 26	(7543350 us)
[Local]   SENDING 		To 3	Data .	Size 24	  Sequence Number 28	(7645400 us)
[Central]  RECEIVED 	From 1		Data -	Size 24	  Sequence Number 27	(7735350 us)
[Central]  SENDING 		To 1	ACK 	Size 24	  Sequence Number 27	(7735400 us)

		@@@@ timeout 1@@@@
		nextSNTemp : 5, nextSN : 1

[Local]   RECEIVED 	From 2		ACK 	Size 24	  Sequence Number 26	(7825350 us)

		RTT of packet with SN 26 : 564050 us
		BASE : 27	NEXTSN : 29

[Local]   SENDING 		To 3	Data "	Size 24	  Sequence Number 29	(7837450 us)
[Central]  RECEIVED 	From 1		Data .	Size 24	  Sequence Number 28	(7927400 us)
[Central]  SENDING 		To 1	ACK 	Size 24	  Sequence Number 28	(7927450 us)

Info: /OSCI/SystemC: Simulation stopped by user.
