
Local   <-->  Central with FullDuplex channel

+----------------------------------------------------------------------------------------------+
|TASK     ACTION        FROM    TO      DATA    SIZE      SEQUENCE NUMBER       TIME STAMP     |
+----------------------------------------------------------------------------------------------+


[Local]   SENDING 		To 2	Data "	Size 24	  Sequence Number 0	(50 us)
[Central]  RECEIVED 	From 1		Data "	Size 24	  Sequence Number 0	(222050 us)
[Central]  SENDING 		To 1	ACK 	Size 24	  Sequence Number 0	(222050 us)

##### TIMEOUT 390100 us ############
##### resend packet with SN : 0 #####


[Local]   SENDING 		To 2	Data "	Size 24	  Sequence Number 0	(390100 us)
[Local]   RECEIVED 	From 2		ACK 	Size 24	  Sequence Number 0	(444050 us)

                        RTT : 53950 us

[Central]  RECEIVED 	From 1		Data "	Size 24	  Sequence Number 0	(612100 us)
[Central]  SENDING 		To 1	ACK 	Size 24	  Sequence Number 0	(612100 us)

                RTT : 444 ms



[Local]   SENDING 		To 2	Data %	Size 24	  Sequence Number 1	(834100 us)
[Central]  RECEIVED 	From 1		Data %	Size 24	  Sequence Number 1	(1056100 us)
[Central]  SENDING 		To 1	ACK 	Size 24	  Sequence Number 1	(1056100 us)

##### TIMEOUT 1224150 us ############
##### resend packet with SN : 1 #####


[Local]   SENDING 		To 2	Data %	Size 24	  Sequence Number 1	(1224150 us)
[Local]   RECEIVED 	From 2		ACK 	Size 24	  Sequence Number 1	(1278100 us)

                        RTT : 53950 us

[Central]  RECEIVED 	From 1		Data %	Size 24	  Sequence Number 1	(1446150 us)
[Central]  SENDING 		To 1	ACK 	Size 24	  Sequence Number 1	(1446150 us)

                RTT : 444 ms



[Local]   SENDING 		To 2	Data *	Size 24	  Sequence Number 2	(1668150 us)
[Central]  RECEIVED 	From 1		Data *	Size 24	  Sequence Number 2	(1890150 us)
[Central]  SENDING 		To 1	ACK 	Size 24	  Sequence Number 2	(1890150 us)

##### TIMEOUT 2058200 us ############
##### resend packet with SN : 2 #####


[Local]   SENDING 		To 2	Data *	Size 24	  Sequence Number 2	(2058200 us)
[Local]   RECEIVED 	From 2		ACK 	Size 24	  Sequence Number 2	(2112150 us)

                        RTT : 53950 us

[Central]  RECEIVED 	From 1		Data *	Size 24	  Sequence Number 2	(2280200 us)
[Central]  SENDING 		To 1	ACK 	Size 24	  Sequence Number 2	(2280200 us)

                RTT : 444 ms



[Local]   SENDING 		To 2	Data &	Size 24	  Sequence Number 3	(2502200 us)
[Central]  RECEIVED 	From 1		Data &	Size 24	  Sequence Number 3	(2724200 us)
[Central]  SENDING 		To 1	ACK 	Size 24	  Sequence Number 3	(2724200 us)

##### TIMEOUT 2892250 us ############
##### resend packet with SN : 3 #####


[Local]   SENDING 		To 2	Data &	Size 24	  Sequence Number 3	(2892250 us)
[Local]   RECEIVED 	From 2		ACK 	Size 24	  Sequence Number 3	(2946200 us)

                        RTT : 53950 us

[Central]  RECEIVED 	From 1		Data &	Size 24	  Sequence Number 3	(3114250 us)
[Central]  SENDING 		To 1	ACK 	Size 24	  Sequence Number 3	(3114250 us)

                RTT : 444 ms



[Local]   SENDING 		To 2	Data "	Size 24	  Sequence Number 4	(3336250 us)
[Central]  RECEIVED 	From 1		Data "	Size 24	  Sequence Number 4	(3558250 us)
[Central]  SENDING 		To 1	ACK 	Size 24	  Sequence Number 4	(3558250 us)

##### TIMEOUT 3726300 us ############
##### resend packet with SN : 4 #####


[Local]   SENDING 		To 2	Data "	Size 24	  Sequence Number 4	(3726300 us)
[Local]   RECEIVED 	From 2		ACK 	Size 24	  Sequence Number 4	(3780250 us)

                        RTT : 53950 us

[Central]  RECEIVED 	From 1		Data "	Size 24	  Sequence Number 4	(3948300 us)
[Central]  SENDING 		To 1	ACK 	Size 24	  Sequence Number 4	(3948300 us)

                RTT : 444 ms



[Local]   SENDING 		To 2	Data $	Size 24	  Sequence Number 5	(4170300 us)
[Central]  RECEIVED 	From 1		Data $	Size 24	  Sequence Number 5	(4392300 us)
[Central]  SENDING 		To 1	ACK 	Size 24	  Sequence Number 5	(4392300 us)

##### TIMEOUT 4560350 us ############
##### resend packet with SN : 5 #####


[Local]   SENDING 		To 2	Data $	Size 24	  Sequence Number 5	(4560350 us)
[Local]   RECEIVED 	From 2		ACK 	Size 24	  Sequence Number 5	(4614300 us)

                        RTT : 53950 us

[Central]  RECEIVED 	From 1		Data $	Size 24	  Sequence Number 5	(4782350 us)
[Central]  SENDING 		To 1	ACK 	Size 24	  Sequence Number 5	(4782350 us)

                RTT : 444 ms



[Local]   SENDING 		To 2	Data +	Size 24	  Sequence Number 6	(5004350 us)
[Central]  RECEIVED 	From 1		Data +	Size 24	  Sequence Number 6	(5226350 us)
[Central]  SENDING 		To 1	ACK 	Size 24	  Sequence Number 6	(5226350 us)

##### TIMEOUT 5394400 us ############
##### resend packet with SN : 6 #####


[Local]   SENDING 		To 2	Data +	Size 24	  Sequence Number 6	(5394400 us)
[Local]   RECEIVED 	From 2		ACK 	Size 24	  Sequence Number 6	(5448350 us)

                        RTT : 53950 us

[Central]  RECEIVED 	From 1		Data +	Size 24	  Sequence Number 6	(5616400 us)
[Central]  SENDING 		To 1	ACK 	Size 24	  Sequence Number 6	(5616400 us)

                RTT : 444 ms



[Local]   SENDING 		To 2	Data #	Size 24	  Sequence Number 7	(5838400 us)
[Central]  RECEIVED 	From 1		Data #	Size 24	  Sequence Number 7	(6060400 us)
[Central]  SENDING 		To 1	ACK 	Size 24	  Sequence Number 7	(6060400 us)

##### TIMEOUT 6228450 us ############
##### resend packet with SN : 7 #####


[Local]   SENDING 		To 2	Data #	Size 24	  Sequence Number 7	(6228450 us)
[Local]   RECEIVED 	From 2		ACK 	Size 24	  Sequence Number 7	(6282400 us)

                        RTT : 53950 us

[Central]  RECEIVED 	From 1		Data #	Size 24	  Sequence Number 7	(6450450 us)
[Central]  SENDING 		To 1	ACK 	Size 24	  Sequence Number 7	(6450450 us)

                RTT : 444 ms



[Local]   SENDING 		To 2	Data "	Size 24	  Sequence Number 8	(6672450 us)
[Central]  RECEIVED 	From 1		Data "	Size 24	  Sequence Number 8	(6894450 us)
[Central]  SENDING 		To 1	ACK 	Size 24	  Sequence Number 8	(6894450 us)

##### TIMEOUT 7062500 us ############
##### resend packet with SN : 8 #####


[Local]   SENDING 		To 2	Data "	Size 24	  Sequence Number 8	(7062500 us)
[Local]   RECEIVED 	From 2		ACK 	Size 24	  Sequence Number 8	(7116450 us)

                        RTT : 53950 us

[Central]  RECEIVED 	From 1		Data "	Size 24	  Sequence Number 8	(7284500 us)
[Central]  SENDING 		To 1	ACK 	Size 24	  Sequence Number 8	(7284500 us)

                RTT : 444 ms



[Local]   SENDING 		To 2	Data $	Size 24	  Sequence Number 9	(7506500 us)
[Central]  RECEIVED 	From 1		Data $	Size 24	  Sequence Number 9	(7728500 us)
[Central]  SENDING 		To 1	ACK 	Size 24	  Sequence Number 9	(7728500 us)

##### TIMEOUT 7896550 us ############
##### resend packet with SN : 9 #####


[Local]   SENDING 		To 2	Data $	Size 24	  Sequence Number 9	(7896550 us)
[Local]   RECEIVED 	From 2		ACK 	Size 24	  Sequence Number 9	(7950500 us)

                        RTT : 53950 us


Info: /OSCI/SystemC: Simulation stopped by user.
