
Local   <-->  Central with FullDuplex channel

+----------------------------------------------------------------------------------------------+
|TASK     ACTION        FROM    TO      DATA    SIZE      SEQUENCE NUMBER       TIME STAMP     |
+----------------------------------------------------------------------------------------------+


[Local]   SENDING 		To 2	Data "	Size 24	  Sequence Number 0	(50 us)
[Central]  RECEIVED 	From 1		Data "	Size 24	  Sequence Number 0	(195550 us)
[Central]  SENDING 		To 1	ACK 	Size 24	  Sequence Number 0	(195550 us)

##### TIMEOUT 390100 us ############
##### resend packet with SN : 0 #####


[Local]   SENDING 		To 2	Data "	Size 24	  Sequence Number 0	(390100 us)
[Local]   RECEIVED 	From 2		ACK 	Size 24	  Sequence Number 0	(391050 us)

                        RTT : 950 us



[Local]   SENDING 		To 2	Data %	Size 24	  Sequence Number 1	(582150 us)
[Central]  RECEIVED 	From 1		Data "	Size 24	  Sequence Number 0	(585600 us)
[Central]  SENDING 		To 1	ACK 	Size 24	  Sequence Number 0	(585600 us)
[Central]  RECEIVED 	From 1		Data %	Size 24	  Sequence Number 1	(777650 us)
[Central]  SENDING 		To 1	ACK 	Size 24	  Sequence Number 1	(777650 us)

                RTT : 198950 us


##### TIMEOUT 972200 us ############
##### resend packet with SN : 1 #####


[Local]   SENDING 		To 2	Data %	Size 24	  Sequence Number 1	(972200 us)
[Local]   RECEIVED 	From 2		ACK 	Size 24	  Sequence Number 1	(973150 us)

                        RTT : 950 us



[Local]   SENDING 		To 2	Data *	Size 24	  Sequence Number 2	(1164250 us)
[Central]  RECEIVED 	From 1		Data %	Size 24	  Sequence Number 1	(1167700 us)
[Central]  SENDING 		To 1	ACK 	Size 24	  Sequence Number 1	(1167700 us)
[Central]  RECEIVED 	From 1		Data *	Size 24	  Sequence Number 2	(1359750 us)
[Central]  SENDING 		To 1	ACK 	Size 24	  Sequence Number 2	(1359750 us)

                RTT : 198950 us


##### TIMEOUT 1554300 us ############
##### resend packet with SN : 2 #####


[Local]   SENDING 		To 2	Data *	Size 24	  Sequence Number 2	(1554300 us)
[Local]   RECEIVED 	From 2		ACK 	Size 24	  Sequence Number 2	(1555250 us)

                        RTT : 950 us



[Local]   SENDING 		To 2	Data &	Size 24	  Sequence Number 3	(1746350 us)
[Central]  RECEIVED 	From 1		Data *	Size 24	  Sequence Number 2	(1749800 us)
[Central]  SENDING 		To 1	ACK 	Size 24	  Sequence Number 2	(1749800 us)
[Central]  RECEIVED 	From 1		Data &	Size 24	  Sequence Number 3	(1941850 us)
[Central]  SENDING 		To 1	ACK 	Size 24	  Sequence Number 3	(1941850 us)

                RTT : 198950 us


##### TIMEOUT 2136400 us ############
##### resend packet with SN : 3 #####


[Local]   SENDING 		To 2	Data &	Size 24	  Sequence Number 3	(2136400 us)
[Local]   RECEIVED 	From 2		ACK 	Size 24	  Sequence Number 3	(2137350 us)

                        RTT : 950 us



[Local]   SENDING 		To 2	Data "	Size 24	  Sequence Number 4	(2328450 us)
[Central]  RECEIVED 	From 1		Data &	Size 24	  Sequence Number 3	(2331900 us)
[Central]  SENDING 		To 1	ACK 	Size 24	  Sequence Number 3	(2331900 us)
[Central]  RECEIVED 	From 1		Data "	Size 24	  Sequence Number 4	(2523950 us)
[Central]  SENDING 		To 1	ACK 	Size 24	  Sequence Number 4	(2523950 us)

                RTT : 198950 us


##### TIMEOUT 2718500 us ############
##### resend packet with SN : 4 #####


[Local]   SENDING 		To 2	Data "	Size 24	  Sequence Number 4	(2718500 us)
[Local]   RECEIVED 	From 2		ACK 	Size 24	  Sequence Number 4	(2719450 us)

                        RTT : 950 us



[Local]   SENDING 		To 2	Data $	Size 24	  Sequence Number 5	(2910550 us)
[Central]  RECEIVED 	From 1		Data "	Size 24	  Sequence Number 4	(2914 ms)
[Central]  SENDING 		To 1	ACK 	Size 24	  Sequence Number 4	(2914 ms)
[Central]  RECEIVED 	From 1		Data $	Size 24	  Sequence Number 5	(3106050 us)
[Central]  SENDING 		To 1	ACK 	Size 24	  Sequence Number 5	(3106050 us)

                RTT : 198950 us


##### TIMEOUT 3300600 us ############
##### resend packet with SN : 5 #####


[Local]   SENDING 		To 2	Data $	Size 24	  Sequence Number 5	(3300600 us)
[Local]   RECEIVED 	From 2		ACK 	Size 24	  Sequence Number 5	(3301550 us)

                        RTT : 950 us



[Local]   SENDING 		To 2	Data +	Size 24	  Sequence Number 6	(3492650 us)
[Central]  RECEIVED 	From 1		Data $	Size 24	  Sequence Number 5	(3496100 us)
[Central]  SENDING 		To 1	ACK 	Size 24	  Sequence Number 5	(3496100 us)
[Central]  RECEIVED 	From 1		Data +	Size 24	  Sequence Number 6	(3688150 us)
[Central]  SENDING 		To 1	ACK 	Size 24	  Sequence Number 6	(3688150 us)

                RTT : 198950 us


##### TIMEOUT 3882700 us ############
##### resend packet with SN : 6 #####


[Local]   SENDING 		To 2	Data +	Size 24	  Sequence Number 6	(3882700 us)
[Local]   RECEIVED 	From 2		ACK 	Size 24	  Sequence Number 6	(3883650 us)

                        RTT : 950 us



[Local]   SENDING 		To 2	Data #	Size 24	  Sequence Number 7	(4074750 us)
[Central]  RECEIVED 	From 1		Data +	Size 24	  Sequence Number 6	(4078200 us)
[Central]  SENDING 		To 1	ACK 	Size 24	  Sequence Number 6	(4078200 us)
[Central]  RECEIVED 	From 1		Data #	Size 24	  Sequence Number 7	(4270250 us)
[Central]  SENDING 		To 1	ACK 	Size 24	  Sequence Number 7	(4270250 us)

                RTT : 198950 us


##### TIMEOUT 4464800 us ############
##### resend packet with SN : 7 #####


[Local]   SENDING 		To 2	Data #	Size 24	  Sequence Number 7	(4464800 us)
[Local]   RECEIVED 	From 2		ACK 	Size 24	  Sequence Number 7	(4465750 us)

                        RTT : 950 us



[Local]   SENDING 		To 2	Data "	Size 24	  Sequence Number 8	(4656850 us)
[Central]  RECEIVED 	From 1		Data #	Size 24	  Sequence Number 7	(4660300 us)
[Central]  SENDING 		To 1	ACK 	Size 24	  Sequence Number 7	(4660300 us)
[Central]  RECEIVED 	From 1		Data "	Size 24	  Sequence Number 8	(4852350 us)
[Central]  SENDING 		To 1	ACK 	Size 24	  Sequence Number 8	(4852350 us)

                RTT : 198950 us


##### TIMEOUT 5046900 us ############
##### resend packet with SN : 8 #####


[Local]   SENDING 		To 2	Data "	Size 24	  Sequence Number 8	(5046900 us)
[Local]   RECEIVED 	From 2		ACK 	Size 24	  Sequence Number 8	(5047850 us)

                        RTT : 950 us



[Local]   SENDING 		To 2	Data $	Size 24	  Sequence Number 9	(5238950 us)
[Central]  RECEIVED 	From 1		Data "	Size 24	  Sequence Number 8	(5242400 us)
[Central]  SENDING 		To 1	ACK 	Size 24	  Sequence Number 8	(5242400 us)
[Central]  RECEIVED 	From 1		Data $	Size 24	  Sequence Number 9	(5434450 us)
[Central]  SENDING 		To 1	ACK 	Size 24	  Sequence Number 9	(5434450 us)

                RTT : 198950 us


##### TIMEOUT 5629 ms ############
##### resend packet with SN : 9 #####


[Local]   SENDING 		To 2	Data $	Size 24	  Sequence Number 9	(5629 ms)
[Local]   RECEIVED 	From 2		ACK 	Size 24	  Sequence Number 9	(5629950 us)

                        RTT : 950 us



[Local]   SENDING 		To 2	Data #	Size 24	  Sequence Number 10	(5821050 us)
[Central]  RECEIVED 	From 1		Data $	Size 24	  Sequence Number 9	(5824500 us)
[Central]  SENDING 		To 1	ACK 	Size 24	  Sequence Number 9	(5824500 us)
[Central]  RECEIVED 	From 1		Data #	Size 24	  Sequence Number 10	(6016550 us)
[Central]  SENDING 		To 1	ACK 	Size 24	  Sequence Number 10	(6016550 us)

                RTT : 198950 us


##### TIMEOUT 6211100 us ############
##### resend packet with SN : 10 #####


[Local]   SENDING 		To 2	Data #	Size 24	  Sequence Number 10	(6211100 us)
[Local]   RECEIVED 	From 2		ACK 	Size 24	  Sequence Number 10	(6212050 us)

                        RTT : 950 us



[Local]   SENDING 		To 2	Data &	Size 24	  Sequence Number 11	(6403150 us)
[Central]  RECEIVED 	From 1		Data #	Size 24	  Sequence Number 10	(6406600 us)
[Central]  SENDING 		To 1	ACK 	Size 24	  Sequence Number 10	(6406600 us)
[Central]  RECEIVED 	From 1		Data &	Size 24	  Sequence Number 11	(6598650 us)
[Central]  SENDING 		To 1	ACK 	Size 24	  Sequence Number 11	(6598650 us)

                RTT : 198950 us


##### TIMEOUT 6793200 us ############
##### resend packet with SN : 11 #####


[Local]   SENDING 		To 2	Data &	Size 24	  Sequence Number 11	(6793200 us)
[Local]   RECEIVED 	From 2		ACK 	Size 24	  Sequence Number 11	(6794150 us)

                        RTT : 950 us



[Local]   SENDING 		To 2	Data '	Size 24	  Sequence Number 12	(6985250 us)
[Central]  RECEIVED 	From 1		Data &	Size 24	  Sequence Number 11	(6988700 us)
[Central]  SENDING 		To 1	ACK 	Size 24	  Sequence Number 11	(6988700 us)
[Central]  RECEIVED 	From 1		Data '	Size 24	  Sequence Number 12	(7180750 us)
[Central]  SENDING 		To 1	ACK 	Size 24	  Sequence Number 12	(7180750 us)

                RTT : 198950 us


##### TIMEOUT 7375300 us ############
##### resend packet with SN : 12 #####


[Local]   SENDING 		To 2	Data '	Size 24	  Sequence Number 12	(7375300 us)
[Local]   RECEIVED 	From 2		ACK 	Size 24	  Sequence Number 12	(7376250 us)

                        RTT : 950 us



[Local]   SENDING 		To 2	Data ,	Size 24	  Sequence Number 13	(7567350 us)
[Central]  RECEIVED 	From 1		Data '	Size 24	  Sequence Number 12	(7570800 us)
[Central]  SENDING 		To 1	ACK 	Size 24	  Sequence Number 12	(7570800 us)
[Central]  RECEIVED 	From 1		Data ,	Size 24	  Sequence Number 13	(7762850 us)
[Central]  SENDING 		To 1	ACK 	Size 24	  Sequence Number 13	(7762850 us)

                RTT : 198950 us


##### TIMEOUT 7957400 us ############
##### resend packet with SN : 13 #####


[Local]   SENDING 		To 2	Data ,	Size 24	  Sequence Number 13	(7957400 us)
[Local]   RECEIVED 	From 2		ACK 	Size 24	  Sequence Number 13	(7958350 us)

                        RTT : 950 us


Info: /OSCI/SystemC: Simulation stopped by user.
