
Local   <-->  Central with FullDuplex channel

+----------------------------------------------------------------------------------------------+
|TASK     ACTION        FROM    TO      DATA    SIZE      SEQUENCE NUMBER       TIME STAMP     |
+----------------------------------------------------------------------------------------------+


[Local]   SENDING 		To 2	Data "	Size 24	  Sequence Number 0	(50 us)
[Central]  RECEIVED 	From 1		Data "	Size 24	  Sequence Number 0	(202050 us)
[Central]  SENDING 		To 1	ACK 	Size 24	  Sequence Number 0	(202050 us)

##### TIMEOUT 390100 us ############
##### resend packet with SN : 0 #####


[Local]   SENDING 		To 2	Data "	Size 24	  Sequence Number 0	(390100 us)
[Local]   RECEIVED 	From 2		ACK 	Size 24	  Sequence Number 0	(404050 us)

                        RTT : 13950 us

[Central]  RECEIVED 	From 1		Data "	Size 24	  Sequence Number 0	(592100 us)
[Central]  SENDING 		To 1	ACK 	Size 24	  Sequence Number 0	(592100 us)

                RTT : 404 ms



[Local]   SENDING 		To 2	Data %	Size 24	  Sequence Number 1	(794100 us)
[Central]  RECEIVED 	From 1		Data %	Size 24	  Sequence Number 1	(996100 us)
[Central]  SENDING 		To 1	ACK 	Size 24	  Sequence Number 1	(996100 us)

##### TIMEOUT 1184150 us ############
##### resend packet with SN : 1 #####


[Local]   SENDING 		To 2	Data %	Size 24	  Sequence Number 1	(1184150 us)
[Local]   RECEIVED 	From 2		ACK 	Size 24	  Sequence Number 1	(1198100 us)

                        RTT : 13950 us

[Central]  RECEIVED 	From 1		Data %	Size 24	  Sequence Number 1	(1386150 us)
[Central]  SENDING 		To 1	ACK 	Size 24	  Sequence Number 1	(1386150 us)

                RTT : 404 ms



[Local]   SENDING 		To 2	Data *	Size 24	  Sequence Number 2	(1588150 us)
[Central]  RECEIVED 	From 1		Data *	Size 24	  Sequence Number 2	(1790150 us)
[Central]  SENDING 		To 1	ACK 	Size 24	  Sequence Number 2	(1790150 us)

##### TIMEOUT 1978200 us ############
##### resend packet with SN : 2 #####


[Local]   SENDING 		To 2	Data *	Size 24	  Sequence Number 2	(1978200 us)
[Local]   RECEIVED 	From 2		ACK 	Size 24	  Sequence Number 2	(1992150 us)

                        RTT : 13950 us

[Central]  RECEIVED 	From 1		Data *	Size 24	  Sequence Number 2	(2180200 us)
[Central]  SENDING 		To 1	ACK 	Size 24	  Sequence Number 2	(2180200 us)

                RTT : 404 ms



[Local]   SENDING 		To 2	Data &	Size 24	  Sequence Number 3	(2382200 us)
[Central]  RECEIVED 	From 1		Data &	Size 24	  Sequence Number 3	(2584200 us)
[Central]  SENDING 		To 1	ACK 	Size 24	  Sequence Number 3	(2584200 us)

##### TIMEOUT 2772250 us ############
##### resend packet with SN : 3 #####


[Local]   SENDING 		To 2	Data &	Size 24	  Sequence Number 3	(2772250 us)
[Local]   RECEIVED 	From 2		ACK 	Size 24	  Sequence Number 3	(2786200 us)

                        RTT : 13950 us

[Central]  RECEIVED 	From 1		Data &	Size 24	  Sequence Number 3	(2974250 us)
[Central]  SENDING 		To 1	ACK 	Size 24	  Sequence Number 3	(2974250 us)

                RTT : 404 ms



[Local]   SENDING 		To 2	Data "	Size 24	  Sequence Number 4	(3176250 us)
[Central]  RECEIVED 	From 1		Data "	Size 24	  Sequence Number 4	(3378250 us)
[Central]  SENDING 		To 1	ACK 	Size 24	  Sequence Number 4	(3378250 us)

##### TIMEOUT 3566300 us ############
##### resend packet with SN : 4 #####


[Local]   SENDING 		To 2	Data "	Size 24	  Sequence Number 4	(3566300 us)
[Local]   RECEIVED 	From 2		ACK 	Size 24	  Sequence Number 4	(3580250 us)

                        RTT : 13950 us

[Central]  RECEIVED 	From 1		Data "	Size 24	  Sequence Number 4	(3768300 us)
[Central]  SENDING 		To 1	ACK 	Size 24	  Sequence Number 4	(3768300 us)

                RTT : 404 ms



[Local]   SENDING 		To 2	Data $	Size 24	  Sequence Number 5	(3970300 us)
[Central]  RECEIVED 	From 1		Data $	Size 24	  Sequence Number 5	(4172300 us)
[Central]  SENDING 		To 1	ACK 	Size 24	  Sequence Number 5	(4172300 us)

##### TIMEOUT 4360350 us ############
##### resend packet with SN : 5 #####


[Local]   SENDING 		To 2	Data $	Size 24	  Sequence Number 5	(4360350 us)
[Local]   RECEIVED 	From 2		ACK 	Size 24	  Sequence Number 5	(4374300 us)

                        RTT : 13950 us

[Central]  RECEIVED 	From 1		Data $	Size 24	  Sequence Number 5	(4562350 us)
[Central]  SENDING 		To 1	ACK 	Size 24	  Sequence Number 5	(4562350 us)

                RTT : 404 ms



[Local]   SENDING 		To 2	Data +	Size 24	  Sequence Number 6	(4764350 us)
[Central]  RECEIVED 	From 1		Data +	Size 24	  Sequence Number 6	(4966350 us)
[Central]  SENDING 		To 1	ACK 	Size 24	  Sequence Number 6	(4966350 us)

##### TIMEOUT 5154400 us ############
##### resend packet with SN : 6 #####


[Local]   SENDING 		To 2	Data +	Size 24	  Sequence Number 6	(5154400 us)
[Local]   RECEIVED 	From 2		ACK 	Size 24	  Sequence Number 6	(5168350 us)

                        RTT : 13950 us

[Central]  RECEIVED 	From 1		Data +	Size 24	  Sequence Number 6	(5356400 us)
[Central]  SENDING 		To 1	ACK 	Size 24	  Sequence Number 6	(5356400 us)

                RTT : 404 ms



[Local]   SENDING 		To 2	Data #	Size 24	  Sequence Number 7	(5558400 us)
[Central]  RECEIVED 	From 1		Data #	Size 24	  Sequence Number 7	(5760400 us)
[Central]  SENDING 		To 1	ACK 	Size 24	  Sequence Number 7	(5760400 us)

##### TIMEOUT 5948450 us ############
##### resend packet with SN : 7 #####


[Local]   SENDING 		To 2	Data #	Size 24	  Sequence Number 7	(5948450 us)
[Local]   RECEIVED 	From 2		ACK 	Size 24	  Sequence Number 7	(5962400 us)

                        RTT : 13950 us

[Central]  RECEIVED 	From 1		Data #	Size 24	  Sequence Number 7	(6150450 us)
[Central]  SENDING 		To 1	ACK 	Size 24	  Sequence Number 7	(6150450 us)

                RTT : 404 ms



[Local]   SENDING 		To 2	Data "	Size 24	  Sequence Number 8	(6352450 us)
[Central]  RECEIVED 	From 1		Data "	Size 24	  Sequence Number 8	(6554450 us)
[Central]  SENDING 		To 1	ACK 	Size 24	  Sequence Number 8	(6554450 us)

##### TIMEOUT 6742500 us ############
##### resend packet with SN : 8 #####


[Local]   SENDING 		To 2	Data "	Size 24	  Sequence Number 8	(6742500 us)
[Local]   RECEIVED 	From 2		ACK 	Size 24	  Sequence Number 8	(6756450 us)

                        RTT : 13950 us

[Central]  RECEIVED 	From 1		Data "	Size 24	  Sequence Number 8	(6944500 us)
[Central]  SENDING 		To 1	ACK 	Size 24	  Sequence Number 8	(6944500 us)

                RTT : 404 ms



[Local]   SENDING 		To 2	Data $	Size 24	  Sequence Number 9	(7146500 us)
[Central]  RECEIVED 	From 1		Data $	Size 24	  Sequence Number 9	(7348500 us)
[Central]  SENDING 		To 1	ACK 	Size 24	  Sequence Number 9	(7348500 us)

##### TIMEOUT 7536550 us ############
##### resend packet with SN : 9 #####


[Local]   SENDING 		To 2	Data $	Size 24	  Sequence Number 9	(7536550 us)
[Local]   RECEIVED 	From 2		ACK 	Size 24	  Sequence Number 9	(7550500 us)

                        RTT : 13950 us

[Central]  RECEIVED 	From 1		Data $	Size 24	  Sequence Number 9	(7738550 us)
[Central]  SENDING 		To 1	ACK 	Size 24	  Sequence Number 9	(7738550 us)

                RTT : 404 ms



[Local]   SENDING 		To 2	Data #	Size 24	  Sequence Number 10	(7940550 us)

Info: /OSCI/SystemC: Simulation stopped by user.
